[2024-04-01T14:01:13.453+0000] {processor.py:157} INFO - Started process (PID=65) to work on /home/airflow/.local/lib/python3.10/site-packages/airflow/example_dags/example_branch_datetime_operator.py
[2024-04-01T14:01:13.454+0000] {processor.py:829} INFO - Processing file /home/airflow/.local/lib/python3.10/site-packages/airflow/example_dags/example_branch_datetime_operator.py for tasks to queue
[2024-04-01T14:01:13.455+0000] {logging_mixin.py:154} INFO - [2024-04-01T14:01:13.455+0000] {dagbag.py:536} INFO - Filling up the DagBag from /home/airflow/.local/lib/python3.10/site-packages/airflow/example_dags/example_branch_datetime_operator.py
[2024-04-01T14:01:13.461+0000] {processor.py:839} INFO - DAG(s) dict_keys(['example_branch_datetime_operator', 'example_branch_datetime_operator_2', 'example_branch_datetime_operator_3']) retrieved from /home/airflow/.local/lib/python3.10/site-packages/airflow/example_dags/example_branch_datetime_operator.py
[2024-04-01T14:01:13.470+0000] {logging_mixin.py:154} INFO - [2024-04-01T14:01:13.469+0000] {dag.py:2941} INFO - Sync 3 DAGs
[2024-04-01T14:01:13.485+0000] {logging_mixin.py:154} INFO - [2024-04-01T14:01:13.484+0000] {dag.py:3722} INFO - Setting next_dagrun for example_branch_datetime_operator to 2024-03-31T00:00:00+00:00, run_after=2024-04-01T00:00:00+00:00
[2024-04-01T14:01:13.488+0000] {logging_mixin.py:154} INFO - [2024-04-01T14:01:13.488+0000] {dag.py:3722} INFO - Setting next_dagrun for example_branch_datetime_operator_2 to 2024-03-31T00:00:00+00:00, run_after=2024-04-01T00:00:00+00:00
[2024-04-01T14:01:13.490+0000] {logging_mixin.py:154} INFO - [2024-04-01T14:01:13.490+0000] {dag.py:3722} INFO - Setting next_dagrun for example_branch_datetime_operator_3 to 2024-03-31T00:00:00+00:00, run_after=2024-04-01T00:00:00+00:00
[2024-04-01T14:01:13.500+0000] {processor.py:179} INFO - Processing /home/airflow/.local/lib/python3.10/site-packages/airflow/example_dags/example_branch_datetime_operator.py took 0.049 seconds
[2024-04-01T14:01:44.024+0000] {processor.py:157} INFO - Started process (PID=119) to work on /home/airflow/.local/lib/python3.10/site-packages/airflow/example_dags/example_branch_datetime_operator.py
[2024-04-01T14:01:44.025+0000] {processor.py:829} INFO - Processing file /home/airflow/.local/lib/python3.10/site-packages/airflow/example_dags/example_branch_datetime_operator.py for tasks to queue
[2024-04-01T14:01:44.026+0000] {logging_mixin.py:154} INFO - [2024-04-01T14:01:44.026+0000] {dagbag.py:536} INFO - Filling up the DagBag from /home/airflow/.local/lib/python3.10/site-packages/airflow/example_dags/example_branch_datetime_operator.py
[2024-04-01T14:01:44.031+0000] {processor.py:839} INFO - DAG(s) dict_keys(['example_branch_datetime_operator', 'example_branch_datetime_operator_3', 'example_branch_datetime_operator_2']) retrieved from /home/airflow/.local/lib/python3.10/site-packages/airflow/example_dags/example_branch_datetime_operator.py
[2024-04-01T14:01:44.047+0000] {logging_mixin.py:154} INFO - [2024-04-01T14:01:44.047+0000] {dag.py:2941} INFO - Sync 3 DAGs
[2024-04-01T14:01:44.060+0000] {logging_mixin.py:154} INFO - [2024-04-01T14:01:44.060+0000] {dag.py:3722} INFO - Setting next_dagrun for example_branch_datetime_operator to 2024-03-31T00:00:00+00:00, run_after=2024-04-01T00:00:00+00:00
[2024-04-01T14:01:44.062+0000] {logging_mixin.py:154} INFO - [2024-04-01T14:01:44.062+0000] {dag.py:3722} INFO - Setting next_dagrun for example_branch_datetime_operator_2 to 2024-03-31T00:00:00+00:00, run_after=2024-04-01T00:00:00+00:00
[2024-04-01T14:01:44.063+0000] {logging_mixin.py:154} INFO - [2024-04-01T14:01:44.063+0000] {dag.py:3722} INFO - Setting next_dagrun for example_branch_datetime_operator_3 to 2024-03-31T00:00:00+00:00, run_after=2024-04-01T00:00:00+00:00
[2024-04-01T14:01:44.071+0000] {processor.py:179} INFO - Processing /home/airflow/.local/lib/python3.10/site-packages/airflow/example_dags/example_branch_datetime_operator.py took 0.049 seconds
[2024-04-01T14:02:14.586+0000] {processor.py:157} INFO - Started process (PID=173) to work on /home/airflow/.local/lib/python3.10/site-packages/airflow/example_dags/example_branch_datetime_operator.py
[2024-04-01T14:02:14.587+0000] {processor.py:829} INFO - Processing file /home/airflow/.local/lib/python3.10/site-packages/airflow/example_dags/example_branch_datetime_operator.py for tasks to queue
[2024-04-01T14:02:14.588+0000] {logging_mixin.py:154} INFO - [2024-04-01T14:02:14.587+0000] {dagbag.py:536} INFO - Filling up the DagBag from /home/airflow/.local/lib/python3.10/site-packages/airflow/example_dags/example_branch_datetime_operator.py
[2024-04-01T14:02:14.593+0000] {processor.py:839} INFO - DAG(s) dict_keys(['example_branch_datetime_operator_2', 'example_branch_datetime_operator_3', 'example_branch_datetime_operator']) retrieved from /home/airflow/.local/lib/python3.10/site-packages/airflow/example_dags/example_branch_datetime_operator.py
[2024-04-01T14:02:14.608+0000] {logging_mixin.py:154} INFO - [2024-04-01T14:02:14.608+0000] {dag.py:2941} INFO - Sync 3 DAGs
[2024-04-01T14:02:14.620+0000] {logging_mixin.py:154} INFO - [2024-04-01T14:02:14.620+0000] {dag.py:3722} INFO - Setting next_dagrun for example_branch_datetime_operator to 2024-03-31T00:00:00+00:00, run_after=2024-04-01T00:00:00+00:00
[2024-04-01T14:02:14.623+0000] {logging_mixin.py:154} INFO - [2024-04-01T14:02:14.623+0000] {dag.py:3722} INFO - Setting next_dagrun for example_branch_datetime_operator_2 to 2024-03-31T00:00:00+00:00, run_after=2024-04-01T00:00:00+00:00
[2024-04-01T14:02:14.624+0000] {logging_mixin.py:154} INFO - [2024-04-01T14:02:14.624+0000] {dag.py:3722} INFO - Setting next_dagrun for example_branch_datetime_operator_3 to 2024-03-31T00:00:00+00:00, run_after=2024-04-01T00:00:00+00:00
[2024-04-01T14:02:14.632+0000] {processor.py:179} INFO - Processing /home/airflow/.local/lib/python3.10/site-packages/airflow/example_dags/example_branch_datetime_operator.py took 0.047 seconds
[2024-04-01T14:02:45.172+0000] {processor.py:157} INFO - Started process (PID=227) to work on /home/airflow/.local/lib/python3.10/site-packages/airflow/example_dags/example_branch_datetime_operator.py
[2024-04-01T14:02:45.173+0000] {processor.py:829} INFO - Processing file /home/airflow/.local/lib/python3.10/site-packages/airflow/example_dags/example_branch_datetime_operator.py for tasks to queue
[2024-04-01T14:02:45.174+0000] {logging_mixin.py:154} INFO - [2024-04-01T14:02:45.174+0000] {dagbag.py:536} INFO - Filling up the DagBag from /home/airflow/.local/lib/python3.10/site-packages/airflow/example_dags/example_branch_datetime_operator.py
[2024-04-01T14:02:45.179+0000] {processor.py:839} INFO - DAG(s) dict_keys(['example_branch_datetime_operator_2', 'example_branch_datetime_operator', 'example_branch_datetime_operator_3']) retrieved from /home/airflow/.local/lib/python3.10/site-packages/airflow/example_dags/example_branch_datetime_operator.py
[2024-04-01T14:02:45.195+0000] {logging_mixin.py:154} INFO - [2024-04-01T14:02:45.195+0000] {dag.py:2941} INFO - Sync 3 DAGs
[2024-04-01T14:02:45.207+0000] {logging_mixin.py:154} INFO - [2024-04-01T14:02:45.207+0000] {dag.py:3722} INFO - Setting next_dagrun for example_branch_datetime_operator to 2024-03-31T00:00:00+00:00, run_after=2024-04-01T00:00:00+00:00
[2024-04-01T14:02:45.210+0000] {logging_mixin.py:154} INFO - [2024-04-01T14:02:45.210+0000] {dag.py:3722} INFO - Setting next_dagrun for example_branch_datetime_operator_2 to 2024-03-31T00:00:00+00:00, run_after=2024-04-01T00:00:00+00:00
[2024-04-01T14:02:45.211+0000] {logging_mixin.py:154} INFO - [2024-04-01T14:02:45.211+0000] {dag.py:3722} INFO - Setting next_dagrun for example_branch_datetime_operator_3 to 2024-03-31T00:00:00+00:00, run_after=2024-04-01T00:00:00+00:00
[2024-04-01T14:02:45.218+0000] {processor.py:179} INFO - Processing /home/airflow/.local/lib/python3.10/site-packages/airflow/example_dags/example_branch_datetime_operator.py took 0.048 seconds
[2024-04-01T14:03:15.839+0000] {processor.py:157} INFO - Started process (PID=281) to work on /home/airflow/.local/lib/python3.10/site-packages/airflow/example_dags/example_branch_datetime_operator.py
[2024-04-01T14:03:15.840+0000] {processor.py:829} INFO - Processing file /home/airflow/.local/lib/python3.10/site-packages/airflow/example_dags/example_branch_datetime_operator.py for tasks to queue
[2024-04-01T14:03:15.841+0000] {logging_mixin.py:154} INFO - [2024-04-01T14:03:15.841+0000] {dagbag.py:536} INFO - Filling up the DagBag from /home/airflow/.local/lib/python3.10/site-packages/airflow/example_dags/example_branch_datetime_operator.py
[2024-04-01T14:03:15.847+0000] {processor.py:839} INFO - DAG(s) dict_keys(['example_branch_datetime_operator_2', 'example_branch_datetime_operator_3', 'example_branch_datetime_operator']) retrieved from /home/airflow/.local/lib/python3.10/site-packages/airflow/example_dags/example_branch_datetime_operator.py
[2024-04-01T14:03:15.862+0000] {logging_mixin.py:154} INFO - [2024-04-01T14:03:15.862+0000] {dag.py:2941} INFO - Sync 3 DAGs
[2024-04-01T14:03:15.874+0000] {logging_mixin.py:154} INFO - [2024-04-01T14:03:15.874+0000] {dag.py:3722} INFO - Setting next_dagrun for example_branch_datetime_operator to 2024-03-31T00:00:00+00:00, run_after=2024-04-01T00:00:00+00:00
[2024-04-01T14:03:15.877+0000] {logging_mixin.py:154} INFO - [2024-04-01T14:03:15.877+0000] {dag.py:3722} INFO - Setting next_dagrun for example_branch_datetime_operator_2 to 2024-03-31T00:00:00+00:00, run_after=2024-04-01T00:00:00+00:00
[2024-04-01T14:03:15.878+0000] {logging_mixin.py:154} INFO - [2024-04-01T14:03:15.878+0000] {dag.py:3722} INFO - Setting next_dagrun for example_branch_datetime_operator_3 to 2024-03-31T00:00:00+00:00, run_after=2024-04-01T00:00:00+00:00
[2024-04-01T14:03:15.886+0000] {processor.py:179} INFO - Processing /home/airflow/.local/lib/python3.10/site-packages/airflow/example_dags/example_branch_datetime_operator.py took 0.049 seconds
[2024-04-01T14:03:46.606+0000] {processor.py:157} INFO - Started process (PID=335) to work on /home/airflow/.local/lib/python3.10/site-packages/airflow/example_dags/example_branch_datetime_operator.py
[2024-04-01T14:03:46.606+0000] {processor.py:829} INFO - Processing file /home/airflow/.local/lib/python3.10/site-packages/airflow/example_dags/example_branch_datetime_operator.py for tasks to queue
[2024-04-01T14:03:46.607+0000] {logging_mixin.py:154} INFO - [2024-04-01T14:03:46.607+0000] {dagbag.py:536} INFO - Filling up the DagBag from /home/airflow/.local/lib/python3.10/site-packages/airflow/example_dags/example_branch_datetime_operator.py
[2024-04-01T14:03:46.613+0000] {processor.py:839} INFO - DAG(s) dict_keys(['example_branch_datetime_operator_2', 'example_branch_datetime_operator', 'example_branch_datetime_operator_3']) retrieved from /home/airflow/.local/lib/python3.10/site-packages/airflow/example_dags/example_branch_datetime_operator.py
[2024-04-01T14:03:46.628+0000] {logging_mixin.py:154} INFO - [2024-04-01T14:03:46.628+0000] {dag.py:2941} INFO - Sync 3 DAGs
[2024-04-01T14:03:46.641+0000] {logging_mixin.py:154} INFO - [2024-04-01T14:03:46.641+0000] {dag.py:3722} INFO - Setting next_dagrun for example_branch_datetime_operator to 2024-03-31T00:00:00+00:00, run_after=2024-04-01T00:00:00+00:00
[2024-04-01T14:03:46.644+0000] {logging_mixin.py:154} INFO - [2024-04-01T14:03:46.644+0000] {dag.py:3722} INFO - Setting next_dagrun for example_branch_datetime_operator_2 to 2024-03-31T00:00:00+00:00, run_after=2024-04-01T00:00:00+00:00
[2024-04-01T14:03:46.645+0000] {logging_mixin.py:154} INFO - [2024-04-01T14:03:46.645+0000] {dag.py:3722} INFO - Setting next_dagrun for example_branch_datetime_operator_3 to 2024-03-31T00:00:00+00:00, run_after=2024-04-01T00:00:00+00:00
[2024-04-01T14:03:46.652+0000] {processor.py:179} INFO - Processing /home/airflow/.local/lib/python3.10/site-packages/airflow/example_dags/example_branch_datetime_operator.py took 0.049 seconds
[2024-04-01T14:04:17.356+0000] {processor.py:157} INFO - Started process (PID=389) to work on /home/airflow/.local/lib/python3.10/site-packages/airflow/example_dags/example_branch_datetime_operator.py
[2024-04-01T14:04:17.356+0000] {processor.py:829} INFO - Processing file /home/airflow/.local/lib/python3.10/site-packages/airflow/example_dags/example_branch_datetime_operator.py for tasks to queue
[2024-04-01T14:04:17.358+0000] {logging_mixin.py:154} INFO - [2024-04-01T14:04:17.357+0000] {dagbag.py:536} INFO - Filling up the DagBag from /home/airflow/.local/lib/python3.10/site-packages/airflow/example_dags/example_branch_datetime_operator.py
[2024-04-01T14:04:17.363+0000] {processor.py:839} INFO - DAG(s) dict_keys(['example_branch_datetime_operator', 'example_branch_datetime_operator_3', 'example_branch_datetime_operator_2']) retrieved from /home/airflow/.local/lib/python3.10/site-packages/airflow/example_dags/example_branch_datetime_operator.py
[2024-04-01T14:04:17.379+0000] {logging_mixin.py:154} INFO - [2024-04-01T14:04:17.379+0000] {dag.py:2941} INFO - Sync 3 DAGs
[2024-04-01T14:04:17.391+0000] {logging_mixin.py:154} INFO - [2024-04-01T14:04:17.391+0000] {dag.py:3722} INFO - Setting next_dagrun for example_branch_datetime_operator to 2024-03-31T00:00:00+00:00, run_after=2024-04-01T00:00:00+00:00
[2024-04-01T14:04:17.394+0000] {logging_mixin.py:154} INFO - [2024-04-01T14:04:17.393+0000] {dag.py:3722} INFO - Setting next_dagrun for example_branch_datetime_operator_2 to 2024-03-31T00:00:00+00:00, run_after=2024-04-01T00:00:00+00:00
[2024-04-01T14:04:17.395+0000] {logging_mixin.py:154} INFO - [2024-04-01T14:04:17.395+0000] {dag.py:3722} INFO - Setting next_dagrun for example_branch_datetime_operator_3 to 2024-03-31T00:00:00+00:00, run_after=2024-04-01T00:00:00+00:00
[2024-04-01T14:04:17.402+0000] {processor.py:179} INFO - Processing /home/airflow/.local/lib/python3.10/site-packages/airflow/example_dags/example_branch_datetime_operator.py took 0.049 seconds
[2024-04-01T14:04:48.014+0000] {processor.py:157} INFO - Started process (PID=443) to work on /home/airflow/.local/lib/python3.10/site-packages/airflow/example_dags/example_branch_datetime_operator.py
[2024-04-01T14:04:48.015+0000] {processor.py:829} INFO - Processing file /home/airflow/.local/lib/python3.10/site-packages/airflow/example_dags/example_branch_datetime_operator.py for tasks to queue
[2024-04-01T14:04:48.016+0000] {logging_mixin.py:154} INFO - [2024-04-01T14:04:48.016+0000] {dagbag.py:536} INFO - Filling up the DagBag from /home/airflow/.local/lib/python3.10/site-packages/airflow/example_dags/example_branch_datetime_operator.py
[2024-04-01T14:04:48.022+0000] {processor.py:839} INFO - DAG(s) dict_keys(['example_branch_datetime_operator_3', 'example_branch_datetime_operator_2', 'example_branch_datetime_operator']) retrieved from /home/airflow/.local/lib/python3.10/site-packages/airflow/example_dags/example_branch_datetime_operator.py
[2024-04-01T14:04:48.038+0000] {logging_mixin.py:154} INFO - [2024-04-01T14:04:48.038+0000] {dag.py:2941} INFO - Sync 3 DAGs
[2024-04-01T14:04:48.051+0000] {logging_mixin.py:154} INFO - [2024-04-01T14:04:48.051+0000] {dag.py:3722} INFO - Setting next_dagrun for example_branch_datetime_operator to 2024-03-31T00:00:00+00:00, run_after=2024-04-01T00:00:00+00:00
[2024-04-01T14:04:48.054+0000] {logging_mixin.py:154} INFO - [2024-04-01T14:04:48.054+0000] {dag.py:3722} INFO - Setting next_dagrun for example_branch_datetime_operator_2 to 2024-03-31T00:00:00+00:00, run_after=2024-04-01T00:00:00+00:00
[2024-04-01T14:04:48.055+0000] {logging_mixin.py:154} INFO - [2024-04-01T14:04:48.055+0000] {dag.py:3722} INFO - Setting next_dagrun for example_branch_datetime_operator_3 to 2024-03-31T00:00:00+00:00, run_after=2024-04-01T00:00:00+00:00
[2024-04-01T14:04:48.063+0000] {processor.py:179} INFO - Processing /home/airflow/.local/lib/python3.10/site-packages/airflow/example_dags/example_branch_datetime_operator.py took 0.051 seconds
[2024-04-01T14:05:18.609+0000] {processor.py:157} INFO - Started process (PID=497) to work on /home/airflow/.local/lib/python3.10/site-packages/airflow/example_dags/example_branch_datetime_operator.py
[2024-04-01T14:05:18.609+0000] {processor.py:829} INFO - Processing file /home/airflow/.local/lib/python3.10/site-packages/airflow/example_dags/example_branch_datetime_operator.py for tasks to queue
[2024-04-01T14:05:18.611+0000] {logging_mixin.py:154} INFO - [2024-04-01T14:05:18.610+0000] {dagbag.py:536} INFO - Filling up the DagBag from /home/airflow/.local/lib/python3.10/site-packages/airflow/example_dags/example_branch_datetime_operator.py
[2024-04-01T14:05:18.616+0000] {processor.py:839} INFO - DAG(s) dict_keys(['example_branch_datetime_operator_2', 'example_branch_datetime_operator_3', 'example_branch_datetime_operator']) retrieved from /home/airflow/.local/lib/python3.10/site-packages/airflow/example_dags/example_branch_datetime_operator.py
[2024-04-01T14:05:18.633+0000] {logging_mixin.py:154} INFO - [2024-04-01T14:05:18.633+0000] {dag.py:2941} INFO - Sync 3 DAGs
[2024-04-01T14:05:18.647+0000] {logging_mixin.py:154} INFO - [2024-04-01T14:05:18.647+0000] {dag.py:3722} INFO - Setting next_dagrun for example_branch_datetime_operator to 2024-03-31T00:00:00+00:00, run_after=2024-04-01T00:00:00+00:00
[2024-04-01T14:05:18.650+0000] {logging_mixin.py:154} INFO - [2024-04-01T14:05:18.650+0000] {dag.py:3722} INFO - Setting next_dagrun for example_branch_datetime_operator_2 to 2024-03-31T00:00:00+00:00, run_after=2024-04-01T00:00:00+00:00
[2024-04-01T14:05:18.651+0000] {logging_mixin.py:154} INFO - [2024-04-01T14:05:18.651+0000] {dag.py:3722} INFO - Setting next_dagrun for example_branch_datetime_operator_3 to 2024-03-31T00:00:00+00:00, run_after=2024-04-01T00:00:00+00:00
[2024-04-01T14:05:18.658+0000] {processor.py:179} INFO - Processing /home/airflow/.local/lib/python3.10/site-packages/airflow/example_dags/example_branch_datetime_operator.py took 0.052 seconds
[2024-04-01T14:05:49.328+0000] {processor.py:157} INFO - Started process (PID=551) to work on /home/airflow/.local/lib/python3.10/site-packages/airflow/example_dags/example_branch_datetime_operator.py
[2024-04-01T14:05:49.328+0000] {processor.py:829} INFO - Processing file /home/airflow/.local/lib/python3.10/site-packages/airflow/example_dags/example_branch_datetime_operator.py for tasks to queue
[2024-04-01T14:05:49.329+0000] {logging_mixin.py:154} INFO - [2024-04-01T14:05:49.329+0000] {dagbag.py:536} INFO - Filling up the DagBag from /home/airflow/.local/lib/python3.10/site-packages/airflow/example_dags/example_branch_datetime_operator.py
[2024-04-01T14:05:49.335+0000] {processor.py:839} INFO - DAG(s) dict_keys(['example_branch_datetime_operator_3', 'example_branch_datetime_operator', 'example_branch_datetime_operator_2']) retrieved from /home/airflow/.local/lib/python3.10/site-packages/airflow/example_dags/example_branch_datetime_operator.py
[2024-04-01T14:05:49.351+0000] {logging_mixin.py:154} INFO - [2024-04-01T14:05:49.351+0000] {dag.py:2941} INFO - Sync 3 DAGs
[2024-04-01T14:05:49.365+0000] {logging_mixin.py:154} INFO - [2024-04-01T14:05:49.364+0000] {dag.py:3722} INFO - Setting next_dagrun for example_branch_datetime_operator to 2024-03-31T00:00:00+00:00, run_after=2024-04-01T00:00:00+00:00
[2024-04-01T14:05:49.367+0000] {logging_mixin.py:154} INFO - [2024-04-01T14:05:49.367+0000] {dag.py:3722} INFO - Setting next_dagrun for example_branch_datetime_operator_2 to 2024-03-31T00:00:00+00:00, run_after=2024-04-01T00:00:00+00:00
[2024-04-01T14:05:49.368+0000] {logging_mixin.py:154} INFO - [2024-04-01T14:05:49.368+0000] {dag.py:3722} INFO - Setting next_dagrun for example_branch_datetime_operator_3 to 2024-03-31T00:00:00+00:00, run_after=2024-04-01T00:00:00+00:00
[2024-04-01T14:05:49.376+0000] {processor.py:179} INFO - Processing /home/airflow/.local/lib/python3.10/site-packages/airflow/example_dags/example_branch_datetime_operator.py took 0.051 seconds
[2024-04-01T14:06:19.987+0000] {processor.py:157} INFO - Started process (PID=605) to work on /home/airflow/.local/lib/python3.10/site-packages/airflow/example_dags/example_branch_datetime_operator.py
[2024-04-01T14:06:19.988+0000] {processor.py:829} INFO - Processing file /home/airflow/.local/lib/python3.10/site-packages/airflow/example_dags/example_branch_datetime_operator.py for tasks to queue
[2024-04-01T14:06:19.989+0000] {logging_mixin.py:154} INFO - [2024-04-01T14:06:19.989+0000] {dagbag.py:536} INFO - Filling up the DagBag from /home/airflow/.local/lib/python3.10/site-packages/airflow/example_dags/example_branch_datetime_operator.py
[2024-04-01T14:06:19.995+0000] {processor.py:839} INFO - DAG(s) dict_keys(['example_branch_datetime_operator', 'example_branch_datetime_operator_2', 'example_branch_datetime_operator_3']) retrieved from /home/airflow/.local/lib/python3.10/site-packages/airflow/example_dags/example_branch_datetime_operator.py
[2024-04-01T14:06:20.009+0000] {logging_mixin.py:154} INFO - [2024-04-01T14:06:20.009+0000] {dag.py:2941} INFO - Sync 3 DAGs
[2024-04-01T14:06:20.022+0000] {logging_mixin.py:154} INFO - [2024-04-01T14:06:20.021+0000] {dag.py:3722} INFO - Setting next_dagrun for example_branch_datetime_operator to 2024-03-31T00:00:00+00:00, run_after=2024-04-01T00:00:00+00:00
[2024-04-01T14:06:20.024+0000] {logging_mixin.py:154} INFO - [2024-04-01T14:06:20.024+0000] {dag.py:3722} INFO - Setting next_dagrun for example_branch_datetime_operator_2 to 2024-03-31T00:00:00+00:00, run_after=2024-04-01T00:00:00+00:00
[2024-04-01T14:06:20.025+0000] {logging_mixin.py:154} INFO - [2024-04-01T14:06:20.025+0000] {dag.py:3722} INFO - Setting next_dagrun for example_branch_datetime_operator_3 to 2024-03-31T00:00:00+00:00, run_after=2024-04-01T00:00:00+00:00
[2024-04-01T14:06:20.033+0000] {processor.py:179} INFO - Processing /home/airflow/.local/lib/python3.10/site-packages/airflow/example_dags/example_branch_datetime_operator.py took 0.047 seconds
[2024-04-01T14:06:50.660+0000] {processor.py:157} INFO - Started process (PID=659) to work on /home/airflow/.local/lib/python3.10/site-packages/airflow/example_dags/example_branch_datetime_operator.py
[2024-04-01T14:06:50.660+0000] {processor.py:829} INFO - Processing file /home/airflow/.local/lib/python3.10/site-packages/airflow/example_dags/example_branch_datetime_operator.py for tasks to queue
[2024-04-01T14:06:50.661+0000] {logging_mixin.py:154} INFO - [2024-04-01T14:06:50.661+0000] {dagbag.py:536} INFO - Filling up the DagBag from /home/airflow/.local/lib/python3.10/site-packages/airflow/example_dags/example_branch_datetime_operator.py
[2024-04-01T14:06:50.667+0000] {processor.py:839} INFO - DAG(s) dict_keys(['example_branch_datetime_operator_3', 'example_branch_datetime_operator', 'example_branch_datetime_operator_2']) retrieved from /home/airflow/.local/lib/python3.10/site-packages/airflow/example_dags/example_branch_datetime_operator.py
[2024-04-01T14:06:50.682+0000] {logging_mixin.py:154} INFO - [2024-04-01T14:06:50.682+0000] {dag.py:2941} INFO - Sync 3 DAGs
[2024-04-01T14:06:50.695+0000] {logging_mixin.py:154} INFO - [2024-04-01T14:06:50.695+0000] {dag.py:3722} INFO - Setting next_dagrun for example_branch_datetime_operator to 2024-03-31T00:00:00+00:00, run_after=2024-04-01T00:00:00+00:00
[2024-04-01T14:06:50.697+0000] {logging_mixin.py:154} INFO - [2024-04-01T14:06:50.697+0000] {dag.py:3722} INFO - Setting next_dagrun for example_branch_datetime_operator_2 to 2024-03-31T00:00:00+00:00, run_after=2024-04-01T00:00:00+00:00
[2024-04-01T14:06:50.699+0000] {logging_mixin.py:154} INFO - [2024-04-01T14:06:50.699+0000] {dag.py:3722} INFO - Setting next_dagrun for example_branch_datetime_operator_3 to 2024-03-31T00:00:00+00:00, run_after=2024-04-01T00:00:00+00:00
[2024-04-01T14:06:50.706+0000] {processor.py:179} INFO - Processing /home/airflow/.local/lib/python3.10/site-packages/airflow/example_dags/example_branch_datetime_operator.py took 0.048 seconds
[2024-04-01T14:07:21.380+0000] {processor.py:157} INFO - Started process (PID=713) to work on /home/airflow/.local/lib/python3.10/site-packages/airflow/example_dags/example_branch_datetime_operator.py
[2024-04-01T14:07:21.380+0000] {processor.py:829} INFO - Processing file /home/airflow/.local/lib/python3.10/site-packages/airflow/example_dags/example_branch_datetime_operator.py for tasks to queue
[2024-04-01T14:07:21.381+0000] {logging_mixin.py:154} INFO - [2024-04-01T14:07:21.381+0000] {dagbag.py:536} INFO - Filling up the DagBag from /home/airflow/.local/lib/python3.10/site-packages/airflow/example_dags/example_branch_datetime_operator.py
[2024-04-01T14:07:21.388+0000] {processor.py:839} INFO - DAG(s) dict_keys(['example_branch_datetime_operator_2', 'example_branch_datetime_operator', 'example_branch_datetime_operator_3']) retrieved from /home/airflow/.local/lib/python3.10/site-packages/airflow/example_dags/example_branch_datetime_operator.py
[2024-04-01T14:07:21.403+0000] {logging_mixin.py:154} INFO - [2024-04-01T14:07:21.403+0000] {dag.py:2941} INFO - Sync 3 DAGs
[2024-04-01T14:07:21.417+0000] {logging_mixin.py:154} INFO - [2024-04-01T14:07:21.417+0000] {dag.py:3722} INFO - Setting next_dagrun for example_branch_datetime_operator to 2024-03-31T00:00:00+00:00, run_after=2024-04-01T00:00:00+00:00
[2024-04-01T14:07:21.419+0000] {logging_mixin.py:154} INFO - [2024-04-01T14:07:21.419+0000] {dag.py:3722} INFO - Setting next_dagrun for example_branch_datetime_operator_2 to 2024-03-31T00:00:00+00:00, run_after=2024-04-01T00:00:00+00:00
[2024-04-01T14:07:21.421+0000] {logging_mixin.py:154} INFO - [2024-04-01T14:07:21.421+0000] {dag.py:3722} INFO - Setting next_dagrun for example_branch_datetime_operator_3 to 2024-03-31T00:00:00+00:00, run_after=2024-04-01T00:00:00+00:00
[2024-04-01T14:07:21.430+0000] {processor.py:179} INFO - Processing /home/airflow/.local/lib/python3.10/site-packages/airflow/example_dags/example_branch_datetime_operator.py took 0.052 seconds
[2024-04-01T14:07:51.961+0000] {processor.py:157} INFO - Started process (PID=767) to work on /home/airflow/.local/lib/python3.10/site-packages/airflow/example_dags/example_branch_datetime_operator.py
[2024-04-01T14:07:51.962+0000] {processor.py:829} INFO - Processing file /home/airflow/.local/lib/python3.10/site-packages/airflow/example_dags/example_branch_datetime_operator.py for tasks to queue
[2024-04-01T14:07:51.963+0000] {logging_mixin.py:154} INFO - [2024-04-01T14:07:51.963+0000] {dagbag.py:536} INFO - Filling up the DagBag from /home/airflow/.local/lib/python3.10/site-packages/airflow/example_dags/example_branch_datetime_operator.py
[2024-04-01T14:07:51.969+0000] {processor.py:839} INFO - DAG(s) dict_keys(['example_branch_datetime_operator_3', 'example_branch_datetime_operator_2', 'example_branch_datetime_operator']) retrieved from /home/airflow/.local/lib/python3.10/site-packages/airflow/example_dags/example_branch_datetime_operator.py
[2024-04-01T14:07:51.984+0000] {logging_mixin.py:154} INFO - [2024-04-01T14:07:51.984+0000] {dag.py:2941} INFO - Sync 3 DAGs
[2024-04-01T14:07:51.998+0000] {logging_mixin.py:154} INFO - [2024-04-01T14:07:51.997+0000] {dag.py:3722} INFO - Setting next_dagrun for example_branch_datetime_operator to 2024-03-31T00:00:00+00:00, run_after=2024-04-01T00:00:00+00:00
[2024-04-01T14:07:52.000+0000] {logging_mixin.py:154} INFO - [2024-04-01T14:07:52.000+0000] {dag.py:3722} INFO - Setting next_dagrun for example_branch_datetime_operator_2 to 2024-03-31T00:00:00+00:00, run_after=2024-04-01T00:00:00+00:00
[2024-04-01T14:07:52.001+0000] {logging_mixin.py:154} INFO - [2024-04-01T14:07:52.001+0000] {dag.py:3722} INFO - Setting next_dagrun for example_branch_datetime_operator_3 to 2024-03-31T00:00:00+00:00, run_after=2024-04-01T00:00:00+00:00
[2024-04-01T14:07:52.009+0000] {processor.py:179} INFO - Processing /home/airflow/.local/lib/python3.10/site-packages/airflow/example_dags/example_branch_datetime_operator.py took 0.050 seconds
[2024-04-01T14:08:22.571+0000] {processor.py:157} INFO - Started process (PID=821) to work on /home/airflow/.local/lib/python3.10/site-packages/airflow/example_dags/example_branch_datetime_operator.py
[2024-04-01T14:08:22.572+0000] {processor.py:829} INFO - Processing file /home/airflow/.local/lib/python3.10/site-packages/airflow/example_dags/example_branch_datetime_operator.py for tasks to queue
[2024-04-01T14:08:22.573+0000] {logging_mixin.py:154} INFO - [2024-04-01T14:08:22.573+0000] {dagbag.py:536} INFO - Filling up the DagBag from /home/airflow/.local/lib/python3.10/site-packages/airflow/example_dags/example_branch_datetime_operator.py
[2024-04-01T14:08:22.579+0000] {processor.py:839} INFO - DAG(s) dict_keys(['example_branch_datetime_operator', 'example_branch_datetime_operator_2', 'example_branch_datetime_operator_3']) retrieved from /home/airflow/.local/lib/python3.10/site-packages/airflow/example_dags/example_branch_datetime_operator.py
[2024-04-01T14:08:22.595+0000] {logging_mixin.py:154} INFO - [2024-04-01T14:08:22.595+0000] {dag.py:2941} INFO - Sync 3 DAGs
[2024-04-01T14:08:22.608+0000] {logging_mixin.py:154} INFO - [2024-04-01T14:08:22.608+0000] {dag.py:3722} INFO - Setting next_dagrun for example_branch_datetime_operator to 2024-03-31T00:00:00+00:00, run_after=2024-04-01T00:00:00+00:00
[2024-04-01T14:08:22.610+0000] {logging_mixin.py:154} INFO - [2024-04-01T14:08:22.610+0000] {dag.py:3722} INFO - Setting next_dagrun for example_branch_datetime_operator_2 to 2024-03-31T00:00:00+00:00, run_after=2024-04-01T00:00:00+00:00
[2024-04-01T14:08:22.612+0000] {logging_mixin.py:154} INFO - [2024-04-01T14:08:22.612+0000] {dag.py:3722} INFO - Setting next_dagrun for example_branch_datetime_operator_3 to 2024-03-31T00:00:00+00:00, run_after=2024-04-01T00:00:00+00:00
[2024-04-01T14:08:22.620+0000] {processor.py:179} INFO - Processing /home/airflow/.local/lib/python3.10/site-packages/airflow/example_dags/example_branch_datetime_operator.py took 0.050 seconds
[2024-04-01T14:08:53.282+0000] {processor.py:157} INFO - Started process (PID=875) to work on /home/airflow/.local/lib/python3.10/site-packages/airflow/example_dags/example_branch_datetime_operator.py
[2024-04-01T14:08:53.282+0000] {processor.py:829} INFO - Processing file /home/airflow/.local/lib/python3.10/site-packages/airflow/example_dags/example_branch_datetime_operator.py for tasks to queue
[2024-04-01T14:08:53.283+0000] {logging_mixin.py:154} INFO - [2024-04-01T14:08:53.283+0000] {dagbag.py:536} INFO - Filling up the DagBag from /home/airflow/.local/lib/python3.10/site-packages/airflow/example_dags/example_branch_datetime_operator.py
[2024-04-01T14:08:53.289+0000] {processor.py:839} INFO - DAG(s) dict_keys(['example_branch_datetime_operator', 'example_branch_datetime_operator_3', 'example_branch_datetime_operator_2']) retrieved from /home/airflow/.local/lib/python3.10/site-packages/airflow/example_dags/example_branch_datetime_operator.py
[2024-04-01T14:08:53.305+0000] {logging_mixin.py:154} INFO - [2024-04-01T14:08:53.305+0000] {dag.py:2941} INFO - Sync 3 DAGs
[2024-04-01T14:08:53.318+0000] {logging_mixin.py:154} INFO - [2024-04-01T14:08:53.318+0000] {dag.py:3722} INFO - Setting next_dagrun for example_branch_datetime_operator to 2024-03-31T00:00:00+00:00, run_after=2024-04-01T00:00:00+00:00
[2024-04-01T14:08:53.321+0000] {logging_mixin.py:154} INFO - [2024-04-01T14:08:53.321+0000] {dag.py:3722} INFO - Setting next_dagrun for example_branch_datetime_operator_2 to 2024-03-31T00:00:00+00:00, run_after=2024-04-01T00:00:00+00:00
[2024-04-01T14:08:53.322+0000] {logging_mixin.py:154} INFO - [2024-04-01T14:08:53.322+0000] {dag.py:3722} INFO - Setting next_dagrun for example_branch_datetime_operator_3 to 2024-03-31T00:00:00+00:00, run_after=2024-04-01T00:00:00+00:00
[2024-04-01T14:08:53.330+0000] {processor.py:179} INFO - Processing /home/airflow/.local/lib/python3.10/site-packages/airflow/example_dags/example_branch_datetime_operator.py took 0.050 seconds
[2024-04-01T14:09:24.046+0000] {processor.py:157} INFO - Started process (PID=929) to work on /home/airflow/.local/lib/python3.10/site-packages/airflow/example_dags/example_branch_datetime_operator.py
[2024-04-01T14:09:24.046+0000] {processor.py:829} INFO - Processing file /home/airflow/.local/lib/python3.10/site-packages/airflow/example_dags/example_branch_datetime_operator.py for tasks to queue
[2024-04-01T14:09:24.048+0000] {logging_mixin.py:154} INFO - [2024-04-01T14:09:24.047+0000] {dagbag.py:536} INFO - Filling up the DagBag from /home/airflow/.local/lib/python3.10/site-packages/airflow/example_dags/example_branch_datetime_operator.py
[2024-04-01T14:09:24.054+0000] {processor.py:839} INFO - DAG(s) dict_keys(['example_branch_datetime_operator_2', 'example_branch_datetime_operator', 'example_branch_datetime_operator_3']) retrieved from /home/airflow/.local/lib/python3.10/site-packages/airflow/example_dags/example_branch_datetime_operator.py
[2024-04-01T14:09:24.069+0000] {logging_mixin.py:154} INFO - [2024-04-01T14:09:24.069+0000] {dag.py:2941} INFO - Sync 3 DAGs
[2024-04-01T14:09:24.084+0000] {logging_mixin.py:154} INFO - [2024-04-01T14:09:24.084+0000] {dag.py:3722} INFO - Setting next_dagrun for example_branch_datetime_operator to 2024-03-31T00:00:00+00:00, run_after=2024-04-01T00:00:00+00:00
[2024-04-01T14:09:24.086+0000] {logging_mixin.py:154} INFO - [2024-04-01T14:09:24.086+0000] {dag.py:3722} INFO - Setting next_dagrun for example_branch_datetime_operator_2 to 2024-03-31T00:00:00+00:00, run_after=2024-04-01T00:00:00+00:00
[2024-04-01T14:09:24.088+0000] {logging_mixin.py:154} INFO - [2024-04-01T14:09:24.088+0000] {dag.py:3722} INFO - Setting next_dagrun for example_branch_datetime_operator_3 to 2024-03-31T00:00:00+00:00, run_after=2024-04-01T00:00:00+00:00
[2024-04-01T14:09:24.097+0000] {processor.py:179} INFO - Processing /home/airflow/.local/lib/python3.10/site-packages/airflow/example_dags/example_branch_datetime_operator.py took 0.053 seconds
[2024-04-01T14:09:54.670+0000] {processor.py:157} INFO - Started process (PID=983) to work on /home/airflow/.local/lib/python3.10/site-packages/airflow/example_dags/example_branch_datetime_operator.py
[2024-04-01T14:09:54.670+0000] {processor.py:829} INFO - Processing file /home/airflow/.local/lib/python3.10/site-packages/airflow/example_dags/example_branch_datetime_operator.py for tasks to queue
[2024-04-01T14:09:54.672+0000] {logging_mixin.py:154} INFO - [2024-04-01T14:09:54.671+0000] {dagbag.py:536} INFO - Filling up the DagBag from /home/airflow/.local/lib/python3.10/site-packages/airflow/example_dags/example_branch_datetime_operator.py
[2024-04-01T14:09:54.678+0000] {processor.py:839} INFO - DAG(s) dict_keys(['example_branch_datetime_operator_3', 'example_branch_datetime_operator', 'example_branch_datetime_operator_2']) retrieved from /home/airflow/.local/lib/python3.10/site-packages/airflow/example_dags/example_branch_datetime_operator.py
[2024-04-01T14:09:54.695+0000] {logging_mixin.py:154} INFO - [2024-04-01T14:09:54.695+0000] {dag.py:2941} INFO - Sync 3 DAGs
[2024-04-01T14:09:54.709+0000] {logging_mixin.py:154} INFO - [2024-04-01T14:09:54.709+0000] {dag.py:3722} INFO - Setting next_dagrun for example_branch_datetime_operator to 2024-03-31T00:00:00+00:00, run_after=2024-04-01T00:00:00+00:00
[2024-04-01T14:09:54.712+0000] {logging_mixin.py:154} INFO - [2024-04-01T14:09:54.712+0000] {dag.py:3722} INFO - Setting next_dagrun for example_branch_datetime_operator_2 to 2024-03-31T00:00:00+00:00, run_after=2024-04-01T00:00:00+00:00
[2024-04-01T14:09:54.713+0000] {logging_mixin.py:154} INFO - [2024-04-01T14:09:54.713+0000] {dag.py:3722} INFO - Setting next_dagrun for example_branch_datetime_operator_3 to 2024-03-31T00:00:00+00:00, run_after=2024-04-01T00:00:00+00:00
[2024-04-01T14:09:54.722+0000] {processor.py:179} INFO - Processing /home/airflow/.local/lib/python3.10/site-packages/airflow/example_dags/example_branch_datetime_operator.py took 0.054 seconds
[2024-04-01T14:10:25.365+0000] {processor.py:157} INFO - Started process (PID=1037) to work on /home/airflow/.local/lib/python3.10/site-packages/airflow/example_dags/example_branch_datetime_operator.py
[2024-04-01T14:10:25.365+0000] {processor.py:829} INFO - Processing file /home/airflow/.local/lib/python3.10/site-packages/airflow/example_dags/example_branch_datetime_operator.py for tasks to queue
[2024-04-01T14:10:25.366+0000] {logging_mixin.py:154} INFO - [2024-04-01T14:10:25.366+0000] {dagbag.py:536} INFO - Filling up the DagBag from /home/airflow/.local/lib/python3.10/site-packages/airflow/example_dags/example_branch_datetime_operator.py
[2024-04-01T14:10:25.372+0000] {processor.py:839} INFO - DAG(s) dict_keys(['example_branch_datetime_operator', 'example_branch_datetime_operator_2', 'example_branch_datetime_operator_3']) retrieved from /home/airflow/.local/lib/python3.10/site-packages/airflow/example_dags/example_branch_datetime_operator.py
[2024-04-01T14:10:25.388+0000] {logging_mixin.py:154} INFO - [2024-04-01T14:10:25.387+0000] {dag.py:2941} INFO - Sync 3 DAGs
[2024-04-01T14:10:25.401+0000] {logging_mixin.py:154} INFO - [2024-04-01T14:10:25.401+0000] {dag.py:3722} INFO - Setting next_dagrun for example_branch_datetime_operator to 2024-03-31T00:00:00+00:00, run_after=2024-04-01T00:00:00+00:00
[2024-04-01T14:10:25.403+0000] {logging_mixin.py:154} INFO - [2024-04-01T14:10:25.403+0000] {dag.py:3722} INFO - Setting next_dagrun for example_branch_datetime_operator_2 to 2024-03-31T00:00:00+00:00, run_after=2024-04-01T00:00:00+00:00
[2024-04-01T14:10:25.405+0000] {logging_mixin.py:154} INFO - [2024-04-01T14:10:25.405+0000] {dag.py:3722} INFO - Setting next_dagrun for example_branch_datetime_operator_3 to 2024-03-31T00:00:00+00:00, run_after=2024-04-01T00:00:00+00:00
[2024-04-01T14:10:25.413+0000] {processor.py:179} INFO - Processing /home/airflow/.local/lib/python3.10/site-packages/airflow/example_dags/example_branch_datetime_operator.py took 0.050 seconds
[2024-04-01T14:10:55.986+0000] {processor.py:157} INFO - Started process (PID=1091) to work on /home/airflow/.local/lib/python3.10/site-packages/airflow/example_dags/example_branch_datetime_operator.py
[2024-04-01T14:10:55.986+0000] {processor.py:829} INFO - Processing file /home/airflow/.local/lib/python3.10/site-packages/airflow/example_dags/example_branch_datetime_operator.py for tasks to queue
[2024-04-01T14:10:55.987+0000] {logging_mixin.py:154} INFO - [2024-04-01T14:10:55.987+0000] {dagbag.py:536} INFO - Filling up the DagBag from /home/airflow/.local/lib/python3.10/site-packages/airflow/example_dags/example_branch_datetime_operator.py
[2024-04-01T14:10:55.993+0000] {processor.py:839} INFO - DAG(s) dict_keys(['example_branch_datetime_operator_2', 'example_branch_datetime_operator', 'example_branch_datetime_operator_3']) retrieved from /home/airflow/.local/lib/python3.10/site-packages/airflow/example_dags/example_branch_datetime_operator.py
[2024-04-01T14:10:56.009+0000] {logging_mixin.py:154} INFO - [2024-04-01T14:10:56.008+0000] {dag.py:2941} INFO - Sync 3 DAGs
[2024-04-01T14:10:56.022+0000] {logging_mixin.py:154} INFO - [2024-04-01T14:10:56.021+0000] {dag.py:3722} INFO - Setting next_dagrun for example_branch_datetime_operator to 2024-03-31T00:00:00+00:00, run_after=2024-04-01T00:00:00+00:00
[2024-04-01T14:10:56.024+0000] {logging_mixin.py:154} INFO - [2024-04-01T14:10:56.024+0000] {dag.py:3722} INFO - Setting next_dagrun for example_branch_datetime_operator_2 to 2024-03-31T00:00:00+00:00, run_after=2024-04-01T00:00:00+00:00
[2024-04-01T14:10:56.025+0000] {logging_mixin.py:154} INFO - [2024-04-01T14:10:56.025+0000] {dag.py:3722} INFO - Setting next_dagrun for example_branch_datetime_operator_3 to 2024-03-31T00:00:00+00:00, run_after=2024-04-01T00:00:00+00:00
[2024-04-01T14:10:56.033+0000] {processor.py:179} INFO - Processing /home/airflow/.local/lib/python3.10/site-packages/airflow/example_dags/example_branch_datetime_operator.py took 0.050 seconds
[2024-04-01T14:11:26.692+0000] {processor.py:157} INFO - Started process (PID=1145) to work on /home/airflow/.local/lib/python3.10/site-packages/airflow/example_dags/example_branch_datetime_operator.py
[2024-04-01T14:11:26.693+0000] {processor.py:829} INFO - Processing file /home/airflow/.local/lib/python3.10/site-packages/airflow/example_dags/example_branch_datetime_operator.py for tasks to queue
[2024-04-01T14:11:26.694+0000] {logging_mixin.py:154} INFO - [2024-04-01T14:11:26.694+0000] {dagbag.py:536} INFO - Filling up the DagBag from /home/airflow/.local/lib/python3.10/site-packages/airflow/example_dags/example_branch_datetime_operator.py
[2024-04-01T14:11:26.700+0000] {processor.py:839} INFO - DAG(s) dict_keys(['example_branch_datetime_operator', 'example_branch_datetime_operator_2', 'example_branch_datetime_operator_3']) retrieved from /home/airflow/.local/lib/python3.10/site-packages/airflow/example_dags/example_branch_datetime_operator.py
[2024-04-01T14:11:26.715+0000] {logging_mixin.py:154} INFO - [2024-04-01T14:11:26.715+0000] {dag.py:2941} INFO - Sync 3 DAGs
[2024-04-01T14:11:26.728+0000] {logging_mixin.py:154} INFO - [2024-04-01T14:11:26.728+0000] {dag.py:3722} INFO - Setting next_dagrun for example_branch_datetime_operator to 2024-03-31T00:00:00+00:00, run_after=2024-04-01T00:00:00+00:00
[2024-04-01T14:11:26.731+0000] {logging_mixin.py:154} INFO - [2024-04-01T14:11:26.731+0000] {dag.py:3722} INFO - Setting next_dagrun for example_branch_datetime_operator_2 to 2024-03-31T00:00:00+00:00, run_after=2024-04-01T00:00:00+00:00
[2024-04-01T14:11:26.732+0000] {logging_mixin.py:154} INFO - [2024-04-01T14:11:26.732+0000] {dag.py:3722} INFO - Setting next_dagrun for example_branch_datetime_operator_3 to 2024-03-31T00:00:00+00:00, run_after=2024-04-01T00:00:00+00:00
[2024-04-01T14:11:26.739+0000] {processor.py:179} INFO - Processing /home/airflow/.local/lib/python3.10/site-packages/airflow/example_dags/example_branch_datetime_operator.py took 0.049 seconds
[2024-04-01T14:11:57.444+0000] {processor.py:157} INFO - Started process (PID=1199) to work on /home/airflow/.local/lib/python3.10/site-packages/airflow/example_dags/example_branch_datetime_operator.py
[2024-04-01T14:11:57.444+0000] {processor.py:829} INFO - Processing file /home/airflow/.local/lib/python3.10/site-packages/airflow/example_dags/example_branch_datetime_operator.py for tasks to queue
[2024-04-01T14:11:57.445+0000] {logging_mixin.py:154} INFO - [2024-04-01T14:11:57.445+0000] {dagbag.py:536} INFO - Filling up the DagBag from /home/airflow/.local/lib/python3.10/site-packages/airflow/example_dags/example_branch_datetime_operator.py
[2024-04-01T14:11:57.451+0000] {processor.py:839} INFO - DAG(s) dict_keys(['example_branch_datetime_operator_2', 'example_branch_datetime_operator_3', 'example_branch_datetime_operator']) retrieved from /home/airflow/.local/lib/python3.10/site-packages/airflow/example_dags/example_branch_datetime_operator.py
[2024-04-01T14:11:57.466+0000] {logging_mixin.py:154} INFO - [2024-04-01T14:11:57.466+0000] {dag.py:2941} INFO - Sync 3 DAGs
[2024-04-01T14:11:57.479+0000] {logging_mixin.py:154} INFO - [2024-04-01T14:11:57.479+0000] {dag.py:3722} INFO - Setting next_dagrun for example_branch_datetime_operator to 2024-03-31T00:00:00+00:00, run_after=2024-04-01T00:00:00+00:00
[2024-04-01T14:11:57.481+0000] {logging_mixin.py:154} INFO - [2024-04-01T14:11:57.481+0000] {dag.py:3722} INFO - Setting next_dagrun for example_branch_datetime_operator_2 to 2024-03-31T00:00:00+00:00, run_after=2024-04-01T00:00:00+00:00
[2024-04-01T14:11:57.483+0000] {logging_mixin.py:154} INFO - [2024-04-01T14:11:57.483+0000] {dag.py:3722} INFO - Setting next_dagrun for example_branch_datetime_operator_3 to 2024-03-31T00:00:00+00:00, run_after=2024-04-01T00:00:00+00:00
[2024-04-01T14:11:57.490+0000] {processor.py:179} INFO - Processing /home/airflow/.local/lib/python3.10/site-packages/airflow/example_dags/example_branch_datetime_operator.py took 0.048 seconds
[2024-04-01T14:12:28.089+0000] {processor.py:157} INFO - Started process (PID=1253) to work on /home/airflow/.local/lib/python3.10/site-packages/airflow/example_dags/example_branch_datetime_operator.py
[2024-04-01T14:12:28.090+0000] {processor.py:829} INFO - Processing file /home/airflow/.local/lib/python3.10/site-packages/airflow/example_dags/example_branch_datetime_operator.py for tasks to queue
[2024-04-01T14:12:28.091+0000] {logging_mixin.py:154} INFO - [2024-04-01T14:12:28.090+0000] {dagbag.py:536} INFO - Filling up the DagBag from /home/airflow/.local/lib/python3.10/site-packages/airflow/example_dags/example_branch_datetime_operator.py
[2024-04-01T14:12:28.097+0000] {processor.py:839} INFO - DAG(s) dict_keys(['example_branch_datetime_operator', 'example_branch_datetime_operator_2', 'example_branch_datetime_operator_3']) retrieved from /home/airflow/.local/lib/python3.10/site-packages/airflow/example_dags/example_branch_datetime_operator.py
[2024-04-01T14:12:28.113+0000] {logging_mixin.py:154} INFO - [2024-04-01T14:12:28.112+0000] {dag.py:2941} INFO - Sync 3 DAGs
[2024-04-01T14:12:28.126+0000] {logging_mixin.py:154} INFO - [2024-04-01T14:12:28.126+0000] {dag.py:3722} INFO - Setting next_dagrun for example_branch_datetime_operator to 2024-03-31T00:00:00+00:00, run_after=2024-04-01T00:00:00+00:00
[2024-04-01T14:12:28.129+0000] {logging_mixin.py:154} INFO - [2024-04-01T14:12:28.129+0000] {dag.py:3722} INFO - Setting next_dagrun for example_branch_datetime_operator_2 to 2024-03-31T00:00:00+00:00, run_after=2024-04-01T00:00:00+00:00
[2024-04-01T14:12:28.130+0000] {logging_mixin.py:154} INFO - [2024-04-01T14:12:28.130+0000] {dag.py:3722} INFO - Setting next_dagrun for example_branch_datetime_operator_3 to 2024-03-31T00:00:00+00:00, run_after=2024-04-01T00:00:00+00:00
[2024-04-01T14:12:28.137+0000] {processor.py:179} INFO - Processing /home/airflow/.local/lib/python3.10/site-packages/airflow/example_dags/example_branch_datetime_operator.py took 0.051 seconds
[2024-04-01T14:12:58.872+0000] {processor.py:157} INFO - Started process (PID=1307) to work on /home/airflow/.local/lib/python3.10/site-packages/airflow/example_dags/example_branch_datetime_operator.py
[2024-04-01T14:12:58.873+0000] {processor.py:829} INFO - Processing file /home/airflow/.local/lib/python3.10/site-packages/airflow/example_dags/example_branch_datetime_operator.py for tasks to queue
[2024-04-01T14:12:58.874+0000] {logging_mixin.py:154} INFO - [2024-04-01T14:12:58.874+0000] {dagbag.py:536} INFO - Filling up the DagBag from /home/airflow/.local/lib/python3.10/site-packages/airflow/example_dags/example_branch_datetime_operator.py
[2024-04-01T14:12:58.880+0000] {processor.py:839} INFO - DAG(s) dict_keys(['example_branch_datetime_operator_2', 'example_branch_datetime_operator_3', 'example_branch_datetime_operator']) retrieved from /home/airflow/.local/lib/python3.10/site-packages/airflow/example_dags/example_branch_datetime_operator.py
[2024-04-01T14:12:58.895+0000] {logging_mixin.py:154} INFO - [2024-04-01T14:12:58.895+0000] {dag.py:2941} INFO - Sync 3 DAGs
[2024-04-01T14:12:58.907+0000] {logging_mixin.py:154} INFO - [2024-04-01T14:12:58.907+0000] {dag.py:3722} INFO - Setting next_dagrun for example_branch_datetime_operator to 2024-03-31T00:00:00+00:00, run_after=2024-04-01T00:00:00+00:00
[2024-04-01T14:12:58.910+0000] {logging_mixin.py:154} INFO - [2024-04-01T14:12:58.910+0000] {dag.py:3722} INFO - Setting next_dagrun for example_branch_datetime_operator_2 to 2024-03-31T00:00:00+00:00, run_after=2024-04-01T00:00:00+00:00
[2024-04-01T14:12:58.911+0000] {logging_mixin.py:154} INFO - [2024-04-01T14:12:58.911+0000] {dag.py:3722} INFO - Setting next_dagrun for example_branch_datetime_operator_3 to 2024-03-31T00:00:00+00:00, run_after=2024-04-01T00:00:00+00:00
[2024-04-01T14:12:58.918+0000] {processor.py:179} INFO - Processing /home/airflow/.local/lib/python3.10/site-packages/airflow/example_dags/example_branch_datetime_operator.py took 0.048 seconds
[2024-04-01T14:13:29.583+0000] {processor.py:157} INFO - Started process (PID=1361) to work on /home/airflow/.local/lib/python3.10/site-packages/airflow/example_dags/example_branch_datetime_operator.py
[2024-04-01T14:13:29.583+0000] {processor.py:829} INFO - Processing file /home/airflow/.local/lib/python3.10/site-packages/airflow/example_dags/example_branch_datetime_operator.py for tasks to queue
[2024-04-01T14:13:29.584+0000] {logging_mixin.py:154} INFO - [2024-04-01T14:13:29.584+0000] {dagbag.py:536} INFO - Filling up the DagBag from /home/airflow/.local/lib/python3.10/site-packages/airflow/example_dags/example_branch_datetime_operator.py
[2024-04-01T14:13:29.590+0000] {processor.py:839} INFO - DAG(s) dict_keys(['example_branch_datetime_operator', 'example_branch_datetime_operator_3', 'example_branch_datetime_operator_2']) retrieved from /home/airflow/.local/lib/python3.10/site-packages/airflow/example_dags/example_branch_datetime_operator.py
[2024-04-01T14:13:29.607+0000] {logging_mixin.py:154} INFO - [2024-04-01T14:13:29.606+0000] {dag.py:2941} INFO - Sync 3 DAGs
[2024-04-01T14:13:29.620+0000] {logging_mixin.py:154} INFO - [2024-04-01T14:13:29.620+0000] {dag.py:3722} INFO - Setting next_dagrun for example_branch_datetime_operator to 2024-03-31T00:00:00+00:00, run_after=2024-04-01T00:00:00+00:00
[2024-04-01T14:13:29.622+0000] {logging_mixin.py:154} INFO - [2024-04-01T14:13:29.622+0000] {dag.py:3722} INFO - Setting next_dagrun for example_branch_datetime_operator_2 to 2024-03-31T00:00:00+00:00, run_after=2024-04-01T00:00:00+00:00
[2024-04-01T14:13:29.624+0000] {logging_mixin.py:154} INFO - [2024-04-01T14:13:29.624+0000] {dag.py:3722} INFO - Setting next_dagrun for example_branch_datetime_operator_3 to 2024-03-31T00:00:00+00:00, run_after=2024-04-01T00:00:00+00:00
[2024-04-01T14:13:29.632+0000] {processor.py:179} INFO - Processing /home/airflow/.local/lib/python3.10/site-packages/airflow/example_dags/example_branch_datetime_operator.py took 0.052 seconds
[2024-04-01T14:14:00.290+0000] {processor.py:157} INFO - Started process (PID=1415) to work on /home/airflow/.local/lib/python3.10/site-packages/airflow/example_dags/example_branch_datetime_operator.py
[2024-04-01T14:14:00.290+0000] {processor.py:829} INFO - Processing file /home/airflow/.local/lib/python3.10/site-packages/airflow/example_dags/example_branch_datetime_operator.py for tasks to queue
[2024-04-01T14:14:00.292+0000] {logging_mixin.py:154} INFO - [2024-04-01T14:14:00.291+0000] {dagbag.py:536} INFO - Filling up the DagBag from /home/airflow/.local/lib/python3.10/site-packages/airflow/example_dags/example_branch_datetime_operator.py
[2024-04-01T14:14:00.298+0000] {processor.py:839} INFO - DAG(s) dict_keys(['example_branch_datetime_operator_3', 'example_branch_datetime_operator', 'example_branch_datetime_operator_2']) retrieved from /home/airflow/.local/lib/python3.10/site-packages/airflow/example_dags/example_branch_datetime_operator.py
[2024-04-01T14:14:00.314+0000] {logging_mixin.py:154} INFO - [2024-04-01T14:14:00.313+0000] {dag.py:2941} INFO - Sync 3 DAGs
[2024-04-01T14:14:00.327+0000] {logging_mixin.py:154} INFO - [2024-04-01T14:14:00.327+0000] {dag.py:3722} INFO - Setting next_dagrun for example_branch_datetime_operator to 2024-03-31T00:00:00+00:00, run_after=2024-04-01T00:00:00+00:00
[2024-04-01T14:14:00.329+0000] {logging_mixin.py:154} INFO - [2024-04-01T14:14:00.329+0000] {dag.py:3722} INFO - Setting next_dagrun for example_branch_datetime_operator_2 to 2024-03-31T00:00:00+00:00, run_after=2024-04-01T00:00:00+00:00
[2024-04-01T14:14:00.331+0000] {logging_mixin.py:154} INFO - [2024-04-01T14:14:00.331+0000] {dag.py:3722} INFO - Setting next_dagrun for example_branch_datetime_operator_3 to 2024-03-31T00:00:00+00:00, run_after=2024-04-01T00:00:00+00:00
[2024-04-01T14:14:00.339+0000] {processor.py:179} INFO - Processing /home/airflow/.local/lib/python3.10/site-packages/airflow/example_dags/example_branch_datetime_operator.py took 0.051 seconds
