[2024-04-01T14:01:13.520+0000] {processor.py:157} INFO - Started process (PID=67) to work on /home/airflow/.local/lib/python3.10/site-packages/airflow/example_dags/example_python_operator.py
[2024-04-01T14:01:13.521+0000] {processor.py:829} INFO - Processing file /home/airflow/.local/lib/python3.10/site-packages/airflow/example_dags/example_python_operator.py for tasks to queue
[2024-04-01T14:01:13.522+0000] {logging_mixin.py:154} INFO - [2024-04-01T14:01:13.522+0000] {dagbag.py:536} INFO - Filling up the DagBag from /home/airflow/.local/lib/python3.10/site-packages/airflow/example_dags/example_python_operator.py
[2024-04-01T14:01:13.531+0000] {processor.py:839} INFO - DAG(s) dict_keys(['example_python_operator']) retrieved from /home/airflow/.local/lib/python3.10/site-packages/airflow/example_dags/example_python_operator.py
[2024-04-01T14:01:13.538+0000] {logging_mixin.py:154} INFO - [2024-04-01T14:01:13.538+0000] {dag.py:2941} INFO - Sync 1 DAGs
[2024-04-01T14:01:13.546+0000] {logging_mixin.py:154} INFO - [2024-04-01T14:01:13.546+0000] {dag.py:3722} INFO - Setting next_dagrun for example_python_operator to None, run_after=None
[2024-04-01T14:01:13.555+0000] {processor.py:179} INFO - Processing /home/airflow/.local/lib/python3.10/site-packages/airflow/example_dags/example_python_operator.py took 0.038 seconds
[2024-04-01T14:01:44.088+0000] {processor.py:157} INFO - Started process (PID=121) to work on /home/airflow/.local/lib/python3.10/site-packages/airflow/example_dags/example_python_operator.py
[2024-04-01T14:01:44.088+0000] {processor.py:829} INFO - Processing file /home/airflow/.local/lib/python3.10/site-packages/airflow/example_dags/example_python_operator.py for tasks to queue
[2024-04-01T14:01:44.089+0000] {logging_mixin.py:154} INFO - [2024-04-01T14:01:44.089+0000] {dagbag.py:536} INFO - Filling up the DagBag from /home/airflow/.local/lib/python3.10/site-packages/airflow/example_dags/example_python_operator.py
[2024-04-01T14:01:44.095+0000] {processor.py:839} INFO - DAG(s) dict_keys(['example_python_operator']) retrieved from /home/airflow/.local/lib/python3.10/site-packages/airflow/example_dags/example_python_operator.py
[2024-04-01T14:01:44.157+0000] {logging_mixin.py:154} INFO - [2024-04-01T14:01:44.157+0000] {dag.py:2941} INFO - Sync 1 DAGs
[2024-04-01T14:01:44.163+0000] {logging_mixin.py:154} INFO - [2024-04-01T14:01:44.163+0000] {dag.py:3722} INFO - Setting next_dagrun for example_python_operator to None, run_after=None
[2024-04-01T14:01:44.173+0000] {processor.py:179} INFO - Processing /home/airflow/.local/lib/python3.10/site-packages/airflow/example_dags/example_python_operator.py took 0.087 seconds
[2024-04-01T14:02:14.682+0000] {processor.py:157} INFO - Started process (PID=176) to work on /home/airflow/.local/lib/python3.10/site-packages/airflow/example_dags/example_python_operator.py
[2024-04-01T14:02:14.683+0000] {processor.py:829} INFO - Processing file /home/airflow/.local/lib/python3.10/site-packages/airflow/example_dags/example_python_operator.py for tasks to queue
[2024-04-01T14:02:14.684+0000] {logging_mixin.py:154} INFO - [2024-04-01T14:02:14.684+0000] {dagbag.py:536} INFO - Filling up the DagBag from /home/airflow/.local/lib/python3.10/site-packages/airflow/example_dags/example_python_operator.py
[2024-04-01T14:02:14.690+0000] {processor.py:839} INFO - DAG(s) dict_keys(['example_python_operator']) retrieved from /home/airflow/.local/lib/python3.10/site-packages/airflow/example_dags/example_python_operator.py
[2024-04-01T14:02:14.703+0000] {logging_mixin.py:154} INFO - [2024-04-01T14:02:14.702+0000] {dag.py:2941} INFO - Sync 1 DAGs
[2024-04-01T14:02:14.710+0000] {logging_mixin.py:154} INFO - [2024-04-01T14:02:14.710+0000] {dag.py:3722} INFO - Setting next_dagrun for example_python_operator to None, run_after=None
[2024-04-01T14:02:14.719+0000] {processor.py:179} INFO - Processing /home/airflow/.local/lib/python3.10/site-packages/airflow/example_dags/example_python_operator.py took 0.038 seconds
[2024-04-01T14:02:45.237+0000] {processor.py:157} INFO - Started process (PID=229) to work on /home/airflow/.local/lib/python3.10/site-packages/airflow/example_dags/example_python_operator.py
[2024-04-01T14:02:45.238+0000] {processor.py:829} INFO - Processing file /home/airflow/.local/lib/python3.10/site-packages/airflow/example_dags/example_python_operator.py for tasks to queue
[2024-04-01T14:02:45.239+0000] {logging_mixin.py:154} INFO - [2024-04-01T14:02:45.238+0000] {dagbag.py:536} INFO - Filling up the DagBag from /home/airflow/.local/lib/python3.10/site-packages/airflow/example_dags/example_python_operator.py
[2024-04-01T14:02:45.244+0000] {processor.py:839} INFO - DAG(s) dict_keys(['example_python_operator']) retrieved from /home/airflow/.local/lib/python3.10/site-packages/airflow/example_dags/example_python_operator.py
[2024-04-01T14:02:45.257+0000] {logging_mixin.py:154} INFO - [2024-04-01T14:02:45.257+0000] {dag.py:2941} INFO - Sync 1 DAGs
[2024-04-01T14:02:45.264+0000] {logging_mixin.py:154} INFO - [2024-04-01T14:02:45.264+0000] {dag.py:3722} INFO - Setting next_dagrun for example_python_operator to None, run_after=None
[2024-04-01T14:02:45.273+0000] {processor.py:179} INFO - Processing /home/airflow/.local/lib/python3.10/site-packages/airflow/example_dags/example_python_operator.py took 0.038 seconds
[2024-04-01T14:03:15.905+0000] {processor.py:157} INFO - Started process (PID=283) to work on /home/airflow/.local/lib/python3.10/site-packages/airflow/example_dags/example_python_operator.py
[2024-04-01T14:03:15.905+0000] {processor.py:829} INFO - Processing file /home/airflow/.local/lib/python3.10/site-packages/airflow/example_dags/example_python_operator.py for tasks to queue
[2024-04-01T14:03:15.906+0000] {logging_mixin.py:154} INFO - [2024-04-01T14:03:15.906+0000] {dagbag.py:536} INFO - Filling up the DagBag from /home/airflow/.local/lib/python3.10/site-packages/airflow/example_dags/example_python_operator.py
[2024-04-01T14:03:15.912+0000] {processor.py:839} INFO - DAG(s) dict_keys(['example_python_operator']) retrieved from /home/airflow/.local/lib/python3.10/site-packages/airflow/example_dags/example_python_operator.py
[2024-04-01T14:03:15.926+0000] {logging_mixin.py:154} INFO - [2024-04-01T14:03:15.926+0000] {dag.py:2941} INFO - Sync 1 DAGs
[2024-04-01T14:03:15.932+0000] {logging_mixin.py:154} INFO - [2024-04-01T14:03:15.932+0000] {dag.py:3722} INFO - Setting next_dagrun for example_python_operator to None, run_after=None
[2024-04-01T14:03:15.941+0000] {processor.py:179} INFO - Processing /home/airflow/.local/lib/python3.10/site-packages/airflow/example_dags/example_python_operator.py took 0.038 seconds
[2024-04-01T14:03:46.675+0000] {processor.py:157} INFO - Started process (PID=337) to work on /home/airflow/.local/lib/python3.10/site-packages/airflow/example_dags/example_python_operator.py
[2024-04-01T14:03:46.675+0000] {processor.py:829} INFO - Processing file /home/airflow/.local/lib/python3.10/site-packages/airflow/example_dags/example_python_operator.py for tasks to queue
[2024-04-01T14:03:46.676+0000] {logging_mixin.py:154} INFO - [2024-04-01T14:03:46.676+0000] {dagbag.py:536} INFO - Filling up the DagBag from /home/airflow/.local/lib/python3.10/site-packages/airflow/example_dags/example_python_operator.py
[2024-04-01T14:03:46.682+0000] {processor.py:839} INFO - DAG(s) dict_keys(['example_python_operator']) retrieved from /home/airflow/.local/lib/python3.10/site-packages/airflow/example_dags/example_python_operator.py
[2024-04-01T14:03:46.695+0000] {logging_mixin.py:154} INFO - [2024-04-01T14:03:46.695+0000] {dag.py:2941} INFO - Sync 1 DAGs
[2024-04-01T14:03:46.702+0000] {logging_mixin.py:154} INFO - [2024-04-01T14:03:46.701+0000] {dag.py:3722} INFO - Setting next_dagrun for example_python_operator to None, run_after=None
[2024-04-01T14:03:46.710+0000] {processor.py:179} INFO - Processing /home/airflow/.local/lib/python3.10/site-packages/airflow/example_dags/example_python_operator.py took 0.037 seconds
[2024-04-01T14:04:17.424+0000] {processor.py:157} INFO - Started process (PID=391) to work on /home/airflow/.local/lib/python3.10/site-packages/airflow/example_dags/example_python_operator.py
[2024-04-01T14:04:17.425+0000] {processor.py:829} INFO - Processing file /home/airflow/.local/lib/python3.10/site-packages/airflow/example_dags/example_python_operator.py for tasks to queue
[2024-04-01T14:04:17.426+0000] {logging_mixin.py:154} INFO - [2024-04-01T14:04:17.426+0000] {dagbag.py:536} INFO - Filling up the DagBag from /home/airflow/.local/lib/python3.10/site-packages/airflow/example_dags/example_python_operator.py
[2024-04-01T14:04:17.432+0000] {processor.py:839} INFO - DAG(s) dict_keys(['example_python_operator']) retrieved from /home/airflow/.local/lib/python3.10/site-packages/airflow/example_dags/example_python_operator.py
[2024-04-01T14:04:17.445+0000] {logging_mixin.py:154} INFO - [2024-04-01T14:04:17.445+0000] {dag.py:2941} INFO - Sync 1 DAGs
[2024-04-01T14:04:17.452+0000] {logging_mixin.py:154} INFO - [2024-04-01T14:04:17.451+0000] {dag.py:3722} INFO - Setting next_dagrun for example_python_operator to None, run_after=None
[2024-04-01T14:04:17.460+0000] {processor.py:179} INFO - Processing /home/airflow/.local/lib/python3.10/site-packages/airflow/example_dags/example_python_operator.py took 0.037 seconds
[2024-04-01T14:04:48.082+0000] {processor.py:157} INFO - Started process (PID=445) to work on /home/airflow/.local/lib/python3.10/site-packages/airflow/example_dags/example_python_operator.py
[2024-04-01T14:04:48.083+0000] {processor.py:829} INFO - Processing file /home/airflow/.local/lib/python3.10/site-packages/airflow/example_dags/example_python_operator.py for tasks to queue
[2024-04-01T14:04:48.084+0000] {logging_mixin.py:154} INFO - [2024-04-01T14:04:48.083+0000] {dagbag.py:536} INFO - Filling up the DagBag from /home/airflow/.local/lib/python3.10/site-packages/airflow/example_dags/example_python_operator.py
[2024-04-01T14:04:48.090+0000] {processor.py:839} INFO - DAG(s) dict_keys(['example_python_operator']) retrieved from /home/airflow/.local/lib/python3.10/site-packages/airflow/example_dags/example_python_operator.py
[2024-04-01T14:04:48.103+0000] {logging_mixin.py:154} INFO - [2024-04-01T14:04:48.103+0000] {dag.py:2941} INFO - Sync 1 DAGs
[2024-04-01T14:04:48.111+0000] {logging_mixin.py:154} INFO - [2024-04-01T14:04:48.111+0000] {dag.py:3722} INFO - Setting next_dagrun for example_python_operator to None, run_after=None
[2024-04-01T14:04:48.120+0000] {processor.py:179} INFO - Processing /home/airflow/.local/lib/python3.10/site-packages/airflow/example_dags/example_python_operator.py took 0.040 seconds
[2024-04-01T14:05:18.676+0000] {processor.py:157} INFO - Started process (PID=499) to work on /home/airflow/.local/lib/python3.10/site-packages/airflow/example_dags/example_python_operator.py
[2024-04-01T14:05:18.677+0000] {processor.py:829} INFO - Processing file /home/airflow/.local/lib/python3.10/site-packages/airflow/example_dags/example_python_operator.py for tasks to queue
[2024-04-01T14:05:18.678+0000] {logging_mixin.py:154} INFO - [2024-04-01T14:05:18.678+0000] {dagbag.py:536} INFO - Filling up the DagBag from /home/airflow/.local/lib/python3.10/site-packages/airflow/example_dags/example_python_operator.py
[2024-04-01T14:05:18.684+0000] {processor.py:839} INFO - DAG(s) dict_keys(['example_python_operator']) retrieved from /home/airflow/.local/lib/python3.10/site-packages/airflow/example_dags/example_python_operator.py
[2024-04-01T14:05:18.697+0000] {logging_mixin.py:154} INFO - [2024-04-01T14:05:18.697+0000] {dag.py:2941} INFO - Sync 1 DAGs
[2024-04-01T14:05:18.705+0000] {logging_mixin.py:154} INFO - [2024-04-01T14:05:18.705+0000] {dag.py:3722} INFO - Setting next_dagrun for example_python_operator to None, run_after=None
[2024-04-01T14:05:18.714+0000] {processor.py:179} INFO - Processing /home/airflow/.local/lib/python3.10/site-packages/airflow/example_dags/example_python_operator.py took 0.040 seconds
[2024-04-01T14:05:49.390+0000] {processor.py:157} INFO - Started process (PID=553) to work on /home/airflow/.local/lib/python3.10/site-packages/airflow/example_dags/example_python_operator.py
[2024-04-01T14:05:49.391+0000] {processor.py:829} INFO - Processing file /home/airflow/.local/lib/python3.10/site-packages/airflow/example_dags/example_python_operator.py for tasks to queue
[2024-04-01T14:05:49.392+0000] {logging_mixin.py:154} INFO - [2024-04-01T14:05:49.391+0000] {dagbag.py:536} INFO - Filling up the DagBag from /home/airflow/.local/lib/python3.10/site-packages/airflow/example_dags/example_python_operator.py
[2024-04-01T14:05:49.398+0000] {processor.py:839} INFO - DAG(s) dict_keys(['example_python_operator']) retrieved from /home/airflow/.local/lib/python3.10/site-packages/airflow/example_dags/example_python_operator.py
[2024-04-01T14:05:49.411+0000] {logging_mixin.py:154} INFO - [2024-04-01T14:05:49.411+0000] {dag.py:2941} INFO - Sync 1 DAGs
[2024-04-01T14:05:49.418+0000] {logging_mixin.py:154} INFO - [2024-04-01T14:05:49.418+0000] {dag.py:3722} INFO - Setting next_dagrun for example_python_operator to None, run_after=None
[2024-04-01T14:05:49.426+0000] {processor.py:179} INFO - Processing /home/airflow/.local/lib/python3.10/site-packages/airflow/example_dags/example_python_operator.py took 0.038 seconds
[2024-04-01T14:06:20.050+0000] {processor.py:157} INFO - Started process (PID=607) to work on /home/airflow/.local/lib/python3.10/site-packages/airflow/example_dags/example_python_operator.py
[2024-04-01T14:06:20.051+0000] {processor.py:829} INFO - Processing file /home/airflow/.local/lib/python3.10/site-packages/airflow/example_dags/example_python_operator.py for tasks to queue
[2024-04-01T14:06:20.052+0000] {logging_mixin.py:154} INFO - [2024-04-01T14:06:20.052+0000] {dagbag.py:536} INFO - Filling up the DagBag from /home/airflow/.local/lib/python3.10/site-packages/airflow/example_dags/example_python_operator.py
[2024-04-01T14:06:20.057+0000] {processor.py:839} INFO - DAG(s) dict_keys(['example_python_operator']) retrieved from /home/airflow/.local/lib/python3.10/site-packages/airflow/example_dags/example_python_operator.py
[2024-04-01T14:06:20.071+0000] {logging_mixin.py:154} INFO - [2024-04-01T14:06:20.070+0000] {dag.py:2941} INFO - Sync 1 DAGs
[2024-04-01T14:06:20.078+0000] {logging_mixin.py:154} INFO - [2024-04-01T14:06:20.078+0000] {dag.py:3722} INFO - Setting next_dagrun for example_python_operator to None, run_after=None
[2024-04-01T14:06:20.086+0000] {processor.py:179} INFO - Processing /home/airflow/.local/lib/python3.10/site-packages/airflow/example_dags/example_python_operator.py took 0.038 seconds
[2024-04-01T14:06:50.733+0000] {processor.py:157} INFO - Started process (PID=661) to work on /home/airflow/.local/lib/python3.10/site-packages/airflow/example_dags/example_python_operator.py
[2024-04-01T14:06:50.733+0000] {processor.py:829} INFO - Processing file /home/airflow/.local/lib/python3.10/site-packages/airflow/example_dags/example_python_operator.py for tasks to queue
[2024-04-01T14:06:50.734+0000] {logging_mixin.py:154} INFO - [2024-04-01T14:06:50.734+0000] {dagbag.py:536} INFO - Filling up the DagBag from /home/airflow/.local/lib/python3.10/site-packages/airflow/example_dags/example_python_operator.py
[2024-04-01T14:06:50.740+0000] {processor.py:839} INFO - DAG(s) dict_keys(['example_python_operator']) retrieved from /home/airflow/.local/lib/python3.10/site-packages/airflow/example_dags/example_python_operator.py
[2024-04-01T14:06:50.753+0000] {logging_mixin.py:154} INFO - [2024-04-01T14:06:50.753+0000] {dag.py:2941} INFO - Sync 1 DAGs
[2024-04-01T14:06:50.760+0000] {logging_mixin.py:154} INFO - [2024-04-01T14:06:50.760+0000] {dag.py:3722} INFO - Setting next_dagrun for example_python_operator to None, run_after=None
[2024-04-01T14:06:50.769+0000] {processor.py:179} INFO - Processing /home/airflow/.local/lib/python3.10/site-packages/airflow/example_dags/example_python_operator.py took 0.038 seconds
[2024-04-01T14:07:21.449+0000] {processor.py:157} INFO - Started process (PID=715) to work on /home/airflow/.local/lib/python3.10/site-packages/airflow/example_dags/example_python_operator.py
[2024-04-01T14:07:21.450+0000] {processor.py:829} INFO - Processing file /home/airflow/.local/lib/python3.10/site-packages/airflow/example_dags/example_python_operator.py for tasks to queue
[2024-04-01T14:07:21.451+0000] {logging_mixin.py:154} INFO - [2024-04-01T14:07:21.451+0000] {dagbag.py:536} INFO - Filling up the DagBag from /home/airflow/.local/lib/python3.10/site-packages/airflow/example_dags/example_python_operator.py
[2024-04-01T14:07:21.457+0000] {processor.py:839} INFO - DAG(s) dict_keys(['example_python_operator']) retrieved from /home/airflow/.local/lib/python3.10/site-packages/airflow/example_dags/example_python_operator.py
[2024-04-01T14:07:21.472+0000] {logging_mixin.py:154} INFO - [2024-04-01T14:07:21.472+0000] {dag.py:2941} INFO - Sync 1 DAGs
[2024-04-01T14:07:21.479+0000] {logging_mixin.py:154} INFO - [2024-04-01T14:07:21.479+0000] {dag.py:3722} INFO - Setting next_dagrun for example_python_operator to None, run_after=None
[2024-04-01T14:07:21.488+0000] {processor.py:179} INFO - Processing /home/airflow/.local/lib/python3.10/site-packages/airflow/example_dags/example_python_operator.py took 0.041 seconds
[2024-04-01T14:07:52.028+0000] {processor.py:157} INFO - Started process (PID=769) to work on /home/airflow/.local/lib/python3.10/site-packages/airflow/example_dags/example_python_operator.py
[2024-04-01T14:07:52.028+0000] {processor.py:829} INFO - Processing file /home/airflow/.local/lib/python3.10/site-packages/airflow/example_dags/example_python_operator.py for tasks to queue
[2024-04-01T14:07:52.029+0000] {logging_mixin.py:154} INFO - [2024-04-01T14:07:52.029+0000] {dagbag.py:536} INFO - Filling up the DagBag from /home/airflow/.local/lib/python3.10/site-packages/airflow/example_dags/example_python_operator.py
[2024-04-01T14:07:52.035+0000] {processor.py:839} INFO - DAG(s) dict_keys(['example_python_operator']) retrieved from /home/airflow/.local/lib/python3.10/site-packages/airflow/example_dags/example_python_operator.py
[2024-04-01T14:07:52.049+0000] {logging_mixin.py:154} INFO - [2024-04-01T14:07:52.049+0000] {dag.py:2941} INFO - Sync 1 DAGs
[2024-04-01T14:07:52.056+0000] {logging_mixin.py:154} INFO - [2024-04-01T14:07:52.056+0000] {dag.py:3722} INFO - Setting next_dagrun for example_python_operator to None, run_after=None
[2024-04-01T14:07:52.065+0000] {processor.py:179} INFO - Processing /home/airflow/.local/lib/python3.10/site-packages/airflow/example_dags/example_python_operator.py took 0.039 seconds
[2024-04-01T14:08:22.639+0000] {processor.py:157} INFO - Started process (PID=823) to work on /home/airflow/.local/lib/python3.10/site-packages/airflow/example_dags/example_python_operator.py
[2024-04-01T14:08:22.640+0000] {processor.py:829} INFO - Processing file /home/airflow/.local/lib/python3.10/site-packages/airflow/example_dags/example_python_operator.py for tasks to queue
[2024-04-01T14:08:22.641+0000] {logging_mixin.py:154} INFO - [2024-04-01T14:08:22.640+0000] {dagbag.py:536} INFO - Filling up the DagBag from /home/airflow/.local/lib/python3.10/site-packages/airflow/example_dags/example_python_operator.py
[2024-04-01T14:08:22.646+0000] {processor.py:839} INFO - DAG(s) dict_keys(['example_python_operator']) retrieved from /home/airflow/.local/lib/python3.10/site-packages/airflow/example_dags/example_python_operator.py
[2024-04-01T14:08:22.660+0000] {logging_mixin.py:154} INFO - [2024-04-01T14:08:22.660+0000] {dag.py:2941} INFO - Sync 1 DAGs
[2024-04-01T14:08:22.667+0000] {logging_mixin.py:154} INFO - [2024-04-01T14:08:22.667+0000] {dag.py:3722} INFO - Setting next_dagrun for example_python_operator to None, run_after=None
[2024-04-01T14:08:22.676+0000] {processor.py:179} INFO - Processing /home/airflow/.local/lib/python3.10/site-packages/airflow/example_dags/example_python_operator.py took 0.039 seconds
[2024-04-01T14:08:53.355+0000] {processor.py:157} INFO - Started process (PID=877) to work on /home/airflow/.local/lib/python3.10/site-packages/airflow/example_dags/example_python_operator.py
[2024-04-01T14:08:53.355+0000] {processor.py:829} INFO - Processing file /home/airflow/.local/lib/python3.10/site-packages/airflow/example_dags/example_python_operator.py for tasks to queue
[2024-04-01T14:08:53.357+0000] {logging_mixin.py:154} INFO - [2024-04-01T14:08:53.356+0000] {dagbag.py:536} INFO - Filling up the DagBag from /home/airflow/.local/lib/python3.10/site-packages/airflow/example_dags/example_python_operator.py
[2024-04-01T14:08:53.363+0000] {processor.py:839} INFO - DAG(s) dict_keys(['example_python_operator']) retrieved from /home/airflow/.local/lib/python3.10/site-packages/airflow/example_dags/example_python_operator.py
[2024-04-01T14:08:53.377+0000] {logging_mixin.py:154} INFO - [2024-04-01T14:08:53.377+0000] {dag.py:2941} INFO - Sync 1 DAGs
[2024-04-01T14:08:53.385+0000] {logging_mixin.py:154} INFO - [2024-04-01T14:08:53.385+0000] {dag.py:3722} INFO - Setting next_dagrun for example_python_operator to None, run_after=None
[2024-04-01T14:08:53.394+0000] {processor.py:179} INFO - Processing /home/airflow/.local/lib/python3.10/site-packages/airflow/example_dags/example_python_operator.py took 0.041 seconds
[2024-04-01T14:09:24.116+0000] {processor.py:157} INFO - Started process (PID=931) to work on /home/airflow/.local/lib/python3.10/site-packages/airflow/example_dags/example_python_operator.py
[2024-04-01T14:09:24.116+0000] {processor.py:829} INFO - Processing file /home/airflow/.local/lib/python3.10/site-packages/airflow/example_dags/example_python_operator.py for tasks to queue
[2024-04-01T14:09:24.117+0000] {logging_mixin.py:154} INFO - [2024-04-01T14:09:24.117+0000] {dagbag.py:536} INFO - Filling up the DagBag from /home/airflow/.local/lib/python3.10/site-packages/airflow/example_dags/example_python_operator.py
[2024-04-01T14:09:24.123+0000] {processor.py:839} INFO - DAG(s) dict_keys(['example_python_operator']) retrieved from /home/airflow/.local/lib/python3.10/site-packages/airflow/example_dags/example_python_operator.py
[2024-04-01T14:09:24.138+0000] {logging_mixin.py:154} INFO - [2024-04-01T14:09:24.138+0000] {dag.py:2941} INFO - Sync 1 DAGs
[2024-04-01T14:09:24.145+0000] {logging_mixin.py:154} INFO - [2024-04-01T14:09:24.145+0000] {dag.py:3722} INFO - Setting next_dagrun for example_python_operator to None, run_after=None
[2024-04-01T14:09:24.154+0000] {processor.py:179} INFO - Processing /home/airflow/.local/lib/python3.10/site-packages/airflow/example_dags/example_python_operator.py took 0.041 seconds
[2024-04-01T14:09:54.741+0000] {processor.py:157} INFO - Started process (PID=985) to work on /home/airflow/.local/lib/python3.10/site-packages/airflow/example_dags/example_python_operator.py
[2024-04-01T14:09:54.742+0000] {processor.py:829} INFO - Processing file /home/airflow/.local/lib/python3.10/site-packages/airflow/example_dags/example_python_operator.py for tasks to queue
[2024-04-01T14:09:54.743+0000] {logging_mixin.py:154} INFO - [2024-04-01T14:09:54.743+0000] {dagbag.py:536} INFO - Filling up the DagBag from /home/airflow/.local/lib/python3.10/site-packages/airflow/example_dags/example_python_operator.py
[2024-04-01T14:09:54.749+0000] {processor.py:839} INFO - DAG(s) dict_keys(['example_python_operator']) retrieved from /home/airflow/.local/lib/python3.10/site-packages/airflow/example_dags/example_python_operator.py
[2024-04-01T14:09:54.764+0000] {logging_mixin.py:154} INFO - [2024-04-01T14:09:54.764+0000] {dag.py:2941} INFO - Sync 1 DAGs
[2024-04-01T14:09:54.772+0000] {logging_mixin.py:154} INFO - [2024-04-01T14:09:54.772+0000] {dag.py:3722} INFO - Setting next_dagrun for example_python_operator to None, run_after=None
[2024-04-01T14:09:54.783+0000] {processor.py:179} INFO - Processing /home/airflow/.local/lib/python3.10/site-packages/airflow/example_dags/example_python_operator.py took 0.044 seconds
[2024-04-01T14:10:25.431+0000] {processor.py:157} INFO - Started process (PID=1039) to work on /home/airflow/.local/lib/python3.10/site-packages/airflow/example_dags/example_python_operator.py
[2024-04-01T14:10:25.431+0000] {processor.py:829} INFO - Processing file /home/airflow/.local/lib/python3.10/site-packages/airflow/example_dags/example_python_operator.py for tasks to queue
[2024-04-01T14:10:25.432+0000] {logging_mixin.py:154} INFO - [2024-04-01T14:10:25.432+0000] {dagbag.py:536} INFO - Filling up the DagBag from /home/airflow/.local/lib/python3.10/site-packages/airflow/example_dags/example_python_operator.py
[2024-04-01T14:10:25.438+0000] {processor.py:839} INFO - DAG(s) dict_keys(['example_python_operator']) retrieved from /home/airflow/.local/lib/python3.10/site-packages/airflow/example_dags/example_python_operator.py
[2024-04-01T14:10:25.452+0000] {logging_mixin.py:154} INFO - [2024-04-01T14:10:25.452+0000] {dag.py:2941} INFO - Sync 1 DAGs
[2024-04-01T14:10:25.460+0000] {logging_mixin.py:154} INFO - [2024-04-01T14:10:25.460+0000] {dag.py:3722} INFO - Setting next_dagrun for example_python_operator to None, run_after=None
[2024-04-01T14:10:25.469+0000] {processor.py:179} INFO - Processing /home/airflow/.local/lib/python3.10/site-packages/airflow/example_dags/example_python_operator.py took 0.040 seconds
[2024-04-01T14:10:56.051+0000] {processor.py:157} INFO - Started process (PID=1093) to work on /home/airflow/.local/lib/python3.10/site-packages/airflow/example_dags/example_python_operator.py
[2024-04-01T14:10:56.052+0000] {processor.py:829} INFO - Processing file /home/airflow/.local/lib/python3.10/site-packages/airflow/example_dags/example_python_operator.py for tasks to queue
[2024-04-01T14:10:56.053+0000] {logging_mixin.py:154} INFO - [2024-04-01T14:10:56.053+0000] {dagbag.py:536} INFO - Filling up the DagBag from /home/airflow/.local/lib/python3.10/site-packages/airflow/example_dags/example_python_operator.py
[2024-04-01T14:10:56.059+0000] {processor.py:839} INFO - DAG(s) dict_keys(['example_python_operator']) retrieved from /home/airflow/.local/lib/python3.10/site-packages/airflow/example_dags/example_python_operator.py
[2024-04-01T14:10:56.072+0000] {logging_mixin.py:154} INFO - [2024-04-01T14:10:56.072+0000] {dag.py:2941} INFO - Sync 1 DAGs
[2024-04-01T14:10:56.079+0000] {logging_mixin.py:154} INFO - [2024-04-01T14:10:56.079+0000] {dag.py:3722} INFO - Setting next_dagrun for example_python_operator to None, run_after=None
[2024-04-01T14:10:56.088+0000] {processor.py:179} INFO - Processing /home/airflow/.local/lib/python3.10/site-packages/airflow/example_dags/example_python_operator.py took 0.038 seconds
[2024-04-01T14:11:26.757+0000] {processor.py:157} INFO - Started process (PID=1147) to work on /home/airflow/.local/lib/python3.10/site-packages/airflow/example_dags/example_python_operator.py
[2024-04-01T14:11:26.758+0000] {processor.py:829} INFO - Processing file /home/airflow/.local/lib/python3.10/site-packages/airflow/example_dags/example_python_operator.py for tasks to queue
[2024-04-01T14:11:26.759+0000] {logging_mixin.py:154} INFO - [2024-04-01T14:11:26.759+0000] {dagbag.py:536} INFO - Filling up the DagBag from /home/airflow/.local/lib/python3.10/site-packages/airflow/example_dags/example_python_operator.py
[2024-04-01T14:11:26.765+0000] {processor.py:839} INFO - DAG(s) dict_keys(['example_python_operator']) retrieved from /home/airflow/.local/lib/python3.10/site-packages/airflow/example_dags/example_python_operator.py
[2024-04-01T14:11:26.778+0000] {logging_mixin.py:154} INFO - [2024-04-01T14:11:26.778+0000] {dag.py:2941} INFO - Sync 1 DAGs
[2024-04-01T14:11:26.785+0000] {logging_mixin.py:154} INFO - [2024-04-01T14:11:26.785+0000] {dag.py:3722} INFO - Setting next_dagrun for example_python_operator to None, run_after=None
[2024-04-01T14:11:26.795+0000] {processor.py:179} INFO - Processing /home/airflow/.local/lib/python3.10/site-packages/airflow/example_dags/example_python_operator.py took 0.039 seconds
[2024-04-01T14:11:57.515+0000] {processor.py:157} INFO - Started process (PID=1201) to work on /home/airflow/.local/lib/python3.10/site-packages/airflow/example_dags/example_python_operator.py
[2024-04-01T14:11:57.515+0000] {processor.py:829} INFO - Processing file /home/airflow/.local/lib/python3.10/site-packages/airflow/example_dags/example_python_operator.py for tasks to queue
[2024-04-01T14:11:57.516+0000] {logging_mixin.py:154} INFO - [2024-04-01T14:11:57.516+0000] {dagbag.py:536} INFO - Filling up the DagBag from /home/airflow/.local/lib/python3.10/site-packages/airflow/example_dags/example_python_operator.py
[2024-04-01T14:11:57.522+0000] {processor.py:839} INFO - DAG(s) dict_keys(['example_python_operator']) retrieved from /home/airflow/.local/lib/python3.10/site-packages/airflow/example_dags/example_python_operator.py
[2024-04-01T14:11:57.535+0000] {logging_mixin.py:154} INFO - [2024-04-01T14:11:57.535+0000] {dag.py:2941} INFO - Sync 1 DAGs
[2024-04-01T14:11:57.542+0000] {logging_mixin.py:154} INFO - [2024-04-01T14:11:57.542+0000] {dag.py:3722} INFO - Setting next_dagrun for example_python_operator to None, run_after=None
[2024-04-01T14:11:57.550+0000] {processor.py:179} INFO - Processing /home/airflow/.local/lib/python3.10/site-packages/airflow/example_dags/example_python_operator.py took 0.038 seconds
[2024-04-01T14:12:28.156+0000] {processor.py:157} INFO - Started process (PID=1255) to work on /home/airflow/.local/lib/python3.10/site-packages/airflow/example_dags/example_python_operator.py
[2024-04-01T14:12:28.157+0000] {processor.py:829} INFO - Processing file /home/airflow/.local/lib/python3.10/site-packages/airflow/example_dags/example_python_operator.py for tasks to queue
[2024-04-01T14:12:28.158+0000] {logging_mixin.py:154} INFO - [2024-04-01T14:12:28.158+0000] {dagbag.py:536} INFO - Filling up the DagBag from /home/airflow/.local/lib/python3.10/site-packages/airflow/example_dags/example_python_operator.py
[2024-04-01T14:12:28.164+0000] {processor.py:839} INFO - DAG(s) dict_keys(['example_python_operator']) retrieved from /home/airflow/.local/lib/python3.10/site-packages/airflow/example_dags/example_python_operator.py
[2024-04-01T14:12:28.177+0000] {logging_mixin.py:154} INFO - [2024-04-01T14:12:28.177+0000] {dag.py:2941} INFO - Sync 1 DAGs
[2024-04-01T14:12:28.184+0000] {logging_mixin.py:154} INFO - [2024-04-01T14:12:28.184+0000] {dag.py:3722} INFO - Setting next_dagrun for example_python_operator to None, run_after=None
[2024-04-01T14:12:28.193+0000] {processor.py:179} INFO - Processing /home/airflow/.local/lib/python3.10/site-packages/airflow/example_dags/example_python_operator.py took 0.039 seconds
[2024-04-01T14:12:58.943+0000] {processor.py:157} INFO - Started process (PID=1309) to work on /home/airflow/.local/lib/python3.10/site-packages/airflow/example_dags/example_python_operator.py
[2024-04-01T14:12:58.944+0000] {processor.py:829} INFO - Processing file /home/airflow/.local/lib/python3.10/site-packages/airflow/example_dags/example_python_operator.py for tasks to queue
[2024-04-01T14:12:58.945+0000] {logging_mixin.py:154} INFO - [2024-04-01T14:12:58.945+0000] {dagbag.py:536} INFO - Filling up the DagBag from /home/airflow/.local/lib/python3.10/site-packages/airflow/example_dags/example_python_operator.py
[2024-04-01T14:12:58.951+0000] {processor.py:839} INFO - DAG(s) dict_keys(['example_python_operator']) retrieved from /home/airflow/.local/lib/python3.10/site-packages/airflow/example_dags/example_python_operator.py
[2024-04-01T14:12:58.964+0000] {logging_mixin.py:154} INFO - [2024-04-01T14:12:58.964+0000] {dag.py:2941} INFO - Sync 1 DAGs
[2024-04-01T14:12:58.971+0000] {logging_mixin.py:154} INFO - [2024-04-01T14:12:58.971+0000] {dag.py:3722} INFO - Setting next_dagrun for example_python_operator to None, run_after=None
[2024-04-01T14:12:58.979+0000] {processor.py:179} INFO - Processing /home/airflow/.local/lib/python3.10/site-packages/airflow/example_dags/example_python_operator.py took 0.038 seconds
[2024-04-01T14:13:29.651+0000] {processor.py:157} INFO - Started process (PID=1363) to work on /home/airflow/.local/lib/python3.10/site-packages/airflow/example_dags/example_python_operator.py
[2024-04-01T14:13:29.652+0000] {processor.py:829} INFO - Processing file /home/airflow/.local/lib/python3.10/site-packages/airflow/example_dags/example_python_operator.py for tasks to queue
[2024-04-01T14:13:29.653+0000] {logging_mixin.py:154} INFO - [2024-04-01T14:13:29.653+0000] {dagbag.py:536} INFO - Filling up the DagBag from /home/airflow/.local/lib/python3.10/site-packages/airflow/example_dags/example_python_operator.py
[2024-04-01T14:13:29.659+0000] {processor.py:839} INFO - DAG(s) dict_keys(['example_python_operator']) retrieved from /home/airflow/.local/lib/python3.10/site-packages/airflow/example_dags/example_python_operator.py
[2024-04-01T14:13:29.672+0000] {logging_mixin.py:154} INFO - [2024-04-01T14:13:29.672+0000] {dag.py:2941} INFO - Sync 1 DAGs
[2024-04-01T14:13:29.680+0000] {logging_mixin.py:154} INFO - [2024-04-01T14:13:29.680+0000] {dag.py:3722} INFO - Setting next_dagrun for example_python_operator to None, run_after=None
[2024-04-01T14:13:29.689+0000] {processor.py:179} INFO - Processing /home/airflow/.local/lib/python3.10/site-packages/airflow/example_dags/example_python_operator.py took 0.040 seconds
[2024-04-01T14:14:00.357+0000] {processor.py:157} INFO - Started process (PID=1417) to work on /home/airflow/.local/lib/python3.10/site-packages/airflow/example_dags/example_python_operator.py
[2024-04-01T14:14:00.357+0000] {processor.py:829} INFO - Processing file /home/airflow/.local/lib/python3.10/site-packages/airflow/example_dags/example_python_operator.py for tasks to queue
[2024-04-01T14:14:00.358+0000] {logging_mixin.py:154} INFO - [2024-04-01T14:14:00.358+0000] {dagbag.py:536} INFO - Filling up the DagBag from /home/airflow/.local/lib/python3.10/site-packages/airflow/example_dags/example_python_operator.py
[2024-04-01T14:14:00.364+0000] {processor.py:839} INFO - DAG(s) dict_keys(['example_python_operator']) retrieved from /home/airflow/.local/lib/python3.10/site-packages/airflow/example_dags/example_python_operator.py
[2024-04-01T14:14:00.377+0000] {logging_mixin.py:154} INFO - [2024-04-01T14:14:00.377+0000] {dag.py:2941} INFO - Sync 1 DAGs
[2024-04-01T14:14:00.384+0000] {logging_mixin.py:154} INFO - [2024-04-01T14:14:00.384+0000] {dag.py:3722} INFO - Setting next_dagrun for example_python_operator to None, run_after=None
[2024-04-01T14:14:00.393+0000] {processor.py:179} INFO - Processing /home/airflow/.local/lib/python3.10/site-packages/airflow/example_dags/example_python_operator.py took 0.039 seconds
