[2024-04-01T14:01:12.821+0000] {processor.py:157} INFO - Started process (PID=47) to work on /home/airflow/.local/lib/python3.10/site-packages/airflow/example_dags/example_short_circuit_operator.py
[2024-04-01T14:01:12.822+0000] {processor.py:829} INFO - Processing file /home/airflow/.local/lib/python3.10/site-packages/airflow/example_dags/example_short_circuit_operator.py for tasks to queue
[2024-04-01T14:01:12.823+0000] {logging_mixin.py:154} INFO - [2024-04-01T14:01:12.823+0000] {dagbag.py:536} INFO - Filling up the DagBag from /home/airflow/.local/lib/python3.10/site-packages/airflow/example_dags/example_short_circuit_operator.py
[2024-04-01T14:01:12.830+0000] {processor.py:839} INFO - DAG(s) dict_keys(['example_short_circuit_operator']) retrieved from /home/airflow/.local/lib/python3.10/site-packages/airflow/example_dags/example_short_circuit_operator.py
[2024-04-01T14:01:12.838+0000] {logging_mixin.py:154} INFO - [2024-04-01T14:01:12.838+0000] {dag.py:2941} INFO - Sync 1 DAGs
[2024-04-01T14:01:12.852+0000] {logging_mixin.py:154} INFO - [2024-04-01T14:01:12.852+0000] {dag.py:3722} INFO - Setting next_dagrun for example_short_circuit_operator to 2024-03-31T14:01:12.852348+00:00, run_after=2024-04-01T14:01:12.852348+00:00
[2024-04-01T14:01:12.862+0000] {processor.py:179} INFO - Processing /home/airflow/.local/lib/python3.10/site-packages/airflow/example_dags/example_short_circuit_operator.py took 0.042 seconds
[2024-04-01T14:01:43.449+0000] {processor.py:157} INFO - Started process (PID=101) to work on /home/airflow/.local/lib/python3.10/site-packages/airflow/example_dags/example_short_circuit_operator.py
[2024-04-01T14:01:43.450+0000] {processor.py:829} INFO - Processing file /home/airflow/.local/lib/python3.10/site-packages/airflow/example_dags/example_short_circuit_operator.py for tasks to queue
[2024-04-01T14:01:43.451+0000] {logging_mixin.py:154} INFO - [2024-04-01T14:01:43.451+0000] {dagbag.py:536} INFO - Filling up the DagBag from /home/airflow/.local/lib/python3.10/site-packages/airflow/example_dags/example_short_circuit_operator.py
[2024-04-01T14:01:43.455+0000] {processor.py:839} INFO - DAG(s) dict_keys(['example_short_circuit_operator']) retrieved from /home/airflow/.local/lib/python3.10/site-packages/airflow/example_dags/example_short_circuit_operator.py
[2024-04-01T14:01:43.468+0000] {logging_mixin.py:154} INFO - [2024-04-01T14:01:43.468+0000] {dag.py:2941} INFO - Sync 1 DAGs
[2024-04-01T14:01:43.480+0000] {logging_mixin.py:154} INFO - [2024-04-01T14:01:43.480+0000] {dag.py:3722} INFO - Setting next_dagrun for example_short_circuit_operator to 2024-03-31T14:01:43.479876+00:00, run_after=2024-04-01T14:01:43.479876+00:00
[2024-04-01T14:01:43.488+0000] {processor.py:179} INFO - Processing /home/airflow/.local/lib/python3.10/site-packages/airflow/example_dags/example_short_circuit_operator.py took 0.040 seconds
[2024-04-01T14:02:13.964+0000] {processor.py:157} INFO - Started process (PID=155) to work on /home/airflow/.local/lib/python3.10/site-packages/airflow/example_dags/example_short_circuit_operator.py
[2024-04-01T14:02:13.965+0000] {processor.py:829} INFO - Processing file /home/airflow/.local/lib/python3.10/site-packages/airflow/example_dags/example_short_circuit_operator.py for tasks to queue
[2024-04-01T14:02:13.966+0000] {logging_mixin.py:154} INFO - [2024-04-01T14:02:13.966+0000] {dagbag.py:536} INFO - Filling up the DagBag from /home/airflow/.local/lib/python3.10/site-packages/airflow/example_dags/example_short_circuit_operator.py
[2024-04-01T14:02:13.970+0000] {processor.py:839} INFO - DAG(s) dict_keys(['example_short_circuit_operator']) retrieved from /home/airflow/.local/lib/python3.10/site-packages/airflow/example_dags/example_short_circuit_operator.py
[2024-04-01T14:02:13.983+0000] {logging_mixin.py:154} INFO - [2024-04-01T14:02:13.983+0000] {dag.py:2941} INFO - Sync 1 DAGs
[2024-04-01T14:02:13.994+0000] {logging_mixin.py:154} INFO - [2024-04-01T14:02:13.994+0000] {dag.py:3722} INFO - Setting next_dagrun for example_short_circuit_operator to 2024-03-31T14:02:13.994581+00:00, run_after=2024-04-01T14:02:13.994581+00:00
[2024-04-01T14:02:14.003+0000] {processor.py:179} INFO - Processing /home/airflow/.local/lib/python3.10/site-packages/airflow/example_dags/example_short_circuit_operator.py took 0.041 seconds
[2024-04-01T14:02:44.587+0000] {processor.py:157} INFO - Started process (PID=209) to work on /home/airflow/.local/lib/python3.10/site-packages/airflow/example_dags/example_short_circuit_operator.py
[2024-04-01T14:02:44.587+0000] {processor.py:829} INFO - Processing file /home/airflow/.local/lib/python3.10/site-packages/airflow/example_dags/example_short_circuit_operator.py for tasks to queue
[2024-04-01T14:02:44.588+0000] {logging_mixin.py:154} INFO - [2024-04-01T14:02:44.588+0000] {dagbag.py:536} INFO - Filling up the DagBag from /home/airflow/.local/lib/python3.10/site-packages/airflow/example_dags/example_short_circuit_operator.py
[2024-04-01T14:02:44.592+0000] {processor.py:839} INFO - DAG(s) dict_keys(['example_short_circuit_operator']) retrieved from /home/airflow/.local/lib/python3.10/site-packages/airflow/example_dags/example_short_circuit_operator.py
[2024-04-01T14:02:44.606+0000] {logging_mixin.py:154} INFO - [2024-04-01T14:02:44.606+0000] {dag.py:2941} INFO - Sync 1 DAGs
[2024-04-01T14:02:44.617+0000] {logging_mixin.py:154} INFO - [2024-04-01T14:02:44.617+0000] {dag.py:3722} INFO - Setting next_dagrun for example_short_circuit_operator to 2024-03-31T14:02:44.617356+00:00, run_after=2024-04-01T14:02:44.617356+00:00
[2024-04-01T14:02:44.625+0000] {processor.py:179} INFO - Processing /home/airflow/.local/lib/python3.10/site-packages/airflow/example_dags/example_short_circuit_operator.py took 0.041 seconds
[2024-04-01T14:03:15.184+0000] {processor.py:157} INFO - Started process (PID=263) to work on /home/airflow/.local/lib/python3.10/site-packages/airflow/example_dags/example_short_circuit_operator.py
[2024-04-01T14:03:15.185+0000] {processor.py:829} INFO - Processing file /home/airflow/.local/lib/python3.10/site-packages/airflow/example_dags/example_short_circuit_operator.py for tasks to queue
[2024-04-01T14:03:15.186+0000] {logging_mixin.py:154} INFO - [2024-04-01T14:03:15.186+0000] {dagbag.py:536} INFO - Filling up the DagBag from /home/airflow/.local/lib/python3.10/site-packages/airflow/example_dags/example_short_circuit_operator.py
[2024-04-01T14:03:15.190+0000] {processor.py:839} INFO - DAG(s) dict_keys(['example_short_circuit_operator']) retrieved from /home/airflow/.local/lib/python3.10/site-packages/airflow/example_dags/example_short_circuit_operator.py
[2024-04-01T14:03:15.204+0000] {logging_mixin.py:154} INFO - [2024-04-01T14:03:15.204+0000] {dag.py:2941} INFO - Sync 1 DAGs
[2024-04-01T14:03:15.216+0000] {logging_mixin.py:154} INFO - [2024-04-01T14:03:15.216+0000] {dag.py:3722} INFO - Setting next_dagrun for example_short_circuit_operator to 2024-03-31T14:03:15.216179+00:00, run_after=2024-04-01T14:03:15.216179+00:00
[2024-04-01T14:03:15.224+0000] {processor.py:179} INFO - Processing /home/airflow/.local/lib/python3.10/site-packages/airflow/example_dags/example_short_circuit_operator.py took 0.042 seconds
[2024-04-01T14:03:45.879+0000] {processor.py:157} INFO - Started process (PID=317) to work on /home/airflow/.local/lib/python3.10/site-packages/airflow/example_dags/example_short_circuit_operator.py
[2024-04-01T14:03:45.879+0000] {processor.py:829} INFO - Processing file /home/airflow/.local/lib/python3.10/site-packages/airflow/example_dags/example_short_circuit_operator.py for tasks to queue
[2024-04-01T14:03:45.880+0000] {logging_mixin.py:154} INFO - [2024-04-01T14:03:45.880+0000] {dagbag.py:536} INFO - Filling up the DagBag from /home/airflow/.local/lib/python3.10/site-packages/airflow/example_dags/example_short_circuit_operator.py
[2024-04-01T14:03:45.885+0000] {processor.py:839} INFO - DAG(s) dict_keys(['example_short_circuit_operator']) retrieved from /home/airflow/.local/lib/python3.10/site-packages/airflow/example_dags/example_short_circuit_operator.py
[2024-04-01T14:03:45.898+0000] {logging_mixin.py:154} INFO - [2024-04-01T14:03:45.898+0000] {dag.py:2941} INFO - Sync 1 DAGs
[2024-04-01T14:03:45.910+0000] {logging_mixin.py:154} INFO - [2024-04-01T14:03:45.910+0000] {dag.py:3722} INFO - Setting next_dagrun for example_short_circuit_operator to 2024-03-31T14:03:45.910012+00:00, run_after=2024-04-01T14:03:45.910012+00:00
[2024-04-01T14:03:45.919+0000] {processor.py:179} INFO - Processing /home/airflow/.local/lib/python3.10/site-packages/airflow/example_dags/example_short_circuit_operator.py took 0.042 seconds
[2024-04-01T14:04:16.637+0000] {processor.py:157} INFO - Started process (PID=371) to work on /home/airflow/.local/lib/python3.10/site-packages/airflow/example_dags/example_short_circuit_operator.py
[2024-04-01T14:04:16.638+0000] {processor.py:829} INFO - Processing file /home/airflow/.local/lib/python3.10/site-packages/airflow/example_dags/example_short_circuit_operator.py for tasks to queue
[2024-04-01T14:04:16.639+0000] {logging_mixin.py:154} INFO - [2024-04-01T14:04:16.639+0000] {dagbag.py:536} INFO - Filling up the DagBag from /home/airflow/.local/lib/python3.10/site-packages/airflow/example_dags/example_short_circuit_operator.py
[2024-04-01T14:04:16.643+0000] {processor.py:839} INFO - DAG(s) dict_keys(['example_short_circuit_operator']) retrieved from /home/airflow/.local/lib/python3.10/site-packages/airflow/example_dags/example_short_circuit_operator.py
[2024-04-01T14:04:16.657+0000] {logging_mixin.py:154} INFO - [2024-04-01T14:04:16.657+0000] {dag.py:2941} INFO - Sync 1 DAGs
[2024-04-01T14:04:16.670+0000] {logging_mixin.py:154} INFO - [2024-04-01T14:04:16.669+0000] {dag.py:3722} INFO - Setting next_dagrun for example_short_circuit_operator to 2024-03-31T14:04:16.669782+00:00, run_after=2024-04-01T14:04:16.669782+00:00
[2024-04-01T14:04:16.679+0000] {processor.py:179} INFO - Processing /home/airflow/.local/lib/python3.10/site-packages/airflow/example_dags/example_short_circuit_operator.py took 0.044 seconds
[2024-04-01T14:04:47.407+0000] {processor.py:157} INFO - Started process (PID=425) to work on /home/airflow/.local/lib/python3.10/site-packages/airflow/example_dags/example_short_circuit_operator.py
[2024-04-01T14:04:47.407+0000] {processor.py:829} INFO - Processing file /home/airflow/.local/lib/python3.10/site-packages/airflow/example_dags/example_short_circuit_operator.py for tasks to queue
[2024-04-01T14:04:47.408+0000] {logging_mixin.py:154} INFO - [2024-04-01T14:04:47.408+0000] {dagbag.py:536} INFO - Filling up the DagBag from /home/airflow/.local/lib/python3.10/site-packages/airflow/example_dags/example_short_circuit_operator.py
[2024-04-01T14:04:47.412+0000] {processor.py:839} INFO - DAG(s) dict_keys(['example_short_circuit_operator']) retrieved from /home/airflow/.local/lib/python3.10/site-packages/airflow/example_dags/example_short_circuit_operator.py
[2024-04-01T14:04:47.426+0000] {logging_mixin.py:154} INFO - [2024-04-01T14:04:47.426+0000] {dag.py:2941} INFO - Sync 1 DAGs
[2024-04-01T14:04:47.438+0000] {logging_mixin.py:154} INFO - [2024-04-01T14:04:47.438+0000] {dag.py:3722} INFO - Setting next_dagrun for example_short_circuit_operator to 2024-03-31T14:04:47.437803+00:00, run_after=2024-04-01T14:04:47.437803+00:00
[2024-04-01T14:04:47.446+0000] {processor.py:179} INFO - Processing /home/airflow/.local/lib/python3.10/site-packages/airflow/example_dags/example_short_circuit_operator.py took 0.041 seconds
[2024-04-01T14:05:18.006+0000] {processor.py:157} INFO - Started process (PID=479) to work on /home/airflow/.local/lib/python3.10/site-packages/airflow/example_dags/example_short_circuit_operator.py
[2024-04-01T14:05:18.006+0000] {processor.py:829} INFO - Processing file /home/airflow/.local/lib/python3.10/site-packages/airflow/example_dags/example_short_circuit_operator.py for tasks to queue
[2024-04-01T14:05:18.007+0000] {logging_mixin.py:154} INFO - [2024-04-01T14:05:18.007+0000] {dagbag.py:536} INFO - Filling up the DagBag from /home/airflow/.local/lib/python3.10/site-packages/airflow/example_dags/example_short_circuit_operator.py
[2024-04-01T14:05:18.012+0000] {processor.py:839} INFO - DAG(s) dict_keys(['example_short_circuit_operator']) retrieved from /home/airflow/.local/lib/python3.10/site-packages/airflow/example_dags/example_short_circuit_operator.py
[2024-04-01T14:05:18.025+0000] {logging_mixin.py:154} INFO - [2024-04-01T14:05:18.025+0000] {dag.py:2941} INFO - Sync 1 DAGs
[2024-04-01T14:05:18.037+0000] {logging_mixin.py:154} INFO - [2024-04-01T14:05:18.037+0000] {dag.py:3722} INFO - Setting next_dagrun for example_short_circuit_operator to 2024-03-31T14:05:18.037627+00:00, run_after=2024-04-01T14:05:18.037627+00:00
[2024-04-01T14:05:18.046+0000] {processor.py:179} INFO - Processing /home/airflow/.local/lib/python3.10/site-packages/airflow/example_dags/example_short_circuit_operator.py took 0.043 seconds
[2024-04-01T14:05:48.625+0000] {processor.py:157} INFO - Started process (PID=533) to work on /home/airflow/.local/lib/python3.10/site-packages/airflow/example_dags/example_short_circuit_operator.py
[2024-04-01T14:05:48.626+0000] {processor.py:829} INFO - Processing file /home/airflow/.local/lib/python3.10/site-packages/airflow/example_dags/example_short_circuit_operator.py for tasks to queue
[2024-04-01T14:05:48.627+0000] {logging_mixin.py:154} INFO - [2024-04-01T14:05:48.627+0000] {dagbag.py:536} INFO - Filling up the DagBag from /home/airflow/.local/lib/python3.10/site-packages/airflow/example_dags/example_short_circuit_operator.py
[2024-04-01T14:05:48.631+0000] {processor.py:839} INFO - DAG(s) dict_keys(['example_short_circuit_operator']) retrieved from /home/airflow/.local/lib/python3.10/site-packages/airflow/example_dags/example_short_circuit_operator.py
[2024-04-01T14:05:48.645+0000] {logging_mixin.py:154} INFO - [2024-04-01T14:05:48.644+0000] {dag.py:2941} INFO - Sync 1 DAGs
[2024-04-01T14:05:48.656+0000] {logging_mixin.py:154} INFO - [2024-04-01T14:05:48.656+0000] {dag.py:3722} INFO - Setting next_dagrun for example_short_circuit_operator to 2024-03-31T14:05:48.656276+00:00, run_after=2024-04-01T14:05:48.656276+00:00
[2024-04-01T14:05:48.664+0000] {processor.py:179} INFO - Processing /home/airflow/.local/lib/python3.10/site-packages/airflow/example_dags/example_short_circuit_operator.py took 0.041 seconds
[2024-04-01T14:06:19.355+0000] {processor.py:157} INFO - Started process (PID=587) to work on /home/airflow/.local/lib/python3.10/site-packages/airflow/example_dags/example_short_circuit_operator.py
[2024-04-01T14:06:19.356+0000] {processor.py:829} INFO - Processing file /home/airflow/.local/lib/python3.10/site-packages/airflow/example_dags/example_short_circuit_operator.py for tasks to queue
[2024-04-01T14:06:19.357+0000] {logging_mixin.py:154} INFO - [2024-04-01T14:06:19.357+0000] {dagbag.py:536} INFO - Filling up the DagBag from /home/airflow/.local/lib/python3.10/site-packages/airflow/example_dags/example_short_circuit_operator.py
[2024-04-01T14:06:19.361+0000] {processor.py:839} INFO - DAG(s) dict_keys(['example_short_circuit_operator']) retrieved from /home/airflow/.local/lib/python3.10/site-packages/airflow/example_dags/example_short_circuit_operator.py
[2024-04-01T14:06:19.374+0000] {logging_mixin.py:154} INFO - [2024-04-01T14:06:19.374+0000] {dag.py:2941} INFO - Sync 1 DAGs
[2024-04-01T14:06:19.386+0000] {logging_mixin.py:154} INFO - [2024-04-01T14:06:19.385+0000] {dag.py:3722} INFO - Setting next_dagrun for example_short_circuit_operator to 2024-03-31T14:06:19.385834+00:00, run_after=2024-04-01T14:06:19.385834+00:00
[2024-04-01T14:06:19.394+0000] {processor.py:179} INFO - Processing /home/airflow/.local/lib/python3.10/site-packages/airflow/example_dags/example_short_circuit_operator.py took 0.040 seconds
[2024-04-01T14:06:49.970+0000] {processor.py:157} INFO - Started process (PID=641) to work on /home/airflow/.local/lib/python3.10/site-packages/airflow/example_dags/example_short_circuit_operator.py
[2024-04-01T14:06:49.971+0000] {processor.py:829} INFO - Processing file /home/airflow/.local/lib/python3.10/site-packages/airflow/example_dags/example_short_circuit_operator.py for tasks to queue
[2024-04-01T14:06:49.972+0000] {logging_mixin.py:154} INFO - [2024-04-01T14:06:49.972+0000] {dagbag.py:536} INFO - Filling up the DagBag from /home/airflow/.local/lib/python3.10/site-packages/airflow/example_dags/example_short_circuit_operator.py
[2024-04-01T14:06:49.976+0000] {processor.py:839} INFO - DAG(s) dict_keys(['example_short_circuit_operator']) retrieved from /home/airflow/.local/lib/python3.10/site-packages/airflow/example_dags/example_short_circuit_operator.py
[2024-04-01T14:06:49.991+0000] {logging_mixin.py:154} INFO - [2024-04-01T14:06:49.991+0000] {dag.py:2941} INFO - Sync 1 DAGs
[2024-04-01T14:06:50.004+0000] {logging_mixin.py:154} INFO - [2024-04-01T14:06:50.004+0000] {dag.py:3722} INFO - Setting next_dagrun for example_short_circuit_operator to 2024-03-31T14:06:50.004401+00:00, run_after=2024-04-01T14:06:50.004401+00:00
[2024-04-01T14:06:50.013+0000] {processor.py:179} INFO - Processing /home/airflow/.local/lib/python3.10/site-packages/airflow/example_dags/example_short_circuit_operator.py took 0.045 seconds
[2024-04-01T14:07:20.725+0000] {processor.py:157} INFO - Started process (PID=695) to work on /home/airflow/.local/lib/python3.10/site-packages/airflow/example_dags/example_short_circuit_operator.py
[2024-04-01T14:07:20.725+0000] {processor.py:829} INFO - Processing file /home/airflow/.local/lib/python3.10/site-packages/airflow/example_dags/example_short_circuit_operator.py for tasks to queue
[2024-04-01T14:07:20.726+0000] {logging_mixin.py:154} INFO - [2024-04-01T14:07:20.726+0000] {dagbag.py:536} INFO - Filling up the DagBag from /home/airflow/.local/lib/python3.10/site-packages/airflow/example_dags/example_short_circuit_operator.py
[2024-04-01T14:07:20.730+0000] {processor.py:839} INFO - DAG(s) dict_keys(['example_short_circuit_operator']) retrieved from /home/airflow/.local/lib/python3.10/site-packages/airflow/example_dags/example_short_circuit_operator.py
[2024-04-01T14:07:20.744+0000] {logging_mixin.py:154} INFO - [2024-04-01T14:07:20.744+0000] {dag.py:2941} INFO - Sync 1 DAGs
[2024-04-01T14:07:20.756+0000] {logging_mixin.py:154} INFO - [2024-04-01T14:07:20.756+0000] {dag.py:3722} INFO - Setting next_dagrun for example_short_circuit_operator to 2024-03-31T14:07:20.756393+00:00, run_after=2024-04-01T14:07:20.756393+00:00
[2024-04-01T14:07:20.764+0000] {processor.py:179} INFO - Processing /home/airflow/.local/lib/python3.10/site-packages/airflow/example_dags/example_short_circuit_operator.py took 0.042 seconds
[2024-04-01T14:07:51.366+0000] {processor.py:157} INFO - Started process (PID=749) to work on /home/airflow/.local/lib/python3.10/site-packages/airflow/example_dags/example_short_circuit_operator.py
[2024-04-01T14:07:51.367+0000] {processor.py:829} INFO - Processing file /home/airflow/.local/lib/python3.10/site-packages/airflow/example_dags/example_short_circuit_operator.py for tasks to queue
[2024-04-01T14:07:51.368+0000] {logging_mixin.py:154} INFO - [2024-04-01T14:07:51.368+0000] {dagbag.py:536} INFO - Filling up the DagBag from /home/airflow/.local/lib/python3.10/site-packages/airflow/example_dags/example_short_circuit_operator.py
[2024-04-01T14:07:51.372+0000] {processor.py:839} INFO - DAG(s) dict_keys(['example_short_circuit_operator']) retrieved from /home/airflow/.local/lib/python3.10/site-packages/airflow/example_dags/example_short_circuit_operator.py
[2024-04-01T14:07:51.385+0000] {logging_mixin.py:154} INFO - [2024-04-01T14:07:51.385+0000] {dag.py:2941} INFO - Sync 1 DAGs
[2024-04-01T14:07:51.397+0000] {logging_mixin.py:154} INFO - [2024-04-01T14:07:51.397+0000] {dag.py:3722} INFO - Setting next_dagrun for example_short_circuit_operator to 2024-03-31T14:07:51.397097+00:00, run_after=2024-04-01T14:07:51.397097+00:00
[2024-04-01T14:07:51.405+0000] {processor.py:179} INFO - Processing /home/airflow/.local/lib/python3.10/site-packages/airflow/example_dags/example_short_circuit_operator.py took 0.041 seconds
[2024-04-01T14:08:21.973+0000] {processor.py:157} INFO - Started process (PID=803) to work on /home/airflow/.local/lib/python3.10/site-packages/airflow/example_dags/example_short_circuit_operator.py
[2024-04-01T14:08:21.974+0000] {processor.py:829} INFO - Processing file /home/airflow/.local/lib/python3.10/site-packages/airflow/example_dags/example_short_circuit_operator.py for tasks to queue
[2024-04-01T14:08:21.975+0000] {logging_mixin.py:154} INFO - [2024-04-01T14:08:21.975+0000] {dagbag.py:536} INFO - Filling up the DagBag from /home/airflow/.local/lib/python3.10/site-packages/airflow/example_dags/example_short_circuit_operator.py
[2024-04-01T14:08:21.980+0000] {processor.py:839} INFO - DAG(s) dict_keys(['example_short_circuit_operator']) retrieved from /home/airflow/.local/lib/python3.10/site-packages/airflow/example_dags/example_short_circuit_operator.py
[2024-04-01T14:08:21.995+0000] {logging_mixin.py:154} INFO - [2024-04-01T14:08:21.995+0000] {dag.py:2941} INFO - Sync 1 DAGs
[2024-04-01T14:08:22.008+0000] {logging_mixin.py:154} INFO - [2024-04-01T14:08:22.007+0000] {dag.py:3722} INFO - Setting next_dagrun for example_short_circuit_operator to 2024-03-31T14:08:22.007798+00:00, run_after=2024-04-01T14:08:22.007798+00:00
[2024-04-01T14:08:22.016+0000] {processor.py:179} INFO - Processing /home/airflow/.local/lib/python3.10/site-packages/airflow/example_dags/example_short_circuit_operator.py took 0.045 seconds
[2024-04-01T14:08:52.569+0000] {processor.py:157} INFO - Started process (PID=857) to work on /home/airflow/.local/lib/python3.10/site-packages/airflow/example_dags/example_short_circuit_operator.py
[2024-04-01T14:08:52.570+0000] {processor.py:829} INFO - Processing file /home/airflow/.local/lib/python3.10/site-packages/airflow/example_dags/example_short_circuit_operator.py for tasks to queue
[2024-04-01T14:08:52.571+0000] {logging_mixin.py:154} INFO - [2024-04-01T14:08:52.571+0000] {dagbag.py:536} INFO - Filling up the DagBag from /home/airflow/.local/lib/python3.10/site-packages/airflow/example_dags/example_short_circuit_operator.py
[2024-04-01T14:08:52.575+0000] {processor.py:839} INFO - DAG(s) dict_keys(['example_short_circuit_operator']) retrieved from /home/airflow/.local/lib/python3.10/site-packages/airflow/example_dags/example_short_circuit_operator.py
[2024-04-01T14:08:52.589+0000] {logging_mixin.py:154} INFO - [2024-04-01T14:08:52.589+0000] {dag.py:2941} INFO - Sync 1 DAGs
[2024-04-01T14:08:52.601+0000] {logging_mixin.py:154} INFO - [2024-04-01T14:08:52.601+0000] {dag.py:3722} INFO - Setting next_dagrun for example_short_circuit_operator to 2024-03-31T14:08:52.601702+00:00, run_after=2024-04-01T14:08:52.601702+00:00
[2024-04-01T14:08:52.610+0000] {processor.py:179} INFO - Processing /home/airflow/.local/lib/python3.10/site-packages/airflow/example_dags/example_short_circuit_operator.py took 0.043 seconds
[2024-04-01T14:09:23.365+0000] {processor.py:157} INFO - Started process (PID=911) to work on /home/airflow/.local/lib/python3.10/site-packages/airflow/example_dags/example_short_circuit_operator.py
[2024-04-01T14:09:23.365+0000] {processor.py:829} INFO - Processing file /home/airflow/.local/lib/python3.10/site-packages/airflow/example_dags/example_short_circuit_operator.py for tasks to queue
[2024-04-01T14:09:23.367+0000] {logging_mixin.py:154} INFO - [2024-04-01T14:09:23.366+0000] {dagbag.py:536} INFO - Filling up the DagBag from /home/airflow/.local/lib/python3.10/site-packages/airflow/example_dags/example_short_circuit_operator.py
[2024-04-01T14:09:23.371+0000] {processor.py:839} INFO - DAG(s) dict_keys(['example_short_circuit_operator']) retrieved from /home/airflow/.local/lib/python3.10/site-packages/airflow/example_dags/example_short_circuit_operator.py
[2024-04-01T14:09:23.385+0000] {logging_mixin.py:154} INFO - [2024-04-01T14:09:23.384+0000] {dag.py:2941} INFO - Sync 1 DAGs
[2024-04-01T14:09:23.396+0000] {logging_mixin.py:154} INFO - [2024-04-01T14:09:23.396+0000] {dag.py:3722} INFO - Setting next_dagrun for example_short_circuit_operator to 2024-03-31T14:09:23.396636+00:00, run_after=2024-04-01T14:09:23.396636+00:00
[2024-04-01T14:09:23.405+0000] {processor.py:179} INFO - Processing /home/airflow/.local/lib/python3.10/site-packages/airflow/example_dags/example_short_circuit_operator.py took 0.042 seconds
[2024-04-01T14:09:54.054+0000] {processor.py:157} INFO - Started process (PID=965) to work on /home/airflow/.local/lib/python3.10/site-packages/airflow/example_dags/example_short_circuit_operator.py
[2024-04-01T14:09:54.055+0000] {processor.py:829} INFO - Processing file /home/airflow/.local/lib/python3.10/site-packages/airflow/example_dags/example_short_circuit_operator.py for tasks to queue
[2024-04-01T14:09:54.056+0000] {logging_mixin.py:154} INFO - [2024-04-01T14:09:54.055+0000] {dagbag.py:536} INFO - Filling up the DagBag from /home/airflow/.local/lib/python3.10/site-packages/airflow/example_dags/example_short_circuit_operator.py
[2024-04-01T14:09:54.060+0000] {processor.py:839} INFO - DAG(s) dict_keys(['example_short_circuit_operator']) retrieved from /home/airflow/.local/lib/python3.10/site-packages/airflow/example_dags/example_short_circuit_operator.py
[2024-04-01T14:09:54.073+0000] {logging_mixin.py:154} INFO - [2024-04-01T14:09:54.073+0000] {dag.py:2941} INFO - Sync 1 DAGs
[2024-04-01T14:09:54.085+0000] {logging_mixin.py:154} INFO - [2024-04-01T14:09:54.085+0000] {dag.py:3722} INFO - Setting next_dagrun for example_short_circuit_operator to 2024-03-31T14:09:54.085084+00:00, run_after=2024-04-01T14:09:54.085084+00:00
[2024-04-01T14:09:54.093+0000] {processor.py:179} INFO - Processing /home/airflow/.local/lib/python3.10/site-packages/airflow/example_dags/example_short_circuit_operator.py took 0.041 seconds
[2024-04-01T14:10:24.712+0000] {processor.py:157} INFO - Started process (PID=1019) to work on /home/airflow/.local/lib/python3.10/site-packages/airflow/example_dags/example_short_circuit_operator.py
[2024-04-01T14:10:24.712+0000] {processor.py:829} INFO - Processing file /home/airflow/.local/lib/python3.10/site-packages/airflow/example_dags/example_short_circuit_operator.py for tasks to queue
[2024-04-01T14:10:24.713+0000] {logging_mixin.py:154} INFO - [2024-04-01T14:10:24.713+0000] {dagbag.py:536} INFO - Filling up the DagBag from /home/airflow/.local/lib/python3.10/site-packages/airflow/example_dags/example_short_circuit_operator.py
[2024-04-01T14:10:24.717+0000] {processor.py:839} INFO - DAG(s) dict_keys(['example_short_circuit_operator']) retrieved from /home/airflow/.local/lib/python3.10/site-packages/airflow/example_dags/example_short_circuit_operator.py
[2024-04-01T14:10:24.731+0000] {logging_mixin.py:154} INFO - [2024-04-01T14:10:24.731+0000] {dag.py:2941} INFO - Sync 1 DAGs
[2024-04-01T14:10:24.743+0000] {logging_mixin.py:154} INFO - [2024-04-01T14:10:24.743+0000] {dag.py:3722} INFO - Setting next_dagrun for example_short_circuit_operator to 2024-03-31T14:10:24.742913+00:00, run_after=2024-04-01T14:10:24.742913+00:00
[2024-04-01T14:10:24.751+0000] {processor.py:179} INFO - Processing /home/airflow/.local/lib/python3.10/site-packages/airflow/example_dags/example_short_circuit_operator.py took 0.041 seconds
[2024-04-01T14:10:55.339+0000] {processor.py:157} INFO - Started process (PID=1073) to work on /home/airflow/.local/lib/python3.10/site-packages/airflow/example_dags/example_short_circuit_operator.py
[2024-04-01T14:10:55.340+0000] {processor.py:829} INFO - Processing file /home/airflow/.local/lib/python3.10/site-packages/airflow/example_dags/example_short_circuit_operator.py for tasks to queue
[2024-04-01T14:10:55.341+0000] {logging_mixin.py:154} INFO - [2024-04-01T14:10:55.341+0000] {dagbag.py:536} INFO - Filling up the DagBag from /home/airflow/.local/lib/python3.10/site-packages/airflow/example_dags/example_short_circuit_operator.py
[2024-04-01T14:10:55.345+0000] {processor.py:839} INFO - DAG(s) dict_keys(['example_short_circuit_operator']) retrieved from /home/airflow/.local/lib/python3.10/site-packages/airflow/example_dags/example_short_circuit_operator.py
[2024-04-01T14:10:55.359+0000] {logging_mixin.py:154} INFO - [2024-04-01T14:10:55.358+0000] {dag.py:2941} INFO - Sync 1 DAGs
[2024-04-01T14:10:55.370+0000] {logging_mixin.py:154} INFO - [2024-04-01T14:10:55.370+0000] {dag.py:3722} INFO - Setting next_dagrun for example_short_circuit_operator to 2024-03-31T14:10:55.370558+00:00, run_after=2024-04-01T14:10:55.370558+00:00
[2024-04-01T14:10:55.378+0000] {processor.py:179} INFO - Processing /home/airflow/.local/lib/python3.10/site-packages/airflow/example_dags/example_short_circuit_operator.py took 0.041 seconds
[2024-04-01T14:11:26.043+0000] {processor.py:157} INFO - Started process (PID=1127) to work on /home/airflow/.local/lib/python3.10/site-packages/airflow/example_dags/example_short_circuit_operator.py
[2024-04-01T14:11:26.044+0000] {processor.py:829} INFO - Processing file /home/airflow/.local/lib/python3.10/site-packages/airflow/example_dags/example_short_circuit_operator.py for tasks to queue
[2024-04-01T14:11:26.045+0000] {logging_mixin.py:154} INFO - [2024-04-01T14:11:26.045+0000] {dagbag.py:536} INFO - Filling up the DagBag from /home/airflow/.local/lib/python3.10/site-packages/airflow/example_dags/example_short_circuit_operator.py
[2024-04-01T14:11:26.049+0000] {processor.py:839} INFO - DAG(s) dict_keys(['example_short_circuit_operator']) retrieved from /home/airflow/.local/lib/python3.10/site-packages/airflow/example_dags/example_short_circuit_operator.py
[2024-04-01T14:11:26.063+0000] {logging_mixin.py:154} INFO - [2024-04-01T14:11:26.062+0000] {dag.py:2941} INFO - Sync 1 DAGs
[2024-04-01T14:11:26.075+0000] {logging_mixin.py:154} INFO - [2024-04-01T14:11:26.075+0000] {dag.py:3722} INFO - Setting next_dagrun for example_short_circuit_operator to 2024-03-31T14:11:26.074835+00:00, run_after=2024-04-01T14:11:26.074835+00:00
[2024-04-01T14:11:26.083+0000] {processor.py:179} INFO - Processing /home/airflow/.local/lib/python3.10/site-packages/airflow/example_dags/example_short_circuit_operator.py took 0.042 seconds
[2024-04-01T14:11:56.731+0000] {processor.py:157} INFO - Started process (PID=1181) to work on /home/airflow/.local/lib/python3.10/site-packages/airflow/example_dags/example_short_circuit_operator.py
[2024-04-01T14:11:56.732+0000] {processor.py:829} INFO - Processing file /home/airflow/.local/lib/python3.10/site-packages/airflow/example_dags/example_short_circuit_operator.py for tasks to queue
[2024-04-01T14:11:56.733+0000] {logging_mixin.py:154} INFO - [2024-04-01T14:11:56.732+0000] {dagbag.py:536} INFO - Filling up the DagBag from /home/airflow/.local/lib/python3.10/site-packages/airflow/example_dags/example_short_circuit_operator.py
[2024-04-01T14:11:56.737+0000] {processor.py:839} INFO - DAG(s) dict_keys(['example_short_circuit_operator']) retrieved from /home/airflow/.local/lib/python3.10/site-packages/airflow/example_dags/example_short_circuit_operator.py
[2024-04-01T14:11:56.750+0000] {logging_mixin.py:154} INFO - [2024-04-01T14:11:56.750+0000] {dag.py:2941} INFO - Sync 1 DAGs
[2024-04-01T14:11:56.762+0000] {logging_mixin.py:154} INFO - [2024-04-01T14:11:56.762+0000] {dag.py:3722} INFO - Setting next_dagrun for example_short_circuit_operator to 2024-03-31T14:11:56.762518+00:00, run_after=2024-04-01T14:11:56.762518+00:00
[2024-04-01T14:11:56.771+0000] {processor.py:179} INFO - Processing /home/airflow/.local/lib/python3.10/site-packages/airflow/example_dags/example_short_circuit_operator.py took 0.042 seconds
[2024-04-01T14:12:27.484+0000] {processor.py:157} INFO - Started process (PID=1235) to work on /home/airflow/.local/lib/python3.10/site-packages/airflow/example_dags/example_short_circuit_operator.py
[2024-04-01T14:12:27.485+0000] {processor.py:829} INFO - Processing file /home/airflow/.local/lib/python3.10/site-packages/airflow/example_dags/example_short_circuit_operator.py for tasks to queue
[2024-04-01T14:12:27.486+0000] {logging_mixin.py:154} INFO - [2024-04-01T14:12:27.486+0000] {dagbag.py:536} INFO - Filling up the DagBag from /home/airflow/.local/lib/python3.10/site-packages/airflow/example_dags/example_short_circuit_operator.py
[2024-04-01T14:12:27.490+0000] {processor.py:839} INFO - DAG(s) dict_keys(['example_short_circuit_operator']) retrieved from /home/airflow/.local/lib/python3.10/site-packages/airflow/example_dags/example_short_circuit_operator.py
[2024-04-01T14:12:27.503+0000] {logging_mixin.py:154} INFO - [2024-04-01T14:12:27.503+0000] {dag.py:2941} INFO - Sync 1 DAGs
[2024-04-01T14:12:27.515+0000] {logging_mixin.py:154} INFO - [2024-04-01T14:12:27.515+0000] {dag.py:3722} INFO - Setting next_dagrun for example_short_circuit_operator to 2024-03-31T14:12:27.515229+00:00, run_after=2024-04-01T14:12:27.515229+00:00
[2024-04-01T14:12:27.524+0000] {processor.py:179} INFO - Processing /home/airflow/.local/lib/python3.10/site-packages/airflow/example_dags/example_short_circuit_operator.py took 0.041 seconds
[2024-04-01T14:12:58.168+0000] {processor.py:157} INFO - Started process (PID=1289) to work on /home/airflow/.local/lib/python3.10/site-packages/airflow/example_dags/example_short_circuit_operator.py
[2024-04-01T14:12:58.168+0000] {processor.py:829} INFO - Processing file /home/airflow/.local/lib/python3.10/site-packages/airflow/example_dags/example_short_circuit_operator.py for tasks to queue
[2024-04-01T14:12:58.169+0000] {logging_mixin.py:154} INFO - [2024-04-01T14:12:58.169+0000] {dagbag.py:536} INFO - Filling up the DagBag from /home/airflow/.local/lib/python3.10/site-packages/airflow/example_dags/example_short_circuit_operator.py
[2024-04-01T14:12:58.174+0000] {processor.py:839} INFO - DAG(s) dict_keys(['example_short_circuit_operator']) retrieved from /home/airflow/.local/lib/python3.10/site-packages/airflow/example_dags/example_short_circuit_operator.py
[2024-04-01T14:12:58.187+0000] {logging_mixin.py:154} INFO - [2024-04-01T14:12:58.187+0000] {dag.py:2941} INFO - Sync 1 DAGs
[2024-04-01T14:12:58.199+0000] {logging_mixin.py:154} INFO - [2024-04-01T14:12:58.199+0000] {dag.py:3722} INFO - Setting next_dagrun for example_short_circuit_operator to 2024-03-31T14:12:58.199270+00:00, run_after=2024-04-01T14:12:58.199270+00:00
[2024-04-01T14:12:58.207+0000] {processor.py:179} INFO - Processing /home/airflow/.local/lib/python3.10/site-packages/airflow/example_dags/example_short_circuit_operator.py took 0.042 seconds
[2024-04-01T14:13:28.923+0000] {processor.py:157} INFO - Started process (PID=1343) to work on /home/airflow/.local/lib/python3.10/site-packages/airflow/example_dags/example_short_circuit_operator.py
[2024-04-01T14:13:28.924+0000] {processor.py:829} INFO - Processing file /home/airflow/.local/lib/python3.10/site-packages/airflow/example_dags/example_short_circuit_operator.py for tasks to queue
[2024-04-01T14:13:28.925+0000] {logging_mixin.py:154} INFO - [2024-04-01T14:13:28.925+0000] {dagbag.py:536} INFO - Filling up the DagBag from /home/airflow/.local/lib/python3.10/site-packages/airflow/example_dags/example_short_circuit_operator.py
[2024-04-01T14:13:28.929+0000] {processor.py:839} INFO - DAG(s) dict_keys(['example_short_circuit_operator']) retrieved from /home/airflow/.local/lib/python3.10/site-packages/airflow/example_dags/example_short_circuit_operator.py
[2024-04-01T14:13:28.943+0000] {logging_mixin.py:154} INFO - [2024-04-01T14:13:28.943+0000] {dag.py:2941} INFO - Sync 1 DAGs
[2024-04-01T14:13:28.956+0000] {logging_mixin.py:154} INFO - [2024-04-01T14:13:28.955+0000] {dag.py:3722} INFO - Setting next_dagrun for example_short_circuit_operator to 2024-03-31T14:13:28.955798+00:00, run_after=2024-04-01T14:13:28.955798+00:00
[2024-04-01T14:13:28.964+0000] {processor.py:179} INFO - Processing /home/airflow/.local/lib/python3.10/site-packages/airflow/example_dags/example_short_circuit_operator.py took 0.043 seconds
[2024-04-01T14:13:59.628+0000] {processor.py:157} INFO - Started process (PID=1397) to work on /home/airflow/.local/lib/python3.10/site-packages/airflow/example_dags/example_short_circuit_operator.py
[2024-04-01T14:13:59.628+0000] {processor.py:829} INFO - Processing file /home/airflow/.local/lib/python3.10/site-packages/airflow/example_dags/example_short_circuit_operator.py for tasks to queue
[2024-04-01T14:13:59.630+0000] {logging_mixin.py:154} INFO - [2024-04-01T14:13:59.629+0000] {dagbag.py:536} INFO - Filling up the DagBag from /home/airflow/.local/lib/python3.10/site-packages/airflow/example_dags/example_short_circuit_operator.py
[2024-04-01T14:13:59.634+0000] {processor.py:839} INFO - DAG(s) dict_keys(['example_short_circuit_operator']) retrieved from /home/airflow/.local/lib/python3.10/site-packages/airflow/example_dags/example_short_circuit_operator.py
[2024-04-01T14:13:59.647+0000] {logging_mixin.py:154} INFO - [2024-04-01T14:13:59.647+0000] {dag.py:2941} INFO - Sync 1 DAGs
[2024-04-01T14:13:59.659+0000] {logging_mixin.py:154} INFO - [2024-04-01T14:13:59.659+0000] {dag.py:3722} INFO - Setting next_dagrun for example_short_circuit_operator to 2024-03-31T14:13:59.659306+00:00, run_after=2024-04-01T14:13:59.659306+00:00
[2024-04-01T14:13:59.667+0000] {processor.py:179} INFO - Processing /home/airflow/.local/lib/python3.10/site-packages/airflow/example_dags/example_short_circuit_operator.py took 0.041 seconds
