[2024-04-01T14:01:13.324+0000] {processor.py:157} INFO - Started process (PID=61) to work on /home/airflow/.local/lib/python3.10/site-packages/airflow/example_dags/example_task_group.py
[2024-04-01T14:01:13.324+0000] {processor.py:829} INFO - Processing file /home/airflow/.local/lib/python3.10/site-packages/airflow/example_dags/example_task_group.py for tasks to queue
[2024-04-01T14:01:13.326+0000] {logging_mixin.py:154} INFO - [2024-04-01T14:01:13.326+0000] {dagbag.py:536} INFO - Filling up the DagBag from /home/airflow/.local/lib/python3.10/site-packages/airflow/example_dags/example_task_group.py
[2024-04-01T14:01:13.331+0000] {processor.py:839} INFO - DAG(s) dict_keys(['example_task_group']) retrieved from /home/airflow/.local/lib/python3.10/site-packages/airflow/example_dags/example_task_group.py
[2024-04-01T14:01:13.339+0000] {logging_mixin.py:154} INFO - [2024-04-01T14:01:13.339+0000] {dag.py:2941} INFO - Sync 1 DAGs
[2024-04-01T14:01:13.353+0000] {logging_mixin.py:154} INFO - [2024-04-01T14:01:13.353+0000] {dag.py:3722} INFO - Setting next_dagrun for example_task_group to 2024-03-31T14:01:13.353569+00:00, run_after=2024-04-01T14:01:13.353569+00:00
[2024-04-01T14:01:13.363+0000] {processor.py:179} INFO - Processing /home/airflow/.local/lib/python3.10/site-packages/airflow/example_dags/example_task_group.py took 0.041 seconds
[2024-04-01T14:01:43.887+0000] {processor.py:157} INFO - Started process (PID=115) to work on /home/airflow/.local/lib/python3.10/site-packages/airflow/example_dags/example_task_group.py
[2024-04-01T14:01:43.887+0000] {processor.py:829} INFO - Processing file /home/airflow/.local/lib/python3.10/site-packages/airflow/example_dags/example_task_group.py for tasks to queue
[2024-04-01T14:01:43.888+0000] {logging_mixin.py:154} INFO - [2024-04-01T14:01:43.888+0000] {dagbag.py:536} INFO - Filling up the DagBag from /home/airflow/.local/lib/python3.10/site-packages/airflow/example_dags/example_task_group.py
[2024-04-01T14:01:43.892+0000] {processor.py:839} INFO - DAG(s) dict_keys(['example_task_group']) retrieved from /home/airflow/.local/lib/python3.10/site-packages/airflow/example_dags/example_task_group.py
[2024-04-01T14:01:43.905+0000] {logging_mixin.py:154} INFO - [2024-04-01T14:01:43.904+0000] {dag.py:2941} INFO - Sync 1 DAGs
[2024-04-01T14:01:43.916+0000] {logging_mixin.py:154} INFO - [2024-04-01T14:01:43.916+0000] {dag.py:3722} INFO - Setting next_dagrun for example_task_group to 2024-03-31T14:01:43.916261+00:00, run_after=2024-04-01T14:01:43.916261+00:00
[2024-04-01T14:01:43.924+0000] {processor.py:179} INFO - Processing /home/airflow/.local/lib/python3.10/site-packages/airflow/example_dags/example_task_group.py took 0.039 seconds
[2024-04-01T14:02:14.478+0000] {processor.py:157} INFO - Started process (PID=169) to work on /home/airflow/.local/lib/python3.10/site-packages/airflow/example_dags/example_task_group.py
[2024-04-01T14:02:14.478+0000] {processor.py:829} INFO - Processing file /home/airflow/.local/lib/python3.10/site-packages/airflow/example_dags/example_task_group.py for tasks to queue
[2024-04-01T14:02:14.479+0000] {logging_mixin.py:154} INFO - [2024-04-01T14:02:14.479+0000] {dagbag.py:536} INFO - Filling up the DagBag from /home/airflow/.local/lib/python3.10/site-packages/airflow/example_dags/example_task_group.py
[2024-04-01T14:02:14.483+0000] {processor.py:839} INFO - DAG(s) dict_keys(['example_task_group']) retrieved from /home/airflow/.local/lib/python3.10/site-packages/airflow/example_dags/example_task_group.py
[2024-04-01T14:02:14.495+0000] {logging_mixin.py:154} INFO - [2024-04-01T14:02:14.495+0000] {dag.py:2941} INFO - Sync 1 DAGs
[2024-04-01T14:02:14.507+0000] {logging_mixin.py:154} INFO - [2024-04-01T14:02:14.506+0000] {dag.py:3722} INFO - Setting next_dagrun for example_task_group to 2024-03-31T14:02:14.506847+00:00, run_after=2024-04-01T14:02:14.506847+00:00
[2024-04-01T14:02:14.515+0000] {processor.py:179} INFO - Processing /home/airflow/.local/lib/python3.10/site-packages/airflow/example_dags/example_task_group.py took 0.039 seconds
[2024-04-01T14:02:45.032+0000] {processor.py:157} INFO - Started process (PID=223) to work on /home/airflow/.local/lib/python3.10/site-packages/airflow/example_dags/example_task_group.py
[2024-04-01T14:02:45.032+0000] {processor.py:829} INFO - Processing file /home/airflow/.local/lib/python3.10/site-packages/airflow/example_dags/example_task_group.py for tasks to queue
[2024-04-01T14:02:45.033+0000] {logging_mixin.py:154} INFO - [2024-04-01T14:02:45.033+0000] {dagbag.py:536} INFO - Filling up the DagBag from /home/airflow/.local/lib/python3.10/site-packages/airflow/example_dags/example_task_group.py
[2024-04-01T14:02:45.037+0000] {processor.py:839} INFO - DAG(s) dict_keys(['example_task_group']) retrieved from /home/airflow/.local/lib/python3.10/site-packages/airflow/example_dags/example_task_group.py
[2024-04-01T14:02:45.050+0000] {logging_mixin.py:154} INFO - [2024-04-01T14:02:45.050+0000] {dag.py:2941} INFO - Sync 1 DAGs
[2024-04-01T14:02:45.061+0000] {logging_mixin.py:154} INFO - [2024-04-01T14:02:45.061+0000] {dag.py:3722} INFO - Setting next_dagrun for example_task_group to 2024-03-31T14:02:45.061683+00:00, run_after=2024-04-01T14:02:45.061683+00:00
[2024-04-01T14:02:45.070+0000] {processor.py:179} INFO - Processing /home/airflow/.local/lib/python3.10/site-packages/airflow/example_dags/example_task_group.py took 0.040 seconds
[2024-04-01T14:03:15.724+0000] {processor.py:157} INFO - Started process (PID=277) to work on /home/airflow/.local/lib/python3.10/site-packages/airflow/example_dags/example_task_group.py
[2024-04-01T14:03:15.725+0000] {processor.py:829} INFO - Processing file /home/airflow/.local/lib/python3.10/site-packages/airflow/example_dags/example_task_group.py for tasks to queue
[2024-04-01T14:03:15.726+0000] {logging_mixin.py:154} INFO - [2024-04-01T14:03:15.726+0000] {dagbag.py:536} INFO - Filling up the DagBag from /home/airflow/.local/lib/python3.10/site-packages/airflow/example_dags/example_task_group.py
[2024-04-01T14:03:15.730+0000] {processor.py:839} INFO - DAG(s) dict_keys(['example_task_group']) retrieved from /home/airflow/.local/lib/python3.10/site-packages/airflow/example_dags/example_task_group.py
[2024-04-01T14:03:15.743+0000] {logging_mixin.py:154} INFO - [2024-04-01T14:03:15.743+0000] {dag.py:2941} INFO - Sync 1 DAGs
[2024-04-01T14:03:15.755+0000] {logging_mixin.py:154} INFO - [2024-04-01T14:03:15.755+0000] {dag.py:3722} INFO - Setting next_dagrun for example_task_group to 2024-03-31T14:03:15.755042+00:00, run_after=2024-04-01T14:03:15.755042+00:00
[2024-04-01T14:03:15.763+0000] {processor.py:179} INFO - Processing /home/airflow/.local/lib/python3.10/site-packages/airflow/example_dags/example_task_group.py took 0.041 seconds
[2024-04-01T14:03:46.431+0000] {processor.py:157} INFO - Started process (PID=331) to work on /home/airflow/.local/lib/python3.10/site-packages/airflow/example_dags/example_task_group.py
[2024-04-01T14:03:46.432+0000] {processor.py:829} INFO - Processing file /home/airflow/.local/lib/python3.10/site-packages/airflow/example_dags/example_task_group.py for tasks to queue
[2024-04-01T14:03:46.433+0000] {logging_mixin.py:154} INFO - [2024-04-01T14:03:46.433+0000] {dagbag.py:536} INFO - Filling up the DagBag from /home/airflow/.local/lib/python3.10/site-packages/airflow/example_dags/example_task_group.py
[2024-04-01T14:03:46.437+0000] {processor.py:839} INFO - DAG(s) dict_keys(['example_task_group']) retrieved from /home/airflow/.local/lib/python3.10/site-packages/airflow/example_dags/example_task_group.py
[2024-04-01T14:03:46.450+0000] {logging_mixin.py:154} INFO - [2024-04-01T14:03:46.450+0000] {dag.py:2941} INFO - Sync 1 DAGs
[2024-04-01T14:03:46.462+0000] {logging_mixin.py:154} INFO - [2024-04-01T14:03:46.462+0000] {dag.py:3722} INFO - Setting next_dagrun for example_task_group to 2024-03-31T14:03:46.462200+00:00, run_after=2024-04-01T14:03:46.462200+00:00
[2024-04-01T14:03:46.471+0000] {processor.py:179} INFO - Processing /home/airflow/.local/lib/python3.10/site-packages/airflow/example_dags/example_task_group.py took 0.042 seconds
[2024-04-01T14:04:17.187+0000] {processor.py:157} INFO - Started process (PID=385) to work on /home/airflow/.local/lib/python3.10/site-packages/airflow/example_dags/example_task_group.py
[2024-04-01T14:04:17.188+0000] {processor.py:829} INFO - Processing file /home/airflow/.local/lib/python3.10/site-packages/airflow/example_dags/example_task_group.py for tasks to queue
[2024-04-01T14:04:17.189+0000] {logging_mixin.py:154} INFO - [2024-04-01T14:04:17.189+0000] {dagbag.py:536} INFO - Filling up the DagBag from /home/airflow/.local/lib/python3.10/site-packages/airflow/example_dags/example_task_group.py
[2024-04-01T14:04:17.193+0000] {processor.py:839} INFO - DAG(s) dict_keys(['example_task_group']) retrieved from /home/airflow/.local/lib/python3.10/site-packages/airflow/example_dags/example_task_group.py
[2024-04-01T14:04:17.206+0000] {logging_mixin.py:154} INFO - [2024-04-01T14:04:17.206+0000] {dag.py:2941} INFO - Sync 1 DAGs
[2024-04-01T14:04:17.218+0000] {logging_mixin.py:154} INFO - [2024-04-01T14:04:17.218+0000] {dag.py:3722} INFO - Setting next_dagrun for example_task_group to 2024-03-31T14:04:17.218335+00:00, run_after=2024-04-01T14:04:17.218335+00:00
[2024-04-01T14:04:17.227+0000] {processor.py:179} INFO - Processing /home/airflow/.local/lib/python3.10/site-packages/airflow/example_dags/example_task_group.py took 0.042 seconds
[2024-04-01T14:04:47.874+0000] {processor.py:157} INFO - Started process (PID=439) to work on /home/airflow/.local/lib/python3.10/site-packages/airflow/example_dags/example_task_group.py
[2024-04-01T14:04:47.875+0000] {processor.py:829} INFO - Processing file /home/airflow/.local/lib/python3.10/site-packages/airflow/example_dags/example_task_group.py for tasks to queue
[2024-04-01T14:04:47.876+0000] {logging_mixin.py:154} INFO - [2024-04-01T14:04:47.876+0000] {dagbag.py:536} INFO - Filling up the DagBag from /home/airflow/.local/lib/python3.10/site-packages/airflow/example_dags/example_task_group.py
[2024-04-01T14:04:47.880+0000] {processor.py:839} INFO - DAG(s) dict_keys(['example_task_group']) retrieved from /home/airflow/.local/lib/python3.10/site-packages/airflow/example_dags/example_task_group.py
[2024-04-01T14:04:47.893+0000] {logging_mixin.py:154} INFO - [2024-04-01T14:04:47.893+0000] {dag.py:2941} INFO - Sync 1 DAGs
[2024-04-01T14:04:47.905+0000] {logging_mixin.py:154} INFO - [2024-04-01T14:04:47.905+0000] {dag.py:3722} INFO - Setting next_dagrun for example_task_group to 2024-03-31T14:04:47.905624+00:00, run_after=2024-04-01T14:04:47.905624+00:00
[2024-04-01T14:04:47.914+0000] {processor.py:179} INFO - Processing /home/airflow/.local/lib/python3.10/site-packages/airflow/example_dags/example_task_group.py took 0.042 seconds
[2024-04-01T14:05:18.467+0000] {processor.py:157} INFO - Started process (PID=493) to work on /home/airflow/.local/lib/python3.10/site-packages/airflow/example_dags/example_task_group.py
[2024-04-01T14:05:18.467+0000] {processor.py:829} INFO - Processing file /home/airflow/.local/lib/python3.10/site-packages/airflow/example_dags/example_task_group.py for tasks to queue
[2024-04-01T14:05:18.468+0000] {logging_mixin.py:154} INFO - [2024-04-01T14:05:18.468+0000] {dagbag.py:536} INFO - Filling up the DagBag from /home/airflow/.local/lib/python3.10/site-packages/airflow/example_dags/example_task_group.py
[2024-04-01T14:05:18.473+0000] {processor.py:839} INFO - DAG(s) dict_keys(['example_task_group']) retrieved from /home/airflow/.local/lib/python3.10/site-packages/airflow/example_dags/example_task_group.py
[2024-04-01T14:05:18.486+0000] {logging_mixin.py:154} INFO - [2024-04-01T14:05:18.486+0000] {dag.py:2941} INFO - Sync 1 DAGs
[2024-04-01T14:05:18.498+0000] {logging_mixin.py:154} INFO - [2024-04-01T14:05:18.498+0000] {dag.py:3722} INFO - Setting next_dagrun for example_task_group to 2024-03-31T14:05:18.498735+00:00, run_after=2024-04-01T14:05:18.498735+00:00
[2024-04-01T14:05:18.507+0000] {processor.py:179} INFO - Processing /home/airflow/.local/lib/python3.10/site-packages/airflow/example_dags/example_task_group.py took 0.043 seconds
[2024-04-01T14:05:49.162+0000] {processor.py:157} INFO - Started process (PID=547) to work on /home/airflow/.local/lib/python3.10/site-packages/airflow/example_dags/example_task_group.py
[2024-04-01T14:05:49.163+0000] {processor.py:829} INFO - Processing file /home/airflow/.local/lib/python3.10/site-packages/airflow/example_dags/example_task_group.py for tasks to queue
[2024-04-01T14:05:49.164+0000] {logging_mixin.py:154} INFO - [2024-04-01T14:05:49.164+0000] {dagbag.py:536} INFO - Filling up the DagBag from /home/airflow/.local/lib/python3.10/site-packages/airflow/example_dags/example_task_group.py
[2024-04-01T14:05:49.168+0000] {processor.py:839} INFO - DAG(s) dict_keys(['example_task_group']) retrieved from /home/airflow/.local/lib/python3.10/site-packages/airflow/example_dags/example_task_group.py
[2024-04-01T14:05:49.182+0000] {logging_mixin.py:154} INFO - [2024-04-01T14:05:49.182+0000] {dag.py:2941} INFO - Sync 1 DAGs
[2024-04-01T14:05:49.195+0000] {logging_mixin.py:154} INFO - [2024-04-01T14:05:49.195+0000] {dag.py:3722} INFO - Setting next_dagrun for example_task_group to 2024-03-31T14:05:49.194989+00:00, run_after=2024-04-01T14:05:49.194989+00:00
[2024-04-01T14:05:49.205+0000] {processor.py:179} INFO - Processing /home/airflow/.local/lib/python3.10/site-packages/airflow/example_dags/example_task_group.py took 0.045 seconds
[2024-04-01T14:06:19.877+0000] {processor.py:157} INFO - Started process (PID=601) to work on /home/airflow/.local/lib/python3.10/site-packages/airflow/example_dags/example_task_group.py
[2024-04-01T14:06:19.878+0000] {processor.py:829} INFO - Processing file /home/airflow/.local/lib/python3.10/site-packages/airflow/example_dags/example_task_group.py for tasks to queue
[2024-04-01T14:06:19.879+0000] {logging_mixin.py:154} INFO - [2024-04-01T14:06:19.879+0000] {dagbag.py:536} INFO - Filling up the DagBag from /home/airflow/.local/lib/python3.10/site-packages/airflow/example_dags/example_task_group.py
[2024-04-01T14:06:19.883+0000] {processor.py:839} INFO - DAG(s) dict_keys(['example_task_group']) retrieved from /home/airflow/.local/lib/python3.10/site-packages/airflow/example_dags/example_task_group.py
[2024-04-01T14:06:19.895+0000] {logging_mixin.py:154} INFO - [2024-04-01T14:06:19.895+0000] {dag.py:2941} INFO - Sync 1 DAGs
[2024-04-01T14:06:19.906+0000] {logging_mixin.py:154} INFO - [2024-04-01T14:06:19.906+0000] {dag.py:3722} INFO - Setting next_dagrun for example_task_group to 2024-03-31T14:06:19.906558+00:00, run_after=2024-04-01T14:06:19.906558+00:00
[2024-04-01T14:06:19.915+0000] {processor.py:179} INFO - Processing /home/airflow/.local/lib/python3.10/site-packages/airflow/example_dags/example_task_group.py took 0.040 seconds
[2024-04-01T14:06:50.502+0000] {processor.py:157} INFO - Started process (PID=655) to work on /home/airflow/.local/lib/python3.10/site-packages/airflow/example_dags/example_task_group.py
[2024-04-01T14:06:50.502+0000] {processor.py:829} INFO - Processing file /home/airflow/.local/lib/python3.10/site-packages/airflow/example_dags/example_task_group.py for tasks to queue
[2024-04-01T14:06:50.503+0000] {logging_mixin.py:154} INFO - [2024-04-01T14:06:50.503+0000] {dagbag.py:536} INFO - Filling up the DagBag from /home/airflow/.local/lib/python3.10/site-packages/airflow/example_dags/example_task_group.py
[2024-04-01T14:06:50.507+0000] {processor.py:839} INFO - DAG(s) dict_keys(['example_task_group']) retrieved from /home/airflow/.local/lib/python3.10/site-packages/airflow/example_dags/example_task_group.py
[2024-04-01T14:06:50.520+0000] {logging_mixin.py:154} INFO - [2024-04-01T14:06:50.520+0000] {dag.py:2941} INFO - Sync 1 DAGs
[2024-04-01T14:06:50.531+0000] {logging_mixin.py:154} INFO - [2024-04-01T14:06:50.531+0000] {dag.py:3722} INFO - Setting next_dagrun for example_task_group to 2024-03-31T14:06:50.531232+00:00, run_after=2024-04-01T14:06:50.531232+00:00
[2024-04-01T14:06:50.539+0000] {processor.py:179} INFO - Processing /home/airflow/.local/lib/python3.10/site-packages/airflow/example_dags/example_task_group.py took 0.040 seconds
[2024-04-01T14:07:21.263+0000] {processor.py:157} INFO - Started process (PID=709) to work on /home/airflow/.local/lib/python3.10/site-packages/airflow/example_dags/example_task_group.py
[2024-04-01T14:07:21.264+0000] {processor.py:829} INFO - Processing file /home/airflow/.local/lib/python3.10/site-packages/airflow/example_dags/example_task_group.py for tasks to queue
[2024-04-01T14:07:21.265+0000] {logging_mixin.py:154} INFO - [2024-04-01T14:07:21.265+0000] {dagbag.py:536} INFO - Filling up the DagBag from /home/airflow/.local/lib/python3.10/site-packages/airflow/example_dags/example_task_group.py
[2024-04-01T14:07:21.269+0000] {processor.py:839} INFO - DAG(s) dict_keys(['example_task_group']) retrieved from /home/airflow/.local/lib/python3.10/site-packages/airflow/example_dags/example_task_group.py
[2024-04-01T14:07:21.282+0000] {logging_mixin.py:154} INFO - [2024-04-01T14:07:21.282+0000] {dag.py:2941} INFO - Sync 1 DAGs
[2024-04-01T14:07:21.293+0000] {logging_mixin.py:154} INFO - [2024-04-01T14:07:21.293+0000] {dag.py:3722} INFO - Setting next_dagrun for example_task_group to 2024-03-31T14:07:21.293485+00:00, run_after=2024-04-01T14:07:21.293485+00:00
[2024-04-01T14:07:21.302+0000] {processor.py:179} INFO - Processing /home/airflow/.local/lib/python3.10/site-packages/airflow/example_dags/example_task_group.py took 0.041 seconds
[2024-04-01T14:07:51.823+0000] {processor.py:157} INFO - Started process (PID=763) to work on /home/airflow/.local/lib/python3.10/site-packages/airflow/example_dags/example_task_group.py
[2024-04-01T14:07:51.824+0000] {processor.py:829} INFO - Processing file /home/airflow/.local/lib/python3.10/site-packages/airflow/example_dags/example_task_group.py for tasks to queue
[2024-04-01T14:07:51.825+0000] {logging_mixin.py:154} INFO - [2024-04-01T14:07:51.825+0000] {dagbag.py:536} INFO - Filling up the DagBag from /home/airflow/.local/lib/python3.10/site-packages/airflow/example_dags/example_task_group.py
[2024-04-01T14:07:51.830+0000] {processor.py:839} INFO - DAG(s) dict_keys(['example_task_group']) retrieved from /home/airflow/.local/lib/python3.10/site-packages/airflow/example_dags/example_task_group.py
[2024-04-01T14:07:51.843+0000] {logging_mixin.py:154} INFO - [2024-04-01T14:07:51.843+0000] {dag.py:2941} INFO - Sync 1 DAGs
[2024-04-01T14:07:51.855+0000] {logging_mixin.py:154} INFO - [2024-04-01T14:07:51.854+0000] {dag.py:3722} INFO - Setting next_dagrun for example_task_group to 2024-03-31T14:07:51.854789+00:00, run_after=2024-04-01T14:07:51.854789+00:00
[2024-04-01T14:07:51.863+0000] {processor.py:179} INFO - Processing /home/airflow/.local/lib/python3.10/site-packages/airflow/example_dags/example_task_group.py took 0.042 seconds
[2024-04-01T14:08:22.436+0000] {processor.py:157} INFO - Started process (PID=817) to work on /home/airflow/.local/lib/python3.10/site-packages/airflow/example_dags/example_task_group.py
[2024-04-01T14:08:22.436+0000] {processor.py:829} INFO - Processing file /home/airflow/.local/lib/python3.10/site-packages/airflow/example_dags/example_task_group.py for tasks to queue
[2024-04-01T14:08:22.437+0000] {logging_mixin.py:154} INFO - [2024-04-01T14:08:22.437+0000] {dagbag.py:536} INFO - Filling up the DagBag from /home/airflow/.local/lib/python3.10/site-packages/airflow/example_dags/example_task_group.py
[2024-04-01T14:08:22.442+0000] {processor.py:839} INFO - DAG(s) dict_keys(['example_task_group']) retrieved from /home/airflow/.local/lib/python3.10/site-packages/airflow/example_dags/example_task_group.py
[2024-04-01T14:08:22.455+0000] {logging_mixin.py:154} INFO - [2024-04-01T14:08:22.454+0000] {dag.py:2941} INFO - Sync 1 DAGs
[2024-04-01T14:08:22.466+0000] {logging_mixin.py:154} INFO - [2024-04-01T14:08:22.466+0000] {dag.py:3722} INFO - Setting next_dagrun for example_task_group to 2024-03-31T14:08:22.466489+00:00, run_after=2024-04-01T14:08:22.466489+00:00
[2024-04-01T14:08:22.475+0000] {processor.py:179} INFO - Processing /home/airflow/.local/lib/python3.10/site-packages/airflow/example_dags/example_task_group.py took 0.041 seconds
[2024-04-01T14:08:53.117+0000] {processor.py:157} INFO - Started process (PID=871) to work on /home/airflow/.local/lib/python3.10/site-packages/airflow/example_dags/example_task_group.py
[2024-04-01T14:08:53.118+0000] {processor.py:829} INFO - Processing file /home/airflow/.local/lib/python3.10/site-packages/airflow/example_dags/example_task_group.py for tasks to queue
[2024-04-01T14:08:53.119+0000] {logging_mixin.py:154} INFO - [2024-04-01T14:08:53.119+0000] {dagbag.py:536} INFO - Filling up the DagBag from /home/airflow/.local/lib/python3.10/site-packages/airflow/example_dags/example_task_group.py
[2024-04-01T14:08:53.123+0000] {processor.py:839} INFO - DAG(s) dict_keys(['example_task_group']) retrieved from /home/airflow/.local/lib/python3.10/site-packages/airflow/example_dags/example_task_group.py
[2024-04-01T14:08:53.136+0000] {logging_mixin.py:154} INFO - [2024-04-01T14:08:53.136+0000] {dag.py:2941} INFO - Sync 1 DAGs
[2024-04-01T14:08:53.148+0000] {logging_mixin.py:154} INFO - [2024-04-01T14:08:53.148+0000] {dag.py:3722} INFO - Setting next_dagrun for example_task_group to 2024-03-31T14:08:53.147989+00:00, run_after=2024-04-01T14:08:53.147989+00:00
[2024-04-01T14:08:53.156+0000] {processor.py:179} INFO - Processing /home/airflow/.local/lib/python3.10/site-packages/airflow/example_dags/example_task_group.py took 0.041 seconds
[2024-04-01T14:09:23.925+0000] {processor.py:157} INFO - Started process (PID=925) to work on /home/airflow/.local/lib/python3.10/site-packages/airflow/example_dags/example_task_group.py
[2024-04-01T14:09:23.926+0000] {processor.py:829} INFO - Processing file /home/airflow/.local/lib/python3.10/site-packages/airflow/example_dags/example_task_group.py for tasks to queue
[2024-04-01T14:09:23.927+0000] {logging_mixin.py:154} INFO - [2024-04-01T14:09:23.927+0000] {dagbag.py:536} INFO - Filling up the DagBag from /home/airflow/.local/lib/python3.10/site-packages/airflow/example_dags/example_task_group.py
[2024-04-01T14:09:23.931+0000] {processor.py:839} INFO - DAG(s) dict_keys(['example_task_group']) retrieved from /home/airflow/.local/lib/python3.10/site-packages/airflow/example_dags/example_task_group.py
[2024-04-01T14:09:23.945+0000] {logging_mixin.py:154} INFO - [2024-04-01T14:09:23.945+0000] {dag.py:2941} INFO - Sync 1 DAGs
[2024-04-01T14:09:23.958+0000] {logging_mixin.py:154} INFO - [2024-04-01T14:09:23.957+0000] {dag.py:3722} INFO - Setting next_dagrun for example_task_group to 2024-03-31T14:09:23.957818+00:00, run_after=2024-04-01T14:09:23.957818+00:00
[2024-04-01T14:09:23.967+0000] {processor.py:179} INFO - Processing /home/airflow/.local/lib/python3.10/site-packages/airflow/example_dags/example_task_group.py took 0.044 seconds
[2024-04-01T14:09:54.509+0000] {processor.py:157} INFO - Started process (PID=979) to work on /home/airflow/.local/lib/python3.10/site-packages/airflow/example_dags/example_task_group.py
[2024-04-01T14:09:54.510+0000] {processor.py:829} INFO - Processing file /home/airflow/.local/lib/python3.10/site-packages/airflow/example_dags/example_task_group.py for tasks to queue
[2024-04-01T14:09:54.511+0000] {logging_mixin.py:154} INFO - [2024-04-01T14:09:54.511+0000] {dagbag.py:536} INFO - Filling up the DagBag from /home/airflow/.local/lib/python3.10/site-packages/airflow/example_dags/example_task_group.py
[2024-04-01T14:09:54.515+0000] {processor.py:839} INFO - DAG(s) dict_keys(['example_task_group']) retrieved from /home/airflow/.local/lib/python3.10/site-packages/airflow/example_dags/example_task_group.py
[2024-04-01T14:09:54.531+0000] {logging_mixin.py:154} INFO - [2024-04-01T14:09:54.531+0000] {dag.py:2941} INFO - Sync 1 DAGs
[2024-04-01T14:09:54.545+0000] {logging_mixin.py:154} INFO - [2024-04-01T14:09:54.545+0000] {dag.py:3722} INFO - Setting next_dagrun for example_task_group to 2024-03-31T14:09:54.545157+00:00, run_after=2024-04-01T14:09:54.545157+00:00
[2024-04-01T14:09:54.557+0000] {processor.py:179} INFO - Processing /home/airflow/.local/lib/python3.10/site-packages/airflow/example_dags/example_task_group.py took 0.050 seconds
[2024-04-01T14:10:25.242+0000] {processor.py:157} INFO - Started process (PID=1033) to work on /home/airflow/.local/lib/python3.10/site-packages/airflow/example_dags/example_task_group.py
[2024-04-01T14:10:25.243+0000] {processor.py:829} INFO - Processing file /home/airflow/.local/lib/python3.10/site-packages/airflow/example_dags/example_task_group.py for tasks to queue
[2024-04-01T14:10:25.244+0000] {logging_mixin.py:154} INFO - [2024-04-01T14:10:25.244+0000] {dagbag.py:536} INFO - Filling up the DagBag from /home/airflow/.local/lib/python3.10/site-packages/airflow/example_dags/example_task_group.py
[2024-04-01T14:10:25.248+0000] {processor.py:839} INFO - DAG(s) dict_keys(['example_task_group']) retrieved from /home/airflow/.local/lib/python3.10/site-packages/airflow/example_dags/example_task_group.py
[2024-04-01T14:10:25.261+0000] {logging_mixin.py:154} INFO - [2024-04-01T14:10:25.261+0000] {dag.py:2941} INFO - Sync 1 DAGs
[2024-04-01T14:10:25.273+0000] {logging_mixin.py:154} INFO - [2024-04-01T14:10:25.273+0000] {dag.py:3722} INFO - Setting next_dagrun for example_task_group to 2024-03-31T14:10:25.273431+00:00, run_after=2024-04-01T14:10:25.273431+00:00
[2024-04-01T14:10:25.282+0000] {processor.py:179} INFO - Processing /home/airflow/.local/lib/python3.10/site-packages/airflow/example_dags/example_task_group.py took 0.041 seconds
[2024-04-01T14:10:55.872+0000] {processor.py:157} INFO - Started process (PID=1087) to work on /home/airflow/.local/lib/python3.10/site-packages/airflow/example_dags/example_task_group.py
[2024-04-01T14:10:55.873+0000] {processor.py:829} INFO - Processing file /home/airflow/.local/lib/python3.10/site-packages/airflow/example_dags/example_task_group.py for tasks to queue
[2024-04-01T14:10:55.874+0000] {logging_mixin.py:154} INFO - [2024-04-01T14:10:55.874+0000] {dagbag.py:536} INFO - Filling up the DagBag from /home/airflow/.local/lib/python3.10/site-packages/airflow/example_dags/example_task_group.py
[2024-04-01T14:10:55.878+0000] {processor.py:839} INFO - DAG(s) dict_keys(['example_task_group']) retrieved from /home/airflow/.local/lib/python3.10/site-packages/airflow/example_dags/example_task_group.py
[2024-04-01T14:10:55.890+0000] {logging_mixin.py:154} INFO - [2024-04-01T14:10:55.890+0000] {dag.py:2941} INFO - Sync 1 DAGs
[2024-04-01T14:10:55.901+0000] {logging_mixin.py:154} INFO - [2024-04-01T14:10:55.901+0000] {dag.py:3722} INFO - Setting next_dagrun for example_task_group to 2024-03-31T14:10:55.901654+00:00, run_after=2024-04-01T14:10:55.901654+00:00
[2024-04-01T14:10:55.911+0000] {processor.py:179} INFO - Processing /home/airflow/.local/lib/python3.10/site-packages/airflow/example_dags/example_task_group.py took 0.042 seconds
[2024-04-01T14:11:26.566+0000] {processor.py:157} INFO - Started process (PID=1141) to work on /home/airflow/.local/lib/python3.10/site-packages/airflow/example_dags/example_task_group.py
[2024-04-01T14:11:26.566+0000] {processor.py:829} INFO - Processing file /home/airflow/.local/lib/python3.10/site-packages/airflow/example_dags/example_task_group.py for tasks to queue
[2024-04-01T14:11:26.567+0000] {logging_mixin.py:154} INFO - [2024-04-01T14:11:26.567+0000] {dagbag.py:536} INFO - Filling up the DagBag from /home/airflow/.local/lib/python3.10/site-packages/airflow/example_dags/example_task_group.py
[2024-04-01T14:11:26.572+0000] {processor.py:839} INFO - DAG(s) dict_keys(['example_task_group']) retrieved from /home/airflow/.local/lib/python3.10/site-packages/airflow/example_dags/example_task_group.py
[2024-04-01T14:11:26.585+0000] {logging_mixin.py:154} INFO - [2024-04-01T14:11:26.584+0000] {dag.py:2941} INFO - Sync 1 DAGs
[2024-04-01T14:11:26.596+0000] {logging_mixin.py:154} INFO - [2024-04-01T14:11:26.596+0000] {dag.py:3722} INFO - Setting next_dagrun for example_task_group to 2024-03-31T14:11:26.596355+00:00, run_after=2024-04-01T14:11:26.596355+00:00
[2024-04-01T14:11:26.605+0000] {processor.py:179} INFO - Processing /home/airflow/.local/lib/python3.10/site-packages/airflow/example_dags/example_task_group.py took 0.041 seconds
[2024-04-01T14:11:57.282+0000] {processor.py:157} INFO - Started process (PID=1195) to work on /home/airflow/.local/lib/python3.10/site-packages/airflow/example_dags/example_task_group.py
[2024-04-01T14:11:57.283+0000] {processor.py:829} INFO - Processing file /home/airflow/.local/lib/python3.10/site-packages/airflow/example_dags/example_task_group.py for tasks to queue
[2024-04-01T14:11:57.284+0000] {logging_mixin.py:154} INFO - [2024-04-01T14:11:57.284+0000] {dagbag.py:536} INFO - Filling up the DagBag from /home/airflow/.local/lib/python3.10/site-packages/airflow/example_dags/example_task_group.py
[2024-04-01T14:11:57.288+0000] {processor.py:839} INFO - DAG(s) dict_keys(['example_task_group']) retrieved from /home/airflow/.local/lib/python3.10/site-packages/airflow/example_dags/example_task_group.py
[2024-04-01T14:11:57.300+0000] {logging_mixin.py:154} INFO - [2024-04-01T14:11:57.300+0000] {dag.py:2941} INFO - Sync 1 DAGs
[2024-04-01T14:11:57.312+0000] {logging_mixin.py:154} INFO - [2024-04-01T14:11:57.312+0000] {dag.py:3722} INFO - Setting next_dagrun for example_task_group to 2024-03-31T14:11:57.311874+00:00, run_after=2024-04-01T14:11:57.311874+00:00
[2024-04-01T14:11:57.320+0000] {processor.py:179} INFO - Processing /home/airflow/.local/lib/python3.10/site-packages/airflow/example_dags/example_task_group.py took 0.040 seconds
[2024-04-01T14:12:27.941+0000] {processor.py:157} INFO - Started process (PID=1249) to work on /home/airflow/.local/lib/python3.10/site-packages/airflow/example_dags/example_task_group.py
[2024-04-01T14:12:27.941+0000] {processor.py:829} INFO - Processing file /home/airflow/.local/lib/python3.10/site-packages/airflow/example_dags/example_task_group.py for tasks to queue
[2024-04-01T14:12:27.942+0000] {logging_mixin.py:154} INFO - [2024-04-01T14:12:27.942+0000] {dagbag.py:536} INFO - Filling up the DagBag from /home/airflow/.local/lib/python3.10/site-packages/airflow/example_dags/example_task_group.py
[2024-04-01T14:12:27.946+0000] {processor.py:839} INFO - DAG(s) dict_keys(['example_task_group']) retrieved from /home/airflow/.local/lib/python3.10/site-packages/airflow/example_dags/example_task_group.py
[2024-04-01T14:12:27.959+0000] {logging_mixin.py:154} INFO - [2024-04-01T14:12:27.959+0000] {dag.py:2941} INFO - Sync 1 DAGs
[2024-04-01T14:12:27.971+0000] {logging_mixin.py:154} INFO - [2024-04-01T14:12:27.970+0000] {dag.py:3722} INFO - Setting next_dagrun for example_task_group to 2024-03-31T14:12:27.970818+00:00, run_after=2024-04-01T14:12:27.970818+00:00
[2024-04-01T14:12:27.979+0000] {processor.py:179} INFO - Processing /home/airflow/.local/lib/python3.10/site-packages/airflow/example_dags/example_task_group.py took 0.041 seconds
[2024-04-01T14:12:58.706+0000] {processor.py:157} INFO - Started process (PID=1303) to work on /home/airflow/.local/lib/python3.10/site-packages/airflow/example_dags/example_task_group.py
[2024-04-01T14:12:58.707+0000] {processor.py:829} INFO - Processing file /home/airflow/.local/lib/python3.10/site-packages/airflow/example_dags/example_task_group.py for tasks to queue
[2024-04-01T14:12:58.708+0000] {logging_mixin.py:154} INFO - [2024-04-01T14:12:58.708+0000] {dagbag.py:536} INFO - Filling up the DagBag from /home/airflow/.local/lib/python3.10/site-packages/airflow/example_dags/example_task_group.py
[2024-04-01T14:12:58.712+0000] {processor.py:839} INFO - DAG(s) dict_keys(['example_task_group']) retrieved from /home/airflow/.local/lib/python3.10/site-packages/airflow/example_dags/example_task_group.py
[2024-04-01T14:12:58.725+0000] {logging_mixin.py:154} INFO - [2024-04-01T14:12:58.725+0000] {dag.py:2941} INFO - Sync 1 DAGs
[2024-04-01T14:12:58.736+0000] {logging_mixin.py:154} INFO - [2024-04-01T14:12:58.736+0000] {dag.py:3722} INFO - Setting next_dagrun for example_task_group to 2024-03-31T14:12:58.736479+00:00, run_after=2024-04-01T14:12:58.736479+00:00
[2024-04-01T14:12:58.744+0000] {processor.py:179} INFO - Processing /home/airflow/.local/lib/python3.10/site-packages/airflow/example_dags/example_task_group.py took 0.040 seconds
[2024-04-01T14:13:29.467+0000] {processor.py:157} INFO - Started process (PID=1357) to work on /home/airflow/.local/lib/python3.10/site-packages/airflow/example_dags/example_task_group.py
[2024-04-01T14:13:29.468+0000] {processor.py:829} INFO - Processing file /home/airflow/.local/lib/python3.10/site-packages/airflow/example_dags/example_task_group.py for tasks to queue
[2024-04-01T14:13:29.469+0000] {logging_mixin.py:154} INFO - [2024-04-01T14:13:29.469+0000] {dagbag.py:536} INFO - Filling up the DagBag from /home/airflow/.local/lib/python3.10/site-packages/airflow/example_dags/example_task_group.py
[2024-04-01T14:13:29.473+0000] {processor.py:839} INFO - DAG(s) dict_keys(['example_task_group']) retrieved from /home/airflow/.local/lib/python3.10/site-packages/airflow/example_dags/example_task_group.py
[2024-04-01T14:13:29.486+0000] {logging_mixin.py:154} INFO - [2024-04-01T14:13:29.486+0000] {dag.py:2941} INFO - Sync 1 DAGs
[2024-04-01T14:13:29.498+0000] {logging_mixin.py:154} INFO - [2024-04-01T14:13:29.498+0000] {dag.py:3722} INFO - Setting next_dagrun for example_task_group to 2024-03-31T14:13:29.498197+00:00, run_after=2024-04-01T14:13:29.498197+00:00
[2024-04-01T14:13:29.507+0000] {processor.py:179} INFO - Processing /home/airflow/.local/lib/python3.10/site-packages/airflow/example_dags/example_task_group.py took 0.042 seconds
[2024-04-01T14:14:00.174+0000] {processor.py:157} INFO - Started process (PID=1411) to work on /home/airflow/.local/lib/python3.10/site-packages/airflow/example_dags/example_task_group.py
[2024-04-01T14:14:00.175+0000] {processor.py:829} INFO - Processing file /home/airflow/.local/lib/python3.10/site-packages/airflow/example_dags/example_task_group.py for tasks to queue
[2024-04-01T14:14:00.176+0000] {logging_mixin.py:154} INFO - [2024-04-01T14:14:00.175+0000] {dagbag.py:536} INFO - Filling up the DagBag from /home/airflow/.local/lib/python3.10/site-packages/airflow/example_dags/example_task_group.py
[2024-04-01T14:14:00.180+0000] {processor.py:839} INFO - DAG(s) dict_keys(['example_task_group']) retrieved from /home/airflow/.local/lib/python3.10/site-packages/airflow/example_dags/example_task_group.py
[2024-04-01T14:14:00.193+0000] {logging_mixin.py:154} INFO - [2024-04-01T14:14:00.193+0000] {dag.py:2941} INFO - Sync 1 DAGs
[2024-04-01T14:14:00.204+0000] {logging_mixin.py:154} INFO - [2024-04-01T14:14:00.204+0000] {dag.py:3722} INFO - Setting next_dagrun for example_task_group to 2024-03-31T14:14:00.204494+00:00, run_after=2024-04-01T14:14:00.204494+00:00
[2024-04-01T14:14:00.213+0000] {processor.py:179} INFO - Processing /home/airflow/.local/lib/python3.10/site-packages/airflow/example_dags/example_task_group.py took 0.041 seconds
