[2024-04-01T14:01:12.594+0000] {processor.py:157} INFO - Started process (PID=41) to work on /home/airflow/.local/lib/python3.10/site-packages/airflow/example_dags/example_sensors.py
[2024-04-01T14:01:12.595+0000] {processor.py:829} INFO - Processing file /home/airflow/.local/lib/python3.10/site-packages/airflow/example_dags/example_sensors.py for tasks to queue
[2024-04-01T14:01:12.596+0000] {logging_mixin.py:154} INFO - [2024-04-01T14:01:12.596+0000] {dagbag.py:536} INFO - Filling up the DagBag from /home/airflow/.local/lib/python3.10/site-packages/airflow/example_dags/example_sensors.py
[2024-04-01T14:01:12.604+0000] {processor.py:839} INFO - DAG(s) dict_keys(['example_sensors']) retrieved from /home/airflow/.local/lib/python3.10/site-packages/airflow/example_dags/example_sensors.py
[2024-04-01T14:01:12.612+0000] {logging_mixin.py:154} INFO - [2024-04-01T14:01:12.612+0000] {dag.py:2941} INFO - Sync 1 DAGs
[2024-04-01T14:01:12.620+0000] {logging_mixin.py:154} INFO - [2024-04-01T14:01:12.620+0000] {dag.py:3722} INFO - Setting next_dagrun for example_sensors to None, run_after=None
[2024-04-01T14:01:12.631+0000] {processor.py:179} INFO - Processing /home/airflow/.local/lib/python3.10/site-packages/airflow/example_dags/example_sensors.py took 0.039 seconds
[2024-04-01T14:01:43.211+0000] {processor.py:157} INFO - Started process (PID=95) to work on /home/airflow/.local/lib/python3.10/site-packages/airflow/example_dags/example_sensors.py
[2024-04-01T14:01:43.212+0000] {processor.py:829} INFO - Processing file /home/airflow/.local/lib/python3.10/site-packages/airflow/example_dags/example_sensors.py for tasks to queue
[2024-04-01T14:01:43.213+0000] {logging_mixin.py:154} INFO - [2024-04-01T14:01:43.213+0000] {dagbag.py:536} INFO - Filling up the DagBag from /home/airflow/.local/lib/python3.10/site-packages/airflow/example_dags/example_sensors.py
[2024-04-01T14:01:43.220+0000] {processor.py:839} INFO - DAG(s) dict_keys(['example_sensors']) retrieved from /home/airflow/.local/lib/python3.10/site-packages/airflow/example_dags/example_sensors.py
[2024-04-01T14:01:43.236+0000] {logging_mixin.py:154} INFO - [2024-04-01T14:01:43.236+0000] {dag.py:2941} INFO - Sync 1 DAGs
[2024-04-01T14:01:43.246+0000] {logging_mixin.py:154} INFO - [2024-04-01T14:01:43.246+0000] {dag.py:3722} INFO - Setting next_dagrun for example_sensors to None, run_after=None
[2024-04-01T14:01:43.255+0000] {processor.py:179} INFO - Processing /home/airflow/.local/lib/python3.10/site-packages/airflow/example_dags/example_sensors.py took 0.045 seconds
[2024-04-01T14:02:13.741+0000] {processor.py:157} INFO - Started process (PID=149) to work on /home/airflow/.local/lib/python3.10/site-packages/airflow/example_dags/example_sensors.py
[2024-04-01T14:02:13.741+0000] {processor.py:829} INFO - Processing file /home/airflow/.local/lib/python3.10/site-packages/airflow/example_dags/example_sensors.py for tasks to queue
[2024-04-01T14:02:13.742+0000] {logging_mixin.py:154} INFO - [2024-04-01T14:02:13.742+0000] {dagbag.py:536} INFO - Filling up the DagBag from /home/airflow/.local/lib/python3.10/site-packages/airflow/example_dags/example_sensors.py
[2024-04-01T14:02:13.747+0000] {processor.py:839} INFO - DAG(s) dict_keys(['example_sensors']) retrieved from /home/airflow/.local/lib/python3.10/site-packages/airflow/example_dags/example_sensors.py
[2024-04-01T14:02:13.761+0000] {logging_mixin.py:154} INFO - [2024-04-01T14:02:13.761+0000] {dag.py:2941} INFO - Sync 1 DAGs
[2024-04-01T14:02:13.767+0000] {logging_mixin.py:154} INFO - [2024-04-01T14:02:13.767+0000] {dag.py:3722} INFO - Setting next_dagrun for example_sensors to None, run_after=None
[2024-04-01T14:02:13.776+0000] {processor.py:179} INFO - Processing /home/airflow/.local/lib/python3.10/site-packages/airflow/example_dags/example_sensors.py took 0.037 seconds
[2024-04-01T14:02:44.362+0000] {processor.py:157} INFO - Started process (PID=203) to work on /home/airflow/.local/lib/python3.10/site-packages/airflow/example_dags/example_sensors.py
[2024-04-01T14:02:44.362+0000] {processor.py:829} INFO - Processing file /home/airflow/.local/lib/python3.10/site-packages/airflow/example_dags/example_sensors.py for tasks to queue
[2024-04-01T14:02:44.363+0000] {logging_mixin.py:154} INFO - [2024-04-01T14:02:44.363+0000] {dagbag.py:536} INFO - Filling up the DagBag from /home/airflow/.local/lib/python3.10/site-packages/airflow/example_dags/example_sensors.py
[2024-04-01T14:02:44.368+0000] {processor.py:839} INFO - DAG(s) dict_keys(['example_sensors']) retrieved from /home/airflow/.local/lib/python3.10/site-packages/airflow/example_dags/example_sensors.py
[2024-04-01T14:02:44.382+0000] {logging_mixin.py:154} INFO - [2024-04-01T14:02:44.382+0000] {dag.py:2941} INFO - Sync 1 DAGs
[2024-04-01T14:02:44.389+0000] {logging_mixin.py:154} INFO - [2024-04-01T14:02:44.389+0000] {dag.py:3722} INFO - Setting next_dagrun for example_sensors to None, run_after=None
[2024-04-01T14:02:44.398+0000] {processor.py:179} INFO - Processing /home/airflow/.local/lib/python3.10/site-packages/airflow/example_dags/example_sensors.py took 0.038 seconds
[2024-04-01T14:03:14.959+0000] {processor.py:157} INFO - Started process (PID=257) to work on /home/airflow/.local/lib/python3.10/site-packages/airflow/example_dags/example_sensors.py
[2024-04-01T14:03:14.960+0000] {processor.py:829} INFO - Processing file /home/airflow/.local/lib/python3.10/site-packages/airflow/example_dags/example_sensors.py for tasks to queue
[2024-04-01T14:03:14.961+0000] {logging_mixin.py:154} INFO - [2024-04-01T14:03:14.961+0000] {dagbag.py:536} INFO - Filling up the DagBag from /home/airflow/.local/lib/python3.10/site-packages/airflow/example_dags/example_sensors.py
[2024-04-01T14:03:14.966+0000] {processor.py:839} INFO - DAG(s) dict_keys(['example_sensors']) retrieved from /home/airflow/.local/lib/python3.10/site-packages/airflow/example_dags/example_sensors.py
[2024-04-01T14:03:14.980+0000] {logging_mixin.py:154} INFO - [2024-04-01T14:03:14.980+0000] {dag.py:2941} INFO - Sync 1 DAGs
[2024-04-01T14:03:14.986+0000] {logging_mixin.py:154} INFO - [2024-04-01T14:03:14.986+0000] {dag.py:3722} INFO - Setting next_dagrun for example_sensors to None, run_after=None
[2024-04-01T14:03:14.995+0000] {processor.py:179} INFO - Processing /home/airflow/.local/lib/python3.10/site-packages/airflow/example_dags/example_sensors.py took 0.037 seconds
[2024-04-01T14:03:45.647+0000] {processor.py:157} INFO - Started process (PID=311) to work on /home/airflow/.local/lib/python3.10/site-packages/airflow/example_dags/example_sensors.py
[2024-04-01T14:03:45.648+0000] {processor.py:829} INFO - Processing file /home/airflow/.local/lib/python3.10/site-packages/airflow/example_dags/example_sensors.py for tasks to queue
[2024-04-01T14:03:45.649+0000] {logging_mixin.py:154} INFO - [2024-04-01T14:03:45.649+0000] {dagbag.py:536} INFO - Filling up the DagBag from /home/airflow/.local/lib/python3.10/site-packages/airflow/example_dags/example_sensors.py
[2024-04-01T14:03:45.654+0000] {processor.py:839} INFO - DAG(s) dict_keys(['example_sensors']) retrieved from /home/airflow/.local/lib/python3.10/site-packages/airflow/example_dags/example_sensors.py
[2024-04-01T14:03:45.668+0000] {logging_mixin.py:154} INFO - [2024-04-01T14:03:45.668+0000] {dag.py:2941} INFO - Sync 1 DAGs
[2024-04-01T14:03:45.675+0000] {logging_mixin.py:154} INFO - [2024-04-01T14:03:45.675+0000] {dag.py:3722} INFO - Setting next_dagrun for example_sensors to None, run_after=None
[2024-04-01T14:03:45.684+0000] {processor.py:179} INFO - Processing /home/airflow/.local/lib/python3.10/site-packages/airflow/example_dags/example_sensors.py took 0.038 seconds
[2024-04-01T14:04:16.405+0000] {processor.py:157} INFO - Started process (PID=365) to work on /home/airflow/.local/lib/python3.10/site-packages/airflow/example_dags/example_sensors.py
[2024-04-01T14:04:16.405+0000] {processor.py:829} INFO - Processing file /home/airflow/.local/lib/python3.10/site-packages/airflow/example_dags/example_sensors.py for tasks to queue
[2024-04-01T14:04:16.406+0000] {logging_mixin.py:154} INFO - [2024-04-01T14:04:16.406+0000] {dagbag.py:536} INFO - Filling up the DagBag from /home/airflow/.local/lib/python3.10/site-packages/airflow/example_dags/example_sensors.py
[2024-04-01T14:04:16.411+0000] {processor.py:839} INFO - DAG(s) dict_keys(['example_sensors']) retrieved from /home/airflow/.local/lib/python3.10/site-packages/airflow/example_dags/example_sensors.py
[2024-04-01T14:04:16.425+0000] {logging_mixin.py:154} INFO - [2024-04-01T14:04:16.425+0000] {dag.py:2941} INFO - Sync 1 DAGs
[2024-04-01T14:04:16.432+0000] {logging_mixin.py:154} INFO - [2024-04-01T14:04:16.432+0000] {dag.py:3722} INFO - Setting next_dagrun for example_sensors to None, run_after=None
[2024-04-01T14:04:16.440+0000] {processor.py:179} INFO - Processing /home/airflow/.local/lib/python3.10/site-packages/airflow/example_dags/example_sensors.py took 0.038 seconds
[2024-04-01T14:04:47.173+0000] {processor.py:157} INFO - Started process (PID=419) to work on /home/airflow/.local/lib/python3.10/site-packages/airflow/example_dags/example_sensors.py
[2024-04-01T14:04:47.173+0000] {processor.py:829} INFO - Processing file /home/airflow/.local/lib/python3.10/site-packages/airflow/example_dags/example_sensors.py for tasks to queue
[2024-04-01T14:04:47.174+0000] {logging_mixin.py:154} INFO - [2024-04-01T14:04:47.174+0000] {dagbag.py:536} INFO - Filling up the DagBag from /home/airflow/.local/lib/python3.10/site-packages/airflow/example_dags/example_sensors.py
[2024-04-01T14:04:47.179+0000] {processor.py:839} INFO - DAG(s) dict_keys(['example_sensors']) retrieved from /home/airflow/.local/lib/python3.10/site-packages/airflow/example_dags/example_sensors.py
[2024-04-01T14:04:47.193+0000] {logging_mixin.py:154} INFO - [2024-04-01T14:04:47.193+0000] {dag.py:2941} INFO - Sync 1 DAGs
[2024-04-01T14:04:47.200+0000] {logging_mixin.py:154} INFO - [2024-04-01T14:04:47.200+0000] {dag.py:3722} INFO - Setting next_dagrun for example_sensors to None, run_after=None
[2024-04-01T14:04:47.208+0000] {processor.py:179} INFO - Processing /home/airflow/.local/lib/python3.10/site-packages/airflow/example_dags/example_sensors.py took 0.038 seconds
[2024-04-01T14:05:17.764+0000] {processor.py:157} INFO - Started process (PID=473) to work on /home/airflow/.local/lib/python3.10/site-packages/airflow/example_dags/example_sensors.py
[2024-04-01T14:05:17.765+0000] {processor.py:829} INFO - Processing file /home/airflow/.local/lib/python3.10/site-packages/airflow/example_dags/example_sensors.py for tasks to queue
[2024-04-01T14:05:17.766+0000] {logging_mixin.py:154} INFO - [2024-04-01T14:05:17.765+0000] {dagbag.py:536} INFO - Filling up the DagBag from /home/airflow/.local/lib/python3.10/site-packages/airflow/example_dags/example_sensors.py
[2024-04-01T14:05:17.771+0000] {processor.py:839} INFO - DAG(s) dict_keys(['example_sensors']) retrieved from /home/airflow/.local/lib/python3.10/site-packages/airflow/example_dags/example_sensors.py
[2024-04-01T14:05:17.785+0000] {logging_mixin.py:154} INFO - [2024-04-01T14:05:17.785+0000] {dag.py:2941} INFO - Sync 1 DAGs
[2024-04-01T14:05:17.792+0000] {logging_mixin.py:154} INFO - [2024-04-01T14:05:17.792+0000] {dag.py:3722} INFO - Setting next_dagrun for example_sensors to None, run_after=None
[2024-04-01T14:05:17.801+0000] {processor.py:179} INFO - Processing /home/airflow/.local/lib/python3.10/site-packages/airflow/example_dags/example_sensors.py took 0.039 seconds
[2024-04-01T14:05:48.397+0000] {processor.py:157} INFO - Started process (PID=527) to work on /home/airflow/.local/lib/python3.10/site-packages/airflow/example_dags/example_sensors.py
[2024-04-01T14:05:48.398+0000] {processor.py:829} INFO - Processing file /home/airflow/.local/lib/python3.10/site-packages/airflow/example_dags/example_sensors.py for tasks to queue
[2024-04-01T14:05:48.399+0000] {logging_mixin.py:154} INFO - [2024-04-01T14:05:48.399+0000] {dagbag.py:536} INFO - Filling up the DagBag from /home/airflow/.local/lib/python3.10/site-packages/airflow/example_dags/example_sensors.py
[2024-04-01T14:05:48.404+0000] {processor.py:839} INFO - DAG(s) dict_keys(['example_sensors']) retrieved from /home/airflow/.local/lib/python3.10/site-packages/airflow/example_dags/example_sensors.py
[2024-04-01T14:05:48.418+0000] {logging_mixin.py:154} INFO - [2024-04-01T14:05:48.418+0000] {dag.py:2941} INFO - Sync 1 DAGs
[2024-04-01T14:05:48.424+0000] {logging_mixin.py:154} INFO - [2024-04-01T14:05:48.424+0000] {dag.py:3722} INFO - Setting next_dagrun for example_sensors to None, run_after=None
[2024-04-01T14:05:48.433+0000] {processor.py:179} INFO - Processing /home/airflow/.local/lib/python3.10/site-packages/airflow/example_dags/example_sensors.py took 0.038 seconds
[2024-04-01T14:06:19.130+0000] {processor.py:157} INFO - Started process (PID=581) to work on /home/airflow/.local/lib/python3.10/site-packages/airflow/example_dags/example_sensors.py
[2024-04-01T14:06:19.130+0000] {processor.py:829} INFO - Processing file /home/airflow/.local/lib/python3.10/site-packages/airflow/example_dags/example_sensors.py for tasks to queue
[2024-04-01T14:06:19.131+0000] {logging_mixin.py:154} INFO - [2024-04-01T14:06:19.131+0000] {dagbag.py:536} INFO - Filling up the DagBag from /home/airflow/.local/lib/python3.10/site-packages/airflow/example_dags/example_sensors.py
[2024-04-01T14:06:19.137+0000] {processor.py:839} INFO - DAG(s) dict_keys(['example_sensors']) retrieved from /home/airflow/.local/lib/python3.10/site-packages/airflow/example_dags/example_sensors.py
[2024-04-01T14:06:19.151+0000] {logging_mixin.py:154} INFO - [2024-04-01T14:06:19.151+0000] {dag.py:2941} INFO - Sync 1 DAGs
[2024-04-01T14:06:19.158+0000] {logging_mixin.py:154} INFO - [2024-04-01T14:06:19.158+0000] {dag.py:3722} INFO - Setting next_dagrun for example_sensors to None, run_after=None
[2024-04-01T14:06:19.166+0000] {processor.py:179} INFO - Processing /home/airflow/.local/lib/python3.10/site-packages/airflow/example_dags/example_sensors.py took 0.039 seconds
[2024-04-01T14:06:49.728+0000] {processor.py:157} INFO - Started process (PID=635) to work on /home/airflow/.local/lib/python3.10/site-packages/airflow/example_dags/example_sensors.py
[2024-04-01T14:06:49.728+0000] {processor.py:829} INFO - Processing file /home/airflow/.local/lib/python3.10/site-packages/airflow/example_dags/example_sensors.py for tasks to queue
[2024-04-01T14:06:49.730+0000] {logging_mixin.py:154} INFO - [2024-04-01T14:06:49.729+0000] {dagbag.py:536} INFO - Filling up the DagBag from /home/airflow/.local/lib/python3.10/site-packages/airflow/example_dags/example_sensors.py
[2024-04-01T14:06:49.735+0000] {processor.py:839} INFO - DAG(s) dict_keys(['example_sensors']) retrieved from /home/airflow/.local/lib/python3.10/site-packages/airflow/example_dags/example_sensors.py
[2024-04-01T14:06:49.749+0000] {logging_mixin.py:154} INFO - [2024-04-01T14:06:49.749+0000] {dag.py:2941} INFO - Sync 1 DAGs
[2024-04-01T14:06:49.756+0000] {logging_mixin.py:154} INFO - [2024-04-01T14:06:49.756+0000] {dag.py:3722} INFO - Setting next_dagrun for example_sensors to None, run_after=None
[2024-04-01T14:06:49.764+0000] {processor.py:179} INFO - Processing /home/airflow/.local/lib/python3.10/site-packages/airflow/example_dags/example_sensors.py took 0.038 seconds
[2024-04-01T14:07:20.491+0000] {processor.py:157} INFO - Started process (PID=689) to work on /home/airflow/.local/lib/python3.10/site-packages/airflow/example_dags/example_sensors.py
[2024-04-01T14:07:20.491+0000] {processor.py:829} INFO - Processing file /home/airflow/.local/lib/python3.10/site-packages/airflow/example_dags/example_sensors.py for tasks to queue
[2024-04-01T14:07:20.492+0000] {logging_mixin.py:154} INFO - [2024-04-01T14:07:20.492+0000] {dagbag.py:536} INFO - Filling up the DagBag from /home/airflow/.local/lib/python3.10/site-packages/airflow/example_dags/example_sensors.py
[2024-04-01T14:07:20.497+0000] {processor.py:839} INFO - DAG(s) dict_keys(['example_sensors']) retrieved from /home/airflow/.local/lib/python3.10/site-packages/airflow/example_dags/example_sensors.py
[2024-04-01T14:07:20.512+0000] {logging_mixin.py:154} INFO - [2024-04-01T14:07:20.512+0000] {dag.py:2941} INFO - Sync 1 DAGs
[2024-04-01T14:07:20.519+0000] {logging_mixin.py:154} INFO - [2024-04-01T14:07:20.519+0000] {dag.py:3722} INFO - Setting next_dagrun for example_sensors to None, run_after=None
[2024-04-01T14:07:20.528+0000] {processor.py:179} INFO - Processing /home/airflow/.local/lib/python3.10/site-packages/airflow/example_dags/example_sensors.py took 0.039 seconds
[2024-04-01T14:07:51.139+0000] {processor.py:157} INFO - Started process (PID=743) to work on /home/airflow/.local/lib/python3.10/site-packages/airflow/example_dags/example_sensors.py
[2024-04-01T14:07:51.140+0000] {processor.py:829} INFO - Processing file /home/airflow/.local/lib/python3.10/site-packages/airflow/example_dags/example_sensors.py for tasks to queue
[2024-04-01T14:07:51.141+0000] {logging_mixin.py:154} INFO - [2024-04-01T14:07:51.141+0000] {dagbag.py:536} INFO - Filling up the DagBag from /home/airflow/.local/lib/python3.10/site-packages/airflow/example_dags/example_sensors.py
[2024-04-01T14:07:51.146+0000] {processor.py:839} INFO - DAG(s) dict_keys(['example_sensors']) retrieved from /home/airflow/.local/lib/python3.10/site-packages/airflow/example_dags/example_sensors.py
[2024-04-01T14:07:51.160+0000] {logging_mixin.py:154} INFO - [2024-04-01T14:07:51.160+0000] {dag.py:2941} INFO - Sync 1 DAGs
[2024-04-01T14:07:51.167+0000] {logging_mixin.py:154} INFO - [2024-04-01T14:07:51.167+0000] {dag.py:3722} INFO - Setting next_dagrun for example_sensors to None, run_after=None
[2024-04-01T14:07:51.175+0000] {processor.py:179} INFO - Processing /home/airflow/.local/lib/python3.10/site-packages/airflow/example_dags/example_sensors.py took 0.038 seconds
[2024-04-01T14:08:21.722+0000] {processor.py:157} INFO - Started process (PID=797) to work on /home/airflow/.local/lib/python3.10/site-packages/airflow/example_dags/example_sensors.py
[2024-04-01T14:08:21.722+0000] {processor.py:829} INFO - Processing file /home/airflow/.local/lib/python3.10/site-packages/airflow/example_dags/example_sensors.py for tasks to queue
[2024-04-01T14:08:21.724+0000] {logging_mixin.py:154} INFO - [2024-04-01T14:08:21.723+0000] {dagbag.py:536} INFO - Filling up the DagBag from /home/airflow/.local/lib/python3.10/site-packages/airflow/example_dags/example_sensors.py
[2024-04-01T14:08:21.729+0000] {processor.py:839} INFO - DAG(s) dict_keys(['example_sensors']) retrieved from /home/airflow/.local/lib/python3.10/site-packages/airflow/example_dags/example_sensors.py
[2024-04-01T14:08:21.744+0000] {logging_mixin.py:154} INFO - [2024-04-01T14:08:21.744+0000] {dag.py:2941} INFO - Sync 1 DAGs
[2024-04-01T14:08:21.752+0000] {logging_mixin.py:154} INFO - [2024-04-01T14:08:21.752+0000] {dag.py:3722} INFO - Setting next_dagrun for example_sensors to None, run_after=None
[2024-04-01T14:08:21.762+0000] {processor.py:179} INFO - Processing /home/airflow/.local/lib/python3.10/site-packages/airflow/example_dags/example_sensors.py took 0.042 seconds
[2024-04-01T14:08:52.335+0000] {processor.py:157} INFO - Started process (PID=851) to work on /home/airflow/.local/lib/python3.10/site-packages/airflow/example_dags/example_sensors.py
[2024-04-01T14:08:52.336+0000] {processor.py:829} INFO - Processing file /home/airflow/.local/lib/python3.10/site-packages/airflow/example_dags/example_sensors.py for tasks to queue
[2024-04-01T14:08:52.337+0000] {logging_mixin.py:154} INFO - [2024-04-01T14:08:52.336+0000] {dagbag.py:536} INFO - Filling up the DagBag from /home/airflow/.local/lib/python3.10/site-packages/airflow/example_dags/example_sensors.py
[2024-04-01T14:08:52.342+0000] {processor.py:839} INFO - DAG(s) dict_keys(['example_sensors']) retrieved from /home/airflow/.local/lib/python3.10/site-packages/airflow/example_dags/example_sensors.py
[2024-04-01T14:08:52.356+0000] {logging_mixin.py:154} INFO - [2024-04-01T14:08:52.356+0000] {dag.py:2941} INFO - Sync 1 DAGs
[2024-04-01T14:08:52.363+0000] {logging_mixin.py:154} INFO - [2024-04-01T14:08:52.363+0000] {dag.py:3722} INFO - Setting next_dagrun for example_sensors to None, run_after=None
[2024-04-01T14:08:52.371+0000] {processor.py:179} INFO - Processing /home/airflow/.local/lib/python3.10/site-packages/airflow/example_dags/example_sensors.py took 0.039 seconds
[2024-04-01T14:09:23.131+0000] {processor.py:157} INFO - Started process (PID=905) to work on /home/airflow/.local/lib/python3.10/site-packages/airflow/example_dags/example_sensors.py
[2024-04-01T14:09:23.132+0000] {processor.py:829} INFO - Processing file /home/airflow/.local/lib/python3.10/site-packages/airflow/example_dags/example_sensors.py for tasks to queue
[2024-04-01T14:09:23.133+0000] {logging_mixin.py:154} INFO - [2024-04-01T14:09:23.133+0000] {dagbag.py:536} INFO - Filling up the DagBag from /home/airflow/.local/lib/python3.10/site-packages/airflow/example_dags/example_sensors.py
[2024-04-01T14:09:23.138+0000] {processor.py:839} INFO - DAG(s) dict_keys(['example_sensors']) retrieved from /home/airflow/.local/lib/python3.10/site-packages/airflow/example_dags/example_sensors.py
[2024-04-01T14:09:23.153+0000] {logging_mixin.py:154} INFO - [2024-04-01T14:09:23.153+0000] {dag.py:2941} INFO - Sync 1 DAGs
[2024-04-01T14:09:23.160+0000] {logging_mixin.py:154} INFO - [2024-04-01T14:09:23.160+0000] {dag.py:3722} INFO - Setting next_dagrun for example_sensors to None, run_after=None
[2024-04-01T14:09:23.168+0000] {processor.py:179} INFO - Processing /home/airflow/.local/lib/python3.10/site-packages/airflow/example_dags/example_sensors.py took 0.039 seconds
[2024-04-01T14:09:53.822+0000] {processor.py:157} INFO - Started process (PID=959) to work on /home/airflow/.local/lib/python3.10/site-packages/airflow/example_dags/example_sensors.py
[2024-04-01T14:09:53.822+0000] {processor.py:829} INFO - Processing file /home/airflow/.local/lib/python3.10/site-packages/airflow/example_dags/example_sensors.py for tasks to queue
[2024-04-01T14:09:53.823+0000] {logging_mixin.py:154} INFO - [2024-04-01T14:09:53.823+0000] {dagbag.py:536} INFO - Filling up the DagBag from /home/airflow/.local/lib/python3.10/site-packages/airflow/example_dags/example_sensors.py
[2024-04-01T14:09:53.828+0000] {processor.py:839} INFO - DAG(s) dict_keys(['example_sensors']) retrieved from /home/airflow/.local/lib/python3.10/site-packages/airflow/example_dags/example_sensors.py
[2024-04-01T14:09:53.843+0000] {logging_mixin.py:154} INFO - [2024-04-01T14:09:53.842+0000] {dag.py:2941} INFO - Sync 1 DAGs
[2024-04-01T14:09:53.850+0000] {logging_mixin.py:154} INFO - [2024-04-01T14:09:53.849+0000] {dag.py:3722} INFO - Setting next_dagrun for example_sensors to None, run_after=None
[2024-04-01T14:09:53.858+0000] {processor.py:179} INFO - Processing /home/airflow/.local/lib/python3.10/site-packages/airflow/example_dags/example_sensors.py took 0.038 seconds
[2024-04-01T14:10:24.477+0000] {processor.py:157} INFO - Started process (PID=1013) to work on /home/airflow/.local/lib/python3.10/site-packages/airflow/example_dags/example_sensors.py
[2024-04-01T14:10:24.477+0000] {processor.py:829} INFO - Processing file /home/airflow/.local/lib/python3.10/site-packages/airflow/example_dags/example_sensors.py for tasks to queue
[2024-04-01T14:10:24.478+0000] {logging_mixin.py:154} INFO - [2024-04-01T14:10:24.478+0000] {dagbag.py:536} INFO - Filling up the DagBag from /home/airflow/.local/lib/python3.10/site-packages/airflow/example_dags/example_sensors.py
[2024-04-01T14:10:24.483+0000] {processor.py:839} INFO - DAG(s) dict_keys(['example_sensors']) retrieved from /home/airflow/.local/lib/python3.10/site-packages/airflow/example_dags/example_sensors.py
[2024-04-01T14:10:24.498+0000] {logging_mixin.py:154} INFO - [2024-04-01T14:10:24.498+0000] {dag.py:2941} INFO - Sync 1 DAGs
[2024-04-01T14:10:24.504+0000] {logging_mixin.py:154} INFO - [2024-04-01T14:10:24.504+0000] {dag.py:3722} INFO - Setting next_dagrun for example_sensors to None, run_after=None
[2024-04-01T14:10:24.513+0000] {processor.py:179} INFO - Processing /home/airflow/.local/lib/python3.10/site-packages/airflow/example_dags/example_sensors.py took 0.038 seconds
[2024-04-01T14:10:55.110+0000] {processor.py:157} INFO - Started process (PID=1067) to work on /home/airflow/.local/lib/python3.10/site-packages/airflow/example_dags/example_sensors.py
[2024-04-01T14:10:55.110+0000] {processor.py:829} INFO - Processing file /home/airflow/.local/lib/python3.10/site-packages/airflow/example_dags/example_sensors.py for tasks to queue
[2024-04-01T14:10:55.111+0000] {logging_mixin.py:154} INFO - [2024-04-01T14:10:55.111+0000] {dagbag.py:536} INFO - Filling up the DagBag from /home/airflow/.local/lib/python3.10/site-packages/airflow/example_dags/example_sensors.py
[2024-04-01T14:10:55.117+0000] {processor.py:839} INFO - DAG(s) dict_keys(['example_sensors']) retrieved from /home/airflow/.local/lib/python3.10/site-packages/airflow/example_dags/example_sensors.py
[2024-04-01T14:10:55.131+0000] {logging_mixin.py:154} INFO - [2024-04-01T14:10:55.131+0000] {dag.py:2941} INFO - Sync 1 DAGs
[2024-04-01T14:10:55.138+0000] {logging_mixin.py:154} INFO - [2024-04-01T14:10:55.137+0000] {dag.py:3722} INFO - Setting next_dagrun for example_sensors to None, run_after=None
[2024-04-01T14:10:55.146+0000] {processor.py:179} INFO - Processing /home/airflow/.local/lib/python3.10/site-packages/airflow/example_dags/example_sensors.py took 0.038 seconds
[2024-04-01T14:11:25.809+0000] {processor.py:157} INFO - Started process (PID=1121) to work on /home/airflow/.local/lib/python3.10/site-packages/airflow/example_dags/example_sensors.py
[2024-04-01T14:11:25.809+0000] {processor.py:829} INFO - Processing file /home/airflow/.local/lib/python3.10/site-packages/airflow/example_dags/example_sensors.py for tasks to queue
[2024-04-01T14:11:25.810+0000] {logging_mixin.py:154} INFO - [2024-04-01T14:11:25.810+0000] {dagbag.py:536} INFO - Filling up the DagBag from /home/airflow/.local/lib/python3.10/site-packages/airflow/example_dags/example_sensors.py
[2024-04-01T14:11:25.816+0000] {processor.py:839} INFO - DAG(s) dict_keys(['example_sensors']) retrieved from /home/airflow/.local/lib/python3.10/site-packages/airflow/example_dags/example_sensors.py
[2024-04-01T14:11:25.830+0000] {logging_mixin.py:154} INFO - [2024-04-01T14:11:25.830+0000] {dag.py:2941} INFO - Sync 1 DAGs
[2024-04-01T14:11:25.837+0000] {logging_mixin.py:154} INFO - [2024-04-01T14:11:25.837+0000] {dag.py:3722} INFO - Setting next_dagrun for example_sensors to None, run_after=None
[2024-04-01T14:11:25.846+0000] {processor.py:179} INFO - Processing /home/airflow/.local/lib/python3.10/site-packages/airflow/example_dags/example_sensors.py took 0.039 seconds
[2024-04-01T14:11:56.502+0000] {processor.py:157} INFO - Started process (PID=1175) to work on /home/airflow/.local/lib/python3.10/site-packages/airflow/example_dags/example_sensors.py
[2024-04-01T14:11:56.502+0000] {processor.py:829} INFO - Processing file /home/airflow/.local/lib/python3.10/site-packages/airflow/example_dags/example_sensors.py for tasks to queue
[2024-04-01T14:11:56.503+0000] {logging_mixin.py:154} INFO - [2024-04-01T14:11:56.503+0000] {dagbag.py:536} INFO - Filling up the DagBag from /home/airflow/.local/lib/python3.10/site-packages/airflow/example_dags/example_sensors.py
[2024-04-01T14:11:56.508+0000] {processor.py:839} INFO - DAG(s) dict_keys(['example_sensors']) retrieved from /home/airflow/.local/lib/python3.10/site-packages/airflow/example_dags/example_sensors.py
[2024-04-01T14:11:56.522+0000] {logging_mixin.py:154} INFO - [2024-04-01T14:11:56.522+0000] {dag.py:2941} INFO - Sync 1 DAGs
[2024-04-01T14:11:56.529+0000] {logging_mixin.py:154} INFO - [2024-04-01T14:11:56.529+0000] {dag.py:3722} INFO - Setting next_dagrun for example_sensors to None, run_after=None
[2024-04-01T14:11:56.537+0000] {processor.py:179} INFO - Processing /home/airflow/.local/lib/python3.10/site-packages/airflow/example_dags/example_sensors.py took 0.038 seconds
[2024-04-01T14:12:27.255+0000] {processor.py:157} INFO - Started process (PID=1229) to work on /home/airflow/.local/lib/python3.10/site-packages/airflow/example_dags/example_sensors.py
[2024-04-01T14:12:27.256+0000] {processor.py:829} INFO - Processing file /home/airflow/.local/lib/python3.10/site-packages/airflow/example_dags/example_sensors.py for tasks to queue
[2024-04-01T14:12:27.257+0000] {logging_mixin.py:154} INFO - [2024-04-01T14:12:27.257+0000] {dagbag.py:536} INFO - Filling up the DagBag from /home/airflow/.local/lib/python3.10/site-packages/airflow/example_dags/example_sensors.py
[2024-04-01T14:12:27.262+0000] {processor.py:839} INFO - DAG(s) dict_keys(['example_sensors']) retrieved from /home/airflow/.local/lib/python3.10/site-packages/airflow/example_dags/example_sensors.py
[2024-04-01T14:12:27.277+0000] {logging_mixin.py:154} INFO - [2024-04-01T14:12:27.277+0000] {dag.py:2941} INFO - Sync 1 DAGs
[2024-04-01T14:12:27.284+0000] {logging_mixin.py:154} INFO - [2024-04-01T14:12:27.284+0000] {dag.py:3722} INFO - Setting next_dagrun for example_sensors to None, run_after=None
[2024-04-01T14:12:27.292+0000] {processor.py:179} INFO - Processing /home/airflow/.local/lib/python3.10/site-packages/airflow/example_dags/example_sensors.py took 0.039 seconds
[2024-04-01T14:12:57.932+0000] {processor.py:157} INFO - Started process (PID=1283) to work on /home/airflow/.local/lib/python3.10/site-packages/airflow/example_dags/example_sensors.py
[2024-04-01T14:12:57.933+0000] {processor.py:829} INFO - Processing file /home/airflow/.local/lib/python3.10/site-packages/airflow/example_dags/example_sensors.py for tasks to queue
[2024-04-01T14:12:57.934+0000] {logging_mixin.py:154} INFO - [2024-04-01T14:12:57.934+0000] {dagbag.py:536} INFO - Filling up the DagBag from /home/airflow/.local/lib/python3.10/site-packages/airflow/example_dags/example_sensors.py
[2024-04-01T14:12:57.939+0000] {processor.py:839} INFO - DAG(s) dict_keys(['example_sensors']) retrieved from /home/airflow/.local/lib/python3.10/site-packages/airflow/example_dags/example_sensors.py
[2024-04-01T14:12:57.953+0000] {logging_mixin.py:154} INFO - [2024-04-01T14:12:57.953+0000] {dag.py:2941} INFO - Sync 1 DAGs
[2024-04-01T14:12:57.960+0000] {logging_mixin.py:154} INFO - [2024-04-01T14:12:57.960+0000] {dag.py:3722} INFO - Setting next_dagrun for example_sensors to None, run_after=None
[2024-04-01T14:12:57.968+0000] {processor.py:179} INFO - Processing /home/airflow/.local/lib/python3.10/site-packages/airflow/example_dags/example_sensors.py took 0.038 seconds
[2024-04-01T14:13:28.690+0000] {processor.py:157} INFO - Started process (PID=1337) to work on /home/airflow/.local/lib/python3.10/site-packages/airflow/example_dags/example_sensors.py
[2024-04-01T14:13:28.691+0000] {processor.py:829} INFO - Processing file /home/airflow/.local/lib/python3.10/site-packages/airflow/example_dags/example_sensors.py for tasks to queue
[2024-04-01T14:13:28.692+0000] {logging_mixin.py:154} INFO - [2024-04-01T14:13:28.692+0000] {dagbag.py:536} INFO - Filling up the DagBag from /home/airflow/.local/lib/python3.10/site-packages/airflow/example_dags/example_sensors.py
[2024-04-01T14:13:28.697+0000] {processor.py:839} INFO - DAG(s) dict_keys(['example_sensors']) retrieved from /home/airflow/.local/lib/python3.10/site-packages/airflow/example_dags/example_sensors.py
[2024-04-01T14:13:28.711+0000] {logging_mixin.py:154} INFO - [2024-04-01T14:13:28.711+0000] {dag.py:2941} INFO - Sync 1 DAGs
[2024-04-01T14:13:28.718+0000] {logging_mixin.py:154} INFO - [2024-04-01T14:13:28.718+0000] {dag.py:3722} INFO - Setting next_dagrun for example_sensors to None, run_after=None
[2024-04-01T14:13:28.726+0000] {processor.py:179} INFO - Processing /home/airflow/.local/lib/python3.10/site-packages/airflow/example_dags/example_sensors.py took 0.037 seconds
[2024-04-01T14:13:59.394+0000] {processor.py:157} INFO - Started process (PID=1391) to work on /home/airflow/.local/lib/python3.10/site-packages/airflow/example_dags/example_sensors.py
[2024-04-01T14:13:59.395+0000] {processor.py:829} INFO - Processing file /home/airflow/.local/lib/python3.10/site-packages/airflow/example_dags/example_sensors.py for tasks to queue
[2024-04-01T14:13:59.396+0000] {logging_mixin.py:154} INFO - [2024-04-01T14:13:59.396+0000] {dagbag.py:536} INFO - Filling up the DagBag from /home/airflow/.local/lib/python3.10/site-packages/airflow/example_dags/example_sensors.py
[2024-04-01T14:13:59.401+0000] {processor.py:839} INFO - DAG(s) dict_keys(['example_sensors']) retrieved from /home/airflow/.local/lib/python3.10/site-packages/airflow/example_dags/example_sensors.py
[2024-04-01T14:13:59.415+0000] {logging_mixin.py:154} INFO - [2024-04-01T14:13:59.415+0000] {dag.py:2941} INFO - Sync 1 DAGs
[2024-04-01T14:13:59.422+0000] {logging_mixin.py:154} INFO - [2024-04-01T14:13:59.422+0000] {dag.py:3722} INFO - Setting next_dagrun for example_sensors to None, run_after=None
[2024-04-01T14:13:59.430+0000] {processor.py:179} INFO - Processing /home/airflow/.local/lib/python3.10/site-packages/airflow/example_dags/example_sensors.py took 0.038 seconds
