[2024-04-01T14:01:12.985+0000] {processor.py:157} INFO - Started process (PID=51) to work on /home/airflow/.local/lib/python3.10/site-packages/airflow/example_dags/example_trigger_target_dag.py
[2024-04-01T14:01:12.985+0000] {processor.py:829} INFO - Processing file /home/airflow/.local/lib/python3.10/site-packages/airflow/example_dags/example_trigger_target_dag.py for tasks to queue
[2024-04-01T14:01:12.986+0000] {logging_mixin.py:154} INFO - [2024-04-01T14:01:12.986+0000] {dagbag.py:536} INFO - Filling up the DagBag from /home/airflow/.local/lib/python3.10/site-packages/airflow/example_dags/example_trigger_target_dag.py
[2024-04-01T14:01:12.991+0000] {processor.py:839} INFO - DAG(s) dict_keys(['example_trigger_target_dag']) retrieved from /home/airflow/.local/lib/python3.10/site-packages/airflow/example_dags/example_trigger_target_dag.py
[2024-04-01T14:01:12.999+0000] {logging_mixin.py:154} INFO - [2024-04-01T14:01:12.999+0000] {dag.py:2941} INFO - Sync 1 DAGs
[2024-04-01T14:01:13.007+0000] {logging_mixin.py:154} INFO - [2024-04-01T14:01:13.007+0000] {dag.py:3722} INFO - Setting next_dagrun for example_trigger_target_dag to None, run_after=None
[2024-04-01T14:01:13.016+0000] {processor.py:179} INFO - Processing /home/airflow/.local/lib/python3.10/site-packages/airflow/example_dags/example_trigger_target_dag.py took 0.033 seconds
[2024-04-01T14:01:43.619+0000] {processor.py:157} INFO - Started process (PID=105) to work on /home/airflow/.local/lib/python3.10/site-packages/airflow/example_dags/example_trigger_target_dag.py
[2024-04-01T14:01:43.619+0000] {processor.py:829} INFO - Processing file /home/airflow/.local/lib/python3.10/site-packages/airflow/example_dags/example_trigger_target_dag.py for tasks to queue
[2024-04-01T14:01:43.620+0000] {logging_mixin.py:154} INFO - [2024-04-01T14:01:43.620+0000] {dagbag.py:536} INFO - Filling up the DagBag from /home/airflow/.local/lib/python3.10/site-packages/airflow/example_dags/example_trigger_target_dag.py
[2024-04-01T14:01:43.623+0000] {processor.py:839} INFO - DAG(s) dict_keys(['example_trigger_target_dag']) retrieved from /home/airflow/.local/lib/python3.10/site-packages/airflow/example_dags/example_trigger_target_dag.py
[2024-04-01T14:01:43.635+0000] {logging_mixin.py:154} INFO - [2024-04-01T14:01:43.635+0000] {dag.py:2941} INFO - Sync 1 DAGs
[2024-04-01T14:01:43.642+0000] {logging_mixin.py:154} INFO - [2024-04-01T14:01:43.642+0000] {dag.py:3722} INFO - Setting next_dagrun for example_trigger_target_dag to None, run_after=None
[2024-04-01T14:01:43.650+0000] {processor.py:179} INFO - Processing /home/airflow/.local/lib/python3.10/site-packages/airflow/example_dags/example_trigger_target_dag.py took 0.033 seconds
[2024-04-01T14:02:14.131+0000] {processor.py:157} INFO - Started process (PID=159) to work on /home/airflow/.local/lib/python3.10/site-packages/airflow/example_dags/example_trigger_target_dag.py
[2024-04-01T14:02:14.131+0000] {processor.py:829} INFO - Processing file /home/airflow/.local/lib/python3.10/site-packages/airflow/example_dags/example_trigger_target_dag.py for tasks to queue
[2024-04-01T14:02:14.132+0000] {logging_mixin.py:154} INFO - [2024-04-01T14:02:14.132+0000] {dagbag.py:536} INFO - Filling up the DagBag from /home/airflow/.local/lib/python3.10/site-packages/airflow/example_dags/example_trigger_target_dag.py
[2024-04-01T14:02:14.135+0000] {processor.py:839} INFO - DAG(s) dict_keys(['example_trigger_target_dag']) retrieved from /home/airflow/.local/lib/python3.10/site-packages/airflow/example_dags/example_trigger_target_dag.py
[2024-04-01T14:02:14.146+0000] {logging_mixin.py:154} INFO - [2024-04-01T14:02:14.146+0000] {dag.py:2941} INFO - Sync 1 DAGs
[2024-04-01T14:02:14.153+0000] {logging_mixin.py:154} INFO - [2024-04-01T14:02:14.153+0000] {dag.py:3722} INFO - Setting next_dagrun for example_trigger_target_dag to None, run_after=None
[2024-04-01T14:02:14.161+0000] {processor.py:179} INFO - Processing /home/airflow/.local/lib/python3.10/site-packages/airflow/example_dags/example_trigger_target_dag.py took 0.033 seconds
[2024-04-01T14:02:44.758+0000] {processor.py:157} INFO - Started process (PID=213) to work on /home/airflow/.local/lib/python3.10/site-packages/airflow/example_dags/example_trigger_target_dag.py
[2024-04-01T14:02:44.759+0000] {processor.py:829} INFO - Processing file /home/airflow/.local/lib/python3.10/site-packages/airflow/example_dags/example_trigger_target_dag.py for tasks to queue
[2024-04-01T14:02:44.760+0000] {logging_mixin.py:154} INFO - [2024-04-01T14:02:44.760+0000] {dagbag.py:536} INFO - Filling up the DagBag from /home/airflow/.local/lib/python3.10/site-packages/airflow/example_dags/example_trigger_target_dag.py
[2024-04-01T14:02:44.763+0000] {processor.py:839} INFO - DAG(s) dict_keys(['example_trigger_target_dag']) retrieved from /home/airflow/.local/lib/python3.10/site-packages/airflow/example_dags/example_trigger_target_dag.py
[2024-04-01T14:02:44.775+0000] {logging_mixin.py:154} INFO - [2024-04-01T14:02:44.775+0000] {dag.py:2941} INFO - Sync 1 DAGs
[2024-04-01T14:02:44.781+0000] {logging_mixin.py:154} INFO - [2024-04-01T14:02:44.781+0000] {dag.py:3722} INFO - Setting next_dagrun for example_trigger_target_dag to None, run_after=None
[2024-04-01T14:02:44.790+0000] {processor.py:179} INFO - Processing /home/airflow/.local/lib/python3.10/site-packages/airflow/example_dags/example_trigger_target_dag.py took 0.033 seconds
[2024-04-01T14:03:15.356+0000] {processor.py:157} INFO - Started process (PID=267) to work on /home/airflow/.local/lib/python3.10/site-packages/airflow/example_dags/example_trigger_target_dag.py
[2024-04-01T14:03:15.357+0000] {processor.py:829} INFO - Processing file /home/airflow/.local/lib/python3.10/site-packages/airflow/example_dags/example_trigger_target_dag.py for tasks to queue
[2024-04-01T14:03:15.358+0000] {logging_mixin.py:154} INFO - [2024-04-01T14:03:15.358+0000] {dagbag.py:536} INFO - Filling up the DagBag from /home/airflow/.local/lib/python3.10/site-packages/airflow/example_dags/example_trigger_target_dag.py
[2024-04-01T14:03:15.361+0000] {processor.py:839} INFO - DAG(s) dict_keys(['example_trigger_target_dag']) retrieved from /home/airflow/.local/lib/python3.10/site-packages/airflow/example_dags/example_trigger_target_dag.py
[2024-04-01T14:03:15.373+0000] {logging_mixin.py:154} INFO - [2024-04-01T14:03:15.373+0000] {dag.py:2941} INFO - Sync 1 DAGs
[2024-04-01T14:03:15.380+0000] {logging_mixin.py:154} INFO - [2024-04-01T14:03:15.380+0000] {dag.py:3722} INFO - Setting next_dagrun for example_trigger_target_dag to None, run_after=None
[2024-04-01T14:03:15.389+0000] {processor.py:179} INFO - Processing /home/airflow/.local/lib/python3.10/site-packages/airflow/example_dags/example_trigger_target_dag.py took 0.035 seconds
[2024-04-01T14:03:46.058+0000] {processor.py:157} INFO - Started process (PID=321) to work on /home/airflow/.local/lib/python3.10/site-packages/airflow/example_dags/example_trigger_target_dag.py
[2024-04-01T14:03:46.059+0000] {processor.py:829} INFO - Processing file /home/airflow/.local/lib/python3.10/site-packages/airflow/example_dags/example_trigger_target_dag.py for tasks to queue
[2024-04-01T14:03:46.060+0000] {logging_mixin.py:154} INFO - [2024-04-01T14:03:46.060+0000] {dagbag.py:536} INFO - Filling up the DagBag from /home/airflow/.local/lib/python3.10/site-packages/airflow/example_dags/example_trigger_target_dag.py
[2024-04-01T14:03:46.063+0000] {processor.py:839} INFO - DAG(s) dict_keys(['example_trigger_target_dag']) retrieved from /home/airflow/.local/lib/python3.10/site-packages/airflow/example_dags/example_trigger_target_dag.py
[2024-04-01T14:03:46.075+0000] {logging_mixin.py:154} INFO - [2024-04-01T14:03:46.075+0000] {dag.py:2941} INFO - Sync 1 DAGs
[2024-04-01T14:03:46.082+0000] {logging_mixin.py:154} INFO - [2024-04-01T14:03:46.082+0000] {dag.py:3722} INFO - Setting next_dagrun for example_trigger_target_dag to None, run_after=None
[2024-04-01T14:03:46.091+0000] {processor.py:179} INFO - Processing /home/airflow/.local/lib/python3.10/site-packages/airflow/example_dags/example_trigger_target_dag.py took 0.035 seconds
[2024-04-01T14:04:16.818+0000] {processor.py:157} INFO - Started process (PID=375) to work on /home/airflow/.local/lib/python3.10/site-packages/airflow/example_dags/example_trigger_target_dag.py
[2024-04-01T14:04:16.819+0000] {processor.py:829} INFO - Processing file /home/airflow/.local/lib/python3.10/site-packages/airflow/example_dags/example_trigger_target_dag.py for tasks to queue
[2024-04-01T14:04:16.820+0000] {logging_mixin.py:154} INFO - [2024-04-01T14:04:16.820+0000] {dagbag.py:536} INFO - Filling up the DagBag from /home/airflow/.local/lib/python3.10/site-packages/airflow/example_dags/example_trigger_target_dag.py
[2024-04-01T14:04:16.824+0000] {processor.py:839} INFO - DAG(s) dict_keys(['example_trigger_target_dag']) retrieved from /home/airflow/.local/lib/python3.10/site-packages/airflow/example_dags/example_trigger_target_dag.py
[2024-04-01T14:04:16.837+0000] {logging_mixin.py:154} INFO - [2024-04-01T14:04:16.837+0000] {dag.py:2941} INFO - Sync 1 DAGs
[2024-04-01T14:04:16.844+0000] {logging_mixin.py:154} INFO - [2024-04-01T14:04:16.844+0000] {dag.py:3722} INFO - Setting next_dagrun for example_trigger_target_dag to None, run_after=None
[2024-04-01T14:04:16.853+0000] {processor.py:179} INFO - Processing /home/airflow/.local/lib/python3.10/site-packages/airflow/example_dags/example_trigger_target_dag.py took 0.037 seconds
[2024-04-01T14:04:47.585+0000] {processor.py:157} INFO - Started process (PID=429) to work on /home/airflow/.local/lib/python3.10/site-packages/airflow/example_dags/example_trigger_target_dag.py
[2024-04-01T14:04:47.586+0000] {processor.py:829} INFO - Processing file /home/airflow/.local/lib/python3.10/site-packages/airflow/example_dags/example_trigger_target_dag.py for tasks to queue
[2024-04-01T14:04:47.587+0000] {logging_mixin.py:154} INFO - [2024-04-01T14:04:47.587+0000] {dagbag.py:536} INFO - Filling up the DagBag from /home/airflow/.local/lib/python3.10/site-packages/airflow/example_dags/example_trigger_target_dag.py
[2024-04-01T14:04:47.591+0000] {processor.py:839} INFO - DAG(s) dict_keys(['example_trigger_target_dag']) retrieved from /home/airflow/.local/lib/python3.10/site-packages/airflow/example_dags/example_trigger_target_dag.py
[2024-04-01T14:04:47.603+0000] {logging_mixin.py:154} INFO - [2024-04-01T14:04:47.603+0000] {dag.py:2941} INFO - Sync 1 DAGs
[2024-04-01T14:04:47.610+0000] {logging_mixin.py:154} INFO - [2024-04-01T14:04:47.610+0000] {dag.py:3722} INFO - Setting next_dagrun for example_trigger_target_dag to None, run_after=None
[2024-04-01T14:04:47.618+0000] {processor.py:179} INFO - Processing /home/airflow/.local/lib/python3.10/site-packages/airflow/example_dags/example_trigger_target_dag.py took 0.035 seconds
[2024-04-01T14:05:18.185+0000] {processor.py:157} INFO - Started process (PID=483) to work on /home/airflow/.local/lib/python3.10/site-packages/airflow/example_dags/example_trigger_target_dag.py
[2024-04-01T14:05:18.185+0000] {processor.py:829} INFO - Processing file /home/airflow/.local/lib/python3.10/site-packages/airflow/example_dags/example_trigger_target_dag.py for tasks to queue
[2024-04-01T14:05:18.187+0000] {logging_mixin.py:154} INFO - [2024-04-01T14:05:18.186+0000] {dagbag.py:536} INFO - Filling up the DagBag from /home/airflow/.local/lib/python3.10/site-packages/airflow/example_dags/example_trigger_target_dag.py
[2024-04-01T14:05:18.190+0000] {processor.py:839} INFO - DAG(s) dict_keys(['example_trigger_target_dag']) retrieved from /home/airflow/.local/lib/python3.10/site-packages/airflow/example_dags/example_trigger_target_dag.py
[2024-04-01T14:05:18.202+0000] {logging_mixin.py:154} INFO - [2024-04-01T14:05:18.202+0000] {dag.py:2941} INFO - Sync 1 DAGs
[2024-04-01T14:05:18.209+0000] {logging_mixin.py:154} INFO - [2024-04-01T14:05:18.209+0000] {dag.py:3722} INFO - Setting next_dagrun for example_trigger_target_dag to None, run_after=None
[2024-04-01T14:05:18.217+0000] {processor.py:179} INFO - Processing /home/airflow/.local/lib/python3.10/site-packages/airflow/example_dags/example_trigger_target_dag.py took 0.034 seconds
[2024-04-01T14:05:48.798+0000] {processor.py:157} INFO - Started process (PID=537) to work on /home/airflow/.local/lib/python3.10/site-packages/airflow/example_dags/example_trigger_target_dag.py
[2024-04-01T14:05:48.799+0000] {processor.py:829} INFO - Processing file /home/airflow/.local/lib/python3.10/site-packages/airflow/example_dags/example_trigger_target_dag.py for tasks to queue
[2024-04-01T14:05:48.800+0000] {logging_mixin.py:154} INFO - [2024-04-01T14:05:48.800+0000] {dagbag.py:536} INFO - Filling up the DagBag from /home/airflow/.local/lib/python3.10/site-packages/airflow/example_dags/example_trigger_target_dag.py
[2024-04-01T14:05:48.803+0000] {processor.py:839} INFO - DAG(s) dict_keys(['example_trigger_target_dag']) retrieved from /home/airflow/.local/lib/python3.10/site-packages/airflow/example_dags/example_trigger_target_dag.py
[2024-04-01T14:05:48.815+0000] {logging_mixin.py:154} INFO - [2024-04-01T14:05:48.815+0000] {dag.py:2941} INFO - Sync 1 DAGs
[2024-04-01T14:05:48.822+0000] {logging_mixin.py:154} INFO - [2024-04-01T14:05:48.822+0000] {dag.py:3722} INFO - Setting next_dagrun for example_trigger_target_dag to None, run_after=None
[2024-04-01T14:05:48.830+0000] {processor.py:179} INFO - Processing /home/airflow/.local/lib/python3.10/site-packages/airflow/example_dags/example_trigger_target_dag.py took 0.034 seconds
[2024-04-01T14:06:19.524+0000] {processor.py:157} INFO - Started process (PID=591) to work on /home/airflow/.local/lib/python3.10/site-packages/airflow/example_dags/example_trigger_target_dag.py
[2024-04-01T14:06:19.525+0000] {processor.py:829} INFO - Processing file /home/airflow/.local/lib/python3.10/site-packages/airflow/example_dags/example_trigger_target_dag.py for tasks to queue
[2024-04-01T14:06:19.526+0000] {logging_mixin.py:154} INFO - [2024-04-01T14:06:19.526+0000] {dagbag.py:536} INFO - Filling up the DagBag from /home/airflow/.local/lib/python3.10/site-packages/airflow/example_dags/example_trigger_target_dag.py
[2024-04-01T14:06:19.529+0000] {processor.py:839} INFO - DAG(s) dict_keys(['example_trigger_target_dag']) retrieved from /home/airflow/.local/lib/python3.10/site-packages/airflow/example_dags/example_trigger_target_dag.py
[2024-04-01T14:06:19.541+0000] {logging_mixin.py:154} INFO - [2024-04-01T14:06:19.541+0000] {dag.py:2941} INFO - Sync 1 DAGs
[2024-04-01T14:06:19.548+0000] {logging_mixin.py:154} INFO - [2024-04-01T14:06:19.548+0000] {dag.py:3722} INFO - Setting next_dagrun for example_trigger_target_dag to None, run_after=None
[2024-04-01T14:06:19.556+0000] {processor.py:179} INFO - Processing /home/airflow/.local/lib/python3.10/site-packages/airflow/example_dags/example_trigger_target_dag.py took 0.034 seconds
[2024-04-01T14:06:50.150+0000] {processor.py:157} INFO - Started process (PID=645) to work on /home/airflow/.local/lib/python3.10/site-packages/airflow/example_dags/example_trigger_target_dag.py
[2024-04-01T14:06:50.151+0000] {processor.py:829} INFO - Processing file /home/airflow/.local/lib/python3.10/site-packages/airflow/example_dags/example_trigger_target_dag.py for tasks to queue
[2024-04-01T14:06:50.152+0000] {logging_mixin.py:154} INFO - [2024-04-01T14:06:50.151+0000] {dagbag.py:536} INFO - Filling up the DagBag from /home/airflow/.local/lib/python3.10/site-packages/airflow/example_dags/example_trigger_target_dag.py
[2024-04-01T14:06:50.155+0000] {processor.py:839} INFO - DAG(s) dict_keys(['example_trigger_target_dag']) retrieved from /home/airflow/.local/lib/python3.10/site-packages/airflow/example_dags/example_trigger_target_dag.py
[2024-04-01T14:06:50.167+0000] {logging_mixin.py:154} INFO - [2024-04-01T14:06:50.166+0000] {dag.py:2941} INFO - Sync 1 DAGs
[2024-04-01T14:06:50.173+0000] {logging_mixin.py:154} INFO - [2024-04-01T14:06:50.173+0000] {dag.py:3722} INFO - Setting next_dagrun for example_trigger_target_dag to None, run_after=None
[2024-04-01T14:06:50.182+0000] {processor.py:179} INFO - Processing /home/airflow/.local/lib/python3.10/site-packages/airflow/example_dags/example_trigger_target_dag.py took 0.034 seconds
[2024-04-01T14:07:20.849+0000] {processor.py:157} INFO - Started process (PID=699) to work on /home/airflow/.local/lib/python3.10/site-packages/airflow/example_dags/example_trigger_target_dag.py
[2024-04-01T14:07:20.850+0000] {processor.py:829} INFO - Processing file /home/airflow/.local/lib/python3.10/site-packages/airflow/example_dags/example_trigger_target_dag.py for tasks to queue
[2024-04-01T14:07:20.851+0000] {logging_mixin.py:154} INFO - [2024-04-01T14:07:20.851+0000] {dagbag.py:536} INFO - Filling up the DagBag from /home/airflow/.local/lib/python3.10/site-packages/airflow/example_dags/example_trigger_target_dag.py
[2024-04-01T14:07:20.854+0000] {processor.py:839} INFO - DAG(s) dict_keys(['example_trigger_target_dag']) retrieved from /home/airflow/.local/lib/python3.10/site-packages/airflow/example_dags/example_trigger_target_dag.py
[2024-04-01T14:07:20.866+0000] {logging_mixin.py:154} INFO - [2024-04-01T14:07:20.865+0000] {dag.py:2941} INFO - Sync 1 DAGs
[2024-04-01T14:07:20.872+0000] {logging_mixin.py:154} INFO - [2024-04-01T14:07:20.872+0000] {dag.py:3722} INFO - Setting next_dagrun for example_trigger_target_dag to None, run_after=None
[2024-04-01T14:07:20.881+0000] {processor.py:179} INFO - Processing /home/airflow/.local/lib/python3.10/site-packages/airflow/example_dags/example_trigger_target_dag.py took 0.034 seconds
[2024-04-01T14:07:51.536+0000] {processor.py:157} INFO - Started process (PID=753) to work on /home/airflow/.local/lib/python3.10/site-packages/airflow/example_dags/example_trigger_target_dag.py
[2024-04-01T14:07:51.537+0000] {processor.py:829} INFO - Processing file /home/airflow/.local/lib/python3.10/site-packages/airflow/example_dags/example_trigger_target_dag.py for tasks to queue
[2024-04-01T14:07:51.538+0000] {logging_mixin.py:154} INFO - [2024-04-01T14:07:51.538+0000] {dagbag.py:536} INFO - Filling up the DagBag from /home/airflow/.local/lib/python3.10/site-packages/airflow/example_dags/example_trigger_target_dag.py
[2024-04-01T14:07:51.541+0000] {processor.py:839} INFO - DAG(s) dict_keys(['example_trigger_target_dag']) retrieved from /home/airflow/.local/lib/python3.10/site-packages/airflow/example_dags/example_trigger_target_dag.py
[2024-04-01T14:07:51.553+0000] {logging_mixin.py:154} INFO - [2024-04-01T14:07:51.553+0000] {dag.py:2941} INFO - Sync 1 DAGs
[2024-04-01T14:07:51.560+0000] {logging_mixin.py:154} INFO - [2024-04-01T14:07:51.560+0000] {dag.py:3722} INFO - Setting next_dagrun for example_trigger_target_dag to None, run_after=None
[2024-04-01T14:07:51.569+0000] {processor.py:179} INFO - Processing /home/airflow/.local/lib/python3.10/site-packages/airflow/example_dags/example_trigger_target_dag.py took 0.035 seconds
[2024-04-01T14:08:22.153+0000] {processor.py:157} INFO - Started process (PID=807) to work on /home/airflow/.local/lib/python3.10/site-packages/airflow/example_dags/example_trigger_target_dag.py
[2024-04-01T14:08:22.154+0000] {processor.py:829} INFO - Processing file /home/airflow/.local/lib/python3.10/site-packages/airflow/example_dags/example_trigger_target_dag.py for tasks to queue
[2024-04-01T14:08:22.155+0000] {logging_mixin.py:154} INFO - [2024-04-01T14:08:22.155+0000] {dagbag.py:536} INFO - Filling up the DagBag from /home/airflow/.local/lib/python3.10/site-packages/airflow/example_dags/example_trigger_target_dag.py
[2024-04-01T14:08:22.158+0000] {processor.py:839} INFO - DAG(s) dict_keys(['example_trigger_target_dag']) retrieved from /home/airflow/.local/lib/python3.10/site-packages/airflow/example_dags/example_trigger_target_dag.py
[2024-04-01T14:08:22.171+0000] {logging_mixin.py:154} INFO - [2024-04-01T14:08:22.171+0000] {dag.py:2941} INFO - Sync 1 DAGs
[2024-04-01T14:08:22.178+0000] {logging_mixin.py:154} INFO - [2024-04-01T14:08:22.178+0000] {dag.py:3722} INFO - Setting next_dagrun for example_trigger_target_dag to None, run_after=None
[2024-04-01T14:08:22.187+0000] {processor.py:179} INFO - Processing /home/airflow/.local/lib/python3.10/site-packages/airflow/example_dags/example_trigger_target_dag.py took 0.035 seconds
[2024-04-01T14:08:52.748+0000] {processor.py:157} INFO - Started process (PID=861) to work on /home/airflow/.local/lib/python3.10/site-packages/airflow/example_dags/example_trigger_target_dag.py
[2024-04-01T14:08:52.749+0000] {processor.py:829} INFO - Processing file /home/airflow/.local/lib/python3.10/site-packages/airflow/example_dags/example_trigger_target_dag.py for tasks to queue
[2024-04-01T14:08:52.750+0000] {logging_mixin.py:154} INFO - [2024-04-01T14:08:52.750+0000] {dagbag.py:536} INFO - Filling up the DagBag from /home/airflow/.local/lib/python3.10/site-packages/airflow/example_dags/example_trigger_target_dag.py
[2024-04-01T14:08:52.754+0000] {processor.py:839} INFO - DAG(s) dict_keys(['example_trigger_target_dag']) retrieved from /home/airflow/.local/lib/python3.10/site-packages/airflow/example_dags/example_trigger_target_dag.py
[2024-04-01T14:08:52.766+0000] {logging_mixin.py:154} INFO - [2024-04-01T14:08:52.766+0000] {dag.py:2941} INFO - Sync 1 DAGs
[2024-04-01T14:08:52.773+0000] {logging_mixin.py:154} INFO - [2024-04-01T14:08:52.773+0000] {dag.py:3722} INFO - Setting next_dagrun for example_trigger_target_dag to None, run_after=None
[2024-04-01T14:08:52.781+0000] {processor.py:179} INFO - Processing /home/airflow/.local/lib/python3.10/site-packages/airflow/example_dags/example_trigger_target_dag.py took 0.035 seconds
[2024-04-01T14:09:23.540+0000] {processor.py:157} INFO - Started process (PID=915) to work on /home/airflow/.local/lib/python3.10/site-packages/airflow/example_dags/example_trigger_target_dag.py
[2024-04-01T14:09:23.540+0000] {processor.py:829} INFO - Processing file /home/airflow/.local/lib/python3.10/site-packages/airflow/example_dags/example_trigger_target_dag.py for tasks to queue
[2024-04-01T14:09:23.541+0000] {logging_mixin.py:154} INFO - [2024-04-01T14:09:23.541+0000] {dagbag.py:536} INFO - Filling up the DagBag from /home/airflow/.local/lib/python3.10/site-packages/airflow/example_dags/example_trigger_target_dag.py
[2024-04-01T14:09:23.545+0000] {processor.py:839} INFO - DAG(s) dict_keys(['example_trigger_target_dag']) retrieved from /home/airflow/.local/lib/python3.10/site-packages/airflow/example_dags/example_trigger_target_dag.py
[2024-04-01T14:09:23.558+0000] {logging_mixin.py:154} INFO - [2024-04-01T14:09:23.558+0000] {dag.py:2941} INFO - Sync 1 DAGs
[2024-04-01T14:09:23.565+0000] {logging_mixin.py:154} INFO - [2024-04-01T14:09:23.565+0000] {dag.py:3722} INFO - Setting next_dagrun for example_trigger_target_dag to None, run_after=None
[2024-04-01T14:09:23.574+0000] {processor.py:179} INFO - Processing /home/airflow/.local/lib/python3.10/site-packages/airflow/example_dags/example_trigger_target_dag.py took 0.036 seconds
[2024-04-01T14:09:54.225+0000] {processor.py:157} INFO - Started process (PID=969) to work on /home/airflow/.local/lib/python3.10/site-packages/airflow/example_dags/example_trigger_target_dag.py
[2024-04-01T14:09:54.226+0000] {processor.py:829} INFO - Processing file /home/airflow/.local/lib/python3.10/site-packages/airflow/example_dags/example_trigger_target_dag.py for tasks to queue
[2024-04-01T14:09:54.227+0000] {logging_mixin.py:154} INFO - [2024-04-01T14:09:54.227+0000] {dagbag.py:536} INFO - Filling up the DagBag from /home/airflow/.local/lib/python3.10/site-packages/airflow/example_dags/example_trigger_target_dag.py
[2024-04-01T14:09:54.230+0000] {processor.py:839} INFO - DAG(s) dict_keys(['example_trigger_target_dag']) retrieved from /home/airflow/.local/lib/python3.10/site-packages/airflow/example_dags/example_trigger_target_dag.py
[2024-04-01T14:09:54.242+0000] {logging_mixin.py:154} INFO - [2024-04-01T14:09:54.242+0000] {dag.py:2941} INFO - Sync 1 DAGs
[2024-04-01T14:09:54.249+0000] {logging_mixin.py:154} INFO - [2024-04-01T14:09:54.249+0000] {dag.py:3722} INFO - Setting next_dagrun for example_trigger_target_dag to None, run_after=None
[2024-04-01T14:09:54.258+0000] {processor.py:179} INFO - Processing /home/airflow/.local/lib/python3.10/site-packages/airflow/example_dags/example_trigger_target_dag.py took 0.034 seconds
[2024-04-01T14:10:24.890+0000] {processor.py:157} INFO - Started process (PID=1023) to work on /home/airflow/.local/lib/python3.10/site-packages/airflow/example_dags/example_trigger_target_dag.py
[2024-04-01T14:10:24.891+0000] {processor.py:829} INFO - Processing file /home/airflow/.local/lib/python3.10/site-packages/airflow/example_dags/example_trigger_target_dag.py for tasks to queue
[2024-04-01T14:10:24.892+0000] {logging_mixin.py:154} INFO - [2024-04-01T14:10:24.892+0000] {dagbag.py:536} INFO - Filling up the DagBag from /home/airflow/.local/lib/python3.10/site-packages/airflow/example_dags/example_trigger_target_dag.py
[2024-04-01T14:10:24.896+0000] {processor.py:839} INFO - DAG(s) dict_keys(['example_trigger_target_dag']) retrieved from /home/airflow/.local/lib/python3.10/site-packages/airflow/example_dags/example_trigger_target_dag.py
[2024-04-01T14:10:24.908+0000] {logging_mixin.py:154} INFO - [2024-04-01T14:10:24.908+0000] {dag.py:2941} INFO - Sync 1 DAGs
[2024-04-01T14:10:24.914+0000] {logging_mixin.py:154} INFO - [2024-04-01T14:10:24.914+0000] {dag.py:3722} INFO - Setting next_dagrun for example_trigger_target_dag to None, run_after=None
[2024-04-01T14:10:24.923+0000] {processor.py:179} INFO - Processing /home/airflow/.local/lib/python3.10/site-packages/airflow/example_dags/example_trigger_target_dag.py took 0.034 seconds
[2024-04-01T14:10:55.510+0000] {processor.py:157} INFO - Started process (PID=1077) to work on /home/airflow/.local/lib/python3.10/site-packages/airflow/example_dags/example_trigger_target_dag.py
[2024-04-01T14:10:55.511+0000] {processor.py:829} INFO - Processing file /home/airflow/.local/lib/python3.10/site-packages/airflow/example_dags/example_trigger_target_dag.py for tasks to queue
[2024-04-01T14:10:55.512+0000] {logging_mixin.py:154} INFO - [2024-04-01T14:10:55.512+0000] {dagbag.py:536} INFO - Filling up the DagBag from /home/airflow/.local/lib/python3.10/site-packages/airflow/example_dags/example_trigger_target_dag.py
[2024-04-01T14:10:55.515+0000] {processor.py:839} INFO - DAG(s) dict_keys(['example_trigger_target_dag']) retrieved from /home/airflow/.local/lib/python3.10/site-packages/airflow/example_dags/example_trigger_target_dag.py
[2024-04-01T14:10:55.527+0000] {logging_mixin.py:154} INFO - [2024-04-01T14:10:55.527+0000] {dag.py:2941} INFO - Sync 1 DAGs
[2024-04-01T14:10:55.534+0000] {logging_mixin.py:154} INFO - [2024-04-01T14:10:55.534+0000] {dag.py:3722} INFO - Setting next_dagrun for example_trigger_target_dag to None, run_after=None
[2024-04-01T14:10:55.543+0000] {processor.py:179} INFO - Processing /home/airflow/.local/lib/python3.10/site-packages/airflow/example_dags/example_trigger_target_dag.py took 0.035 seconds
[2024-04-01T14:11:26.217+0000] {processor.py:157} INFO - Started process (PID=1131) to work on /home/airflow/.local/lib/python3.10/site-packages/airflow/example_dags/example_trigger_target_dag.py
[2024-04-01T14:11:26.218+0000] {processor.py:829} INFO - Processing file /home/airflow/.local/lib/python3.10/site-packages/airflow/example_dags/example_trigger_target_dag.py for tasks to queue
[2024-04-01T14:11:26.219+0000] {logging_mixin.py:154} INFO - [2024-04-01T14:11:26.219+0000] {dagbag.py:536} INFO - Filling up the DagBag from /home/airflow/.local/lib/python3.10/site-packages/airflow/example_dags/example_trigger_target_dag.py
[2024-04-01T14:11:26.222+0000] {processor.py:839} INFO - DAG(s) dict_keys(['example_trigger_target_dag']) retrieved from /home/airflow/.local/lib/python3.10/site-packages/airflow/example_dags/example_trigger_target_dag.py
[2024-04-01T14:11:26.235+0000] {logging_mixin.py:154} INFO - [2024-04-01T14:11:26.235+0000] {dag.py:2941} INFO - Sync 1 DAGs
[2024-04-01T14:11:26.242+0000] {logging_mixin.py:154} INFO - [2024-04-01T14:11:26.242+0000] {dag.py:3722} INFO - Setting next_dagrun for example_trigger_target_dag to None, run_after=None
[2024-04-01T14:11:26.251+0000] {processor.py:179} INFO - Processing /home/airflow/.local/lib/python3.10/site-packages/airflow/example_dags/example_trigger_target_dag.py took 0.035 seconds
[2024-04-01T14:11:56.909+0000] {processor.py:157} INFO - Started process (PID=1185) to work on /home/airflow/.local/lib/python3.10/site-packages/airflow/example_dags/example_trigger_target_dag.py
[2024-04-01T14:11:56.909+0000] {processor.py:829} INFO - Processing file /home/airflow/.local/lib/python3.10/site-packages/airflow/example_dags/example_trigger_target_dag.py for tasks to queue
[2024-04-01T14:11:56.910+0000] {logging_mixin.py:154} INFO - [2024-04-01T14:11:56.910+0000] {dagbag.py:536} INFO - Filling up the DagBag from /home/airflow/.local/lib/python3.10/site-packages/airflow/example_dags/example_trigger_target_dag.py
[2024-04-01T14:11:56.914+0000] {processor.py:839} INFO - DAG(s) dict_keys(['example_trigger_target_dag']) retrieved from /home/airflow/.local/lib/python3.10/site-packages/airflow/example_dags/example_trigger_target_dag.py
[2024-04-01T14:11:56.926+0000] {logging_mixin.py:154} INFO - [2024-04-01T14:11:56.926+0000] {dag.py:2941} INFO - Sync 1 DAGs
[2024-04-01T14:11:56.932+0000] {logging_mixin.py:154} INFO - [2024-04-01T14:11:56.932+0000] {dag.py:3722} INFO - Setting next_dagrun for example_trigger_target_dag to None, run_after=None
[2024-04-01T14:11:56.941+0000] {processor.py:179} INFO - Processing /home/airflow/.local/lib/python3.10/site-packages/airflow/example_dags/example_trigger_target_dag.py took 0.035 seconds
[2024-04-01T14:12:27.658+0000] {processor.py:157} INFO - Started process (PID=1239) to work on /home/airflow/.local/lib/python3.10/site-packages/airflow/example_dags/example_trigger_target_dag.py
[2024-04-01T14:12:27.658+0000] {processor.py:829} INFO - Processing file /home/airflow/.local/lib/python3.10/site-packages/airflow/example_dags/example_trigger_target_dag.py for tasks to queue
[2024-04-01T14:12:27.659+0000] {logging_mixin.py:154} INFO - [2024-04-01T14:12:27.659+0000] {dagbag.py:536} INFO - Filling up the DagBag from /home/airflow/.local/lib/python3.10/site-packages/airflow/example_dags/example_trigger_target_dag.py
[2024-04-01T14:12:27.663+0000] {processor.py:839} INFO - DAG(s) dict_keys(['example_trigger_target_dag']) retrieved from /home/airflow/.local/lib/python3.10/site-packages/airflow/example_dags/example_trigger_target_dag.py
[2024-04-01T14:12:27.675+0000] {logging_mixin.py:154} INFO - [2024-04-01T14:12:27.675+0000] {dag.py:2941} INFO - Sync 1 DAGs
[2024-04-01T14:12:27.682+0000] {logging_mixin.py:154} INFO - [2024-04-01T14:12:27.682+0000] {dag.py:3722} INFO - Setting next_dagrun for example_trigger_target_dag to None, run_after=None
[2024-04-01T14:12:27.690+0000] {processor.py:179} INFO - Processing /home/airflow/.local/lib/python3.10/site-packages/airflow/example_dags/example_trigger_target_dag.py took 0.034 seconds
[2024-04-01T14:12:58.340+0000] {processor.py:157} INFO - Started process (PID=1293) to work on /home/airflow/.local/lib/python3.10/site-packages/airflow/example_dags/example_trigger_target_dag.py
[2024-04-01T14:12:58.340+0000] {processor.py:829} INFO - Processing file /home/airflow/.local/lib/python3.10/site-packages/airflow/example_dags/example_trigger_target_dag.py for tasks to queue
[2024-04-01T14:12:58.342+0000] {logging_mixin.py:154} INFO - [2024-04-01T14:12:58.341+0000] {dagbag.py:536} INFO - Filling up the DagBag from /home/airflow/.local/lib/python3.10/site-packages/airflow/example_dags/example_trigger_target_dag.py
[2024-04-01T14:12:58.345+0000] {processor.py:839} INFO - DAG(s) dict_keys(['example_trigger_target_dag']) retrieved from /home/airflow/.local/lib/python3.10/site-packages/airflow/example_dags/example_trigger_target_dag.py
[2024-04-01T14:12:58.357+0000] {logging_mixin.py:154} INFO - [2024-04-01T14:12:58.357+0000] {dag.py:2941} INFO - Sync 1 DAGs
[2024-04-01T14:12:58.364+0000] {logging_mixin.py:154} INFO - [2024-04-01T14:12:58.364+0000] {dag.py:3722} INFO - Setting next_dagrun for example_trigger_target_dag to None, run_after=None
[2024-04-01T14:12:58.373+0000] {processor.py:179} INFO - Processing /home/airflow/.local/lib/python3.10/site-packages/airflow/example_dags/example_trigger_target_dag.py took 0.035 seconds
[2024-04-01T14:13:29.098+0000] {processor.py:157} INFO - Started process (PID=1347) to work on /home/airflow/.local/lib/python3.10/site-packages/airflow/example_dags/example_trigger_target_dag.py
[2024-04-01T14:13:29.098+0000] {processor.py:829} INFO - Processing file /home/airflow/.local/lib/python3.10/site-packages/airflow/example_dags/example_trigger_target_dag.py for tasks to queue
[2024-04-01T14:13:29.099+0000] {logging_mixin.py:154} INFO - [2024-04-01T14:13:29.099+0000] {dagbag.py:536} INFO - Filling up the DagBag from /home/airflow/.local/lib/python3.10/site-packages/airflow/example_dags/example_trigger_target_dag.py
[2024-04-01T14:13:29.103+0000] {processor.py:839} INFO - DAG(s) dict_keys(['example_trigger_target_dag']) retrieved from /home/airflow/.local/lib/python3.10/site-packages/airflow/example_dags/example_trigger_target_dag.py
[2024-04-01T14:13:29.115+0000] {logging_mixin.py:154} INFO - [2024-04-01T14:13:29.115+0000] {dag.py:2941} INFO - Sync 1 DAGs
[2024-04-01T14:13:29.122+0000] {logging_mixin.py:154} INFO - [2024-04-01T14:13:29.122+0000] {dag.py:3722} INFO - Setting next_dagrun for example_trigger_target_dag to None, run_after=None
[2024-04-01T14:13:29.131+0000] {processor.py:179} INFO - Processing /home/airflow/.local/lib/python3.10/site-packages/airflow/example_dags/example_trigger_target_dag.py took 0.035 seconds
[2024-04-01T14:13:59.799+0000] {processor.py:157} INFO - Started process (PID=1401) to work on /home/airflow/.local/lib/python3.10/site-packages/airflow/example_dags/example_trigger_target_dag.py
[2024-04-01T14:13:59.800+0000] {processor.py:829} INFO - Processing file /home/airflow/.local/lib/python3.10/site-packages/airflow/example_dags/example_trigger_target_dag.py for tasks to queue
[2024-04-01T14:13:59.801+0000] {logging_mixin.py:154} INFO - [2024-04-01T14:13:59.801+0000] {dagbag.py:536} INFO - Filling up the DagBag from /home/airflow/.local/lib/python3.10/site-packages/airflow/example_dags/example_trigger_target_dag.py
[2024-04-01T14:13:59.804+0000] {processor.py:839} INFO - DAG(s) dict_keys(['example_trigger_target_dag']) retrieved from /home/airflow/.local/lib/python3.10/site-packages/airflow/example_dags/example_trigger_target_dag.py
[2024-04-01T14:13:59.816+0000] {logging_mixin.py:154} INFO - [2024-04-01T14:13:59.816+0000] {dag.py:2941} INFO - Sync 1 DAGs
[2024-04-01T14:13:59.823+0000] {logging_mixin.py:154} INFO - [2024-04-01T14:13:59.822+0000] {dag.py:3722} INFO - Setting next_dagrun for example_trigger_target_dag to None, run_after=None
[2024-04-01T14:13:59.831+0000] {processor.py:179} INFO - Processing /home/airflow/.local/lib/python3.10/site-packages/airflow/example_dags/example_trigger_target_dag.py took 0.034 seconds
