[2024-04-01T14:01:12.812+0000] {processor.py:157} INFO - Started process (PID=46) to work on /home/airflow/.local/lib/python3.10/site-packages/airflow/example_dags/example_branch_labels.py
[2024-04-01T14:01:12.813+0000] {processor.py:829} INFO - Processing file /home/airflow/.local/lib/python3.10/site-packages/airflow/example_dags/example_branch_labels.py for tasks to queue
[2024-04-01T14:01:12.814+0000] {logging_mixin.py:154} INFO - [2024-04-01T14:01:12.814+0000] {dagbag.py:536} INFO - Filling up the DagBag from /home/airflow/.local/lib/python3.10/site-packages/airflow/example_dags/example_branch_labels.py
[2024-04-01T14:01:12.820+0000] {processor.py:839} INFO - DAG(s) dict_keys(['example_branch_labels']) retrieved from /home/airflow/.local/lib/python3.10/site-packages/airflow/example_dags/example_branch_labels.py
[2024-04-01T14:01:12.828+0000] {logging_mixin.py:154} INFO - [2024-04-01T14:01:12.828+0000] {dag.py:2941} INFO - Sync 1 DAGs
[2024-04-01T14:01:12.845+0000] {logging_mixin.py:154} INFO - [2024-04-01T14:01:12.845+0000] {dag.py:3722} INFO - Setting next_dagrun for example_branch_labels to 2024-03-31T00:00:00+00:00, run_after=2024-04-01T00:00:00+00:00
[2024-04-01T14:01:12.854+0000] {processor.py:179} INFO - Processing /home/airflow/.local/lib/python3.10/site-packages/airflow/example_dags/example_branch_labels.py took 0.044 seconds
[2024-04-01T14:01:43.397+0000] {processor.py:157} INFO - Started process (PID=100) to work on /home/airflow/.local/lib/python3.10/site-packages/airflow/example_dags/example_branch_labels.py
[2024-04-01T14:01:43.397+0000] {processor.py:829} INFO - Processing file /home/airflow/.local/lib/python3.10/site-packages/airflow/example_dags/example_branch_labels.py for tasks to queue
[2024-04-01T14:01:43.398+0000] {logging_mixin.py:154} INFO - [2024-04-01T14:01:43.398+0000] {dagbag.py:536} INFO - Filling up the DagBag from /home/airflow/.local/lib/python3.10/site-packages/airflow/example_dags/example_branch_labels.py
[2024-04-01T14:01:43.402+0000] {processor.py:839} INFO - DAG(s) dict_keys(['example_branch_labels']) retrieved from /home/airflow/.local/lib/python3.10/site-packages/airflow/example_dags/example_branch_labels.py
[2024-04-01T14:01:43.413+0000] {logging_mixin.py:154} INFO - [2024-04-01T14:01:43.413+0000] {dag.py:2941} INFO - Sync 1 DAGs
[2024-04-01T14:01:43.425+0000] {logging_mixin.py:154} INFO - [2024-04-01T14:01:43.425+0000] {dag.py:3722} INFO - Setting next_dagrun for example_branch_labels to 2024-03-31T00:00:00+00:00, run_after=2024-04-01T00:00:00+00:00
[2024-04-01T14:01:43.433+0000] {processor.py:179} INFO - Processing /home/airflow/.local/lib/python3.10/site-packages/airflow/example_dags/example_branch_labels.py took 0.038 seconds
[2024-04-01T14:02:13.912+0000] {processor.py:157} INFO - Started process (PID=154) to work on /home/airflow/.local/lib/python3.10/site-packages/airflow/example_dags/example_branch_labels.py
[2024-04-01T14:02:13.913+0000] {processor.py:829} INFO - Processing file /home/airflow/.local/lib/python3.10/site-packages/airflow/example_dags/example_branch_labels.py for tasks to queue
[2024-04-01T14:02:13.914+0000] {logging_mixin.py:154} INFO - [2024-04-01T14:02:13.914+0000] {dagbag.py:536} INFO - Filling up the DagBag from /home/airflow/.local/lib/python3.10/site-packages/airflow/example_dags/example_branch_labels.py
[2024-04-01T14:02:13.918+0000] {processor.py:839} INFO - DAG(s) dict_keys(['example_branch_labels']) retrieved from /home/airflow/.local/lib/python3.10/site-packages/airflow/example_dags/example_branch_labels.py
[2024-04-01T14:02:13.929+0000] {logging_mixin.py:154} INFO - [2024-04-01T14:02:13.929+0000] {dag.py:2941} INFO - Sync 1 DAGs
[2024-04-01T14:02:13.941+0000] {logging_mixin.py:154} INFO - [2024-04-01T14:02:13.941+0000] {dag.py:3722} INFO - Setting next_dagrun for example_branch_labels to 2024-03-31T00:00:00+00:00, run_after=2024-04-01T00:00:00+00:00
[2024-04-01T14:02:13.949+0000] {processor.py:179} INFO - Processing /home/airflow/.local/lib/python3.10/site-packages/airflow/example_dags/example_branch_labels.py took 0.039 seconds
[2024-04-01T14:02:44.535+0000] {processor.py:157} INFO - Started process (PID=208) to work on /home/airflow/.local/lib/python3.10/site-packages/airflow/example_dags/example_branch_labels.py
[2024-04-01T14:02:44.535+0000] {processor.py:829} INFO - Processing file /home/airflow/.local/lib/python3.10/site-packages/airflow/example_dags/example_branch_labels.py for tasks to queue
[2024-04-01T14:02:44.536+0000] {logging_mixin.py:154} INFO - [2024-04-01T14:02:44.536+0000] {dagbag.py:536} INFO - Filling up the DagBag from /home/airflow/.local/lib/python3.10/site-packages/airflow/example_dags/example_branch_labels.py
[2024-04-01T14:02:44.540+0000] {processor.py:839} INFO - DAG(s) dict_keys(['example_branch_labels']) retrieved from /home/airflow/.local/lib/python3.10/site-packages/airflow/example_dags/example_branch_labels.py
[2024-04-01T14:02:44.552+0000] {logging_mixin.py:154} INFO - [2024-04-01T14:02:44.552+0000] {dag.py:2941} INFO - Sync 1 DAGs
[2024-04-01T14:02:44.564+0000] {logging_mixin.py:154} INFO - [2024-04-01T14:02:44.564+0000] {dag.py:3722} INFO - Setting next_dagrun for example_branch_labels to 2024-03-31T00:00:00+00:00, run_after=2024-04-01T00:00:00+00:00
[2024-04-01T14:02:44.571+0000] {processor.py:179} INFO - Processing /home/airflow/.local/lib/python3.10/site-packages/airflow/example_dags/example_branch_labels.py took 0.039 seconds
[2024-04-01T14:03:15.131+0000] {processor.py:157} INFO - Started process (PID=262) to work on /home/airflow/.local/lib/python3.10/site-packages/airflow/example_dags/example_branch_labels.py
[2024-04-01T14:03:15.131+0000] {processor.py:829} INFO - Processing file /home/airflow/.local/lib/python3.10/site-packages/airflow/example_dags/example_branch_labels.py for tasks to queue
[2024-04-01T14:03:15.133+0000] {logging_mixin.py:154} INFO - [2024-04-01T14:03:15.132+0000] {dagbag.py:536} INFO - Filling up the DagBag from /home/airflow/.local/lib/python3.10/site-packages/airflow/example_dags/example_branch_labels.py
[2024-04-01T14:03:15.137+0000] {processor.py:839} INFO - DAG(s) dict_keys(['example_branch_labels']) retrieved from /home/airflow/.local/lib/python3.10/site-packages/airflow/example_dags/example_branch_labels.py
[2024-04-01T14:03:15.149+0000] {logging_mixin.py:154} INFO - [2024-04-01T14:03:15.149+0000] {dag.py:2941} INFO - Sync 1 DAGs
[2024-04-01T14:03:15.161+0000] {logging_mixin.py:154} INFO - [2024-04-01T14:03:15.161+0000] {dag.py:3722} INFO - Setting next_dagrun for example_branch_labels to 2024-03-31T00:00:00+00:00, run_after=2024-04-01T00:00:00+00:00
[2024-04-01T14:03:15.169+0000] {processor.py:179} INFO - Processing /home/airflow/.local/lib/python3.10/site-packages/airflow/example_dags/example_branch_labels.py took 0.040 seconds
[2024-04-01T14:03:45.825+0000] {processor.py:157} INFO - Started process (PID=316) to work on /home/airflow/.local/lib/python3.10/site-packages/airflow/example_dags/example_branch_labels.py
[2024-04-01T14:03:45.826+0000] {processor.py:829} INFO - Processing file /home/airflow/.local/lib/python3.10/site-packages/airflow/example_dags/example_branch_labels.py for tasks to queue
[2024-04-01T14:03:45.827+0000] {logging_mixin.py:154} INFO - [2024-04-01T14:03:45.827+0000] {dagbag.py:536} INFO - Filling up the DagBag from /home/airflow/.local/lib/python3.10/site-packages/airflow/example_dags/example_branch_labels.py
[2024-04-01T14:03:45.831+0000] {processor.py:839} INFO - DAG(s) dict_keys(['example_branch_labels']) retrieved from /home/airflow/.local/lib/python3.10/site-packages/airflow/example_dags/example_branch_labels.py
[2024-04-01T14:03:45.844+0000] {logging_mixin.py:154} INFO - [2024-04-01T14:03:45.844+0000] {dag.py:2941} INFO - Sync 1 DAGs
[2024-04-01T14:03:45.856+0000] {logging_mixin.py:154} INFO - [2024-04-01T14:03:45.856+0000] {dag.py:3722} INFO - Setting next_dagrun for example_branch_labels to 2024-03-31T00:00:00+00:00, run_after=2024-04-01T00:00:00+00:00
[2024-04-01T14:03:45.865+0000] {processor.py:179} INFO - Processing /home/airflow/.local/lib/python3.10/site-packages/airflow/example_dags/example_branch_labels.py took 0.041 seconds
[2024-04-01T14:04:16.582+0000] {processor.py:157} INFO - Started process (PID=370) to work on /home/airflow/.local/lib/python3.10/site-packages/airflow/example_dags/example_branch_labels.py
[2024-04-01T14:04:16.582+0000] {processor.py:829} INFO - Processing file /home/airflow/.local/lib/python3.10/site-packages/airflow/example_dags/example_branch_labels.py for tasks to queue
[2024-04-01T14:04:16.583+0000] {logging_mixin.py:154} INFO - [2024-04-01T14:04:16.583+0000] {dagbag.py:536} INFO - Filling up the DagBag from /home/airflow/.local/lib/python3.10/site-packages/airflow/example_dags/example_branch_labels.py
[2024-04-01T14:04:16.588+0000] {processor.py:839} INFO - DAG(s) dict_keys(['example_branch_labels']) retrieved from /home/airflow/.local/lib/python3.10/site-packages/airflow/example_dags/example_branch_labels.py
[2024-04-01T14:04:16.601+0000] {logging_mixin.py:154} INFO - [2024-04-01T14:04:16.601+0000] {dag.py:2941} INFO - Sync 1 DAGs
[2024-04-01T14:04:16.613+0000] {logging_mixin.py:154} INFO - [2024-04-01T14:04:16.613+0000] {dag.py:3722} INFO - Setting next_dagrun for example_branch_labels to 2024-03-31T00:00:00+00:00, run_after=2024-04-01T00:00:00+00:00
[2024-04-01T14:04:16.621+0000] {processor.py:179} INFO - Processing /home/airflow/.local/lib/python3.10/site-packages/airflow/example_dags/example_branch_labels.py took 0.042 seconds
[2024-04-01T14:04:47.353+0000] {processor.py:157} INFO - Started process (PID=424) to work on /home/airflow/.local/lib/python3.10/site-packages/airflow/example_dags/example_branch_labels.py
[2024-04-01T14:04:47.353+0000] {processor.py:829} INFO - Processing file /home/airflow/.local/lib/python3.10/site-packages/airflow/example_dags/example_branch_labels.py for tasks to queue
[2024-04-01T14:04:47.355+0000] {logging_mixin.py:154} INFO - [2024-04-01T14:04:47.354+0000] {dagbag.py:536} INFO - Filling up the DagBag from /home/airflow/.local/lib/python3.10/site-packages/airflow/example_dags/example_branch_labels.py
[2024-04-01T14:04:47.359+0000] {processor.py:839} INFO - DAG(s) dict_keys(['example_branch_labels']) retrieved from /home/airflow/.local/lib/python3.10/site-packages/airflow/example_dags/example_branch_labels.py
[2024-04-01T14:04:47.371+0000] {logging_mixin.py:154} INFO - [2024-04-01T14:04:47.370+0000] {dag.py:2941} INFO - Sync 1 DAGs
[2024-04-01T14:04:47.383+0000] {logging_mixin.py:154} INFO - [2024-04-01T14:04:47.383+0000] {dag.py:3722} INFO - Setting next_dagrun for example_branch_labels to 2024-03-31T00:00:00+00:00, run_after=2024-04-01T00:00:00+00:00
[2024-04-01T14:04:47.391+0000] {processor.py:179} INFO - Processing /home/airflow/.local/lib/python3.10/site-packages/airflow/example_dags/example_branch_labels.py took 0.040 seconds
[2024-04-01T14:05:17.950+0000] {processor.py:157} INFO - Started process (PID=478) to work on /home/airflow/.local/lib/python3.10/site-packages/airflow/example_dags/example_branch_labels.py
[2024-04-01T14:05:17.951+0000] {processor.py:829} INFO - Processing file /home/airflow/.local/lib/python3.10/site-packages/airflow/example_dags/example_branch_labels.py for tasks to queue
[2024-04-01T14:05:17.952+0000] {logging_mixin.py:154} INFO - [2024-04-01T14:05:17.952+0000] {dagbag.py:536} INFO - Filling up the DagBag from /home/airflow/.local/lib/python3.10/site-packages/airflow/example_dags/example_branch_labels.py
[2024-04-01T14:05:17.956+0000] {processor.py:839} INFO - DAG(s) dict_keys(['example_branch_labels']) retrieved from /home/airflow/.local/lib/python3.10/site-packages/airflow/example_dags/example_branch_labels.py
[2024-04-01T14:05:17.969+0000] {logging_mixin.py:154} INFO - [2024-04-01T14:05:17.969+0000] {dag.py:2941} INFO - Sync 1 DAGs
[2024-04-01T14:05:17.981+0000] {logging_mixin.py:154} INFO - [2024-04-01T14:05:17.981+0000] {dag.py:3722} INFO - Setting next_dagrun for example_branch_labels to 2024-03-31T00:00:00+00:00, run_after=2024-04-01T00:00:00+00:00
[2024-04-01T14:05:17.989+0000] {processor.py:179} INFO - Processing /home/airflow/.local/lib/python3.10/site-packages/airflow/example_dags/example_branch_labels.py took 0.041 seconds
[2024-04-01T14:05:48.572+0000] {processor.py:157} INFO - Started process (PID=532) to work on /home/airflow/.local/lib/python3.10/site-packages/airflow/example_dags/example_branch_labels.py
[2024-04-01T14:05:48.573+0000] {processor.py:829} INFO - Processing file /home/airflow/.local/lib/python3.10/site-packages/airflow/example_dags/example_branch_labels.py for tasks to queue
[2024-04-01T14:05:48.574+0000] {logging_mixin.py:154} INFO - [2024-04-01T14:05:48.574+0000] {dagbag.py:536} INFO - Filling up the DagBag from /home/airflow/.local/lib/python3.10/site-packages/airflow/example_dags/example_branch_labels.py
[2024-04-01T14:05:48.578+0000] {processor.py:839} INFO - DAG(s) dict_keys(['example_branch_labels']) retrieved from /home/airflow/.local/lib/python3.10/site-packages/airflow/example_dags/example_branch_labels.py
[2024-04-01T14:05:48.591+0000] {logging_mixin.py:154} INFO - [2024-04-01T14:05:48.591+0000] {dag.py:2941} INFO - Sync 1 DAGs
[2024-04-01T14:05:48.603+0000] {logging_mixin.py:154} INFO - [2024-04-01T14:05:48.603+0000] {dag.py:3722} INFO - Setting next_dagrun for example_branch_labels to 2024-03-31T00:00:00+00:00, run_after=2024-04-01T00:00:00+00:00
[2024-04-01T14:05:48.611+0000] {processor.py:179} INFO - Processing /home/airflow/.local/lib/python3.10/site-packages/airflow/example_dags/example_branch_labels.py took 0.041 seconds
[2024-04-01T14:06:19.304+0000] {processor.py:157} INFO - Started process (PID=586) to work on /home/airflow/.local/lib/python3.10/site-packages/airflow/example_dags/example_branch_labels.py
[2024-04-01T14:06:19.304+0000] {processor.py:829} INFO - Processing file /home/airflow/.local/lib/python3.10/site-packages/airflow/example_dags/example_branch_labels.py for tasks to queue
[2024-04-01T14:06:19.305+0000] {logging_mixin.py:154} INFO - [2024-04-01T14:06:19.305+0000] {dagbag.py:536} INFO - Filling up the DagBag from /home/airflow/.local/lib/python3.10/site-packages/airflow/example_dags/example_branch_labels.py
[2024-04-01T14:06:19.309+0000] {processor.py:839} INFO - DAG(s) dict_keys(['example_branch_labels']) retrieved from /home/airflow/.local/lib/python3.10/site-packages/airflow/example_dags/example_branch_labels.py
[2024-04-01T14:06:19.321+0000] {logging_mixin.py:154} INFO - [2024-04-01T14:06:19.320+0000] {dag.py:2941} INFO - Sync 1 DAGs
[2024-04-01T14:06:19.333+0000] {logging_mixin.py:154} INFO - [2024-04-01T14:06:19.333+0000] {dag.py:3722} INFO - Setting next_dagrun for example_branch_labels to 2024-03-31T00:00:00+00:00, run_after=2024-04-01T00:00:00+00:00
[2024-04-01T14:06:19.341+0000] {processor.py:179} INFO - Processing /home/airflow/.local/lib/python3.10/site-packages/airflow/example_dags/example_branch_labels.py took 0.039 seconds
[2024-04-01T14:06:49.918+0000] {processor.py:157} INFO - Started process (PID=640) to work on /home/airflow/.local/lib/python3.10/site-packages/airflow/example_dags/example_branch_labels.py
[2024-04-01T14:06:49.918+0000] {processor.py:829} INFO - Processing file /home/airflow/.local/lib/python3.10/site-packages/airflow/example_dags/example_branch_labels.py for tasks to queue
[2024-04-01T14:06:49.919+0000] {logging_mixin.py:154} INFO - [2024-04-01T14:06:49.919+0000] {dagbag.py:536} INFO - Filling up the DagBag from /home/airflow/.local/lib/python3.10/site-packages/airflow/example_dags/example_branch_labels.py
[2024-04-01T14:06:49.924+0000] {processor.py:839} INFO - DAG(s) dict_keys(['example_branch_labels']) retrieved from /home/airflow/.local/lib/python3.10/site-packages/airflow/example_dags/example_branch_labels.py
[2024-04-01T14:06:49.936+0000] {logging_mixin.py:154} INFO - [2024-04-01T14:06:49.935+0000] {dag.py:2941} INFO - Sync 1 DAGs
[2024-04-01T14:06:49.948+0000] {logging_mixin.py:154} INFO - [2024-04-01T14:06:49.948+0000] {dag.py:3722} INFO - Setting next_dagrun for example_branch_labels to 2024-03-31T00:00:00+00:00, run_after=2024-04-01T00:00:00+00:00
[2024-04-01T14:06:49.956+0000] {processor.py:179} INFO - Processing /home/airflow/.local/lib/python3.10/site-packages/airflow/example_dags/example_branch_labels.py took 0.041 seconds
[2024-04-01T14:07:20.670+0000] {processor.py:157} INFO - Started process (PID=694) to work on /home/airflow/.local/lib/python3.10/site-packages/airflow/example_dags/example_branch_labels.py
[2024-04-01T14:07:20.670+0000] {processor.py:829} INFO - Processing file /home/airflow/.local/lib/python3.10/site-packages/airflow/example_dags/example_branch_labels.py for tasks to queue
[2024-04-01T14:07:20.671+0000] {logging_mixin.py:154} INFO - [2024-04-01T14:07:20.671+0000] {dagbag.py:536} INFO - Filling up the DagBag from /home/airflow/.local/lib/python3.10/site-packages/airflow/example_dags/example_branch_labels.py
[2024-04-01T14:07:20.676+0000] {processor.py:839} INFO - DAG(s) dict_keys(['example_branch_labels']) retrieved from /home/airflow/.local/lib/python3.10/site-packages/airflow/example_dags/example_branch_labels.py
[2024-04-01T14:07:20.688+0000] {logging_mixin.py:154} INFO - [2024-04-01T14:07:20.688+0000] {dag.py:2941} INFO - Sync 1 DAGs
[2024-04-01T14:07:20.700+0000] {logging_mixin.py:154} INFO - [2024-04-01T14:07:20.700+0000] {dag.py:3722} INFO - Setting next_dagrun for example_branch_labels to 2024-03-31T00:00:00+00:00, run_after=2024-04-01T00:00:00+00:00
[2024-04-01T14:07:20.708+0000] {processor.py:179} INFO - Processing /home/airflow/.local/lib/python3.10/site-packages/airflow/example_dags/example_branch_labels.py took 0.041 seconds
[2024-04-01T14:07:51.313+0000] {processor.py:157} INFO - Started process (PID=748) to work on /home/airflow/.local/lib/python3.10/site-packages/airflow/example_dags/example_branch_labels.py
[2024-04-01T14:07:51.314+0000] {processor.py:829} INFO - Processing file /home/airflow/.local/lib/python3.10/site-packages/airflow/example_dags/example_branch_labels.py for tasks to queue
[2024-04-01T14:07:51.315+0000] {logging_mixin.py:154} INFO - [2024-04-01T14:07:51.315+0000] {dagbag.py:536} INFO - Filling up the DagBag from /home/airflow/.local/lib/python3.10/site-packages/airflow/example_dags/example_branch_labels.py
[2024-04-01T14:07:51.319+0000] {processor.py:839} INFO - DAG(s) dict_keys(['example_branch_labels']) retrieved from /home/airflow/.local/lib/python3.10/site-packages/airflow/example_dags/example_branch_labels.py
[2024-04-01T14:07:51.331+0000] {logging_mixin.py:154} INFO - [2024-04-01T14:07:51.331+0000] {dag.py:2941} INFO - Sync 1 DAGs
[2024-04-01T14:07:51.344+0000] {logging_mixin.py:154} INFO - [2024-04-01T14:07:51.343+0000] {dag.py:3722} INFO - Setting next_dagrun for example_branch_labels to 2024-03-31T00:00:00+00:00, run_after=2024-04-01T00:00:00+00:00
[2024-04-01T14:07:51.352+0000] {processor.py:179} INFO - Processing /home/airflow/.local/lib/python3.10/site-packages/airflow/example_dags/example_branch_labels.py took 0.041 seconds
[2024-04-01T14:08:21.917+0000] {processor.py:157} INFO - Started process (PID=802) to work on /home/airflow/.local/lib/python3.10/site-packages/airflow/example_dags/example_branch_labels.py
[2024-04-01T14:08:21.917+0000] {processor.py:829} INFO - Processing file /home/airflow/.local/lib/python3.10/site-packages/airflow/example_dags/example_branch_labels.py for tasks to queue
[2024-04-01T14:08:21.918+0000] {logging_mixin.py:154} INFO - [2024-04-01T14:08:21.918+0000] {dagbag.py:536} INFO - Filling up the DagBag from /home/airflow/.local/lib/python3.10/site-packages/airflow/example_dags/example_branch_labels.py
[2024-04-01T14:08:21.923+0000] {processor.py:839} INFO - DAG(s) dict_keys(['example_branch_labels']) retrieved from /home/airflow/.local/lib/python3.10/site-packages/airflow/example_dags/example_branch_labels.py
[2024-04-01T14:08:21.935+0000] {logging_mixin.py:154} INFO - [2024-04-01T14:08:21.935+0000] {dag.py:2941} INFO - Sync 1 DAGs
[2024-04-01T14:08:21.948+0000] {logging_mixin.py:154} INFO - [2024-04-01T14:08:21.948+0000] {dag.py:3722} INFO - Setting next_dagrun for example_branch_labels to 2024-03-31T00:00:00+00:00, run_after=2024-04-01T00:00:00+00:00
[2024-04-01T14:08:21.957+0000] {processor.py:179} INFO - Processing /home/airflow/.local/lib/python3.10/site-packages/airflow/example_dags/example_branch_labels.py took 0.042 seconds
[2024-04-01T14:08:52.514+0000] {processor.py:157} INFO - Started process (PID=856) to work on /home/airflow/.local/lib/python3.10/site-packages/airflow/example_dags/example_branch_labels.py
[2024-04-01T14:08:52.515+0000] {processor.py:829} INFO - Processing file /home/airflow/.local/lib/python3.10/site-packages/airflow/example_dags/example_branch_labels.py for tasks to queue
[2024-04-01T14:08:52.516+0000] {logging_mixin.py:154} INFO - [2024-04-01T14:08:52.516+0000] {dagbag.py:536} INFO - Filling up the DagBag from /home/airflow/.local/lib/python3.10/site-packages/airflow/example_dags/example_branch_labels.py
[2024-04-01T14:08:52.521+0000] {processor.py:839} INFO - DAG(s) dict_keys(['example_branch_labels']) retrieved from /home/airflow/.local/lib/python3.10/site-packages/airflow/example_dags/example_branch_labels.py
[2024-04-01T14:08:52.533+0000] {logging_mixin.py:154} INFO - [2024-04-01T14:08:52.533+0000] {dag.py:2941} INFO - Sync 1 DAGs
[2024-04-01T14:08:52.546+0000] {logging_mixin.py:154} INFO - [2024-04-01T14:08:52.546+0000] {dag.py:3722} INFO - Setting next_dagrun for example_branch_labels to 2024-03-31T00:00:00+00:00, run_after=2024-04-01T00:00:00+00:00
[2024-04-01T14:08:52.554+0000] {processor.py:179} INFO - Processing /home/airflow/.local/lib/python3.10/site-packages/airflow/example_dags/example_branch_labels.py took 0.042 seconds
[2024-04-01T14:09:23.311+0000] {processor.py:157} INFO - Started process (PID=910) to work on /home/airflow/.local/lib/python3.10/site-packages/airflow/example_dags/example_branch_labels.py
[2024-04-01T14:09:23.312+0000] {processor.py:829} INFO - Processing file /home/airflow/.local/lib/python3.10/site-packages/airflow/example_dags/example_branch_labels.py for tasks to queue
[2024-04-01T14:09:23.313+0000] {logging_mixin.py:154} INFO - [2024-04-01T14:09:23.312+0000] {dagbag.py:536} INFO - Filling up the DagBag from /home/airflow/.local/lib/python3.10/site-packages/airflow/example_dags/example_branch_labels.py
[2024-04-01T14:09:23.317+0000] {processor.py:839} INFO - DAG(s) dict_keys(['example_branch_labels']) retrieved from /home/airflow/.local/lib/python3.10/site-packages/airflow/example_dags/example_branch_labels.py
[2024-04-01T14:09:23.330+0000] {logging_mixin.py:154} INFO - [2024-04-01T14:09:23.329+0000] {dag.py:2941} INFO - Sync 1 DAGs
[2024-04-01T14:09:23.342+0000] {logging_mixin.py:154} INFO - [2024-04-01T14:09:23.342+0000] {dag.py:3722} INFO - Setting next_dagrun for example_branch_labels to 2024-03-31T00:00:00+00:00, run_after=2024-04-01T00:00:00+00:00
[2024-04-01T14:09:23.350+0000] {processor.py:179} INFO - Processing /home/airflow/.local/lib/python3.10/site-packages/airflow/example_dags/example_branch_labels.py took 0.041 seconds
[2024-04-01T14:09:54.000+0000] {processor.py:157} INFO - Started process (PID=964) to work on /home/airflow/.local/lib/python3.10/site-packages/airflow/example_dags/example_branch_labels.py
[2024-04-01T14:09:54.000+0000] {processor.py:829} INFO - Processing file /home/airflow/.local/lib/python3.10/site-packages/airflow/example_dags/example_branch_labels.py for tasks to queue
[2024-04-01T14:09:54.002+0000] {logging_mixin.py:154} INFO - [2024-04-01T14:09:54.002+0000] {dagbag.py:536} INFO - Filling up the DagBag from /home/airflow/.local/lib/python3.10/site-packages/airflow/example_dags/example_branch_labels.py
[2024-04-01T14:09:54.006+0000] {processor.py:839} INFO - DAG(s) dict_keys(['example_branch_labels']) retrieved from /home/airflow/.local/lib/python3.10/site-packages/airflow/example_dags/example_branch_labels.py
[2024-04-01T14:09:54.019+0000] {logging_mixin.py:154} INFO - [2024-04-01T14:09:54.019+0000] {dag.py:2941} INFO - Sync 1 DAGs
[2024-04-01T14:09:54.031+0000] {logging_mixin.py:154} INFO - [2024-04-01T14:09:54.031+0000] {dag.py:3722} INFO - Setting next_dagrun for example_branch_labels to 2024-03-31T00:00:00+00:00, run_after=2024-04-01T00:00:00+00:00
[2024-04-01T14:09:54.039+0000] {processor.py:179} INFO - Processing /home/airflow/.local/lib/python3.10/site-packages/airflow/example_dags/example_branch_labels.py took 0.041 seconds
[2024-04-01T14:10:24.657+0000] {processor.py:157} INFO - Started process (PID=1018) to work on /home/airflow/.local/lib/python3.10/site-packages/airflow/example_dags/example_branch_labels.py
[2024-04-01T14:10:24.658+0000] {processor.py:829} INFO - Processing file /home/airflow/.local/lib/python3.10/site-packages/airflow/example_dags/example_branch_labels.py for tasks to queue
[2024-04-01T14:10:24.659+0000] {logging_mixin.py:154} INFO - [2024-04-01T14:10:24.659+0000] {dagbag.py:536} INFO - Filling up the DagBag from /home/airflow/.local/lib/python3.10/site-packages/airflow/example_dags/example_branch_labels.py
[2024-04-01T14:10:24.664+0000] {processor.py:839} INFO - DAG(s) dict_keys(['example_branch_labels']) retrieved from /home/airflow/.local/lib/python3.10/site-packages/airflow/example_dags/example_branch_labels.py
[2024-04-01T14:10:24.675+0000] {logging_mixin.py:154} INFO - [2024-04-01T14:10:24.675+0000] {dag.py:2941} INFO - Sync 1 DAGs
[2024-04-01T14:10:24.687+0000] {logging_mixin.py:154} INFO - [2024-04-01T14:10:24.687+0000] {dag.py:3722} INFO - Setting next_dagrun for example_branch_labels to 2024-03-31T00:00:00+00:00, run_after=2024-04-01T00:00:00+00:00
[2024-04-01T14:10:24.695+0000] {processor.py:179} INFO - Processing /home/airflow/.local/lib/python3.10/site-packages/airflow/example_dags/example_branch_labels.py took 0.040 seconds
[2024-04-01T14:10:55.288+0000] {processor.py:157} INFO - Started process (PID=1072) to work on /home/airflow/.local/lib/python3.10/site-packages/airflow/example_dags/example_branch_labels.py
[2024-04-01T14:10:55.289+0000] {processor.py:829} INFO - Processing file /home/airflow/.local/lib/python3.10/site-packages/airflow/example_dags/example_branch_labels.py for tasks to queue
[2024-04-01T14:10:55.290+0000] {logging_mixin.py:154} INFO - [2024-04-01T14:10:55.290+0000] {dagbag.py:536} INFO - Filling up the DagBag from /home/airflow/.local/lib/python3.10/site-packages/airflow/example_dags/example_branch_labels.py
[2024-04-01T14:10:55.294+0000] {processor.py:839} INFO - DAG(s) dict_keys(['example_branch_labels']) retrieved from /home/airflow/.local/lib/python3.10/site-packages/airflow/example_dags/example_branch_labels.py
[2024-04-01T14:10:55.306+0000] {logging_mixin.py:154} INFO - [2024-04-01T14:10:55.306+0000] {dag.py:2941} INFO - Sync 1 DAGs
[2024-04-01T14:10:55.318+0000] {logging_mixin.py:154} INFO - [2024-04-01T14:10:55.318+0000] {dag.py:3722} INFO - Setting next_dagrun for example_branch_labels to 2024-03-31T00:00:00+00:00, run_after=2024-04-01T00:00:00+00:00
[2024-04-01T14:10:55.326+0000] {processor.py:179} INFO - Processing /home/airflow/.local/lib/python3.10/site-packages/airflow/example_dags/example_branch_labels.py took 0.040 seconds
[2024-04-01T14:11:25.990+0000] {processor.py:157} INFO - Started process (PID=1126) to work on /home/airflow/.local/lib/python3.10/site-packages/airflow/example_dags/example_branch_labels.py
[2024-04-01T14:11:25.991+0000] {processor.py:829} INFO - Processing file /home/airflow/.local/lib/python3.10/site-packages/airflow/example_dags/example_branch_labels.py for tasks to queue
[2024-04-01T14:11:25.992+0000] {logging_mixin.py:154} INFO - [2024-04-01T14:11:25.992+0000] {dagbag.py:536} INFO - Filling up the DagBag from /home/airflow/.local/lib/python3.10/site-packages/airflow/example_dags/example_branch_labels.py
[2024-04-01T14:11:25.997+0000] {processor.py:839} INFO - DAG(s) dict_keys(['example_branch_labels']) retrieved from /home/airflow/.local/lib/python3.10/site-packages/airflow/example_dags/example_branch_labels.py
[2024-04-01T14:11:26.009+0000] {logging_mixin.py:154} INFO - [2024-04-01T14:11:26.009+0000] {dag.py:2941} INFO - Sync 1 DAGs
[2024-04-01T14:11:26.020+0000] {logging_mixin.py:154} INFO - [2024-04-01T14:11:26.020+0000] {dag.py:3722} INFO - Setting next_dagrun for example_branch_labels to 2024-03-31T00:00:00+00:00, run_after=2024-04-01T00:00:00+00:00
[2024-04-01T14:11:26.028+0000] {processor.py:179} INFO - Processing /home/airflow/.local/lib/python3.10/site-packages/airflow/example_dags/example_branch_labels.py took 0.040 seconds
[2024-04-01T14:11:56.679+0000] {processor.py:157} INFO - Started process (PID=1180) to work on /home/airflow/.local/lib/python3.10/site-packages/airflow/example_dags/example_branch_labels.py
[2024-04-01T14:11:56.679+0000] {processor.py:829} INFO - Processing file /home/airflow/.local/lib/python3.10/site-packages/airflow/example_dags/example_branch_labels.py for tasks to queue
[2024-04-01T14:11:56.681+0000] {logging_mixin.py:154} INFO - [2024-04-01T14:11:56.680+0000] {dagbag.py:536} INFO - Filling up the DagBag from /home/airflow/.local/lib/python3.10/site-packages/airflow/example_dags/example_branch_labels.py
[2024-04-01T14:11:56.685+0000] {processor.py:839} INFO - DAG(s) dict_keys(['example_branch_labels']) retrieved from /home/airflow/.local/lib/python3.10/site-packages/airflow/example_dags/example_branch_labels.py
[2024-04-01T14:11:56.697+0000] {logging_mixin.py:154} INFO - [2024-04-01T14:11:56.697+0000] {dag.py:2941} INFO - Sync 1 DAGs
[2024-04-01T14:11:56.708+0000] {logging_mixin.py:154} INFO - [2024-04-01T14:11:56.708+0000] {dag.py:3722} INFO - Setting next_dagrun for example_branch_labels to 2024-03-31T00:00:00+00:00, run_after=2024-04-01T00:00:00+00:00
[2024-04-01T14:11:56.717+0000] {processor.py:179} INFO - Processing /home/airflow/.local/lib/python3.10/site-packages/airflow/example_dags/example_branch_labels.py took 0.040 seconds
[2024-04-01T14:12:27.430+0000] {processor.py:157} INFO - Started process (PID=1234) to work on /home/airflow/.local/lib/python3.10/site-packages/airflow/example_dags/example_branch_labels.py
[2024-04-01T14:12:27.430+0000] {processor.py:829} INFO - Processing file /home/airflow/.local/lib/python3.10/site-packages/airflow/example_dags/example_branch_labels.py for tasks to queue
[2024-04-01T14:12:27.432+0000] {logging_mixin.py:154} INFO - [2024-04-01T14:12:27.432+0000] {dagbag.py:536} INFO - Filling up the DagBag from /home/airflow/.local/lib/python3.10/site-packages/airflow/example_dags/example_branch_labels.py
[2024-04-01T14:12:27.437+0000] {processor.py:839} INFO - DAG(s) dict_keys(['example_branch_labels']) retrieved from /home/airflow/.local/lib/python3.10/site-packages/airflow/example_dags/example_branch_labels.py
[2024-04-01T14:12:27.449+0000] {logging_mixin.py:154} INFO - [2024-04-01T14:12:27.449+0000] {dag.py:2941} INFO - Sync 1 DAGs
[2024-04-01T14:12:27.461+0000] {logging_mixin.py:154} INFO - [2024-04-01T14:12:27.461+0000] {dag.py:3722} INFO - Setting next_dagrun for example_branch_labels to 2024-03-31T00:00:00+00:00, run_after=2024-04-01T00:00:00+00:00
[2024-04-01T14:12:27.469+0000] {processor.py:179} INFO - Processing /home/airflow/.local/lib/python3.10/site-packages/airflow/example_dags/example_branch_labels.py took 0.042 seconds
[2024-04-01T14:12:58.114+0000] {processor.py:157} INFO - Started process (PID=1288) to work on /home/airflow/.local/lib/python3.10/site-packages/airflow/example_dags/example_branch_labels.py
[2024-04-01T14:12:58.114+0000] {processor.py:829} INFO - Processing file /home/airflow/.local/lib/python3.10/site-packages/airflow/example_dags/example_branch_labels.py for tasks to queue
[2024-04-01T14:12:58.115+0000] {logging_mixin.py:154} INFO - [2024-04-01T14:12:58.115+0000] {dagbag.py:536} INFO - Filling up the DagBag from /home/airflow/.local/lib/python3.10/site-packages/airflow/example_dags/example_branch_labels.py
[2024-04-01T14:12:58.120+0000] {processor.py:839} INFO - DAG(s) dict_keys(['example_branch_labels']) retrieved from /home/airflow/.local/lib/python3.10/site-packages/airflow/example_dags/example_branch_labels.py
[2024-04-01T14:12:58.132+0000] {logging_mixin.py:154} INFO - [2024-04-01T14:12:58.132+0000] {dag.py:2941} INFO - Sync 1 DAGs
[2024-04-01T14:12:58.144+0000] {logging_mixin.py:154} INFO - [2024-04-01T14:12:58.144+0000] {dag.py:3722} INFO - Setting next_dagrun for example_branch_labels to 2024-03-31T00:00:00+00:00, run_after=2024-04-01T00:00:00+00:00
[2024-04-01T14:12:58.152+0000] {processor.py:179} INFO - Processing /home/airflow/.local/lib/python3.10/site-packages/airflow/example_dags/example_branch_labels.py took 0.041 seconds
[2024-04-01T14:13:28.868+0000] {processor.py:157} INFO - Started process (PID=1342) to work on /home/airflow/.local/lib/python3.10/site-packages/airflow/example_dags/example_branch_labels.py
[2024-04-01T14:13:28.869+0000] {processor.py:829} INFO - Processing file /home/airflow/.local/lib/python3.10/site-packages/airflow/example_dags/example_branch_labels.py for tasks to queue
[2024-04-01T14:13:28.870+0000] {logging_mixin.py:154} INFO - [2024-04-01T14:13:28.870+0000] {dagbag.py:536} INFO - Filling up the DagBag from /home/airflow/.local/lib/python3.10/site-packages/airflow/example_dags/example_branch_labels.py
[2024-04-01T14:13:28.875+0000] {processor.py:839} INFO - DAG(s) dict_keys(['example_branch_labels']) retrieved from /home/airflow/.local/lib/python3.10/site-packages/airflow/example_dags/example_branch_labels.py
[2024-04-01T14:13:28.886+0000] {logging_mixin.py:154} INFO - [2024-04-01T14:13:28.886+0000] {dag.py:2941} INFO - Sync 1 DAGs
[2024-04-01T14:13:28.898+0000] {logging_mixin.py:154} INFO - [2024-04-01T14:13:28.898+0000] {dag.py:3722} INFO - Setting next_dagrun for example_branch_labels to 2024-03-31T00:00:00+00:00, run_after=2024-04-01T00:00:00+00:00
[2024-04-01T14:13:28.906+0000] {processor.py:179} INFO - Processing /home/airflow/.local/lib/python3.10/site-packages/airflow/example_dags/example_branch_labels.py took 0.040 seconds
[2024-04-01T14:13:59.574+0000] {processor.py:157} INFO - Started process (PID=1396) to work on /home/airflow/.local/lib/python3.10/site-packages/airflow/example_dags/example_branch_labels.py
[2024-04-01T14:13:59.574+0000] {processor.py:829} INFO - Processing file /home/airflow/.local/lib/python3.10/site-packages/airflow/example_dags/example_branch_labels.py for tasks to queue
[2024-04-01T14:13:59.575+0000] {logging_mixin.py:154} INFO - [2024-04-01T14:13:59.575+0000] {dagbag.py:536} INFO - Filling up the DagBag from /home/airflow/.local/lib/python3.10/site-packages/airflow/example_dags/example_branch_labels.py
[2024-04-01T14:13:59.580+0000] {processor.py:839} INFO - DAG(s) dict_keys(['example_branch_labels']) retrieved from /home/airflow/.local/lib/python3.10/site-packages/airflow/example_dags/example_branch_labels.py
[2024-04-01T14:13:59.592+0000] {logging_mixin.py:154} INFO - [2024-04-01T14:13:59.592+0000] {dag.py:2941} INFO - Sync 1 DAGs
[2024-04-01T14:13:59.604+0000] {logging_mixin.py:154} INFO - [2024-04-01T14:13:59.604+0000] {dag.py:3722} INFO - Setting next_dagrun for example_branch_labels to 2024-03-31T00:00:00+00:00, run_after=2024-04-01T00:00:00+00:00
[2024-04-01T14:13:59.612+0000] {processor.py:179} INFO - Processing /home/airflow/.local/lib/python3.10/site-packages/airflow/example_dags/example_branch_labels.py took 0.040 seconds
