[2024-04-01T14:01:13.274+0000] {processor.py:157} INFO - Started process (PID=60) to work on /home/airflow/.local/lib/python3.10/site-packages/airflow/example_dags/example_dag_decorator.py
[2024-04-01T14:01:13.274+0000] {processor.py:829} INFO - Processing file /home/airflow/.local/lib/python3.10/site-packages/airflow/example_dags/example_dag_decorator.py for tasks to queue
[2024-04-01T14:01:13.275+0000] {logging_mixin.py:154} INFO - [2024-04-01T14:01:13.275+0000] {dagbag.py:536} INFO - Filling up the DagBag from /home/airflow/.local/lib/python3.10/site-packages/airflow/example_dags/example_dag_decorator.py
[2024-04-01T14:01:13.284+0000] {processor.py:839} INFO - DAG(s) dict_keys(['example_dag_decorator']) retrieved from /home/airflow/.local/lib/python3.10/site-packages/airflow/example_dags/example_dag_decorator.py
[2024-04-01T14:01:13.291+0000] {logging_mixin.py:154} INFO - [2024-04-01T14:01:13.291+0000] {dag.py:2941} INFO - Sync 1 DAGs
[2024-04-01T14:01:13.298+0000] {logging_mixin.py:154} INFO - [2024-04-01T14:01:13.298+0000] {dag.py:3722} INFO - Setting next_dagrun for example_dag_decorator to None, run_after=None
[2024-04-01T14:01:13.307+0000] {processor.py:179} INFO - Processing /home/airflow/.local/lib/python3.10/site-packages/airflow/example_dags/example_dag_decorator.py took 0.035 seconds
[2024-04-01T14:01:43.866+0000] {processor.py:157} INFO - Started process (PID=114) to work on /home/airflow/.local/lib/python3.10/site-packages/airflow/example_dags/example_dag_decorator.py
[2024-04-01T14:01:43.867+0000] {processor.py:829} INFO - Processing file /home/airflow/.local/lib/python3.10/site-packages/airflow/example_dags/example_dag_decorator.py for tasks to queue
[2024-04-01T14:01:43.868+0000] {logging_mixin.py:154} INFO - [2024-04-01T14:01:43.868+0000] {dagbag.py:536} INFO - Filling up the DagBag from /home/airflow/.local/lib/python3.10/site-packages/airflow/example_dags/example_dag_decorator.py
[2024-04-01T14:01:43.875+0000] {processor.py:839} INFO - DAG(s) dict_keys(['example_dag_decorator']) retrieved from /home/airflow/.local/lib/python3.10/site-packages/airflow/example_dags/example_dag_decorator.py
[2024-04-01T14:01:43.934+0000] {logging_mixin.py:154} INFO - [2024-04-01T14:01:43.934+0000] {dag.py:2941} INFO - Sync 1 DAGs
[2024-04-01T14:01:43.940+0000] {logging_mixin.py:154} INFO - [2024-04-01T14:01:43.940+0000] {dag.py:3722} INFO - Setting next_dagrun for example_dag_decorator to None, run_after=None
[2024-04-01T14:01:43.949+0000] {processor.py:179} INFO - Processing /home/airflow/.local/lib/python3.10/site-packages/airflow/example_dags/example_dag_decorator.py took 0.085 seconds
[2024-04-01T14:02:14.426+0000] {processor.py:157} INFO - Started process (PID=168) to work on /home/airflow/.local/lib/python3.10/site-packages/airflow/example_dags/example_dag_decorator.py
[2024-04-01T14:02:14.426+0000] {processor.py:829} INFO - Processing file /home/airflow/.local/lib/python3.10/site-packages/airflow/example_dags/example_dag_decorator.py for tasks to queue
[2024-04-01T14:02:14.427+0000] {logging_mixin.py:154} INFO - [2024-04-01T14:02:14.427+0000] {dagbag.py:536} INFO - Filling up the DagBag from /home/airflow/.local/lib/python3.10/site-packages/airflow/example_dags/example_dag_decorator.py
[2024-04-01T14:02:14.434+0000] {processor.py:839} INFO - DAG(s) dict_keys(['example_dag_decorator']) retrieved from /home/airflow/.local/lib/python3.10/site-packages/airflow/example_dags/example_dag_decorator.py
[2024-04-01T14:02:14.492+0000] {logging_mixin.py:154} INFO - [2024-04-01T14:02:14.492+0000] {dag.py:2941} INFO - Sync 1 DAGs
[2024-04-01T14:02:14.497+0000] {logging_mixin.py:154} INFO - [2024-04-01T14:02:14.497+0000] {dag.py:3722} INFO - Setting next_dagrun for example_dag_decorator to None, run_after=None
[2024-04-01T14:02:14.506+0000] {processor.py:179} INFO - Processing /home/airflow/.local/lib/python3.10/site-packages/airflow/example_dags/example_dag_decorator.py took 0.082 seconds
[2024-04-01T14:02:45.013+0000] {processor.py:157} INFO - Started process (PID=222) to work on /home/airflow/.local/lib/python3.10/site-packages/airflow/example_dags/example_dag_decorator.py
[2024-04-01T14:02:45.013+0000] {processor.py:829} INFO - Processing file /home/airflow/.local/lib/python3.10/site-packages/airflow/example_dags/example_dag_decorator.py for tasks to queue
[2024-04-01T14:02:45.015+0000] {logging_mixin.py:154} INFO - [2024-04-01T14:02:45.015+0000] {dagbag.py:536} INFO - Filling up the DagBag from /home/airflow/.local/lib/python3.10/site-packages/airflow/example_dags/example_dag_decorator.py
[2024-04-01T14:02:45.022+0000] {processor.py:839} INFO - DAG(s) dict_keys(['example_dag_decorator']) retrieved from /home/airflow/.local/lib/python3.10/site-packages/airflow/example_dags/example_dag_decorator.py
[2024-04-01T14:02:45.081+0000] {logging_mixin.py:154} INFO - [2024-04-01T14:02:45.081+0000] {dag.py:2941} INFO - Sync 1 DAGs
[2024-04-01T14:02:45.087+0000] {logging_mixin.py:154} INFO - [2024-04-01T14:02:45.087+0000] {dag.py:3722} INFO - Setting next_dagrun for example_dag_decorator to None, run_after=None
[2024-04-01T14:02:45.095+0000] {processor.py:179} INFO - Processing /home/airflow/.local/lib/python3.10/site-packages/airflow/example_dags/example_dag_decorator.py took 0.085 seconds
[2024-04-01T14:03:15.671+0000] {processor.py:157} INFO - Started process (PID=276) to work on /home/airflow/.local/lib/python3.10/site-packages/airflow/example_dags/example_dag_decorator.py
[2024-04-01T14:03:15.672+0000] {processor.py:829} INFO - Processing file /home/airflow/.local/lib/python3.10/site-packages/airflow/example_dags/example_dag_decorator.py for tasks to queue
[2024-04-01T14:03:15.673+0000] {logging_mixin.py:154} INFO - [2024-04-01T14:03:15.673+0000] {dagbag.py:536} INFO - Filling up the DagBag from /home/airflow/.local/lib/python3.10/site-packages/airflow/example_dags/example_dag_decorator.py
[2024-04-01T14:03:15.680+0000] {processor.py:839} INFO - DAG(s) dict_keys(['example_dag_decorator']) retrieved from /home/airflow/.local/lib/python3.10/site-packages/airflow/example_dags/example_dag_decorator.py
[2024-04-01T14:03:15.739+0000] {logging_mixin.py:154} INFO - [2024-04-01T14:03:15.739+0000] {dag.py:2941} INFO - Sync 1 DAGs
[2024-04-01T14:03:15.745+0000] {logging_mixin.py:154} INFO - [2024-04-01T14:03:15.744+0000] {dag.py:3722} INFO - Setting next_dagrun for example_dag_decorator to None, run_after=None
[2024-04-01T14:03:15.753+0000] {processor.py:179} INFO - Processing /home/airflow/.local/lib/python3.10/site-packages/airflow/example_dags/example_dag_decorator.py took 0.084 seconds
[2024-04-01T14:03:46.376+0000] {processor.py:157} INFO - Started process (PID=330) to work on /home/airflow/.local/lib/python3.10/site-packages/airflow/example_dags/example_dag_decorator.py
[2024-04-01T14:03:46.377+0000] {processor.py:829} INFO - Processing file /home/airflow/.local/lib/python3.10/site-packages/airflow/example_dags/example_dag_decorator.py for tasks to queue
[2024-04-01T14:03:46.378+0000] {logging_mixin.py:154} INFO - [2024-04-01T14:03:46.378+0000] {dagbag.py:536} INFO - Filling up the DagBag from /home/airflow/.local/lib/python3.10/site-packages/airflow/example_dags/example_dag_decorator.py
[2024-04-01T14:03:46.385+0000] {processor.py:839} INFO - DAG(s) dict_keys(['example_dag_decorator']) retrieved from /home/airflow/.local/lib/python3.10/site-packages/airflow/example_dags/example_dag_decorator.py
[2024-04-01T14:03:46.446+0000] {logging_mixin.py:154} INFO - [2024-04-01T14:03:46.446+0000] {dag.py:2941} INFO - Sync 1 DAGs
[2024-04-01T14:03:46.453+0000] {logging_mixin.py:154} INFO - [2024-04-01T14:03:46.452+0000] {dag.py:3722} INFO - Setting next_dagrun for example_dag_decorator to None, run_after=None
[2024-04-01T14:03:46.461+0000] {processor.py:179} INFO - Processing /home/airflow/.local/lib/python3.10/site-packages/airflow/example_dags/example_dag_decorator.py took 0.087 seconds
[2024-04-01T14:04:17.134+0000] {processor.py:157} INFO - Started process (PID=384) to work on /home/airflow/.local/lib/python3.10/site-packages/airflow/example_dags/example_dag_decorator.py
[2024-04-01T14:04:17.134+0000] {processor.py:829} INFO - Processing file /home/airflow/.local/lib/python3.10/site-packages/airflow/example_dags/example_dag_decorator.py for tasks to queue
[2024-04-01T14:04:17.135+0000] {logging_mixin.py:154} INFO - [2024-04-01T14:04:17.135+0000] {dagbag.py:536} INFO - Filling up the DagBag from /home/airflow/.local/lib/python3.10/site-packages/airflow/example_dags/example_dag_decorator.py
[2024-04-01T14:04:17.142+0000] {processor.py:839} INFO - DAG(s) dict_keys(['example_dag_decorator']) retrieved from /home/airflow/.local/lib/python3.10/site-packages/airflow/example_dags/example_dag_decorator.py
[2024-04-01T14:04:17.206+0000] {logging_mixin.py:154} INFO - [2024-04-01T14:04:17.206+0000] {dag.py:2941} INFO - Sync 1 DAGs
[2024-04-01T14:04:17.212+0000] {logging_mixin.py:154} INFO - [2024-04-01T14:04:17.212+0000] {dag.py:3722} INFO - Setting next_dagrun for example_dag_decorator to None, run_after=None
[2024-04-01T14:04:17.221+0000] {processor.py:179} INFO - Processing /home/airflow/.local/lib/python3.10/site-packages/airflow/example_dags/example_dag_decorator.py took 0.090 seconds
[2024-04-01T14:04:47.852+0000] {processor.py:157} INFO - Started process (PID=438) to work on /home/airflow/.local/lib/python3.10/site-packages/airflow/example_dags/example_dag_decorator.py
[2024-04-01T14:04:47.853+0000] {processor.py:829} INFO - Processing file /home/airflow/.local/lib/python3.10/site-packages/airflow/example_dags/example_dag_decorator.py for tasks to queue
[2024-04-01T14:04:47.854+0000] {logging_mixin.py:154} INFO - [2024-04-01T14:04:47.854+0000] {dagbag.py:536} INFO - Filling up the DagBag from /home/airflow/.local/lib/python3.10/site-packages/airflow/example_dags/example_dag_decorator.py
[2024-04-01T14:04:47.861+0000] {processor.py:839} INFO - DAG(s) dict_keys(['example_dag_decorator']) retrieved from /home/airflow/.local/lib/python3.10/site-packages/airflow/example_dags/example_dag_decorator.py
[2024-04-01T14:04:47.922+0000] {logging_mixin.py:154} INFO - [2024-04-01T14:04:47.922+0000] {dag.py:2941} INFO - Sync 1 DAGs
[2024-04-01T14:04:47.928+0000] {logging_mixin.py:154} INFO - [2024-04-01T14:04:47.928+0000] {dag.py:3722} INFO - Setting next_dagrun for example_dag_decorator to None, run_after=None
[2024-04-01T14:04:47.937+0000] {processor.py:179} INFO - Processing /home/airflow/.local/lib/python3.10/site-packages/airflow/example_dags/example_dag_decorator.py took 0.087 seconds
[2024-04-01T14:05:18.447+0000] {processor.py:157} INFO - Started process (PID=492) to work on /home/airflow/.local/lib/python3.10/site-packages/airflow/example_dags/example_dag_decorator.py
[2024-04-01T14:05:18.448+0000] {processor.py:829} INFO - Processing file /home/airflow/.local/lib/python3.10/site-packages/airflow/example_dags/example_dag_decorator.py for tasks to queue
[2024-04-01T14:05:18.449+0000] {logging_mixin.py:154} INFO - [2024-04-01T14:05:18.448+0000] {dagbag.py:536} INFO - Filling up the DagBag from /home/airflow/.local/lib/python3.10/site-packages/airflow/example_dags/example_dag_decorator.py
[2024-04-01T14:05:18.456+0000] {processor.py:839} INFO - DAG(s) dict_keys(['example_dag_decorator']) retrieved from /home/airflow/.local/lib/python3.10/site-packages/airflow/example_dags/example_dag_decorator.py
[2024-04-01T14:05:18.516+0000] {logging_mixin.py:154} INFO - [2024-04-01T14:05:18.516+0000] {dag.py:2941} INFO - Sync 1 DAGs
[2024-04-01T14:05:18.522+0000] {logging_mixin.py:154} INFO - [2024-04-01T14:05:18.522+0000] {dag.py:3722} INFO - Setting next_dagrun for example_dag_decorator to None, run_after=None
[2024-04-01T14:05:18.532+0000] {processor.py:179} INFO - Processing /home/airflow/.local/lib/python3.10/site-packages/airflow/example_dags/example_dag_decorator.py took 0.087 seconds
[2024-04-01T14:05:49.108+0000] {processor.py:157} INFO - Started process (PID=546) to work on /home/airflow/.local/lib/python3.10/site-packages/airflow/example_dags/example_dag_decorator.py
[2024-04-01T14:05:49.109+0000] {processor.py:829} INFO - Processing file /home/airflow/.local/lib/python3.10/site-packages/airflow/example_dags/example_dag_decorator.py for tasks to queue
[2024-04-01T14:05:49.110+0000] {logging_mixin.py:154} INFO - [2024-04-01T14:05:49.110+0000] {dagbag.py:536} INFO - Filling up the DagBag from /home/airflow/.local/lib/python3.10/site-packages/airflow/example_dags/example_dag_decorator.py
[2024-04-01T14:05:49.118+0000] {processor.py:839} INFO - DAG(s) dict_keys(['example_dag_decorator']) retrieved from /home/airflow/.local/lib/python3.10/site-packages/airflow/example_dags/example_dag_decorator.py
[2024-04-01T14:05:49.179+0000] {logging_mixin.py:154} INFO - [2024-04-01T14:05:49.179+0000] {dag.py:2941} INFO - Sync 1 DAGs
[2024-04-01T14:05:49.185+0000] {logging_mixin.py:154} INFO - [2024-04-01T14:05:49.185+0000] {dag.py:3722} INFO - Setting next_dagrun for example_dag_decorator to None, run_after=None
[2024-04-01T14:05:49.195+0000] {processor.py:179} INFO - Processing /home/airflow/.local/lib/python3.10/site-packages/airflow/example_dags/example_dag_decorator.py took 0.089 seconds
[2024-04-01T14:06:19.825+0000] {processor.py:157} INFO - Started process (PID=600) to work on /home/airflow/.local/lib/python3.10/site-packages/airflow/example_dags/example_dag_decorator.py
[2024-04-01T14:06:19.825+0000] {processor.py:829} INFO - Processing file /home/airflow/.local/lib/python3.10/site-packages/airflow/example_dags/example_dag_decorator.py for tasks to queue
[2024-04-01T14:06:19.826+0000] {logging_mixin.py:154} INFO - [2024-04-01T14:06:19.826+0000] {dagbag.py:536} INFO - Filling up the DagBag from /home/airflow/.local/lib/python3.10/site-packages/airflow/example_dags/example_dag_decorator.py
[2024-04-01T14:06:19.833+0000] {processor.py:839} INFO - DAG(s) dict_keys(['example_dag_decorator']) retrieved from /home/airflow/.local/lib/python3.10/site-packages/airflow/example_dags/example_dag_decorator.py
[2024-04-01T14:06:19.892+0000] {logging_mixin.py:154} INFO - [2024-04-01T14:06:19.891+0000] {dag.py:2941} INFO - Sync 1 DAGs
[2024-04-01T14:06:19.897+0000] {logging_mixin.py:154} INFO - [2024-04-01T14:06:19.897+0000] {dag.py:3722} INFO - Setting next_dagrun for example_dag_decorator to None, run_after=None
[2024-04-01T14:06:19.906+0000] {processor.py:179} INFO - Processing /home/airflow/.local/lib/python3.10/site-packages/airflow/example_dags/example_dag_decorator.py took 0.083 seconds
[2024-04-01T14:06:50.450+0000] {processor.py:157} INFO - Started process (PID=654) to work on /home/airflow/.local/lib/python3.10/site-packages/airflow/example_dags/example_dag_decorator.py
[2024-04-01T14:06:50.450+0000] {processor.py:829} INFO - Processing file /home/airflow/.local/lib/python3.10/site-packages/airflow/example_dags/example_dag_decorator.py for tasks to queue
[2024-04-01T14:06:50.452+0000] {logging_mixin.py:154} INFO - [2024-04-01T14:06:50.451+0000] {dagbag.py:536} INFO - Filling up the DagBag from /home/airflow/.local/lib/python3.10/site-packages/airflow/example_dags/example_dag_decorator.py
[2024-04-01T14:06:50.458+0000] {processor.py:839} INFO - DAG(s) dict_keys(['example_dag_decorator']) retrieved from /home/airflow/.local/lib/python3.10/site-packages/airflow/example_dags/example_dag_decorator.py
[2024-04-01T14:06:50.518+0000] {logging_mixin.py:154} INFO - [2024-04-01T14:06:50.518+0000] {dag.py:2941} INFO - Sync 1 DAGs
[2024-04-01T14:06:50.523+0000] {logging_mixin.py:154} INFO - [2024-04-01T14:06:50.523+0000] {dag.py:3722} INFO - Setting next_dagrun for example_dag_decorator to None, run_after=None
[2024-04-01T14:06:50.532+0000] {processor.py:179} INFO - Processing /home/airflow/.local/lib/python3.10/site-packages/airflow/example_dags/example_dag_decorator.py took 0.084 seconds
[2024-04-01T14:07:21.210+0000] {processor.py:157} INFO - Started process (PID=708) to work on /home/airflow/.local/lib/python3.10/site-packages/airflow/example_dags/example_dag_decorator.py
[2024-04-01T14:07:21.210+0000] {processor.py:829} INFO - Processing file /home/airflow/.local/lib/python3.10/site-packages/airflow/example_dags/example_dag_decorator.py for tasks to queue
[2024-04-01T14:07:21.211+0000] {logging_mixin.py:154} INFO - [2024-04-01T14:07:21.211+0000] {dagbag.py:536} INFO - Filling up the DagBag from /home/airflow/.local/lib/python3.10/site-packages/airflow/example_dags/example_dag_decorator.py
[2024-04-01T14:07:21.218+0000] {processor.py:839} INFO - DAG(s) dict_keys(['example_dag_decorator']) retrieved from /home/airflow/.local/lib/python3.10/site-packages/airflow/example_dags/example_dag_decorator.py
[2024-04-01T14:07:21.278+0000] {logging_mixin.py:154} INFO - [2024-04-01T14:07:21.278+0000] {dag.py:2941} INFO - Sync 1 DAGs
[2024-04-01T14:07:21.284+0000] {logging_mixin.py:154} INFO - [2024-04-01T14:07:21.284+0000] {dag.py:3722} INFO - Setting next_dagrun for example_dag_decorator to None, run_after=None
[2024-04-01T14:07:21.293+0000] {processor.py:179} INFO - Processing /home/airflow/.local/lib/python3.10/site-packages/airflow/example_dags/example_dag_decorator.py took 0.086 seconds
[2024-04-01T14:07:51.797+0000] {processor.py:157} INFO - Started process (PID=762) to work on /home/airflow/.local/lib/python3.10/site-packages/airflow/example_dags/example_dag_decorator.py
[2024-04-01T14:07:51.798+0000] {processor.py:829} INFO - Processing file /home/airflow/.local/lib/python3.10/site-packages/airflow/example_dags/example_dag_decorator.py for tasks to queue
[2024-04-01T14:07:51.799+0000] {logging_mixin.py:154} INFO - [2024-04-01T14:07:51.799+0000] {dagbag.py:536} INFO - Filling up the DagBag from /home/airflow/.local/lib/python3.10/site-packages/airflow/example_dags/example_dag_decorator.py
[2024-04-01T14:07:51.806+0000] {processor.py:839} INFO - DAG(s) dict_keys(['example_dag_decorator']) retrieved from /home/airflow/.local/lib/python3.10/site-packages/airflow/example_dags/example_dag_decorator.py
[2024-04-01T14:07:51.869+0000] {logging_mixin.py:154} INFO - [2024-04-01T14:07:51.869+0000] {dag.py:2941} INFO - Sync 1 DAGs
[2024-04-01T14:07:51.875+0000] {logging_mixin.py:154} INFO - [2024-04-01T14:07:51.875+0000] {dag.py:3722} INFO - Setting next_dagrun for example_dag_decorator to None, run_after=None
[2024-04-01T14:07:51.884+0000] {processor.py:179} INFO - Processing /home/airflow/.local/lib/python3.10/site-packages/airflow/example_dags/example_dag_decorator.py took 0.089 seconds
[2024-04-01T14:08:22.412+0000] {processor.py:157} INFO - Started process (PID=816) to work on /home/airflow/.local/lib/python3.10/site-packages/airflow/example_dags/example_dag_decorator.py
[2024-04-01T14:08:22.413+0000] {processor.py:829} INFO - Processing file /home/airflow/.local/lib/python3.10/site-packages/airflow/example_dags/example_dag_decorator.py for tasks to queue
[2024-04-01T14:08:22.414+0000] {logging_mixin.py:154} INFO - [2024-04-01T14:08:22.414+0000] {dagbag.py:536} INFO - Filling up the DagBag from /home/airflow/.local/lib/python3.10/site-packages/airflow/example_dags/example_dag_decorator.py
[2024-04-01T14:08:22.421+0000] {processor.py:839} INFO - DAG(s) dict_keys(['example_dag_decorator']) retrieved from /home/airflow/.local/lib/python3.10/site-packages/airflow/example_dags/example_dag_decorator.py
[2024-04-01T14:08:22.480+0000] {logging_mixin.py:154} INFO - [2024-04-01T14:08:22.480+0000] {dag.py:2941} INFO - Sync 1 DAGs
[2024-04-01T14:08:22.486+0000] {logging_mixin.py:154} INFO - [2024-04-01T14:08:22.486+0000] {dag.py:3722} INFO - Setting next_dagrun for example_dag_decorator to None, run_after=None
[2024-04-01T14:08:22.494+0000] {processor.py:179} INFO - Processing /home/airflow/.local/lib/python3.10/site-packages/airflow/example_dags/example_dag_decorator.py took 0.084 seconds
[2024-04-01T14:08:53.065+0000] {processor.py:157} INFO - Started process (PID=870) to work on /home/airflow/.local/lib/python3.10/site-packages/airflow/example_dags/example_dag_decorator.py
[2024-04-01T14:08:53.065+0000] {processor.py:829} INFO - Processing file /home/airflow/.local/lib/python3.10/site-packages/airflow/example_dags/example_dag_decorator.py for tasks to queue
[2024-04-01T14:08:53.066+0000] {logging_mixin.py:154} INFO - [2024-04-01T14:08:53.066+0000] {dagbag.py:536} INFO - Filling up the DagBag from /home/airflow/.local/lib/python3.10/site-packages/airflow/example_dags/example_dag_decorator.py
[2024-04-01T14:08:53.073+0000] {processor.py:839} INFO - DAG(s) dict_keys(['example_dag_decorator']) retrieved from /home/airflow/.local/lib/python3.10/site-packages/airflow/example_dags/example_dag_decorator.py
[2024-04-01T14:08:53.133+0000] {logging_mixin.py:154} INFO - [2024-04-01T14:08:53.132+0000] {dag.py:2941} INFO - Sync 1 DAGs
[2024-04-01T14:08:53.139+0000] {logging_mixin.py:154} INFO - [2024-04-01T14:08:53.139+0000] {dag.py:3722} INFO - Setting next_dagrun for example_dag_decorator to None, run_after=None
[2024-04-01T14:08:53.148+0000] {processor.py:179} INFO - Processing /home/airflow/.local/lib/python3.10/site-packages/airflow/example_dags/example_dag_decorator.py took 0.086 seconds
[2024-04-01T14:09:23.870+0000] {processor.py:157} INFO - Started process (PID=924) to work on /home/airflow/.local/lib/python3.10/site-packages/airflow/example_dags/example_dag_decorator.py
[2024-04-01T14:09:23.870+0000] {processor.py:829} INFO - Processing file /home/airflow/.local/lib/python3.10/site-packages/airflow/example_dags/example_dag_decorator.py for tasks to queue
[2024-04-01T14:09:23.871+0000] {logging_mixin.py:154} INFO - [2024-04-01T14:09:23.871+0000] {dagbag.py:536} INFO - Filling up the DagBag from /home/airflow/.local/lib/python3.10/site-packages/airflow/example_dags/example_dag_decorator.py
[2024-04-01T14:09:23.879+0000] {processor.py:839} INFO - DAG(s) dict_keys(['example_dag_decorator']) retrieved from /home/airflow/.local/lib/python3.10/site-packages/airflow/example_dags/example_dag_decorator.py
[2024-04-01T14:09:23.940+0000] {logging_mixin.py:154} INFO - [2024-04-01T14:09:23.939+0000] {dag.py:2941} INFO - Sync 1 DAGs
[2024-04-01T14:09:23.945+0000] {logging_mixin.py:154} INFO - [2024-04-01T14:09:23.945+0000] {dag.py:3722} INFO - Setting next_dagrun for example_dag_decorator to None, run_after=None
[2024-04-01T14:09:23.955+0000] {processor.py:179} INFO - Processing /home/airflow/.local/lib/python3.10/site-packages/airflow/example_dags/example_dag_decorator.py took 0.087 seconds
[2024-04-01T14:09:54.480+0000] {processor.py:157} INFO - Started process (PID=978) to work on /home/airflow/.local/lib/python3.10/site-packages/airflow/example_dags/example_dag_decorator.py
[2024-04-01T14:09:54.481+0000] {processor.py:829} INFO - Processing file /home/airflow/.local/lib/python3.10/site-packages/airflow/example_dags/example_dag_decorator.py for tasks to queue
[2024-04-01T14:09:54.482+0000] {logging_mixin.py:154} INFO - [2024-04-01T14:09:54.482+0000] {dagbag.py:536} INFO - Filling up the DagBag from /home/airflow/.local/lib/python3.10/site-packages/airflow/example_dags/example_dag_decorator.py
[2024-04-01T14:09:54.489+0000] {processor.py:839} INFO - DAG(s) dict_keys(['example_dag_decorator']) retrieved from /home/airflow/.local/lib/python3.10/site-packages/airflow/example_dags/example_dag_decorator.py
[2024-04-01T14:09:54.560+0000] {logging_mixin.py:154} INFO - [2024-04-01T14:09:54.560+0000] {dag.py:2941} INFO - Sync 1 DAGs
[2024-04-01T14:09:54.568+0000] {logging_mixin.py:154} INFO - [2024-04-01T14:09:54.568+0000] {dag.py:3722} INFO - Setting next_dagrun for example_dag_decorator to None, run_after=None
[2024-04-01T14:09:54.580+0000] {processor.py:179} INFO - Processing /home/airflow/.local/lib/python3.10/site-packages/airflow/example_dags/example_dag_decorator.py took 0.102 seconds
[2024-04-01T14:10:25.206+0000] {processor.py:157} INFO - Started process (PID=1032) to work on /home/airflow/.local/lib/python3.10/site-packages/airflow/example_dags/example_dag_decorator.py
[2024-04-01T14:10:25.206+0000] {processor.py:829} INFO - Processing file /home/airflow/.local/lib/python3.10/site-packages/airflow/example_dags/example_dag_decorator.py for tasks to queue
[2024-04-01T14:10:25.207+0000] {logging_mixin.py:154} INFO - [2024-04-01T14:10:25.207+0000] {dagbag.py:536} INFO - Filling up the DagBag from /home/airflow/.local/lib/python3.10/site-packages/airflow/example_dags/example_dag_decorator.py
[2024-04-01T14:10:25.214+0000] {processor.py:839} INFO - DAG(s) dict_keys(['example_dag_decorator']) retrieved from /home/airflow/.local/lib/python3.10/site-packages/airflow/example_dags/example_dag_decorator.py
[2024-04-01T14:10:25.273+0000] {logging_mixin.py:154} INFO - [2024-04-01T14:10:25.273+0000] {dag.py:2941} INFO - Sync 1 DAGs
[2024-04-01T14:10:25.280+0000] {logging_mixin.py:154} INFO - [2024-04-01T14:10:25.279+0000] {dag.py:3722} INFO - Setting next_dagrun for example_dag_decorator to None, run_after=None
[2024-04-01T14:10:25.289+0000] {processor.py:179} INFO - Processing /home/airflow/.local/lib/python3.10/site-packages/airflow/example_dags/example_dag_decorator.py took 0.085 seconds
[2024-04-01T14:10:55.819+0000] {processor.py:157} INFO - Started process (PID=1086) to work on /home/airflow/.local/lib/python3.10/site-packages/airflow/example_dags/example_dag_decorator.py
[2024-04-01T14:10:55.820+0000] {processor.py:829} INFO - Processing file /home/airflow/.local/lib/python3.10/site-packages/airflow/example_dags/example_dag_decorator.py for tasks to queue
[2024-04-01T14:10:55.821+0000] {logging_mixin.py:154} INFO - [2024-04-01T14:10:55.821+0000] {dagbag.py:536} INFO - Filling up the DagBag from /home/airflow/.local/lib/python3.10/site-packages/airflow/example_dags/example_dag_decorator.py
[2024-04-01T14:10:55.828+0000] {processor.py:839} INFO - DAG(s) dict_keys(['example_dag_decorator']) retrieved from /home/airflow/.local/lib/python3.10/site-packages/airflow/example_dags/example_dag_decorator.py
[2024-04-01T14:10:55.888+0000] {logging_mixin.py:154} INFO - [2024-04-01T14:10:55.888+0000] {dag.py:2941} INFO - Sync 1 DAGs
[2024-04-01T14:10:55.894+0000] {logging_mixin.py:154} INFO - [2024-04-01T14:10:55.894+0000] {dag.py:3722} INFO - Setting next_dagrun for example_dag_decorator to None, run_after=None
[2024-04-01T14:10:55.903+0000] {processor.py:179} INFO - Processing /home/airflow/.local/lib/python3.10/site-packages/airflow/example_dags/example_dag_decorator.py took 0.086 seconds
[2024-04-01T14:11:26.532+0000] {processor.py:157} INFO - Started process (PID=1140) to work on /home/airflow/.local/lib/python3.10/site-packages/airflow/example_dags/example_dag_decorator.py
[2024-04-01T14:11:26.533+0000] {processor.py:829} INFO - Processing file /home/airflow/.local/lib/python3.10/site-packages/airflow/example_dags/example_dag_decorator.py for tasks to queue
[2024-04-01T14:11:26.534+0000] {logging_mixin.py:154} INFO - [2024-04-01T14:11:26.534+0000] {dagbag.py:536} INFO - Filling up the DagBag from /home/airflow/.local/lib/python3.10/site-packages/airflow/example_dags/example_dag_decorator.py
[2024-04-01T14:11:26.541+0000] {processor.py:839} INFO - DAG(s) dict_keys(['example_dag_decorator']) retrieved from /home/airflow/.local/lib/python3.10/site-packages/airflow/example_dags/example_dag_decorator.py
[2024-04-01T14:11:26.600+0000] {logging_mixin.py:154} INFO - [2024-04-01T14:11:26.600+0000] {dag.py:2941} INFO - Sync 1 DAGs
[2024-04-01T14:11:26.605+0000] {logging_mixin.py:154} INFO - [2024-04-01T14:11:26.605+0000] {dag.py:3722} INFO - Setting next_dagrun for example_dag_decorator to None, run_after=None
[2024-04-01T14:11:26.615+0000] {processor.py:179} INFO - Processing /home/airflow/.local/lib/python3.10/site-packages/airflow/example_dags/example_dag_decorator.py took 0.084 seconds
[2024-04-01T14:11:57.231+0000] {processor.py:157} INFO - Started process (PID=1194) to work on /home/airflow/.local/lib/python3.10/site-packages/airflow/example_dags/example_dag_decorator.py
[2024-04-01T14:11:57.231+0000] {processor.py:829} INFO - Processing file /home/airflow/.local/lib/python3.10/site-packages/airflow/example_dags/example_dag_decorator.py for tasks to queue
[2024-04-01T14:11:57.232+0000] {logging_mixin.py:154} INFO - [2024-04-01T14:11:57.232+0000] {dagbag.py:536} INFO - Filling up the DagBag from /home/airflow/.local/lib/python3.10/site-packages/airflow/example_dags/example_dag_decorator.py
[2024-04-01T14:11:57.239+0000] {processor.py:839} INFO - DAG(s) dict_keys(['example_dag_decorator']) retrieved from /home/airflow/.local/lib/python3.10/site-packages/airflow/example_dags/example_dag_decorator.py
[2024-04-01T14:11:57.298+0000] {logging_mixin.py:154} INFO - [2024-04-01T14:11:57.298+0000] {dag.py:2941} INFO - Sync 1 DAGs
[2024-04-01T14:11:57.304+0000] {logging_mixin.py:154} INFO - [2024-04-01T14:11:57.304+0000] {dag.py:3722} INFO - Setting next_dagrun for example_dag_decorator to None, run_after=None
[2024-04-01T14:11:57.313+0000] {processor.py:179} INFO - Processing /home/airflow/.local/lib/python3.10/site-packages/airflow/example_dags/example_dag_decorator.py took 0.084 seconds
[2024-04-01T14:12:27.924+0000] {processor.py:157} INFO - Started process (PID=1248) to work on /home/airflow/.local/lib/python3.10/site-packages/airflow/example_dags/example_dag_decorator.py
[2024-04-01T14:12:27.924+0000] {processor.py:829} INFO - Processing file /home/airflow/.local/lib/python3.10/site-packages/airflow/example_dags/example_dag_decorator.py for tasks to queue
[2024-04-01T14:12:27.925+0000] {logging_mixin.py:154} INFO - [2024-04-01T14:12:27.925+0000] {dagbag.py:536} INFO - Filling up the DagBag from /home/airflow/.local/lib/python3.10/site-packages/airflow/example_dags/example_dag_decorator.py
[2024-04-01T14:12:27.933+0000] {processor.py:839} INFO - DAG(s) dict_keys(['example_dag_decorator']) retrieved from /home/airflow/.local/lib/python3.10/site-packages/airflow/example_dags/example_dag_decorator.py
[2024-04-01T14:12:27.993+0000] {logging_mixin.py:154} INFO - [2024-04-01T14:12:27.993+0000] {dag.py:2941} INFO - Sync 1 DAGs
[2024-04-01T14:12:27.999+0000] {logging_mixin.py:154} INFO - [2024-04-01T14:12:27.999+0000] {dag.py:3722} INFO - Setting next_dagrun for example_dag_decorator to None, run_after=None
[2024-04-01T14:12:28.008+0000] {processor.py:179} INFO - Processing /home/airflow/.local/lib/python3.10/site-packages/airflow/example_dags/example_dag_decorator.py took 0.087 seconds
[2024-04-01T14:12:58.652+0000] {processor.py:157} INFO - Started process (PID=1302) to work on /home/airflow/.local/lib/python3.10/site-packages/airflow/example_dags/example_dag_decorator.py
[2024-04-01T14:12:58.652+0000] {processor.py:829} INFO - Processing file /home/airflow/.local/lib/python3.10/site-packages/airflow/example_dags/example_dag_decorator.py for tasks to queue
[2024-04-01T14:12:58.654+0000] {logging_mixin.py:154} INFO - [2024-04-01T14:12:58.653+0000] {dagbag.py:536} INFO - Filling up the DagBag from /home/airflow/.local/lib/python3.10/site-packages/airflow/example_dags/example_dag_decorator.py
[2024-04-01T14:12:58.661+0000] {processor.py:839} INFO - DAG(s) dict_keys(['example_dag_decorator']) retrieved from /home/airflow/.local/lib/python3.10/site-packages/airflow/example_dags/example_dag_decorator.py
[2024-04-01T14:12:58.722+0000] {logging_mixin.py:154} INFO - [2024-04-01T14:12:58.722+0000] {dag.py:2941} INFO - Sync 1 DAGs
[2024-04-01T14:12:58.728+0000] {logging_mixin.py:154} INFO - [2024-04-01T14:12:58.728+0000] {dag.py:3722} INFO - Setting next_dagrun for example_dag_decorator to None, run_after=None
[2024-04-01T14:12:58.737+0000] {processor.py:179} INFO - Processing /home/airflow/.local/lib/python3.10/site-packages/airflow/example_dags/example_dag_decorator.py took 0.087 seconds
[2024-04-01T14:13:29.416+0000] {processor.py:157} INFO - Started process (PID=1356) to work on /home/airflow/.local/lib/python3.10/site-packages/airflow/example_dags/example_dag_decorator.py
[2024-04-01T14:13:29.416+0000] {processor.py:829} INFO - Processing file /home/airflow/.local/lib/python3.10/site-packages/airflow/example_dags/example_dag_decorator.py for tasks to queue
[2024-04-01T14:13:29.417+0000] {logging_mixin.py:154} INFO - [2024-04-01T14:13:29.417+0000] {dagbag.py:536} INFO - Filling up the DagBag from /home/airflow/.local/lib/python3.10/site-packages/airflow/example_dags/example_dag_decorator.py
[2024-04-01T14:13:29.425+0000] {processor.py:839} INFO - DAG(s) dict_keys(['example_dag_decorator']) retrieved from /home/airflow/.local/lib/python3.10/site-packages/airflow/example_dags/example_dag_decorator.py
[2024-04-01T14:13:29.484+0000] {logging_mixin.py:154} INFO - [2024-04-01T14:13:29.484+0000] {dag.py:2941} INFO - Sync 1 DAGs
[2024-04-01T14:13:29.490+0000] {logging_mixin.py:154} INFO - [2024-04-01T14:13:29.489+0000] {dag.py:3722} INFO - Setting next_dagrun for example_dag_decorator to None, run_after=None
[2024-04-01T14:13:29.498+0000] {processor.py:179} INFO - Processing /home/airflow/.local/lib/python3.10/site-packages/airflow/example_dags/example_dag_decorator.py took 0.085 seconds
[2024-04-01T14:14:00.119+0000] {processor.py:157} INFO - Started process (PID=1410) to work on /home/airflow/.local/lib/python3.10/site-packages/airflow/example_dags/example_dag_decorator.py
[2024-04-01T14:14:00.120+0000] {processor.py:829} INFO - Processing file /home/airflow/.local/lib/python3.10/site-packages/airflow/example_dags/example_dag_decorator.py for tasks to queue
[2024-04-01T14:14:00.121+0000] {logging_mixin.py:154} INFO - [2024-04-01T14:14:00.121+0000] {dagbag.py:536} INFO - Filling up the DagBag from /home/airflow/.local/lib/python3.10/site-packages/airflow/example_dags/example_dag_decorator.py
[2024-04-01T14:14:00.128+0000] {processor.py:839} INFO - DAG(s) dict_keys(['example_dag_decorator']) retrieved from /home/airflow/.local/lib/python3.10/site-packages/airflow/example_dags/example_dag_decorator.py
[2024-04-01T14:14:00.187+0000] {logging_mixin.py:154} INFO - [2024-04-01T14:14:00.187+0000] {dag.py:2941} INFO - Sync 1 DAGs
[2024-04-01T14:14:00.193+0000] {logging_mixin.py:154} INFO - [2024-04-01T14:14:00.192+0000] {dag.py:3722} INFO - Setting next_dagrun for example_dag_decorator to None, run_after=None
[2024-04-01T14:14:00.201+0000] {processor.py:179} INFO - Processing /home/airflow/.local/lib/python3.10/site-packages/airflow/example_dags/example_dag_decorator.py took 0.084 seconds
