[2024-04-01T14:01:12.701+0000] {processor.py:157} INFO - Started process (PID=43) to work on /home/airflow/.local/lib/python3.10/site-packages/airflow/example_dags/example_latest_only.py
[2024-04-01T14:01:12.701+0000] {processor.py:829} INFO - Processing file /home/airflow/.local/lib/python3.10/site-packages/airflow/example_dags/example_latest_only.py for tasks to queue
[2024-04-01T14:01:12.702+0000] {logging_mixin.py:154} INFO - [2024-04-01T14:01:12.702+0000] {dagbag.py:536} INFO - Filling up the DagBag from /home/airflow/.local/lib/python3.10/site-packages/airflow/example_dags/example_latest_only.py
[2024-04-01T14:01:12.707+0000] {processor.py:839} INFO - DAG(s) dict_keys(['latest_only']) retrieved from /home/airflow/.local/lib/python3.10/site-packages/airflow/example_dags/example_latest_only.py
[2024-04-01T14:01:12.716+0000] {logging_mixin.py:154} INFO - [2024-04-01T14:01:12.716+0000] {dag.py:2941} INFO - Sync 1 DAGs
[2024-04-01T14:01:12.731+0000] {logging_mixin.py:154} INFO - [2024-04-01T14:01:12.731+0000] {dag.py:3722} INFO - Setting next_dagrun for latest_only to 2024-04-01T10:01:12.730846+00:00, run_after=2024-04-01T14:01:12.730846+00:00
[2024-04-01T14:01:12.739+0000] {processor.py:179} INFO - Processing /home/airflow/.local/lib/python3.10/site-packages/airflow/example_dags/example_latest_only.py took 0.041 seconds
[2024-04-01T14:01:43.281+0000] {processor.py:157} INFO - Started process (PID=97) to work on /home/airflow/.local/lib/python3.10/site-packages/airflow/example_dags/example_latest_only.py
[2024-04-01T14:01:43.281+0000] {processor.py:829} INFO - Processing file /home/airflow/.local/lib/python3.10/site-packages/airflow/example_dags/example_latest_only.py for tasks to queue
[2024-04-01T14:01:43.283+0000] {logging_mixin.py:154} INFO - [2024-04-01T14:01:43.282+0000] {dagbag.py:536} INFO - Filling up the DagBag from /home/airflow/.local/lib/python3.10/site-packages/airflow/example_dags/example_latest_only.py
[2024-04-01T14:01:43.285+0000] {processor.py:839} INFO - DAG(s) dict_keys(['latest_only']) retrieved from /home/airflow/.local/lib/python3.10/site-packages/airflow/example_dags/example_latest_only.py
[2024-04-01T14:01:43.297+0000] {logging_mixin.py:154} INFO - [2024-04-01T14:01:43.297+0000] {dag.py:2941} INFO - Sync 1 DAGs
[2024-04-01T14:01:43.309+0000] {logging_mixin.py:154} INFO - [2024-04-01T14:01:43.309+0000] {dag.py:3722} INFO - Setting next_dagrun for latest_only to 2024-04-01T10:01:43.309457+00:00, run_after=2024-04-01T14:01:43.309457+00:00
[2024-04-01T14:01:43.317+0000] {processor.py:179} INFO - Processing /home/airflow/.local/lib/python3.10/site-packages/airflow/example_dags/example_latest_only.py took 0.039 seconds
[2024-04-01T14:02:13.797+0000] {processor.py:157} INFO - Started process (PID=151) to work on /home/airflow/.local/lib/python3.10/site-packages/airflow/example_dags/example_latest_only.py
[2024-04-01T14:02:13.798+0000] {processor.py:829} INFO - Processing file /home/airflow/.local/lib/python3.10/site-packages/airflow/example_dags/example_latest_only.py for tasks to queue
[2024-04-01T14:02:13.799+0000] {logging_mixin.py:154} INFO - [2024-04-01T14:02:13.799+0000] {dagbag.py:536} INFO - Filling up the DagBag from /home/airflow/.local/lib/python3.10/site-packages/airflow/example_dags/example_latest_only.py
[2024-04-01T14:02:13.801+0000] {processor.py:839} INFO - DAG(s) dict_keys(['latest_only']) retrieved from /home/airflow/.local/lib/python3.10/site-packages/airflow/example_dags/example_latest_only.py
[2024-04-01T14:02:13.813+0000] {logging_mixin.py:154} INFO - [2024-04-01T14:02:13.812+0000] {dag.py:2941} INFO - Sync 1 DAGs
[2024-04-01T14:02:13.824+0000] {logging_mixin.py:154} INFO - [2024-04-01T14:02:13.823+0000] {dag.py:3722} INFO - Setting next_dagrun for latest_only to 2024-04-01T10:02:13.823840+00:00, run_after=2024-04-01T14:02:13.823840+00:00
[2024-04-01T14:02:13.832+0000] {processor.py:179} INFO - Processing /home/airflow/.local/lib/python3.10/site-packages/airflow/example_dags/example_latest_only.py took 0.037 seconds
[2024-04-01T14:02:44.421+0000] {processor.py:157} INFO - Started process (PID=205) to work on /home/airflow/.local/lib/python3.10/site-packages/airflow/example_dags/example_latest_only.py
[2024-04-01T14:02:44.421+0000] {processor.py:829} INFO - Processing file /home/airflow/.local/lib/python3.10/site-packages/airflow/example_dags/example_latest_only.py for tasks to queue
[2024-04-01T14:02:44.422+0000] {logging_mixin.py:154} INFO - [2024-04-01T14:02:44.422+0000] {dagbag.py:536} INFO - Filling up the DagBag from /home/airflow/.local/lib/python3.10/site-packages/airflow/example_dags/example_latest_only.py
[2024-04-01T14:02:44.425+0000] {processor.py:839} INFO - DAG(s) dict_keys(['latest_only']) retrieved from /home/airflow/.local/lib/python3.10/site-packages/airflow/example_dags/example_latest_only.py
[2024-04-01T14:02:44.436+0000] {logging_mixin.py:154} INFO - [2024-04-01T14:02:44.436+0000] {dag.py:2941} INFO - Sync 1 DAGs
[2024-04-01T14:02:44.447+0000] {logging_mixin.py:154} INFO - [2024-04-01T14:02:44.447+0000] {dag.py:3722} INFO - Setting next_dagrun for latest_only to 2024-04-01T10:02:44.447631+00:00, run_after=2024-04-01T14:02:44.447631+00:00
[2024-04-01T14:02:44.455+0000] {processor.py:179} INFO - Processing /home/airflow/.local/lib/python3.10/site-packages/airflow/example_dags/example_latest_only.py took 0.037 seconds
[2024-04-01T14:03:15.015+0000] {processor.py:157} INFO - Started process (PID=259) to work on /home/airflow/.local/lib/python3.10/site-packages/airflow/example_dags/example_latest_only.py
[2024-04-01T14:03:15.015+0000] {processor.py:829} INFO - Processing file /home/airflow/.local/lib/python3.10/site-packages/airflow/example_dags/example_latest_only.py for tasks to queue
[2024-04-01T14:03:15.016+0000] {logging_mixin.py:154} INFO - [2024-04-01T14:03:15.016+0000] {dagbag.py:536} INFO - Filling up the DagBag from /home/airflow/.local/lib/python3.10/site-packages/airflow/example_dags/example_latest_only.py
[2024-04-01T14:03:15.019+0000] {processor.py:839} INFO - DAG(s) dict_keys(['latest_only']) retrieved from /home/airflow/.local/lib/python3.10/site-packages/airflow/example_dags/example_latest_only.py
[2024-04-01T14:03:15.030+0000] {logging_mixin.py:154} INFO - [2024-04-01T14:03:15.030+0000] {dag.py:2941} INFO - Sync 1 DAGs
[2024-04-01T14:03:15.042+0000] {logging_mixin.py:154} INFO - [2024-04-01T14:03:15.042+0000] {dag.py:3722} INFO - Setting next_dagrun for latest_only to 2024-04-01T10:03:15.042162+00:00, run_after=2024-04-01T14:03:15.042162+00:00
[2024-04-01T14:03:15.050+0000] {processor.py:179} INFO - Processing /home/airflow/.local/lib/python3.10/site-packages/airflow/example_dags/example_latest_only.py took 0.037 seconds
[2024-04-01T14:03:45.706+0000] {processor.py:157} INFO - Started process (PID=313) to work on /home/airflow/.local/lib/python3.10/site-packages/airflow/example_dags/example_latest_only.py
[2024-04-01T14:03:45.707+0000] {processor.py:829} INFO - Processing file /home/airflow/.local/lib/python3.10/site-packages/airflow/example_dags/example_latest_only.py for tasks to queue
[2024-04-01T14:03:45.708+0000] {logging_mixin.py:154} INFO - [2024-04-01T14:03:45.708+0000] {dagbag.py:536} INFO - Filling up the DagBag from /home/airflow/.local/lib/python3.10/site-packages/airflow/example_dags/example_latest_only.py
[2024-04-01T14:03:45.711+0000] {processor.py:839} INFO - DAG(s) dict_keys(['latest_only']) retrieved from /home/airflow/.local/lib/python3.10/site-packages/airflow/example_dags/example_latest_only.py
[2024-04-01T14:03:45.722+0000] {logging_mixin.py:154} INFO - [2024-04-01T14:03:45.722+0000] {dag.py:2941} INFO - Sync 1 DAGs
[2024-04-01T14:03:45.734+0000] {logging_mixin.py:154} INFO - [2024-04-01T14:03:45.734+0000] {dag.py:3722} INFO - Setting next_dagrun for latest_only to 2024-04-01T10:03:45.734227+00:00, run_after=2024-04-01T14:03:45.734227+00:00
[2024-04-01T14:03:45.743+0000] {processor.py:179} INFO - Processing /home/airflow/.local/lib/python3.10/site-packages/airflow/example_dags/example_latest_only.py took 0.038 seconds
[2024-04-01T14:04:16.461+0000] {processor.py:157} INFO - Started process (PID=367) to work on /home/airflow/.local/lib/python3.10/site-packages/airflow/example_dags/example_latest_only.py
[2024-04-01T14:04:16.461+0000] {processor.py:829} INFO - Processing file /home/airflow/.local/lib/python3.10/site-packages/airflow/example_dags/example_latest_only.py for tasks to queue
[2024-04-01T14:04:16.462+0000] {logging_mixin.py:154} INFO - [2024-04-01T14:04:16.462+0000] {dagbag.py:536} INFO - Filling up the DagBag from /home/airflow/.local/lib/python3.10/site-packages/airflow/example_dags/example_latest_only.py
[2024-04-01T14:04:16.465+0000] {processor.py:839} INFO - DAG(s) dict_keys(['latest_only']) retrieved from /home/airflow/.local/lib/python3.10/site-packages/airflow/example_dags/example_latest_only.py
[2024-04-01T14:04:16.477+0000] {logging_mixin.py:154} INFO - [2024-04-01T14:04:16.477+0000] {dag.py:2941} INFO - Sync 1 DAGs
[2024-04-01T14:04:16.488+0000] {logging_mixin.py:154} INFO - [2024-04-01T14:04:16.488+0000] {dag.py:3722} INFO - Setting next_dagrun for latest_only to 2024-04-01T10:04:16.488115+00:00, run_after=2024-04-01T14:04:16.488115+00:00
[2024-04-01T14:04:16.496+0000] {processor.py:179} INFO - Processing /home/airflow/.local/lib/python3.10/site-packages/airflow/example_dags/example_latest_only.py took 0.037 seconds
[2024-04-01T14:04:47.232+0000] {processor.py:157} INFO - Started process (PID=421) to work on /home/airflow/.local/lib/python3.10/site-packages/airflow/example_dags/example_latest_only.py
[2024-04-01T14:04:47.232+0000] {processor.py:829} INFO - Processing file /home/airflow/.local/lib/python3.10/site-packages/airflow/example_dags/example_latest_only.py for tasks to queue
[2024-04-01T14:04:47.233+0000] {logging_mixin.py:154} INFO - [2024-04-01T14:04:47.233+0000] {dagbag.py:536} INFO - Filling up the DagBag from /home/airflow/.local/lib/python3.10/site-packages/airflow/example_dags/example_latest_only.py
[2024-04-01T14:04:47.236+0000] {processor.py:839} INFO - DAG(s) dict_keys(['latest_only']) retrieved from /home/airflow/.local/lib/python3.10/site-packages/airflow/example_dags/example_latest_only.py
[2024-04-01T14:04:47.248+0000] {logging_mixin.py:154} INFO - [2024-04-01T14:04:47.247+0000] {dag.py:2941} INFO - Sync 1 DAGs
[2024-04-01T14:04:47.259+0000] {logging_mixin.py:154} INFO - [2024-04-01T14:04:47.259+0000] {dag.py:3722} INFO - Setting next_dagrun for latest_only to 2024-04-01T10:04:47.258993+00:00, run_after=2024-04-01T14:04:47.258993+00:00
[2024-04-01T14:04:47.267+0000] {processor.py:179} INFO - Processing /home/airflow/.local/lib/python3.10/site-packages/airflow/example_dags/example_latest_only.py took 0.037 seconds
[2024-04-01T14:05:17.825+0000] {processor.py:157} INFO - Started process (PID=475) to work on /home/airflow/.local/lib/python3.10/site-packages/airflow/example_dags/example_latest_only.py
[2024-04-01T14:05:17.825+0000] {processor.py:829} INFO - Processing file /home/airflow/.local/lib/python3.10/site-packages/airflow/example_dags/example_latest_only.py for tasks to queue
[2024-04-01T14:05:17.826+0000] {logging_mixin.py:154} INFO - [2024-04-01T14:05:17.826+0000] {dagbag.py:536} INFO - Filling up the DagBag from /home/airflow/.local/lib/python3.10/site-packages/airflow/example_dags/example_latest_only.py
[2024-04-01T14:05:17.830+0000] {processor.py:839} INFO - DAG(s) dict_keys(['latest_only']) retrieved from /home/airflow/.local/lib/python3.10/site-packages/airflow/example_dags/example_latest_only.py
[2024-04-01T14:05:17.841+0000] {logging_mixin.py:154} INFO - [2024-04-01T14:05:17.841+0000] {dag.py:2941} INFO - Sync 1 DAGs
[2024-04-01T14:05:17.853+0000] {logging_mixin.py:154} INFO - [2024-04-01T14:05:17.853+0000] {dag.py:3722} INFO - Setting next_dagrun for latest_only to 2024-04-01T10:05:17.853220+00:00, run_after=2024-04-01T14:05:17.853220+00:00
[2024-04-01T14:05:17.861+0000] {processor.py:179} INFO - Processing /home/airflow/.local/lib/python3.10/site-packages/airflow/example_dags/example_latest_only.py took 0.039 seconds
[2024-04-01T14:05:48.456+0000] {processor.py:157} INFO - Started process (PID=529) to work on /home/airflow/.local/lib/python3.10/site-packages/airflow/example_dags/example_latest_only.py
[2024-04-01T14:05:48.457+0000] {processor.py:829} INFO - Processing file /home/airflow/.local/lib/python3.10/site-packages/airflow/example_dags/example_latest_only.py for tasks to queue
[2024-04-01T14:05:48.458+0000] {logging_mixin.py:154} INFO - [2024-04-01T14:05:48.458+0000] {dagbag.py:536} INFO - Filling up the DagBag from /home/airflow/.local/lib/python3.10/site-packages/airflow/example_dags/example_latest_only.py
[2024-04-01T14:05:48.461+0000] {processor.py:839} INFO - DAG(s) dict_keys(['latest_only']) retrieved from /home/airflow/.local/lib/python3.10/site-packages/airflow/example_dags/example_latest_only.py
[2024-04-01T14:05:48.472+0000] {logging_mixin.py:154} INFO - [2024-04-01T14:05:48.472+0000] {dag.py:2941} INFO - Sync 1 DAGs
[2024-04-01T14:05:48.484+0000] {logging_mixin.py:154} INFO - [2024-04-01T14:05:48.484+0000] {dag.py:3722} INFO - Setting next_dagrun for latest_only to 2024-04-01T10:05:48.484122+00:00, run_after=2024-04-01T14:05:48.484122+00:00
[2024-04-01T14:05:48.492+0000] {processor.py:179} INFO - Processing /home/airflow/.local/lib/python3.10/site-packages/airflow/example_dags/example_latest_only.py took 0.038 seconds
[2024-04-01T14:06:19.189+0000] {processor.py:157} INFO - Started process (PID=583) to work on /home/airflow/.local/lib/python3.10/site-packages/airflow/example_dags/example_latest_only.py
[2024-04-01T14:06:19.190+0000] {processor.py:829} INFO - Processing file /home/airflow/.local/lib/python3.10/site-packages/airflow/example_dags/example_latest_only.py for tasks to queue
[2024-04-01T14:06:19.191+0000] {logging_mixin.py:154} INFO - [2024-04-01T14:06:19.191+0000] {dagbag.py:536} INFO - Filling up the DagBag from /home/airflow/.local/lib/python3.10/site-packages/airflow/example_dags/example_latest_only.py
[2024-04-01T14:06:19.194+0000] {processor.py:839} INFO - DAG(s) dict_keys(['latest_only']) retrieved from /home/airflow/.local/lib/python3.10/site-packages/airflow/example_dags/example_latest_only.py
[2024-04-01T14:06:19.205+0000] {logging_mixin.py:154} INFO - [2024-04-01T14:06:19.205+0000] {dag.py:2941} INFO - Sync 1 DAGs
[2024-04-01T14:06:19.216+0000] {logging_mixin.py:154} INFO - [2024-04-01T14:06:19.216+0000] {dag.py:3722} INFO - Setting next_dagrun for latest_only to 2024-04-01T10:06:19.216077+00:00, run_after=2024-04-01T14:06:19.216077+00:00
[2024-04-01T14:06:19.224+0000] {processor.py:179} INFO - Processing /home/airflow/.local/lib/python3.10/site-packages/airflow/example_dags/example_latest_only.py took 0.037 seconds
[2024-04-01T14:06:49.787+0000] {processor.py:157} INFO - Started process (PID=637) to work on /home/airflow/.local/lib/python3.10/site-packages/airflow/example_dags/example_latest_only.py
[2024-04-01T14:06:49.787+0000] {processor.py:829} INFO - Processing file /home/airflow/.local/lib/python3.10/site-packages/airflow/example_dags/example_latest_only.py for tasks to queue
[2024-04-01T14:06:49.788+0000] {logging_mixin.py:154} INFO - [2024-04-01T14:06:49.788+0000] {dagbag.py:536} INFO - Filling up the DagBag from /home/airflow/.local/lib/python3.10/site-packages/airflow/example_dags/example_latest_only.py
[2024-04-01T14:06:49.791+0000] {processor.py:839} INFO - DAG(s) dict_keys(['latest_only']) retrieved from /home/airflow/.local/lib/python3.10/site-packages/airflow/example_dags/example_latest_only.py
[2024-04-01T14:06:49.802+0000] {logging_mixin.py:154} INFO - [2024-04-01T14:06:49.802+0000] {dag.py:2941} INFO - Sync 1 DAGs
[2024-04-01T14:06:49.814+0000] {logging_mixin.py:154} INFO - [2024-04-01T14:06:49.814+0000] {dag.py:3722} INFO - Setting next_dagrun for latest_only to 2024-04-01T10:06:49.814179+00:00, run_after=2024-04-01T14:06:49.814179+00:00
[2024-04-01T14:06:49.822+0000] {processor.py:179} INFO - Processing /home/airflow/.local/lib/python3.10/site-packages/airflow/example_dags/example_latest_only.py took 0.037 seconds
[2024-04-01T14:07:20.550+0000] {processor.py:157} INFO - Started process (PID=691) to work on /home/airflow/.local/lib/python3.10/site-packages/airflow/example_dags/example_latest_only.py
[2024-04-01T14:07:20.550+0000] {processor.py:829} INFO - Processing file /home/airflow/.local/lib/python3.10/site-packages/airflow/example_dags/example_latest_only.py for tasks to queue
[2024-04-01T14:07:20.551+0000] {logging_mixin.py:154} INFO - [2024-04-01T14:07:20.551+0000] {dagbag.py:536} INFO - Filling up the DagBag from /home/airflow/.local/lib/python3.10/site-packages/airflow/example_dags/example_latest_only.py
[2024-04-01T14:07:20.555+0000] {processor.py:839} INFO - DAG(s) dict_keys(['latest_only']) retrieved from /home/airflow/.local/lib/python3.10/site-packages/airflow/example_dags/example_latest_only.py
[2024-04-01T14:07:20.566+0000] {logging_mixin.py:154} INFO - [2024-04-01T14:07:20.566+0000] {dag.py:2941} INFO - Sync 1 DAGs
[2024-04-01T14:07:20.577+0000] {logging_mixin.py:154} INFO - [2024-04-01T14:07:20.577+0000] {dag.py:3722} INFO - Setting next_dagrun for latest_only to 2024-04-01T10:07:20.577326+00:00, run_after=2024-04-01T14:07:20.577326+00:00
[2024-04-01T14:07:20.586+0000] {processor.py:179} INFO - Processing /home/airflow/.local/lib/python3.10/site-packages/airflow/example_dags/example_latest_only.py took 0.038 seconds
[2024-04-01T14:07:51.196+0000] {processor.py:157} INFO - Started process (PID=745) to work on /home/airflow/.local/lib/python3.10/site-packages/airflow/example_dags/example_latest_only.py
[2024-04-01T14:07:51.197+0000] {processor.py:829} INFO - Processing file /home/airflow/.local/lib/python3.10/site-packages/airflow/example_dags/example_latest_only.py for tasks to queue
[2024-04-01T14:07:51.198+0000] {logging_mixin.py:154} INFO - [2024-04-01T14:07:51.197+0000] {dagbag.py:536} INFO - Filling up the DagBag from /home/airflow/.local/lib/python3.10/site-packages/airflow/example_dags/example_latest_only.py
[2024-04-01T14:07:51.201+0000] {processor.py:839} INFO - DAG(s) dict_keys(['latest_only']) retrieved from /home/airflow/.local/lib/python3.10/site-packages/airflow/example_dags/example_latest_only.py
[2024-04-01T14:07:51.212+0000] {logging_mixin.py:154} INFO - [2024-04-01T14:07:51.212+0000] {dag.py:2941} INFO - Sync 1 DAGs
[2024-04-01T14:07:51.223+0000] {logging_mixin.py:154} INFO - [2024-04-01T14:07:51.223+0000] {dag.py:3722} INFO - Setting next_dagrun for latest_only to 2024-04-01T10:07:51.223231+00:00, run_after=2024-04-01T14:07:51.223231+00:00
[2024-04-01T14:07:51.231+0000] {processor.py:179} INFO - Processing /home/airflow/.local/lib/python3.10/site-packages/airflow/example_dags/example_latest_only.py took 0.037 seconds
[2024-04-01T14:08:21.789+0000] {processor.py:157} INFO - Started process (PID=799) to work on /home/airflow/.local/lib/python3.10/site-packages/airflow/example_dags/example_latest_only.py
[2024-04-01T14:08:21.789+0000] {processor.py:829} INFO - Processing file /home/airflow/.local/lib/python3.10/site-packages/airflow/example_dags/example_latest_only.py for tasks to queue
[2024-04-01T14:08:21.791+0000] {logging_mixin.py:154} INFO - [2024-04-01T14:08:21.790+0000] {dagbag.py:536} INFO - Filling up the DagBag from /home/airflow/.local/lib/python3.10/site-packages/airflow/example_dags/example_latest_only.py
[2024-04-01T14:08:21.794+0000] {processor.py:839} INFO - DAG(s) dict_keys(['latest_only']) retrieved from /home/airflow/.local/lib/python3.10/site-packages/airflow/example_dags/example_latest_only.py
[2024-04-01T14:08:21.807+0000] {logging_mixin.py:154} INFO - [2024-04-01T14:08:21.806+0000] {dag.py:2941} INFO - Sync 1 DAGs
[2024-04-01T14:08:21.819+0000] {logging_mixin.py:154} INFO - [2024-04-01T14:08:21.819+0000] {dag.py:3722} INFO - Setting next_dagrun for latest_only to 2024-04-01T10:08:21.819417+00:00, run_after=2024-04-01T14:08:21.819417+00:00
[2024-04-01T14:08:21.828+0000] {processor.py:179} INFO - Processing /home/airflow/.local/lib/python3.10/site-packages/airflow/example_dags/example_latest_only.py took 0.042 seconds
[2024-04-01T14:08:52.392+0000] {processor.py:157} INFO - Started process (PID=853) to work on /home/airflow/.local/lib/python3.10/site-packages/airflow/example_dags/example_latest_only.py
[2024-04-01T14:08:52.393+0000] {processor.py:829} INFO - Processing file /home/airflow/.local/lib/python3.10/site-packages/airflow/example_dags/example_latest_only.py for tasks to queue
[2024-04-01T14:08:52.394+0000] {logging_mixin.py:154} INFO - [2024-04-01T14:08:52.394+0000] {dagbag.py:536} INFO - Filling up the DagBag from /home/airflow/.local/lib/python3.10/site-packages/airflow/example_dags/example_latest_only.py
[2024-04-01T14:08:52.397+0000] {processor.py:839} INFO - DAG(s) dict_keys(['latest_only']) retrieved from /home/airflow/.local/lib/python3.10/site-packages/airflow/example_dags/example_latest_only.py
[2024-04-01T14:08:52.409+0000] {logging_mixin.py:154} INFO - [2024-04-01T14:08:52.408+0000] {dag.py:2941} INFO - Sync 1 DAGs
[2024-04-01T14:08:52.420+0000] {logging_mixin.py:154} INFO - [2024-04-01T14:08:52.420+0000] {dag.py:3722} INFO - Setting next_dagrun for latest_only to 2024-04-01T10:08:52.420137+00:00, run_after=2024-04-01T14:08:52.420137+00:00
[2024-04-01T14:08:52.428+0000] {processor.py:179} INFO - Processing /home/airflow/.local/lib/python3.10/site-packages/airflow/example_dags/example_latest_only.py took 0.038 seconds
[2024-04-01T14:09:23.192+0000] {processor.py:157} INFO - Started process (PID=907) to work on /home/airflow/.local/lib/python3.10/site-packages/airflow/example_dags/example_latest_only.py
[2024-04-01T14:09:23.192+0000] {processor.py:829} INFO - Processing file /home/airflow/.local/lib/python3.10/site-packages/airflow/example_dags/example_latest_only.py for tasks to queue
[2024-04-01T14:09:23.193+0000] {logging_mixin.py:154} INFO - [2024-04-01T14:09:23.193+0000] {dagbag.py:536} INFO - Filling up the DagBag from /home/airflow/.local/lib/python3.10/site-packages/airflow/example_dags/example_latest_only.py
[2024-04-01T14:09:23.196+0000] {processor.py:839} INFO - DAG(s) dict_keys(['latest_only']) retrieved from /home/airflow/.local/lib/python3.10/site-packages/airflow/example_dags/example_latest_only.py
[2024-04-01T14:09:23.208+0000] {logging_mixin.py:154} INFO - [2024-04-01T14:09:23.208+0000] {dag.py:2941} INFO - Sync 1 DAGs
[2024-04-01T14:09:23.221+0000] {logging_mixin.py:154} INFO - [2024-04-01T14:09:23.220+0000] {dag.py:3722} INFO - Setting next_dagrun for latest_only to 2024-04-01T10:09:23.220708+00:00, run_after=2024-04-01T14:09:23.220708+00:00
[2024-04-01T14:09:23.229+0000] {processor.py:179} INFO - Processing /home/airflow/.local/lib/python3.10/site-packages/airflow/example_dags/example_latest_only.py took 0.039 seconds
[2024-04-01T14:09:53.878+0000] {processor.py:157} INFO - Started process (PID=961) to work on /home/airflow/.local/lib/python3.10/site-packages/airflow/example_dags/example_latest_only.py
[2024-04-01T14:09:53.879+0000] {processor.py:829} INFO - Processing file /home/airflow/.local/lib/python3.10/site-packages/airflow/example_dags/example_latest_only.py for tasks to queue
[2024-04-01T14:09:53.880+0000] {logging_mixin.py:154} INFO - [2024-04-01T14:09:53.880+0000] {dagbag.py:536} INFO - Filling up the DagBag from /home/airflow/.local/lib/python3.10/site-packages/airflow/example_dags/example_latest_only.py
[2024-04-01T14:09:53.883+0000] {processor.py:839} INFO - DAG(s) dict_keys(['latest_only']) retrieved from /home/airflow/.local/lib/python3.10/site-packages/airflow/example_dags/example_latest_only.py
[2024-04-01T14:09:53.894+0000] {logging_mixin.py:154} INFO - [2024-04-01T14:09:53.894+0000] {dag.py:2941} INFO - Sync 1 DAGs
[2024-04-01T14:09:53.906+0000] {logging_mixin.py:154} INFO - [2024-04-01T14:09:53.906+0000] {dag.py:3722} INFO - Setting next_dagrun for latest_only to 2024-04-01T10:09:53.906065+00:00, run_after=2024-04-01T14:09:53.906065+00:00
[2024-04-01T14:09:53.914+0000] {processor.py:179} INFO - Processing /home/airflow/.local/lib/python3.10/site-packages/airflow/example_dags/example_latest_only.py took 0.038 seconds
[2024-04-01T14:10:24.534+0000] {processor.py:157} INFO - Started process (PID=1015) to work on /home/airflow/.local/lib/python3.10/site-packages/airflow/example_dags/example_latest_only.py
[2024-04-01T14:10:24.534+0000] {processor.py:829} INFO - Processing file /home/airflow/.local/lib/python3.10/site-packages/airflow/example_dags/example_latest_only.py for tasks to queue
[2024-04-01T14:10:24.535+0000] {logging_mixin.py:154} INFO - [2024-04-01T14:10:24.535+0000] {dagbag.py:536} INFO - Filling up the DagBag from /home/airflow/.local/lib/python3.10/site-packages/airflow/example_dags/example_latest_only.py
[2024-04-01T14:10:24.539+0000] {processor.py:839} INFO - DAG(s) dict_keys(['latest_only']) retrieved from /home/airflow/.local/lib/python3.10/site-packages/airflow/example_dags/example_latest_only.py
[2024-04-01T14:10:24.550+0000] {logging_mixin.py:154} INFO - [2024-04-01T14:10:24.550+0000] {dag.py:2941} INFO - Sync 1 DAGs
[2024-04-01T14:10:24.561+0000] {logging_mixin.py:154} INFO - [2024-04-01T14:10:24.561+0000] {dag.py:3722} INFO - Setting next_dagrun for latest_only to 2024-04-01T10:10:24.561478+00:00, run_after=2024-04-01T14:10:24.561478+00:00
[2024-04-01T14:10:24.569+0000] {processor.py:179} INFO - Processing /home/airflow/.local/lib/python3.10/site-packages/airflow/example_dags/example_latest_only.py took 0.038 seconds
[2024-04-01T14:10:55.167+0000] {processor.py:157} INFO - Started process (PID=1069) to work on /home/airflow/.local/lib/python3.10/site-packages/airflow/example_dags/example_latest_only.py
[2024-04-01T14:10:55.168+0000] {processor.py:829} INFO - Processing file /home/airflow/.local/lib/python3.10/site-packages/airflow/example_dags/example_latest_only.py for tasks to queue
[2024-04-01T14:10:55.169+0000] {logging_mixin.py:154} INFO - [2024-04-01T14:10:55.169+0000] {dagbag.py:536} INFO - Filling up the DagBag from /home/airflow/.local/lib/python3.10/site-packages/airflow/example_dags/example_latest_only.py
[2024-04-01T14:10:55.172+0000] {processor.py:839} INFO - DAG(s) dict_keys(['latest_only']) retrieved from /home/airflow/.local/lib/python3.10/site-packages/airflow/example_dags/example_latest_only.py
[2024-04-01T14:10:55.182+0000] {logging_mixin.py:154} INFO - [2024-04-01T14:10:55.182+0000] {dag.py:2941} INFO - Sync 1 DAGs
[2024-04-01T14:10:55.193+0000] {logging_mixin.py:154} INFO - [2024-04-01T14:10:55.193+0000] {dag.py:3722} INFO - Setting next_dagrun for latest_only to 2024-04-01T10:10:55.193710+00:00, run_after=2024-04-01T14:10:55.193710+00:00
[2024-04-01T14:10:55.202+0000] {processor.py:179} INFO - Processing /home/airflow/.local/lib/python3.10/site-packages/airflow/example_dags/example_latest_only.py took 0.037 seconds
[2024-04-01T14:11:25.869+0000] {processor.py:157} INFO - Started process (PID=1123) to work on /home/airflow/.local/lib/python3.10/site-packages/airflow/example_dags/example_latest_only.py
[2024-04-01T14:11:25.869+0000] {processor.py:829} INFO - Processing file /home/airflow/.local/lib/python3.10/site-packages/airflow/example_dags/example_latest_only.py for tasks to queue
[2024-04-01T14:11:25.871+0000] {logging_mixin.py:154} INFO - [2024-04-01T14:11:25.870+0000] {dagbag.py:536} INFO - Filling up the DagBag from /home/airflow/.local/lib/python3.10/site-packages/airflow/example_dags/example_latest_only.py
[2024-04-01T14:11:25.873+0000] {processor.py:839} INFO - DAG(s) dict_keys(['latest_only']) retrieved from /home/airflow/.local/lib/python3.10/site-packages/airflow/example_dags/example_latest_only.py
[2024-04-01T14:11:25.884+0000] {logging_mixin.py:154} INFO - [2024-04-01T14:11:25.884+0000] {dag.py:2941} INFO - Sync 1 DAGs
[2024-04-01T14:11:25.896+0000] {logging_mixin.py:154} INFO - [2024-04-01T14:11:25.896+0000] {dag.py:3722} INFO - Setting next_dagrun for latest_only to 2024-04-01T10:11:25.896173+00:00, run_after=2024-04-01T14:11:25.896173+00:00
[2024-04-01T14:11:25.904+0000] {processor.py:179} INFO - Processing /home/airflow/.local/lib/python3.10/site-packages/airflow/example_dags/example_latest_only.py took 0.037 seconds
[2024-04-01T14:11:56.558+0000] {processor.py:157} INFO - Started process (PID=1177) to work on /home/airflow/.local/lib/python3.10/site-packages/airflow/example_dags/example_latest_only.py
[2024-04-01T14:11:56.559+0000] {processor.py:829} INFO - Processing file /home/airflow/.local/lib/python3.10/site-packages/airflow/example_dags/example_latest_only.py for tasks to queue
[2024-04-01T14:11:56.560+0000] {logging_mixin.py:154} INFO - [2024-04-01T14:11:56.559+0000] {dagbag.py:536} INFO - Filling up the DagBag from /home/airflow/.local/lib/python3.10/site-packages/airflow/example_dags/example_latest_only.py
[2024-04-01T14:11:56.562+0000] {processor.py:839} INFO - DAG(s) dict_keys(['latest_only']) retrieved from /home/airflow/.local/lib/python3.10/site-packages/airflow/example_dags/example_latest_only.py
[2024-04-01T14:11:56.573+0000] {logging_mixin.py:154} INFO - [2024-04-01T14:11:56.573+0000] {dag.py:2941} INFO - Sync 1 DAGs
[2024-04-01T14:11:56.584+0000] {logging_mixin.py:154} INFO - [2024-04-01T14:11:56.584+0000] {dag.py:3722} INFO - Setting next_dagrun for latest_only to 2024-04-01T10:11:56.584518+00:00, run_after=2024-04-01T14:11:56.584518+00:00
[2024-04-01T14:11:56.593+0000] {processor.py:179} INFO - Processing /home/airflow/.local/lib/python3.10/site-packages/airflow/example_dags/example_latest_only.py took 0.037 seconds
[2024-04-01T14:12:27.314+0000] {processor.py:157} INFO - Started process (PID=1231) to work on /home/airflow/.local/lib/python3.10/site-packages/airflow/example_dags/example_latest_only.py
[2024-04-01T14:12:27.314+0000] {processor.py:829} INFO - Processing file /home/airflow/.local/lib/python3.10/site-packages/airflow/example_dags/example_latest_only.py for tasks to queue
[2024-04-01T14:12:27.316+0000] {logging_mixin.py:154} INFO - [2024-04-01T14:12:27.315+0000] {dagbag.py:536} INFO - Filling up the DagBag from /home/airflow/.local/lib/python3.10/site-packages/airflow/example_dags/example_latest_only.py
[2024-04-01T14:12:27.319+0000] {processor.py:839} INFO - DAG(s) dict_keys(['latest_only']) retrieved from /home/airflow/.local/lib/python3.10/site-packages/airflow/example_dags/example_latest_only.py
[2024-04-01T14:12:27.329+0000] {logging_mixin.py:154} INFO - [2024-04-01T14:12:27.329+0000] {dag.py:2941} INFO - Sync 1 DAGs
[2024-04-01T14:12:27.340+0000] {logging_mixin.py:154} INFO - [2024-04-01T14:12:27.340+0000] {dag.py:3722} INFO - Setting next_dagrun for latest_only to 2024-04-01T10:12:27.340729+00:00, run_after=2024-04-01T14:12:27.340729+00:00
[2024-04-01T14:12:27.349+0000] {processor.py:179} INFO - Processing /home/airflow/.local/lib/python3.10/site-packages/airflow/example_dags/example_latest_only.py took 0.037 seconds
[2024-04-01T14:12:57.992+0000] {processor.py:157} INFO - Started process (PID=1285) to work on /home/airflow/.local/lib/python3.10/site-packages/airflow/example_dags/example_latest_only.py
[2024-04-01T14:12:57.993+0000] {processor.py:829} INFO - Processing file /home/airflow/.local/lib/python3.10/site-packages/airflow/example_dags/example_latest_only.py for tasks to queue
[2024-04-01T14:12:57.994+0000] {logging_mixin.py:154} INFO - [2024-04-01T14:12:57.994+0000] {dagbag.py:536} INFO - Filling up the DagBag from /home/airflow/.local/lib/python3.10/site-packages/airflow/example_dags/example_latest_only.py
[2024-04-01T14:12:57.997+0000] {processor.py:839} INFO - DAG(s) dict_keys(['latest_only']) retrieved from /home/airflow/.local/lib/python3.10/site-packages/airflow/example_dags/example_latest_only.py
[2024-04-01T14:12:58.009+0000] {logging_mixin.py:154} INFO - [2024-04-01T14:12:58.008+0000] {dag.py:2941} INFO - Sync 1 DAGs
[2024-04-01T14:12:58.020+0000] {logging_mixin.py:154} INFO - [2024-04-01T14:12:58.020+0000] {dag.py:3722} INFO - Setting next_dagrun for latest_only to 2024-04-01T10:12:58.020427+00:00, run_after=2024-04-01T14:12:58.020427+00:00
[2024-04-01T14:12:58.029+0000] {processor.py:179} INFO - Processing /home/airflow/.local/lib/python3.10/site-packages/airflow/example_dags/example_latest_only.py took 0.038 seconds
[2024-04-01T14:13:28.750+0000] {processor.py:157} INFO - Started process (PID=1339) to work on /home/airflow/.local/lib/python3.10/site-packages/airflow/example_dags/example_latest_only.py
[2024-04-01T14:13:28.750+0000] {processor.py:829} INFO - Processing file /home/airflow/.local/lib/python3.10/site-packages/airflow/example_dags/example_latest_only.py for tasks to queue
[2024-04-01T14:13:28.751+0000] {logging_mixin.py:154} INFO - [2024-04-01T14:13:28.751+0000] {dagbag.py:536} INFO - Filling up the DagBag from /home/airflow/.local/lib/python3.10/site-packages/airflow/example_dags/example_latest_only.py
[2024-04-01T14:13:28.754+0000] {processor.py:839} INFO - DAG(s) dict_keys(['latest_only']) retrieved from /home/airflow/.local/lib/python3.10/site-packages/airflow/example_dags/example_latest_only.py
[2024-04-01T14:13:28.765+0000] {logging_mixin.py:154} INFO - [2024-04-01T14:13:28.765+0000] {dag.py:2941} INFO - Sync 1 DAGs
[2024-04-01T14:13:28.776+0000] {logging_mixin.py:154} INFO - [2024-04-01T14:13:28.776+0000] {dag.py:3722} INFO - Setting next_dagrun for latest_only to 2024-04-01T10:13:28.776572+00:00, run_after=2024-04-01T14:13:28.776572+00:00
[2024-04-01T14:13:28.785+0000] {processor.py:179} INFO - Processing /home/airflow/.local/lib/python3.10/site-packages/airflow/example_dags/example_latest_only.py took 0.037 seconds
[2024-04-01T14:13:59.453+0000] {processor.py:157} INFO - Started process (PID=1393) to work on /home/airflow/.local/lib/python3.10/site-packages/airflow/example_dags/example_latest_only.py
[2024-04-01T14:13:59.454+0000] {processor.py:829} INFO - Processing file /home/airflow/.local/lib/python3.10/site-packages/airflow/example_dags/example_latest_only.py for tasks to queue
[2024-04-01T14:13:59.455+0000] {logging_mixin.py:154} INFO - [2024-04-01T14:13:59.454+0000] {dagbag.py:536} INFO - Filling up the DagBag from /home/airflow/.local/lib/python3.10/site-packages/airflow/example_dags/example_latest_only.py
[2024-04-01T14:13:59.458+0000] {processor.py:839} INFO - DAG(s) dict_keys(['latest_only']) retrieved from /home/airflow/.local/lib/python3.10/site-packages/airflow/example_dags/example_latest_only.py
[2024-04-01T14:13:59.469+0000] {logging_mixin.py:154} INFO - [2024-04-01T14:13:59.469+0000] {dag.py:2941} INFO - Sync 1 DAGs
[2024-04-01T14:13:59.480+0000] {logging_mixin.py:154} INFO - [2024-04-01T14:13:59.480+0000] {dag.py:3722} INFO - Setting next_dagrun for latest_only to 2024-04-01T10:13:59.480217+00:00, run_after=2024-04-01T14:13:59.480217+00:00
[2024-04-01T14:13:59.488+0000] {processor.py:179} INFO - Processing /home/airflow/.local/lib/python3.10/site-packages/airflow/example_dags/example_latest_only.py took 0.037 seconds
