[2024-04-01T14:01:12.929+0000] {processor.py:157} INFO - Started process (PID=49) to work on /home/airflow/.local/lib/python3.10/site-packages/airflow/example_dags/example_skip_dag.py
[2024-04-01T14:01:12.929+0000] {processor.py:829} INFO - Processing file /home/airflow/.local/lib/python3.10/site-packages/airflow/example_dags/example_skip_dag.py for tasks to queue
[2024-04-01T14:01:12.930+0000] {logging_mixin.py:154} INFO - [2024-04-01T14:01:12.930+0000] {dagbag.py:536} INFO - Filling up the DagBag from /home/airflow/.local/lib/python3.10/site-packages/airflow/example_dags/example_skip_dag.py
[2024-04-01T14:01:12.936+0000] {processor.py:839} INFO - DAG(s) dict_keys(['example_skip_dag']) retrieved from /home/airflow/.local/lib/python3.10/site-packages/airflow/example_dags/example_skip_dag.py
[2024-04-01T14:01:12.944+0000] {logging_mixin.py:154} INFO - [2024-04-01T14:01:12.944+0000] {dag.py:2941} INFO - Sync 1 DAGs
[2024-04-01T14:01:12.959+0000] {logging_mixin.py:154} INFO - [2024-04-01T14:01:12.959+0000] {dag.py:3722} INFO - Setting next_dagrun for example_skip_dag to 2024-03-31T14:01:12.959593+00:00, run_after=2024-04-01T14:01:12.959593+00:00
[2024-04-01T14:01:12.969+0000] {processor.py:179} INFO - Processing /home/airflow/.local/lib/python3.10/site-packages/airflow/example_dags/example_skip_dag.py took 0.042 seconds
[2024-04-01T14:01:43.511+0000] {processor.py:157} INFO - Started process (PID=103) to work on /home/airflow/.local/lib/python3.10/site-packages/airflow/example_dags/example_skip_dag.py
[2024-04-01T14:01:43.511+0000] {processor.py:829} INFO - Processing file /home/airflow/.local/lib/python3.10/site-packages/airflow/example_dags/example_skip_dag.py for tasks to queue
[2024-04-01T14:01:43.512+0000] {logging_mixin.py:154} INFO - [2024-04-01T14:01:43.512+0000] {dagbag.py:536} INFO - Filling up the DagBag from /home/airflow/.local/lib/python3.10/site-packages/airflow/example_dags/example_skip_dag.py
[2024-04-01T14:01:43.516+0000] {processor.py:839} INFO - DAG(s) dict_keys(['example_skip_dag']) retrieved from /home/airflow/.local/lib/python3.10/site-packages/airflow/example_dags/example_skip_dag.py
[2024-04-01T14:01:43.528+0000] {logging_mixin.py:154} INFO - [2024-04-01T14:01:43.527+0000] {dag.py:2941} INFO - Sync 1 DAGs
[2024-04-01T14:01:43.539+0000] {logging_mixin.py:154} INFO - [2024-04-01T14:01:43.539+0000] {dag.py:3722} INFO - Setting next_dagrun for example_skip_dag to 2024-03-31T14:01:43.539130+00:00, run_after=2024-04-01T14:01:43.539130+00:00
[2024-04-01T14:01:43.547+0000] {processor.py:179} INFO - Processing /home/airflow/.local/lib/python3.10/site-packages/airflow/example_dags/example_skip_dag.py took 0.038 seconds
[2024-04-01T14:02:14.023+0000] {processor.py:157} INFO - Started process (PID=157) to work on /home/airflow/.local/lib/python3.10/site-packages/airflow/example_dags/example_skip_dag.py
[2024-04-01T14:02:14.024+0000] {processor.py:829} INFO - Processing file /home/airflow/.local/lib/python3.10/site-packages/airflow/example_dags/example_skip_dag.py for tasks to queue
[2024-04-01T14:02:14.025+0000] {logging_mixin.py:154} INFO - [2024-04-01T14:02:14.025+0000] {dagbag.py:536} INFO - Filling up the DagBag from /home/airflow/.local/lib/python3.10/site-packages/airflow/example_dags/example_skip_dag.py
[2024-04-01T14:02:14.028+0000] {processor.py:839} INFO - DAG(s) dict_keys(['example_skip_dag']) retrieved from /home/airflow/.local/lib/python3.10/site-packages/airflow/example_dags/example_skip_dag.py
[2024-04-01T14:02:14.040+0000] {logging_mixin.py:154} INFO - [2024-04-01T14:02:14.040+0000] {dag.py:2941} INFO - Sync 1 DAGs
[2024-04-01T14:02:14.051+0000] {logging_mixin.py:154} INFO - [2024-04-01T14:02:14.051+0000] {dag.py:3722} INFO - Setting next_dagrun for example_skip_dag to 2024-03-31T14:02:14.050906+00:00, run_after=2024-04-01T14:02:14.050906+00:00
[2024-04-01T14:02:14.059+0000] {processor.py:179} INFO - Processing /home/airflow/.local/lib/python3.10/site-packages/airflow/example_dags/example_skip_dag.py took 0.038 seconds
[2024-04-01T14:02:44.649+0000] {processor.py:157} INFO - Started process (PID=211) to work on /home/airflow/.local/lib/python3.10/site-packages/airflow/example_dags/example_skip_dag.py
[2024-04-01T14:02:44.650+0000] {processor.py:829} INFO - Processing file /home/airflow/.local/lib/python3.10/site-packages/airflow/example_dags/example_skip_dag.py for tasks to queue
[2024-04-01T14:02:44.651+0000] {logging_mixin.py:154} INFO - [2024-04-01T14:02:44.650+0000] {dagbag.py:536} INFO - Filling up the DagBag from /home/airflow/.local/lib/python3.10/site-packages/airflow/example_dags/example_skip_dag.py
[2024-04-01T14:02:44.654+0000] {processor.py:839} INFO - DAG(s) dict_keys(['example_skip_dag']) retrieved from /home/airflow/.local/lib/python3.10/site-packages/airflow/example_dags/example_skip_dag.py
[2024-04-01T14:02:44.665+0000] {logging_mixin.py:154} INFO - [2024-04-01T14:02:44.665+0000] {dag.py:2941} INFO - Sync 1 DAGs
[2024-04-01T14:02:44.677+0000] {logging_mixin.py:154} INFO - [2024-04-01T14:02:44.676+0000] {dag.py:3722} INFO - Setting next_dagrun for example_skip_dag to 2024-03-31T14:02:44.676801+00:00, run_after=2024-04-01T14:02:44.676801+00:00
[2024-04-01T14:02:44.685+0000] {processor.py:179} INFO - Processing /home/airflow/.local/lib/python3.10/site-packages/airflow/example_dags/example_skip_dag.py took 0.038 seconds
[2024-04-01T14:03:15.246+0000] {processor.py:157} INFO - Started process (PID=265) to work on /home/airflow/.local/lib/python3.10/site-packages/airflow/example_dags/example_skip_dag.py
[2024-04-01T14:03:15.247+0000] {processor.py:829} INFO - Processing file /home/airflow/.local/lib/python3.10/site-packages/airflow/example_dags/example_skip_dag.py for tasks to queue
[2024-04-01T14:03:15.248+0000] {logging_mixin.py:154} INFO - [2024-04-01T14:03:15.248+0000] {dagbag.py:536} INFO - Filling up the DagBag from /home/airflow/.local/lib/python3.10/site-packages/airflow/example_dags/example_skip_dag.py
[2024-04-01T14:03:15.251+0000] {processor.py:839} INFO - DAG(s) dict_keys(['example_skip_dag']) retrieved from /home/airflow/.local/lib/python3.10/site-packages/airflow/example_dags/example_skip_dag.py
[2024-04-01T14:03:15.263+0000] {logging_mixin.py:154} INFO - [2024-04-01T14:03:15.263+0000] {dag.py:2941} INFO - Sync 1 DAGs
[2024-04-01T14:03:15.274+0000] {logging_mixin.py:154} INFO - [2024-04-01T14:03:15.274+0000] {dag.py:3722} INFO - Setting next_dagrun for example_skip_dag to 2024-03-31T14:03:15.274511+00:00, run_after=2024-04-01T14:03:15.274511+00:00
[2024-04-01T14:03:15.283+0000] {processor.py:179} INFO - Processing /home/airflow/.local/lib/python3.10/site-packages/airflow/example_dags/example_skip_dag.py took 0.039 seconds
[2024-04-01T14:03:45.944+0000] {processor.py:157} INFO - Started process (PID=319) to work on /home/airflow/.local/lib/python3.10/site-packages/airflow/example_dags/example_skip_dag.py
[2024-04-01T14:03:45.944+0000] {processor.py:829} INFO - Processing file /home/airflow/.local/lib/python3.10/site-packages/airflow/example_dags/example_skip_dag.py for tasks to queue
[2024-04-01T14:03:45.946+0000] {logging_mixin.py:154} INFO - [2024-04-01T14:03:45.945+0000] {dagbag.py:536} INFO - Filling up the DagBag from /home/airflow/.local/lib/python3.10/site-packages/airflow/example_dags/example_skip_dag.py
[2024-04-01T14:03:45.949+0000] {processor.py:839} INFO - DAG(s) dict_keys(['example_skip_dag']) retrieved from /home/airflow/.local/lib/python3.10/site-packages/airflow/example_dags/example_skip_dag.py
[2024-04-01T14:03:45.962+0000] {logging_mixin.py:154} INFO - [2024-04-01T14:03:45.962+0000] {dag.py:2941} INFO - Sync 1 DAGs
[2024-04-01T14:03:45.973+0000] {logging_mixin.py:154} INFO - [2024-04-01T14:03:45.973+0000] {dag.py:3722} INFO - Setting next_dagrun for example_skip_dag to 2024-03-31T14:03:45.973423+00:00, run_after=2024-04-01T14:03:45.973423+00:00
[2024-04-01T14:03:45.982+0000] {processor.py:179} INFO - Processing /home/airflow/.local/lib/python3.10/site-packages/airflow/example_dags/example_skip_dag.py took 0.040 seconds
[2024-04-01T14:04:16.701+0000] {processor.py:157} INFO - Started process (PID=373) to work on /home/airflow/.local/lib/python3.10/site-packages/airflow/example_dags/example_skip_dag.py
[2024-04-01T14:04:16.702+0000] {processor.py:829} INFO - Processing file /home/airflow/.local/lib/python3.10/site-packages/airflow/example_dags/example_skip_dag.py for tasks to queue
[2024-04-01T14:04:16.703+0000] {logging_mixin.py:154} INFO - [2024-04-01T14:04:16.703+0000] {dagbag.py:536} INFO - Filling up the DagBag from /home/airflow/.local/lib/python3.10/site-packages/airflow/example_dags/example_skip_dag.py
[2024-04-01T14:04:16.707+0000] {processor.py:839} INFO - DAG(s) dict_keys(['example_skip_dag']) retrieved from /home/airflow/.local/lib/python3.10/site-packages/airflow/example_dags/example_skip_dag.py
[2024-04-01T14:04:16.720+0000] {logging_mixin.py:154} INFO - [2024-04-01T14:04:16.720+0000] {dag.py:2941} INFO - Sync 1 DAGs
[2024-04-01T14:04:16.731+0000] {logging_mixin.py:154} INFO - [2024-04-01T14:04:16.731+0000] {dag.py:3722} INFO - Setting next_dagrun for example_skip_dag to 2024-03-31T14:04:16.731412+00:00, run_after=2024-04-01T14:04:16.731412+00:00
[2024-04-01T14:04:16.740+0000] {processor.py:179} INFO - Processing /home/airflow/.local/lib/python3.10/site-packages/airflow/example_dags/example_skip_dag.py took 0.041 seconds
[2024-04-01T14:04:47.471+0000] {processor.py:157} INFO - Started process (PID=427) to work on /home/airflow/.local/lib/python3.10/site-packages/airflow/example_dags/example_skip_dag.py
[2024-04-01T14:04:47.472+0000] {processor.py:829} INFO - Processing file /home/airflow/.local/lib/python3.10/site-packages/airflow/example_dags/example_skip_dag.py for tasks to queue
[2024-04-01T14:04:47.473+0000] {logging_mixin.py:154} INFO - [2024-04-01T14:04:47.473+0000] {dagbag.py:536} INFO - Filling up the DagBag from /home/airflow/.local/lib/python3.10/site-packages/airflow/example_dags/example_skip_dag.py
[2024-04-01T14:04:47.477+0000] {processor.py:839} INFO - DAG(s) dict_keys(['example_skip_dag']) retrieved from /home/airflow/.local/lib/python3.10/site-packages/airflow/example_dags/example_skip_dag.py
[2024-04-01T14:04:47.489+0000] {logging_mixin.py:154} INFO - [2024-04-01T14:04:47.489+0000] {dag.py:2941} INFO - Sync 1 DAGs
[2024-04-01T14:04:47.501+0000] {logging_mixin.py:154} INFO - [2024-04-01T14:04:47.501+0000] {dag.py:3722} INFO - Setting next_dagrun for example_skip_dag to 2024-03-31T14:04:47.501075+00:00, run_after=2024-04-01T14:04:47.501075+00:00
[2024-04-01T14:04:47.509+0000] {processor.py:179} INFO - Processing /home/airflow/.local/lib/python3.10/site-packages/airflow/example_dags/example_skip_dag.py took 0.040 seconds
[2024-04-01T14:05:18.071+0000] {processor.py:157} INFO - Started process (PID=481) to work on /home/airflow/.local/lib/python3.10/site-packages/airflow/example_dags/example_skip_dag.py
[2024-04-01T14:05:18.071+0000] {processor.py:829} INFO - Processing file /home/airflow/.local/lib/python3.10/site-packages/airflow/example_dags/example_skip_dag.py for tasks to queue
[2024-04-01T14:05:18.072+0000] {logging_mixin.py:154} INFO - [2024-04-01T14:05:18.072+0000] {dagbag.py:536} INFO - Filling up the DagBag from /home/airflow/.local/lib/python3.10/site-packages/airflow/example_dags/example_skip_dag.py
[2024-04-01T14:05:18.076+0000] {processor.py:839} INFO - DAG(s) dict_keys(['example_skip_dag']) retrieved from /home/airflow/.local/lib/python3.10/site-packages/airflow/example_dags/example_skip_dag.py
[2024-04-01T14:05:18.088+0000] {logging_mixin.py:154} INFO - [2024-04-01T14:05:18.088+0000] {dag.py:2941} INFO - Sync 1 DAGs
[2024-04-01T14:05:18.099+0000] {logging_mixin.py:154} INFO - [2024-04-01T14:05:18.099+0000] {dag.py:3722} INFO - Setting next_dagrun for example_skip_dag to 2024-03-31T14:05:18.099538+00:00, run_after=2024-04-01T14:05:18.099538+00:00
[2024-04-01T14:05:18.108+0000] {processor.py:179} INFO - Processing /home/airflow/.local/lib/python3.10/site-packages/airflow/example_dags/example_skip_dag.py took 0.039 seconds
[2024-04-01T14:05:48.686+0000] {processor.py:157} INFO - Started process (PID=535) to work on /home/airflow/.local/lib/python3.10/site-packages/airflow/example_dags/example_skip_dag.py
[2024-04-01T14:05:48.686+0000] {processor.py:829} INFO - Processing file /home/airflow/.local/lib/python3.10/site-packages/airflow/example_dags/example_skip_dag.py for tasks to queue
[2024-04-01T14:05:48.688+0000] {logging_mixin.py:154} INFO - [2024-04-01T14:05:48.687+0000] {dagbag.py:536} INFO - Filling up the DagBag from /home/airflow/.local/lib/python3.10/site-packages/airflow/example_dags/example_skip_dag.py
[2024-04-01T14:05:48.691+0000] {processor.py:839} INFO - DAG(s) dict_keys(['example_skip_dag']) retrieved from /home/airflow/.local/lib/python3.10/site-packages/airflow/example_dags/example_skip_dag.py
[2024-04-01T14:05:48.704+0000] {logging_mixin.py:154} INFO - [2024-04-01T14:05:48.703+0000] {dag.py:2941} INFO - Sync 1 DAGs
[2024-04-01T14:05:48.715+0000] {logging_mixin.py:154} INFO - [2024-04-01T14:05:48.715+0000] {dag.py:3722} INFO - Setting next_dagrun for example_skip_dag to 2024-03-31T14:05:48.715134+00:00, run_after=2024-04-01T14:05:48.715134+00:00
[2024-04-01T14:05:48.723+0000] {processor.py:179} INFO - Processing /home/airflow/.local/lib/python3.10/site-packages/airflow/example_dags/example_skip_dag.py took 0.039 seconds
[2024-04-01T14:06:19.415+0000] {processor.py:157} INFO - Started process (PID=589) to work on /home/airflow/.local/lib/python3.10/site-packages/airflow/example_dags/example_skip_dag.py
[2024-04-01T14:06:19.416+0000] {processor.py:829} INFO - Processing file /home/airflow/.local/lib/python3.10/site-packages/airflow/example_dags/example_skip_dag.py for tasks to queue
[2024-04-01T14:06:19.417+0000] {logging_mixin.py:154} INFO - [2024-04-01T14:06:19.417+0000] {dagbag.py:536} INFO - Filling up the DagBag from /home/airflow/.local/lib/python3.10/site-packages/airflow/example_dags/example_skip_dag.py
[2024-04-01T14:06:19.420+0000] {processor.py:839} INFO - DAG(s) dict_keys(['example_skip_dag']) retrieved from /home/airflow/.local/lib/python3.10/site-packages/airflow/example_dags/example_skip_dag.py
[2024-04-01T14:06:19.432+0000] {logging_mixin.py:154} INFO - [2024-04-01T14:06:19.432+0000] {dag.py:2941} INFO - Sync 1 DAGs
[2024-04-01T14:06:19.443+0000] {logging_mixin.py:154} INFO - [2024-04-01T14:06:19.443+0000] {dag.py:3722} INFO - Setting next_dagrun for example_skip_dag to 2024-03-31T14:06:19.443267+00:00, run_after=2024-04-01T14:06:19.443267+00:00
[2024-04-01T14:06:19.451+0000] {processor.py:179} INFO - Processing /home/airflow/.local/lib/python3.10/site-packages/airflow/example_dags/example_skip_dag.py took 0.038 seconds
[2024-04-01T14:06:50.037+0000] {processor.py:157} INFO - Started process (PID=643) to work on /home/airflow/.local/lib/python3.10/site-packages/airflow/example_dags/example_skip_dag.py
[2024-04-01T14:06:50.037+0000] {processor.py:829} INFO - Processing file /home/airflow/.local/lib/python3.10/site-packages/airflow/example_dags/example_skip_dag.py for tasks to queue
[2024-04-01T14:06:50.039+0000] {logging_mixin.py:154} INFO - [2024-04-01T14:06:50.038+0000] {dagbag.py:536} INFO - Filling up the DagBag from /home/airflow/.local/lib/python3.10/site-packages/airflow/example_dags/example_skip_dag.py
[2024-04-01T14:06:50.043+0000] {processor.py:839} INFO - DAG(s) dict_keys(['example_skip_dag']) retrieved from /home/airflow/.local/lib/python3.10/site-packages/airflow/example_dags/example_skip_dag.py
[2024-04-01T14:06:50.055+0000] {logging_mixin.py:154} INFO - [2024-04-01T14:06:50.055+0000] {dag.py:2941} INFO - Sync 1 DAGs
[2024-04-01T14:06:50.067+0000] {logging_mixin.py:154} INFO - [2024-04-01T14:06:50.067+0000] {dag.py:3722} INFO - Setting next_dagrun for example_skip_dag to 2024-03-31T14:06:50.066869+00:00, run_after=2024-04-01T14:06:50.066869+00:00
[2024-04-01T14:06:50.075+0000] {processor.py:179} INFO - Processing /home/airflow/.local/lib/python3.10/site-packages/airflow/example_dags/example_skip_dag.py took 0.040 seconds
[2024-04-01T14:07:20.789+0000] {processor.py:157} INFO - Started process (PID=697) to work on /home/airflow/.local/lib/python3.10/site-packages/airflow/example_dags/example_skip_dag.py
[2024-04-01T14:07:20.790+0000] {processor.py:829} INFO - Processing file /home/airflow/.local/lib/python3.10/site-packages/airflow/example_dags/example_skip_dag.py for tasks to queue
[2024-04-01T14:07:20.791+0000] {logging_mixin.py:154} INFO - [2024-04-01T14:07:20.791+0000] {dagbag.py:536} INFO - Filling up the DagBag from /home/airflow/.local/lib/python3.10/site-packages/airflow/example_dags/example_skip_dag.py
[2024-04-01T14:07:20.795+0000] {processor.py:839} INFO - DAG(s) dict_keys(['example_skip_dag']) retrieved from /home/airflow/.local/lib/python3.10/site-packages/airflow/example_dags/example_skip_dag.py
[2024-04-01T14:07:20.807+0000] {logging_mixin.py:154} INFO - [2024-04-01T14:07:20.807+0000] {dag.py:2941} INFO - Sync 1 DAGs
[2024-04-01T14:07:20.818+0000] {logging_mixin.py:154} INFO - [2024-04-01T14:07:20.818+0000] {dag.py:3722} INFO - Setting next_dagrun for example_skip_dag to 2024-03-31T14:07:20.818028+00:00, run_after=2024-04-01T14:07:20.818028+00:00
[2024-04-01T14:07:20.826+0000] {processor.py:179} INFO - Processing /home/airflow/.local/lib/python3.10/site-packages/airflow/example_dags/example_skip_dag.py took 0.039 seconds
[2024-04-01T14:07:51.426+0000] {processor.py:157} INFO - Started process (PID=751) to work on /home/airflow/.local/lib/python3.10/site-packages/airflow/example_dags/example_skip_dag.py
[2024-04-01T14:07:51.427+0000] {processor.py:829} INFO - Processing file /home/airflow/.local/lib/python3.10/site-packages/airflow/example_dags/example_skip_dag.py for tasks to queue
[2024-04-01T14:07:51.428+0000] {logging_mixin.py:154} INFO - [2024-04-01T14:07:51.428+0000] {dagbag.py:536} INFO - Filling up the DagBag from /home/airflow/.local/lib/python3.10/site-packages/airflow/example_dags/example_skip_dag.py
[2024-04-01T14:07:51.432+0000] {processor.py:839} INFO - DAG(s) dict_keys(['example_skip_dag']) retrieved from /home/airflow/.local/lib/python3.10/site-packages/airflow/example_dags/example_skip_dag.py
[2024-04-01T14:07:51.443+0000] {logging_mixin.py:154} INFO - [2024-04-01T14:07:51.443+0000] {dag.py:2941} INFO - Sync 1 DAGs
[2024-04-01T14:07:51.455+0000] {logging_mixin.py:154} INFO - [2024-04-01T14:07:51.454+0000] {dag.py:3722} INFO - Setting next_dagrun for example_skip_dag to 2024-03-31T14:07:51.454807+00:00, run_after=2024-04-01T14:07:51.454807+00:00
[2024-04-01T14:07:51.464+0000] {processor.py:179} INFO - Processing /home/airflow/.local/lib/python3.10/site-packages/airflow/example_dags/example_skip_dag.py took 0.039 seconds
[2024-04-01T14:08:22.039+0000] {processor.py:157} INFO - Started process (PID=805) to work on /home/airflow/.local/lib/python3.10/site-packages/airflow/example_dags/example_skip_dag.py
[2024-04-01T14:08:22.040+0000] {processor.py:829} INFO - Processing file /home/airflow/.local/lib/python3.10/site-packages/airflow/example_dags/example_skip_dag.py for tasks to queue
[2024-04-01T14:08:22.041+0000] {logging_mixin.py:154} INFO - [2024-04-01T14:08:22.041+0000] {dagbag.py:536} INFO - Filling up the DagBag from /home/airflow/.local/lib/python3.10/site-packages/airflow/example_dags/example_skip_dag.py
[2024-04-01T14:08:22.045+0000] {processor.py:839} INFO - DAG(s) dict_keys(['example_skip_dag']) retrieved from /home/airflow/.local/lib/python3.10/site-packages/airflow/example_dags/example_skip_dag.py
[2024-04-01T14:08:22.058+0000] {logging_mixin.py:154} INFO - [2024-04-01T14:08:22.057+0000] {dag.py:2941} INFO - Sync 1 DAGs
[2024-04-01T14:08:22.070+0000] {logging_mixin.py:154} INFO - [2024-04-01T14:08:22.070+0000] {dag.py:3722} INFO - Setting next_dagrun for example_skip_dag to 2024-03-31T14:08:22.070692+00:00, run_after=2024-04-01T14:08:22.070692+00:00
[2024-04-01T14:08:22.080+0000] {processor.py:179} INFO - Processing /home/airflow/.local/lib/python3.10/site-packages/airflow/example_dags/example_skip_dag.py took 0.042 seconds
[2024-04-01T14:08:52.635+0000] {processor.py:157} INFO - Started process (PID=859) to work on /home/airflow/.local/lib/python3.10/site-packages/airflow/example_dags/example_skip_dag.py
[2024-04-01T14:08:52.635+0000] {processor.py:829} INFO - Processing file /home/airflow/.local/lib/python3.10/site-packages/airflow/example_dags/example_skip_dag.py for tasks to queue
[2024-04-01T14:08:52.636+0000] {logging_mixin.py:154} INFO - [2024-04-01T14:08:52.636+0000] {dagbag.py:536} INFO - Filling up the DagBag from /home/airflow/.local/lib/python3.10/site-packages/airflow/example_dags/example_skip_dag.py
[2024-04-01T14:08:52.640+0000] {processor.py:839} INFO - DAG(s) dict_keys(['example_skip_dag']) retrieved from /home/airflow/.local/lib/python3.10/site-packages/airflow/example_dags/example_skip_dag.py
[2024-04-01T14:08:52.652+0000] {logging_mixin.py:154} INFO - [2024-04-01T14:08:52.652+0000] {dag.py:2941} INFO - Sync 1 DAGs
[2024-04-01T14:08:52.664+0000] {logging_mixin.py:154} INFO - [2024-04-01T14:08:52.664+0000] {dag.py:3722} INFO - Setting next_dagrun for example_skip_dag to 2024-03-31T14:08:52.664102+00:00, run_after=2024-04-01T14:08:52.664102+00:00
[2024-04-01T14:08:52.672+0000] {processor.py:179} INFO - Processing /home/airflow/.local/lib/python3.10/site-packages/airflow/example_dags/example_skip_dag.py took 0.040 seconds
[2024-04-01T14:09:23.428+0000] {processor.py:157} INFO - Started process (PID=913) to work on /home/airflow/.local/lib/python3.10/site-packages/airflow/example_dags/example_skip_dag.py
[2024-04-01T14:09:23.428+0000] {processor.py:829} INFO - Processing file /home/airflow/.local/lib/python3.10/site-packages/airflow/example_dags/example_skip_dag.py for tasks to queue
[2024-04-01T14:09:23.429+0000] {logging_mixin.py:154} INFO - [2024-04-01T14:09:23.429+0000] {dagbag.py:536} INFO - Filling up the DagBag from /home/airflow/.local/lib/python3.10/site-packages/airflow/example_dags/example_skip_dag.py
[2024-04-01T14:09:23.434+0000] {processor.py:839} INFO - DAG(s) dict_keys(['example_skip_dag']) retrieved from /home/airflow/.local/lib/python3.10/site-packages/airflow/example_dags/example_skip_dag.py
[2024-04-01T14:09:23.446+0000] {logging_mixin.py:154} INFO - [2024-04-01T14:09:23.445+0000] {dag.py:2941} INFO - Sync 1 DAGs
[2024-04-01T14:09:23.457+0000] {logging_mixin.py:154} INFO - [2024-04-01T14:09:23.457+0000] {dag.py:3722} INFO - Setting next_dagrun for example_skip_dag to 2024-03-31T14:09:23.457655+00:00, run_after=2024-04-01T14:09:23.457655+00:00
[2024-04-01T14:09:23.466+0000] {processor.py:179} INFO - Processing /home/airflow/.local/lib/python3.10/site-packages/airflow/example_dags/example_skip_dag.py took 0.040 seconds
[2024-04-01T14:09:54.114+0000] {processor.py:157} INFO - Started process (PID=967) to work on /home/airflow/.local/lib/python3.10/site-packages/airflow/example_dags/example_skip_dag.py
[2024-04-01T14:09:54.115+0000] {processor.py:829} INFO - Processing file /home/airflow/.local/lib/python3.10/site-packages/airflow/example_dags/example_skip_dag.py for tasks to queue
[2024-04-01T14:09:54.116+0000] {logging_mixin.py:154} INFO - [2024-04-01T14:09:54.116+0000] {dagbag.py:536} INFO - Filling up the DagBag from /home/airflow/.local/lib/python3.10/site-packages/airflow/example_dags/example_skip_dag.py
[2024-04-01T14:09:54.120+0000] {processor.py:839} INFO - DAG(s) dict_keys(['example_skip_dag']) retrieved from /home/airflow/.local/lib/python3.10/site-packages/airflow/example_dags/example_skip_dag.py
[2024-04-01T14:09:54.132+0000] {logging_mixin.py:154} INFO - [2024-04-01T14:09:54.132+0000] {dag.py:2941} INFO - Sync 1 DAGs
[2024-04-01T14:09:54.143+0000] {logging_mixin.py:154} INFO - [2024-04-01T14:09:54.143+0000] {dag.py:3722} INFO - Setting next_dagrun for example_skip_dag to 2024-03-31T14:09:54.143458+00:00, run_after=2024-04-01T14:09:54.143458+00:00
[2024-04-01T14:09:54.152+0000] {processor.py:179} INFO - Processing /home/airflow/.local/lib/python3.10/site-packages/airflow/example_dags/example_skip_dag.py took 0.039 seconds
[2024-04-01T14:10:24.776+0000] {processor.py:157} INFO - Started process (PID=1021) to work on /home/airflow/.local/lib/python3.10/site-packages/airflow/example_dags/example_skip_dag.py
[2024-04-01T14:10:24.776+0000] {processor.py:829} INFO - Processing file /home/airflow/.local/lib/python3.10/site-packages/airflow/example_dags/example_skip_dag.py for tasks to queue
[2024-04-01T14:10:24.777+0000] {logging_mixin.py:154} INFO - [2024-04-01T14:10:24.777+0000] {dagbag.py:536} INFO - Filling up the DagBag from /home/airflow/.local/lib/python3.10/site-packages/airflow/example_dags/example_skip_dag.py
[2024-04-01T14:10:24.781+0000] {processor.py:839} INFO - DAG(s) dict_keys(['example_skip_dag']) retrieved from /home/airflow/.local/lib/python3.10/site-packages/airflow/example_dags/example_skip_dag.py
[2024-04-01T14:10:24.793+0000] {logging_mixin.py:154} INFO - [2024-04-01T14:10:24.792+0000] {dag.py:2941} INFO - Sync 1 DAGs
[2024-04-01T14:10:24.804+0000] {logging_mixin.py:154} INFO - [2024-04-01T14:10:24.804+0000] {dag.py:3722} INFO - Setting next_dagrun for example_skip_dag to 2024-03-31T14:10:24.804095+00:00, run_after=2024-04-01T14:10:24.804095+00:00
[2024-04-01T14:10:24.812+0000] {processor.py:179} INFO - Processing /home/airflow/.local/lib/python3.10/site-packages/airflow/example_dags/example_skip_dag.py took 0.039 seconds
[2024-04-01T14:10:55.400+0000] {processor.py:157} INFO - Started process (PID=1075) to work on /home/airflow/.local/lib/python3.10/site-packages/airflow/example_dags/example_skip_dag.py
[2024-04-01T14:10:55.400+0000] {processor.py:829} INFO - Processing file /home/airflow/.local/lib/python3.10/site-packages/airflow/example_dags/example_skip_dag.py for tasks to queue
[2024-04-01T14:10:55.401+0000] {logging_mixin.py:154} INFO - [2024-04-01T14:10:55.401+0000] {dagbag.py:536} INFO - Filling up the DagBag from /home/airflow/.local/lib/python3.10/site-packages/airflow/example_dags/example_skip_dag.py
[2024-04-01T14:10:55.405+0000] {processor.py:839} INFO - DAG(s) dict_keys(['example_skip_dag']) retrieved from /home/airflow/.local/lib/python3.10/site-packages/airflow/example_dags/example_skip_dag.py
[2024-04-01T14:10:55.417+0000] {logging_mixin.py:154} INFO - [2024-04-01T14:10:55.417+0000] {dag.py:2941} INFO - Sync 1 DAGs
[2024-04-01T14:10:55.428+0000] {logging_mixin.py:154} INFO - [2024-04-01T14:10:55.428+0000] {dag.py:3722} INFO - Setting next_dagrun for example_skip_dag to 2024-03-31T14:10:55.428008+00:00, run_after=2024-04-01T14:10:55.428008+00:00
[2024-04-01T14:10:55.436+0000] {processor.py:179} INFO - Processing /home/airflow/.local/lib/python3.10/site-packages/airflow/example_dags/example_skip_dag.py took 0.039 seconds
[2024-04-01T14:11:26.105+0000] {processor.py:157} INFO - Started process (PID=1129) to work on /home/airflow/.local/lib/python3.10/site-packages/airflow/example_dags/example_skip_dag.py
[2024-04-01T14:11:26.106+0000] {processor.py:829} INFO - Processing file /home/airflow/.local/lib/python3.10/site-packages/airflow/example_dags/example_skip_dag.py for tasks to queue
[2024-04-01T14:11:26.107+0000] {logging_mixin.py:154} INFO - [2024-04-01T14:11:26.107+0000] {dagbag.py:536} INFO - Filling up the DagBag from /home/airflow/.local/lib/python3.10/site-packages/airflow/example_dags/example_skip_dag.py
[2024-04-01T14:11:26.111+0000] {processor.py:839} INFO - DAG(s) dict_keys(['example_skip_dag']) retrieved from /home/airflow/.local/lib/python3.10/site-packages/airflow/example_dags/example_skip_dag.py
[2024-04-01T14:11:26.123+0000] {logging_mixin.py:154} INFO - [2024-04-01T14:11:26.123+0000] {dag.py:2941} INFO - Sync 1 DAGs
[2024-04-01T14:11:26.135+0000] {logging_mixin.py:154} INFO - [2024-04-01T14:11:26.135+0000] {dag.py:3722} INFO - Setting next_dagrun for example_skip_dag to 2024-03-31T14:11:26.135189+00:00, run_after=2024-04-01T14:11:26.135189+00:00
[2024-04-01T14:11:26.143+0000] {processor.py:179} INFO - Processing /home/airflow/.local/lib/python3.10/site-packages/airflow/example_dags/example_skip_dag.py took 0.040 seconds
[2024-04-01T14:11:56.795+0000] {processor.py:157} INFO - Started process (PID=1183) to work on /home/airflow/.local/lib/python3.10/site-packages/airflow/example_dags/example_skip_dag.py
[2024-04-01T14:11:56.796+0000] {processor.py:829} INFO - Processing file /home/airflow/.local/lib/python3.10/site-packages/airflow/example_dags/example_skip_dag.py for tasks to queue
[2024-04-01T14:11:56.797+0000] {logging_mixin.py:154} INFO - [2024-04-01T14:11:56.797+0000] {dagbag.py:536} INFO - Filling up the DagBag from /home/airflow/.local/lib/python3.10/site-packages/airflow/example_dags/example_skip_dag.py
[2024-04-01T14:11:56.801+0000] {processor.py:839} INFO - DAG(s) dict_keys(['example_skip_dag']) retrieved from /home/airflow/.local/lib/python3.10/site-packages/airflow/example_dags/example_skip_dag.py
[2024-04-01T14:11:56.812+0000] {logging_mixin.py:154} INFO - [2024-04-01T14:11:56.812+0000] {dag.py:2941} INFO - Sync 1 DAGs
[2024-04-01T14:11:56.823+0000] {logging_mixin.py:154} INFO - [2024-04-01T14:11:56.823+0000] {dag.py:3722} INFO - Setting next_dagrun for example_skip_dag to 2024-03-31T14:11:56.823499+00:00, run_after=2024-04-01T14:11:56.823499+00:00
[2024-04-01T14:11:56.832+0000] {processor.py:179} INFO - Processing /home/airflow/.local/lib/python3.10/site-packages/airflow/example_dags/example_skip_dag.py took 0.039 seconds
[2024-04-01T14:12:27.545+0000] {processor.py:157} INFO - Started process (PID=1237) to work on /home/airflow/.local/lib/python3.10/site-packages/airflow/example_dags/example_skip_dag.py
[2024-04-01T14:12:27.546+0000] {processor.py:829} INFO - Processing file /home/airflow/.local/lib/python3.10/site-packages/airflow/example_dags/example_skip_dag.py for tasks to queue
[2024-04-01T14:12:27.547+0000] {logging_mixin.py:154} INFO - [2024-04-01T14:12:27.547+0000] {dagbag.py:536} INFO - Filling up the DagBag from /home/airflow/.local/lib/python3.10/site-packages/airflow/example_dags/example_skip_dag.py
[2024-04-01T14:12:27.551+0000] {processor.py:839} INFO - DAG(s) dict_keys(['example_skip_dag']) retrieved from /home/airflow/.local/lib/python3.10/site-packages/airflow/example_dags/example_skip_dag.py
[2024-04-01T14:12:27.562+0000] {logging_mixin.py:154} INFO - [2024-04-01T14:12:27.562+0000] {dag.py:2941} INFO - Sync 1 DAGs
[2024-04-01T14:12:27.573+0000] {logging_mixin.py:154} INFO - [2024-04-01T14:12:27.573+0000] {dag.py:3722} INFO - Setting next_dagrun for example_skip_dag to 2024-03-31T14:12:27.573567+00:00, run_after=2024-04-01T14:12:27.573567+00:00
[2024-04-01T14:12:27.582+0000] {processor.py:179} INFO - Processing /home/airflow/.local/lib/python3.10/site-packages/airflow/example_dags/example_skip_dag.py took 0.039 seconds
[2024-04-01T14:12:58.229+0000] {processor.py:157} INFO - Started process (PID=1291) to work on /home/airflow/.local/lib/python3.10/site-packages/airflow/example_dags/example_skip_dag.py
[2024-04-01T14:12:58.230+0000] {processor.py:829} INFO - Processing file /home/airflow/.local/lib/python3.10/site-packages/airflow/example_dags/example_skip_dag.py for tasks to queue
[2024-04-01T14:12:58.231+0000] {logging_mixin.py:154} INFO - [2024-04-01T14:12:58.231+0000] {dagbag.py:536} INFO - Filling up the DagBag from /home/airflow/.local/lib/python3.10/site-packages/airflow/example_dags/example_skip_dag.py
[2024-04-01T14:12:58.234+0000] {processor.py:839} INFO - DAG(s) dict_keys(['example_skip_dag']) retrieved from /home/airflow/.local/lib/python3.10/site-packages/airflow/example_dags/example_skip_dag.py
[2024-04-01T14:12:58.247+0000] {logging_mixin.py:154} INFO - [2024-04-01T14:12:58.247+0000] {dag.py:2941} INFO - Sync 1 DAGs
[2024-04-01T14:12:58.258+0000] {logging_mixin.py:154} INFO - [2024-04-01T14:12:58.258+0000] {dag.py:3722} INFO - Setting next_dagrun for example_skip_dag to 2024-03-31T14:12:58.258202+00:00, run_after=2024-04-01T14:12:58.258202+00:00
[2024-04-01T14:12:58.267+0000] {processor.py:179} INFO - Processing /home/airflow/.local/lib/python3.10/site-packages/airflow/example_dags/example_skip_dag.py took 0.040 seconds
[2024-04-01T14:13:28.985+0000] {processor.py:157} INFO - Started process (PID=1345) to work on /home/airflow/.local/lib/python3.10/site-packages/airflow/example_dags/example_skip_dag.py
[2024-04-01T14:13:28.986+0000] {processor.py:829} INFO - Processing file /home/airflow/.local/lib/python3.10/site-packages/airflow/example_dags/example_skip_dag.py for tasks to queue
[2024-04-01T14:13:28.987+0000] {logging_mixin.py:154} INFO - [2024-04-01T14:13:28.987+0000] {dagbag.py:536} INFO - Filling up the DagBag from /home/airflow/.local/lib/python3.10/site-packages/airflow/example_dags/example_skip_dag.py
[2024-04-01T14:13:28.991+0000] {processor.py:839} INFO - DAG(s) dict_keys(['example_skip_dag']) retrieved from /home/airflow/.local/lib/python3.10/site-packages/airflow/example_dags/example_skip_dag.py
[2024-04-01T14:13:29.003+0000] {logging_mixin.py:154} INFO - [2024-04-01T14:13:29.003+0000] {dag.py:2941} INFO - Sync 1 DAGs
[2024-04-01T14:13:29.014+0000] {logging_mixin.py:154} INFO - [2024-04-01T14:13:29.014+0000] {dag.py:3722} INFO - Setting next_dagrun for example_skip_dag to 2024-03-31T14:13:29.014312+00:00, run_after=2024-04-01T14:13:29.014312+00:00
[2024-04-01T14:13:29.023+0000] {processor.py:179} INFO - Processing /home/airflow/.local/lib/python3.10/site-packages/airflow/example_dags/example_skip_dag.py took 0.040 seconds
[2024-04-01T14:13:59.689+0000] {processor.py:157} INFO - Started process (PID=1399) to work on /home/airflow/.local/lib/python3.10/site-packages/airflow/example_dags/example_skip_dag.py
[2024-04-01T14:13:59.689+0000] {processor.py:829} INFO - Processing file /home/airflow/.local/lib/python3.10/site-packages/airflow/example_dags/example_skip_dag.py for tasks to queue
[2024-04-01T14:13:59.690+0000] {logging_mixin.py:154} INFO - [2024-04-01T14:13:59.690+0000] {dagbag.py:536} INFO - Filling up the DagBag from /home/airflow/.local/lib/python3.10/site-packages/airflow/example_dags/example_skip_dag.py
[2024-04-01T14:13:59.694+0000] {processor.py:839} INFO - DAG(s) dict_keys(['example_skip_dag']) retrieved from /home/airflow/.local/lib/python3.10/site-packages/airflow/example_dags/example_skip_dag.py
[2024-04-01T14:13:59.706+0000] {logging_mixin.py:154} INFO - [2024-04-01T14:13:59.706+0000] {dag.py:2941} INFO - Sync 1 DAGs
[2024-04-01T14:13:59.717+0000] {logging_mixin.py:154} INFO - [2024-04-01T14:13:59.717+0000] {dag.py:3722} INFO - Setting next_dagrun for example_skip_dag to 2024-03-31T14:13:59.717068+00:00, run_after=2024-04-01T14:13:59.717068+00:00
[2024-04-01T14:13:59.725+0000] {processor.py:179} INFO - Processing /home/airflow/.local/lib/python3.10/site-packages/airflow/example_dags/example_skip_dag.py took 0.038 seconds
