[2024-04-01T14:01:13.865+0000] {processor.py:157} INFO - Started process (PID=78) to work on /home/airflow/.local/lib/python3.10/site-packages/airflow/example_dags/example_xcom.py
[2024-04-01T14:01:13.865+0000] {processor.py:829} INFO - Processing file /home/airflow/.local/lib/python3.10/site-packages/airflow/example_dags/example_xcom.py for tasks to queue
[2024-04-01T14:01:13.866+0000] {logging_mixin.py:154} INFO - [2024-04-01T14:01:13.866+0000] {dagbag.py:536} INFO - Filling up the DagBag from /home/airflow/.local/lib/python3.10/site-packages/airflow/example_dags/example_xcom.py
[2024-04-01T14:01:13.871+0000] {processor.py:839} INFO - DAG(s) dict_keys(['example_xcom']) retrieved from /home/airflow/.local/lib/python3.10/site-packages/airflow/example_dags/example_xcom.py
[2024-04-01T14:01:13.879+0000] {logging_mixin.py:154} INFO - [2024-04-01T14:01:13.879+0000] {dag.py:2941} INFO - Sync 1 DAGs
[2024-04-01T14:01:13.891+0000] {logging_mixin.py:154} INFO - [2024-04-01T14:01:13.891+0000] {dag.py:3722} INFO - Setting next_dagrun for example_xcom to 2021-01-01T00:00:00+00:00, run_after=2021-01-01T00:00:00+00:00
[2024-04-01T14:01:13.900+0000] {processor.py:179} INFO - Processing /home/airflow/.local/lib/python3.10/site-packages/airflow/example_dags/example_xcom.py took 0.037 seconds
[2024-04-01T14:01:44.409+0000] {processor.py:157} INFO - Started process (PID=132) to work on /home/airflow/.local/lib/python3.10/site-packages/airflow/example_dags/example_xcom.py
[2024-04-01T14:01:44.410+0000] {processor.py:829} INFO - Processing file /home/airflow/.local/lib/python3.10/site-packages/airflow/example_dags/example_xcom.py for tasks to queue
[2024-04-01T14:01:44.411+0000] {logging_mixin.py:154} INFO - [2024-04-01T14:01:44.411+0000] {dagbag.py:536} INFO - Filling up the DagBag from /home/airflow/.local/lib/python3.10/site-packages/airflow/example_dags/example_xcom.py
[2024-04-01T14:01:44.415+0000] {processor.py:839} INFO - DAG(s) dict_keys(['example_xcom']) retrieved from /home/airflow/.local/lib/python3.10/site-packages/airflow/example_dags/example_xcom.py
[2024-04-01T14:01:44.427+0000] {logging_mixin.py:154} INFO - [2024-04-01T14:01:44.427+0000] {dag.py:2941} INFO - Sync 1 DAGs
[2024-04-01T14:01:44.438+0000] {logging_mixin.py:154} INFO - [2024-04-01T14:01:44.438+0000] {dag.py:3722} INFO - Setting next_dagrun for example_xcom to 2021-01-01T00:00:00+00:00, run_after=2021-01-01T00:00:00+00:00
[2024-04-01T14:01:44.446+0000] {processor.py:179} INFO - Processing /home/airflow/.local/lib/python3.10/site-packages/airflow/example_dags/example_xcom.py took 0.039 seconds
[2024-04-01T14:02:14.998+0000] {processor.py:157} INFO - Started process (PID=186) to work on /home/airflow/.local/lib/python3.10/site-packages/airflow/example_dags/example_xcom.py
[2024-04-01T14:02:14.999+0000] {processor.py:829} INFO - Processing file /home/airflow/.local/lib/python3.10/site-packages/airflow/example_dags/example_xcom.py for tasks to queue
[2024-04-01T14:02:15.000+0000] {logging_mixin.py:154} INFO - [2024-04-01T14:02:14.999+0000] {dagbag.py:536} INFO - Filling up the DagBag from /home/airflow/.local/lib/python3.10/site-packages/airflow/example_dags/example_xcom.py
[2024-04-01T14:02:15.004+0000] {processor.py:839} INFO - DAG(s) dict_keys(['example_xcom']) retrieved from /home/airflow/.local/lib/python3.10/site-packages/airflow/example_dags/example_xcom.py
[2024-04-01T14:02:15.016+0000] {logging_mixin.py:154} INFO - [2024-04-01T14:02:15.016+0000] {dag.py:2941} INFO - Sync 1 DAGs
[2024-04-01T14:02:15.028+0000] {logging_mixin.py:154} INFO - [2024-04-01T14:02:15.028+0000] {dag.py:3722} INFO - Setting next_dagrun for example_xcom to 2021-01-01T00:00:00+00:00, run_after=2021-01-01T00:00:00+00:00
[2024-04-01T14:02:15.036+0000] {processor.py:179} INFO - Processing /home/airflow/.local/lib/python3.10/site-packages/airflow/example_dags/example_xcom.py took 0.040 seconds
[2024-04-01T14:02:45.562+0000] {processor.py:157} INFO - Started process (PID=240) to work on /home/airflow/.local/lib/python3.10/site-packages/airflow/example_dags/example_xcom.py
[2024-04-01T14:02:45.563+0000] {processor.py:829} INFO - Processing file /home/airflow/.local/lib/python3.10/site-packages/airflow/example_dags/example_xcom.py for tasks to queue
[2024-04-01T14:02:45.564+0000] {logging_mixin.py:154} INFO - [2024-04-01T14:02:45.564+0000] {dagbag.py:536} INFO - Filling up the DagBag from /home/airflow/.local/lib/python3.10/site-packages/airflow/example_dags/example_xcom.py
[2024-04-01T14:02:45.569+0000] {processor.py:839} INFO - DAG(s) dict_keys(['example_xcom']) retrieved from /home/airflow/.local/lib/python3.10/site-packages/airflow/example_dags/example_xcom.py
[2024-04-01T14:02:45.583+0000] {logging_mixin.py:154} INFO - [2024-04-01T14:02:45.583+0000] {dag.py:2941} INFO - Sync 1 DAGs
[2024-04-01T14:02:45.595+0000] {logging_mixin.py:154} INFO - [2024-04-01T14:02:45.594+0000] {dag.py:3722} INFO - Setting next_dagrun for example_xcom to 2021-01-01T00:00:00+00:00, run_after=2021-01-01T00:00:00+00:00
[2024-04-01T14:02:45.603+0000] {processor.py:179} INFO - Processing /home/airflow/.local/lib/python3.10/site-packages/airflow/example_dags/example_xcom.py took 0.044 seconds
[2024-04-01T14:03:16.279+0000] {processor.py:157} INFO - Started process (PID=294) to work on /home/airflow/.local/lib/python3.10/site-packages/airflow/example_dags/example_xcom.py
[2024-04-01T14:03:16.280+0000] {processor.py:829} INFO - Processing file /home/airflow/.local/lib/python3.10/site-packages/airflow/example_dags/example_xcom.py for tasks to queue
[2024-04-01T14:03:16.281+0000] {logging_mixin.py:154} INFO - [2024-04-01T14:03:16.281+0000] {dagbag.py:536} INFO - Filling up the DagBag from /home/airflow/.local/lib/python3.10/site-packages/airflow/example_dags/example_xcom.py
[2024-04-01T14:03:16.285+0000] {processor.py:839} INFO - DAG(s) dict_keys(['example_xcom']) retrieved from /home/airflow/.local/lib/python3.10/site-packages/airflow/example_dags/example_xcom.py
[2024-04-01T14:03:16.298+0000] {logging_mixin.py:154} INFO - [2024-04-01T14:03:16.298+0000] {dag.py:2941} INFO - Sync 1 DAGs
[2024-04-01T14:03:16.309+0000] {logging_mixin.py:154} INFO - [2024-04-01T14:03:16.309+0000] {dag.py:3722} INFO - Setting next_dagrun for example_xcom to 2021-01-01T00:00:00+00:00, run_after=2021-01-01T00:00:00+00:00
[2024-04-01T14:03:16.317+0000] {processor.py:179} INFO - Processing /home/airflow/.local/lib/python3.10/site-packages/airflow/example_dags/example_xcom.py took 0.040 seconds
[2024-04-01T14:03:47.066+0000] {processor.py:157} INFO - Started process (PID=348) to work on /home/airflow/.local/lib/python3.10/site-packages/airflow/example_dags/example_xcom.py
[2024-04-01T14:03:47.066+0000] {processor.py:829} INFO - Processing file /home/airflow/.local/lib/python3.10/site-packages/airflow/example_dags/example_xcom.py for tasks to queue
[2024-04-01T14:03:47.067+0000] {logging_mixin.py:154} INFO - [2024-04-01T14:03:47.067+0000] {dagbag.py:536} INFO - Filling up the DagBag from /home/airflow/.local/lib/python3.10/site-packages/airflow/example_dags/example_xcom.py
[2024-04-01T14:03:47.072+0000] {processor.py:839} INFO - DAG(s) dict_keys(['example_xcom']) retrieved from /home/airflow/.local/lib/python3.10/site-packages/airflow/example_dags/example_xcom.py
[2024-04-01T14:03:47.084+0000] {logging_mixin.py:154} INFO - [2024-04-01T14:03:47.084+0000] {dag.py:2941} INFO - Sync 1 DAGs
[2024-04-01T14:03:47.096+0000] {logging_mixin.py:154} INFO - [2024-04-01T14:03:47.096+0000] {dag.py:3722} INFO - Setting next_dagrun for example_xcom to 2021-01-01T00:00:00+00:00, run_after=2021-01-01T00:00:00+00:00
[2024-04-01T14:03:47.104+0000] {processor.py:179} INFO - Processing /home/airflow/.local/lib/python3.10/site-packages/airflow/example_dags/example_xcom.py took 0.040 seconds
[2024-04-01T14:04:17.814+0000] {processor.py:157} INFO - Started process (PID=402) to work on /home/airflow/.local/lib/python3.10/site-packages/airflow/example_dags/example_xcom.py
[2024-04-01T14:04:17.814+0000] {processor.py:829} INFO - Processing file /home/airflow/.local/lib/python3.10/site-packages/airflow/example_dags/example_xcom.py for tasks to queue
[2024-04-01T14:04:17.815+0000] {logging_mixin.py:154} INFO - [2024-04-01T14:04:17.815+0000] {dagbag.py:536} INFO - Filling up the DagBag from /home/airflow/.local/lib/python3.10/site-packages/airflow/example_dags/example_xcom.py
[2024-04-01T14:04:17.820+0000] {processor.py:839} INFO - DAG(s) dict_keys(['example_xcom']) retrieved from /home/airflow/.local/lib/python3.10/site-packages/airflow/example_dags/example_xcom.py
[2024-04-01T14:04:17.832+0000] {logging_mixin.py:154} INFO - [2024-04-01T14:04:17.832+0000] {dag.py:2941} INFO - Sync 1 DAGs
[2024-04-01T14:04:17.844+0000] {logging_mixin.py:154} INFO - [2024-04-01T14:04:17.844+0000] {dag.py:3722} INFO - Setting next_dagrun for example_xcom to 2021-01-01T00:00:00+00:00, run_after=2021-01-01T00:00:00+00:00
[2024-04-01T14:04:17.853+0000] {processor.py:179} INFO - Processing /home/airflow/.local/lib/python3.10/site-packages/airflow/example_dags/example_xcom.py took 0.042 seconds
[2024-04-01T14:04:48.393+0000] {processor.py:157} INFO - Started process (PID=456) to work on /home/airflow/.local/lib/python3.10/site-packages/airflow/example_dags/example_xcom.py
[2024-04-01T14:04:48.393+0000] {processor.py:829} INFO - Processing file /home/airflow/.local/lib/python3.10/site-packages/airflow/example_dags/example_xcom.py for tasks to queue
[2024-04-01T14:04:48.394+0000] {logging_mixin.py:154} INFO - [2024-04-01T14:04:48.394+0000] {dagbag.py:536} INFO - Filling up the DagBag from /home/airflow/.local/lib/python3.10/site-packages/airflow/example_dags/example_xcom.py
[2024-04-01T14:04:48.399+0000] {processor.py:839} INFO - DAG(s) dict_keys(['example_xcom']) retrieved from /home/airflow/.local/lib/python3.10/site-packages/airflow/example_dags/example_xcom.py
[2024-04-01T14:04:48.412+0000] {logging_mixin.py:154} INFO - [2024-04-01T14:04:48.412+0000] {dag.py:2941} INFO - Sync 1 DAGs
[2024-04-01T14:04:48.424+0000] {logging_mixin.py:154} INFO - [2024-04-01T14:04:48.424+0000] {dag.py:3722} INFO - Setting next_dagrun for example_xcom to 2021-01-01T00:00:00+00:00, run_after=2021-01-01T00:00:00+00:00
[2024-04-01T14:04:48.433+0000] {processor.py:179} INFO - Processing /home/airflow/.local/lib/python3.10/site-packages/airflow/example_dags/example_xcom.py took 0.043 seconds
[2024-04-01T14:05:19.049+0000] {processor.py:157} INFO - Started process (PID=510) to work on /home/airflow/.local/lib/python3.10/site-packages/airflow/example_dags/example_xcom.py
[2024-04-01T14:05:19.049+0000] {processor.py:829} INFO - Processing file /home/airflow/.local/lib/python3.10/site-packages/airflow/example_dags/example_xcom.py for tasks to queue
[2024-04-01T14:05:19.050+0000] {logging_mixin.py:154} INFO - [2024-04-01T14:05:19.050+0000] {dagbag.py:536} INFO - Filling up the DagBag from /home/airflow/.local/lib/python3.10/site-packages/airflow/example_dags/example_xcom.py
[2024-04-01T14:05:19.055+0000] {processor.py:839} INFO - DAG(s) dict_keys(['example_xcom']) retrieved from /home/airflow/.local/lib/python3.10/site-packages/airflow/example_dags/example_xcom.py
[2024-04-01T14:05:19.067+0000] {logging_mixin.py:154} INFO - [2024-04-01T14:05:19.067+0000] {dag.py:2941} INFO - Sync 1 DAGs
[2024-04-01T14:05:19.080+0000] {logging_mixin.py:154} INFO - [2024-04-01T14:05:19.080+0000] {dag.py:3722} INFO - Setting next_dagrun for example_xcom to 2021-01-01T00:00:00+00:00, run_after=2021-01-01T00:00:00+00:00
[2024-04-01T14:05:19.088+0000] {processor.py:179} INFO - Processing /home/airflow/.local/lib/python3.10/site-packages/airflow/example_dags/example_xcom.py took 0.042 seconds
[2024-04-01T14:05:49.753+0000] {processor.py:157} INFO - Started process (PID=564) to work on /home/airflow/.local/lib/python3.10/site-packages/airflow/example_dags/example_xcom.py
[2024-04-01T14:05:49.754+0000] {processor.py:829} INFO - Processing file /home/airflow/.local/lib/python3.10/site-packages/airflow/example_dags/example_xcom.py for tasks to queue
[2024-04-01T14:05:49.755+0000] {logging_mixin.py:154} INFO - [2024-04-01T14:05:49.755+0000] {dagbag.py:536} INFO - Filling up the DagBag from /home/airflow/.local/lib/python3.10/site-packages/airflow/example_dags/example_xcom.py
[2024-04-01T14:05:49.759+0000] {processor.py:839} INFO - DAG(s) dict_keys(['example_xcom']) retrieved from /home/airflow/.local/lib/python3.10/site-packages/airflow/example_dags/example_xcom.py
[2024-04-01T14:05:49.772+0000] {logging_mixin.py:154} INFO - [2024-04-01T14:05:49.772+0000] {dag.py:2941} INFO - Sync 1 DAGs
[2024-04-01T14:05:49.784+0000] {logging_mixin.py:154} INFO - [2024-04-01T14:05:49.784+0000] {dag.py:3722} INFO - Setting next_dagrun for example_xcom to 2021-01-01T00:00:00+00:00, run_after=2021-01-01T00:00:00+00:00
[2024-04-01T14:05:49.793+0000] {processor.py:179} INFO - Processing /home/airflow/.local/lib/python3.10/site-packages/airflow/example_dags/example_xcom.py took 0.043 seconds
[2024-04-01T14:06:20.382+0000] {processor.py:157} INFO - Started process (PID=618) to work on /home/airflow/.local/lib/python3.10/site-packages/airflow/example_dags/example_xcom.py
[2024-04-01T14:06:20.383+0000] {processor.py:829} INFO - Processing file /home/airflow/.local/lib/python3.10/site-packages/airflow/example_dags/example_xcom.py for tasks to queue
[2024-04-01T14:06:20.384+0000] {logging_mixin.py:154} INFO - [2024-04-01T14:06:20.384+0000] {dagbag.py:536} INFO - Filling up the DagBag from /home/airflow/.local/lib/python3.10/site-packages/airflow/example_dags/example_xcom.py
[2024-04-01T14:06:20.388+0000] {processor.py:839} INFO - DAG(s) dict_keys(['example_xcom']) retrieved from /home/airflow/.local/lib/python3.10/site-packages/airflow/example_dags/example_xcom.py
[2024-04-01T14:06:20.400+0000] {logging_mixin.py:154} INFO - [2024-04-01T14:06:20.400+0000] {dag.py:2941} INFO - Sync 1 DAGs
[2024-04-01T14:06:20.411+0000] {logging_mixin.py:154} INFO - [2024-04-01T14:06:20.411+0000] {dag.py:3722} INFO - Setting next_dagrun for example_xcom to 2021-01-01T00:00:00+00:00, run_after=2021-01-01T00:00:00+00:00
[2024-04-01T14:06:20.419+0000] {processor.py:179} INFO - Processing /home/airflow/.local/lib/python3.10/site-packages/airflow/example_dags/example_xcom.py took 0.039 seconds
[2024-04-01T14:06:51.151+0000] {processor.py:157} INFO - Started process (PID=672) to work on /home/airflow/.local/lib/python3.10/site-packages/airflow/example_dags/example_xcom.py
[2024-04-01T14:06:51.152+0000] {processor.py:829} INFO - Processing file /home/airflow/.local/lib/python3.10/site-packages/airflow/example_dags/example_xcom.py for tasks to queue
[2024-04-01T14:06:51.153+0000] {logging_mixin.py:154} INFO - [2024-04-01T14:06:51.153+0000] {dagbag.py:536} INFO - Filling up the DagBag from /home/airflow/.local/lib/python3.10/site-packages/airflow/example_dags/example_xcom.py
[2024-04-01T14:06:51.157+0000] {processor.py:839} INFO - DAG(s) dict_keys(['example_xcom']) retrieved from /home/airflow/.local/lib/python3.10/site-packages/airflow/example_dags/example_xcom.py
[2024-04-01T14:06:51.169+0000] {logging_mixin.py:154} INFO - [2024-04-01T14:06:51.169+0000] {dag.py:2941} INFO - Sync 1 DAGs
[2024-04-01T14:06:51.181+0000] {logging_mixin.py:154} INFO - [2024-04-01T14:06:51.181+0000] {dag.py:3722} INFO - Setting next_dagrun for example_xcom to 2021-01-01T00:00:00+00:00, run_after=2021-01-01T00:00:00+00:00
[2024-04-01T14:06:51.189+0000] {processor.py:179} INFO - Processing /home/airflow/.local/lib/python3.10/site-packages/airflow/example_dags/example_xcom.py took 0.040 seconds
[2024-04-01T14:07:21.779+0000] {processor.py:157} INFO - Started process (PID=726) to work on /home/airflow/.local/lib/python3.10/site-packages/airflow/example_dags/example_xcom.py
[2024-04-01T14:07:21.779+0000] {processor.py:829} INFO - Processing file /home/airflow/.local/lib/python3.10/site-packages/airflow/example_dags/example_xcom.py for tasks to queue
[2024-04-01T14:07:21.780+0000] {logging_mixin.py:154} INFO - [2024-04-01T14:07:21.780+0000] {dagbag.py:536} INFO - Filling up the DagBag from /home/airflow/.local/lib/python3.10/site-packages/airflow/example_dags/example_xcom.py
[2024-04-01T14:07:21.785+0000] {processor.py:839} INFO - DAG(s) dict_keys(['example_xcom']) retrieved from /home/airflow/.local/lib/python3.10/site-packages/airflow/example_dags/example_xcom.py
[2024-04-01T14:07:21.797+0000] {logging_mixin.py:154} INFO - [2024-04-01T14:07:21.797+0000] {dag.py:2941} INFO - Sync 1 DAGs
[2024-04-01T14:07:21.809+0000] {logging_mixin.py:154} INFO - [2024-04-01T14:07:21.809+0000] {dag.py:3722} INFO - Setting next_dagrun for example_xcom to 2021-01-01T00:00:00+00:00, run_after=2021-01-01T00:00:00+00:00
[2024-04-01T14:07:21.819+0000] {processor.py:179} INFO - Processing /home/airflow/.local/lib/python3.10/site-packages/airflow/example_dags/example_xcom.py took 0.042 seconds
[2024-04-01T14:07:52.342+0000] {processor.py:157} INFO - Started process (PID=780) to work on /home/airflow/.local/lib/python3.10/site-packages/airflow/example_dags/example_xcom.py
[2024-04-01T14:07:52.343+0000] {processor.py:829} INFO - Processing file /home/airflow/.local/lib/python3.10/site-packages/airflow/example_dags/example_xcom.py for tasks to queue
[2024-04-01T14:07:52.344+0000] {logging_mixin.py:154} INFO - [2024-04-01T14:07:52.344+0000] {dagbag.py:536} INFO - Filling up the DagBag from /home/airflow/.local/lib/python3.10/site-packages/airflow/example_dags/example_xcom.py
[2024-04-01T14:07:52.349+0000] {processor.py:839} INFO - DAG(s) dict_keys(['example_xcom']) retrieved from /home/airflow/.local/lib/python3.10/site-packages/airflow/example_dags/example_xcom.py
[2024-04-01T14:07:52.361+0000] {logging_mixin.py:154} INFO - [2024-04-01T14:07:52.361+0000] {dag.py:2941} INFO - Sync 1 DAGs
[2024-04-01T14:07:52.372+0000] {logging_mixin.py:154} INFO - [2024-04-01T14:07:52.372+0000] {dag.py:3722} INFO - Setting next_dagrun for example_xcom to 2021-01-01T00:00:00+00:00, run_after=2021-01-01T00:00:00+00:00
[2024-04-01T14:07:52.381+0000] {processor.py:179} INFO - Processing /home/airflow/.local/lib/python3.10/site-packages/airflow/example_dags/example_xcom.py took 0.041 seconds
[2024-04-01T14:08:22.990+0000] {processor.py:157} INFO - Started process (PID=834) to work on /home/airflow/.local/lib/python3.10/site-packages/airflow/example_dags/example_xcom.py
[2024-04-01T14:08:22.991+0000] {processor.py:829} INFO - Processing file /home/airflow/.local/lib/python3.10/site-packages/airflow/example_dags/example_xcom.py for tasks to queue
[2024-04-01T14:08:22.992+0000] {logging_mixin.py:154} INFO - [2024-04-01T14:08:22.991+0000] {dagbag.py:536} INFO - Filling up the DagBag from /home/airflow/.local/lib/python3.10/site-packages/airflow/example_dags/example_xcom.py
[2024-04-01T14:08:22.996+0000] {processor.py:839} INFO - DAG(s) dict_keys(['example_xcom']) retrieved from /home/airflow/.local/lib/python3.10/site-packages/airflow/example_dags/example_xcom.py
[2024-04-01T14:08:23.008+0000] {logging_mixin.py:154} INFO - [2024-04-01T14:08:23.008+0000] {dag.py:2941} INFO - Sync 1 DAGs
[2024-04-01T14:08:23.022+0000] {logging_mixin.py:154} INFO - [2024-04-01T14:08:23.022+0000] {dag.py:3722} INFO - Setting next_dagrun for example_xcom to 2021-01-01T00:00:00+00:00, run_after=2021-01-01T00:00:00+00:00
[2024-04-01T14:08:23.031+0000] {processor.py:179} INFO - Processing /home/airflow/.local/lib/python3.10/site-packages/airflow/example_dags/example_xcom.py took 0.042 seconds
[2024-04-01T14:08:53.759+0000] {processor.py:157} INFO - Started process (PID=888) to work on /home/airflow/.local/lib/python3.10/site-packages/airflow/example_dags/example_xcom.py
[2024-04-01T14:08:53.760+0000] {processor.py:829} INFO - Processing file /home/airflow/.local/lib/python3.10/site-packages/airflow/example_dags/example_xcom.py for tasks to queue
[2024-04-01T14:08:53.761+0000] {logging_mixin.py:154} INFO - [2024-04-01T14:08:53.761+0000] {dagbag.py:536} INFO - Filling up the DagBag from /home/airflow/.local/lib/python3.10/site-packages/airflow/example_dags/example_xcom.py
[2024-04-01T14:08:53.765+0000] {processor.py:839} INFO - DAG(s) dict_keys(['example_xcom']) retrieved from /home/airflow/.local/lib/python3.10/site-packages/airflow/example_dags/example_xcom.py
[2024-04-01T14:08:53.778+0000] {logging_mixin.py:154} INFO - [2024-04-01T14:08:53.778+0000] {dag.py:2941} INFO - Sync 1 DAGs
[2024-04-01T14:08:53.790+0000] {logging_mixin.py:154} INFO - [2024-04-01T14:08:53.790+0000] {dag.py:3722} INFO - Setting next_dagrun for example_xcom to 2021-01-01T00:00:00+00:00, run_after=2021-01-01T00:00:00+00:00
[2024-04-01T14:08:53.799+0000] {processor.py:179} INFO - Processing /home/airflow/.local/lib/python3.10/site-packages/airflow/example_dags/example_xcom.py took 0.042 seconds
[2024-04-01T14:09:24.449+0000] {processor.py:157} INFO - Started process (PID=942) to work on /home/airflow/.local/lib/python3.10/site-packages/airflow/example_dags/example_xcom.py
[2024-04-01T14:09:24.450+0000] {processor.py:829} INFO - Processing file /home/airflow/.local/lib/python3.10/site-packages/airflow/example_dags/example_xcom.py for tasks to queue
[2024-04-01T14:09:24.451+0000] {logging_mixin.py:154} INFO - [2024-04-01T14:09:24.451+0000] {dagbag.py:536} INFO - Filling up the DagBag from /home/airflow/.local/lib/python3.10/site-packages/airflow/example_dags/example_xcom.py
[2024-04-01T14:09:24.456+0000] {processor.py:839} INFO - DAG(s) dict_keys(['example_xcom']) retrieved from /home/airflow/.local/lib/python3.10/site-packages/airflow/example_dags/example_xcom.py
[2024-04-01T14:09:24.468+0000] {logging_mixin.py:154} INFO - [2024-04-01T14:09:24.468+0000] {dag.py:2941} INFO - Sync 1 DAGs
[2024-04-01T14:09:24.480+0000] {logging_mixin.py:154} INFO - [2024-04-01T14:09:24.480+0000] {dag.py:3722} INFO - Setting next_dagrun for example_xcom to 2021-01-01T00:00:00+00:00, run_after=2021-01-01T00:00:00+00:00
[2024-04-01T14:09:24.489+0000] {processor.py:179} INFO - Processing /home/airflow/.local/lib/python3.10/site-packages/airflow/example_dags/example_xcom.py took 0.042 seconds
[2024-04-01T14:09:55.127+0000] {processor.py:157} INFO - Started process (PID=996) to work on /home/airflow/.local/lib/python3.10/site-packages/airflow/example_dags/example_xcom.py
[2024-04-01T14:09:55.128+0000] {processor.py:829} INFO - Processing file /home/airflow/.local/lib/python3.10/site-packages/airflow/example_dags/example_xcom.py for tasks to queue
[2024-04-01T14:09:55.129+0000] {logging_mixin.py:154} INFO - [2024-04-01T14:09:55.128+0000] {dagbag.py:536} INFO - Filling up the DagBag from /home/airflow/.local/lib/python3.10/site-packages/airflow/example_dags/example_xcom.py
[2024-04-01T14:09:55.133+0000] {processor.py:839} INFO - DAG(s) dict_keys(['example_xcom']) retrieved from /home/airflow/.local/lib/python3.10/site-packages/airflow/example_dags/example_xcom.py
[2024-04-01T14:09:55.146+0000] {logging_mixin.py:154} INFO - [2024-04-01T14:09:55.146+0000] {dag.py:2941} INFO - Sync 1 DAGs
[2024-04-01T14:09:55.158+0000] {logging_mixin.py:154} INFO - [2024-04-01T14:09:55.158+0000] {dag.py:3722} INFO - Setting next_dagrun for example_xcom to 2021-01-01T00:00:00+00:00, run_after=2021-01-01T00:00:00+00:00
[2024-04-01T14:09:55.168+0000] {processor.py:179} INFO - Processing /home/airflow/.local/lib/python3.10/site-packages/airflow/example_dags/example_xcom.py took 0.043 seconds
[2024-04-01T14:10:25.749+0000] {processor.py:157} INFO - Started process (PID=1050) to work on /home/airflow/.local/lib/python3.10/site-packages/airflow/example_dags/example_xcom.py
[2024-04-01T14:10:25.750+0000] {processor.py:829} INFO - Processing file /home/airflow/.local/lib/python3.10/site-packages/airflow/example_dags/example_xcom.py for tasks to queue
[2024-04-01T14:10:25.751+0000] {logging_mixin.py:154} INFO - [2024-04-01T14:10:25.751+0000] {dagbag.py:536} INFO - Filling up the DagBag from /home/airflow/.local/lib/python3.10/site-packages/airflow/example_dags/example_xcom.py
[2024-04-01T14:10:25.755+0000] {processor.py:839} INFO - DAG(s) dict_keys(['example_xcom']) retrieved from /home/airflow/.local/lib/python3.10/site-packages/airflow/example_dags/example_xcom.py
[2024-04-01T14:10:25.768+0000] {logging_mixin.py:154} INFO - [2024-04-01T14:10:25.768+0000] {dag.py:2941} INFO - Sync 1 DAGs
[2024-04-01T14:10:25.780+0000] {logging_mixin.py:154} INFO - [2024-04-01T14:10:25.780+0000] {dag.py:3722} INFO - Setting next_dagrun for example_xcom to 2021-01-01T00:00:00+00:00, run_after=2021-01-01T00:00:00+00:00
[2024-04-01T14:10:25.788+0000] {processor.py:179} INFO - Processing /home/airflow/.local/lib/python3.10/site-packages/airflow/example_dags/example_xcom.py took 0.041 seconds
[2024-04-01T14:10:56.418+0000] {processor.py:157} INFO - Started process (PID=1104) to work on /home/airflow/.local/lib/python3.10/site-packages/airflow/example_dags/example_xcom.py
[2024-04-01T14:10:56.418+0000] {processor.py:829} INFO - Processing file /home/airflow/.local/lib/python3.10/site-packages/airflow/example_dags/example_xcom.py for tasks to queue
[2024-04-01T14:10:56.419+0000] {logging_mixin.py:154} INFO - [2024-04-01T14:10:56.419+0000] {dagbag.py:536} INFO - Filling up the DagBag from /home/airflow/.local/lib/python3.10/site-packages/airflow/example_dags/example_xcom.py
[2024-04-01T14:10:56.424+0000] {processor.py:839} INFO - DAG(s) dict_keys(['example_xcom']) retrieved from /home/airflow/.local/lib/python3.10/site-packages/airflow/example_dags/example_xcom.py
[2024-04-01T14:10:56.436+0000] {logging_mixin.py:154} INFO - [2024-04-01T14:10:56.436+0000] {dag.py:2941} INFO - Sync 1 DAGs
[2024-04-01T14:10:56.448+0000] {logging_mixin.py:154} INFO - [2024-04-01T14:10:56.447+0000] {dag.py:3722} INFO - Setting next_dagrun for example_xcom to 2021-01-01T00:00:00+00:00, run_after=2021-01-01T00:00:00+00:00
[2024-04-01T14:10:56.456+0000] {processor.py:179} INFO - Processing /home/airflow/.local/lib/python3.10/site-packages/airflow/example_dags/example_xcom.py took 0.040 seconds
[2024-04-01T14:11:27.128+0000] {processor.py:157} INFO - Started process (PID=1158) to work on /home/airflow/.local/lib/python3.10/site-packages/airflow/example_dags/example_xcom.py
[2024-04-01T14:11:27.129+0000] {processor.py:829} INFO - Processing file /home/airflow/.local/lib/python3.10/site-packages/airflow/example_dags/example_xcom.py for tasks to queue
[2024-04-01T14:11:27.130+0000] {logging_mixin.py:154} INFO - [2024-04-01T14:11:27.130+0000] {dagbag.py:536} INFO - Filling up the DagBag from /home/airflow/.local/lib/python3.10/site-packages/airflow/example_dags/example_xcom.py
[2024-04-01T14:11:27.135+0000] {processor.py:839} INFO - DAG(s) dict_keys(['example_xcom']) retrieved from /home/airflow/.local/lib/python3.10/site-packages/airflow/example_dags/example_xcom.py
[2024-04-01T14:11:27.148+0000] {logging_mixin.py:154} INFO - [2024-04-01T14:11:27.148+0000] {dag.py:2941} INFO - Sync 1 DAGs
[2024-04-01T14:11:27.160+0000] {logging_mixin.py:154} INFO - [2024-04-01T14:11:27.160+0000] {dag.py:3722} INFO - Setting next_dagrun for example_xcom to 2021-01-01T00:00:00+00:00, run_after=2021-01-01T00:00:00+00:00
[2024-04-01T14:11:27.168+0000] {processor.py:179} INFO - Processing /home/airflow/.local/lib/python3.10/site-packages/airflow/example_dags/example_xcom.py took 0.042 seconds
[2024-04-01T14:11:57.908+0000] {processor.py:157} INFO - Started process (PID=1212) to work on /home/airflow/.local/lib/python3.10/site-packages/airflow/example_dags/example_xcom.py
[2024-04-01T14:11:57.909+0000] {processor.py:829} INFO - Processing file /home/airflow/.local/lib/python3.10/site-packages/airflow/example_dags/example_xcom.py for tasks to queue
[2024-04-01T14:11:57.910+0000] {logging_mixin.py:154} INFO - [2024-04-01T14:11:57.910+0000] {dagbag.py:536} INFO - Filling up the DagBag from /home/airflow/.local/lib/python3.10/site-packages/airflow/example_dags/example_xcom.py
[2024-04-01T14:11:57.915+0000] {processor.py:839} INFO - DAG(s) dict_keys(['example_xcom']) retrieved from /home/airflow/.local/lib/python3.10/site-packages/airflow/example_dags/example_xcom.py
[2024-04-01T14:11:57.927+0000] {logging_mixin.py:154} INFO - [2024-04-01T14:11:57.927+0000] {dag.py:2941} INFO - Sync 1 DAGs
[2024-04-01T14:11:57.938+0000] {logging_mixin.py:154} INFO - [2024-04-01T14:11:57.938+0000] {dag.py:3722} INFO - Setting next_dagrun for example_xcom to 2021-01-01T00:00:00+00:00, run_after=2021-01-01T00:00:00+00:00
[2024-04-01T14:11:57.947+0000] {processor.py:179} INFO - Processing /home/airflow/.local/lib/python3.10/site-packages/airflow/example_dags/example_xcom.py took 0.041 seconds
[2024-04-01T14:12:28.559+0000] {processor.py:157} INFO - Started process (PID=1266) to work on /home/airflow/.local/lib/python3.10/site-packages/airflow/example_dags/example_xcom.py
[2024-04-01T14:12:28.560+0000] {processor.py:829} INFO - Processing file /home/airflow/.local/lib/python3.10/site-packages/airflow/example_dags/example_xcom.py for tasks to queue
[2024-04-01T14:12:28.561+0000] {logging_mixin.py:154} INFO - [2024-04-01T14:12:28.560+0000] {dagbag.py:536} INFO - Filling up the DagBag from /home/airflow/.local/lib/python3.10/site-packages/airflow/example_dags/example_xcom.py
[2024-04-01T14:12:28.565+0000] {processor.py:839} INFO - DAG(s) dict_keys(['example_xcom']) retrieved from /home/airflow/.local/lib/python3.10/site-packages/airflow/example_dags/example_xcom.py
[2024-04-01T14:12:28.577+0000] {logging_mixin.py:154} INFO - [2024-04-01T14:12:28.577+0000] {dag.py:2941} INFO - Sync 1 DAGs
[2024-04-01T14:12:28.589+0000] {logging_mixin.py:154} INFO - [2024-04-01T14:12:28.589+0000] {dag.py:3722} INFO - Setting next_dagrun for example_xcom to 2021-01-01T00:00:00+00:00, run_after=2021-01-01T00:00:00+00:00
[2024-04-01T14:12:28.598+0000] {processor.py:179} INFO - Processing /home/airflow/.local/lib/python3.10/site-packages/airflow/example_dags/example_xcom.py took 0.041 seconds
[2024-04-01T14:12:59.330+0000] {processor.py:157} INFO - Started process (PID=1320) to work on /home/airflow/.local/lib/python3.10/site-packages/airflow/example_dags/example_xcom.py
[2024-04-01T14:12:59.330+0000] {processor.py:829} INFO - Processing file /home/airflow/.local/lib/python3.10/site-packages/airflow/example_dags/example_xcom.py for tasks to queue
[2024-04-01T14:12:59.332+0000] {logging_mixin.py:154} INFO - [2024-04-01T14:12:59.331+0000] {dagbag.py:536} INFO - Filling up the DagBag from /home/airflow/.local/lib/python3.10/site-packages/airflow/example_dags/example_xcom.py
[2024-04-01T14:12:59.336+0000] {processor.py:839} INFO - DAG(s) dict_keys(['example_xcom']) retrieved from /home/airflow/.local/lib/python3.10/site-packages/airflow/example_dags/example_xcom.py
[2024-04-01T14:12:59.349+0000] {logging_mixin.py:154} INFO - [2024-04-01T14:12:59.349+0000] {dag.py:2941} INFO - Sync 1 DAGs
[2024-04-01T14:12:59.361+0000] {logging_mixin.py:154} INFO - [2024-04-01T14:12:59.361+0000] {dag.py:3722} INFO - Setting next_dagrun for example_xcom to 2021-01-01T00:00:00+00:00, run_after=2021-01-01T00:00:00+00:00
[2024-04-01T14:12:59.370+0000] {processor.py:179} INFO - Processing /home/airflow/.local/lib/python3.10/site-packages/airflow/example_dags/example_xcom.py took 0.043 seconds
[2024-04-01T14:13:30.015+0000] {processor.py:157} INFO - Started process (PID=1374) to work on /home/airflow/.local/lib/python3.10/site-packages/airflow/example_dags/example_xcom.py
[2024-04-01T14:13:30.016+0000] {processor.py:829} INFO - Processing file /home/airflow/.local/lib/python3.10/site-packages/airflow/example_dags/example_xcom.py for tasks to queue
[2024-04-01T14:13:30.017+0000] {logging_mixin.py:154} INFO - [2024-04-01T14:13:30.017+0000] {dagbag.py:536} INFO - Filling up the DagBag from /home/airflow/.local/lib/python3.10/site-packages/airflow/example_dags/example_xcom.py
[2024-04-01T14:13:30.021+0000] {processor.py:839} INFO - DAG(s) dict_keys(['example_xcom']) retrieved from /home/airflow/.local/lib/python3.10/site-packages/airflow/example_dags/example_xcom.py
[2024-04-01T14:13:30.034+0000] {logging_mixin.py:154} INFO - [2024-04-01T14:13:30.034+0000] {dag.py:2941} INFO - Sync 1 DAGs
[2024-04-01T14:13:30.046+0000] {logging_mixin.py:154} INFO - [2024-04-01T14:13:30.046+0000] {dag.py:3722} INFO - Setting next_dagrun for example_xcom to 2021-01-01T00:00:00+00:00, run_after=2021-01-01T00:00:00+00:00
[2024-04-01T14:13:30.054+0000] {processor.py:179} INFO - Processing /home/airflow/.local/lib/python3.10/site-packages/airflow/example_dags/example_xcom.py took 0.041 seconds
[2024-04-01T14:14:00.729+0000] {processor.py:157} INFO - Started process (PID=1428) to work on /home/airflow/.local/lib/python3.10/site-packages/airflow/example_dags/example_xcom.py
[2024-04-01T14:14:00.729+0000] {processor.py:829} INFO - Processing file /home/airflow/.local/lib/python3.10/site-packages/airflow/example_dags/example_xcom.py for tasks to queue
[2024-04-01T14:14:00.730+0000] {logging_mixin.py:154} INFO - [2024-04-01T14:14:00.730+0000] {dagbag.py:536} INFO - Filling up the DagBag from /home/airflow/.local/lib/python3.10/site-packages/airflow/example_dags/example_xcom.py
[2024-04-01T14:14:00.735+0000] {processor.py:839} INFO - DAG(s) dict_keys(['example_xcom']) retrieved from /home/airflow/.local/lib/python3.10/site-packages/airflow/example_dags/example_xcom.py
[2024-04-01T14:14:00.747+0000] {logging_mixin.py:154} INFO - [2024-04-01T14:14:00.747+0000] {dag.py:2941} INFO - Sync 1 DAGs
[2024-04-01T14:14:00.758+0000] {logging_mixin.py:154} INFO - [2024-04-01T14:14:00.758+0000] {dag.py:3722} INFO - Setting next_dagrun for example_xcom to 2021-01-01T00:00:00+00:00, run_after=2021-01-01T00:00:00+00:00
[2024-04-01T14:14:00.766+0000] {processor.py:179} INFO - Processing /home/airflow/.local/lib/python3.10/site-packages/airflow/example_dags/example_xcom.py took 0.040 seconds
