[2024-04-01T14:01:13.156+0000] {processor.py:157} INFO - Started process (PID=56) to work on /home/airflow/.local/lib/python3.10/site-packages/airflow/example_dags/example_time_delta_sensor_async.py
[2024-04-01T14:01:13.157+0000] {processor.py:829} INFO - Processing file /home/airflow/.local/lib/python3.10/site-packages/airflow/example_dags/example_time_delta_sensor_async.py for tasks to queue
[2024-04-01T14:01:13.158+0000] {logging_mixin.py:154} INFO - [2024-04-01T14:01:13.158+0000] {dagbag.py:536} INFO - Filling up the DagBag from /home/airflow/.local/lib/python3.10/site-packages/airflow/example_dags/example_time_delta_sensor_async.py
[2024-04-01T14:01:13.163+0000] {processor.py:839} INFO - DAG(s) dict_keys(['example_time_delta_sensor_async']) retrieved from /home/airflow/.local/lib/python3.10/site-packages/airflow/example_dags/example_time_delta_sensor_async.py
[2024-04-01T14:01:13.170+0000] {logging_mixin.py:154} INFO - [2024-04-01T14:01:13.170+0000] {dag.py:2941} INFO - Sync 1 DAGs
[2024-04-01T14:01:13.180+0000] {logging_mixin.py:154} INFO - [2024-04-01T14:01:13.180+0000] {dag.py:3722} INFO - Setting next_dagrun for example_time_delta_sensor_async to None, run_after=None
[2024-04-01T14:01:13.190+0000] {processor.py:179} INFO - Processing /home/airflow/.local/lib/python3.10/site-packages/airflow/example_dags/example_time_delta_sensor_async.py took 0.036 seconds
[2024-04-01T14:01:43.734+0000] {processor.py:157} INFO - Started process (PID=110) to work on /home/airflow/.local/lib/python3.10/site-packages/airflow/example_dags/example_time_delta_sensor_async.py
[2024-04-01T14:01:43.734+0000] {processor.py:829} INFO - Processing file /home/airflow/.local/lib/python3.10/site-packages/airflow/example_dags/example_time_delta_sensor_async.py for tasks to queue
[2024-04-01T14:01:43.735+0000] {logging_mixin.py:154} INFO - [2024-04-01T14:01:43.735+0000] {dagbag.py:536} INFO - Filling up the DagBag from /home/airflow/.local/lib/python3.10/site-packages/airflow/example_dags/example_time_delta_sensor_async.py
[2024-04-01T14:01:43.738+0000] {processor.py:839} INFO - DAG(s) dict_keys(['example_time_delta_sensor_async']) retrieved from /home/airflow/.local/lib/python3.10/site-packages/airflow/example_dags/example_time_delta_sensor_async.py
[2024-04-01T14:01:43.750+0000] {logging_mixin.py:154} INFO - [2024-04-01T14:01:43.750+0000] {dag.py:2941} INFO - Sync 1 DAGs
[2024-04-01T14:01:43.756+0000] {logging_mixin.py:154} INFO - [2024-04-01T14:01:43.756+0000] {dag.py:3722} INFO - Setting next_dagrun for example_time_delta_sensor_async to None, run_after=None
[2024-04-01T14:01:43.765+0000] {processor.py:179} INFO - Processing /home/airflow/.local/lib/python3.10/site-packages/airflow/example_dags/example_time_delta_sensor_async.py took 0.033 seconds
[2024-04-01T14:02:14.311+0000] {processor.py:157} INFO - Started process (PID=164) to work on /home/airflow/.local/lib/python3.10/site-packages/airflow/example_dags/example_time_delta_sensor_async.py
[2024-04-01T14:02:14.312+0000] {processor.py:829} INFO - Processing file /home/airflow/.local/lib/python3.10/site-packages/airflow/example_dags/example_time_delta_sensor_async.py for tasks to queue
[2024-04-01T14:02:14.313+0000] {logging_mixin.py:154} INFO - [2024-04-01T14:02:14.313+0000] {dagbag.py:536} INFO - Filling up the DagBag from /home/airflow/.local/lib/python3.10/site-packages/airflow/example_dags/example_time_delta_sensor_async.py
[2024-04-01T14:02:14.316+0000] {processor.py:839} INFO - DAG(s) dict_keys(['example_time_delta_sensor_async']) retrieved from /home/airflow/.local/lib/python3.10/site-packages/airflow/example_dags/example_time_delta_sensor_async.py
[2024-04-01T14:02:14.328+0000] {logging_mixin.py:154} INFO - [2024-04-01T14:02:14.327+0000] {dag.py:2941} INFO - Sync 1 DAGs
[2024-04-01T14:02:14.334+0000] {logging_mixin.py:154} INFO - [2024-04-01T14:02:14.334+0000] {dag.py:3722} INFO - Setting next_dagrun for example_time_delta_sensor_async to None, run_after=None
[2024-04-01T14:02:14.343+0000] {processor.py:179} INFO - Processing /home/airflow/.local/lib/python3.10/site-packages/airflow/example_dags/example_time_delta_sensor_async.py took 0.033 seconds
[2024-04-01T14:02:44.875+0000] {processor.py:157} INFO - Started process (PID=218) to work on /home/airflow/.local/lib/python3.10/site-packages/airflow/example_dags/example_time_delta_sensor_async.py
[2024-04-01T14:02:44.876+0000] {processor.py:829} INFO - Processing file /home/airflow/.local/lib/python3.10/site-packages/airflow/example_dags/example_time_delta_sensor_async.py for tasks to queue
[2024-04-01T14:02:44.877+0000] {logging_mixin.py:154} INFO - [2024-04-01T14:02:44.877+0000] {dagbag.py:536} INFO - Filling up the DagBag from /home/airflow/.local/lib/python3.10/site-packages/airflow/example_dags/example_time_delta_sensor_async.py
[2024-04-01T14:02:44.880+0000] {processor.py:839} INFO - DAG(s) dict_keys(['example_time_delta_sensor_async']) retrieved from /home/airflow/.local/lib/python3.10/site-packages/airflow/example_dags/example_time_delta_sensor_async.py
[2024-04-01T14:02:44.892+0000] {logging_mixin.py:154} INFO - [2024-04-01T14:02:44.892+0000] {dag.py:2941} INFO - Sync 1 DAGs
[2024-04-01T14:02:44.899+0000] {logging_mixin.py:154} INFO - [2024-04-01T14:02:44.899+0000] {dag.py:3722} INFO - Setting next_dagrun for example_time_delta_sensor_async to None, run_after=None
[2024-04-01T14:02:44.907+0000] {processor.py:179} INFO - Processing /home/airflow/.local/lib/python3.10/site-packages/airflow/example_dags/example_time_delta_sensor_async.py took 0.034 seconds
[2024-04-01T14:03:15.547+0000] {processor.py:157} INFO - Started process (PID=272) to work on /home/airflow/.local/lib/python3.10/site-packages/airflow/example_dags/example_time_delta_sensor_async.py
[2024-04-01T14:03:15.548+0000] {processor.py:829} INFO - Processing file /home/airflow/.local/lib/python3.10/site-packages/airflow/example_dags/example_time_delta_sensor_async.py for tasks to queue
[2024-04-01T14:03:15.549+0000] {logging_mixin.py:154} INFO - [2024-04-01T14:03:15.549+0000] {dagbag.py:536} INFO - Filling up the DagBag from /home/airflow/.local/lib/python3.10/site-packages/airflow/example_dags/example_time_delta_sensor_async.py
[2024-04-01T14:03:15.552+0000] {processor.py:839} INFO - DAG(s) dict_keys(['example_time_delta_sensor_async']) retrieved from /home/airflow/.local/lib/python3.10/site-packages/airflow/example_dags/example_time_delta_sensor_async.py
[2024-04-01T14:03:15.565+0000] {logging_mixin.py:154} INFO - [2024-04-01T14:03:15.565+0000] {dag.py:2941} INFO - Sync 1 DAGs
[2024-04-01T14:03:15.572+0000] {logging_mixin.py:154} INFO - [2024-04-01T14:03:15.572+0000] {dag.py:3722} INFO - Setting next_dagrun for example_time_delta_sensor_async to None, run_after=None
[2024-04-01T14:03:15.581+0000] {processor.py:179} INFO - Processing /home/airflow/.local/lib/python3.10/site-packages/airflow/example_dags/example_time_delta_sensor_async.py took 0.036 seconds
[2024-04-01T14:03:46.252+0000] {processor.py:157} INFO - Started process (PID=326) to work on /home/airflow/.local/lib/python3.10/site-packages/airflow/example_dags/example_time_delta_sensor_async.py
[2024-04-01T14:03:46.252+0000] {processor.py:829} INFO - Processing file /home/airflow/.local/lib/python3.10/site-packages/airflow/example_dags/example_time_delta_sensor_async.py for tasks to queue
[2024-04-01T14:03:46.254+0000] {logging_mixin.py:154} INFO - [2024-04-01T14:03:46.253+0000] {dagbag.py:536} INFO - Filling up the DagBag from /home/airflow/.local/lib/python3.10/site-packages/airflow/example_dags/example_time_delta_sensor_async.py
[2024-04-01T14:03:46.256+0000] {processor.py:839} INFO - DAG(s) dict_keys(['example_time_delta_sensor_async']) retrieved from /home/airflow/.local/lib/python3.10/site-packages/airflow/example_dags/example_time_delta_sensor_async.py
[2024-04-01T14:03:46.269+0000] {logging_mixin.py:154} INFO - [2024-04-01T14:03:46.269+0000] {dag.py:2941} INFO - Sync 1 DAGs
[2024-04-01T14:03:46.276+0000] {logging_mixin.py:154} INFO - [2024-04-01T14:03:46.276+0000] {dag.py:3722} INFO - Setting next_dagrun for example_time_delta_sensor_async to None, run_after=None
[2024-04-01T14:03:46.285+0000] {processor.py:179} INFO - Processing /home/airflow/.local/lib/python3.10/site-packages/airflow/example_dags/example_time_delta_sensor_async.py took 0.035 seconds
[2024-04-01T14:04:17.010+0000] {processor.py:157} INFO - Started process (PID=380) to work on /home/airflow/.local/lib/python3.10/site-packages/airflow/example_dags/example_time_delta_sensor_async.py
[2024-04-01T14:04:17.011+0000] {processor.py:829} INFO - Processing file /home/airflow/.local/lib/python3.10/site-packages/airflow/example_dags/example_time_delta_sensor_async.py for tasks to queue
[2024-04-01T14:04:17.012+0000] {logging_mixin.py:154} INFO - [2024-04-01T14:04:17.012+0000] {dagbag.py:536} INFO - Filling up the DagBag from /home/airflow/.local/lib/python3.10/site-packages/airflow/example_dags/example_time_delta_sensor_async.py
[2024-04-01T14:04:17.014+0000] {processor.py:839} INFO - DAG(s) dict_keys(['example_time_delta_sensor_async']) retrieved from /home/airflow/.local/lib/python3.10/site-packages/airflow/example_dags/example_time_delta_sensor_async.py
[2024-04-01T14:04:17.027+0000] {logging_mixin.py:154} INFO - [2024-04-01T14:04:17.027+0000] {dag.py:2941} INFO - Sync 1 DAGs
[2024-04-01T14:04:17.034+0000] {logging_mixin.py:154} INFO - [2024-04-01T14:04:17.034+0000] {dag.py:3722} INFO - Setting next_dagrun for example_time_delta_sensor_async to None, run_after=None
[2024-04-01T14:04:17.042+0000] {processor.py:179} INFO - Processing /home/airflow/.local/lib/python3.10/site-packages/airflow/example_dags/example_time_delta_sensor_async.py took 0.034 seconds
[2024-04-01T14:04:47.712+0000] {processor.py:157} INFO - Started process (PID=434) to work on /home/airflow/.local/lib/python3.10/site-packages/airflow/example_dags/example_time_delta_sensor_async.py
[2024-04-01T14:04:47.712+0000] {processor.py:829} INFO - Processing file /home/airflow/.local/lib/python3.10/site-packages/airflow/example_dags/example_time_delta_sensor_async.py for tasks to queue
[2024-04-01T14:04:47.713+0000] {logging_mixin.py:154} INFO - [2024-04-01T14:04:47.713+0000] {dagbag.py:536} INFO - Filling up the DagBag from /home/airflow/.local/lib/python3.10/site-packages/airflow/example_dags/example_time_delta_sensor_async.py
[2024-04-01T14:04:47.716+0000] {processor.py:839} INFO - DAG(s) dict_keys(['example_time_delta_sensor_async']) retrieved from /home/airflow/.local/lib/python3.10/site-packages/airflow/example_dags/example_time_delta_sensor_async.py
[2024-04-01T14:04:47.728+0000] {logging_mixin.py:154} INFO - [2024-04-01T14:04:47.728+0000] {dag.py:2941} INFO - Sync 1 DAGs
[2024-04-01T14:04:47.735+0000] {logging_mixin.py:154} INFO - [2024-04-01T14:04:47.735+0000] {dag.py:3722} INFO - Setting next_dagrun for example_time_delta_sensor_async to None, run_after=None
[2024-04-01T14:04:47.743+0000] {processor.py:179} INFO - Processing /home/airflow/.local/lib/python3.10/site-packages/airflow/example_dags/example_time_delta_sensor_async.py took 0.034 seconds
[2024-04-01T14:05:18.308+0000] {processor.py:157} INFO - Started process (PID=488) to work on /home/airflow/.local/lib/python3.10/site-packages/airflow/example_dags/example_time_delta_sensor_async.py
[2024-04-01T14:05:18.308+0000] {processor.py:829} INFO - Processing file /home/airflow/.local/lib/python3.10/site-packages/airflow/example_dags/example_time_delta_sensor_async.py for tasks to queue
[2024-04-01T14:05:18.309+0000] {logging_mixin.py:154} INFO - [2024-04-01T14:05:18.309+0000] {dagbag.py:536} INFO - Filling up the DagBag from /home/airflow/.local/lib/python3.10/site-packages/airflow/example_dags/example_time_delta_sensor_async.py
[2024-04-01T14:05:18.312+0000] {processor.py:839} INFO - DAG(s) dict_keys(['example_time_delta_sensor_async']) retrieved from /home/airflow/.local/lib/python3.10/site-packages/airflow/example_dags/example_time_delta_sensor_async.py
[2024-04-01T14:05:18.324+0000] {logging_mixin.py:154} INFO - [2024-04-01T14:05:18.324+0000] {dag.py:2941} INFO - Sync 1 DAGs
[2024-04-01T14:05:18.331+0000] {logging_mixin.py:154} INFO - [2024-04-01T14:05:18.331+0000] {dag.py:3722} INFO - Setting next_dagrun for example_time_delta_sensor_async to None, run_after=None
[2024-04-01T14:05:18.340+0000] {processor.py:179} INFO - Processing /home/airflow/.local/lib/python3.10/site-packages/airflow/example_dags/example_time_delta_sensor_async.py took 0.034 seconds
[2024-04-01T14:05:48.986+0000] {processor.py:157} INFO - Started process (PID=542) to work on /home/airflow/.local/lib/python3.10/site-packages/airflow/example_dags/example_time_delta_sensor_async.py
[2024-04-01T14:05:48.987+0000] {processor.py:829} INFO - Processing file /home/airflow/.local/lib/python3.10/site-packages/airflow/example_dags/example_time_delta_sensor_async.py for tasks to queue
[2024-04-01T14:05:48.988+0000] {logging_mixin.py:154} INFO - [2024-04-01T14:05:48.988+0000] {dagbag.py:536} INFO - Filling up the DagBag from /home/airflow/.local/lib/python3.10/site-packages/airflow/example_dags/example_time_delta_sensor_async.py
[2024-04-01T14:05:48.991+0000] {processor.py:839} INFO - DAG(s) dict_keys(['example_time_delta_sensor_async']) retrieved from /home/airflow/.local/lib/python3.10/site-packages/airflow/example_dags/example_time_delta_sensor_async.py
[2024-04-01T14:05:49.004+0000] {logging_mixin.py:154} INFO - [2024-04-01T14:05:49.004+0000] {dag.py:2941} INFO - Sync 1 DAGs
[2024-04-01T14:05:49.011+0000] {logging_mixin.py:154} INFO - [2024-04-01T14:05:49.011+0000] {dag.py:3722} INFO - Setting next_dagrun for example_time_delta_sensor_async to None, run_after=None
[2024-04-01T14:05:49.020+0000] {processor.py:179} INFO - Processing /home/airflow/.local/lib/python3.10/site-packages/airflow/example_dags/example_time_delta_sensor_async.py took 0.036 seconds
[2024-04-01T14:06:19.709+0000] {processor.py:157} INFO - Started process (PID=596) to work on /home/airflow/.local/lib/python3.10/site-packages/airflow/example_dags/example_time_delta_sensor_async.py
[2024-04-01T14:06:19.709+0000] {processor.py:829} INFO - Processing file /home/airflow/.local/lib/python3.10/site-packages/airflow/example_dags/example_time_delta_sensor_async.py for tasks to queue
[2024-04-01T14:06:19.710+0000] {logging_mixin.py:154} INFO - [2024-04-01T14:06:19.710+0000] {dagbag.py:536} INFO - Filling up the DagBag from /home/airflow/.local/lib/python3.10/site-packages/airflow/example_dags/example_time_delta_sensor_async.py
[2024-04-01T14:06:19.713+0000] {processor.py:839} INFO - DAG(s) dict_keys(['example_time_delta_sensor_async']) retrieved from /home/airflow/.local/lib/python3.10/site-packages/airflow/example_dags/example_time_delta_sensor_async.py
[2024-04-01T14:06:19.725+0000] {logging_mixin.py:154} INFO - [2024-04-01T14:06:19.725+0000] {dag.py:2941} INFO - Sync 1 DAGs
[2024-04-01T14:06:19.732+0000] {logging_mixin.py:154} INFO - [2024-04-01T14:06:19.732+0000] {dag.py:3722} INFO - Setting next_dagrun for example_time_delta_sensor_async to None, run_after=None
[2024-04-01T14:06:19.740+0000] {processor.py:179} INFO - Processing /home/airflow/.local/lib/python3.10/site-packages/airflow/example_dags/example_time_delta_sensor_async.py took 0.034 seconds
[2024-04-01T14:06:50.334+0000] {processor.py:157} INFO - Started process (PID=650) to work on /home/airflow/.local/lib/python3.10/site-packages/airflow/example_dags/example_time_delta_sensor_async.py
[2024-04-01T14:06:50.334+0000] {processor.py:829} INFO - Processing file /home/airflow/.local/lib/python3.10/site-packages/airflow/example_dags/example_time_delta_sensor_async.py for tasks to queue
[2024-04-01T14:06:50.336+0000] {logging_mixin.py:154} INFO - [2024-04-01T14:06:50.335+0000] {dagbag.py:536} INFO - Filling up the DagBag from /home/airflow/.local/lib/python3.10/site-packages/airflow/example_dags/example_time_delta_sensor_async.py
[2024-04-01T14:06:50.338+0000] {processor.py:839} INFO - DAG(s) dict_keys(['example_time_delta_sensor_async']) retrieved from /home/airflow/.local/lib/python3.10/site-packages/airflow/example_dags/example_time_delta_sensor_async.py
[2024-04-01T14:06:50.351+0000] {logging_mixin.py:154} INFO - [2024-04-01T14:06:50.350+0000] {dag.py:2941} INFO - Sync 1 DAGs
[2024-04-01T14:06:50.357+0000] {logging_mixin.py:154} INFO - [2024-04-01T14:06:50.357+0000] {dag.py:3722} INFO - Setting next_dagrun for example_time_delta_sensor_async to None, run_after=None
[2024-04-01T14:06:50.366+0000] {processor.py:179} INFO - Processing /home/airflow/.local/lib/python3.10/site-packages/airflow/example_dags/example_time_delta_sensor_async.py took 0.034 seconds
[2024-04-01T14:07:21.091+0000] {processor.py:157} INFO - Started process (PID=704) to work on /home/airflow/.local/lib/python3.10/site-packages/airflow/example_dags/example_time_delta_sensor_async.py
[2024-04-01T14:07:21.091+0000] {processor.py:829} INFO - Processing file /home/airflow/.local/lib/python3.10/site-packages/airflow/example_dags/example_time_delta_sensor_async.py for tasks to queue
[2024-04-01T14:07:21.092+0000] {logging_mixin.py:154} INFO - [2024-04-01T14:07:21.092+0000] {dagbag.py:536} INFO - Filling up the DagBag from /home/airflow/.local/lib/python3.10/site-packages/airflow/example_dags/example_time_delta_sensor_async.py
[2024-04-01T14:07:21.095+0000] {processor.py:839} INFO - DAG(s) dict_keys(['example_time_delta_sensor_async']) retrieved from /home/airflow/.local/lib/python3.10/site-packages/airflow/example_dags/example_time_delta_sensor_async.py
[2024-04-01T14:07:21.108+0000] {logging_mixin.py:154} INFO - [2024-04-01T14:07:21.107+0000] {dag.py:2941} INFO - Sync 1 DAGs
[2024-04-01T14:07:21.115+0000] {logging_mixin.py:154} INFO - [2024-04-01T14:07:21.115+0000] {dag.py:3722} INFO - Setting next_dagrun for example_time_delta_sensor_async to None, run_after=None
[2024-04-01T14:07:21.123+0000] {processor.py:179} INFO - Processing /home/airflow/.local/lib/python3.10/site-packages/airflow/example_dags/example_time_delta_sensor_async.py took 0.034 seconds
[2024-04-01T14:07:51.660+0000] {processor.py:157} INFO - Started process (PID=758) to work on /home/airflow/.local/lib/python3.10/site-packages/airflow/example_dags/example_time_delta_sensor_async.py
[2024-04-01T14:07:51.660+0000] {processor.py:829} INFO - Processing file /home/airflow/.local/lib/python3.10/site-packages/airflow/example_dags/example_time_delta_sensor_async.py for tasks to queue
[2024-04-01T14:07:51.662+0000] {logging_mixin.py:154} INFO - [2024-04-01T14:07:51.661+0000] {dagbag.py:536} INFO - Filling up the DagBag from /home/airflow/.local/lib/python3.10/site-packages/airflow/example_dags/example_time_delta_sensor_async.py
[2024-04-01T14:07:51.664+0000] {processor.py:839} INFO - DAG(s) dict_keys(['example_time_delta_sensor_async']) retrieved from /home/airflow/.local/lib/python3.10/site-packages/airflow/example_dags/example_time_delta_sensor_async.py
[2024-04-01T14:07:51.678+0000] {logging_mixin.py:154} INFO - [2024-04-01T14:07:51.677+0000] {dag.py:2941} INFO - Sync 1 DAGs
[2024-04-01T14:07:51.685+0000] {logging_mixin.py:154} INFO - [2024-04-01T14:07:51.685+0000] {dag.py:3722} INFO - Setting next_dagrun for example_time_delta_sensor_async to None, run_after=None
[2024-04-01T14:07:51.693+0000] {processor.py:179} INFO - Processing /home/airflow/.local/lib/python3.10/site-packages/airflow/example_dags/example_time_delta_sensor_async.py took 0.036 seconds
[2024-04-01T14:08:22.281+0000] {processor.py:157} INFO - Started process (PID=812) to work on /home/airflow/.local/lib/python3.10/site-packages/airflow/example_dags/example_time_delta_sensor_async.py
[2024-04-01T14:08:22.281+0000] {processor.py:829} INFO - Processing file /home/airflow/.local/lib/python3.10/site-packages/airflow/example_dags/example_time_delta_sensor_async.py for tasks to queue
[2024-04-01T14:08:22.282+0000] {logging_mixin.py:154} INFO - [2024-04-01T14:08:22.282+0000] {dagbag.py:536} INFO - Filling up the DagBag from /home/airflow/.local/lib/python3.10/site-packages/airflow/example_dags/example_time_delta_sensor_async.py
[2024-04-01T14:08:22.285+0000] {processor.py:839} INFO - DAG(s) dict_keys(['example_time_delta_sensor_async']) retrieved from /home/airflow/.local/lib/python3.10/site-packages/airflow/example_dags/example_time_delta_sensor_async.py
[2024-04-01T14:08:22.298+0000] {logging_mixin.py:154} INFO - [2024-04-01T14:08:22.298+0000] {dag.py:2941} INFO - Sync 1 DAGs
[2024-04-01T14:08:22.305+0000] {logging_mixin.py:154} INFO - [2024-04-01T14:08:22.305+0000] {dag.py:3722} INFO - Setting next_dagrun for example_time_delta_sensor_async to None, run_after=None
[2024-04-01T14:08:22.313+0000] {processor.py:179} INFO - Processing /home/airflow/.local/lib/python3.10/site-packages/airflow/example_dags/example_time_delta_sensor_async.py took 0.035 seconds
[2024-04-01T14:08:52.942+0000] {processor.py:157} INFO - Started process (PID=866) to work on /home/airflow/.local/lib/python3.10/site-packages/airflow/example_dags/example_time_delta_sensor_async.py
[2024-04-01T14:08:52.943+0000] {processor.py:829} INFO - Processing file /home/airflow/.local/lib/python3.10/site-packages/airflow/example_dags/example_time_delta_sensor_async.py for tasks to queue
[2024-04-01T14:08:52.944+0000] {logging_mixin.py:154} INFO - [2024-04-01T14:08:52.944+0000] {dagbag.py:536} INFO - Filling up the DagBag from /home/airflow/.local/lib/python3.10/site-packages/airflow/example_dags/example_time_delta_sensor_async.py
[2024-04-01T14:08:52.947+0000] {processor.py:839} INFO - DAG(s) dict_keys(['example_time_delta_sensor_async']) retrieved from /home/airflow/.local/lib/python3.10/site-packages/airflow/example_dags/example_time_delta_sensor_async.py
[2024-04-01T14:08:52.960+0000] {logging_mixin.py:154} INFO - [2024-04-01T14:08:52.960+0000] {dag.py:2941} INFO - Sync 1 DAGs
[2024-04-01T14:08:52.967+0000] {logging_mixin.py:154} INFO - [2024-04-01T14:08:52.967+0000] {dag.py:3722} INFO - Setting next_dagrun for example_time_delta_sensor_async to None, run_after=None
[2024-04-01T14:08:52.976+0000] {processor.py:179} INFO - Processing /home/airflow/.local/lib/python3.10/site-packages/airflow/example_dags/example_time_delta_sensor_async.py took 0.036 seconds
[2024-04-01T14:09:23.741+0000] {processor.py:157} INFO - Started process (PID=920) to work on /home/airflow/.local/lib/python3.10/site-packages/airflow/example_dags/example_time_delta_sensor_async.py
[2024-04-01T14:09:23.741+0000] {processor.py:829} INFO - Processing file /home/airflow/.local/lib/python3.10/site-packages/airflow/example_dags/example_time_delta_sensor_async.py for tasks to queue
[2024-04-01T14:09:23.743+0000] {logging_mixin.py:154} INFO - [2024-04-01T14:09:23.743+0000] {dagbag.py:536} INFO - Filling up the DagBag from /home/airflow/.local/lib/python3.10/site-packages/airflow/example_dags/example_time_delta_sensor_async.py
[2024-04-01T14:09:23.746+0000] {processor.py:839} INFO - DAG(s) dict_keys(['example_time_delta_sensor_async']) retrieved from /home/airflow/.local/lib/python3.10/site-packages/airflow/example_dags/example_time_delta_sensor_async.py
[2024-04-01T14:09:23.760+0000] {logging_mixin.py:154} INFO - [2024-04-01T14:09:23.760+0000] {dag.py:2941} INFO - Sync 1 DAGs
[2024-04-01T14:09:23.768+0000] {logging_mixin.py:154} INFO - [2024-04-01T14:09:23.768+0000] {dag.py:3722} INFO - Setting next_dagrun for example_time_delta_sensor_async to None, run_after=None
[2024-04-01T14:09:23.778+0000] {processor.py:179} INFO - Processing /home/airflow/.local/lib/python3.10/site-packages/airflow/example_dags/example_time_delta_sensor_async.py took 0.039 seconds
[2024-04-01T14:09:54.348+0000] {processor.py:157} INFO - Started process (PID=974) to work on /home/airflow/.local/lib/python3.10/site-packages/airflow/example_dags/example_time_delta_sensor_async.py
[2024-04-01T14:09:54.348+0000] {processor.py:829} INFO - Processing file /home/airflow/.local/lib/python3.10/site-packages/airflow/example_dags/example_time_delta_sensor_async.py for tasks to queue
[2024-04-01T14:09:54.349+0000] {logging_mixin.py:154} INFO - [2024-04-01T14:09:54.349+0000] {dagbag.py:536} INFO - Filling up the DagBag from /home/airflow/.local/lib/python3.10/site-packages/airflow/example_dags/example_time_delta_sensor_async.py
[2024-04-01T14:09:54.352+0000] {processor.py:839} INFO - DAG(s) dict_keys(['example_time_delta_sensor_async']) retrieved from /home/airflow/.local/lib/python3.10/site-packages/airflow/example_dags/example_time_delta_sensor_async.py
[2024-04-01T14:09:54.365+0000] {logging_mixin.py:154} INFO - [2024-04-01T14:09:54.365+0000] {dag.py:2941} INFO - Sync 1 DAGs
[2024-04-01T14:09:54.372+0000] {logging_mixin.py:154} INFO - [2024-04-01T14:09:54.372+0000] {dag.py:3722} INFO - Setting next_dagrun for example_time_delta_sensor_async to None, run_after=None
[2024-04-01T14:09:54.380+0000] {processor.py:179} INFO - Processing /home/airflow/.local/lib/python3.10/site-packages/airflow/example_dags/example_time_delta_sensor_async.py took 0.035 seconds
[2024-04-01T14:10:25.084+0000] {processor.py:157} INFO - Started process (PID=1028) to work on /home/airflow/.local/lib/python3.10/site-packages/airflow/example_dags/example_time_delta_sensor_async.py
[2024-04-01T14:10:25.085+0000] {processor.py:829} INFO - Processing file /home/airflow/.local/lib/python3.10/site-packages/airflow/example_dags/example_time_delta_sensor_async.py for tasks to queue
[2024-04-01T14:10:25.086+0000] {logging_mixin.py:154} INFO - [2024-04-01T14:10:25.086+0000] {dagbag.py:536} INFO - Filling up the DagBag from /home/airflow/.local/lib/python3.10/site-packages/airflow/example_dags/example_time_delta_sensor_async.py
[2024-04-01T14:10:25.089+0000] {processor.py:839} INFO - DAG(s) dict_keys(['example_time_delta_sensor_async']) retrieved from /home/airflow/.local/lib/python3.10/site-packages/airflow/example_dags/example_time_delta_sensor_async.py
[2024-04-01T14:10:25.101+0000] {logging_mixin.py:154} INFO - [2024-04-01T14:10:25.101+0000] {dag.py:2941} INFO - Sync 1 DAGs
[2024-04-01T14:10:25.108+0000] {logging_mixin.py:154} INFO - [2024-04-01T14:10:25.108+0000] {dag.py:3722} INFO - Setting next_dagrun for example_time_delta_sensor_async to None, run_after=None
[2024-04-01T14:10:25.116+0000] {processor.py:179} INFO - Processing /home/airflow/.local/lib/python3.10/site-packages/airflow/example_dags/example_time_delta_sensor_async.py took 0.034 seconds
[2024-04-01T14:10:55.697+0000] {processor.py:157} INFO - Started process (PID=1082) to work on /home/airflow/.local/lib/python3.10/site-packages/airflow/example_dags/example_time_delta_sensor_async.py
[2024-04-01T14:10:55.698+0000] {processor.py:829} INFO - Processing file /home/airflow/.local/lib/python3.10/site-packages/airflow/example_dags/example_time_delta_sensor_async.py for tasks to queue
[2024-04-01T14:10:55.699+0000] {logging_mixin.py:154} INFO - [2024-04-01T14:10:55.699+0000] {dagbag.py:536} INFO - Filling up the DagBag from /home/airflow/.local/lib/python3.10/site-packages/airflow/example_dags/example_time_delta_sensor_async.py
[2024-04-01T14:10:55.701+0000] {processor.py:839} INFO - DAG(s) dict_keys(['example_time_delta_sensor_async']) retrieved from /home/airflow/.local/lib/python3.10/site-packages/airflow/example_dags/example_time_delta_sensor_async.py
[2024-04-01T14:10:55.714+0000] {logging_mixin.py:154} INFO - [2024-04-01T14:10:55.714+0000] {dag.py:2941} INFO - Sync 1 DAGs
[2024-04-01T14:10:55.721+0000] {logging_mixin.py:154} INFO - [2024-04-01T14:10:55.721+0000] {dag.py:3722} INFO - Setting next_dagrun for example_time_delta_sensor_async to None, run_after=None
[2024-04-01T14:10:55.729+0000] {processor.py:179} INFO - Processing /home/airflow/.local/lib/python3.10/site-packages/airflow/example_dags/example_time_delta_sensor_async.py took 0.034 seconds
[2024-04-01T14:11:26.409+0000] {processor.py:157} INFO - Started process (PID=1136) to work on /home/airflow/.local/lib/python3.10/site-packages/airflow/example_dags/example_time_delta_sensor_async.py
[2024-04-01T14:11:26.409+0000] {processor.py:829} INFO - Processing file /home/airflow/.local/lib/python3.10/site-packages/airflow/example_dags/example_time_delta_sensor_async.py for tasks to queue
[2024-04-01T14:11:26.411+0000] {logging_mixin.py:154} INFO - [2024-04-01T14:11:26.410+0000] {dagbag.py:536} INFO - Filling up the DagBag from /home/airflow/.local/lib/python3.10/site-packages/airflow/example_dags/example_time_delta_sensor_async.py
[2024-04-01T14:11:26.414+0000] {processor.py:839} INFO - DAG(s) dict_keys(['example_time_delta_sensor_async']) retrieved from /home/airflow/.local/lib/python3.10/site-packages/airflow/example_dags/example_time_delta_sensor_async.py
[2024-04-01T14:11:26.426+0000] {logging_mixin.py:154} INFO - [2024-04-01T14:11:26.426+0000] {dag.py:2941} INFO - Sync 1 DAGs
[2024-04-01T14:11:26.434+0000] {logging_mixin.py:154} INFO - [2024-04-01T14:11:26.433+0000] {dag.py:3722} INFO - Setting next_dagrun for example_time_delta_sensor_async to None, run_after=None
[2024-04-01T14:11:26.442+0000] {processor.py:179} INFO - Processing /home/airflow/.local/lib/python3.10/site-packages/airflow/example_dags/example_time_delta_sensor_async.py took 0.035 seconds
[2024-04-01T14:11:57.106+0000] {processor.py:157} INFO - Started process (PID=1190) to work on /home/airflow/.local/lib/python3.10/site-packages/airflow/example_dags/example_time_delta_sensor_async.py
[2024-04-01T14:11:57.106+0000] {processor.py:829} INFO - Processing file /home/airflow/.local/lib/python3.10/site-packages/airflow/example_dags/example_time_delta_sensor_async.py for tasks to queue
[2024-04-01T14:11:57.107+0000] {logging_mixin.py:154} INFO - [2024-04-01T14:11:57.107+0000] {dagbag.py:536} INFO - Filling up the DagBag from /home/airflow/.local/lib/python3.10/site-packages/airflow/example_dags/example_time_delta_sensor_async.py
[2024-04-01T14:11:57.110+0000] {processor.py:839} INFO - DAG(s) dict_keys(['example_time_delta_sensor_async']) retrieved from /home/airflow/.local/lib/python3.10/site-packages/airflow/example_dags/example_time_delta_sensor_async.py
[2024-04-01T14:11:57.123+0000] {logging_mixin.py:154} INFO - [2024-04-01T14:11:57.123+0000] {dag.py:2941} INFO - Sync 1 DAGs
[2024-04-01T14:11:57.130+0000] {logging_mixin.py:154} INFO - [2024-04-01T14:11:57.130+0000] {dag.py:3722} INFO - Setting next_dagrun for example_time_delta_sensor_async to None, run_after=None
[2024-04-01T14:11:57.139+0000] {processor.py:179} INFO - Processing /home/airflow/.local/lib/python3.10/site-packages/airflow/example_dags/example_time_delta_sensor_async.py took 0.035 seconds
[2024-04-01T14:12:27.781+0000] {processor.py:157} INFO - Started process (PID=1244) to work on /home/airflow/.local/lib/python3.10/site-packages/airflow/example_dags/example_time_delta_sensor_async.py
[2024-04-01T14:12:27.782+0000] {processor.py:829} INFO - Processing file /home/airflow/.local/lib/python3.10/site-packages/airflow/example_dags/example_time_delta_sensor_async.py for tasks to queue
[2024-04-01T14:12:27.783+0000] {logging_mixin.py:154} INFO - [2024-04-01T14:12:27.783+0000] {dagbag.py:536} INFO - Filling up the DagBag from /home/airflow/.local/lib/python3.10/site-packages/airflow/example_dags/example_time_delta_sensor_async.py
[2024-04-01T14:12:27.786+0000] {processor.py:839} INFO - DAG(s) dict_keys(['example_time_delta_sensor_async']) retrieved from /home/airflow/.local/lib/python3.10/site-packages/airflow/example_dags/example_time_delta_sensor_async.py
[2024-04-01T14:12:27.798+0000] {logging_mixin.py:154} INFO - [2024-04-01T14:12:27.798+0000] {dag.py:2941} INFO - Sync 1 DAGs
[2024-04-01T14:12:27.805+0000] {logging_mixin.py:154} INFO - [2024-04-01T14:12:27.805+0000] {dag.py:3722} INFO - Setting next_dagrun for example_time_delta_sensor_async to None, run_after=None
[2024-04-01T14:12:27.813+0000] {processor.py:179} INFO - Processing /home/airflow/.local/lib/python3.10/site-packages/airflow/example_dags/example_time_delta_sensor_async.py took 0.034 seconds
[2024-04-01T14:12:58.533+0000] {processor.py:157} INFO - Started process (PID=1298) to work on /home/airflow/.local/lib/python3.10/site-packages/airflow/example_dags/example_time_delta_sensor_async.py
[2024-04-01T14:12:58.533+0000] {processor.py:829} INFO - Processing file /home/airflow/.local/lib/python3.10/site-packages/airflow/example_dags/example_time_delta_sensor_async.py for tasks to queue
[2024-04-01T14:12:58.534+0000] {logging_mixin.py:154} INFO - [2024-04-01T14:12:58.534+0000] {dagbag.py:536} INFO - Filling up the DagBag from /home/airflow/.local/lib/python3.10/site-packages/airflow/example_dags/example_time_delta_sensor_async.py
[2024-04-01T14:12:58.537+0000] {processor.py:839} INFO - DAG(s) dict_keys(['example_time_delta_sensor_async']) retrieved from /home/airflow/.local/lib/python3.10/site-packages/airflow/example_dags/example_time_delta_sensor_async.py
[2024-04-01T14:12:58.550+0000] {logging_mixin.py:154} INFO - [2024-04-01T14:12:58.550+0000] {dag.py:2941} INFO - Sync 1 DAGs
[2024-04-01T14:12:58.557+0000] {logging_mixin.py:154} INFO - [2024-04-01T14:12:58.557+0000] {dag.py:3722} INFO - Setting next_dagrun for example_time_delta_sensor_async to None, run_after=None
[2024-04-01T14:12:58.565+0000] {processor.py:179} INFO - Processing /home/airflow/.local/lib/python3.10/site-packages/airflow/example_dags/example_time_delta_sensor_async.py took 0.035 seconds
[2024-04-01T14:13:29.289+0000] {processor.py:157} INFO - Started process (PID=1352) to work on /home/airflow/.local/lib/python3.10/site-packages/airflow/example_dags/example_time_delta_sensor_async.py
[2024-04-01T14:13:29.290+0000] {processor.py:829} INFO - Processing file /home/airflow/.local/lib/python3.10/site-packages/airflow/example_dags/example_time_delta_sensor_async.py for tasks to queue
[2024-04-01T14:13:29.291+0000] {logging_mixin.py:154} INFO - [2024-04-01T14:13:29.291+0000] {dagbag.py:536} INFO - Filling up the DagBag from /home/airflow/.local/lib/python3.10/site-packages/airflow/example_dags/example_time_delta_sensor_async.py
[2024-04-01T14:13:29.294+0000] {processor.py:839} INFO - DAG(s) dict_keys(['example_time_delta_sensor_async']) retrieved from /home/airflow/.local/lib/python3.10/site-packages/airflow/example_dags/example_time_delta_sensor_async.py
[2024-04-01T14:13:29.307+0000] {logging_mixin.py:154} INFO - [2024-04-01T14:13:29.307+0000] {dag.py:2941} INFO - Sync 1 DAGs
[2024-04-01T14:13:29.314+0000] {logging_mixin.py:154} INFO - [2024-04-01T14:13:29.314+0000] {dag.py:3722} INFO - Setting next_dagrun for example_time_delta_sensor_async to None, run_after=None
[2024-04-01T14:13:29.323+0000] {processor.py:179} INFO - Processing /home/airflow/.local/lib/python3.10/site-packages/airflow/example_dags/example_time_delta_sensor_async.py took 0.036 seconds
[2024-04-01T14:13:59.991+0000] {processor.py:157} INFO - Started process (PID=1406) to work on /home/airflow/.local/lib/python3.10/site-packages/airflow/example_dags/example_time_delta_sensor_async.py
[2024-04-01T14:13:59.991+0000] {processor.py:829} INFO - Processing file /home/airflow/.local/lib/python3.10/site-packages/airflow/example_dags/example_time_delta_sensor_async.py for tasks to queue
[2024-04-01T14:13:59.993+0000] {logging_mixin.py:154} INFO - [2024-04-01T14:13:59.992+0000] {dagbag.py:536} INFO - Filling up the DagBag from /home/airflow/.local/lib/python3.10/site-packages/airflow/example_dags/example_time_delta_sensor_async.py
[2024-04-01T14:13:59.995+0000] {processor.py:839} INFO - DAG(s) dict_keys(['example_time_delta_sensor_async']) retrieved from /home/airflow/.local/lib/python3.10/site-packages/airflow/example_dags/example_time_delta_sensor_async.py
[2024-04-01T14:14:00.010+0000] {logging_mixin.py:154} INFO - [2024-04-01T14:14:00.010+0000] {dag.py:2941} INFO - Sync 1 DAGs
[2024-04-01T14:14:00.020+0000] {logging_mixin.py:154} INFO - [2024-04-01T14:14:00.020+0000] {dag.py:3722} INFO - Setting next_dagrun for example_time_delta_sensor_async to None, run_after=None
[2024-04-01T14:14:00.032+0000] {processor.py:179} INFO - Processing /home/airflow/.local/lib/python3.10/site-packages/airflow/example_dags/example_time_delta_sensor_async.py took 0.043 seconds
