[2024-04-01T14:01:13.041+0000] {processor.py:157} INFO - Started process (PID=53) to work on /home/airflow/.local/lib/python3.10/site-packages/airflow/example_dags/example_task_group_decorator.py
[2024-04-01T14:01:13.041+0000] {processor.py:829} INFO - Processing file /home/airflow/.local/lib/python3.10/site-packages/airflow/example_dags/example_task_group_decorator.py for tasks to queue
[2024-04-01T14:01:13.042+0000] {logging_mixin.py:154} INFO - [2024-04-01T14:01:13.042+0000] {dagbag.py:536} INFO - Filling up the DagBag from /home/airflow/.local/lib/python3.10/site-packages/airflow/example_dags/example_task_group_decorator.py
[2024-04-01T14:01:13.053+0000] {processor.py:839} INFO - DAG(s) dict_keys(['example_task_group_decorator']) retrieved from /home/airflow/.local/lib/python3.10/site-packages/airflow/example_dags/example_task_group_decorator.py
[2024-04-01T14:01:13.063+0000] {logging_mixin.py:154} INFO - [2024-04-01T14:01:13.063+0000] {dag.py:2941} INFO - Sync 1 DAGs
[2024-04-01T14:01:13.080+0000] {logging_mixin.py:154} INFO - [2024-04-01T14:01:13.079+0000] {dag.py:3722} INFO - Setting next_dagrun for example_task_group_decorator to 2024-03-31T14:01:13.079818+00:00, run_after=2024-04-01T14:01:13.079818+00:00
[2024-04-01T14:01:13.091+0000] {processor.py:179} INFO - Processing /home/airflow/.local/lib/python3.10/site-packages/airflow/example_dags/example_task_group_decorator.py took 0.052 seconds
[2024-04-01T14:01:43.666+0000] {processor.py:157} INFO - Started process (PID=107) to work on /home/airflow/.local/lib/python3.10/site-packages/airflow/example_dags/example_task_group_decorator.py
[2024-04-01T14:01:43.666+0000] {processor.py:829} INFO - Processing file /home/airflow/.local/lib/python3.10/site-packages/airflow/example_dags/example_task_group_decorator.py for tasks to queue
[2024-04-01T14:01:43.668+0000] {logging_mixin.py:154} INFO - [2024-04-01T14:01:43.667+0000] {dagbag.py:536} INFO - Filling up the DagBag from /home/airflow/.local/lib/python3.10/site-packages/airflow/example_dags/example_task_group_decorator.py
[2024-04-01T14:01:43.675+0000] {processor.py:839} INFO - DAG(s) dict_keys(['example_task_group_decorator']) retrieved from /home/airflow/.local/lib/python3.10/site-packages/airflow/example_dags/example_task_group_decorator.py
[2024-04-01T14:01:43.689+0000] {logging_mixin.py:154} INFO - [2024-04-01T14:01:43.689+0000] {dag.py:2941} INFO - Sync 1 DAGs
[2024-04-01T14:01:43.700+0000] {logging_mixin.py:154} INFO - [2024-04-01T14:01:43.700+0000] {dag.py:3722} INFO - Setting next_dagrun for example_task_group_decorator to 2024-03-31T14:01:43.700611+00:00, run_after=2024-04-01T14:01:43.700611+00:00
[2024-04-01T14:01:43.709+0000] {processor.py:179} INFO - Processing /home/airflow/.local/lib/python3.10/site-packages/airflow/example_dags/example_task_group_decorator.py took 0.045 seconds
[2024-04-01T14:02:14.178+0000] {processor.py:157} INFO - Started process (PID=161) to work on /home/airflow/.local/lib/python3.10/site-packages/airflow/example_dags/example_task_group_decorator.py
[2024-04-01T14:02:14.178+0000] {processor.py:829} INFO - Processing file /home/airflow/.local/lib/python3.10/site-packages/airflow/example_dags/example_task_group_decorator.py for tasks to queue
[2024-04-01T14:02:14.179+0000] {logging_mixin.py:154} INFO - [2024-04-01T14:02:14.179+0000] {dagbag.py:536} INFO - Filling up the DagBag from /home/airflow/.local/lib/python3.10/site-packages/airflow/example_dags/example_task_group_decorator.py
[2024-04-01T14:02:14.187+0000] {processor.py:839} INFO - DAG(s) dict_keys(['example_task_group_decorator']) retrieved from /home/airflow/.local/lib/python3.10/site-packages/airflow/example_dags/example_task_group_decorator.py
[2024-04-01T14:02:14.201+0000] {logging_mixin.py:154} INFO - [2024-04-01T14:02:14.201+0000] {dag.py:2941} INFO - Sync 1 DAGs
[2024-04-01T14:02:14.213+0000] {logging_mixin.py:154} INFO - [2024-04-01T14:02:14.212+0000] {dag.py:3722} INFO - Setting next_dagrun for example_task_group_decorator to 2024-03-31T14:02:14.212800+00:00, run_after=2024-04-01T14:02:14.212800+00:00
[2024-04-01T14:02:14.221+0000] {processor.py:179} INFO - Processing /home/airflow/.local/lib/python3.10/site-packages/airflow/example_dags/example_task_group_decorator.py took 0.045 seconds
[2024-04-01T14:02:44.806+0000] {processor.py:157} INFO - Started process (PID=215) to work on /home/airflow/.local/lib/python3.10/site-packages/airflow/example_dags/example_task_group_decorator.py
[2024-04-01T14:02:44.807+0000] {processor.py:829} INFO - Processing file /home/airflow/.local/lib/python3.10/site-packages/airflow/example_dags/example_task_group_decorator.py for tasks to queue
[2024-04-01T14:02:44.808+0000] {logging_mixin.py:154} INFO - [2024-04-01T14:02:44.808+0000] {dagbag.py:536} INFO - Filling up the DagBag from /home/airflow/.local/lib/python3.10/site-packages/airflow/example_dags/example_task_group_decorator.py
[2024-04-01T14:02:44.816+0000] {processor.py:839} INFO - DAG(s) dict_keys(['example_task_group_decorator']) retrieved from /home/airflow/.local/lib/python3.10/site-packages/airflow/example_dags/example_task_group_decorator.py
[2024-04-01T14:02:44.830+0000] {logging_mixin.py:154} INFO - [2024-04-01T14:02:44.830+0000] {dag.py:2941} INFO - Sync 1 DAGs
[2024-04-01T14:02:44.841+0000] {logging_mixin.py:154} INFO - [2024-04-01T14:02:44.841+0000] {dag.py:3722} INFO - Setting next_dagrun for example_task_group_decorator to 2024-03-31T14:02:44.841479+00:00, run_after=2024-04-01T14:02:44.841479+00:00
[2024-04-01T14:02:44.850+0000] {processor.py:179} INFO - Processing /home/airflow/.local/lib/python3.10/site-packages/airflow/example_dags/example_task_group_decorator.py took 0.045 seconds
[2024-04-01T14:03:15.407+0000] {processor.py:157} INFO - Started process (PID=269) to work on /home/airflow/.local/lib/python3.10/site-packages/airflow/example_dags/example_task_group_decorator.py
[2024-04-01T14:03:15.408+0000] {processor.py:829} INFO - Processing file /home/airflow/.local/lib/python3.10/site-packages/airflow/example_dags/example_task_group_decorator.py for tasks to queue
[2024-04-01T14:03:15.409+0000] {logging_mixin.py:154} INFO - [2024-04-01T14:03:15.408+0000] {dagbag.py:536} INFO - Filling up the DagBag from /home/airflow/.local/lib/python3.10/site-packages/airflow/example_dags/example_task_group_decorator.py
[2024-04-01T14:03:15.416+0000] {processor.py:839} INFO - DAG(s) dict_keys(['example_task_group_decorator']) retrieved from /home/airflow/.local/lib/python3.10/site-packages/airflow/example_dags/example_task_group_decorator.py
[2024-04-01T14:03:15.431+0000] {logging_mixin.py:154} INFO - [2024-04-01T14:03:15.431+0000] {dag.py:2941} INFO - Sync 1 DAGs
[2024-04-01T14:03:15.443+0000] {logging_mixin.py:154} INFO - [2024-04-01T14:03:15.443+0000] {dag.py:3722} INFO - Setting next_dagrun for example_task_group_decorator to 2024-03-31T14:03:15.442904+00:00, run_after=2024-04-01T14:03:15.442904+00:00
[2024-04-01T14:03:15.451+0000] {processor.py:179} INFO - Processing /home/airflow/.local/lib/python3.10/site-packages/airflow/example_dags/example_task_group_decorator.py took 0.046 seconds
[2024-04-01T14:03:46.108+0000] {processor.py:157} INFO - Started process (PID=323) to work on /home/airflow/.local/lib/python3.10/site-packages/airflow/example_dags/example_task_group_decorator.py
[2024-04-01T14:03:46.108+0000] {processor.py:829} INFO - Processing file /home/airflow/.local/lib/python3.10/site-packages/airflow/example_dags/example_task_group_decorator.py for tasks to queue
[2024-04-01T14:03:46.109+0000] {logging_mixin.py:154} INFO - [2024-04-01T14:03:46.109+0000] {dagbag.py:536} INFO - Filling up the DagBag from /home/airflow/.local/lib/python3.10/site-packages/airflow/example_dags/example_task_group_decorator.py
[2024-04-01T14:03:46.118+0000] {processor.py:839} INFO - DAG(s) dict_keys(['example_task_group_decorator']) retrieved from /home/airflow/.local/lib/python3.10/site-packages/airflow/example_dags/example_task_group_decorator.py
[2024-04-01T14:03:46.132+0000] {logging_mixin.py:154} INFO - [2024-04-01T14:03:46.132+0000] {dag.py:2941} INFO - Sync 1 DAGs
[2024-04-01T14:03:46.146+0000] {logging_mixin.py:154} INFO - [2024-04-01T14:03:46.146+0000] {dag.py:3722} INFO - Setting next_dagrun for example_task_group_decorator to 2024-03-31T14:03:46.146090+00:00, run_after=2024-04-01T14:03:46.146090+00:00
[2024-04-01T14:03:46.155+0000] {processor.py:179} INFO - Processing /home/airflow/.local/lib/python3.10/site-packages/airflow/example_dags/example_task_group_decorator.py took 0.050 seconds
[2024-04-01T14:04:16.871+0000] {processor.py:157} INFO - Started process (PID=377) to work on /home/airflow/.local/lib/python3.10/site-packages/airflow/example_dags/example_task_group_decorator.py
[2024-04-01T14:04:16.872+0000] {processor.py:829} INFO - Processing file /home/airflow/.local/lib/python3.10/site-packages/airflow/example_dags/example_task_group_decorator.py for tasks to queue
[2024-04-01T14:04:16.873+0000] {logging_mixin.py:154} INFO - [2024-04-01T14:04:16.873+0000] {dagbag.py:536} INFO - Filling up the DagBag from /home/airflow/.local/lib/python3.10/site-packages/airflow/example_dags/example_task_group_decorator.py
[2024-04-01T14:04:16.881+0000] {processor.py:839} INFO - DAG(s) dict_keys(['example_task_group_decorator']) retrieved from /home/airflow/.local/lib/python3.10/site-packages/airflow/example_dags/example_task_group_decorator.py
[2024-04-01T14:04:16.895+0000] {logging_mixin.py:154} INFO - [2024-04-01T14:04:16.895+0000] {dag.py:2941} INFO - Sync 1 DAGs
[2024-04-01T14:04:16.908+0000] {logging_mixin.py:154} INFO - [2024-04-01T14:04:16.907+0000] {dag.py:3722} INFO - Setting next_dagrun for example_task_group_decorator to 2024-03-31T14:04:16.907748+00:00, run_after=2024-04-01T14:04:16.907748+00:00
[2024-04-01T14:04:16.916+0000] {processor.py:179} INFO - Processing /home/airflow/.local/lib/python3.10/site-packages/airflow/example_dags/example_task_group_decorator.py took 0.047 seconds
[2024-04-01T14:04:47.636+0000] {processor.py:157} INFO - Started process (PID=431) to work on /home/airflow/.local/lib/python3.10/site-packages/airflow/example_dags/example_task_group_decorator.py
[2024-04-01T14:04:47.637+0000] {processor.py:829} INFO - Processing file /home/airflow/.local/lib/python3.10/site-packages/airflow/example_dags/example_task_group_decorator.py for tasks to queue
[2024-04-01T14:04:47.638+0000] {logging_mixin.py:154} INFO - [2024-04-01T14:04:47.637+0000] {dagbag.py:536} INFO - Filling up the DagBag from /home/airflow/.local/lib/python3.10/site-packages/airflow/example_dags/example_task_group_decorator.py
[2024-04-01T14:04:47.646+0000] {processor.py:839} INFO - DAG(s) dict_keys(['example_task_group_decorator']) retrieved from /home/airflow/.local/lib/python3.10/site-packages/airflow/example_dags/example_task_group_decorator.py
[2024-04-01T14:04:47.661+0000] {logging_mixin.py:154} INFO - [2024-04-01T14:04:47.660+0000] {dag.py:2941} INFO - Sync 1 DAGs
[2024-04-01T14:04:47.673+0000] {logging_mixin.py:154} INFO - [2024-04-01T14:04:47.673+0000] {dag.py:3722} INFO - Setting next_dagrun for example_task_group_decorator to 2024-03-31T14:04:47.672862+00:00, run_after=2024-04-01T14:04:47.672862+00:00
[2024-04-01T14:04:47.681+0000] {processor.py:179} INFO - Processing /home/airflow/.local/lib/python3.10/site-packages/airflow/example_dags/example_task_group_decorator.py took 0.048 seconds
[2024-04-01T14:05:18.235+0000] {processor.py:157} INFO - Started process (PID=485) to work on /home/airflow/.local/lib/python3.10/site-packages/airflow/example_dags/example_task_group_decorator.py
[2024-04-01T14:05:18.236+0000] {processor.py:829} INFO - Processing file /home/airflow/.local/lib/python3.10/site-packages/airflow/example_dags/example_task_group_decorator.py for tasks to queue
[2024-04-01T14:05:18.237+0000] {logging_mixin.py:154} INFO - [2024-04-01T14:05:18.237+0000] {dagbag.py:536} INFO - Filling up the DagBag from /home/airflow/.local/lib/python3.10/site-packages/airflow/example_dags/example_task_group_decorator.py
[2024-04-01T14:05:18.245+0000] {processor.py:839} INFO - DAG(s) dict_keys(['example_task_group_decorator']) retrieved from /home/airflow/.local/lib/python3.10/site-packages/airflow/example_dags/example_task_group_decorator.py
[2024-04-01T14:05:18.259+0000] {logging_mixin.py:154} INFO - [2024-04-01T14:05:18.259+0000] {dag.py:2941} INFO - Sync 1 DAGs
[2024-04-01T14:05:18.271+0000] {logging_mixin.py:154} INFO - [2024-04-01T14:05:18.271+0000] {dag.py:3722} INFO - Setting next_dagrun for example_task_group_decorator to 2024-03-31T14:05:18.271118+00:00, run_after=2024-04-01T14:05:18.271118+00:00
[2024-04-01T14:05:18.279+0000] {processor.py:179} INFO - Processing /home/airflow/.local/lib/python3.10/site-packages/airflow/example_dags/example_task_group_decorator.py took 0.046 seconds
[2024-04-01T14:05:48.848+0000] {processor.py:157} INFO - Started process (PID=539) to work on /home/airflow/.local/lib/python3.10/site-packages/airflow/example_dags/example_task_group_decorator.py
[2024-04-01T14:05:48.848+0000] {processor.py:829} INFO - Processing file /home/airflow/.local/lib/python3.10/site-packages/airflow/example_dags/example_task_group_decorator.py for tasks to queue
[2024-04-01T14:05:48.849+0000] {logging_mixin.py:154} INFO - [2024-04-01T14:05:48.849+0000] {dagbag.py:536} INFO - Filling up the DagBag from /home/airflow/.local/lib/python3.10/site-packages/airflow/example_dags/example_task_group_decorator.py
[2024-04-01T14:05:48.857+0000] {processor.py:839} INFO - DAG(s) dict_keys(['example_task_group_decorator']) retrieved from /home/airflow/.local/lib/python3.10/site-packages/airflow/example_dags/example_task_group_decorator.py
[2024-04-01T14:05:48.871+0000] {logging_mixin.py:154} INFO - [2024-04-01T14:05:48.871+0000] {dag.py:2941} INFO - Sync 1 DAGs
[2024-04-01T14:05:48.883+0000] {logging_mixin.py:154} INFO - [2024-04-01T14:05:48.882+0000] {dag.py:3722} INFO - Setting next_dagrun for example_task_group_decorator to 2024-03-31T14:05:48.882758+00:00, run_after=2024-04-01T14:05:48.882758+00:00
[2024-04-01T14:05:48.891+0000] {processor.py:179} INFO - Processing /home/airflow/.local/lib/python3.10/site-packages/airflow/example_dags/example_task_group_decorator.py took 0.045 seconds
[2024-04-01T14:06:19.572+0000] {processor.py:157} INFO - Started process (PID=593) to work on /home/airflow/.local/lib/python3.10/site-packages/airflow/example_dags/example_task_group_decorator.py
[2024-04-01T14:06:19.573+0000] {processor.py:829} INFO - Processing file /home/airflow/.local/lib/python3.10/site-packages/airflow/example_dags/example_task_group_decorator.py for tasks to queue
[2024-04-01T14:06:19.574+0000] {logging_mixin.py:154} INFO - [2024-04-01T14:06:19.574+0000] {dagbag.py:536} INFO - Filling up the DagBag from /home/airflow/.local/lib/python3.10/site-packages/airflow/example_dags/example_task_group_decorator.py
[2024-04-01T14:06:19.582+0000] {processor.py:839} INFO - DAG(s) dict_keys(['example_task_group_decorator']) retrieved from /home/airflow/.local/lib/python3.10/site-packages/airflow/example_dags/example_task_group_decorator.py
[2024-04-01T14:06:19.596+0000] {logging_mixin.py:154} INFO - [2024-04-01T14:06:19.595+0000] {dag.py:2941} INFO - Sync 1 DAGs
[2024-04-01T14:06:19.607+0000] {logging_mixin.py:154} INFO - [2024-04-01T14:06:19.607+0000] {dag.py:3722} INFO - Setting next_dagrun for example_task_group_decorator to 2024-03-31T14:06:19.607487+00:00, run_after=2024-04-01T14:06:19.607487+00:00
[2024-04-01T14:06:19.615+0000] {processor.py:179} INFO - Processing /home/airflow/.local/lib/python3.10/site-packages/airflow/example_dags/example_task_group_decorator.py took 0.045 seconds
[2024-04-01T14:06:50.199+0000] {processor.py:157} INFO - Started process (PID=647) to work on /home/airflow/.local/lib/python3.10/site-packages/airflow/example_dags/example_task_group_decorator.py
[2024-04-01T14:06:50.199+0000] {processor.py:829} INFO - Processing file /home/airflow/.local/lib/python3.10/site-packages/airflow/example_dags/example_task_group_decorator.py for tasks to queue
[2024-04-01T14:06:50.200+0000] {logging_mixin.py:154} INFO - [2024-04-01T14:06:50.200+0000] {dagbag.py:536} INFO - Filling up the DagBag from /home/airflow/.local/lib/python3.10/site-packages/airflow/example_dags/example_task_group_decorator.py
[2024-04-01T14:06:50.208+0000] {processor.py:839} INFO - DAG(s) dict_keys(['example_task_group_decorator']) retrieved from /home/airflow/.local/lib/python3.10/site-packages/airflow/example_dags/example_task_group_decorator.py
[2024-04-01T14:06:50.222+0000] {logging_mixin.py:154} INFO - [2024-04-01T14:06:50.222+0000] {dag.py:2941} INFO - Sync 1 DAGs
[2024-04-01T14:06:50.234+0000] {logging_mixin.py:154} INFO - [2024-04-01T14:06:50.234+0000] {dag.py:3722} INFO - Setting next_dagrun for example_task_group_decorator to 2024-03-31T14:06:50.234221+00:00, run_after=2024-04-01T14:06:50.234221+00:00
[2024-04-01T14:06:50.242+0000] {processor.py:179} INFO - Processing /home/airflow/.local/lib/python3.10/site-packages/airflow/example_dags/example_task_group_decorator.py took 0.045 seconds
[2024-04-01T14:07:20.954+0000] {processor.py:157} INFO - Started process (PID=701) to work on /home/airflow/.local/lib/python3.10/site-packages/airflow/example_dags/example_task_group_decorator.py
[2024-04-01T14:07:20.954+0000] {processor.py:829} INFO - Processing file /home/airflow/.local/lib/python3.10/site-packages/airflow/example_dags/example_task_group_decorator.py for tasks to queue
[2024-04-01T14:07:20.955+0000] {logging_mixin.py:154} INFO - [2024-04-01T14:07:20.955+0000] {dagbag.py:536} INFO - Filling up the DagBag from /home/airflow/.local/lib/python3.10/site-packages/airflow/example_dags/example_task_group_decorator.py
[2024-04-01T14:07:20.963+0000] {processor.py:839} INFO - DAG(s) dict_keys(['example_task_group_decorator']) retrieved from /home/airflow/.local/lib/python3.10/site-packages/airflow/example_dags/example_task_group_decorator.py
[2024-04-01T14:07:20.978+0000] {logging_mixin.py:154} INFO - [2024-04-01T14:07:20.978+0000] {dag.py:2941} INFO - Sync 1 DAGs
[2024-04-01T14:07:20.990+0000] {logging_mixin.py:154} INFO - [2024-04-01T14:07:20.990+0000] {dag.py:3722} INFO - Setting next_dagrun for example_task_group_decorator to 2024-03-31T14:07:20.990021+00:00, run_after=2024-04-01T14:07:20.990021+00:00
[2024-04-01T14:07:20.999+0000] {processor.py:179} INFO - Processing /home/airflow/.local/lib/python3.10/site-packages/airflow/example_dags/example_task_group_decorator.py took 0.047 seconds
[2024-04-01T14:07:51.589+0000] {processor.py:157} INFO - Started process (PID=755) to work on /home/airflow/.local/lib/python3.10/site-packages/airflow/example_dags/example_task_group_decorator.py
[2024-04-01T14:07:51.589+0000] {processor.py:829} INFO - Processing file /home/airflow/.local/lib/python3.10/site-packages/airflow/example_dags/example_task_group_decorator.py for tasks to queue
[2024-04-01T14:07:51.590+0000] {logging_mixin.py:154} INFO - [2024-04-01T14:07:51.590+0000] {dagbag.py:536} INFO - Filling up the DagBag from /home/airflow/.local/lib/python3.10/site-packages/airflow/example_dags/example_task_group_decorator.py
[2024-04-01T14:07:51.598+0000] {processor.py:839} INFO - DAG(s) dict_keys(['example_task_group_decorator']) retrieved from /home/airflow/.local/lib/python3.10/site-packages/airflow/example_dags/example_task_group_decorator.py
[2024-04-01T14:07:51.612+0000] {logging_mixin.py:154} INFO - [2024-04-01T14:07:51.612+0000] {dag.py:2941} INFO - Sync 1 DAGs
[2024-04-01T14:07:51.624+0000] {logging_mixin.py:154} INFO - [2024-04-01T14:07:51.624+0000] {dag.py:3722} INFO - Setting next_dagrun for example_task_group_decorator to 2024-03-31T14:07:51.624519+00:00, run_after=2024-04-01T14:07:51.624519+00:00
[2024-04-01T14:07:51.633+0000] {processor.py:179} INFO - Processing /home/airflow/.local/lib/python3.10/site-packages/airflow/example_dags/example_task_group_decorator.py took 0.046 seconds
[2024-04-01T14:08:22.205+0000] {processor.py:157} INFO - Started process (PID=809) to work on /home/airflow/.local/lib/python3.10/site-packages/airflow/example_dags/example_task_group_decorator.py
[2024-04-01T14:08:22.205+0000] {processor.py:829} INFO - Processing file /home/airflow/.local/lib/python3.10/site-packages/airflow/example_dags/example_task_group_decorator.py for tasks to queue
[2024-04-01T14:08:22.206+0000] {logging_mixin.py:154} INFO - [2024-04-01T14:08:22.206+0000] {dagbag.py:536} INFO - Filling up the DagBag from /home/airflow/.local/lib/python3.10/site-packages/airflow/example_dags/example_task_group_decorator.py
[2024-04-01T14:08:22.215+0000] {processor.py:839} INFO - DAG(s) dict_keys(['example_task_group_decorator']) retrieved from /home/airflow/.local/lib/python3.10/site-packages/airflow/example_dags/example_task_group_decorator.py
[2024-04-01T14:08:22.230+0000] {logging_mixin.py:154} INFO - [2024-04-01T14:08:22.230+0000] {dag.py:2941} INFO - Sync 1 DAGs
[2024-04-01T14:08:22.242+0000] {logging_mixin.py:154} INFO - [2024-04-01T14:08:22.242+0000] {dag.py:3722} INFO - Setting next_dagrun for example_task_group_decorator to 2024-03-31T14:08:22.242677+00:00, run_after=2024-04-01T14:08:22.242677+00:00
[2024-04-01T14:08:22.251+0000] {processor.py:179} INFO - Processing /home/airflow/.local/lib/python3.10/site-packages/airflow/example_dags/example_task_group_decorator.py took 0.049 seconds
[2024-04-01T14:08:52.798+0000] {processor.py:157} INFO - Started process (PID=863) to work on /home/airflow/.local/lib/python3.10/site-packages/airflow/example_dags/example_task_group_decorator.py
[2024-04-01T14:08:52.799+0000] {processor.py:829} INFO - Processing file /home/airflow/.local/lib/python3.10/site-packages/airflow/example_dags/example_task_group_decorator.py for tasks to queue
[2024-04-01T14:08:52.800+0000] {logging_mixin.py:154} INFO - [2024-04-01T14:08:52.800+0000] {dagbag.py:536} INFO - Filling up the DagBag from /home/airflow/.local/lib/python3.10/site-packages/airflow/example_dags/example_task_group_decorator.py
[2024-04-01T14:08:52.808+0000] {processor.py:839} INFO - DAG(s) dict_keys(['example_task_group_decorator']) retrieved from /home/airflow/.local/lib/python3.10/site-packages/airflow/example_dags/example_task_group_decorator.py
[2024-04-01T14:08:52.822+0000] {logging_mixin.py:154} INFO - [2024-04-01T14:08:52.822+0000] {dag.py:2941} INFO - Sync 1 DAGs
[2024-04-01T14:08:52.834+0000] {logging_mixin.py:154} INFO - [2024-04-01T14:08:52.834+0000] {dag.py:3722} INFO - Setting next_dagrun for example_task_group_decorator to 2024-03-31T14:08:52.834390+00:00, run_after=2024-04-01T14:08:52.834390+00:00
[2024-04-01T14:08:52.843+0000] {processor.py:179} INFO - Processing /home/airflow/.local/lib/python3.10/site-packages/airflow/example_dags/example_task_group_decorator.py took 0.047 seconds
[2024-04-01T14:09:23.592+0000] {processor.py:157} INFO - Started process (PID=917) to work on /home/airflow/.local/lib/python3.10/site-packages/airflow/example_dags/example_task_group_decorator.py
[2024-04-01T14:09:23.592+0000] {processor.py:829} INFO - Processing file /home/airflow/.local/lib/python3.10/site-packages/airflow/example_dags/example_task_group_decorator.py for tasks to queue
[2024-04-01T14:09:23.593+0000] {logging_mixin.py:154} INFO - [2024-04-01T14:09:23.593+0000] {dagbag.py:536} INFO - Filling up the DagBag from /home/airflow/.local/lib/python3.10/site-packages/airflow/example_dags/example_task_group_decorator.py
[2024-04-01T14:09:23.601+0000] {processor.py:839} INFO - DAG(s) dict_keys(['example_task_group_decorator']) retrieved from /home/airflow/.local/lib/python3.10/site-packages/airflow/example_dags/example_task_group_decorator.py
[2024-04-01T14:09:23.616+0000] {logging_mixin.py:154} INFO - [2024-04-01T14:09:23.616+0000] {dag.py:2941} INFO - Sync 1 DAGs
[2024-04-01T14:09:23.631+0000] {logging_mixin.py:154} INFO - [2024-04-01T14:09:23.631+0000] {dag.py:3722} INFO - Setting next_dagrun for example_task_group_decorator to 2024-03-31T14:09:23.631384+00:00, run_after=2024-04-01T14:09:23.631384+00:00
[2024-04-01T14:09:23.641+0000] {processor.py:179} INFO - Processing /home/airflow/.local/lib/python3.10/site-packages/airflow/example_dags/example_task_group_decorator.py took 0.052 seconds
[2024-04-01T14:09:54.276+0000] {processor.py:157} INFO - Started process (PID=971) to work on /home/airflow/.local/lib/python3.10/site-packages/airflow/example_dags/example_task_group_decorator.py
[2024-04-01T14:09:54.276+0000] {processor.py:829} INFO - Processing file /home/airflow/.local/lib/python3.10/site-packages/airflow/example_dags/example_task_group_decorator.py for tasks to queue
[2024-04-01T14:09:54.277+0000] {logging_mixin.py:154} INFO - [2024-04-01T14:09:54.277+0000] {dagbag.py:536} INFO - Filling up the DagBag from /home/airflow/.local/lib/python3.10/site-packages/airflow/example_dags/example_task_group_decorator.py
[2024-04-01T14:09:54.285+0000] {processor.py:839} INFO - DAG(s) dict_keys(['example_task_group_decorator']) retrieved from /home/airflow/.local/lib/python3.10/site-packages/airflow/example_dags/example_task_group_decorator.py
[2024-04-01T14:09:54.299+0000] {logging_mixin.py:154} INFO - [2024-04-01T14:09:54.299+0000] {dag.py:2941} INFO - Sync 1 DAGs
[2024-04-01T14:09:54.311+0000] {logging_mixin.py:154} INFO - [2024-04-01T14:09:54.311+0000] {dag.py:3722} INFO - Setting next_dagrun for example_task_group_decorator to 2024-03-31T14:09:54.311117+00:00, run_after=2024-04-01T14:09:54.311117+00:00
[2024-04-01T14:09:54.319+0000] {processor.py:179} INFO - Processing /home/airflow/.local/lib/python3.10/site-packages/airflow/example_dags/example_task_group_decorator.py took 0.046 seconds
[2024-04-01T14:10:24.941+0000] {processor.py:157} INFO - Started process (PID=1025) to work on /home/airflow/.local/lib/python3.10/site-packages/airflow/example_dags/example_task_group_decorator.py
[2024-04-01T14:10:24.942+0000] {processor.py:829} INFO - Processing file /home/airflow/.local/lib/python3.10/site-packages/airflow/example_dags/example_task_group_decorator.py for tasks to queue
[2024-04-01T14:10:24.943+0000] {logging_mixin.py:154} INFO - [2024-04-01T14:10:24.943+0000] {dagbag.py:536} INFO - Filling up the DagBag from /home/airflow/.local/lib/python3.10/site-packages/airflow/example_dags/example_task_group_decorator.py
[2024-04-01T14:10:24.951+0000] {processor.py:839} INFO - DAG(s) dict_keys(['example_task_group_decorator']) retrieved from /home/airflow/.local/lib/python3.10/site-packages/airflow/example_dags/example_task_group_decorator.py
[2024-04-01T14:10:24.965+0000] {logging_mixin.py:154} INFO - [2024-04-01T14:10:24.965+0000] {dag.py:2941} INFO - Sync 1 DAGs
[2024-04-01T14:10:24.977+0000] {logging_mixin.py:154} INFO - [2024-04-01T14:10:24.977+0000] {dag.py:3722} INFO - Setting next_dagrun for example_task_group_decorator to 2024-03-31T14:10:24.977465+00:00, run_after=2024-04-01T14:10:24.977465+00:00
[2024-04-01T14:10:24.986+0000] {processor.py:179} INFO - Processing /home/airflow/.local/lib/python3.10/site-packages/airflow/example_dags/example_task_group_decorator.py took 0.047 seconds
[2024-04-01T14:10:55.560+0000] {processor.py:157} INFO - Started process (PID=1079) to work on /home/airflow/.local/lib/python3.10/site-packages/airflow/example_dags/example_task_group_decorator.py
[2024-04-01T14:10:55.561+0000] {processor.py:829} INFO - Processing file /home/airflow/.local/lib/python3.10/site-packages/airflow/example_dags/example_task_group_decorator.py for tasks to queue
[2024-04-01T14:10:55.562+0000] {logging_mixin.py:154} INFO - [2024-04-01T14:10:55.562+0000] {dagbag.py:536} INFO - Filling up the DagBag from /home/airflow/.local/lib/python3.10/site-packages/airflow/example_dags/example_task_group_decorator.py
[2024-04-01T14:10:55.570+0000] {processor.py:839} INFO - DAG(s) dict_keys(['example_task_group_decorator']) retrieved from /home/airflow/.local/lib/python3.10/site-packages/airflow/example_dags/example_task_group_decorator.py
[2024-04-01T14:10:55.583+0000] {logging_mixin.py:154} INFO - [2024-04-01T14:10:55.583+0000] {dag.py:2941} INFO - Sync 1 DAGs
[2024-04-01T14:10:55.595+0000] {logging_mixin.py:154} INFO - [2024-04-01T14:10:55.595+0000] {dag.py:3722} INFO - Setting next_dagrun for example_task_group_decorator to 2024-03-31T14:10:55.595299+00:00, run_after=2024-04-01T14:10:55.595299+00:00
[2024-04-01T14:10:55.603+0000] {processor.py:179} INFO - Processing /home/airflow/.local/lib/python3.10/site-packages/airflow/example_dags/example_task_group_decorator.py took 0.045 seconds
[2024-04-01T14:11:26.269+0000] {processor.py:157} INFO - Started process (PID=1133) to work on /home/airflow/.local/lib/python3.10/site-packages/airflow/example_dags/example_task_group_decorator.py
[2024-04-01T14:11:26.269+0000] {processor.py:829} INFO - Processing file /home/airflow/.local/lib/python3.10/site-packages/airflow/example_dags/example_task_group_decorator.py for tasks to queue
[2024-04-01T14:11:26.270+0000] {logging_mixin.py:154} INFO - [2024-04-01T14:11:26.270+0000] {dagbag.py:536} INFO - Filling up the DagBag from /home/airflow/.local/lib/python3.10/site-packages/airflow/example_dags/example_task_group_decorator.py
[2024-04-01T14:11:26.279+0000] {processor.py:839} INFO - DAG(s) dict_keys(['example_task_group_decorator']) retrieved from /home/airflow/.local/lib/python3.10/site-packages/airflow/example_dags/example_task_group_decorator.py
[2024-04-01T14:11:26.293+0000] {logging_mixin.py:154} INFO - [2024-04-01T14:11:26.293+0000] {dag.py:2941} INFO - Sync 1 DAGs
[2024-04-01T14:11:26.305+0000] {logging_mixin.py:154} INFO - [2024-04-01T14:11:26.305+0000] {dag.py:3722} INFO - Setting next_dagrun for example_task_group_decorator to 2024-03-31T14:11:26.304860+00:00, run_after=2024-04-01T14:11:26.304860+00:00
[2024-04-01T14:11:26.313+0000] {processor.py:179} INFO - Processing /home/airflow/.local/lib/python3.10/site-packages/airflow/example_dags/example_task_group_decorator.py took 0.047 seconds
[2024-04-01T14:11:56.959+0000] {processor.py:157} INFO - Started process (PID=1187) to work on /home/airflow/.local/lib/python3.10/site-packages/airflow/example_dags/example_task_group_decorator.py
[2024-04-01T14:11:56.959+0000] {processor.py:829} INFO - Processing file /home/airflow/.local/lib/python3.10/site-packages/airflow/example_dags/example_task_group_decorator.py for tasks to queue
[2024-04-01T14:11:56.960+0000] {logging_mixin.py:154} INFO - [2024-04-01T14:11:56.960+0000] {dagbag.py:536} INFO - Filling up the DagBag from /home/airflow/.local/lib/python3.10/site-packages/airflow/example_dags/example_task_group_decorator.py
[2024-04-01T14:11:56.968+0000] {processor.py:839} INFO - DAG(s) dict_keys(['example_task_group_decorator']) retrieved from /home/airflow/.local/lib/python3.10/site-packages/airflow/example_dags/example_task_group_decorator.py
[2024-04-01T14:11:56.982+0000] {logging_mixin.py:154} INFO - [2024-04-01T14:11:56.982+0000] {dag.py:2941} INFO - Sync 1 DAGs
[2024-04-01T14:11:56.994+0000] {logging_mixin.py:154} INFO - [2024-04-01T14:11:56.994+0000] {dag.py:3722} INFO - Setting next_dagrun for example_task_group_decorator to 2024-03-31T14:11:56.994268+00:00, run_after=2024-04-01T14:11:56.994268+00:00
[2024-04-01T14:11:57.002+0000] {processor.py:179} INFO - Processing /home/airflow/.local/lib/python3.10/site-packages/airflow/example_dags/example_task_group_decorator.py took 0.046 seconds
[2024-04-01T14:12:27.711+0000] {processor.py:157} INFO - Started process (PID=1241) to work on /home/airflow/.local/lib/python3.10/site-packages/airflow/example_dags/example_task_group_decorator.py
[2024-04-01T14:12:27.711+0000] {processor.py:829} INFO - Processing file /home/airflow/.local/lib/python3.10/site-packages/airflow/example_dags/example_task_group_decorator.py for tasks to queue
[2024-04-01T14:12:27.712+0000] {logging_mixin.py:154} INFO - [2024-04-01T14:12:27.712+0000] {dagbag.py:536} INFO - Filling up the DagBag from /home/airflow/.local/lib/python3.10/site-packages/airflow/example_dags/example_task_group_decorator.py
[2024-04-01T14:12:27.720+0000] {processor.py:839} INFO - DAG(s) dict_keys(['example_task_group_decorator']) retrieved from /home/airflow/.local/lib/python3.10/site-packages/airflow/example_dags/example_task_group_decorator.py
[2024-04-01T14:12:27.734+0000] {logging_mixin.py:154} INFO - [2024-04-01T14:12:27.734+0000] {dag.py:2941} INFO - Sync 1 DAGs
[2024-04-01T14:12:27.746+0000] {logging_mixin.py:154} INFO - [2024-04-01T14:12:27.745+0000] {dag.py:3722} INFO - Setting next_dagrun for example_task_group_decorator to 2024-03-31T14:12:27.745771+00:00, run_after=2024-04-01T14:12:27.745771+00:00
[2024-04-01T14:12:27.754+0000] {processor.py:179} INFO - Processing /home/airflow/.local/lib/python3.10/site-packages/airflow/example_dags/example_task_group_decorator.py took 0.046 seconds
[2024-04-01T14:12:58.392+0000] {processor.py:157} INFO - Started process (PID=1295) to work on /home/airflow/.local/lib/python3.10/site-packages/airflow/example_dags/example_task_group_decorator.py
[2024-04-01T14:12:58.392+0000] {processor.py:829} INFO - Processing file /home/airflow/.local/lib/python3.10/site-packages/airflow/example_dags/example_task_group_decorator.py for tasks to queue
[2024-04-01T14:12:58.393+0000] {logging_mixin.py:154} INFO - [2024-04-01T14:12:58.393+0000] {dagbag.py:536} INFO - Filling up the DagBag from /home/airflow/.local/lib/python3.10/site-packages/airflow/example_dags/example_task_group_decorator.py
[2024-04-01T14:12:58.401+0000] {processor.py:839} INFO - DAG(s) dict_keys(['example_task_group_decorator']) retrieved from /home/airflow/.local/lib/python3.10/site-packages/airflow/example_dags/example_task_group_decorator.py
[2024-04-01T14:12:58.415+0000] {logging_mixin.py:154} INFO - [2024-04-01T14:12:58.415+0000] {dag.py:2941} INFO - Sync 1 DAGs
[2024-04-01T14:12:58.426+0000] {logging_mixin.py:154} INFO - [2024-04-01T14:12:58.426+0000] {dag.py:3722} INFO - Setting next_dagrun for example_task_group_decorator to 2024-03-31T14:12:58.426713+00:00, run_after=2024-04-01T14:12:58.426713+00:00
[2024-04-01T14:12:58.435+0000] {processor.py:179} INFO - Processing /home/airflow/.local/lib/python3.10/site-packages/airflow/example_dags/example_task_group_decorator.py took 0.046 seconds
[2024-04-01T14:13:29.149+0000] {processor.py:157} INFO - Started process (PID=1349) to work on /home/airflow/.local/lib/python3.10/site-packages/airflow/example_dags/example_task_group_decorator.py
[2024-04-01T14:13:29.149+0000] {processor.py:829} INFO - Processing file /home/airflow/.local/lib/python3.10/site-packages/airflow/example_dags/example_task_group_decorator.py for tasks to queue
[2024-04-01T14:13:29.151+0000] {logging_mixin.py:154} INFO - [2024-04-01T14:13:29.150+0000] {dagbag.py:536} INFO - Filling up the DagBag from /home/airflow/.local/lib/python3.10/site-packages/airflow/example_dags/example_task_group_decorator.py
[2024-04-01T14:13:29.158+0000] {processor.py:839} INFO - DAG(s) dict_keys(['example_task_group_decorator']) retrieved from /home/airflow/.local/lib/python3.10/site-packages/airflow/example_dags/example_task_group_decorator.py
[2024-04-01T14:13:29.172+0000] {logging_mixin.py:154} INFO - [2024-04-01T14:13:29.172+0000] {dag.py:2941} INFO - Sync 1 DAGs
[2024-04-01T14:13:29.184+0000] {logging_mixin.py:154} INFO - [2024-04-01T14:13:29.184+0000] {dag.py:3722} INFO - Setting next_dagrun for example_task_group_decorator to 2024-03-31T14:13:29.184624+00:00, run_after=2024-04-01T14:13:29.184624+00:00
[2024-04-01T14:13:29.193+0000] {processor.py:179} INFO - Processing /home/airflow/.local/lib/python3.10/site-packages/airflow/example_dags/example_task_group_decorator.py took 0.046 seconds
[2024-04-01T14:13:59.849+0000] {processor.py:157} INFO - Started process (PID=1403) to work on /home/airflow/.local/lib/python3.10/site-packages/airflow/example_dags/example_task_group_decorator.py
[2024-04-01T14:13:59.849+0000] {processor.py:829} INFO - Processing file /home/airflow/.local/lib/python3.10/site-packages/airflow/example_dags/example_task_group_decorator.py for tasks to queue
[2024-04-01T14:13:59.850+0000] {logging_mixin.py:154} INFO - [2024-04-01T14:13:59.850+0000] {dagbag.py:536} INFO - Filling up the DagBag from /home/airflow/.local/lib/python3.10/site-packages/airflow/example_dags/example_task_group_decorator.py
[2024-04-01T14:13:59.858+0000] {processor.py:839} INFO - DAG(s) dict_keys(['example_task_group_decorator']) retrieved from /home/airflow/.local/lib/python3.10/site-packages/airflow/example_dags/example_task_group_decorator.py
[2024-04-01T14:13:59.872+0000] {logging_mixin.py:154} INFO - [2024-04-01T14:13:59.872+0000] {dag.py:2941} INFO - Sync 1 DAGs
[2024-04-01T14:13:59.884+0000] {logging_mixin.py:154} INFO - [2024-04-01T14:13:59.884+0000] {dag.py:3722} INFO - Setting next_dagrun for example_task_group_decorator to 2024-03-31T14:13:59.884349+00:00, run_after=2024-04-01T14:13:59.884349+00:00
[2024-04-01T14:13:59.893+0000] {processor.py:179} INFO - Processing /home/airflow/.local/lib/python3.10/site-packages/airflow/example_dags/example_task_group_decorator.py took 0.046 seconds
