[2024-04-01T14:01:13.227+0000] {processor.py:157} INFO - Started process (PID=59) to work on /home/airflow/.local/lib/python3.10/site-packages/airflow/example_dags/example_short_circuit_decorator.py
[2024-04-01T14:01:13.228+0000] {processor.py:829} INFO - Processing file /home/airflow/.local/lib/python3.10/site-packages/airflow/example_dags/example_short_circuit_decorator.py for tasks to queue
[2024-04-01T14:01:13.229+0000] {logging_mixin.py:154} INFO - [2024-04-01T14:01:13.229+0000] {dagbag.py:536} INFO - Filling up the DagBag from /home/airflow/.local/lib/python3.10/site-packages/airflow/example_dags/example_short_circuit_decorator.py
[2024-04-01T14:01:13.236+0000] {processor.py:839} INFO - DAG(s) dict_keys(['example_short_circuit_decorator']) retrieved from /home/airflow/.local/lib/python3.10/site-packages/airflow/example_dags/example_short_circuit_decorator.py
[2024-04-01T14:01:13.243+0000] {logging_mixin.py:154} INFO - [2024-04-01T14:01:13.243+0000] {dag.py:2941} INFO - Sync 1 DAGs
[2024-04-01T14:01:13.255+0000] {logging_mixin.py:154} INFO - [2024-04-01T14:01:13.255+0000] {dag.py:3722} INFO - Setting next_dagrun for example_short_circuit_decorator to 2024-03-31T14:01:13.255348+00:00, run_after=2024-04-01T14:01:13.255348+00:00
[2024-04-01T14:01:13.264+0000] {processor.py:179} INFO - Processing /home/airflow/.local/lib/python3.10/site-packages/airflow/example_dags/example_short_circuit_decorator.py took 0.039 seconds
[2024-04-01T14:01:43.831+0000] {processor.py:157} INFO - Started process (PID=113) to work on /home/airflow/.local/lib/python3.10/site-packages/airflow/example_dags/example_short_circuit_decorator.py
[2024-04-01T14:01:43.831+0000] {processor.py:829} INFO - Processing file /home/airflow/.local/lib/python3.10/site-packages/airflow/example_dags/example_short_circuit_decorator.py for tasks to queue
[2024-04-01T14:01:43.832+0000] {logging_mixin.py:154} INFO - [2024-04-01T14:01:43.832+0000] {dagbag.py:536} INFO - Filling up the DagBag from /home/airflow/.local/lib/python3.10/site-packages/airflow/example_dags/example_short_circuit_decorator.py
[2024-04-01T14:01:43.837+0000] {processor.py:839} INFO - DAG(s) dict_keys(['example_short_circuit_decorator']) retrieved from /home/airflow/.local/lib/python3.10/site-packages/airflow/example_dags/example_short_circuit_decorator.py
[2024-04-01T14:01:43.850+0000] {logging_mixin.py:154} INFO - [2024-04-01T14:01:43.850+0000] {dag.py:2941} INFO - Sync 1 DAGs
[2024-04-01T14:01:43.862+0000] {logging_mixin.py:154} INFO - [2024-04-01T14:01:43.862+0000] {dag.py:3722} INFO - Setting next_dagrun for example_short_circuit_decorator to 2024-03-31T14:01:43.861881+00:00, run_after=2024-04-01T14:01:43.861881+00:00
[2024-04-01T14:01:43.870+0000] {processor.py:179} INFO - Processing /home/airflow/.local/lib/python3.10/site-packages/airflow/example_dags/example_short_circuit_decorator.py took 0.042 seconds
[2024-04-01T14:02:14.421+0000] {processor.py:157} INFO - Started process (PID=167) to work on /home/airflow/.local/lib/python3.10/site-packages/airflow/example_dags/example_short_circuit_decorator.py
[2024-04-01T14:02:14.421+0000] {processor.py:829} INFO - Processing file /home/airflow/.local/lib/python3.10/site-packages/airflow/example_dags/example_short_circuit_decorator.py for tasks to queue
[2024-04-01T14:02:14.422+0000] {logging_mixin.py:154} INFO - [2024-04-01T14:02:14.422+0000] {dagbag.py:536} INFO - Filling up the DagBag from /home/airflow/.local/lib/python3.10/site-packages/airflow/example_dags/example_short_circuit_decorator.py
[2024-04-01T14:02:14.427+0000] {processor.py:839} INFO - DAG(s) dict_keys(['example_short_circuit_decorator']) retrieved from /home/airflow/.local/lib/python3.10/site-packages/airflow/example_dags/example_short_circuit_decorator.py
[2024-04-01T14:02:14.441+0000] {logging_mixin.py:154} INFO - [2024-04-01T14:02:14.441+0000] {dag.py:2941} INFO - Sync 1 DAGs
[2024-04-01T14:02:14.453+0000] {logging_mixin.py:154} INFO - [2024-04-01T14:02:14.453+0000] {dag.py:3722} INFO - Setting next_dagrun for example_short_circuit_decorator to 2024-03-31T14:02:14.452875+00:00, run_after=2024-04-01T14:02:14.452875+00:00
[2024-04-01T14:02:14.461+0000] {processor.py:179} INFO - Processing /home/airflow/.local/lib/python3.10/site-packages/airflow/example_dags/example_short_circuit_decorator.py took 0.042 seconds
[2024-04-01T14:02:44.972+0000] {processor.py:157} INFO - Started process (PID=221) to work on /home/airflow/.local/lib/python3.10/site-packages/airflow/example_dags/example_short_circuit_decorator.py
[2024-04-01T14:02:44.973+0000] {processor.py:829} INFO - Processing file /home/airflow/.local/lib/python3.10/site-packages/airflow/example_dags/example_short_circuit_decorator.py for tasks to queue
[2024-04-01T14:02:44.974+0000] {logging_mixin.py:154} INFO - [2024-04-01T14:02:44.974+0000] {dagbag.py:536} INFO - Filling up the DagBag from /home/airflow/.local/lib/python3.10/site-packages/airflow/example_dags/example_short_circuit_decorator.py
[2024-04-01T14:02:44.979+0000] {processor.py:839} INFO - DAG(s) dict_keys(['example_short_circuit_decorator']) retrieved from /home/airflow/.local/lib/python3.10/site-packages/airflow/example_dags/example_short_circuit_decorator.py
[2024-04-01T14:02:44.992+0000] {logging_mixin.py:154} INFO - [2024-04-01T14:02:44.992+0000] {dag.py:2941} INFO - Sync 1 DAGs
[2024-04-01T14:02:45.003+0000] {logging_mixin.py:154} INFO - [2024-04-01T14:02:45.003+0000] {dag.py:3722} INFO - Setting next_dagrun for example_short_circuit_decorator to 2024-03-31T14:02:45.003523+00:00, run_after=2024-04-01T14:02:45.003523+00:00
[2024-04-01T14:02:45.012+0000] {processor.py:179} INFO - Processing /home/airflow/.local/lib/python3.10/site-packages/airflow/example_dags/example_short_circuit_decorator.py took 0.042 seconds
[2024-04-01T14:03:15.665+0000] {processor.py:157} INFO - Started process (PID=275) to work on /home/airflow/.local/lib/python3.10/site-packages/airflow/example_dags/example_short_circuit_decorator.py
[2024-04-01T14:03:15.666+0000] {processor.py:829} INFO - Processing file /home/airflow/.local/lib/python3.10/site-packages/airflow/example_dags/example_short_circuit_decorator.py for tasks to queue
[2024-04-01T14:03:15.667+0000] {logging_mixin.py:154} INFO - [2024-04-01T14:03:15.666+0000] {dagbag.py:536} INFO - Filling up the DagBag from /home/airflow/.local/lib/python3.10/site-packages/airflow/example_dags/example_short_circuit_decorator.py
[2024-04-01T14:03:15.672+0000] {processor.py:839} INFO - DAG(s) dict_keys(['example_short_circuit_decorator']) retrieved from /home/airflow/.local/lib/python3.10/site-packages/airflow/example_dags/example_short_circuit_decorator.py
[2024-04-01T14:03:15.686+0000] {logging_mixin.py:154} INFO - [2024-04-01T14:03:15.686+0000] {dag.py:2941} INFO - Sync 1 DAGs
[2024-04-01T14:03:15.697+0000] {logging_mixin.py:154} INFO - [2024-04-01T14:03:15.697+0000] {dag.py:3722} INFO - Setting next_dagrun for example_short_circuit_decorator to 2024-03-31T14:03:15.697611+00:00, run_after=2024-04-01T14:03:15.697611+00:00
[2024-04-01T14:03:15.706+0000] {processor.py:179} INFO - Processing /home/airflow/.local/lib/python3.10/site-packages/airflow/example_dags/example_short_circuit_decorator.py took 0.043 seconds
[2024-04-01T14:03:46.370+0000] {processor.py:157} INFO - Started process (PID=329) to work on /home/airflow/.local/lib/python3.10/site-packages/airflow/example_dags/example_short_circuit_decorator.py
[2024-04-01T14:03:46.371+0000] {processor.py:829} INFO - Processing file /home/airflow/.local/lib/python3.10/site-packages/airflow/example_dags/example_short_circuit_decorator.py for tasks to queue
[2024-04-01T14:03:46.372+0000] {logging_mixin.py:154} INFO - [2024-04-01T14:03:46.372+0000] {dagbag.py:536} INFO - Filling up the DagBag from /home/airflow/.local/lib/python3.10/site-packages/airflow/example_dags/example_short_circuit_decorator.py
[2024-04-01T14:03:46.377+0000] {processor.py:839} INFO - DAG(s) dict_keys(['example_short_circuit_decorator']) retrieved from /home/airflow/.local/lib/python3.10/site-packages/airflow/example_dags/example_short_circuit_decorator.py
[2024-04-01T14:03:46.391+0000] {logging_mixin.py:154} INFO - [2024-04-01T14:03:46.391+0000] {dag.py:2941} INFO - Sync 1 DAGs
[2024-04-01T14:03:46.404+0000] {logging_mixin.py:154} INFO - [2024-04-01T14:03:46.403+0000] {dag.py:3722} INFO - Setting next_dagrun for example_short_circuit_decorator to 2024-03-31T14:03:46.403784+00:00, run_after=2024-04-01T14:03:46.403784+00:00
[2024-04-01T14:03:46.412+0000] {processor.py:179} INFO - Processing /home/airflow/.local/lib/python3.10/site-packages/airflow/example_dags/example_short_circuit_decorator.py took 0.044 seconds
[2024-04-01T14:04:17.128+0000] {processor.py:157} INFO - Started process (PID=383) to work on /home/airflow/.local/lib/python3.10/site-packages/airflow/example_dags/example_short_circuit_decorator.py
[2024-04-01T14:04:17.129+0000] {processor.py:829} INFO - Processing file /home/airflow/.local/lib/python3.10/site-packages/airflow/example_dags/example_short_circuit_decorator.py for tasks to queue
[2024-04-01T14:04:17.130+0000] {logging_mixin.py:154} INFO - [2024-04-01T14:04:17.129+0000] {dagbag.py:536} INFO - Filling up the DagBag from /home/airflow/.local/lib/python3.10/site-packages/airflow/example_dags/example_short_circuit_decorator.py
[2024-04-01T14:04:17.135+0000] {processor.py:839} INFO - DAG(s) dict_keys(['example_short_circuit_decorator']) retrieved from /home/airflow/.local/lib/python3.10/site-packages/airflow/example_dags/example_short_circuit_decorator.py
[2024-04-01T14:04:17.149+0000] {logging_mixin.py:154} INFO - [2024-04-01T14:04:17.149+0000] {dag.py:2941} INFO - Sync 1 DAGs
[2024-04-01T14:04:17.161+0000] {logging_mixin.py:154} INFO - [2024-04-01T14:04:17.161+0000] {dag.py:3722} INFO - Setting next_dagrun for example_short_circuit_decorator to 2024-03-31T14:04:17.160869+00:00, run_after=2024-04-01T14:04:17.160869+00:00
[2024-04-01T14:04:17.170+0000] {processor.py:179} INFO - Processing /home/airflow/.local/lib/python3.10/site-packages/airflow/example_dags/example_short_circuit_decorator.py took 0.044 seconds
[2024-04-01T14:04:47.813+0000] {processor.py:157} INFO - Started process (PID=437) to work on /home/airflow/.local/lib/python3.10/site-packages/airflow/example_dags/example_short_circuit_decorator.py
[2024-04-01T14:04:47.813+0000] {processor.py:829} INFO - Processing file /home/airflow/.local/lib/python3.10/site-packages/airflow/example_dags/example_short_circuit_decorator.py for tasks to queue
[2024-04-01T14:04:47.814+0000] {logging_mixin.py:154} INFO - [2024-04-01T14:04:47.814+0000] {dagbag.py:536} INFO - Filling up the DagBag from /home/airflow/.local/lib/python3.10/site-packages/airflow/example_dags/example_short_circuit_decorator.py
[2024-04-01T14:04:47.820+0000] {processor.py:839} INFO - DAG(s) dict_keys(['example_short_circuit_decorator']) retrieved from /home/airflow/.local/lib/python3.10/site-packages/airflow/example_dags/example_short_circuit_decorator.py
[2024-04-01T14:04:47.834+0000] {logging_mixin.py:154} INFO - [2024-04-01T14:04:47.834+0000] {dag.py:2941} INFO - Sync 1 DAGs
[2024-04-01T14:04:47.846+0000] {logging_mixin.py:154} INFO - [2024-04-01T14:04:47.846+0000] {dag.py:3722} INFO - Setting next_dagrun for example_short_circuit_decorator to 2024-03-31T14:04:47.846488+00:00, run_after=2024-04-01T14:04:47.846488+00:00
[2024-04-01T14:04:47.855+0000] {processor.py:179} INFO - Processing /home/airflow/.local/lib/python3.10/site-packages/airflow/example_dags/example_short_circuit_decorator.py took 0.045 seconds
[2024-04-01T14:05:18.409+0000] {processor.py:157} INFO - Started process (PID=491) to work on /home/airflow/.local/lib/python3.10/site-packages/airflow/example_dags/example_short_circuit_decorator.py
[2024-04-01T14:05:18.409+0000] {processor.py:829} INFO - Processing file /home/airflow/.local/lib/python3.10/site-packages/airflow/example_dags/example_short_circuit_decorator.py for tasks to queue
[2024-04-01T14:05:18.410+0000] {logging_mixin.py:154} INFO - [2024-04-01T14:05:18.410+0000] {dagbag.py:536} INFO - Filling up the DagBag from /home/airflow/.local/lib/python3.10/site-packages/airflow/example_dags/example_short_circuit_decorator.py
[2024-04-01T14:05:18.415+0000] {processor.py:839} INFO - DAG(s) dict_keys(['example_short_circuit_decorator']) retrieved from /home/airflow/.local/lib/python3.10/site-packages/airflow/example_dags/example_short_circuit_decorator.py
[2024-04-01T14:05:18.429+0000] {logging_mixin.py:154} INFO - [2024-04-01T14:05:18.428+0000] {dag.py:2941} INFO - Sync 1 DAGs
[2024-04-01T14:05:18.441+0000] {logging_mixin.py:154} INFO - [2024-04-01T14:05:18.441+0000] {dag.py:3722} INFO - Setting next_dagrun for example_short_circuit_decorator to 2024-03-31T14:05:18.441060+00:00, run_after=2024-04-01T14:05:18.441060+00:00
[2024-04-01T14:05:18.449+0000] {processor.py:179} INFO - Processing /home/airflow/.local/lib/python3.10/site-packages/airflow/example_dags/example_short_circuit_decorator.py took 0.043 seconds
[2024-04-01T14:05:49.102+0000] {processor.py:157} INFO - Started process (PID=545) to work on /home/airflow/.local/lib/python3.10/site-packages/airflow/example_dags/example_short_circuit_decorator.py
[2024-04-01T14:05:49.103+0000] {processor.py:829} INFO - Processing file /home/airflow/.local/lib/python3.10/site-packages/airflow/example_dags/example_short_circuit_decorator.py for tasks to queue
[2024-04-01T14:05:49.104+0000] {logging_mixin.py:154} INFO - [2024-04-01T14:05:49.104+0000] {dagbag.py:536} INFO - Filling up the DagBag from /home/airflow/.local/lib/python3.10/site-packages/airflow/example_dags/example_short_circuit_decorator.py
[2024-04-01T14:05:49.110+0000] {processor.py:839} INFO - DAG(s) dict_keys(['example_short_circuit_decorator']) retrieved from /home/airflow/.local/lib/python3.10/site-packages/airflow/example_dags/example_short_circuit_decorator.py
[2024-04-01T14:05:49.124+0000] {logging_mixin.py:154} INFO - [2024-04-01T14:05:49.124+0000] {dag.py:2941} INFO - Sync 1 DAGs
[2024-04-01T14:05:49.136+0000] {logging_mixin.py:154} INFO - [2024-04-01T14:05:49.135+0000] {dag.py:3722} INFO - Setting next_dagrun for example_short_circuit_decorator to 2024-03-31T14:05:49.135784+00:00, run_after=2024-04-01T14:05:49.135784+00:00
[2024-04-01T14:05:49.144+0000] {processor.py:179} INFO - Processing /home/airflow/.local/lib/python3.10/site-packages/airflow/example_dags/example_short_circuit_decorator.py took 0.044 seconds
[2024-04-01T14:06:19.819+0000] {processor.py:157} INFO - Started process (PID=599) to work on /home/airflow/.local/lib/python3.10/site-packages/airflow/example_dags/example_short_circuit_decorator.py
[2024-04-01T14:06:19.820+0000] {processor.py:829} INFO - Processing file /home/airflow/.local/lib/python3.10/site-packages/airflow/example_dags/example_short_circuit_decorator.py for tasks to queue
[2024-04-01T14:06:19.821+0000] {logging_mixin.py:154} INFO - [2024-04-01T14:06:19.821+0000] {dagbag.py:536} INFO - Filling up the DagBag from /home/airflow/.local/lib/python3.10/site-packages/airflow/example_dags/example_short_circuit_decorator.py
[2024-04-01T14:06:19.826+0000] {processor.py:839} INFO - DAG(s) dict_keys(['example_short_circuit_decorator']) retrieved from /home/airflow/.local/lib/python3.10/site-packages/airflow/example_dags/example_short_circuit_decorator.py
[2024-04-01T14:06:19.840+0000] {logging_mixin.py:154} INFO - [2024-04-01T14:06:19.840+0000] {dag.py:2941} INFO - Sync 1 DAGs
[2024-04-01T14:06:19.851+0000] {logging_mixin.py:154} INFO - [2024-04-01T14:06:19.851+0000] {dag.py:3722} INFO - Setting next_dagrun for example_short_circuit_decorator to 2024-03-31T14:06:19.851369+00:00, run_after=2024-04-01T14:06:19.851369+00:00
[2024-04-01T14:06:19.860+0000] {processor.py:179} INFO - Processing /home/airflow/.local/lib/python3.10/site-packages/airflow/example_dags/example_short_circuit_decorator.py took 0.042 seconds
[2024-04-01T14:06:50.445+0000] {processor.py:157} INFO - Started process (PID=653) to work on /home/airflow/.local/lib/python3.10/site-packages/airflow/example_dags/example_short_circuit_decorator.py
[2024-04-01T14:06:50.445+0000] {processor.py:829} INFO - Processing file /home/airflow/.local/lib/python3.10/site-packages/airflow/example_dags/example_short_circuit_decorator.py for tasks to queue
[2024-04-01T14:06:50.446+0000] {logging_mixin.py:154} INFO - [2024-04-01T14:06:50.446+0000] {dagbag.py:536} INFO - Filling up the DagBag from /home/airflow/.local/lib/python3.10/site-packages/airflow/example_dags/example_short_circuit_decorator.py
[2024-04-01T14:06:50.451+0000] {processor.py:839} INFO - DAG(s) dict_keys(['example_short_circuit_decorator']) retrieved from /home/airflow/.local/lib/python3.10/site-packages/airflow/example_dags/example_short_circuit_decorator.py
[2024-04-01T14:06:50.465+0000] {logging_mixin.py:154} INFO - [2024-04-01T14:06:50.465+0000] {dag.py:2941} INFO - Sync 1 DAGs
[2024-04-01T14:06:50.477+0000] {logging_mixin.py:154} INFO - [2024-04-01T14:06:50.477+0000] {dag.py:3722} INFO - Setting next_dagrun for example_short_circuit_decorator to 2024-03-31T14:06:50.476890+00:00, run_after=2024-04-01T14:06:50.476890+00:00
[2024-04-01T14:06:50.485+0000] {processor.py:179} INFO - Processing /home/airflow/.local/lib/python3.10/site-packages/airflow/example_dags/example_short_circuit_decorator.py took 0.042 seconds
[2024-04-01T14:07:21.204+0000] {processor.py:157} INFO - Started process (PID=707) to work on /home/airflow/.local/lib/python3.10/site-packages/airflow/example_dags/example_short_circuit_decorator.py
[2024-04-01T14:07:21.205+0000] {processor.py:829} INFO - Processing file /home/airflow/.local/lib/python3.10/site-packages/airflow/example_dags/example_short_circuit_decorator.py for tasks to queue
[2024-04-01T14:07:21.206+0000] {logging_mixin.py:154} INFO - [2024-04-01T14:07:21.206+0000] {dagbag.py:536} INFO - Filling up the DagBag from /home/airflow/.local/lib/python3.10/site-packages/airflow/example_dags/example_short_circuit_decorator.py
[2024-04-01T14:07:21.211+0000] {processor.py:839} INFO - DAG(s) dict_keys(['example_short_circuit_decorator']) retrieved from /home/airflow/.local/lib/python3.10/site-packages/airflow/example_dags/example_short_circuit_decorator.py
[2024-04-01T14:07:21.226+0000] {logging_mixin.py:154} INFO - [2024-04-01T14:07:21.225+0000] {dag.py:2941} INFO - Sync 1 DAGs
[2024-04-01T14:07:21.237+0000] {logging_mixin.py:154} INFO - [2024-04-01T14:07:21.237+0000] {dag.py:3722} INFO - Setting next_dagrun for example_short_circuit_decorator to 2024-03-31T14:07:21.237608+00:00, run_after=2024-04-01T14:07:21.237608+00:00
[2024-04-01T14:07:21.246+0000] {processor.py:179} INFO - Processing /home/airflow/.local/lib/python3.10/site-packages/airflow/example_dags/example_short_circuit_decorator.py took 0.044 seconds
[2024-04-01T14:07:51.763+0000] {processor.py:157} INFO - Started process (PID=761) to work on /home/airflow/.local/lib/python3.10/site-packages/airflow/example_dags/example_short_circuit_decorator.py
[2024-04-01T14:07:51.764+0000] {processor.py:829} INFO - Processing file /home/airflow/.local/lib/python3.10/site-packages/airflow/example_dags/example_short_circuit_decorator.py for tasks to queue
[2024-04-01T14:07:51.765+0000] {logging_mixin.py:154} INFO - [2024-04-01T14:07:51.764+0000] {dagbag.py:536} INFO - Filling up the DagBag from /home/airflow/.local/lib/python3.10/site-packages/airflow/example_dags/example_short_circuit_decorator.py
[2024-04-01T14:07:51.770+0000] {processor.py:839} INFO - DAG(s) dict_keys(['example_short_circuit_decorator']) retrieved from /home/airflow/.local/lib/python3.10/site-packages/airflow/example_dags/example_short_circuit_decorator.py
[2024-04-01T14:07:51.784+0000] {logging_mixin.py:154} INFO - [2024-04-01T14:07:51.784+0000] {dag.py:2941} INFO - Sync 1 DAGs
[2024-04-01T14:07:51.797+0000] {logging_mixin.py:154} INFO - [2024-04-01T14:07:51.797+0000] {dag.py:3722} INFO - Setting next_dagrun for example_short_circuit_decorator to 2024-03-31T14:07:51.796857+00:00, run_after=2024-04-01T14:07:51.796857+00:00
[2024-04-01T14:07:51.805+0000] {processor.py:179} INFO - Processing /home/airflow/.local/lib/python3.10/site-packages/airflow/example_dags/example_short_circuit_decorator.py took 0.044 seconds
[2024-04-01T14:08:22.378+0000] {processor.py:157} INFO - Started process (PID=815) to work on /home/airflow/.local/lib/python3.10/site-packages/airflow/example_dags/example_short_circuit_decorator.py
[2024-04-01T14:08:22.378+0000] {processor.py:829} INFO - Processing file /home/airflow/.local/lib/python3.10/site-packages/airflow/example_dags/example_short_circuit_decorator.py for tasks to queue
[2024-04-01T14:08:22.380+0000] {logging_mixin.py:154} INFO - [2024-04-01T14:08:22.379+0000] {dagbag.py:536} INFO - Filling up the DagBag from /home/airflow/.local/lib/python3.10/site-packages/airflow/example_dags/example_short_circuit_decorator.py
[2024-04-01T14:08:22.385+0000] {processor.py:839} INFO - DAG(s) dict_keys(['example_short_circuit_decorator']) retrieved from /home/airflow/.local/lib/python3.10/site-packages/airflow/example_dags/example_short_circuit_decorator.py
[2024-04-01T14:08:22.398+0000] {logging_mixin.py:154} INFO - [2024-04-01T14:08:22.398+0000] {dag.py:2941} INFO - Sync 1 DAGs
[2024-04-01T14:08:22.410+0000] {logging_mixin.py:154} INFO - [2024-04-01T14:08:22.410+0000] {dag.py:3722} INFO - Setting next_dagrun for example_short_circuit_decorator to 2024-03-31T14:08:22.410336+00:00, run_after=2024-04-01T14:08:22.410336+00:00
[2024-04-01T14:08:22.419+0000] {processor.py:179} INFO - Processing /home/airflow/.local/lib/python3.10/site-packages/airflow/example_dags/example_short_circuit_decorator.py took 0.043 seconds
[2024-04-01T14:08:53.059+0000] {processor.py:157} INFO - Started process (PID=869) to work on /home/airflow/.local/lib/python3.10/site-packages/airflow/example_dags/example_short_circuit_decorator.py
[2024-04-01T14:08:53.059+0000] {processor.py:829} INFO - Processing file /home/airflow/.local/lib/python3.10/site-packages/airflow/example_dags/example_short_circuit_decorator.py for tasks to queue
[2024-04-01T14:08:53.060+0000] {logging_mixin.py:154} INFO - [2024-04-01T14:08:53.060+0000] {dagbag.py:536} INFO - Filling up the DagBag from /home/airflow/.local/lib/python3.10/site-packages/airflow/example_dags/example_short_circuit_decorator.py
[2024-04-01T14:08:53.065+0000] {processor.py:839} INFO - DAG(s) dict_keys(['example_short_circuit_decorator']) retrieved from /home/airflow/.local/lib/python3.10/site-packages/airflow/example_dags/example_short_circuit_decorator.py
[2024-04-01T14:08:53.079+0000] {logging_mixin.py:154} INFO - [2024-04-01T14:08:53.079+0000] {dag.py:2941} INFO - Sync 1 DAGs
[2024-04-01T14:08:53.092+0000] {logging_mixin.py:154} INFO - [2024-04-01T14:08:53.092+0000] {dag.py:3722} INFO - Setting next_dagrun for example_short_circuit_decorator to 2024-03-31T14:08:53.092005+00:00, run_after=2024-04-01T14:08:53.092005+00:00
[2024-04-01T14:08:53.100+0000] {processor.py:179} INFO - Processing /home/airflow/.local/lib/python3.10/site-packages/airflow/example_dags/example_short_circuit_decorator.py took 0.044 seconds
[2024-04-01T14:09:23.864+0000] {processor.py:157} INFO - Started process (PID=923) to work on /home/airflow/.local/lib/python3.10/site-packages/airflow/example_dags/example_short_circuit_decorator.py
[2024-04-01T14:09:23.865+0000] {processor.py:829} INFO - Processing file /home/airflow/.local/lib/python3.10/site-packages/airflow/example_dags/example_short_circuit_decorator.py for tasks to queue
[2024-04-01T14:09:23.866+0000] {logging_mixin.py:154} INFO - [2024-04-01T14:09:23.866+0000] {dagbag.py:536} INFO - Filling up the DagBag from /home/airflow/.local/lib/python3.10/site-packages/airflow/example_dags/example_short_circuit_decorator.py
[2024-04-01T14:09:23.871+0000] {processor.py:839} INFO - DAG(s) dict_keys(['example_short_circuit_decorator']) retrieved from /home/airflow/.local/lib/python3.10/site-packages/airflow/example_dags/example_short_circuit_decorator.py
[2024-04-01T14:09:23.885+0000] {logging_mixin.py:154} INFO - [2024-04-01T14:09:23.885+0000] {dag.py:2941} INFO - Sync 1 DAGs
[2024-04-01T14:09:23.898+0000] {logging_mixin.py:154} INFO - [2024-04-01T14:09:23.898+0000] {dag.py:3722} INFO - Setting next_dagrun for example_short_circuit_decorator to 2024-03-31T14:09:23.898368+00:00, run_after=2024-04-01T14:09:23.898368+00:00
[2024-04-01T14:09:23.907+0000] {processor.py:179} INFO - Processing /home/airflow/.local/lib/python3.10/site-packages/airflow/example_dags/example_short_circuit_decorator.py took 0.045 seconds
[2024-04-01T14:09:54.448+0000] {processor.py:157} INFO - Started process (PID=977) to work on /home/airflow/.local/lib/python3.10/site-packages/airflow/example_dags/example_short_circuit_decorator.py
[2024-04-01T14:09:54.449+0000] {processor.py:829} INFO - Processing file /home/airflow/.local/lib/python3.10/site-packages/airflow/example_dags/example_short_circuit_decorator.py for tasks to queue
[2024-04-01T14:09:54.450+0000] {logging_mixin.py:154} INFO - [2024-04-01T14:09:54.450+0000] {dagbag.py:536} INFO - Filling up the DagBag from /home/airflow/.local/lib/python3.10/site-packages/airflow/example_dags/example_short_circuit_decorator.py
[2024-04-01T14:09:54.455+0000] {processor.py:839} INFO - DAG(s) dict_keys(['example_short_circuit_decorator']) retrieved from /home/airflow/.local/lib/python3.10/site-packages/airflow/example_dags/example_short_circuit_decorator.py
[2024-04-01T14:09:54.468+0000] {logging_mixin.py:154} INFO - [2024-04-01T14:09:54.468+0000] {dag.py:2941} INFO - Sync 1 DAGs
[2024-04-01T14:09:54.481+0000] {logging_mixin.py:154} INFO - [2024-04-01T14:09:54.481+0000] {dag.py:3722} INFO - Setting next_dagrun for example_short_circuit_decorator to 2024-03-31T14:09:54.481307+00:00, run_after=2024-04-01T14:09:54.481307+00:00
[2024-04-01T14:09:54.490+0000] {processor.py:179} INFO - Processing /home/airflow/.local/lib/python3.10/site-packages/airflow/example_dags/example_short_circuit_decorator.py took 0.044 seconds
[2024-04-01T14:10:25.184+0000] {processor.py:157} INFO - Started process (PID=1031) to work on /home/airflow/.local/lib/python3.10/site-packages/airflow/example_dags/example_short_circuit_decorator.py
[2024-04-01T14:10:25.185+0000] {processor.py:829} INFO - Processing file /home/airflow/.local/lib/python3.10/site-packages/airflow/example_dags/example_short_circuit_decorator.py for tasks to queue
[2024-04-01T14:10:25.186+0000] {logging_mixin.py:154} INFO - [2024-04-01T14:10:25.185+0000] {dagbag.py:536} INFO - Filling up the DagBag from /home/airflow/.local/lib/python3.10/site-packages/airflow/example_dags/example_short_circuit_decorator.py
[2024-04-01T14:10:25.191+0000] {processor.py:839} INFO - DAG(s) dict_keys(['example_short_circuit_decorator']) retrieved from /home/airflow/.local/lib/python3.10/site-packages/airflow/example_dags/example_short_circuit_decorator.py
[2024-04-01T14:10:25.204+0000] {logging_mixin.py:154} INFO - [2024-04-01T14:10:25.204+0000] {dag.py:2941} INFO - Sync 1 DAGs
[2024-04-01T14:10:25.217+0000] {logging_mixin.py:154} INFO - [2024-04-01T14:10:25.217+0000] {dag.py:3722} INFO - Setting next_dagrun for example_short_circuit_decorator to 2024-03-31T14:10:25.217129+00:00, run_after=2024-04-01T14:10:25.217129+00:00
[2024-04-01T14:10:25.225+0000] {processor.py:179} INFO - Processing /home/airflow/.local/lib/python3.10/site-packages/airflow/example_dags/example_short_circuit_decorator.py took 0.043 seconds
[2024-04-01T14:10:55.813+0000] {processor.py:157} INFO - Started process (PID=1085) to work on /home/airflow/.local/lib/python3.10/site-packages/airflow/example_dags/example_short_circuit_decorator.py
[2024-04-01T14:10:55.813+0000] {processor.py:829} INFO - Processing file /home/airflow/.local/lib/python3.10/site-packages/airflow/example_dags/example_short_circuit_decorator.py for tasks to queue
[2024-04-01T14:10:55.814+0000] {logging_mixin.py:154} INFO - [2024-04-01T14:10:55.814+0000] {dagbag.py:536} INFO - Filling up the DagBag from /home/airflow/.local/lib/python3.10/site-packages/airflow/example_dags/example_short_circuit_decorator.py
[2024-04-01T14:10:55.819+0000] {processor.py:839} INFO - DAG(s) dict_keys(['example_short_circuit_decorator']) retrieved from /home/airflow/.local/lib/python3.10/site-packages/airflow/example_dags/example_short_circuit_decorator.py
[2024-04-01T14:10:55.833+0000] {logging_mixin.py:154} INFO - [2024-04-01T14:10:55.833+0000] {dag.py:2941} INFO - Sync 1 DAGs
[2024-04-01T14:10:55.845+0000] {logging_mixin.py:154} INFO - [2024-04-01T14:10:55.845+0000] {dag.py:3722} INFO - Setting next_dagrun for example_short_circuit_decorator to 2024-03-31T14:10:55.845675+00:00, run_after=2024-04-01T14:10:55.845675+00:00
[2024-04-01T14:10:55.854+0000] {processor.py:179} INFO - Processing /home/airflow/.local/lib/python3.10/site-packages/airflow/example_dags/example_short_circuit_decorator.py took 0.044 seconds
[2024-04-01T14:11:26.508+0000] {processor.py:157} INFO - Started process (PID=1139) to work on /home/airflow/.local/lib/python3.10/site-packages/airflow/example_dags/example_short_circuit_decorator.py
[2024-04-01T14:11:26.509+0000] {processor.py:829} INFO - Processing file /home/airflow/.local/lib/python3.10/site-packages/airflow/example_dags/example_short_circuit_decorator.py for tasks to queue
[2024-04-01T14:11:26.510+0000] {logging_mixin.py:154} INFO - [2024-04-01T14:11:26.510+0000] {dagbag.py:536} INFO - Filling up the DagBag from /home/airflow/.local/lib/python3.10/site-packages/airflow/example_dags/example_short_circuit_decorator.py
[2024-04-01T14:11:26.515+0000] {processor.py:839} INFO - DAG(s) dict_keys(['example_short_circuit_decorator']) retrieved from /home/airflow/.local/lib/python3.10/site-packages/airflow/example_dags/example_short_circuit_decorator.py
[2024-04-01T14:11:26.528+0000] {logging_mixin.py:154} INFO - [2024-04-01T14:11:26.528+0000] {dag.py:2941} INFO - Sync 1 DAGs
[2024-04-01T14:11:26.540+0000] {logging_mixin.py:154} INFO - [2024-04-01T14:11:26.540+0000] {dag.py:3722} INFO - Setting next_dagrun for example_short_circuit_decorator to 2024-03-31T14:11:26.540733+00:00, run_after=2024-04-01T14:11:26.540733+00:00
[2024-04-01T14:11:26.549+0000] {processor.py:179} INFO - Processing /home/airflow/.local/lib/python3.10/site-packages/airflow/example_dags/example_short_circuit_decorator.py took 0.043 seconds
[2024-04-01T14:11:57.224+0000] {processor.py:157} INFO - Started process (PID=1193) to work on /home/airflow/.local/lib/python3.10/site-packages/airflow/example_dags/example_short_circuit_decorator.py
[2024-04-01T14:11:57.224+0000] {processor.py:829} INFO - Processing file /home/airflow/.local/lib/python3.10/site-packages/airflow/example_dags/example_short_circuit_decorator.py for tasks to queue
[2024-04-01T14:11:57.225+0000] {logging_mixin.py:154} INFO - [2024-04-01T14:11:57.225+0000] {dagbag.py:536} INFO - Filling up the DagBag from /home/airflow/.local/lib/python3.10/site-packages/airflow/example_dags/example_short_circuit_decorator.py
[2024-04-01T14:11:57.231+0000] {processor.py:839} INFO - DAG(s) dict_keys(['example_short_circuit_decorator']) retrieved from /home/airflow/.local/lib/python3.10/site-packages/airflow/example_dags/example_short_circuit_decorator.py
[2024-04-01T14:11:57.244+0000] {logging_mixin.py:154} INFO - [2024-04-01T14:11:57.244+0000] {dag.py:2941} INFO - Sync 1 DAGs
[2024-04-01T14:11:57.256+0000] {logging_mixin.py:154} INFO - [2024-04-01T14:11:57.256+0000] {dag.py:3722} INFO - Setting next_dagrun for example_short_circuit_decorator to 2024-03-31T14:11:57.256378+00:00, run_after=2024-04-01T14:11:57.256378+00:00
[2024-04-01T14:11:57.264+0000] {processor.py:179} INFO - Processing /home/airflow/.local/lib/python3.10/site-packages/airflow/example_dags/example_short_circuit_decorator.py took 0.043 seconds
[2024-04-01T14:12:27.881+0000] {processor.py:157} INFO - Started process (PID=1247) to work on /home/airflow/.local/lib/python3.10/site-packages/airflow/example_dags/example_short_circuit_decorator.py
[2024-04-01T14:12:27.881+0000] {processor.py:829} INFO - Processing file /home/airflow/.local/lib/python3.10/site-packages/airflow/example_dags/example_short_circuit_decorator.py for tasks to queue
[2024-04-01T14:12:27.882+0000] {logging_mixin.py:154} INFO - [2024-04-01T14:12:27.882+0000] {dagbag.py:536} INFO - Filling up the DagBag from /home/airflow/.local/lib/python3.10/site-packages/airflow/example_dags/example_short_circuit_decorator.py
[2024-04-01T14:12:27.887+0000] {processor.py:839} INFO - DAG(s) dict_keys(['example_short_circuit_decorator']) retrieved from /home/airflow/.local/lib/python3.10/site-packages/airflow/example_dags/example_short_circuit_decorator.py
[2024-04-01T14:12:27.900+0000] {logging_mixin.py:154} INFO - [2024-04-01T14:12:27.900+0000] {dag.py:2941} INFO - Sync 1 DAGs
[2024-04-01T14:12:27.913+0000] {logging_mixin.py:154} INFO - [2024-04-01T14:12:27.913+0000] {dag.py:3722} INFO - Setting next_dagrun for example_short_circuit_decorator to 2024-03-31T14:12:27.912854+00:00, run_after=2024-04-01T14:12:27.912854+00:00
[2024-04-01T14:12:27.922+0000] {processor.py:179} INFO - Processing /home/airflow/.local/lib/python3.10/site-packages/airflow/example_dags/example_short_circuit_decorator.py took 0.044 seconds
[2024-04-01T14:12:58.647+0000] {processor.py:157} INFO - Started process (PID=1301) to work on /home/airflow/.local/lib/python3.10/site-packages/airflow/example_dags/example_short_circuit_decorator.py
[2024-04-01T14:12:58.647+0000] {processor.py:829} INFO - Processing file /home/airflow/.local/lib/python3.10/site-packages/airflow/example_dags/example_short_circuit_decorator.py for tasks to queue
[2024-04-01T14:12:58.648+0000] {logging_mixin.py:154} INFO - [2024-04-01T14:12:58.648+0000] {dagbag.py:536} INFO - Filling up the DagBag from /home/airflow/.local/lib/python3.10/site-packages/airflow/example_dags/example_short_circuit_decorator.py
[2024-04-01T14:12:58.654+0000] {processor.py:839} INFO - DAG(s) dict_keys(['example_short_circuit_decorator']) retrieved from /home/airflow/.local/lib/python3.10/site-packages/airflow/example_dags/example_short_circuit_decorator.py
[2024-04-01T14:12:58.668+0000] {logging_mixin.py:154} INFO - [2024-04-01T14:12:58.668+0000] {dag.py:2941} INFO - Sync 1 DAGs
[2024-04-01T14:12:58.680+0000] {logging_mixin.py:154} INFO - [2024-04-01T14:12:58.680+0000] {dag.py:3722} INFO - Setting next_dagrun for example_short_circuit_decorator to 2024-03-31T14:12:58.680310+00:00, run_after=2024-04-01T14:12:58.680310+00:00
[2024-04-01T14:12:58.688+0000] {processor.py:179} INFO - Processing /home/airflow/.local/lib/python3.10/site-packages/airflow/example_dags/example_short_circuit_decorator.py took 0.044 seconds
[2024-04-01T14:13:29.409+0000] {processor.py:157} INFO - Started process (PID=1355) to work on /home/airflow/.local/lib/python3.10/site-packages/airflow/example_dags/example_short_circuit_decorator.py
[2024-04-01T14:13:29.410+0000] {processor.py:829} INFO - Processing file /home/airflow/.local/lib/python3.10/site-packages/airflow/example_dags/example_short_circuit_decorator.py for tasks to queue
[2024-04-01T14:13:29.411+0000] {logging_mixin.py:154} INFO - [2024-04-01T14:13:29.411+0000] {dagbag.py:536} INFO - Filling up the DagBag from /home/airflow/.local/lib/python3.10/site-packages/airflow/example_dags/example_short_circuit_decorator.py
[2024-04-01T14:13:29.417+0000] {processor.py:839} INFO - DAG(s) dict_keys(['example_short_circuit_decorator']) retrieved from /home/airflow/.local/lib/python3.10/site-packages/airflow/example_dags/example_short_circuit_decorator.py
[2024-04-01T14:13:29.430+0000] {logging_mixin.py:154} INFO - [2024-04-01T14:13:29.430+0000] {dag.py:2941} INFO - Sync 1 DAGs
[2024-04-01T14:13:29.442+0000] {logging_mixin.py:154} INFO - [2024-04-01T14:13:29.442+0000] {dag.py:3722} INFO - Setting next_dagrun for example_short_circuit_decorator to 2024-03-31T14:13:29.442371+00:00, run_after=2024-04-01T14:13:29.442371+00:00
[2024-04-01T14:13:29.451+0000] {processor.py:179} INFO - Processing /home/airflow/.local/lib/python3.10/site-packages/airflow/example_dags/example_short_circuit_decorator.py took 0.044 seconds
[2024-04-01T14:14:00.114+0000] {processor.py:157} INFO - Started process (PID=1409) to work on /home/airflow/.local/lib/python3.10/site-packages/airflow/example_dags/example_short_circuit_decorator.py
[2024-04-01T14:14:00.114+0000] {processor.py:829} INFO - Processing file /home/airflow/.local/lib/python3.10/site-packages/airflow/example_dags/example_short_circuit_decorator.py for tasks to queue
[2024-04-01T14:14:00.115+0000] {logging_mixin.py:154} INFO - [2024-04-01T14:14:00.115+0000] {dagbag.py:536} INFO - Filling up the DagBag from /home/airflow/.local/lib/python3.10/site-packages/airflow/example_dags/example_short_circuit_decorator.py
[2024-04-01T14:14:00.120+0000] {processor.py:839} INFO - DAG(s) dict_keys(['example_short_circuit_decorator']) retrieved from /home/airflow/.local/lib/python3.10/site-packages/airflow/example_dags/example_short_circuit_decorator.py
[2024-04-01T14:14:00.134+0000] {logging_mixin.py:154} INFO - [2024-04-01T14:14:00.134+0000] {dag.py:2941} INFO - Sync 1 DAGs
[2024-04-01T14:14:00.147+0000] {logging_mixin.py:154} INFO - [2024-04-01T14:14:00.147+0000] {dag.py:3722} INFO - Setting next_dagrun for example_short_circuit_decorator to 2024-03-31T14:14:00.146977+00:00, run_after=2024-04-01T14:14:00.146977+00:00
[2024-04-01T14:14:00.156+0000] {processor.py:179} INFO - Processing /home/airflow/.local/lib/python3.10/site-packages/airflow/example_dags/example_short_circuit_decorator.py took 0.044 seconds
