[2024-04-01T14:01:13.970+0000] {processor.py:157} INFO - Started process (PID=81) to work on /home/airflow/.local/lib/python3.10/site-packages/airflow/example_dags/example_branch_operator.py
[2024-04-01T14:01:13.971+0000] {processor.py:829} INFO - Processing file /home/airflow/.local/lib/python3.10/site-packages/airflow/example_dags/example_branch_operator.py for tasks to queue
[2024-04-01T14:01:13.972+0000] {logging_mixin.py:154} INFO - [2024-04-01T14:01:13.972+0000] {dagbag.py:536} INFO - Filling up the DagBag from /home/airflow/.local/lib/python3.10/site-packages/airflow/example_dags/example_branch_operator.py
[2024-04-01T14:01:13.977+0000] {processor.py:839} INFO - DAG(s) dict_keys(['example_branch_operator']) retrieved from /home/airflow/.local/lib/python3.10/site-packages/airflow/example_dags/example_branch_operator.py
[2024-04-01T14:01:13.985+0000] {logging_mixin.py:154} INFO - [2024-04-01T14:01:13.985+0000] {dag.py:2941} INFO - Sync 1 DAGs
[2024-04-01T14:01:13.999+0000] {logging_mixin.py:154} INFO - [2024-04-01T14:01:13.999+0000] {dag.py:3722} INFO - Setting next_dagrun for example_branch_operator to 2024-03-31T00:00:00+00:00, run_after=2024-04-01T00:00:00+00:00
[2024-04-01T14:01:14.010+0000] {processor.py:179} INFO - Processing /home/airflow/.local/lib/python3.10/site-packages/airflow/example_dags/example_branch_operator.py took 0.042 seconds
[2024-04-01T14:01:44.504+0000] {processor.py:157} INFO - Started process (PID=135) to work on /home/airflow/.local/lib/python3.10/site-packages/airflow/example_dags/example_branch_operator.py
[2024-04-01T14:01:44.505+0000] {processor.py:829} INFO - Processing file /home/airflow/.local/lib/python3.10/site-packages/airflow/example_dags/example_branch_operator.py for tasks to queue
[2024-04-01T14:01:44.506+0000] {logging_mixin.py:154} INFO - [2024-04-01T14:01:44.506+0000] {dagbag.py:536} INFO - Filling up the DagBag from /home/airflow/.local/lib/python3.10/site-packages/airflow/example_dags/example_branch_operator.py
[2024-04-01T14:01:44.511+0000] {processor.py:839} INFO - DAG(s) dict_keys(['example_branch_operator']) retrieved from /home/airflow/.local/lib/python3.10/site-packages/airflow/example_dags/example_branch_operator.py
[2024-04-01T14:01:44.524+0000] {logging_mixin.py:154} INFO - [2024-04-01T14:01:44.524+0000] {dag.py:2941} INFO - Sync 1 DAGs
[2024-04-01T14:01:44.537+0000] {logging_mixin.py:154} INFO - [2024-04-01T14:01:44.537+0000] {dag.py:3722} INFO - Setting next_dagrun for example_branch_operator to 2024-03-31T00:00:00+00:00, run_after=2024-04-01T00:00:00+00:00
[2024-04-01T14:01:44.545+0000] {processor.py:179} INFO - Processing /home/airflow/.local/lib/python3.10/site-packages/airflow/example_dags/example_branch_operator.py took 0.043 seconds
[2024-04-01T14:02:15.113+0000] {processor.py:157} INFO - Started process (PID=189) to work on /home/airflow/.local/lib/python3.10/site-packages/airflow/example_dags/example_branch_operator.py
[2024-04-01T14:02:15.114+0000] {processor.py:829} INFO - Processing file /home/airflow/.local/lib/python3.10/site-packages/airflow/example_dags/example_branch_operator.py for tasks to queue
[2024-04-01T14:02:15.115+0000] {logging_mixin.py:154} INFO - [2024-04-01T14:02:15.115+0000] {dagbag.py:536} INFO - Filling up the DagBag from /home/airflow/.local/lib/python3.10/site-packages/airflow/example_dags/example_branch_operator.py
[2024-04-01T14:02:15.120+0000] {processor.py:839} INFO - DAG(s) dict_keys(['example_branch_operator']) retrieved from /home/airflow/.local/lib/python3.10/site-packages/airflow/example_dags/example_branch_operator.py
[2024-04-01T14:02:15.133+0000] {logging_mixin.py:154} INFO - [2024-04-01T14:02:15.133+0000] {dag.py:2941} INFO - Sync 1 DAGs
[2024-04-01T14:02:15.146+0000] {logging_mixin.py:154} INFO - [2024-04-01T14:02:15.146+0000] {dag.py:3722} INFO - Setting next_dagrun for example_branch_operator to 2024-03-31T00:00:00+00:00, run_after=2024-04-01T00:00:00+00:00
[2024-04-01T14:02:15.154+0000] {processor.py:179} INFO - Processing /home/airflow/.local/lib/python3.10/site-packages/airflow/example_dags/example_branch_operator.py took 0.043 seconds
[2024-04-01T14:02:45.675+0000] {processor.py:157} INFO - Started process (PID=243) to work on /home/airflow/.local/lib/python3.10/site-packages/airflow/example_dags/example_branch_operator.py
[2024-04-01T14:02:45.675+0000] {processor.py:829} INFO - Processing file /home/airflow/.local/lib/python3.10/site-packages/airflow/example_dags/example_branch_operator.py for tasks to queue
[2024-04-01T14:02:45.677+0000] {logging_mixin.py:154} INFO - [2024-04-01T14:02:45.676+0000] {dagbag.py:536} INFO - Filling up the DagBag from /home/airflow/.local/lib/python3.10/site-packages/airflow/example_dags/example_branch_operator.py
[2024-04-01T14:02:45.682+0000] {processor.py:839} INFO - DAG(s) dict_keys(['example_branch_operator']) retrieved from /home/airflow/.local/lib/python3.10/site-packages/airflow/example_dags/example_branch_operator.py
[2024-04-01T14:02:45.697+0000] {logging_mixin.py:154} INFO - [2024-04-01T14:02:45.697+0000] {dag.py:2941} INFO - Sync 1 DAGs
[2024-04-01T14:02:45.710+0000] {logging_mixin.py:154} INFO - [2024-04-01T14:02:45.710+0000] {dag.py:3722} INFO - Setting next_dagrun for example_branch_operator to 2024-03-31T00:00:00+00:00, run_after=2024-04-01T00:00:00+00:00
[2024-04-01T14:02:45.719+0000] {processor.py:179} INFO - Processing /home/airflow/.local/lib/python3.10/site-packages/airflow/example_dags/example_branch_operator.py took 0.047 seconds
[2024-04-01T14:03:16.388+0000] {processor.py:157} INFO - Started process (PID=297) to work on /home/airflow/.local/lib/python3.10/site-packages/airflow/example_dags/example_branch_operator.py
[2024-04-01T14:03:16.388+0000] {processor.py:829} INFO - Processing file /home/airflow/.local/lib/python3.10/site-packages/airflow/example_dags/example_branch_operator.py for tasks to queue
[2024-04-01T14:03:16.390+0000] {logging_mixin.py:154} INFO - [2024-04-01T14:03:16.389+0000] {dagbag.py:536} INFO - Filling up the DagBag from /home/airflow/.local/lib/python3.10/site-packages/airflow/example_dags/example_branch_operator.py
[2024-04-01T14:03:16.395+0000] {processor.py:839} INFO - DAG(s) dict_keys(['example_branch_operator']) retrieved from /home/airflow/.local/lib/python3.10/site-packages/airflow/example_dags/example_branch_operator.py
[2024-04-01T14:03:16.410+0000] {logging_mixin.py:154} INFO - [2024-04-01T14:03:16.410+0000] {dag.py:2941} INFO - Sync 1 DAGs
[2024-04-01T14:03:16.424+0000] {logging_mixin.py:154} INFO - [2024-04-01T14:03:16.424+0000] {dag.py:3722} INFO - Setting next_dagrun for example_branch_operator to 2024-03-31T00:00:00+00:00, run_after=2024-04-01T00:00:00+00:00
[2024-04-01T14:03:16.433+0000] {processor.py:179} INFO - Processing /home/airflow/.local/lib/python3.10/site-packages/airflow/example_dags/example_branch_operator.py took 0.048 seconds
[2024-04-01T14:03:47.156+0000] {processor.py:157} INFO - Started process (PID=351) to work on /home/airflow/.local/lib/python3.10/site-packages/airflow/example_dags/example_branch_operator.py
[2024-04-01T14:03:47.157+0000] {processor.py:829} INFO - Processing file /home/airflow/.local/lib/python3.10/site-packages/airflow/example_dags/example_branch_operator.py for tasks to queue
[2024-04-01T14:03:47.158+0000] {logging_mixin.py:154} INFO - [2024-04-01T14:03:47.158+0000] {dagbag.py:536} INFO - Filling up the DagBag from /home/airflow/.local/lib/python3.10/site-packages/airflow/example_dags/example_branch_operator.py
[2024-04-01T14:03:47.164+0000] {processor.py:839} INFO - DAG(s) dict_keys(['example_branch_operator']) retrieved from /home/airflow/.local/lib/python3.10/site-packages/airflow/example_dags/example_branch_operator.py
[2024-04-01T14:03:47.178+0000] {logging_mixin.py:154} INFO - [2024-04-01T14:03:47.178+0000] {dag.py:2941} INFO - Sync 1 DAGs
[2024-04-01T14:03:47.192+0000] {logging_mixin.py:154} INFO - [2024-04-01T14:03:47.192+0000] {dag.py:3722} INFO - Setting next_dagrun for example_branch_operator to 2024-03-31T00:00:00+00:00, run_after=2024-04-01T00:00:00+00:00
[2024-04-01T14:03:47.201+0000] {processor.py:179} INFO - Processing /home/airflow/.local/lib/python3.10/site-packages/airflow/example_dags/example_branch_operator.py took 0.047 seconds
[2024-04-01T14:04:17.903+0000] {processor.py:157} INFO - Started process (PID=405) to work on /home/airflow/.local/lib/python3.10/site-packages/airflow/example_dags/example_branch_operator.py
[2024-04-01T14:04:17.904+0000] {processor.py:829} INFO - Processing file /home/airflow/.local/lib/python3.10/site-packages/airflow/example_dags/example_branch_operator.py for tasks to queue
[2024-04-01T14:04:17.905+0000] {logging_mixin.py:154} INFO - [2024-04-01T14:04:17.905+0000] {dagbag.py:536} INFO - Filling up the DagBag from /home/airflow/.local/lib/python3.10/site-packages/airflow/example_dags/example_branch_operator.py
[2024-04-01T14:04:17.911+0000] {processor.py:839} INFO - DAG(s) dict_keys(['example_branch_operator']) retrieved from /home/airflow/.local/lib/python3.10/site-packages/airflow/example_dags/example_branch_operator.py
[2024-04-01T14:04:17.925+0000] {logging_mixin.py:154} INFO - [2024-04-01T14:04:17.924+0000] {dag.py:2941} INFO - Sync 1 DAGs
[2024-04-01T14:04:17.937+0000] {logging_mixin.py:154} INFO - [2024-04-01T14:04:17.937+0000] {dag.py:3722} INFO - Setting next_dagrun for example_branch_operator to 2024-03-31T00:00:00+00:00, run_after=2024-04-01T00:00:00+00:00
[2024-04-01T14:04:17.946+0000] {processor.py:179} INFO - Processing /home/airflow/.local/lib/python3.10/site-packages/airflow/example_dags/example_branch_operator.py took 0.045 seconds
[2024-04-01T14:04:48.497+0000] {processor.py:157} INFO - Started process (PID=459) to work on /home/airflow/.local/lib/python3.10/site-packages/airflow/example_dags/example_branch_operator.py
[2024-04-01T14:04:48.498+0000] {processor.py:829} INFO - Processing file /home/airflow/.local/lib/python3.10/site-packages/airflow/example_dags/example_branch_operator.py for tasks to queue
[2024-04-01T14:04:48.499+0000] {logging_mixin.py:154} INFO - [2024-04-01T14:04:48.499+0000] {dagbag.py:536} INFO - Filling up the DagBag from /home/airflow/.local/lib/python3.10/site-packages/airflow/example_dags/example_branch_operator.py
[2024-04-01T14:04:48.505+0000] {processor.py:839} INFO - DAG(s) dict_keys(['example_branch_operator']) retrieved from /home/airflow/.local/lib/python3.10/site-packages/airflow/example_dags/example_branch_operator.py
[2024-04-01T14:04:48.518+0000] {logging_mixin.py:154} INFO - [2024-04-01T14:04:48.518+0000] {dag.py:2941} INFO - Sync 1 DAGs
[2024-04-01T14:04:48.532+0000] {logging_mixin.py:154} INFO - [2024-04-01T14:04:48.531+0000] {dag.py:3722} INFO - Setting next_dagrun for example_branch_operator to 2024-03-31T00:00:00+00:00, run_after=2024-04-01T00:00:00+00:00
[2024-04-01T14:04:48.541+0000] {processor.py:179} INFO - Processing /home/airflow/.local/lib/python3.10/site-packages/airflow/example_dags/example_branch_operator.py took 0.045 seconds
[2024-04-01T14:05:19.115+0000] {processor.py:157} INFO - Started process (PID=513) to work on /home/airflow/.local/lib/python3.10/site-packages/airflow/example_dags/example_branch_operator.py
[2024-04-01T14:05:19.116+0000] {processor.py:829} INFO - Processing file /home/airflow/.local/lib/python3.10/site-packages/airflow/example_dags/example_branch_operator.py for tasks to queue
[2024-04-01T14:05:19.117+0000] {logging_mixin.py:154} INFO - [2024-04-01T14:05:19.116+0000] {dagbag.py:536} INFO - Filling up the DagBag from /home/airflow/.local/lib/python3.10/site-packages/airflow/example_dags/example_branch_operator.py
[2024-04-01T14:05:19.122+0000] {processor.py:839} INFO - DAG(s) dict_keys(['example_branch_operator']) retrieved from /home/airflow/.local/lib/python3.10/site-packages/airflow/example_dags/example_branch_operator.py
[2024-04-01T14:05:19.136+0000] {logging_mixin.py:154} INFO - [2024-04-01T14:05:19.136+0000] {dag.py:2941} INFO - Sync 1 DAGs
[2024-04-01T14:05:19.150+0000] {logging_mixin.py:154} INFO - [2024-04-01T14:05:19.150+0000] {dag.py:3722} INFO - Setting next_dagrun for example_branch_operator to 2024-03-31T00:00:00+00:00, run_after=2024-04-01T00:00:00+00:00
[2024-04-01T14:05:19.160+0000] {processor.py:179} INFO - Processing /home/airflow/.local/lib/python3.10/site-packages/airflow/example_dags/example_branch_operator.py took 0.047 seconds
[2024-04-01T14:05:49.840+0000] {processor.py:157} INFO - Started process (PID=567) to work on /home/airflow/.local/lib/python3.10/site-packages/airflow/example_dags/example_branch_operator.py
[2024-04-01T14:05:49.841+0000] {processor.py:829} INFO - Processing file /home/airflow/.local/lib/python3.10/site-packages/airflow/example_dags/example_branch_operator.py for tasks to queue
[2024-04-01T14:05:49.842+0000] {logging_mixin.py:154} INFO - [2024-04-01T14:05:49.842+0000] {dagbag.py:536} INFO - Filling up the DagBag from /home/airflow/.local/lib/python3.10/site-packages/airflow/example_dags/example_branch_operator.py
[2024-04-01T14:05:49.847+0000] {processor.py:839} INFO - DAG(s) dict_keys(['example_branch_operator']) retrieved from /home/airflow/.local/lib/python3.10/site-packages/airflow/example_dags/example_branch_operator.py
[2024-04-01T14:05:49.860+0000] {logging_mixin.py:154} INFO - [2024-04-01T14:05:49.860+0000] {dag.py:2941} INFO - Sync 1 DAGs
[2024-04-01T14:05:49.872+0000] {logging_mixin.py:154} INFO - [2024-04-01T14:05:49.872+0000] {dag.py:3722} INFO - Setting next_dagrun for example_branch_operator to 2024-03-31T00:00:00+00:00, run_after=2024-04-01T00:00:00+00:00
[2024-04-01T14:05:49.881+0000] {processor.py:179} INFO - Processing /home/airflow/.local/lib/python3.10/site-packages/airflow/example_dags/example_branch_operator.py took 0.043 seconds
[2024-04-01T14:06:20.480+0000] {processor.py:157} INFO - Started process (PID=621) to work on /home/airflow/.local/lib/python3.10/site-packages/airflow/example_dags/example_branch_operator.py
[2024-04-01T14:06:20.480+0000] {processor.py:829} INFO - Processing file /home/airflow/.local/lib/python3.10/site-packages/airflow/example_dags/example_branch_operator.py for tasks to queue
[2024-04-01T14:06:20.481+0000] {logging_mixin.py:154} INFO - [2024-04-01T14:06:20.481+0000] {dagbag.py:536} INFO - Filling up the DagBag from /home/airflow/.local/lib/python3.10/site-packages/airflow/example_dags/example_branch_operator.py
[2024-04-01T14:06:20.487+0000] {processor.py:839} INFO - DAG(s) dict_keys(['example_branch_operator']) retrieved from /home/airflow/.local/lib/python3.10/site-packages/airflow/example_dags/example_branch_operator.py
[2024-04-01T14:06:20.500+0000] {logging_mixin.py:154} INFO - [2024-04-01T14:06:20.500+0000] {dag.py:2941} INFO - Sync 1 DAGs
[2024-04-01T14:06:20.512+0000] {logging_mixin.py:154} INFO - [2024-04-01T14:06:20.512+0000] {dag.py:3722} INFO - Setting next_dagrun for example_branch_operator to 2024-03-31T00:00:00+00:00, run_after=2024-04-01T00:00:00+00:00
[2024-04-01T14:06:20.520+0000] {processor.py:179} INFO - Processing /home/airflow/.local/lib/python3.10/site-packages/airflow/example_dags/example_branch_operator.py took 0.043 seconds
[2024-04-01T14:06:51.245+0000] {processor.py:157} INFO - Started process (PID=675) to work on /home/airflow/.local/lib/python3.10/site-packages/airflow/example_dags/example_branch_operator.py
[2024-04-01T14:06:51.245+0000] {processor.py:829} INFO - Processing file /home/airflow/.local/lib/python3.10/site-packages/airflow/example_dags/example_branch_operator.py for tasks to queue
[2024-04-01T14:06:51.246+0000] {logging_mixin.py:154} INFO - [2024-04-01T14:06:51.246+0000] {dagbag.py:536} INFO - Filling up the DagBag from /home/airflow/.local/lib/python3.10/site-packages/airflow/example_dags/example_branch_operator.py
[2024-04-01T14:06:51.252+0000] {processor.py:839} INFO - DAG(s) dict_keys(['example_branch_operator']) retrieved from /home/airflow/.local/lib/python3.10/site-packages/airflow/example_dags/example_branch_operator.py
[2024-04-01T14:06:51.265+0000] {logging_mixin.py:154} INFO - [2024-04-01T14:06:51.265+0000] {dag.py:2941} INFO - Sync 1 DAGs
[2024-04-01T14:06:51.278+0000] {logging_mixin.py:154} INFO - [2024-04-01T14:06:51.278+0000] {dag.py:3722} INFO - Setting next_dagrun for example_branch_operator to 2024-03-31T00:00:00+00:00, run_after=2024-04-01T00:00:00+00:00
[2024-04-01T14:06:51.286+0000] {processor.py:179} INFO - Processing /home/airflow/.local/lib/python3.10/site-packages/airflow/example_dags/example_branch_operator.py took 0.044 seconds
[2024-04-01T14:07:21.881+0000] {processor.py:157} INFO - Started process (PID=729) to work on /home/airflow/.local/lib/python3.10/site-packages/airflow/example_dags/example_branch_operator.py
[2024-04-01T14:07:21.882+0000] {processor.py:829} INFO - Processing file /home/airflow/.local/lib/python3.10/site-packages/airflow/example_dags/example_branch_operator.py for tasks to queue
[2024-04-01T14:07:21.883+0000] {logging_mixin.py:154} INFO - [2024-04-01T14:07:21.883+0000] {dagbag.py:536} INFO - Filling up the DagBag from /home/airflow/.local/lib/python3.10/site-packages/airflow/example_dags/example_branch_operator.py
[2024-04-01T14:07:21.889+0000] {processor.py:839} INFO - DAG(s) dict_keys(['example_branch_operator']) retrieved from /home/airflow/.local/lib/python3.10/site-packages/airflow/example_dags/example_branch_operator.py
[2024-04-01T14:07:21.903+0000] {logging_mixin.py:154} INFO - [2024-04-01T14:07:21.903+0000] {dag.py:2941} INFO - Sync 1 DAGs
[2024-04-01T14:07:21.919+0000] {logging_mixin.py:154} INFO - [2024-04-01T14:07:21.919+0000] {dag.py:3722} INFO - Setting next_dagrun for example_branch_operator to 2024-03-31T00:00:00+00:00, run_after=2024-04-01T00:00:00+00:00
[2024-04-01T14:07:21.928+0000] {processor.py:179} INFO - Processing /home/airflow/.local/lib/python3.10/site-packages/airflow/example_dags/example_branch_operator.py took 0.048 seconds
[2024-04-01T14:07:52.447+0000] {processor.py:157} INFO - Started process (PID=783) to work on /home/airflow/.local/lib/python3.10/site-packages/airflow/example_dags/example_branch_operator.py
[2024-04-01T14:07:52.448+0000] {processor.py:829} INFO - Processing file /home/airflow/.local/lib/python3.10/site-packages/airflow/example_dags/example_branch_operator.py for tasks to queue
[2024-04-01T14:07:52.449+0000] {logging_mixin.py:154} INFO - [2024-04-01T14:07:52.449+0000] {dagbag.py:536} INFO - Filling up the DagBag from /home/airflow/.local/lib/python3.10/site-packages/airflow/example_dags/example_branch_operator.py
[2024-04-01T14:07:52.454+0000] {processor.py:839} INFO - DAG(s) dict_keys(['example_branch_operator']) retrieved from /home/airflow/.local/lib/python3.10/site-packages/airflow/example_dags/example_branch_operator.py
[2024-04-01T14:07:52.468+0000] {logging_mixin.py:154} INFO - [2024-04-01T14:07:52.468+0000] {dag.py:2941} INFO - Sync 1 DAGs
[2024-04-01T14:07:52.481+0000] {logging_mixin.py:154} INFO - [2024-04-01T14:07:52.481+0000] {dag.py:3722} INFO - Setting next_dagrun for example_branch_operator to 2024-03-31T00:00:00+00:00, run_after=2024-04-01T00:00:00+00:00
[2024-04-01T14:07:52.491+0000] {processor.py:179} INFO - Processing /home/airflow/.local/lib/python3.10/site-packages/airflow/example_dags/example_branch_operator.py took 0.046 seconds
[2024-04-01T14:08:23.058+0000] {processor.py:157} INFO - Started process (PID=837) to work on /home/airflow/.local/lib/python3.10/site-packages/airflow/example_dags/example_branch_operator.py
[2024-04-01T14:08:23.058+0000] {processor.py:829} INFO - Processing file /home/airflow/.local/lib/python3.10/site-packages/airflow/example_dags/example_branch_operator.py for tasks to queue
[2024-04-01T14:08:23.059+0000] {logging_mixin.py:154} INFO - [2024-04-01T14:08:23.059+0000] {dagbag.py:536} INFO - Filling up the DagBag from /home/airflow/.local/lib/python3.10/site-packages/airflow/example_dags/example_branch_operator.py
[2024-04-01T14:08:23.065+0000] {processor.py:839} INFO - DAG(s) dict_keys(['example_branch_operator']) retrieved from /home/airflow/.local/lib/python3.10/site-packages/airflow/example_dags/example_branch_operator.py
[2024-04-01T14:08:23.078+0000] {logging_mixin.py:154} INFO - [2024-04-01T14:08:23.078+0000] {dag.py:2941} INFO - Sync 1 DAGs
[2024-04-01T14:08:23.090+0000] {logging_mixin.py:154} INFO - [2024-04-01T14:08:23.090+0000] {dag.py:3722} INFO - Setting next_dagrun for example_branch_operator to 2024-03-31T00:00:00+00:00, run_after=2024-04-01T00:00:00+00:00
[2024-04-01T14:08:23.098+0000] {processor.py:179} INFO - Processing /home/airflow/.local/lib/python3.10/site-packages/airflow/example_dags/example_branch_operator.py took 0.042 seconds
[2024-04-01T14:08:53.880+0000] {processor.py:157} INFO - Started process (PID=891) to work on /home/airflow/.local/lib/python3.10/site-packages/airflow/example_dags/example_branch_operator.py
[2024-04-01T14:08:53.881+0000] {processor.py:829} INFO - Processing file /home/airflow/.local/lib/python3.10/site-packages/airflow/example_dags/example_branch_operator.py for tasks to queue
[2024-04-01T14:08:53.882+0000] {logging_mixin.py:154} INFO - [2024-04-01T14:08:53.882+0000] {dagbag.py:536} INFO - Filling up the DagBag from /home/airflow/.local/lib/python3.10/site-packages/airflow/example_dags/example_branch_operator.py
[2024-04-01T14:08:53.888+0000] {processor.py:839} INFO - DAG(s) dict_keys(['example_branch_operator']) retrieved from /home/airflow/.local/lib/python3.10/site-packages/airflow/example_dags/example_branch_operator.py
[2024-04-01T14:08:53.902+0000] {logging_mixin.py:154} INFO - [2024-04-01T14:08:53.902+0000] {dag.py:2941} INFO - Sync 1 DAGs
[2024-04-01T14:08:53.915+0000] {logging_mixin.py:154} INFO - [2024-04-01T14:08:53.915+0000] {dag.py:3722} INFO - Setting next_dagrun for example_branch_operator to 2024-03-31T00:00:00+00:00, run_after=2024-04-01T00:00:00+00:00
[2024-04-01T14:08:53.924+0000] {processor.py:179} INFO - Processing /home/airflow/.local/lib/python3.10/site-packages/airflow/example_dags/example_branch_operator.py took 0.046 seconds
[2024-04-01T14:09:24.556+0000] {processor.py:157} INFO - Started process (PID=945) to work on /home/airflow/.local/lib/python3.10/site-packages/airflow/example_dags/example_branch_operator.py
[2024-04-01T14:09:24.556+0000] {processor.py:829} INFO - Processing file /home/airflow/.local/lib/python3.10/site-packages/airflow/example_dags/example_branch_operator.py for tasks to queue
[2024-04-01T14:09:24.558+0000] {logging_mixin.py:154} INFO - [2024-04-01T14:09:24.557+0000] {dagbag.py:536} INFO - Filling up the DagBag from /home/airflow/.local/lib/python3.10/site-packages/airflow/example_dags/example_branch_operator.py
[2024-04-01T14:09:24.563+0000] {processor.py:839} INFO - DAG(s) dict_keys(['example_branch_operator']) retrieved from /home/airflow/.local/lib/python3.10/site-packages/airflow/example_dags/example_branch_operator.py
[2024-04-01T14:09:24.578+0000] {logging_mixin.py:154} INFO - [2024-04-01T14:09:24.577+0000] {dag.py:2941} INFO - Sync 1 DAGs
[2024-04-01T14:09:24.591+0000] {logging_mixin.py:154} INFO - [2024-04-01T14:09:24.591+0000] {dag.py:3722} INFO - Setting next_dagrun for example_branch_operator to 2024-03-31T00:00:00+00:00, run_after=2024-04-01T00:00:00+00:00
[2024-04-01T14:09:24.601+0000] {processor.py:179} INFO - Processing /home/airflow/.local/lib/python3.10/site-packages/airflow/example_dags/example_branch_operator.py took 0.048 seconds
[2024-04-01T14:09:55.204+0000] {processor.py:157} INFO - Started process (PID=999) to work on /home/airflow/.local/lib/python3.10/site-packages/airflow/example_dags/example_branch_operator.py
[2024-04-01T14:09:55.205+0000] {processor.py:829} INFO - Processing file /home/airflow/.local/lib/python3.10/site-packages/airflow/example_dags/example_branch_operator.py for tasks to queue
[2024-04-01T14:09:55.206+0000] {logging_mixin.py:154} INFO - [2024-04-01T14:09:55.205+0000] {dagbag.py:536} INFO - Filling up the DagBag from /home/airflow/.local/lib/python3.10/site-packages/airflow/example_dags/example_branch_operator.py
[2024-04-01T14:09:55.211+0000] {processor.py:839} INFO - DAG(s) dict_keys(['example_branch_operator']) retrieved from /home/airflow/.local/lib/python3.10/site-packages/airflow/example_dags/example_branch_operator.py
[2024-04-01T14:09:55.225+0000] {logging_mixin.py:154} INFO - [2024-04-01T14:09:55.225+0000] {dag.py:2941} INFO - Sync 1 DAGs
[2024-04-01T14:09:55.238+0000] {logging_mixin.py:154} INFO - [2024-04-01T14:09:55.238+0000] {dag.py:3722} INFO - Setting next_dagrun for example_branch_operator to 2024-03-31T00:00:00+00:00, run_after=2024-04-01T00:00:00+00:00
[2024-04-01T14:09:55.247+0000] {processor.py:179} INFO - Processing /home/airflow/.local/lib/python3.10/site-packages/airflow/example_dags/example_branch_operator.py took 0.046 seconds
[2024-04-01T14:10:25.850+0000] {processor.py:157} INFO - Started process (PID=1053) to work on /home/airflow/.local/lib/python3.10/site-packages/airflow/example_dags/example_branch_operator.py
[2024-04-01T14:10:25.850+0000] {processor.py:829} INFO - Processing file /home/airflow/.local/lib/python3.10/site-packages/airflow/example_dags/example_branch_operator.py for tasks to queue
[2024-04-01T14:10:25.851+0000] {logging_mixin.py:154} INFO - [2024-04-01T14:10:25.851+0000] {dagbag.py:536} INFO - Filling up the DagBag from /home/airflow/.local/lib/python3.10/site-packages/airflow/example_dags/example_branch_operator.py
[2024-04-01T14:10:25.857+0000] {processor.py:839} INFO - DAG(s) dict_keys(['example_branch_operator']) retrieved from /home/airflow/.local/lib/python3.10/site-packages/airflow/example_dags/example_branch_operator.py
[2024-04-01T14:10:25.870+0000] {logging_mixin.py:154} INFO - [2024-04-01T14:10:25.870+0000] {dag.py:2941} INFO - Sync 1 DAGs
[2024-04-01T14:10:25.883+0000] {logging_mixin.py:154} INFO - [2024-04-01T14:10:25.882+0000] {dag.py:3722} INFO - Setting next_dagrun for example_branch_operator to 2024-03-31T00:00:00+00:00, run_after=2024-04-01T00:00:00+00:00
[2024-04-01T14:10:25.891+0000] {processor.py:179} INFO - Processing /home/airflow/.local/lib/python3.10/site-packages/airflow/example_dags/example_branch_operator.py took 0.043 seconds
[2024-04-01T14:10:56.530+0000] {processor.py:157} INFO - Started process (PID=1107) to work on /home/airflow/.local/lib/python3.10/site-packages/airflow/example_dags/example_branch_operator.py
[2024-04-01T14:10:56.530+0000] {processor.py:829} INFO - Processing file /home/airflow/.local/lib/python3.10/site-packages/airflow/example_dags/example_branch_operator.py for tasks to queue
[2024-04-01T14:10:56.531+0000] {logging_mixin.py:154} INFO - [2024-04-01T14:10:56.531+0000] {dagbag.py:536} INFO - Filling up the DagBag from /home/airflow/.local/lib/python3.10/site-packages/airflow/example_dags/example_branch_operator.py
[2024-04-01T14:10:56.537+0000] {processor.py:839} INFO - DAG(s) dict_keys(['example_branch_operator']) retrieved from /home/airflow/.local/lib/python3.10/site-packages/airflow/example_dags/example_branch_operator.py
[2024-04-01T14:10:56.550+0000] {logging_mixin.py:154} INFO - [2024-04-01T14:10:56.550+0000] {dag.py:2941} INFO - Sync 1 DAGs
[2024-04-01T14:10:56.563+0000] {logging_mixin.py:154} INFO - [2024-04-01T14:10:56.562+0000] {dag.py:3722} INFO - Setting next_dagrun for example_branch_operator to 2024-03-31T00:00:00+00:00, run_after=2024-04-01T00:00:00+00:00
[2024-04-01T14:10:56.571+0000] {processor.py:179} INFO - Processing /home/airflow/.local/lib/python3.10/site-packages/airflow/example_dags/example_branch_operator.py took 0.044 seconds
[2024-04-01T14:11:27.246+0000] {processor.py:157} INFO - Started process (PID=1161) to work on /home/airflow/.local/lib/python3.10/site-packages/airflow/example_dags/example_branch_operator.py
[2024-04-01T14:11:27.247+0000] {processor.py:829} INFO - Processing file /home/airflow/.local/lib/python3.10/site-packages/airflow/example_dags/example_branch_operator.py for tasks to queue
[2024-04-01T14:11:27.248+0000] {logging_mixin.py:154} INFO - [2024-04-01T14:11:27.248+0000] {dagbag.py:536} INFO - Filling up the DagBag from /home/airflow/.local/lib/python3.10/site-packages/airflow/example_dags/example_branch_operator.py
[2024-04-01T14:11:27.254+0000] {processor.py:839} INFO - DAG(s) dict_keys(['example_branch_operator']) retrieved from /home/airflow/.local/lib/python3.10/site-packages/airflow/example_dags/example_branch_operator.py
[2024-04-01T14:11:27.267+0000] {logging_mixin.py:154} INFO - [2024-04-01T14:11:27.267+0000] {dag.py:2941} INFO - Sync 1 DAGs
[2024-04-01T14:11:27.280+0000] {logging_mixin.py:154} INFO - [2024-04-01T14:11:27.280+0000] {dag.py:3722} INFO - Setting next_dagrun for example_branch_operator to 2024-03-31T00:00:00+00:00, run_after=2024-04-01T00:00:00+00:00
[2024-04-01T14:11:27.289+0000] {processor.py:179} INFO - Processing /home/airflow/.local/lib/python3.10/site-packages/airflow/example_dags/example_branch_operator.py took 0.044 seconds
[2024-04-01T14:11:57.999+0000] {processor.py:157} INFO - Started process (PID=1215) to work on /home/airflow/.local/lib/python3.10/site-packages/airflow/example_dags/example_branch_operator.py
[2024-04-01T14:11:57.999+0000] {processor.py:829} INFO - Processing file /home/airflow/.local/lib/python3.10/site-packages/airflow/example_dags/example_branch_operator.py for tasks to queue
[2024-04-01T14:11:58.000+0000] {logging_mixin.py:154} INFO - [2024-04-01T14:11:58.000+0000] {dagbag.py:536} INFO - Filling up the DagBag from /home/airflow/.local/lib/python3.10/site-packages/airflow/example_dags/example_branch_operator.py
[2024-04-01T14:11:58.006+0000] {processor.py:839} INFO - DAG(s) dict_keys(['example_branch_operator']) retrieved from /home/airflow/.local/lib/python3.10/site-packages/airflow/example_dags/example_branch_operator.py
[2024-04-01T14:11:58.019+0000] {logging_mixin.py:154} INFO - [2024-04-01T14:11:58.019+0000] {dag.py:2941} INFO - Sync 1 DAGs
[2024-04-01T14:11:58.032+0000] {logging_mixin.py:154} INFO - [2024-04-01T14:11:58.032+0000] {dag.py:3722} INFO - Setting next_dagrun for example_branch_operator to 2024-03-31T00:00:00+00:00, run_after=2024-04-01T00:00:00+00:00
[2024-04-01T14:11:58.040+0000] {processor.py:179} INFO - Processing /home/airflow/.local/lib/python3.10/site-packages/airflow/example_dags/example_branch_operator.py took 0.044 seconds
[2024-04-01T14:12:28.678+0000] {processor.py:157} INFO - Started process (PID=1269) to work on /home/airflow/.local/lib/python3.10/site-packages/airflow/example_dags/example_branch_operator.py
[2024-04-01T14:12:28.679+0000] {processor.py:829} INFO - Processing file /home/airflow/.local/lib/python3.10/site-packages/airflow/example_dags/example_branch_operator.py for tasks to queue
[2024-04-01T14:12:28.680+0000] {logging_mixin.py:154} INFO - [2024-04-01T14:12:28.680+0000] {dagbag.py:536} INFO - Filling up the DagBag from /home/airflow/.local/lib/python3.10/site-packages/airflow/example_dags/example_branch_operator.py
[2024-04-01T14:12:28.685+0000] {processor.py:839} INFO - DAG(s) dict_keys(['example_branch_operator']) retrieved from /home/airflow/.local/lib/python3.10/site-packages/airflow/example_dags/example_branch_operator.py
[2024-04-01T14:12:28.699+0000] {logging_mixin.py:154} INFO - [2024-04-01T14:12:28.699+0000] {dag.py:2941} INFO - Sync 1 DAGs
[2024-04-01T14:12:28.712+0000] {logging_mixin.py:154} INFO - [2024-04-01T14:12:28.712+0000] {dag.py:3722} INFO - Setting next_dagrun for example_branch_operator to 2024-03-31T00:00:00+00:00, run_after=2024-04-01T00:00:00+00:00
[2024-04-01T14:12:28.721+0000] {processor.py:179} INFO - Processing /home/airflow/.local/lib/python3.10/site-packages/airflow/example_dags/example_branch_operator.py took 0.045 seconds
[2024-04-01T14:12:59.416+0000] {processor.py:157} INFO - Started process (PID=1323) to work on /home/airflow/.local/lib/python3.10/site-packages/airflow/example_dags/example_branch_operator.py
[2024-04-01T14:12:59.417+0000] {processor.py:829} INFO - Processing file /home/airflow/.local/lib/python3.10/site-packages/airflow/example_dags/example_branch_operator.py for tasks to queue
[2024-04-01T14:12:59.418+0000] {logging_mixin.py:154} INFO - [2024-04-01T14:12:59.418+0000] {dagbag.py:536} INFO - Filling up the DagBag from /home/airflow/.local/lib/python3.10/site-packages/airflow/example_dags/example_branch_operator.py
[2024-04-01T14:12:59.423+0000] {processor.py:839} INFO - DAG(s) dict_keys(['example_branch_operator']) retrieved from /home/airflow/.local/lib/python3.10/site-packages/airflow/example_dags/example_branch_operator.py
[2024-04-01T14:12:59.436+0000] {logging_mixin.py:154} INFO - [2024-04-01T14:12:59.436+0000] {dag.py:2941} INFO - Sync 1 DAGs
[2024-04-01T14:12:59.449+0000] {logging_mixin.py:154} INFO - [2024-04-01T14:12:59.449+0000] {dag.py:3722} INFO - Setting next_dagrun for example_branch_operator to 2024-03-31T00:00:00+00:00, run_after=2024-04-01T00:00:00+00:00
[2024-04-01T14:12:59.457+0000] {processor.py:179} INFO - Processing /home/airflow/.local/lib/python3.10/site-packages/airflow/example_dags/example_branch_operator.py took 0.043 seconds
[2024-04-01T14:13:30.135+0000] {processor.py:157} INFO - Started process (PID=1377) to work on /home/airflow/.local/lib/python3.10/site-packages/airflow/example_dags/example_branch_operator.py
[2024-04-01T14:13:30.136+0000] {processor.py:829} INFO - Processing file /home/airflow/.local/lib/python3.10/site-packages/airflow/example_dags/example_branch_operator.py for tasks to queue
[2024-04-01T14:13:30.137+0000] {logging_mixin.py:154} INFO - [2024-04-01T14:13:30.137+0000] {dagbag.py:536} INFO - Filling up the DagBag from /home/airflow/.local/lib/python3.10/site-packages/airflow/example_dags/example_branch_operator.py
[2024-04-01T14:13:30.143+0000] {processor.py:839} INFO - DAG(s) dict_keys(['example_branch_operator']) retrieved from /home/airflow/.local/lib/python3.10/site-packages/airflow/example_dags/example_branch_operator.py
[2024-04-01T14:13:30.157+0000] {logging_mixin.py:154} INFO - [2024-04-01T14:13:30.157+0000] {dag.py:2941} INFO - Sync 1 DAGs
[2024-04-01T14:13:30.169+0000] {logging_mixin.py:154} INFO - [2024-04-01T14:13:30.169+0000] {dag.py:3722} INFO - Setting next_dagrun for example_branch_operator to 2024-03-31T00:00:00+00:00, run_after=2024-04-01T00:00:00+00:00
[2024-04-01T14:13:30.178+0000] {processor.py:179} INFO - Processing /home/airflow/.local/lib/python3.10/site-packages/airflow/example_dags/example_branch_operator.py took 0.044 seconds
[2024-04-01T14:14:00.840+0000] {processor.py:157} INFO - Started process (PID=1431) to work on /home/airflow/.local/lib/python3.10/site-packages/airflow/example_dags/example_branch_operator.py
[2024-04-01T14:14:00.841+0000] {processor.py:829} INFO - Processing file /home/airflow/.local/lib/python3.10/site-packages/airflow/example_dags/example_branch_operator.py for tasks to queue
[2024-04-01T14:14:00.842+0000] {logging_mixin.py:154} INFO - [2024-04-01T14:14:00.842+0000] {dagbag.py:536} INFO - Filling up the DagBag from /home/airflow/.local/lib/python3.10/site-packages/airflow/example_dags/example_branch_operator.py
[2024-04-01T14:14:00.847+0000] {processor.py:839} INFO - DAG(s) dict_keys(['example_branch_operator']) retrieved from /home/airflow/.local/lib/python3.10/site-packages/airflow/example_dags/example_branch_operator.py
[2024-04-01T14:14:00.860+0000] {logging_mixin.py:154} INFO - [2024-04-01T14:14:00.860+0000] {dag.py:2941} INFO - Sync 1 DAGs
[2024-04-01T14:14:00.872+0000] {logging_mixin.py:154} INFO - [2024-04-01T14:14:00.872+0000] {dag.py:3722} INFO - Setting next_dagrun for example_branch_operator to 2024-03-31T00:00:00+00:00, run_after=2024-04-01T00:00:00+00:00
[2024-04-01T14:14:00.880+0000] {processor.py:179} INFO - Processing /home/airflow/.local/lib/python3.10/site-packages/airflow/example_dags/example_branch_operator.py took 0.042 seconds
