[2024-04-01T14:01:13.611+0000] {processor.py:157} INFO - Started process (PID=70) to work on /home/airflow/.local/lib/python3.10/site-packages/airflow/example_dags/example_sensor_decorator.py
[2024-04-01T14:01:13.611+0000] {processor.py:829} INFO - Processing file /home/airflow/.local/lib/python3.10/site-packages/airflow/example_dags/example_sensor_decorator.py for tasks to queue
[2024-04-01T14:01:13.612+0000] {logging_mixin.py:154} INFO - [2024-04-01T14:01:13.612+0000] {dagbag.py:536} INFO - Filling up the DagBag from /home/airflow/.local/lib/python3.10/site-packages/airflow/example_dags/example_sensor_decorator.py
[2024-04-01T14:01:13.616+0000] {processor.py:839} INFO - DAG(s) dict_keys(['example_sensor_decorator']) retrieved from /home/airflow/.local/lib/python3.10/site-packages/airflow/example_dags/example_sensor_decorator.py
[2024-04-01T14:01:13.623+0000] {logging_mixin.py:154} INFO - [2024-04-01T14:01:13.623+0000] {dag.py:2941} INFO - Sync 1 DAGs
[2024-04-01T14:01:13.631+0000] {logging_mixin.py:154} INFO - [2024-04-01T14:01:13.631+0000] {dag.py:3722} INFO - Setting next_dagrun for example_sensor_decorator to None, run_after=None
[2024-04-01T14:01:13.640+0000] {processor.py:179} INFO - Processing /home/airflow/.local/lib/python3.10/site-packages/airflow/example_dags/example_sensor_decorator.py took 0.032 seconds
[2024-04-01T14:01:44.190+0000] {processor.py:157} INFO - Started process (PID=124) to work on /home/airflow/.local/lib/python3.10/site-packages/airflow/example_dags/example_sensor_decorator.py
[2024-04-01T14:01:44.191+0000] {processor.py:829} INFO - Processing file /home/airflow/.local/lib/python3.10/site-packages/airflow/example_dags/example_sensor_decorator.py for tasks to queue
[2024-04-01T14:01:44.192+0000] {logging_mixin.py:154} INFO - [2024-04-01T14:01:44.192+0000] {dagbag.py:536} INFO - Filling up the DagBag from /home/airflow/.local/lib/python3.10/site-packages/airflow/example_dags/example_sensor_decorator.py
[2024-04-01T14:01:44.195+0000] {processor.py:839} INFO - DAG(s) dict_keys(['example_sensor_decorator']) retrieved from /home/airflow/.local/lib/python3.10/site-packages/airflow/example_dags/example_sensor_decorator.py
[2024-04-01T14:01:44.207+0000] {logging_mixin.py:154} INFO - [2024-04-01T14:01:44.207+0000] {dag.py:2941} INFO - Sync 1 DAGs
[2024-04-01T14:01:44.213+0000] {logging_mixin.py:154} INFO - [2024-04-01T14:01:44.213+0000] {dag.py:3722} INFO - Setting next_dagrun for example_sensor_decorator to None, run_after=None
[2024-04-01T14:01:44.222+0000] {processor.py:179} INFO - Processing /home/airflow/.local/lib/python3.10/site-packages/airflow/example_dags/example_sensor_decorator.py took 0.034 seconds
[2024-04-01T14:02:14.736+0000] {processor.py:157} INFO - Started process (PID=178) to work on /home/airflow/.local/lib/python3.10/site-packages/airflow/example_dags/example_sensor_decorator.py
[2024-04-01T14:02:14.736+0000] {processor.py:829} INFO - Processing file /home/airflow/.local/lib/python3.10/site-packages/airflow/example_dags/example_sensor_decorator.py for tasks to queue
[2024-04-01T14:02:14.737+0000] {logging_mixin.py:154} INFO - [2024-04-01T14:02:14.737+0000] {dagbag.py:536} INFO - Filling up the DagBag from /home/airflow/.local/lib/python3.10/site-packages/airflow/example_dags/example_sensor_decorator.py
[2024-04-01T14:02:14.741+0000] {processor.py:839} INFO - DAG(s) dict_keys(['example_sensor_decorator']) retrieved from /home/airflow/.local/lib/python3.10/site-packages/airflow/example_dags/example_sensor_decorator.py
[2024-04-01T14:02:14.752+0000] {logging_mixin.py:154} INFO - [2024-04-01T14:02:14.752+0000] {dag.py:2941} INFO - Sync 1 DAGs
[2024-04-01T14:02:14.759+0000] {logging_mixin.py:154} INFO - [2024-04-01T14:02:14.759+0000] {dag.py:3722} INFO - Setting next_dagrun for example_sensor_decorator to None, run_after=None
[2024-04-01T14:02:14.768+0000] {processor.py:179} INFO - Processing /home/airflow/.local/lib/python3.10/site-packages/airflow/example_dags/example_sensor_decorator.py took 0.034 seconds
[2024-04-01T14:02:45.326+0000] {processor.py:157} INFO - Started process (PID=232) to work on /home/airflow/.local/lib/python3.10/site-packages/airflow/example_dags/example_sensor_decorator.py
[2024-04-01T14:02:45.327+0000] {processor.py:829} INFO - Processing file /home/airflow/.local/lib/python3.10/site-packages/airflow/example_dags/example_sensor_decorator.py for tasks to queue
[2024-04-01T14:02:45.328+0000] {logging_mixin.py:154} INFO - [2024-04-01T14:02:45.328+0000] {dagbag.py:536} INFO - Filling up the DagBag from /home/airflow/.local/lib/python3.10/site-packages/airflow/example_dags/example_sensor_decorator.py
[2024-04-01T14:02:45.332+0000] {processor.py:839} INFO - DAG(s) dict_keys(['example_sensor_decorator']) retrieved from /home/airflow/.local/lib/python3.10/site-packages/airflow/example_dags/example_sensor_decorator.py
[2024-04-01T14:02:45.343+0000] {logging_mixin.py:154} INFO - [2024-04-01T14:02:45.343+0000] {dag.py:2941} INFO - Sync 1 DAGs
[2024-04-01T14:02:45.351+0000] {logging_mixin.py:154} INFO - [2024-04-01T14:02:45.350+0000] {dag.py:3722} INFO - Setting next_dagrun for example_sensor_decorator to None, run_after=None
[2024-04-01T14:02:45.359+0000] {processor.py:179} INFO - Processing /home/airflow/.local/lib/python3.10/site-packages/airflow/example_dags/example_sensor_decorator.py took 0.036 seconds
[2024-04-01T14:03:15.997+0000] {processor.py:157} INFO - Started process (PID=286) to work on /home/airflow/.local/lib/python3.10/site-packages/airflow/example_dags/example_sensor_decorator.py
[2024-04-01T14:03:15.997+0000] {processor.py:829} INFO - Processing file /home/airflow/.local/lib/python3.10/site-packages/airflow/example_dags/example_sensor_decorator.py for tasks to queue
[2024-04-01T14:03:15.999+0000] {logging_mixin.py:154} INFO - [2024-04-01T14:03:15.998+0000] {dagbag.py:536} INFO - Filling up the DagBag from /home/airflow/.local/lib/python3.10/site-packages/airflow/example_dags/example_sensor_decorator.py
[2024-04-01T14:03:16.002+0000] {processor.py:839} INFO - DAG(s) dict_keys(['example_sensor_decorator']) retrieved from /home/airflow/.local/lib/python3.10/site-packages/airflow/example_dags/example_sensor_decorator.py
[2024-04-01T14:03:16.014+0000] {logging_mixin.py:154} INFO - [2024-04-01T14:03:16.014+0000] {dag.py:2941} INFO - Sync 1 DAGs
[2024-04-01T14:03:16.021+0000] {logging_mixin.py:154} INFO - [2024-04-01T14:03:16.021+0000] {dag.py:3722} INFO - Setting next_dagrun for example_sensor_decorator to None, run_after=None
[2024-04-01T14:03:16.030+0000] {processor.py:179} INFO - Processing /home/airflow/.local/lib/python3.10/site-packages/airflow/example_dags/example_sensor_decorator.py took 0.036 seconds
[2024-04-01T14:03:46.788+0000] {processor.py:157} INFO - Started process (PID=340) to work on /home/airflow/.local/lib/python3.10/site-packages/airflow/example_dags/example_sensor_decorator.py
[2024-04-01T14:03:46.788+0000] {processor.py:829} INFO - Processing file /home/airflow/.local/lib/python3.10/site-packages/airflow/example_dags/example_sensor_decorator.py for tasks to queue
[2024-04-01T14:03:46.789+0000] {logging_mixin.py:154} INFO - [2024-04-01T14:03:46.789+0000] {dagbag.py:536} INFO - Filling up the DagBag from /home/airflow/.local/lib/python3.10/site-packages/airflow/example_dags/example_sensor_decorator.py
[2024-04-01T14:03:46.793+0000] {processor.py:839} INFO - DAG(s) dict_keys(['example_sensor_decorator']) retrieved from /home/airflow/.local/lib/python3.10/site-packages/airflow/example_dags/example_sensor_decorator.py
[2024-04-01T14:03:46.805+0000] {logging_mixin.py:154} INFO - [2024-04-01T14:03:46.804+0000] {dag.py:2941} INFO - Sync 1 DAGs
[2024-04-01T14:03:46.812+0000] {logging_mixin.py:154} INFO - [2024-04-01T14:03:46.811+0000] {dag.py:3722} INFO - Setting next_dagrun for example_sensor_decorator to None, run_after=None
[2024-04-01T14:03:46.820+0000] {processor.py:179} INFO - Processing /home/airflow/.local/lib/python3.10/site-packages/airflow/example_dags/example_sensor_decorator.py took 0.035 seconds
[2024-04-01T14:04:17.534+0000] {processor.py:157} INFO - Started process (PID=394) to work on /home/airflow/.local/lib/python3.10/site-packages/airflow/example_dags/example_sensor_decorator.py
[2024-04-01T14:04:17.535+0000] {processor.py:829} INFO - Processing file /home/airflow/.local/lib/python3.10/site-packages/airflow/example_dags/example_sensor_decorator.py for tasks to queue
[2024-04-01T14:04:17.536+0000] {logging_mixin.py:154} INFO - [2024-04-01T14:04:17.536+0000] {dagbag.py:536} INFO - Filling up the DagBag from /home/airflow/.local/lib/python3.10/site-packages/airflow/example_dags/example_sensor_decorator.py
[2024-04-01T14:04:17.539+0000] {processor.py:839} INFO - DAG(s) dict_keys(['example_sensor_decorator']) retrieved from /home/airflow/.local/lib/python3.10/site-packages/airflow/example_dags/example_sensor_decorator.py
[2024-04-01T14:04:17.550+0000] {logging_mixin.py:154} INFO - [2024-04-01T14:04:17.550+0000] {dag.py:2941} INFO - Sync 1 DAGs
[2024-04-01T14:04:17.557+0000] {logging_mixin.py:154} INFO - [2024-04-01T14:04:17.557+0000] {dag.py:3722} INFO - Setting next_dagrun for example_sensor_decorator to None, run_after=None
[2024-04-01T14:04:17.565+0000] {processor.py:179} INFO - Processing /home/airflow/.local/lib/python3.10/site-packages/airflow/example_dags/example_sensor_decorator.py took 0.033 seconds
[2024-04-01T14:04:48.163+0000] {processor.py:157} INFO - Started process (PID=448) to work on /home/airflow/.local/lib/python3.10/site-packages/airflow/example_dags/example_sensor_decorator.py
[2024-04-01T14:04:48.163+0000] {processor.py:829} INFO - Processing file /home/airflow/.local/lib/python3.10/site-packages/airflow/example_dags/example_sensor_decorator.py for tasks to queue
[2024-04-01T14:04:48.164+0000] {logging_mixin.py:154} INFO - [2024-04-01T14:04:48.164+0000] {dagbag.py:536} INFO - Filling up the DagBag from /home/airflow/.local/lib/python3.10/site-packages/airflow/example_dags/example_sensor_decorator.py
[2024-04-01T14:04:48.168+0000] {processor.py:839} INFO - DAG(s) dict_keys(['example_sensor_decorator']) retrieved from /home/airflow/.local/lib/python3.10/site-packages/airflow/example_dags/example_sensor_decorator.py
[2024-04-01T14:04:48.180+0000] {logging_mixin.py:154} INFO - [2024-04-01T14:04:48.180+0000] {dag.py:2941} INFO - Sync 1 DAGs
[2024-04-01T14:04:48.187+0000] {logging_mixin.py:154} INFO - [2024-04-01T14:04:48.187+0000] {dag.py:3722} INFO - Setting next_dagrun for example_sensor_decorator to None, run_after=None
[2024-04-01T14:04:48.196+0000] {processor.py:179} INFO - Processing /home/airflow/.local/lib/python3.10/site-packages/airflow/example_dags/example_sensor_decorator.py took 0.036 seconds
[2024-04-01T14:05:18.754+0000] {processor.py:157} INFO - Started process (PID=502) to work on /home/airflow/.local/lib/python3.10/site-packages/airflow/example_dags/example_sensor_decorator.py
[2024-04-01T14:05:18.755+0000] {processor.py:829} INFO - Processing file /home/airflow/.local/lib/python3.10/site-packages/airflow/example_dags/example_sensor_decorator.py for tasks to queue
[2024-04-01T14:05:18.756+0000] {logging_mixin.py:154} INFO - [2024-04-01T14:05:18.756+0000] {dagbag.py:536} INFO - Filling up the DagBag from /home/airflow/.local/lib/python3.10/site-packages/airflow/example_dags/example_sensor_decorator.py
[2024-04-01T14:05:18.760+0000] {processor.py:839} INFO - DAG(s) dict_keys(['example_sensor_decorator']) retrieved from /home/airflow/.local/lib/python3.10/site-packages/airflow/example_dags/example_sensor_decorator.py
[2024-04-01T14:05:18.771+0000] {logging_mixin.py:154} INFO - [2024-04-01T14:05:18.771+0000] {dag.py:2941} INFO - Sync 1 DAGs
[2024-04-01T14:05:18.779+0000] {logging_mixin.py:154} INFO - [2024-04-01T14:05:18.778+0000] {dag.py:3722} INFO - Setting next_dagrun for example_sensor_decorator to None, run_after=None
[2024-04-01T14:05:18.787+0000] {processor.py:179} INFO - Processing /home/airflow/.local/lib/python3.10/site-packages/airflow/example_dags/example_sensor_decorator.py took 0.035 seconds
[2024-04-01T14:05:49.496+0000] {processor.py:157} INFO - Started process (PID=556) to work on /home/airflow/.local/lib/python3.10/site-packages/airflow/example_dags/example_sensor_decorator.py
[2024-04-01T14:05:49.497+0000] {processor.py:829} INFO - Processing file /home/airflow/.local/lib/python3.10/site-packages/airflow/example_dags/example_sensor_decorator.py for tasks to queue
[2024-04-01T14:05:49.498+0000] {logging_mixin.py:154} INFO - [2024-04-01T14:05:49.498+0000] {dagbag.py:536} INFO - Filling up the DagBag from /home/airflow/.local/lib/python3.10/site-packages/airflow/example_dags/example_sensor_decorator.py
[2024-04-01T14:05:49.501+0000] {processor.py:839} INFO - DAG(s) dict_keys(['example_sensor_decorator']) retrieved from /home/airflow/.local/lib/python3.10/site-packages/airflow/example_dags/example_sensor_decorator.py
[2024-04-01T14:05:49.513+0000] {logging_mixin.py:154} INFO - [2024-04-01T14:05:49.513+0000] {dag.py:2941} INFO - Sync 1 DAGs
[2024-04-01T14:05:49.520+0000] {logging_mixin.py:154} INFO - [2024-04-01T14:05:49.520+0000] {dag.py:3722} INFO - Setting next_dagrun for example_sensor_decorator to None, run_after=None
[2024-04-01T14:05:49.528+0000] {processor.py:179} INFO - Processing /home/airflow/.local/lib/python3.10/site-packages/airflow/example_dags/example_sensor_decorator.py took 0.034 seconds
[2024-04-01T14:06:20.143+0000] {processor.py:157} INFO - Started process (PID=610) to work on /home/airflow/.local/lib/python3.10/site-packages/airflow/example_dags/example_sensor_decorator.py
[2024-04-01T14:06:20.144+0000] {processor.py:829} INFO - Processing file /home/airflow/.local/lib/python3.10/site-packages/airflow/example_dags/example_sensor_decorator.py for tasks to queue
[2024-04-01T14:06:20.145+0000] {logging_mixin.py:154} INFO - [2024-04-01T14:06:20.145+0000] {dagbag.py:536} INFO - Filling up the DagBag from /home/airflow/.local/lib/python3.10/site-packages/airflow/example_dags/example_sensor_decorator.py
[2024-04-01T14:06:20.148+0000] {processor.py:839} INFO - DAG(s) dict_keys(['example_sensor_decorator']) retrieved from /home/airflow/.local/lib/python3.10/site-packages/airflow/example_dags/example_sensor_decorator.py
[2024-04-01T14:06:20.160+0000] {logging_mixin.py:154} INFO - [2024-04-01T14:06:20.159+0000] {dag.py:2941} INFO - Sync 1 DAGs
[2024-04-01T14:06:20.166+0000] {logging_mixin.py:154} INFO - [2024-04-01T14:06:20.166+0000] {dag.py:3722} INFO - Setting next_dagrun for example_sensor_decorator to None, run_after=None
[2024-04-01T14:06:20.174+0000] {processor.py:179} INFO - Processing /home/airflow/.local/lib/python3.10/site-packages/airflow/example_dags/example_sensor_decorator.py took 0.033 seconds
[2024-04-01T14:06:50.847+0000] {processor.py:157} INFO - Started process (PID=664) to work on /home/airflow/.local/lib/python3.10/site-packages/airflow/example_dags/example_sensor_decorator.py
[2024-04-01T14:06:50.847+0000] {processor.py:829} INFO - Processing file /home/airflow/.local/lib/python3.10/site-packages/airflow/example_dags/example_sensor_decorator.py for tasks to queue
[2024-04-01T14:06:50.848+0000] {logging_mixin.py:154} INFO - [2024-04-01T14:06:50.848+0000] {dagbag.py:536} INFO - Filling up the DagBag from /home/airflow/.local/lib/python3.10/site-packages/airflow/example_dags/example_sensor_decorator.py
[2024-04-01T14:06:50.852+0000] {processor.py:839} INFO - DAG(s) dict_keys(['example_sensor_decorator']) retrieved from /home/airflow/.local/lib/python3.10/site-packages/airflow/example_dags/example_sensor_decorator.py
[2024-04-01T14:06:50.863+0000] {logging_mixin.py:154} INFO - [2024-04-01T14:06:50.863+0000] {dag.py:2941} INFO - Sync 1 DAGs
[2024-04-01T14:06:50.870+0000] {logging_mixin.py:154} INFO - [2024-04-01T14:06:50.870+0000] {dag.py:3722} INFO - Setting next_dagrun for example_sensor_decorator to None, run_after=None
[2024-04-01T14:06:50.878+0000] {processor.py:179} INFO - Processing /home/airflow/.local/lib/python3.10/site-packages/airflow/example_dags/example_sensor_decorator.py took 0.033 seconds
[2024-04-01T14:07:21.551+0000] {processor.py:157} INFO - Started process (PID=718) to work on /home/airflow/.local/lib/python3.10/site-packages/airflow/example_dags/example_sensor_decorator.py
[2024-04-01T14:07:21.552+0000] {processor.py:829} INFO - Processing file /home/airflow/.local/lib/python3.10/site-packages/airflow/example_dags/example_sensor_decorator.py for tasks to queue
[2024-04-01T14:07:21.553+0000] {logging_mixin.py:154} INFO - [2024-04-01T14:07:21.553+0000] {dagbag.py:536} INFO - Filling up the DagBag from /home/airflow/.local/lib/python3.10/site-packages/airflow/example_dags/example_sensor_decorator.py
[2024-04-01T14:07:21.556+0000] {processor.py:839} INFO - DAG(s) dict_keys(['example_sensor_decorator']) retrieved from /home/airflow/.local/lib/python3.10/site-packages/airflow/example_dags/example_sensor_decorator.py
[2024-04-01T14:07:21.568+0000] {logging_mixin.py:154} INFO - [2024-04-01T14:07:21.568+0000] {dag.py:2941} INFO - Sync 1 DAGs
[2024-04-01T14:07:21.575+0000] {logging_mixin.py:154} INFO - [2024-04-01T14:07:21.575+0000] {dag.py:3722} INFO - Setting next_dagrun for example_sensor_decorator to None, run_after=None
[2024-04-01T14:07:21.584+0000] {processor.py:179} INFO - Processing /home/airflow/.local/lib/python3.10/site-packages/airflow/example_dags/example_sensor_decorator.py took 0.035 seconds
[2024-04-01T14:07:52.109+0000] {processor.py:157} INFO - Started process (PID=772) to work on /home/airflow/.local/lib/python3.10/site-packages/airflow/example_dags/example_sensor_decorator.py
[2024-04-01T14:07:52.110+0000] {processor.py:829} INFO - Processing file /home/airflow/.local/lib/python3.10/site-packages/airflow/example_dags/example_sensor_decorator.py for tasks to queue
[2024-04-01T14:07:52.111+0000] {logging_mixin.py:154} INFO - [2024-04-01T14:07:52.111+0000] {dagbag.py:536} INFO - Filling up the DagBag from /home/airflow/.local/lib/python3.10/site-packages/airflow/example_dags/example_sensor_decorator.py
[2024-04-01T14:07:52.114+0000] {processor.py:839} INFO - DAG(s) dict_keys(['example_sensor_decorator']) retrieved from /home/airflow/.local/lib/python3.10/site-packages/airflow/example_dags/example_sensor_decorator.py
[2024-04-01T14:07:52.127+0000] {logging_mixin.py:154} INFO - [2024-04-01T14:07:52.127+0000] {dag.py:2941} INFO - Sync 1 DAGs
[2024-04-01T14:07:52.134+0000] {logging_mixin.py:154} INFO - [2024-04-01T14:07:52.134+0000] {dag.py:3722} INFO - Setting next_dagrun for example_sensor_decorator to None, run_after=None
[2024-04-01T14:07:52.143+0000] {processor.py:179} INFO - Processing /home/airflow/.local/lib/python3.10/site-packages/airflow/example_dags/example_sensor_decorator.py took 0.036 seconds
[2024-04-01T14:08:22.720+0000] {processor.py:157} INFO - Started process (PID=826) to work on /home/airflow/.local/lib/python3.10/site-packages/airflow/example_dags/example_sensor_decorator.py
[2024-04-01T14:08:22.721+0000] {processor.py:829} INFO - Processing file /home/airflow/.local/lib/python3.10/site-packages/airflow/example_dags/example_sensor_decorator.py for tasks to queue
[2024-04-01T14:08:22.722+0000] {logging_mixin.py:154} INFO - [2024-04-01T14:08:22.722+0000] {dagbag.py:536} INFO - Filling up the DagBag from /home/airflow/.local/lib/python3.10/site-packages/airflow/example_dags/example_sensor_decorator.py
[2024-04-01T14:08:22.725+0000] {processor.py:839} INFO - DAG(s) dict_keys(['example_sensor_decorator']) retrieved from /home/airflow/.local/lib/python3.10/site-packages/airflow/example_dags/example_sensor_decorator.py
[2024-04-01T14:08:22.737+0000] {logging_mixin.py:154} INFO - [2024-04-01T14:08:22.737+0000] {dag.py:2941} INFO - Sync 1 DAGs
[2024-04-01T14:08:22.744+0000] {logging_mixin.py:154} INFO - [2024-04-01T14:08:22.744+0000] {dag.py:3722} INFO - Setting next_dagrun for example_sensor_decorator to None, run_after=None
[2024-04-01T14:08:22.752+0000] {processor.py:179} INFO - Processing /home/airflow/.local/lib/python3.10/site-packages/airflow/example_dags/example_sensor_decorator.py took 0.034 seconds
[2024-04-01T14:08:53.460+0000] {processor.py:157} INFO - Started process (PID=880) to work on /home/airflow/.local/lib/python3.10/site-packages/airflow/example_dags/example_sensor_decorator.py
[2024-04-01T14:08:53.460+0000] {processor.py:829} INFO - Processing file /home/airflow/.local/lib/python3.10/site-packages/airflow/example_dags/example_sensor_decorator.py for tasks to queue
[2024-04-01T14:08:53.461+0000] {logging_mixin.py:154} INFO - [2024-04-01T14:08:53.461+0000] {dagbag.py:536} INFO - Filling up the DagBag from /home/airflow/.local/lib/python3.10/site-packages/airflow/example_dags/example_sensor_decorator.py
[2024-04-01T14:08:53.465+0000] {processor.py:839} INFO - DAG(s) dict_keys(['example_sensor_decorator']) retrieved from /home/airflow/.local/lib/python3.10/site-packages/airflow/example_dags/example_sensor_decorator.py
[2024-04-01T14:08:53.478+0000] {logging_mixin.py:154} INFO - [2024-04-01T14:08:53.477+0000] {dag.py:2941} INFO - Sync 1 DAGs
[2024-04-01T14:08:53.484+0000] {logging_mixin.py:154} INFO - [2024-04-01T14:08:53.484+0000] {dag.py:3722} INFO - Setting next_dagrun for example_sensor_decorator to None, run_after=None
[2024-04-01T14:08:53.493+0000] {processor.py:179} INFO - Processing /home/airflow/.local/lib/python3.10/site-packages/airflow/example_dags/example_sensor_decorator.py took 0.035 seconds
[2024-04-01T14:09:24.203+0000] {processor.py:157} INFO - Started process (PID=934) to work on /home/airflow/.local/lib/python3.10/site-packages/airflow/example_dags/example_sensor_decorator.py
[2024-04-01T14:09:24.203+0000] {processor.py:829} INFO - Processing file /home/airflow/.local/lib/python3.10/site-packages/airflow/example_dags/example_sensor_decorator.py for tasks to queue
[2024-04-01T14:09:24.204+0000] {logging_mixin.py:154} INFO - [2024-04-01T14:09:24.204+0000] {dagbag.py:536} INFO - Filling up the DagBag from /home/airflow/.local/lib/python3.10/site-packages/airflow/example_dags/example_sensor_decorator.py
[2024-04-01T14:09:24.208+0000] {processor.py:839} INFO - DAG(s) dict_keys(['example_sensor_decorator']) retrieved from /home/airflow/.local/lib/python3.10/site-packages/airflow/example_dags/example_sensor_decorator.py
[2024-04-01T14:09:24.221+0000] {logging_mixin.py:154} INFO - [2024-04-01T14:09:24.221+0000] {dag.py:2941} INFO - Sync 1 DAGs
[2024-04-01T14:09:24.228+0000] {logging_mixin.py:154} INFO - [2024-04-01T14:09:24.228+0000] {dag.py:3722} INFO - Setting next_dagrun for example_sensor_decorator to None, run_after=None
[2024-04-01T14:09:24.237+0000] {processor.py:179} INFO - Processing /home/airflow/.local/lib/python3.10/site-packages/airflow/example_dags/example_sensor_decorator.py took 0.036 seconds
[2024-04-01T14:09:54.827+0000] {processor.py:157} INFO - Started process (PID=988) to work on /home/airflow/.local/lib/python3.10/site-packages/airflow/example_dags/example_sensor_decorator.py
[2024-04-01T14:09:54.828+0000] {processor.py:829} INFO - Processing file /home/airflow/.local/lib/python3.10/site-packages/airflow/example_dags/example_sensor_decorator.py for tasks to queue
[2024-04-01T14:09:54.829+0000] {logging_mixin.py:154} INFO - [2024-04-01T14:09:54.828+0000] {dagbag.py:536} INFO - Filling up the DagBag from /home/airflow/.local/lib/python3.10/site-packages/airflow/example_dags/example_sensor_decorator.py
[2024-04-01T14:09:54.833+0000] {processor.py:839} INFO - DAG(s) dict_keys(['example_sensor_decorator']) retrieved from /home/airflow/.local/lib/python3.10/site-packages/airflow/example_dags/example_sensor_decorator.py
[2024-04-01T14:09:54.845+0000] {logging_mixin.py:154} INFO - [2024-04-01T14:09:54.845+0000] {dag.py:2941} INFO - Sync 1 DAGs
[2024-04-01T14:09:54.852+0000] {logging_mixin.py:154} INFO - [2024-04-01T14:09:54.852+0000] {dag.py:3722} INFO - Setting next_dagrun for example_sensor_decorator to None, run_after=None
[2024-04-01T14:09:54.861+0000] {processor.py:179} INFO - Processing /home/airflow/.local/lib/python3.10/site-packages/airflow/example_dags/example_sensor_decorator.py took 0.036 seconds
[2024-04-01T14:10:25.522+0000] {processor.py:157} INFO - Started process (PID=1042) to work on /home/airflow/.local/lib/python3.10/site-packages/airflow/example_dags/example_sensor_decorator.py
[2024-04-01T14:10:25.523+0000] {processor.py:829} INFO - Processing file /home/airflow/.local/lib/python3.10/site-packages/airflow/example_dags/example_sensor_decorator.py for tasks to queue
[2024-04-01T14:10:25.524+0000] {logging_mixin.py:154} INFO - [2024-04-01T14:10:25.524+0000] {dagbag.py:536} INFO - Filling up the DagBag from /home/airflow/.local/lib/python3.10/site-packages/airflow/example_dags/example_sensor_decorator.py
[2024-04-01T14:10:25.528+0000] {processor.py:839} INFO - DAG(s) dict_keys(['example_sensor_decorator']) retrieved from /home/airflow/.local/lib/python3.10/site-packages/airflow/example_dags/example_sensor_decorator.py
[2024-04-01T14:10:25.539+0000] {logging_mixin.py:154} INFO - [2024-04-01T14:10:25.539+0000] {dag.py:2941} INFO - Sync 1 DAGs
[2024-04-01T14:10:25.546+0000] {logging_mixin.py:154} INFO - [2024-04-01T14:10:25.546+0000] {dag.py:3722} INFO - Setting next_dagrun for example_sensor_decorator to None, run_after=None
[2024-04-01T14:10:25.555+0000] {processor.py:179} INFO - Processing /home/airflow/.local/lib/python3.10/site-packages/airflow/example_dags/example_sensor_decorator.py took 0.035 seconds
[2024-04-01T14:10:56.142+0000] {processor.py:157} INFO - Started process (PID=1096) to work on /home/airflow/.local/lib/python3.10/site-packages/airflow/example_dags/example_sensor_decorator.py
[2024-04-01T14:10:56.143+0000] {processor.py:829} INFO - Processing file /home/airflow/.local/lib/python3.10/site-packages/airflow/example_dags/example_sensor_decorator.py for tasks to queue
[2024-04-01T14:10:56.144+0000] {logging_mixin.py:154} INFO - [2024-04-01T14:10:56.144+0000] {dagbag.py:536} INFO - Filling up the DagBag from /home/airflow/.local/lib/python3.10/site-packages/airflow/example_dags/example_sensor_decorator.py
[2024-04-01T14:10:56.147+0000] {processor.py:839} INFO - DAG(s) dict_keys(['example_sensor_decorator']) retrieved from /home/airflow/.local/lib/python3.10/site-packages/airflow/example_dags/example_sensor_decorator.py
[2024-04-01T14:10:56.160+0000] {logging_mixin.py:154} INFO - [2024-04-01T14:10:56.159+0000] {dag.py:2941} INFO - Sync 1 DAGs
[2024-04-01T14:10:56.166+0000] {logging_mixin.py:154} INFO - [2024-04-01T14:10:56.166+0000] {dag.py:3722} INFO - Setting next_dagrun for example_sensor_decorator to None, run_after=None
[2024-04-01T14:10:56.175+0000] {processor.py:179} INFO - Processing /home/airflow/.local/lib/python3.10/site-packages/airflow/example_dags/example_sensor_decorator.py took 0.035 seconds
[2024-04-01T14:11:26.850+0000] {processor.py:157} INFO - Started process (PID=1150) to work on /home/airflow/.local/lib/python3.10/site-packages/airflow/example_dags/example_sensor_decorator.py
[2024-04-01T14:11:26.851+0000] {processor.py:829} INFO - Processing file /home/airflow/.local/lib/python3.10/site-packages/airflow/example_dags/example_sensor_decorator.py for tasks to queue
[2024-04-01T14:11:26.852+0000] {logging_mixin.py:154} INFO - [2024-04-01T14:11:26.852+0000] {dagbag.py:536} INFO - Filling up the DagBag from /home/airflow/.local/lib/python3.10/site-packages/airflow/example_dags/example_sensor_decorator.py
[2024-04-01T14:11:26.857+0000] {processor.py:839} INFO - DAG(s) dict_keys(['example_sensor_decorator']) retrieved from /home/airflow/.local/lib/python3.10/site-packages/airflow/example_dags/example_sensor_decorator.py
[2024-04-01T14:11:26.869+0000] {logging_mixin.py:154} INFO - [2024-04-01T14:11:26.869+0000] {dag.py:2941} INFO - Sync 1 DAGs
[2024-04-01T14:11:26.877+0000] {logging_mixin.py:154} INFO - [2024-04-01T14:11:26.877+0000] {dag.py:3722} INFO - Setting next_dagrun for example_sensor_decorator to None, run_after=None
[2024-04-01T14:11:26.887+0000] {processor.py:179} INFO - Processing /home/airflow/.local/lib/python3.10/site-packages/airflow/example_dags/example_sensor_decorator.py took 0.039 seconds
[2024-04-01T14:11:57.625+0000] {processor.py:157} INFO - Started process (PID=1204) to work on /home/airflow/.local/lib/python3.10/site-packages/airflow/example_dags/example_sensor_decorator.py
[2024-04-01T14:11:57.625+0000] {processor.py:829} INFO - Processing file /home/airflow/.local/lib/python3.10/site-packages/airflow/example_dags/example_sensor_decorator.py for tasks to queue
[2024-04-01T14:11:57.626+0000] {logging_mixin.py:154} INFO - [2024-04-01T14:11:57.626+0000] {dagbag.py:536} INFO - Filling up the DagBag from /home/airflow/.local/lib/python3.10/site-packages/airflow/example_dags/example_sensor_decorator.py
[2024-04-01T14:11:57.630+0000] {processor.py:839} INFO - DAG(s) dict_keys(['example_sensor_decorator']) retrieved from /home/airflow/.local/lib/python3.10/site-packages/airflow/example_dags/example_sensor_decorator.py
[2024-04-01T14:11:57.641+0000] {logging_mixin.py:154} INFO - [2024-04-01T14:11:57.641+0000] {dag.py:2941} INFO - Sync 1 DAGs
[2024-04-01T14:11:57.647+0000] {logging_mixin.py:154} INFO - [2024-04-01T14:11:57.647+0000] {dag.py:3722} INFO - Setting next_dagrun for example_sensor_decorator to None, run_after=None
[2024-04-01T14:11:57.655+0000] {processor.py:179} INFO - Processing /home/airflow/.local/lib/python3.10/site-packages/airflow/example_dags/example_sensor_decorator.py took 0.033 seconds
[2024-04-01T14:12:28.269+0000] {processor.py:157} INFO - Started process (PID=1258) to work on /home/airflow/.local/lib/python3.10/site-packages/airflow/example_dags/example_sensor_decorator.py
[2024-04-01T14:12:28.270+0000] {processor.py:829} INFO - Processing file /home/airflow/.local/lib/python3.10/site-packages/airflow/example_dags/example_sensor_decorator.py for tasks to queue
[2024-04-01T14:12:28.271+0000] {logging_mixin.py:154} INFO - [2024-04-01T14:12:28.271+0000] {dagbag.py:536} INFO - Filling up the DagBag from /home/airflow/.local/lib/python3.10/site-packages/airflow/example_dags/example_sensor_decorator.py
[2024-04-01T14:12:28.275+0000] {processor.py:839} INFO - DAG(s) dict_keys(['example_sensor_decorator']) retrieved from /home/airflow/.local/lib/python3.10/site-packages/airflow/example_dags/example_sensor_decorator.py
[2024-04-01T14:12:28.287+0000] {logging_mixin.py:154} INFO - [2024-04-01T14:12:28.286+0000] {dag.py:2941} INFO - Sync 1 DAGs
[2024-04-01T14:12:28.293+0000] {logging_mixin.py:154} INFO - [2024-04-01T14:12:28.293+0000] {dag.py:3722} INFO - Setting next_dagrun for example_sensor_decorator to None, run_after=None
[2024-04-01T14:12:28.301+0000] {processor.py:179} INFO - Processing /home/airflow/.local/lib/python3.10/site-packages/airflow/example_dags/example_sensor_decorator.py took 0.034 seconds
[2024-04-01T14:12:59.053+0000] {processor.py:157} INFO - Started process (PID=1312) to work on /home/airflow/.local/lib/python3.10/site-packages/airflow/example_dags/example_sensor_decorator.py
[2024-04-01T14:12:59.054+0000] {processor.py:829} INFO - Processing file /home/airflow/.local/lib/python3.10/site-packages/airflow/example_dags/example_sensor_decorator.py for tasks to queue
[2024-04-01T14:12:59.055+0000] {logging_mixin.py:154} INFO - [2024-04-01T14:12:59.055+0000] {dagbag.py:536} INFO - Filling up the DagBag from /home/airflow/.local/lib/python3.10/site-packages/airflow/example_dags/example_sensor_decorator.py
[2024-04-01T14:12:59.059+0000] {processor.py:839} INFO - DAG(s) dict_keys(['example_sensor_decorator']) retrieved from /home/airflow/.local/lib/python3.10/site-packages/airflow/example_dags/example_sensor_decorator.py
[2024-04-01T14:12:59.071+0000] {logging_mixin.py:154} INFO - [2024-04-01T14:12:59.071+0000] {dag.py:2941} INFO - Sync 1 DAGs
[2024-04-01T14:12:59.077+0000] {logging_mixin.py:154} INFO - [2024-04-01T14:12:59.077+0000] {dag.py:3722} INFO - Setting next_dagrun for example_sensor_decorator to None, run_after=None
[2024-04-01T14:12:59.086+0000] {processor.py:179} INFO - Processing /home/airflow/.local/lib/python3.10/site-packages/airflow/example_dags/example_sensor_decorator.py took 0.035 seconds
[2024-04-01T14:13:29.741+0000] {processor.py:157} INFO - Started process (PID=1366) to work on /home/airflow/.local/lib/python3.10/site-packages/airflow/example_dags/example_sensor_decorator.py
[2024-04-01T14:13:29.741+0000] {processor.py:829} INFO - Processing file /home/airflow/.local/lib/python3.10/site-packages/airflow/example_dags/example_sensor_decorator.py for tasks to queue
[2024-04-01T14:13:29.742+0000] {logging_mixin.py:154} INFO - [2024-04-01T14:13:29.742+0000] {dagbag.py:536} INFO - Filling up the DagBag from /home/airflow/.local/lib/python3.10/site-packages/airflow/example_dags/example_sensor_decorator.py
[2024-04-01T14:13:29.746+0000] {processor.py:839} INFO - DAG(s) dict_keys(['example_sensor_decorator']) retrieved from /home/airflow/.local/lib/python3.10/site-packages/airflow/example_dags/example_sensor_decorator.py
[2024-04-01T14:13:29.758+0000] {logging_mixin.py:154} INFO - [2024-04-01T14:13:29.758+0000] {dag.py:2941} INFO - Sync 1 DAGs
[2024-04-01T14:13:29.766+0000] {logging_mixin.py:154} INFO - [2024-04-01T14:13:29.766+0000] {dag.py:3722} INFO - Setting next_dagrun for example_sensor_decorator to None, run_after=None
[2024-04-01T14:13:29.774+0000] {processor.py:179} INFO - Processing /home/airflow/.local/lib/python3.10/site-packages/airflow/example_dags/example_sensor_decorator.py took 0.036 seconds
[2024-04-01T14:14:00.449+0000] {processor.py:157} INFO - Started process (PID=1420) to work on /home/airflow/.local/lib/python3.10/site-packages/airflow/example_dags/example_sensor_decorator.py
[2024-04-01T14:14:00.450+0000] {processor.py:829} INFO - Processing file /home/airflow/.local/lib/python3.10/site-packages/airflow/example_dags/example_sensor_decorator.py for tasks to queue
[2024-04-01T14:14:00.451+0000] {logging_mixin.py:154} INFO - [2024-04-01T14:14:00.450+0000] {dagbag.py:536} INFO - Filling up the DagBag from /home/airflow/.local/lib/python3.10/site-packages/airflow/example_dags/example_sensor_decorator.py
[2024-04-01T14:14:00.454+0000] {processor.py:839} INFO - DAG(s) dict_keys(['example_sensor_decorator']) retrieved from /home/airflow/.local/lib/python3.10/site-packages/airflow/example_dags/example_sensor_decorator.py
[2024-04-01T14:14:00.465+0000] {logging_mixin.py:154} INFO - [2024-04-01T14:14:00.465+0000] {dag.py:2941} INFO - Sync 1 DAGs
[2024-04-01T14:14:00.472+0000] {logging_mixin.py:154} INFO - [2024-04-01T14:14:00.472+0000] {dag.py:3722} INFO - Setting next_dagrun for example_sensor_decorator to None, run_after=None
[2024-04-01T14:14:00.481+0000] {processor.py:179} INFO - Processing /home/airflow/.local/lib/python3.10/site-packages/airflow/example_dags/example_sensor_decorator.py took 0.034 seconds
