[2024-04-01T14:01:13.443+0000] {processor.py:157} INFO - Started process (PID=64) to work on /home/airflow/.local/lib/python3.10/site-packages/airflow/example_dags/example_trigger_controller_dag.py
[2024-04-01T14:01:13.444+0000] {processor.py:829} INFO - Processing file /home/airflow/.local/lib/python3.10/site-packages/airflow/example_dags/example_trigger_controller_dag.py for tasks to queue
[2024-04-01T14:01:13.446+0000] {logging_mixin.py:154} INFO - [2024-04-01T14:01:13.446+0000] {dagbag.py:536} INFO - Filling up the DagBag from /home/airflow/.local/lib/python3.10/site-packages/airflow/example_dags/example_trigger_controller_dag.py
[2024-04-01T14:01:13.449+0000] {processor.py:839} INFO - DAG(s) dict_keys(['example_trigger_controller_dag']) retrieved from /home/airflow/.local/lib/python3.10/site-packages/airflow/example_dags/example_trigger_controller_dag.py
[2024-04-01T14:01:13.457+0000] {logging_mixin.py:154} INFO - [2024-04-01T14:01:13.456+0000] {dag.py:2941} INFO - Sync 1 DAGs
[2024-04-01T14:01:13.470+0000] {logging_mixin.py:154} INFO - [2024-04-01T14:01:13.469+0000] {dag.py:3722} INFO - Setting next_dagrun for example_trigger_controller_dag to 2021-01-01T00:00:00+00:00, run_after=2021-01-01T00:00:00+00:00
[2024-04-01T14:01:13.479+0000] {processor.py:179} INFO - Processing /home/airflow/.local/lib/python3.10/site-packages/airflow/example_dags/example_trigger_controller_dag.py took 0.038 seconds
[2024-04-01T14:01:43.996+0000] {processor.py:157} INFO - Started process (PID=118) to work on /home/airflow/.local/lib/python3.10/site-packages/airflow/example_dags/example_trigger_controller_dag.py
[2024-04-01T14:01:43.997+0000] {processor.py:829} INFO - Processing file /home/airflow/.local/lib/python3.10/site-packages/airflow/example_dags/example_trigger_controller_dag.py for tasks to queue
[2024-04-01T14:01:43.998+0000] {logging_mixin.py:154} INFO - [2024-04-01T14:01:43.998+0000] {dagbag.py:536} INFO - Filling up the DagBag from /home/airflow/.local/lib/python3.10/site-packages/airflow/example_dags/example_trigger_controller_dag.py
[2024-04-01T14:01:44.001+0000] {processor.py:839} INFO - DAG(s) dict_keys(['example_trigger_controller_dag']) retrieved from /home/airflow/.local/lib/python3.10/site-packages/airflow/example_dags/example_trigger_controller_dag.py
[2024-04-01T14:01:44.012+0000] {logging_mixin.py:154} INFO - [2024-04-01T14:01:44.012+0000] {dag.py:2941} INFO - Sync 1 DAGs
[2024-04-01T14:01:44.023+0000] {logging_mixin.py:154} INFO - [2024-04-01T14:01:44.023+0000] {dag.py:3722} INFO - Setting next_dagrun for example_trigger_controller_dag to 2021-01-01T00:00:00+00:00, run_after=2021-01-01T00:00:00+00:00
[2024-04-01T14:01:44.032+0000] {processor.py:179} INFO - Processing /home/airflow/.local/lib/python3.10/site-packages/airflow/example_dags/example_trigger_controller_dag.py took 0.038 seconds
[2024-04-01T14:02:14.577+0000] {processor.py:157} INFO - Started process (PID=172) to work on /home/airflow/.local/lib/python3.10/site-packages/airflow/example_dags/example_trigger_controller_dag.py
[2024-04-01T14:02:14.578+0000] {processor.py:829} INFO - Processing file /home/airflow/.local/lib/python3.10/site-packages/airflow/example_dags/example_trigger_controller_dag.py for tasks to queue
[2024-04-01T14:02:14.579+0000] {logging_mixin.py:154} INFO - [2024-04-01T14:02:14.579+0000] {dagbag.py:536} INFO - Filling up the DagBag from /home/airflow/.local/lib/python3.10/site-packages/airflow/example_dags/example_trigger_controller_dag.py
[2024-04-01T14:02:14.581+0000] {processor.py:839} INFO - DAG(s) dict_keys(['example_trigger_controller_dag']) retrieved from /home/airflow/.local/lib/python3.10/site-packages/airflow/example_dags/example_trigger_controller_dag.py
[2024-04-01T14:02:14.593+0000] {logging_mixin.py:154} INFO - [2024-04-01T14:02:14.593+0000] {dag.py:2941} INFO - Sync 1 DAGs
[2024-04-01T14:02:14.605+0000] {logging_mixin.py:154} INFO - [2024-04-01T14:02:14.605+0000] {dag.py:3722} INFO - Setting next_dagrun for example_trigger_controller_dag to 2021-01-01T00:00:00+00:00, run_after=2021-01-01T00:00:00+00:00
[2024-04-01T14:02:14.613+0000] {processor.py:179} INFO - Processing /home/airflow/.local/lib/python3.10/site-packages/airflow/example_dags/example_trigger_controller_dag.py took 0.037 seconds
[2024-04-01T14:02:45.147+0000] {processor.py:157} INFO - Started process (PID=226) to work on /home/airflow/.local/lib/python3.10/site-packages/airflow/example_dags/example_trigger_controller_dag.py
[2024-04-01T14:02:45.147+0000] {processor.py:829} INFO - Processing file /home/airflow/.local/lib/python3.10/site-packages/airflow/example_dags/example_trigger_controller_dag.py for tasks to queue
[2024-04-01T14:02:45.148+0000] {logging_mixin.py:154} INFO - [2024-04-01T14:02:45.148+0000] {dagbag.py:536} INFO - Filling up the DagBag from /home/airflow/.local/lib/python3.10/site-packages/airflow/example_dags/example_trigger_controller_dag.py
[2024-04-01T14:02:45.151+0000] {processor.py:839} INFO - DAG(s) dict_keys(['example_trigger_controller_dag']) retrieved from /home/airflow/.local/lib/python3.10/site-packages/airflow/example_dags/example_trigger_controller_dag.py
[2024-04-01T14:02:45.163+0000] {logging_mixin.py:154} INFO - [2024-04-01T14:02:45.163+0000] {dag.py:2941} INFO - Sync 1 DAGs
[2024-04-01T14:02:45.175+0000] {logging_mixin.py:154} INFO - [2024-04-01T14:02:45.175+0000] {dag.py:3722} INFO - Setting next_dagrun for example_trigger_controller_dag to 2021-01-01T00:00:00+00:00, run_after=2021-01-01T00:00:00+00:00
[2024-04-01T14:02:45.183+0000] {processor.py:179} INFO - Processing /home/airflow/.local/lib/python3.10/site-packages/airflow/example_dags/example_trigger_controller_dag.py took 0.039 seconds
[2024-04-01T14:03:15.829+0000] {processor.py:157} INFO - Started process (PID=280) to work on /home/airflow/.local/lib/python3.10/site-packages/airflow/example_dags/example_trigger_controller_dag.py
[2024-04-01T14:03:15.830+0000] {processor.py:829} INFO - Processing file /home/airflow/.local/lib/python3.10/site-packages/airflow/example_dags/example_trigger_controller_dag.py for tasks to queue
[2024-04-01T14:03:15.831+0000] {logging_mixin.py:154} INFO - [2024-04-01T14:03:15.830+0000] {dagbag.py:536} INFO - Filling up the DagBag from /home/airflow/.local/lib/python3.10/site-packages/airflow/example_dags/example_trigger_controller_dag.py
[2024-04-01T14:03:15.833+0000] {processor.py:839} INFO - DAG(s) dict_keys(['example_trigger_controller_dag']) retrieved from /home/airflow/.local/lib/python3.10/site-packages/airflow/example_dags/example_trigger_controller_dag.py
[2024-04-01T14:03:15.845+0000] {logging_mixin.py:154} INFO - [2024-04-01T14:03:15.845+0000] {dag.py:2941} INFO - Sync 1 DAGs
[2024-04-01T14:03:15.857+0000] {logging_mixin.py:154} INFO - [2024-04-01T14:03:15.856+0000] {dag.py:3722} INFO - Setting next_dagrun for example_trigger_controller_dag to 2021-01-01T00:00:00+00:00, run_after=2021-01-01T00:00:00+00:00
[2024-04-01T14:03:15.865+0000] {processor.py:179} INFO - Processing /home/airflow/.local/lib/python3.10/site-packages/airflow/example_dags/example_trigger_controller_dag.py took 0.038 seconds
[2024-04-01T14:03:46.545+0000] {processor.py:157} INFO - Started process (PID=334) to work on /home/airflow/.local/lib/python3.10/site-packages/airflow/example_dags/example_trigger_controller_dag.py
[2024-04-01T14:03:46.546+0000] {processor.py:829} INFO - Processing file /home/airflow/.local/lib/python3.10/site-packages/airflow/example_dags/example_trigger_controller_dag.py for tasks to queue
[2024-04-01T14:03:46.547+0000] {logging_mixin.py:154} INFO - [2024-04-01T14:03:46.547+0000] {dagbag.py:536} INFO - Filling up the DagBag from /home/airflow/.local/lib/python3.10/site-packages/airflow/example_dags/example_trigger_controller_dag.py
[2024-04-01T14:03:46.550+0000] {processor.py:839} INFO - DAG(s) dict_keys(['example_trigger_controller_dag']) retrieved from /home/airflow/.local/lib/python3.10/site-packages/airflow/example_dags/example_trigger_controller_dag.py
[2024-04-01T14:03:46.569+0000] {logging_mixin.py:154} INFO - [2024-04-01T14:03:46.569+0000] {dag.py:2941} INFO - Sync 1 DAGs
[2024-04-01T14:03:46.584+0000] {logging_mixin.py:154} INFO - [2024-04-01T14:03:46.584+0000] {dag.py:3722} INFO - Setting next_dagrun for example_trigger_controller_dag to 2021-01-01T00:00:00+00:00, run_after=2021-01-01T00:00:00+00:00
[2024-04-01T14:03:46.592+0000] {processor.py:179} INFO - Processing /home/airflow/.local/lib/python3.10/site-packages/airflow/example_dags/example_trigger_controller_dag.py took 0.049 seconds
[2024-04-01T14:04:17.302+0000] {processor.py:157} INFO - Started process (PID=388) to work on /home/airflow/.local/lib/python3.10/site-packages/airflow/example_dags/example_trigger_controller_dag.py
[2024-04-01T14:04:17.303+0000] {processor.py:829} INFO - Processing file /home/airflow/.local/lib/python3.10/site-packages/airflow/example_dags/example_trigger_controller_dag.py for tasks to queue
[2024-04-01T14:04:17.304+0000] {logging_mixin.py:154} INFO - [2024-04-01T14:04:17.304+0000] {dagbag.py:536} INFO - Filling up the DagBag from /home/airflow/.local/lib/python3.10/site-packages/airflow/example_dags/example_trigger_controller_dag.py
[2024-04-01T14:04:17.307+0000] {processor.py:839} INFO - DAG(s) dict_keys(['example_trigger_controller_dag']) retrieved from /home/airflow/.local/lib/python3.10/site-packages/airflow/example_dags/example_trigger_controller_dag.py
[2024-04-01T14:04:17.319+0000] {logging_mixin.py:154} INFO - [2024-04-01T14:04:17.319+0000] {dag.py:2941} INFO - Sync 1 DAGs
[2024-04-01T14:04:17.331+0000] {logging_mixin.py:154} INFO - [2024-04-01T14:04:17.331+0000] {dag.py:3722} INFO - Setting next_dagrun for example_trigger_controller_dag to 2021-01-01T00:00:00+00:00, run_after=2021-01-01T00:00:00+00:00
[2024-04-01T14:04:17.339+0000] {processor.py:179} INFO - Processing /home/airflow/.local/lib/python3.10/site-packages/airflow/example_dags/example_trigger_controller_dag.py took 0.040 seconds
[2024-04-01T14:04:47.992+0000] {processor.py:157} INFO - Started process (PID=442) to work on /home/airflow/.local/lib/python3.10/site-packages/airflow/example_dags/example_trigger_controller_dag.py
[2024-04-01T14:04:47.993+0000] {processor.py:829} INFO - Processing file /home/airflow/.local/lib/python3.10/site-packages/airflow/example_dags/example_trigger_controller_dag.py for tasks to queue
[2024-04-01T14:04:47.994+0000] {logging_mixin.py:154} INFO - [2024-04-01T14:04:47.994+0000] {dagbag.py:536} INFO - Filling up the DagBag from /home/airflow/.local/lib/python3.10/site-packages/airflow/example_dags/example_trigger_controller_dag.py
[2024-04-01T14:04:47.997+0000] {processor.py:839} INFO - DAG(s) dict_keys(['example_trigger_controller_dag']) retrieved from /home/airflow/.local/lib/python3.10/site-packages/airflow/example_dags/example_trigger_controller_dag.py
[2024-04-01T14:04:48.009+0000] {logging_mixin.py:154} INFO - [2024-04-01T14:04:48.009+0000] {dag.py:2941} INFO - Sync 1 DAGs
[2024-04-01T14:04:48.022+0000] {logging_mixin.py:154} INFO - [2024-04-01T14:04:48.021+0000] {dag.py:3722} INFO - Setting next_dagrun for example_trigger_controller_dag to 2021-01-01T00:00:00+00:00, run_after=2021-01-01T00:00:00+00:00
[2024-04-01T14:04:48.030+0000] {processor.py:179} INFO - Processing /home/airflow/.local/lib/python3.10/site-packages/airflow/example_dags/example_trigger_controller_dag.py took 0.040 seconds
[2024-04-01T14:05:18.582+0000] {processor.py:157} INFO - Started process (PID=496) to work on /home/airflow/.local/lib/python3.10/site-packages/airflow/example_dags/example_trigger_controller_dag.py
[2024-04-01T14:05:18.582+0000] {processor.py:829} INFO - Processing file /home/airflow/.local/lib/python3.10/site-packages/airflow/example_dags/example_trigger_controller_dag.py for tasks to queue
[2024-04-01T14:05:18.583+0000] {logging_mixin.py:154} INFO - [2024-04-01T14:05:18.583+0000] {dagbag.py:536} INFO - Filling up the DagBag from /home/airflow/.local/lib/python3.10/site-packages/airflow/example_dags/example_trigger_controller_dag.py
[2024-04-01T14:05:18.586+0000] {processor.py:839} INFO - DAG(s) dict_keys(['example_trigger_controller_dag']) retrieved from /home/airflow/.local/lib/python3.10/site-packages/airflow/example_dags/example_trigger_controller_dag.py
[2024-04-01T14:05:18.599+0000] {logging_mixin.py:154} INFO - [2024-04-01T14:05:18.599+0000] {dag.py:2941} INFO - Sync 1 DAGs
[2024-04-01T14:05:18.612+0000] {logging_mixin.py:154} INFO - [2024-04-01T14:05:18.611+0000] {dag.py:3722} INFO - Setting next_dagrun for example_trigger_controller_dag to 2021-01-01T00:00:00+00:00, run_after=2021-01-01T00:00:00+00:00
[2024-04-01T14:05:18.620+0000] {processor.py:179} INFO - Processing /home/airflow/.local/lib/python3.10/site-packages/airflow/example_dags/example_trigger_controller_dag.py took 0.040 seconds
[2024-04-01T14:05:49.275+0000] {processor.py:157} INFO - Started process (PID=550) to work on /home/airflow/.local/lib/python3.10/site-packages/airflow/example_dags/example_trigger_controller_dag.py
[2024-04-01T14:05:49.276+0000] {processor.py:829} INFO - Processing file /home/airflow/.local/lib/python3.10/site-packages/airflow/example_dags/example_trigger_controller_dag.py for tasks to queue
[2024-04-01T14:05:49.277+0000] {logging_mixin.py:154} INFO - [2024-04-01T14:05:49.277+0000] {dagbag.py:536} INFO - Filling up the DagBag from /home/airflow/.local/lib/python3.10/site-packages/airflow/example_dags/example_trigger_controller_dag.py
[2024-04-01T14:05:49.279+0000] {processor.py:839} INFO - DAG(s) dict_keys(['example_trigger_controller_dag']) retrieved from /home/airflow/.local/lib/python3.10/site-packages/airflow/example_dags/example_trigger_controller_dag.py
[2024-04-01T14:05:49.292+0000] {logging_mixin.py:154} INFO - [2024-04-01T14:05:49.292+0000] {dag.py:2941} INFO - Sync 1 DAGs
[2024-04-01T14:05:49.303+0000] {logging_mixin.py:154} INFO - [2024-04-01T14:05:49.303+0000] {dag.py:3722} INFO - Setting next_dagrun for example_trigger_controller_dag to 2021-01-01T00:00:00+00:00, run_after=2021-01-01T00:00:00+00:00
[2024-04-01T14:05:49.311+0000] {processor.py:179} INFO - Processing /home/airflow/.local/lib/python3.10/site-packages/airflow/example_dags/example_trigger_controller_dag.py took 0.038 seconds
[2024-04-01T14:06:19.979+0000] {processor.py:157} INFO - Started process (PID=604) to work on /home/airflow/.local/lib/python3.10/site-packages/airflow/example_dags/example_trigger_controller_dag.py
[2024-04-01T14:06:19.979+0000] {processor.py:829} INFO - Processing file /home/airflow/.local/lib/python3.10/site-packages/airflow/example_dags/example_trigger_controller_dag.py for tasks to queue
[2024-04-01T14:06:19.981+0000] {logging_mixin.py:154} INFO - [2024-04-01T14:06:19.980+0000] {dagbag.py:536} INFO - Filling up the DagBag from /home/airflow/.local/lib/python3.10/site-packages/airflow/example_dags/example_trigger_controller_dag.py
[2024-04-01T14:06:19.983+0000] {processor.py:839} INFO - DAG(s) dict_keys(['example_trigger_controller_dag']) retrieved from /home/airflow/.local/lib/python3.10/site-packages/airflow/example_dags/example_trigger_controller_dag.py
[2024-04-01T14:06:19.995+0000] {logging_mixin.py:154} INFO - [2024-04-01T14:06:19.995+0000] {dag.py:2941} INFO - Sync 1 DAGs
[2024-04-01T14:06:20.007+0000] {logging_mixin.py:154} INFO - [2024-04-01T14:06:20.006+0000] {dag.py:3722} INFO - Setting next_dagrun for example_trigger_controller_dag to 2021-01-01T00:00:00+00:00, run_after=2021-01-01T00:00:00+00:00
[2024-04-01T14:06:20.015+0000] {processor.py:179} INFO - Processing /home/airflow/.local/lib/python3.10/site-packages/airflow/example_dags/example_trigger_controller_dag.py took 0.038 seconds
[2024-04-01T14:06:50.609+0000] {processor.py:157} INFO - Started process (PID=658) to work on /home/airflow/.local/lib/python3.10/site-packages/airflow/example_dags/example_trigger_controller_dag.py
[2024-04-01T14:06:50.609+0000] {processor.py:829} INFO - Processing file /home/airflow/.local/lib/python3.10/site-packages/airflow/example_dags/example_trigger_controller_dag.py for tasks to queue
[2024-04-01T14:06:50.610+0000] {logging_mixin.py:154} INFO - [2024-04-01T14:06:50.610+0000] {dagbag.py:536} INFO - Filling up the DagBag from /home/airflow/.local/lib/python3.10/site-packages/airflow/example_dags/example_trigger_controller_dag.py
[2024-04-01T14:06:50.613+0000] {processor.py:839} INFO - DAG(s) dict_keys(['example_trigger_controller_dag']) retrieved from /home/airflow/.local/lib/python3.10/site-packages/airflow/example_dags/example_trigger_controller_dag.py
[2024-04-01T14:06:50.624+0000] {logging_mixin.py:154} INFO - [2024-04-01T14:06:50.624+0000] {dag.py:2941} INFO - Sync 1 DAGs
[2024-04-01T14:06:50.635+0000] {logging_mixin.py:154} INFO - [2024-04-01T14:06:50.635+0000] {dag.py:3722} INFO - Setting next_dagrun for example_trigger_controller_dag to 2021-01-01T00:00:00+00:00, run_after=2021-01-01T00:00:00+00:00
[2024-04-01T14:06:50.643+0000] {processor.py:179} INFO - Processing /home/airflow/.local/lib/python3.10/site-packages/airflow/example_dags/example_trigger_controller_dag.py took 0.037 seconds
[2024-04-01T14:07:21.370+0000] {processor.py:157} INFO - Started process (PID=712) to work on /home/airflow/.local/lib/python3.10/site-packages/airflow/example_dags/example_trigger_controller_dag.py
[2024-04-01T14:07:21.371+0000] {processor.py:829} INFO - Processing file /home/airflow/.local/lib/python3.10/site-packages/airflow/example_dags/example_trigger_controller_dag.py for tasks to queue
[2024-04-01T14:07:21.372+0000] {logging_mixin.py:154} INFO - [2024-04-01T14:07:21.372+0000] {dagbag.py:536} INFO - Filling up the DagBag from /home/airflow/.local/lib/python3.10/site-packages/airflow/example_dags/example_trigger_controller_dag.py
[2024-04-01T14:07:21.375+0000] {processor.py:839} INFO - DAG(s) dict_keys(['example_trigger_controller_dag']) retrieved from /home/airflow/.local/lib/python3.10/site-packages/airflow/example_dags/example_trigger_controller_dag.py
[2024-04-01T14:07:21.387+0000] {logging_mixin.py:154} INFO - [2024-04-01T14:07:21.387+0000] {dag.py:2941} INFO - Sync 1 DAGs
[2024-04-01T14:07:21.399+0000] {logging_mixin.py:154} INFO - [2024-04-01T14:07:21.399+0000] {dag.py:3722} INFO - Setting next_dagrun for example_trigger_controller_dag to 2021-01-01T00:00:00+00:00, run_after=2021-01-01T00:00:00+00:00
[2024-04-01T14:07:21.408+0000] {processor.py:179} INFO - Processing /home/airflow/.local/lib/python3.10/site-packages/airflow/example_dags/example_trigger_controller_dag.py took 0.039 seconds
[2024-04-01T14:07:51.939+0000] {processor.py:157} INFO - Started process (PID=766) to work on /home/airflow/.local/lib/python3.10/site-packages/airflow/example_dags/example_trigger_controller_dag.py
[2024-04-01T14:07:51.939+0000] {processor.py:829} INFO - Processing file /home/airflow/.local/lib/python3.10/site-packages/airflow/example_dags/example_trigger_controller_dag.py for tasks to queue
[2024-04-01T14:07:51.940+0000] {logging_mixin.py:154} INFO - [2024-04-01T14:07:51.940+0000] {dagbag.py:536} INFO - Filling up the DagBag from /home/airflow/.local/lib/python3.10/site-packages/airflow/example_dags/example_trigger_controller_dag.py
[2024-04-01T14:07:51.943+0000] {processor.py:839} INFO - DAG(s) dict_keys(['example_trigger_controller_dag']) retrieved from /home/airflow/.local/lib/python3.10/site-packages/airflow/example_dags/example_trigger_controller_dag.py
[2024-04-01T14:07:51.956+0000] {logging_mixin.py:154} INFO - [2024-04-01T14:07:51.955+0000] {dag.py:2941} INFO - Sync 1 DAGs
[2024-04-01T14:07:51.968+0000] {logging_mixin.py:154} INFO - [2024-04-01T14:07:51.967+0000] {dag.py:3722} INFO - Setting next_dagrun for example_trigger_controller_dag to 2021-01-01T00:00:00+00:00, run_after=2021-01-01T00:00:00+00:00
[2024-04-01T14:07:51.976+0000] {processor.py:179} INFO - Processing /home/airflow/.local/lib/python3.10/site-packages/airflow/example_dags/example_trigger_controller_dag.py took 0.039 seconds
[2024-04-01T14:08:22.552+0000] {processor.py:157} INFO - Started process (PID=820) to work on /home/airflow/.local/lib/python3.10/site-packages/airflow/example_dags/example_trigger_controller_dag.py
[2024-04-01T14:08:22.553+0000] {processor.py:829} INFO - Processing file /home/airflow/.local/lib/python3.10/site-packages/airflow/example_dags/example_trigger_controller_dag.py for tasks to queue
[2024-04-01T14:08:22.554+0000] {logging_mixin.py:154} INFO - [2024-04-01T14:08:22.554+0000] {dagbag.py:536} INFO - Filling up the DagBag from /home/airflow/.local/lib/python3.10/site-packages/airflow/example_dags/example_trigger_controller_dag.py
[2024-04-01T14:08:22.557+0000] {processor.py:839} INFO - DAG(s) dict_keys(['example_trigger_controller_dag']) retrieved from /home/airflow/.local/lib/python3.10/site-packages/airflow/example_dags/example_trigger_controller_dag.py
[2024-04-01T14:08:22.569+0000] {logging_mixin.py:154} INFO - [2024-04-01T14:08:22.569+0000] {dag.py:2941} INFO - Sync 1 DAGs
[2024-04-01T14:08:22.581+0000] {logging_mixin.py:154} INFO - [2024-04-01T14:08:22.581+0000] {dag.py:3722} INFO - Setting next_dagrun for example_trigger_controller_dag to 2021-01-01T00:00:00+00:00, run_after=2021-01-01T00:00:00+00:00
[2024-04-01T14:08:22.589+0000] {processor.py:179} INFO - Processing /home/airflow/.local/lib/python3.10/site-packages/airflow/example_dags/example_trigger_controller_dag.py took 0.039 seconds
[2024-04-01T14:08:53.232+0000] {processor.py:157} INFO - Started process (PID=874) to work on /home/airflow/.local/lib/python3.10/site-packages/airflow/example_dags/example_trigger_controller_dag.py
[2024-04-01T14:08:53.233+0000] {processor.py:829} INFO - Processing file /home/airflow/.local/lib/python3.10/site-packages/airflow/example_dags/example_trigger_controller_dag.py for tasks to queue
[2024-04-01T14:08:53.234+0000] {logging_mixin.py:154} INFO - [2024-04-01T14:08:53.234+0000] {dagbag.py:536} INFO - Filling up the DagBag from /home/airflow/.local/lib/python3.10/site-packages/airflow/example_dags/example_trigger_controller_dag.py
[2024-04-01T14:08:53.237+0000] {processor.py:839} INFO - DAG(s) dict_keys(['example_trigger_controller_dag']) retrieved from /home/airflow/.local/lib/python3.10/site-packages/airflow/example_dags/example_trigger_controller_dag.py
[2024-04-01T14:08:53.248+0000] {logging_mixin.py:154} INFO - [2024-04-01T14:08:53.248+0000] {dag.py:2941} INFO - Sync 1 DAGs
[2024-04-01T14:08:53.260+0000] {logging_mixin.py:154} INFO - [2024-04-01T14:08:53.260+0000] {dag.py:3722} INFO - Setting next_dagrun for example_trigger_controller_dag to 2021-01-01T00:00:00+00:00, run_after=2021-01-01T00:00:00+00:00
[2024-04-01T14:08:53.268+0000] {processor.py:179} INFO - Processing /home/airflow/.local/lib/python3.10/site-packages/airflow/example_dags/example_trigger_controller_dag.py took 0.038 seconds
[2024-04-01T14:09:24.032+0000] {processor.py:157} INFO - Started process (PID=928) to work on /home/airflow/.local/lib/python3.10/site-packages/airflow/example_dags/example_trigger_controller_dag.py
[2024-04-01T14:09:24.033+0000] {processor.py:829} INFO - Processing file /home/airflow/.local/lib/python3.10/site-packages/airflow/example_dags/example_trigger_controller_dag.py for tasks to queue
[2024-04-01T14:09:24.034+0000] {logging_mixin.py:154} INFO - [2024-04-01T14:09:24.034+0000] {dagbag.py:536} INFO - Filling up the DagBag from /home/airflow/.local/lib/python3.10/site-packages/airflow/example_dags/example_trigger_controller_dag.py
[2024-04-01T14:09:24.036+0000] {processor.py:839} INFO - DAG(s) dict_keys(['example_trigger_controller_dag']) retrieved from /home/airflow/.local/lib/python3.10/site-packages/airflow/example_dags/example_trigger_controller_dag.py
[2024-04-01T14:09:24.049+0000] {logging_mixin.py:154} INFO - [2024-04-01T14:09:24.049+0000] {dag.py:2941} INFO - Sync 1 DAGs
[2024-04-01T14:09:24.061+0000] {logging_mixin.py:154} INFO - [2024-04-01T14:09:24.061+0000] {dag.py:3722} INFO - Setting next_dagrun for example_trigger_controller_dag to 2021-01-01T00:00:00+00:00, run_after=2021-01-01T00:00:00+00:00
[2024-04-01T14:09:24.069+0000] {processor.py:179} INFO - Processing /home/airflow/.local/lib/python3.10/site-packages/airflow/example_dags/example_trigger_controller_dag.py took 0.039 seconds
[2024-04-01T14:09:54.645+0000] {processor.py:157} INFO - Started process (PID=982) to work on /home/airflow/.local/lib/python3.10/site-packages/airflow/example_dags/example_trigger_controller_dag.py
[2024-04-01T14:09:54.646+0000] {processor.py:829} INFO - Processing file /home/airflow/.local/lib/python3.10/site-packages/airflow/example_dags/example_trigger_controller_dag.py for tasks to queue
[2024-04-01T14:09:54.647+0000] {logging_mixin.py:154} INFO - [2024-04-01T14:09:54.647+0000] {dagbag.py:536} INFO - Filling up the DagBag from /home/airflow/.local/lib/python3.10/site-packages/airflow/example_dags/example_trigger_controller_dag.py
[2024-04-01T14:09:54.650+0000] {processor.py:839} INFO - DAG(s) dict_keys(['example_trigger_controller_dag']) retrieved from /home/airflow/.local/lib/python3.10/site-packages/airflow/example_dags/example_trigger_controller_dag.py
[2024-04-01T14:09:54.663+0000] {logging_mixin.py:154} INFO - [2024-04-01T14:09:54.662+0000] {dag.py:2941} INFO - Sync 1 DAGs
[2024-04-01T14:09:54.675+0000] {logging_mixin.py:154} INFO - [2024-04-01T14:09:54.675+0000] {dag.py:3722} INFO - Setting next_dagrun for example_trigger_controller_dag to 2021-01-01T00:00:00+00:00, run_after=2021-01-01T00:00:00+00:00
[2024-04-01T14:09:54.684+0000] {processor.py:179} INFO - Processing /home/airflow/.local/lib/python3.10/site-packages/airflow/example_dags/example_trigger_controller_dag.py took 0.041 seconds
[2024-04-01T14:10:25.355+0000] {processor.py:157} INFO - Started process (PID=1036) to work on /home/airflow/.local/lib/python3.10/site-packages/airflow/example_dags/example_trigger_controller_dag.py
[2024-04-01T14:10:25.356+0000] {processor.py:829} INFO - Processing file /home/airflow/.local/lib/python3.10/site-packages/airflow/example_dags/example_trigger_controller_dag.py for tasks to queue
[2024-04-01T14:10:25.357+0000] {logging_mixin.py:154} INFO - [2024-04-01T14:10:25.357+0000] {dagbag.py:536} INFO - Filling up the DagBag from /home/airflow/.local/lib/python3.10/site-packages/airflow/example_dags/example_trigger_controller_dag.py
[2024-04-01T14:10:25.360+0000] {processor.py:839} INFO - DAG(s) dict_keys(['example_trigger_controller_dag']) retrieved from /home/airflow/.local/lib/python3.10/site-packages/airflow/example_dags/example_trigger_controller_dag.py
[2024-04-01T14:10:25.372+0000] {logging_mixin.py:154} INFO - [2024-04-01T14:10:25.372+0000] {dag.py:2941} INFO - Sync 1 DAGs
[2024-04-01T14:10:25.384+0000] {logging_mixin.py:154} INFO - [2024-04-01T14:10:25.384+0000] {dag.py:3722} INFO - Setting next_dagrun for example_trigger_controller_dag to 2021-01-01T00:00:00+00:00, run_after=2021-01-01T00:00:00+00:00
[2024-04-01T14:10:25.392+0000] {processor.py:179} INFO - Processing /home/airflow/.local/lib/python3.10/site-packages/airflow/example_dags/example_trigger_controller_dag.py took 0.039 seconds
[2024-04-01T14:10:55.976+0000] {processor.py:157} INFO - Started process (PID=1090) to work on /home/airflow/.local/lib/python3.10/site-packages/airflow/example_dags/example_trigger_controller_dag.py
[2024-04-01T14:10:55.976+0000] {processor.py:829} INFO - Processing file /home/airflow/.local/lib/python3.10/site-packages/airflow/example_dags/example_trigger_controller_dag.py for tasks to queue
[2024-04-01T14:10:55.977+0000] {logging_mixin.py:154} INFO - [2024-04-01T14:10:55.977+0000] {dagbag.py:536} INFO - Filling up the DagBag from /home/airflow/.local/lib/python3.10/site-packages/airflow/example_dags/example_trigger_controller_dag.py
[2024-04-01T14:10:55.980+0000] {processor.py:839} INFO - DAG(s) dict_keys(['example_trigger_controller_dag']) retrieved from /home/airflow/.local/lib/python3.10/site-packages/airflow/example_dags/example_trigger_controller_dag.py
[2024-04-01T14:10:55.991+0000] {logging_mixin.py:154} INFO - [2024-04-01T14:10:55.991+0000] {dag.py:2941} INFO - Sync 1 DAGs
[2024-04-01T14:10:56.003+0000] {logging_mixin.py:154} INFO - [2024-04-01T14:10:56.003+0000] {dag.py:3722} INFO - Setting next_dagrun for example_trigger_controller_dag to 2021-01-01T00:00:00+00:00, run_after=2021-01-01T00:00:00+00:00
[2024-04-01T14:10:56.011+0000] {processor.py:179} INFO - Processing /home/airflow/.local/lib/python3.10/site-packages/airflow/example_dags/example_trigger_controller_dag.py took 0.038 seconds
[2024-04-01T14:11:26.680+0000] {processor.py:157} INFO - Started process (PID=1144) to work on /home/airflow/.local/lib/python3.10/site-packages/airflow/example_dags/example_trigger_controller_dag.py
[2024-04-01T14:11:26.680+0000] {processor.py:829} INFO - Processing file /home/airflow/.local/lib/python3.10/site-packages/airflow/example_dags/example_trigger_controller_dag.py for tasks to queue
[2024-04-01T14:11:26.681+0000] {logging_mixin.py:154} INFO - [2024-04-01T14:11:26.681+0000] {dagbag.py:536} INFO - Filling up the DagBag from /home/airflow/.local/lib/python3.10/site-packages/airflow/example_dags/example_trigger_controller_dag.py
[2024-04-01T14:11:26.684+0000] {processor.py:839} INFO - DAG(s) dict_keys(['example_trigger_controller_dag']) retrieved from /home/airflow/.local/lib/python3.10/site-packages/airflow/example_dags/example_trigger_controller_dag.py
[2024-04-01T14:11:26.697+0000] {logging_mixin.py:154} INFO - [2024-04-01T14:11:26.696+0000] {dag.py:2941} INFO - Sync 1 DAGs
[2024-04-01T14:11:26.708+0000] {logging_mixin.py:154} INFO - [2024-04-01T14:11:26.708+0000] {dag.py:3722} INFO - Setting next_dagrun for example_trigger_controller_dag to 2021-01-01T00:00:00+00:00, run_after=2021-01-01T00:00:00+00:00
[2024-04-01T14:11:26.717+0000] {processor.py:179} INFO - Processing /home/airflow/.local/lib/python3.10/site-packages/airflow/example_dags/example_trigger_controller_dag.py took 0.039 seconds
[2024-04-01T14:11:57.392+0000] {processor.py:157} INFO - Started process (PID=1198) to work on /home/airflow/.local/lib/python3.10/site-packages/airflow/example_dags/example_trigger_controller_dag.py
[2024-04-01T14:11:57.393+0000] {processor.py:829} INFO - Processing file /home/airflow/.local/lib/python3.10/site-packages/airflow/example_dags/example_trigger_controller_dag.py for tasks to queue
[2024-04-01T14:11:57.394+0000] {logging_mixin.py:154} INFO - [2024-04-01T14:11:57.394+0000] {dagbag.py:536} INFO - Filling up the DagBag from /home/airflow/.local/lib/python3.10/site-packages/airflow/example_dags/example_trigger_controller_dag.py
[2024-04-01T14:11:57.396+0000] {processor.py:839} INFO - DAG(s) dict_keys(['example_trigger_controller_dag']) retrieved from /home/airflow/.local/lib/python3.10/site-packages/airflow/example_dags/example_trigger_controller_dag.py
[2024-04-01T14:11:57.407+0000] {logging_mixin.py:154} INFO - [2024-04-01T14:11:57.407+0000] {dag.py:2941} INFO - Sync 1 DAGs
[2024-04-01T14:11:57.419+0000] {logging_mixin.py:154} INFO - [2024-04-01T14:11:57.418+0000] {dag.py:3722} INFO - Setting next_dagrun for example_trigger_controller_dag to 2021-01-01T00:00:00+00:00, run_after=2021-01-01T00:00:00+00:00
[2024-04-01T14:11:57.427+0000] {processor.py:179} INFO - Processing /home/airflow/.local/lib/python3.10/site-packages/airflow/example_dags/example_trigger_controller_dag.py took 0.037 seconds
[2024-04-01T14:12:28.056+0000] {processor.py:157} INFO - Started process (PID=1252) to work on /home/airflow/.local/lib/python3.10/site-packages/airflow/example_dags/example_trigger_controller_dag.py
[2024-04-01T14:12:28.057+0000] {processor.py:829} INFO - Processing file /home/airflow/.local/lib/python3.10/site-packages/airflow/example_dags/example_trigger_controller_dag.py for tasks to queue
[2024-04-01T14:12:28.058+0000] {logging_mixin.py:154} INFO - [2024-04-01T14:12:28.058+0000] {dagbag.py:536} INFO - Filling up the DagBag from /home/airflow/.local/lib/python3.10/site-packages/airflow/example_dags/example_trigger_controller_dag.py
[2024-04-01T14:12:28.061+0000] {processor.py:839} INFO - DAG(s) dict_keys(['example_trigger_controller_dag']) retrieved from /home/airflow/.local/lib/python3.10/site-packages/airflow/example_dags/example_trigger_controller_dag.py
[2024-04-01T14:12:28.072+0000] {logging_mixin.py:154} INFO - [2024-04-01T14:12:28.072+0000] {dag.py:2941} INFO - Sync 1 DAGs
[2024-04-01T14:12:28.084+0000] {logging_mixin.py:154} INFO - [2024-04-01T14:12:28.084+0000] {dag.py:3722} INFO - Setting next_dagrun for example_trigger_controller_dag to 2021-01-01T00:00:00+00:00, run_after=2021-01-01T00:00:00+00:00
[2024-04-01T14:12:28.092+0000] {processor.py:179} INFO - Processing /home/airflow/.local/lib/python3.10/site-packages/airflow/example_dags/example_trigger_controller_dag.py took 0.038 seconds
[2024-04-01T14:12:58.820+0000] {processor.py:157} INFO - Started process (PID=1306) to work on /home/airflow/.local/lib/python3.10/site-packages/airflow/example_dags/example_trigger_controller_dag.py
[2024-04-01T14:12:58.820+0000] {processor.py:829} INFO - Processing file /home/airflow/.local/lib/python3.10/site-packages/airflow/example_dags/example_trigger_controller_dag.py for tasks to queue
[2024-04-01T14:12:58.821+0000] {logging_mixin.py:154} INFO - [2024-04-01T14:12:58.821+0000] {dagbag.py:536} INFO - Filling up the DagBag from /home/airflow/.local/lib/python3.10/site-packages/airflow/example_dags/example_trigger_controller_dag.py
[2024-04-01T14:12:58.824+0000] {processor.py:839} INFO - DAG(s) dict_keys(['example_trigger_controller_dag']) retrieved from /home/airflow/.local/lib/python3.10/site-packages/airflow/example_dags/example_trigger_controller_dag.py
[2024-04-01T14:12:58.836+0000] {logging_mixin.py:154} INFO - [2024-04-01T14:12:58.835+0000] {dag.py:2941} INFO - Sync 1 DAGs
[2024-04-01T14:12:58.846+0000] {logging_mixin.py:154} INFO - [2024-04-01T14:12:58.846+0000] {dag.py:3722} INFO - Setting next_dagrun for example_trigger_controller_dag to 2021-01-01T00:00:00+00:00, run_after=2021-01-01T00:00:00+00:00
[2024-04-01T14:12:58.854+0000] {processor.py:179} INFO - Processing /home/airflow/.local/lib/python3.10/site-packages/airflow/example_dags/example_trigger_controller_dag.py took 0.036 seconds
[2024-04-01T14:13:29.571+0000] {processor.py:157} INFO - Started process (PID=1360) to work on /home/airflow/.local/lib/python3.10/site-packages/airflow/example_dags/example_trigger_controller_dag.py
[2024-04-01T14:13:29.572+0000] {processor.py:829} INFO - Processing file /home/airflow/.local/lib/python3.10/site-packages/airflow/example_dags/example_trigger_controller_dag.py for tasks to queue
[2024-04-01T14:13:29.573+0000] {logging_mixin.py:154} INFO - [2024-04-01T14:13:29.573+0000] {dagbag.py:536} INFO - Filling up the DagBag from /home/airflow/.local/lib/python3.10/site-packages/airflow/example_dags/example_trigger_controller_dag.py
[2024-04-01T14:13:29.576+0000] {processor.py:839} INFO - DAG(s) dict_keys(['example_trigger_controller_dag']) retrieved from /home/airflow/.local/lib/python3.10/site-packages/airflow/example_dags/example_trigger_controller_dag.py
[2024-04-01T14:13:29.587+0000] {logging_mixin.py:154} INFO - [2024-04-01T14:13:29.587+0000] {dag.py:2941} INFO - Sync 1 DAGs
[2024-04-01T14:13:29.600+0000] {logging_mixin.py:154} INFO - [2024-04-01T14:13:29.600+0000] {dag.py:3722} INFO - Setting next_dagrun for example_trigger_controller_dag to 2021-01-01T00:00:00+00:00, run_after=2021-01-01T00:00:00+00:00
[2024-04-01T14:13:29.609+0000] {processor.py:179} INFO - Processing /home/airflow/.local/lib/python3.10/site-packages/airflow/example_dags/example_trigger_controller_dag.py took 0.039 seconds
[2024-04-01T14:14:00.278+0000] {processor.py:157} INFO - Started process (PID=1414) to work on /home/airflow/.local/lib/python3.10/site-packages/airflow/example_dags/example_trigger_controller_dag.py
[2024-04-01T14:14:00.279+0000] {processor.py:829} INFO - Processing file /home/airflow/.local/lib/python3.10/site-packages/airflow/example_dags/example_trigger_controller_dag.py for tasks to queue
[2024-04-01T14:14:00.280+0000] {logging_mixin.py:154} INFO - [2024-04-01T14:14:00.279+0000] {dagbag.py:536} INFO - Filling up the DagBag from /home/airflow/.local/lib/python3.10/site-packages/airflow/example_dags/example_trigger_controller_dag.py
[2024-04-01T14:14:00.282+0000] {processor.py:839} INFO - DAG(s) dict_keys(['example_trigger_controller_dag']) retrieved from /home/airflow/.local/lib/python3.10/site-packages/airflow/example_dags/example_trigger_controller_dag.py
[2024-04-01T14:14:00.294+0000] {logging_mixin.py:154} INFO - [2024-04-01T14:14:00.294+0000] {dag.py:2941} INFO - Sync 1 DAGs
[2024-04-01T14:14:00.306+0000] {logging_mixin.py:154} INFO - [2024-04-01T14:14:00.305+0000] {dag.py:3722} INFO - Setting next_dagrun for example_trigger_controller_dag to 2021-01-01T00:00:00+00:00, run_after=2021-01-01T00:00:00+00:00
[2024-04-01T14:14:00.314+0000] {processor.py:179} INFO - Processing /home/airflow/.local/lib/python3.10/site-packages/airflow/example_dags/example_trigger_controller_dag.py took 0.038 seconds
