[2024-04-01T14:01:13.923+0000] {processor.py:157} INFO - Started process (PID=80) to work on /home/airflow/.local/lib/python3.10/site-packages/airflow/example_dags/example_bash_operator.py
[2024-04-01T14:01:13.924+0000] {processor.py:829} INFO - Processing file /home/airflow/.local/lib/python3.10/site-packages/airflow/example_dags/example_bash_operator.py for tasks to queue
[2024-04-01T14:01:13.925+0000] {logging_mixin.py:154} INFO - [2024-04-01T14:01:13.925+0000] {dagbag.py:536} INFO - Filling up the DagBag from /home/airflow/.local/lib/python3.10/site-packages/airflow/example_dags/example_bash_operator.py
[2024-04-01T14:01:13.932+0000] {processor.py:839} INFO - DAG(s) dict_keys(['example_bash_operator']) retrieved from /home/airflow/.local/lib/python3.10/site-packages/airflow/example_dags/example_bash_operator.py
[2024-04-01T14:01:13.939+0000] {logging_mixin.py:154} INFO - [2024-04-01T14:01:13.939+0000] {dag.py:2941} INFO - Sync 1 DAGs
[2024-04-01T14:01:13.954+0000] {logging_mixin.py:154} INFO - [2024-04-01T14:01:13.954+0000] {dag.py:3722} INFO - Setting next_dagrun for example_bash_operator to 2024-03-31T00:00:00+00:00, run_after=2024-04-01T00:00:00+00:00
[2024-04-01T14:01:13.963+0000] {processor.py:179} INFO - Processing /home/airflow/.local/lib/python3.10/site-packages/airflow/example_dags/example_bash_operator.py took 0.042 seconds
[2024-04-01T14:01:44.464+0000] {processor.py:157} INFO - Started process (PID=134) to work on /home/airflow/.local/lib/python3.10/site-packages/airflow/example_dags/example_bash_operator.py
[2024-04-01T14:01:44.464+0000] {processor.py:829} INFO - Processing file /home/airflow/.local/lib/python3.10/site-packages/airflow/example_dags/example_bash_operator.py for tasks to queue
[2024-04-01T14:01:44.465+0000] {logging_mixin.py:154} INFO - [2024-04-01T14:01:44.465+0000] {dagbag.py:536} INFO - Filling up the DagBag from /home/airflow/.local/lib/python3.10/site-packages/airflow/example_dags/example_bash_operator.py
[2024-04-01T14:01:44.472+0000] {processor.py:839} INFO - DAG(s) dict_keys(['example_bash_operator']) retrieved from /home/airflow/.local/lib/python3.10/site-packages/airflow/example_dags/example_bash_operator.py
[2024-04-01T14:01:44.487+0000] {logging_mixin.py:154} INFO - [2024-04-01T14:01:44.487+0000] {dag.py:2941} INFO - Sync 1 DAGs
[2024-04-01T14:01:44.500+0000] {logging_mixin.py:154} INFO - [2024-04-01T14:01:44.499+0000] {dag.py:3722} INFO - Setting next_dagrun for example_bash_operator to 2024-03-31T00:00:00+00:00, run_after=2024-04-01T00:00:00+00:00
[2024-04-01T14:01:44.508+0000] {processor.py:179} INFO - Processing /home/airflow/.local/lib/python3.10/site-packages/airflow/example_dags/example_bash_operator.py took 0.047 seconds
[2024-04-01T14:02:15.053+0000] {processor.py:157} INFO - Started process (PID=188) to work on /home/airflow/.local/lib/python3.10/site-packages/airflow/example_dags/example_bash_operator.py
[2024-04-01T14:02:15.054+0000] {processor.py:829} INFO - Processing file /home/airflow/.local/lib/python3.10/site-packages/airflow/example_dags/example_bash_operator.py for tasks to queue
[2024-04-01T14:02:15.055+0000] {logging_mixin.py:154} INFO - [2024-04-01T14:02:15.055+0000] {dagbag.py:536} INFO - Filling up the DagBag from /home/airflow/.local/lib/python3.10/site-packages/airflow/example_dags/example_bash_operator.py
[2024-04-01T14:02:15.061+0000] {processor.py:839} INFO - DAG(s) dict_keys(['example_bash_operator']) retrieved from /home/airflow/.local/lib/python3.10/site-packages/airflow/example_dags/example_bash_operator.py
[2024-04-01T14:02:15.078+0000] {logging_mixin.py:154} INFO - [2024-04-01T14:02:15.077+0000] {dag.py:2941} INFO - Sync 1 DAGs
[2024-04-01T14:02:15.090+0000] {logging_mixin.py:154} INFO - [2024-04-01T14:02:15.089+0000] {dag.py:3722} INFO - Setting next_dagrun for example_bash_operator to 2024-03-31T00:00:00+00:00, run_after=2024-04-01T00:00:00+00:00
[2024-04-01T14:02:15.098+0000] {processor.py:179} INFO - Processing /home/airflow/.local/lib/python3.10/site-packages/airflow/example_dags/example_bash_operator.py took 0.046 seconds
[2024-04-01T14:02:45.669+0000] {processor.py:157} INFO - Started process (PID=242) to work on /home/airflow/.local/lib/python3.10/site-packages/airflow/example_dags/example_bash_operator.py
[2024-04-01T14:02:45.670+0000] {processor.py:829} INFO - Processing file /home/airflow/.local/lib/python3.10/site-packages/airflow/example_dags/example_bash_operator.py for tasks to queue
[2024-04-01T14:02:45.671+0000] {logging_mixin.py:154} INFO - [2024-04-01T14:02:45.671+0000] {dagbag.py:536} INFO - Filling up the DagBag from /home/airflow/.local/lib/python3.10/site-packages/airflow/example_dags/example_bash_operator.py
[2024-04-01T14:02:45.678+0000] {processor.py:839} INFO - DAG(s) dict_keys(['example_bash_operator']) retrieved from /home/airflow/.local/lib/python3.10/site-packages/airflow/example_dags/example_bash_operator.py
[2024-04-01T14:02:45.697+0000] {logging_mixin.py:154} INFO - [2024-04-01T14:02:45.696+0000] {dag.py:2941} INFO - Sync 1 DAGs
[2024-04-01T14:02:45.710+0000] {logging_mixin.py:154} INFO - [2024-04-01T14:02:45.709+0000] {dag.py:3722} INFO - Setting next_dagrun for example_bash_operator to 2024-03-31T00:00:00+00:00, run_after=2024-04-01T00:00:00+00:00
[2024-04-01T14:02:45.719+0000] {processor.py:179} INFO - Processing /home/airflow/.local/lib/python3.10/site-packages/airflow/example_dags/example_bash_operator.py took 0.051 seconds
[2024-04-01T14:03:16.338+0000] {processor.py:157} INFO - Started process (PID=296) to work on /home/airflow/.local/lib/python3.10/site-packages/airflow/example_dags/example_bash_operator.py
[2024-04-01T14:03:16.339+0000] {processor.py:829} INFO - Processing file /home/airflow/.local/lib/python3.10/site-packages/airflow/example_dags/example_bash_operator.py for tasks to queue
[2024-04-01T14:03:16.340+0000] {logging_mixin.py:154} INFO - [2024-04-01T14:03:16.340+0000] {dagbag.py:536} INFO - Filling up the DagBag from /home/airflow/.local/lib/python3.10/site-packages/airflow/example_dags/example_bash_operator.py
[2024-04-01T14:03:16.347+0000] {processor.py:839} INFO - DAG(s) dict_keys(['example_bash_operator']) retrieved from /home/airflow/.local/lib/python3.10/site-packages/airflow/example_dags/example_bash_operator.py
[2024-04-01T14:03:16.363+0000] {logging_mixin.py:154} INFO - [2024-04-01T14:03:16.363+0000] {dag.py:2941} INFO - Sync 1 DAGs
[2024-04-01T14:03:16.375+0000] {logging_mixin.py:154} INFO - [2024-04-01T14:03:16.375+0000] {dag.py:3722} INFO - Setting next_dagrun for example_bash_operator to 2024-03-31T00:00:00+00:00, run_after=2024-04-01T00:00:00+00:00
[2024-04-01T14:03:16.384+0000] {processor.py:179} INFO - Processing /home/airflow/.local/lib/python3.10/site-packages/airflow/example_dags/example_bash_operator.py took 0.048 seconds
[2024-04-01T14:03:47.122+0000] {processor.py:157} INFO - Started process (PID=350) to work on /home/airflow/.local/lib/python3.10/site-packages/airflow/example_dags/example_bash_operator.py
[2024-04-01T14:03:47.123+0000] {processor.py:829} INFO - Processing file /home/airflow/.local/lib/python3.10/site-packages/airflow/example_dags/example_bash_operator.py for tasks to queue
[2024-04-01T14:03:47.124+0000] {logging_mixin.py:154} INFO - [2024-04-01T14:03:47.124+0000] {dagbag.py:536} INFO - Filling up the DagBag from /home/airflow/.local/lib/python3.10/site-packages/airflow/example_dags/example_bash_operator.py
[2024-04-01T14:03:47.130+0000] {processor.py:839} INFO - DAG(s) dict_keys(['example_bash_operator']) retrieved from /home/airflow/.local/lib/python3.10/site-packages/airflow/example_dags/example_bash_operator.py
[2024-04-01T14:03:47.147+0000] {logging_mixin.py:154} INFO - [2024-04-01T14:03:47.147+0000] {dag.py:2941} INFO - Sync 1 DAGs
[2024-04-01T14:03:47.160+0000] {logging_mixin.py:154} INFO - [2024-04-01T14:03:47.160+0000] {dag.py:3722} INFO - Setting next_dagrun for example_bash_operator to 2024-03-31T00:00:00+00:00, run_after=2024-04-01T00:00:00+00:00
[2024-04-01T14:03:47.168+0000] {processor.py:179} INFO - Processing /home/airflow/.local/lib/python3.10/site-packages/airflow/example_dags/example_bash_operator.py took 0.048 seconds
[2024-04-01T14:04:17.871+0000] {processor.py:157} INFO - Started process (PID=404) to work on /home/airflow/.local/lib/python3.10/site-packages/airflow/example_dags/example_bash_operator.py
[2024-04-01T14:04:17.872+0000] {processor.py:829} INFO - Processing file /home/airflow/.local/lib/python3.10/site-packages/airflow/example_dags/example_bash_operator.py for tasks to queue
[2024-04-01T14:04:17.873+0000] {logging_mixin.py:154} INFO - [2024-04-01T14:04:17.873+0000] {dagbag.py:536} INFO - Filling up the DagBag from /home/airflow/.local/lib/python3.10/site-packages/airflow/example_dags/example_bash_operator.py
[2024-04-01T14:04:17.880+0000] {processor.py:839} INFO - DAG(s) dict_keys(['example_bash_operator']) retrieved from /home/airflow/.local/lib/python3.10/site-packages/airflow/example_dags/example_bash_operator.py
[2024-04-01T14:04:17.896+0000] {logging_mixin.py:154} INFO - [2024-04-01T14:04:17.895+0000] {dag.py:2941} INFO - Sync 1 DAGs
[2024-04-01T14:04:17.909+0000] {logging_mixin.py:154} INFO - [2024-04-01T14:04:17.909+0000] {dag.py:3722} INFO - Setting next_dagrun for example_bash_operator to 2024-03-31T00:00:00+00:00, run_after=2024-04-01T00:00:00+00:00
[2024-04-01T14:04:17.919+0000] {processor.py:179} INFO - Processing /home/airflow/.local/lib/python3.10/site-packages/airflow/example_dags/example_bash_operator.py took 0.049 seconds
[2024-04-01T14:04:48.456+0000] {processor.py:157} INFO - Started process (PID=458) to work on /home/airflow/.local/lib/python3.10/site-packages/airflow/example_dags/example_bash_operator.py
[2024-04-01T14:04:48.457+0000] {processor.py:829} INFO - Processing file /home/airflow/.local/lib/python3.10/site-packages/airflow/example_dags/example_bash_operator.py for tasks to queue
[2024-04-01T14:04:48.458+0000] {logging_mixin.py:154} INFO - [2024-04-01T14:04:48.458+0000] {dagbag.py:536} INFO - Filling up the DagBag from /home/airflow/.local/lib/python3.10/site-packages/airflow/example_dags/example_bash_operator.py
[2024-04-01T14:04:48.465+0000] {processor.py:839} INFO - DAG(s) dict_keys(['example_bash_operator']) retrieved from /home/airflow/.local/lib/python3.10/site-packages/airflow/example_dags/example_bash_operator.py
[2024-04-01T14:04:48.482+0000] {logging_mixin.py:154} INFO - [2024-04-01T14:04:48.482+0000] {dag.py:2941} INFO - Sync 1 DAGs
[2024-04-01T14:04:48.495+0000] {logging_mixin.py:154} INFO - [2024-04-01T14:04:48.495+0000] {dag.py:3722} INFO - Setting next_dagrun for example_bash_operator to 2024-03-31T00:00:00+00:00, run_after=2024-04-01T00:00:00+00:00
[2024-04-01T14:04:48.505+0000] {processor.py:179} INFO - Processing /home/airflow/.local/lib/python3.10/site-packages/airflow/example_dags/example_bash_operator.py took 0.051 seconds
[2024-04-01T14:05:19.106+0000] {processor.py:157} INFO - Started process (PID=512) to work on /home/airflow/.local/lib/python3.10/site-packages/airflow/example_dags/example_bash_operator.py
[2024-04-01T14:05:19.106+0000] {processor.py:829} INFO - Processing file /home/airflow/.local/lib/python3.10/site-packages/airflow/example_dags/example_bash_operator.py for tasks to queue
[2024-04-01T14:05:19.107+0000] {logging_mixin.py:154} INFO - [2024-04-01T14:05:19.107+0000] {dagbag.py:536} INFO - Filling up the DagBag from /home/airflow/.local/lib/python3.10/site-packages/airflow/example_dags/example_bash_operator.py
[2024-04-01T14:05:19.114+0000] {processor.py:839} INFO - DAG(s) dict_keys(['example_bash_operator']) retrieved from /home/airflow/.local/lib/python3.10/site-packages/airflow/example_dags/example_bash_operator.py
[2024-04-01T14:05:19.130+0000] {logging_mixin.py:154} INFO - [2024-04-01T14:05:19.130+0000] {dag.py:2941} INFO - Sync 1 DAGs
[2024-04-01T14:05:19.143+0000] {logging_mixin.py:154} INFO - [2024-04-01T14:05:19.143+0000] {dag.py:3722} INFO - Setting next_dagrun for example_bash_operator to 2024-03-31T00:00:00+00:00, run_after=2024-04-01T00:00:00+00:00
[2024-04-01T14:05:19.152+0000] {processor.py:179} INFO - Processing /home/airflow/.local/lib/python3.10/site-packages/airflow/example_dags/example_bash_operator.py took 0.048 seconds
[2024-04-01T14:05:49.812+0000] {processor.py:157} INFO - Started process (PID=566) to work on /home/airflow/.local/lib/python3.10/site-packages/airflow/example_dags/example_bash_operator.py
[2024-04-01T14:05:49.812+0000] {processor.py:829} INFO - Processing file /home/airflow/.local/lib/python3.10/site-packages/airflow/example_dags/example_bash_operator.py for tasks to queue
[2024-04-01T14:05:49.813+0000] {logging_mixin.py:154} INFO - [2024-04-01T14:05:49.813+0000] {dagbag.py:536} INFO - Filling up the DagBag from /home/airflow/.local/lib/python3.10/site-packages/airflow/example_dags/example_bash_operator.py
[2024-04-01T14:05:49.821+0000] {processor.py:839} INFO - DAG(s) dict_keys(['example_bash_operator']) retrieved from /home/airflow/.local/lib/python3.10/site-packages/airflow/example_dags/example_bash_operator.py
[2024-04-01T14:05:49.838+0000] {logging_mixin.py:154} INFO - [2024-04-01T14:05:49.838+0000] {dag.py:2941} INFO - Sync 1 DAGs
[2024-04-01T14:05:49.851+0000] {logging_mixin.py:154} INFO - [2024-04-01T14:05:49.851+0000] {dag.py:3722} INFO - Setting next_dagrun for example_bash_operator to 2024-03-31T00:00:00+00:00, run_after=2024-04-01T00:00:00+00:00
[2024-04-01T14:05:49.860+0000] {processor.py:179} INFO - Processing /home/airflow/.local/lib/python3.10/site-packages/airflow/example_dags/example_bash_operator.py took 0.050 seconds
[2024-04-01T14:06:20.437+0000] {processor.py:157} INFO - Started process (PID=620) to work on /home/airflow/.local/lib/python3.10/site-packages/airflow/example_dags/example_bash_operator.py
[2024-04-01T14:06:20.437+0000] {processor.py:829} INFO - Processing file /home/airflow/.local/lib/python3.10/site-packages/airflow/example_dags/example_bash_operator.py for tasks to queue
[2024-04-01T14:06:20.438+0000] {logging_mixin.py:154} INFO - [2024-04-01T14:06:20.438+0000] {dagbag.py:536} INFO - Filling up the DagBag from /home/airflow/.local/lib/python3.10/site-packages/airflow/example_dags/example_bash_operator.py
[2024-04-01T14:06:20.445+0000] {processor.py:839} INFO - DAG(s) dict_keys(['example_bash_operator']) retrieved from /home/airflow/.local/lib/python3.10/site-packages/airflow/example_dags/example_bash_operator.py
[2024-04-01T14:06:20.460+0000] {logging_mixin.py:154} INFO - [2024-04-01T14:06:20.460+0000] {dag.py:2941} INFO - Sync 1 DAGs
[2024-04-01T14:06:20.472+0000] {logging_mixin.py:154} INFO - [2024-04-01T14:06:20.472+0000] {dag.py:3722} INFO - Setting next_dagrun for example_bash_operator to 2024-03-31T00:00:00+00:00, run_after=2024-04-01T00:00:00+00:00
[2024-04-01T14:06:20.481+0000] {processor.py:179} INFO - Processing /home/airflow/.local/lib/python3.10/site-packages/airflow/example_dags/example_bash_operator.py took 0.046 seconds
[2024-04-01T14:06:51.207+0000] {processor.py:157} INFO - Started process (PID=674) to work on /home/airflow/.local/lib/python3.10/site-packages/airflow/example_dags/example_bash_operator.py
[2024-04-01T14:06:51.208+0000] {processor.py:829} INFO - Processing file /home/airflow/.local/lib/python3.10/site-packages/airflow/example_dags/example_bash_operator.py for tasks to queue
[2024-04-01T14:06:51.209+0000] {logging_mixin.py:154} INFO - [2024-04-01T14:06:51.209+0000] {dagbag.py:536} INFO - Filling up the DagBag from /home/airflow/.local/lib/python3.10/site-packages/airflow/example_dags/example_bash_operator.py
[2024-04-01T14:06:51.215+0000] {processor.py:839} INFO - DAG(s) dict_keys(['example_bash_operator']) retrieved from /home/airflow/.local/lib/python3.10/site-packages/airflow/example_dags/example_bash_operator.py
[2024-04-01T14:06:51.231+0000] {logging_mixin.py:154} INFO - [2024-04-01T14:06:51.231+0000] {dag.py:2941} INFO - Sync 1 DAGs
[2024-04-01T14:06:51.244+0000] {logging_mixin.py:154} INFO - [2024-04-01T14:06:51.244+0000] {dag.py:3722} INFO - Setting next_dagrun for example_bash_operator to 2024-03-31T00:00:00+00:00, run_after=2024-04-01T00:00:00+00:00
[2024-04-01T14:06:51.252+0000] {processor.py:179} INFO - Processing /home/airflow/.local/lib/python3.10/site-packages/airflow/example_dags/example_bash_operator.py took 0.047 seconds
[2024-04-01T14:07:21.837+0000] {processor.py:157} INFO - Started process (PID=728) to work on /home/airflow/.local/lib/python3.10/site-packages/airflow/example_dags/example_bash_operator.py
[2024-04-01T14:07:21.838+0000] {processor.py:829} INFO - Processing file /home/airflow/.local/lib/python3.10/site-packages/airflow/example_dags/example_bash_operator.py for tasks to queue
[2024-04-01T14:07:21.839+0000] {logging_mixin.py:154} INFO - [2024-04-01T14:07:21.839+0000] {dagbag.py:536} INFO - Filling up the DagBag from /home/airflow/.local/lib/python3.10/site-packages/airflow/example_dags/example_bash_operator.py
[2024-04-01T14:07:21.846+0000] {processor.py:839} INFO - DAG(s) dict_keys(['example_bash_operator']) retrieved from /home/airflow/.local/lib/python3.10/site-packages/airflow/example_dags/example_bash_operator.py
[2024-04-01T14:07:21.862+0000] {logging_mixin.py:154} INFO - [2024-04-01T14:07:21.862+0000] {dag.py:2941} INFO - Sync 1 DAGs
[2024-04-01T14:07:21.875+0000] {logging_mixin.py:154} INFO - [2024-04-01T14:07:21.875+0000] {dag.py:3722} INFO - Setting next_dagrun for example_bash_operator to 2024-03-31T00:00:00+00:00, run_after=2024-04-01T00:00:00+00:00
[2024-04-01T14:07:21.883+0000] {processor.py:179} INFO - Processing /home/airflow/.local/lib/python3.10/site-packages/airflow/example_dags/example_bash_operator.py took 0.048 seconds
[2024-04-01T14:07:52.400+0000] {processor.py:157} INFO - Started process (PID=782) to work on /home/airflow/.local/lib/python3.10/site-packages/airflow/example_dags/example_bash_operator.py
[2024-04-01T14:07:52.401+0000] {processor.py:829} INFO - Processing file /home/airflow/.local/lib/python3.10/site-packages/airflow/example_dags/example_bash_operator.py for tasks to queue
[2024-04-01T14:07:52.402+0000] {logging_mixin.py:154} INFO - [2024-04-01T14:07:52.402+0000] {dagbag.py:536} INFO - Filling up the DagBag from /home/airflow/.local/lib/python3.10/site-packages/airflow/example_dags/example_bash_operator.py
[2024-04-01T14:07:52.409+0000] {processor.py:839} INFO - DAG(s) dict_keys(['example_bash_operator']) retrieved from /home/airflow/.local/lib/python3.10/site-packages/airflow/example_dags/example_bash_operator.py
[2024-04-01T14:07:52.426+0000] {logging_mixin.py:154} INFO - [2024-04-01T14:07:52.426+0000] {dag.py:2941} INFO - Sync 1 DAGs
[2024-04-01T14:07:52.440+0000] {logging_mixin.py:154} INFO - [2024-04-01T14:07:52.440+0000] {dag.py:3722} INFO - Setting next_dagrun for example_bash_operator to 2024-03-31T00:00:00+00:00, run_after=2024-04-01T00:00:00+00:00
[2024-04-01T14:07:52.449+0000] {processor.py:179} INFO - Processing /home/airflow/.local/lib/python3.10/site-packages/airflow/example_dags/example_bash_operator.py took 0.051 seconds
[2024-04-01T14:08:23.048+0000] {processor.py:157} INFO - Started process (PID=836) to work on /home/airflow/.local/lib/python3.10/site-packages/airflow/example_dags/example_bash_operator.py
[2024-04-01T14:08:23.049+0000] {processor.py:829} INFO - Processing file /home/airflow/.local/lib/python3.10/site-packages/airflow/example_dags/example_bash_operator.py for tasks to queue
[2024-04-01T14:08:23.050+0000] {logging_mixin.py:154} INFO - [2024-04-01T14:08:23.050+0000] {dagbag.py:536} INFO - Filling up the DagBag from /home/airflow/.local/lib/python3.10/site-packages/airflow/example_dags/example_bash_operator.py
[2024-04-01T14:08:23.056+0000] {processor.py:839} INFO - DAG(s) dict_keys(['example_bash_operator']) retrieved from /home/airflow/.local/lib/python3.10/site-packages/airflow/example_dags/example_bash_operator.py
[2024-04-01T14:08:23.072+0000] {logging_mixin.py:154} INFO - [2024-04-01T14:08:23.072+0000] {dag.py:2941} INFO - Sync 1 DAGs
[2024-04-01T14:08:23.085+0000] {logging_mixin.py:154} INFO - [2024-04-01T14:08:23.085+0000] {dag.py:3722} INFO - Setting next_dagrun for example_bash_operator to 2024-03-31T00:00:00+00:00, run_after=2024-04-01T00:00:00+00:00
[2024-04-01T14:08:23.094+0000] {processor.py:179} INFO - Processing /home/airflow/.local/lib/python3.10/site-packages/airflow/example_dags/example_bash_operator.py took 0.048 seconds
[2024-04-01T14:08:53.817+0000] {processor.py:157} INFO - Started process (PID=890) to work on /home/airflow/.local/lib/python3.10/site-packages/airflow/example_dags/example_bash_operator.py
[2024-04-01T14:08:53.818+0000] {processor.py:829} INFO - Processing file /home/airflow/.local/lib/python3.10/site-packages/airflow/example_dags/example_bash_operator.py for tasks to queue
[2024-04-01T14:08:53.819+0000] {logging_mixin.py:154} INFO - [2024-04-01T14:08:53.819+0000] {dagbag.py:536} INFO - Filling up the DagBag from /home/airflow/.local/lib/python3.10/site-packages/airflow/example_dags/example_bash_operator.py
[2024-04-01T14:08:53.826+0000] {processor.py:839} INFO - DAG(s) dict_keys(['example_bash_operator']) retrieved from /home/airflow/.local/lib/python3.10/site-packages/airflow/example_dags/example_bash_operator.py
[2024-04-01T14:08:53.842+0000] {logging_mixin.py:154} INFO - [2024-04-01T14:08:53.842+0000] {dag.py:2941} INFO - Sync 1 DAGs
[2024-04-01T14:08:53.855+0000] {logging_mixin.py:154} INFO - [2024-04-01T14:08:53.855+0000] {dag.py:3722} INFO - Setting next_dagrun for example_bash_operator to 2024-03-31T00:00:00+00:00, run_after=2024-04-01T00:00:00+00:00
[2024-04-01T14:08:53.863+0000] {processor.py:179} INFO - Processing /home/airflow/.local/lib/python3.10/site-packages/airflow/example_dags/example_bash_operator.py took 0.048 seconds
[2024-04-01T14:09:24.508+0000] {processor.py:157} INFO - Started process (PID=944) to work on /home/airflow/.local/lib/python3.10/site-packages/airflow/example_dags/example_bash_operator.py
[2024-04-01T14:09:24.509+0000] {processor.py:829} INFO - Processing file /home/airflow/.local/lib/python3.10/site-packages/airflow/example_dags/example_bash_operator.py for tasks to queue
[2024-04-01T14:09:24.510+0000] {logging_mixin.py:154} INFO - [2024-04-01T14:09:24.510+0000] {dagbag.py:536} INFO - Filling up the DagBag from /home/airflow/.local/lib/python3.10/site-packages/airflow/example_dags/example_bash_operator.py
[2024-04-01T14:09:24.517+0000] {processor.py:839} INFO - DAG(s) dict_keys(['example_bash_operator']) retrieved from /home/airflow/.local/lib/python3.10/site-packages/airflow/example_dags/example_bash_operator.py
[2024-04-01T14:09:24.534+0000] {logging_mixin.py:154} INFO - [2024-04-01T14:09:24.534+0000] {dag.py:2941} INFO - Sync 1 DAGs
[2024-04-01T14:09:24.547+0000] {logging_mixin.py:154} INFO - [2024-04-01T14:09:24.547+0000] {dag.py:3722} INFO - Setting next_dagrun for example_bash_operator to 2024-03-31T00:00:00+00:00, run_after=2024-04-01T00:00:00+00:00
[2024-04-01T14:09:24.558+0000] {processor.py:179} INFO - Processing /home/airflow/.local/lib/python3.10/site-packages/airflow/example_dags/example_bash_operator.py took 0.052 seconds
[2024-04-01T14:09:55.187+0000] {processor.py:157} INFO - Started process (PID=998) to work on /home/airflow/.local/lib/python3.10/site-packages/airflow/example_dags/example_bash_operator.py
[2024-04-01T14:09:55.188+0000] {processor.py:829} INFO - Processing file /home/airflow/.local/lib/python3.10/site-packages/airflow/example_dags/example_bash_operator.py for tasks to queue
[2024-04-01T14:09:55.189+0000] {logging_mixin.py:154} INFO - [2024-04-01T14:09:55.189+0000] {dagbag.py:536} INFO - Filling up the DagBag from /home/airflow/.local/lib/python3.10/site-packages/airflow/example_dags/example_bash_operator.py
[2024-04-01T14:09:55.196+0000] {processor.py:839} INFO - DAG(s) dict_keys(['example_bash_operator']) retrieved from /home/airflow/.local/lib/python3.10/site-packages/airflow/example_dags/example_bash_operator.py
[2024-04-01T14:09:55.213+0000] {logging_mixin.py:154} INFO - [2024-04-01T14:09:55.213+0000] {dag.py:2941} INFO - Sync 1 DAGs
[2024-04-01T14:09:55.227+0000] {logging_mixin.py:154} INFO - [2024-04-01T14:09:55.227+0000] {dag.py:3722} INFO - Setting next_dagrun for example_bash_operator to 2024-03-31T00:00:00+00:00, run_after=2024-04-01T00:00:00+00:00
[2024-04-01T14:09:55.236+0000] {processor.py:179} INFO - Processing /home/airflow/.local/lib/python3.10/site-packages/airflow/example_dags/example_bash_operator.py took 0.051 seconds
[2024-04-01T14:10:25.805+0000] {processor.py:157} INFO - Started process (PID=1052) to work on /home/airflow/.local/lib/python3.10/site-packages/airflow/example_dags/example_bash_operator.py
[2024-04-01T14:10:25.806+0000] {processor.py:829} INFO - Processing file /home/airflow/.local/lib/python3.10/site-packages/airflow/example_dags/example_bash_operator.py for tasks to queue
[2024-04-01T14:10:25.807+0000] {logging_mixin.py:154} INFO - [2024-04-01T14:10:25.807+0000] {dagbag.py:536} INFO - Filling up the DagBag from /home/airflow/.local/lib/python3.10/site-packages/airflow/example_dags/example_bash_operator.py
[2024-04-01T14:10:25.814+0000] {processor.py:839} INFO - DAG(s) dict_keys(['example_bash_operator']) retrieved from /home/airflow/.local/lib/python3.10/site-packages/airflow/example_dags/example_bash_operator.py
[2024-04-01T14:10:25.830+0000] {logging_mixin.py:154} INFO - [2024-04-01T14:10:25.830+0000] {dag.py:2941} INFO - Sync 1 DAGs
[2024-04-01T14:10:25.842+0000] {logging_mixin.py:154} INFO - [2024-04-01T14:10:25.842+0000] {dag.py:3722} INFO - Setting next_dagrun for example_bash_operator to 2024-03-31T00:00:00+00:00, run_after=2024-04-01T00:00:00+00:00
[2024-04-01T14:10:25.851+0000] {processor.py:179} INFO - Processing /home/airflow/.local/lib/python3.10/site-packages/airflow/example_dags/example_bash_operator.py took 0.048 seconds
[2024-04-01T14:10:56.480+0000] {processor.py:157} INFO - Started process (PID=1106) to work on /home/airflow/.local/lib/python3.10/site-packages/airflow/example_dags/example_bash_operator.py
[2024-04-01T14:10:56.481+0000] {processor.py:829} INFO - Processing file /home/airflow/.local/lib/python3.10/site-packages/airflow/example_dags/example_bash_operator.py for tasks to queue
[2024-04-01T14:10:56.482+0000] {logging_mixin.py:154} INFO - [2024-04-01T14:10:56.481+0000] {dagbag.py:536} INFO - Filling up the DagBag from /home/airflow/.local/lib/python3.10/site-packages/airflow/example_dags/example_bash_operator.py
[2024-04-01T14:10:56.488+0000] {processor.py:839} INFO - DAG(s) dict_keys(['example_bash_operator']) retrieved from /home/airflow/.local/lib/python3.10/site-packages/airflow/example_dags/example_bash_operator.py
[2024-04-01T14:10:56.504+0000] {logging_mixin.py:154} INFO - [2024-04-01T14:10:56.503+0000] {dag.py:2941} INFO - Sync 1 DAGs
[2024-04-01T14:10:56.516+0000] {logging_mixin.py:154} INFO - [2024-04-01T14:10:56.516+0000] {dag.py:3722} INFO - Setting next_dagrun for example_bash_operator to 2024-03-31T00:00:00+00:00, run_after=2024-04-01T00:00:00+00:00
[2024-04-01T14:10:56.525+0000] {processor.py:179} INFO - Processing /home/airflow/.local/lib/python3.10/site-packages/airflow/example_dags/example_bash_operator.py took 0.047 seconds
[2024-04-01T14:11:27.185+0000] {processor.py:157} INFO - Started process (PID=1160) to work on /home/airflow/.local/lib/python3.10/site-packages/airflow/example_dags/example_bash_operator.py
[2024-04-01T14:11:27.186+0000] {processor.py:829} INFO - Processing file /home/airflow/.local/lib/python3.10/site-packages/airflow/example_dags/example_bash_operator.py for tasks to queue
[2024-04-01T14:11:27.187+0000] {logging_mixin.py:154} INFO - [2024-04-01T14:11:27.187+0000] {dagbag.py:536} INFO - Filling up the DagBag from /home/airflow/.local/lib/python3.10/site-packages/airflow/example_dags/example_bash_operator.py
[2024-04-01T14:11:27.194+0000] {processor.py:839} INFO - DAG(s) dict_keys(['example_bash_operator']) retrieved from /home/airflow/.local/lib/python3.10/site-packages/airflow/example_dags/example_bash_operator.py
[2024-04-01T14:11:27.210+0000] {logging_mixin.py:154} INFO - [2024-04-01T14:11:27.210+0000] {dag.py:2941} INFO - Sync 1 DAGs
[2024-04-01T14:11:27.222+0000] {logging_mixin.py:154} INFO - [2024-04-01T14:11:27.222+0000] {dag.py:3722} INFO - Setting next_dagrun for example_bash_operator to 2024-03-31T00:00:00+00:00, run_after=2024-04-01T00:00:00+00:00
[2024-04-01T14:11:27.230+0000] {processor.py:179} INFO - Processing /home/airflow/.local/lib/python3.10/site-packages/airflow/example_dags/example_bash_operator.py took 0.047 seconds
[2024-04-01T14:11:57.966+0000] {processor.py:157} INFO - Started process (PID=1214) to work on /home/airflow/.local/lib/python3.10/site-packages/airflow/example_dags/example_bash_operator.py
[2024-04-01T14:11:57.967+0000] {processor.py:829} INFO - Processing file /home/airflow/.local/lib/python3.10/site-packages/airflow/example_dags/example_bash_operator.py for tasks to queue
[2024-04-01T14:11:57.968+0000] {logging_mixin.py:154} INFO - [2024-04-01T14:11:57.968+0000] {dagbag.py:536} INFO - Filling up the DagBag from /home/airflow/.local/lib/python3.10/site-packages/airflow/example_dags/example_bash_operator.py
[2024-04-01T14:11:57.975+0000] {processor.py:839} INFO - DAG(s) dict_keys(['example_bash_operator']) retrieved from /home/airflow/.local/lib/python3.10/site-packages/airflow/example_dags/example_bash_operator.py
[2024-04-01T14:11:57.991+0000] {logging_mixin.py:154} INFO - [2024-04-01T14:11:57.991+0000] {dag.py:2941} INFO - Sync 1 DAGs
[2024-04-01T14:11:58.004+0000] {logging_mixin.py:154} INFO - [2024-04-01T14:11:58.003+0000] {dag.py:3722} INFO - Setting next_dagrun for example_bash_operator to 2024-03-31T00:00:00+00:00, run_after=2024-04-01T00:00:00+00:00
[2024-04-01T14:11:58.012+0000] {processor.py:179} INFO - Processing /home/airflow/.local/lib/python3.10/site-packages/airflow/example_dags/example_bash_operator.py took 0.048 seconds
[2024-04-01T14:12:28.615+0000] {processor.py:157} INFO - Started process (PID=1268) to work on /home/airflow/.local/lib/python3.10/site-packages/airflow/example_dags/example_bash_operator.py
[2024-04-01T14:12:28.616+0000] {processor.py:829} INFO - Processing file /home/airflow/.local/lib/python3.10/site-packages/airflow/example_dags/example_bash_operator.py for tasks to queue
[2024-04-01T14:12:28.617+0000] {logging_mixin.py:154} INFO - [2024-04-01T14:12:28.617+0000] {dagbag.py:536} INFO - Filling up the DagBag from /home/airflow/.local/lib/python3.10/site-packages/airflow/example_dags/example_bash_operator.py
[2024-04-01T14:12:28.623+0000] {processor.py:839} INFO - DAG(s) dict_keys(['example_bash_operator']) retrieved from /home/airflow/.local/lib/python3.10/site-packages/airflow/example_dags/example_bash_operator.py
[2024-04-01T14:12:28.640+0000] {logging_mixin.py:154} INFO - [2024-04-01T14:12:28.639+0000] {dag.py:2941} INFO - Sync 1 DAGs
[2024-04-01T14:12:28.652+0000] {logging_mixin.py:154} INFO - [2024-04-01T14:12:28.652+0000] {dag.py:3722} INFO - Setting next_dagrun for example_bash_operator to 2024-03-31T00:00:00+00:00, run_after=2024-04-01T00:00:00+00:00
[2024-04-01T14:12:28.661+0000] {processor.py:179} INFO - Processing /home/airflow/.local/lib/python3.10/site-packages/airflow/example_dags/example_bash_operator.py took 0.047 seconds
[2024-04-01T14:12:59.389+0000] {processor.py:157} INFO - Started process (PID=1322) to work on /home/airflow/.local/lib/python3.10/site-packages/airflow/example_dags/example_bash_operator.py
[2024-04-01T14:12:59.390+0000] {processor.py:829} INFO - Processing file /home/airflow/.local/lib/python3.10/site-packages/airflow/example_dags/example_bash_operator.py for tasks to queue
[2024-04-01T14:12:59.391+0000] {logging_mixin.py:154} INFO - [2024-04-01T14:12:59.391+0000] {dagbag.py:536} INFO - Filling up the DagBag from /home/airflow/.local/lib/python3.10/site-packages/airflow/example_dags/example_bash_operator.py
[2024-04-01T14:12:59.398+0000] {processor.py:839} INFO - DAG(s) dict_keys(['example_bash_operator']) retrieved from /home/airflow/.local/lib/python3.10/site-packages/airflow/example_dags/example_bash_operator.py
[2024-04-01T14:12:59.414+0000] {logging_mixin.py:154} INFO - [2024-04-01T14:12:59.414+0000] {dag.py:2941} INFO - Sync 1 DAGs
[2024-04-01T14:12:59.427+0000] {logging_mixin.py:154} INFO - [2024-04-01T14:12:59.427+0000] {dag.py:3722} INFO - Setting next_dagrun for example_bash_operator to 2024-03-31T00:00:00+00:00, run_after=2024-04-01T00:00:00+00:00
[2024-04-01T14:12:59.436+0000] {processor.py:179} INFO - Processing /home/airflow/.local/lib/python3.10/site-packages/airflow/example_dags/example_bash_operator.py took 0.049 seconds
[2024-04-01T14:13:30.072+0000] {processor.py:157} INFO - Started process (PID=1376) to work on /home/airflow/.local/lib/python3.10/site-packages/airflow/example_dags/example_bash_operator.py
[2024-04-01T14:13:30.072+0000] {processor.py:829} INFO - Processing file /home/airflow/.local/lib/python3.10/site-packages/airflow/example_dags/example_bash_operator.py for tasks to queue
[2024-04-01T14:13:30.073+0000] {logging_mixin.py:154} INFO - [2024-04-01T14:13:30.073+0000] {dagbag.py:536} INFO - Filling up the DagBag from /home/airflow/.local/lib/python3.10/site-packages/airflow/example_dags/example_bash_operator.py
[2024-04-01T14:13:30.080+0000] {processor.py:839} INFO - DAG(s) dict_keys(['example_bash_operator']) retrieved from /home/airflow/.local/lib/python3.10/site-packages/airflow/example_dags/example_bash_operator.py
[2024-04-01T14:13:30.096+0000] {logging_mixin.py:154} INFO - [2024-04-01T14:13:30.096+0000] {dag.py:2941} INFO - Sync 1 DAGs
[2024-04-01T14:13:30.109+0000] {logging_mixin.py:154} INFO - [2024-04-01T14:13:30.109+0000] {dag.py:3722} INFO - Setting next_dagrun for example_bash_operator to 2024-03-31T00:00:00+00:00, run_after=2024-04-01T00:00:00+00:00
[2024-04-01T14:13:30.117+0000] {processor.py:179} INFO - Processing /home/airflow/.local/lib/python3.10/site-packages/airflow/example_dags/example_bash_operator.py took 0.047 seconds
[2024-04-01T14:14:00.834+0000] {processor.py:157} INFO - Started process (PID=1430) to work on /home/airflow/.local/lib/python3.10/site-packages/airflow/example_dags/example_bash_operator.py
[2024-04-01T14:14:00.834+0000] {processor.py:829} INFO - Processing file /home/airflow/.local/lib/python3.10/site-packages/airflow/example_dags/example_bash_operator.py for tasks to queue
[2024-04-01T14:14:00.835+0000] {logging_mixin.py:154} INFO - [2024-04-01T14:14:00.835+0000] {dagbag.py:536} INFO - Filling up the DagBag from /home/airflow/.local/lib/python3.10/site-packages/airflow/example_dags/example_bash_operator.py
[2024-04-01T14:14:00.842+0000] {processor.py:839} INFO - DAG(s) dict_keys(['example_bash_operator']) retrieved from /home/airflow/.local/lib/python3.10/site-packages/airflow/example_dags/example_bash_operator.py
[2024-04-01T14:14:00.858+0000] {logging_mixin.py:154} INFO - [2024-04-01T14:14:00.858+0000] {dag.py:2941} INFO - Sync 1 DAGs
[2024-04-01T14:14:00.871+0000] {logging_mixin.py:154} INFO - [2024-04-01T14:14:00.871+0000] {dag.py:3722} INFO - Setting next_dagrun for example_bash_operator to 2024-03-31T00:00:00+00:00, run_after=2024-04-01T00:00:00+00:00
[2024-04-01T14:14:00.880+0000] {processor.py:179} INFO - Processing /home/airflow/.local/lib/python3.10/site-packages/airflow/example_dags/example_bash_operator.py took 0.048 seconds
