[2024-04-01T14:01:13.111+0000] {processor.py:157} INFO - Started process (PID=55) to work on /home/airflow/.local/lib/python3.10/site-packages/airflow/example_dags/example_params_ui_tutorial.py
[2024-04-01T14:01:13.112+0000] {processor.py:829} INFO - Processing file /home/airflow/.local/lib/python3.10/site-packages/airflow/example_dags/example_params_ui_tutorial.py for tasks to queue
[2024-04-01T14:01:13.113+0000] {logging_mixin.py:154} INFO - [2024-04-01T14:01:13.113+0000] {dagbag.py:536} INFO - Filling up the DagBag from /home/airflow/.local/lib/python3.10/site-packages/airflow/example_dags/example_params_ui_tutorial.py
[2024-04-01T14:01:13.135+0000] {processor.py:839} INFO - DAG(s) dict_keys(['example_params_ui_tutorial']) retrieved from /home/airflow/.local/lib/python3.10/site-packages/airflow/example_dags/example_params_ui_tutorial.py
[2024-04-01T14:01:13.142+0000] {logging_mixin.py:154} INFO - [2024-04-01T14:01:13.142+0000] {dag.py:2941} INFO - Sync 1 DAGs
[2024-04-01T14:01:13.150+0000] {logging_mixin.py:154} INFO - [2024-04-01T14:01:13.150+0000] {dag.py:3722} INFO - Setting next_dagrun for example_params_ui_tutorial to None, run_after=None
[2024-04-01T14:01:13.158+0000] {processor.py:179} INFO - Processing /home/airflow/.local/lib/python3.10/site-packages/airflow/example_dags/example_params_ui_tutorial.py took 0.050 seconds
[2024-04-01T14:01:43.726+0000] {processor.py:157} INFO - Started process (PID=109) to work on /home/airflow/.local/lib/python3.10/site-packages/airflow/example_dags/example_params_ui_tutorial.py
[2024-04-01T14:01:43.726+0000] {processor.py:829} INFO - Processing file /home/airflow/.local/lib/python3.10/site-packages/airflow/example_dags/example_params_ui_tutorial.py for tasks to queue
[2024-04-01T14:01:43.727+0000] {logging_mixin.py:154} INFO - [2024-04-01T14:01:43.727+0000] {dagbag.py:536} INFO - Filling up the DagBag from /home/airflow/.local/lib/python3.10/site-packages/airflow/example_dags/example_params_ui_tutorial.py
[2024-04-01T14:01:43.743+0000] {processor.py:839} INFO - DAG(s) dict_keys(['example_params_ui_tutorial']) retrieved from /home/airflow/.local/lib/python3.10/site-packages/airflow/example_dags/example_params_ui_tutorial.py
[2024-04-01T14:01:43.769+0000] {logging_mixin.py:154} INFO - [2024-04-01T14:01:43.769+0000] {dag.py:2941} INFO - Sync 1 DAGs
[2024-04-01T14:01:43.776+0000] {logging_mixin.py:154} INFO - [2024-04-01T14:01:43.776+0000] {dag.py:3722} INFO - Setting next_dagrun for example_params_ui_tutorial to None, run_after=None
[2024-04-01T14:01:43.784+0000] {processor.py:179} INFO - Processing /home/airflow/.local/lib/python3.10/site-packages/airflow/example_dags/example_params_ui_tutorial.py took 0.060 seconds
[2024-04-01T14:02:14.237+0000] {processor.py:157} INFO - Started process (PID=163) to work on /home/airflow/.local/lib/python3.10/site-packages/airflow/example_dags/example_params_ui_tutorial.py
[2024-04-01T14:02:14.238+0000] {processor.py:829} INFO - Processing file /home/airflow/.local/lib/python3.10/site-packages/airflow/example_dags/example_params_ui_tutorial.py for tasks to queue
[2024-04-01T14:02:14.239+0000] {logging_mixin.py:154} INFO - [2024-04-01T14:02:14.239+0000] {dagbag.py:536} INFO - Filling up the DagBag from /home/airflow/.local/lib/python3.10/site-packages/airflow/example_dags/example_params_ui_tutorial.py
[2024-04-01T14:02:14.254+0000] {processor.py:839} INFO - DAG(s) dict_keys(['example_params_ui_tutorial']) retrieved from /home/airflow/.local/lib/python3.10/site-packages/airflow/example_dags/example_params_ui_tutorial.py
[2024-04-01T14:02:14.281+0000] {logging_mixin.py:154} INFO - [2024-04-01T14:02:14.281+0000] {dag.py:2941} INFO - Sync 1 DAGs
[2024-04-01T14:02:14.288+0000] {logging_mixin.py:154} INFO - [2024-04-01T14:02:14.288+0000] {dag.py:3722} INFO - Setting next_dagrun for example_params_ui_tutorial to None, run_after=None
[2024-04-01T14:02:14.296+0000] {processor.py:179} INFO - Processing /home/airflow/.local/lib/python3.10/site-packages/airflow/example_dags/example_params_ui_tutorial.py took 0.061 seconds
[2024-04-01T14:02:44.867+0000] {processor.py:157} INFO - Started process (PID=217) to work on /home/airflow/.local/lib/python3.10/site-packages/airflow/example_dags/example_params_ui_tutorial.py
[2024-04-01T14:02:44.867+0000] {processor.py:829} INFO - Processing file /home/airflow/.local/lib/python3.10/site-packages/airflow/example_dags/example_params_ui_tutorial.py for tasks to queue
[2024-04-01T14:02:44.868+0000] {logging_mixin.py:154} INFO - [2024-04-01T14:02:44.868+0000] {dagbag.py:536} INFO - Filling up the DagBag from /home/airflow/.local/lib/python3.10/site-packages/airflow/example_dags/example_params_ui_tutorial.py
[2024-04-01T14:02:44.884+0000] {processor.py:839} INFO - DAG(s) dict_keys(['example_params_ui_tutorial']) retrieved from /home/airflow/.local/lib/python3.10/site-packages/airflow/example_dags/example_params_ui_tutorial.py
[2024-04-01T14:02:44.910+0000] {logging_mixin.py:154} INFO - [2024-04-01T14:02:44.910+0000] {dag.py:2941} INFO - Sync 1 DAGs
[2024-04-01T14:02:44.917+0000] {logging_mixin.py:154} INFO - [2024-04-01T14:02:44.917+0000] {dag.py:3722} INFO - Setting next_dagrun for example_params_ui_tutorial to None, run_after=None
[2024-04-01T14:02:44.926+0000] {processor.py:179} INFO - Processing /home/airflow/.local/lib/python3.10/site-packages/airflow/example_dags/example_params_ui_tutorial.py took 0.061 seconds
[2024-04-01T14:03:15.469+0000] {processor.py:157} INFO - Started process (PID=271) to work on /home/airflow/.local/lib/python3.10/site-packages/airflow/example_dags/example_params_ui_tutorial.py
[2024-04-01T14:03:15.470+0000] {processor.py:829} INFO - Processing file /home/airflow/.local/lib/python3.10/site-packages/airflow/example_dags/example_params_ui_tutorial.py for tasks to queue
[2024-04-01T14:03:15.471+0000] {logging_mixin.py:154} INFO - [2024-04-01T14:03:15.471+0000] {dagbag.py:536} INFO - Filling up the DagBag from /home/airflow/.local/lib/python3.10/site-packages/airflow/example_dags/example_params_ui_tutorial.py
[2024-04-01T14:03:15.488+0000] {processor.py:839} INFO - DAG(s) dict_keys(['example_params_ui_tutorial']) retrieved from /home/airflow/.local/lib/python3.10/site-packages/airflow/example_dags/example_params_ui_tutorial.py
[2024-04-01T14:03:15.516+0000] {logging_mixin.py:154} INFO - [2024-04-01T14:03:15.515+0000] {dag.py:2941} INFO - Sync 1 DAGs
[2024-04-01T14:03:15.523+0000] {logging_mixin.py:154} INFO - [2024-04-01T14:03:15.522+0000] {dag.py:3722} INFO - Setting next_dagrun for example_params_ui_tutorial to None, run_after=None
[2024-04-01T14:03:15.531+0000] {processor.py:179} INFO - Processing /home/airflow/.local/lib/python3.10/site-packages/airflow/example_dags/example_params_ui_tutorial.py took 0.064 seconds
[2024-04-01T14:03:46.175+0000] {processor.py:157} INFO - Started process (PID=325) to work on /home/airflow/.local/lib/python3.10/site-packages/airflow/example_dags/example_params_ui_tutorial.py
[2024-04-01T14:03:46.176+0000] {processor.py:829} INFO - Processing file /home/airflow/.local/lib/python3.10/site-packages/airflow/example_dags/example_params_ui_tutorial.py for tasks to queue
[2024-04-01T14:03:46.177+0000] {logging_mixin.py:154} INFO - [2024-04-01T14:03:46.177+0000] {dagbag.py:536} INFO - Filling up the DagBag from /home/airflow/.local/lib/python3.10/site-packages/airflow/example_dags/example_params_ui_tutorial.py
[2024-04-01T14:03:46.193+0000] {processor.py:839} INFO - DAG(s) dict_keys(['example_params_ui_tutorial']) retrieved from /home/airflow/.local/lib/python3.10/site-packages/airflow/example_dags/example_params_ui_tutorial.py
[2024-04-01T14:03:46.220+0000] {logging_mixin.py:154} INFO - [2024-04-01T14:03:46.220+0000] {dag.py:2941} INFO - Sync 1 DAGs
[2024-04-01T14:03:46.227+0000] {logging_mixin.py:154} INFO - [2024-04-01T14:03:46.227+0000] {dag.py:3722} INFO - Setting next_dagrun for example_params_ui_tutorial to None, run_after=None
[2024-04-01T14:03:46.235+0000] {processor.py:179} INFO - Processing /home/airflow/.local/lib/python3.10/site-packages/airflow/example_dags/example_params_ui_tutorial.py took 0.062 seconds
[2024-04-01T14:04:16.934+0000] {processor.py:157} INFO - Started process (PID=379) to work on /home/airflow/.local/lib/python3.10/site-packages/airflow/example_dags/example_params_ui_tutorial.py
[2024-04-01T14:04:16.935+0000] {processor.py:829} INFO - Processing file /home/airflow/.local/lib/python3.10/site-packages/airflow/example_dags/example_params_ui_tutorial.py for tasks to queue
[2024-04-01T14:04:16.936+0000] {logging_mixin.py:154} INFO - [2024-04-01T14:04:16.936+0000] {dagbag.py:536} INFO - Filling up the DagBag from /home/airflow/.local/lib/python3.10/site-packages/airflow/example_dags/example_params_ui_tutorial.py
[2024-04-01T14:04:16.952+0000] {processor.py:839} INFO - DAG(s) dict_keys(['example_params_ui_tutorial']) retrieved from /home/airflow/.local/lib/python3.10/site-packages/airflow/example_dags/example_params_ui_tutorial.py
[2024-04-01T14:04:16.979+0000] {logging_mixin.py:154} INFO - [2024-04-01T14:04:16.979+0000] {dag.py:2941} INFO - Sync 1 DAGs
[2024-04-01T14:04:16.986+0000] {logging_mixin.py:154} INFO - [2024-04-01T14:04:16.986+0000] {dag.py:3722} INFO - Setting next_dagrun for example_params_ui_tutorial to None, run_after=None
[2024-04-01T14:04:16.994+0000] {processor.py:179} INFO - Processing /home/airflow/.local/lib/python3.10/site-packages/airflow/example_dags/example_params_ui_tutorial.py took 0.062 seconds
[2024-04-01T14:04:47.700+0000] {processor.py:157} INFO - Started process (PID=433) to work on /home/airflow/.local/lib/python3.10/site-packages/airflow/example_dags/example_params_ui_tutorial.py
[2024-04-01T14:04:47.700+0000] {processor.py:829} INFO - Processing file /home/airflow/.local/lib/python3.10/site-packages/airflow/example_dags/example_params_ui_tutorial.py for tasks to queue
[2024-04-01T14:04:47.701+0000] {logging_mixin.py:154} INFO - [2024-04-01T14:04:47.701+0000] {dagbag.py:536} INFO - Filling up the DagBag from /home/airflow/.local/lib/python3.10/site-packages/airflow/example_dags/example_params_ui_tutorial.py
[2024-04-01T14:04:47.718+0000] {processor.py:839} INFO - DAG(s) dict_keys(['example_params_ui_tutorial']) retrieved from /home/airflow/.local/lib/python3.10/site-packages/airflow/example_dags/example_params_ui_tutorial.py
[2024-04-01T14:04:47.744+0000] {logging_mixin.py:154} INFO - [2024-04-01T14:04:47.744+0000] {dag.py:2941} INFO - Sync 1 DAGs
[2024-04-01T14:04:47.751+0000] {logging_mixin.py:154} INFO - [2024-04-01T14:04:47.751+0000] {dag.py:3722} INFO - Setting next_dagrun for example_params_ui_tutorial to None, run_after=None
[2024-04-01T14:04:47.760+0000] {processor.py:179} INFO - Processing /home/airflow/.local/lib/python3.10/site-packages/airflow/example_dags/example_params_ui_tutorial.py took 0.062 seconds
[2024-04-01T14:05:18.298+0000] {processor.py:157} INFO - Started process (PID=487) to work on /home/airflow/.local/lib/python3.10/site-packages/airflow/example_dags/example_params_ui_tutorial.py
[2024-04-01T14:05:18.298+0000] {processor.py:829} INFO - Processing file /home/airflow/.local/lib/python3.10/site-packages/airflow/example_dags/example_params_ui_tutorial.py for tasks to queue
[2024-04-01T14:05:18.299+0000] {logging_mixin.py:154} INFO - [2024-04-01T14:05:18.299+0000] {dagbag.py:536} INFO - Filling up the DagBag from /home/airflow/.local/lib/python3.10/site-packages/airflow/example_dags/example_params_ui_tutorial.py
[2024-04-01T14:05:18.315+0000] {processor.py:839} INFO - DAG(s) dict_keys(['example_params_ui_tutorial']) retrieved from /home/airflow/.local/lib/python3.10/site-packages/airflow/example_dags/example_params_ui_tutorial.py
[2024-04-01T14:05:18.342+0000] {logging_mixin.py:154} INFO - [2024-04-01T14:05:18.342+0000] {dag.py:2941} INFO - Sync 1 DAGs
[2024-04-01T14:05:18.350+0000] {logging_mixin.py:154} INFO - [2024-04-01T14:05:18.349+0000] {dag.py:3722} INFO - Setting next_dagrun for example_params_ui_tutorial to None, run_after=None
[2024-04-01T14:05:18.359+0000] {processor.py:179} INFO - Processing /home/airflow/.local/lib/python3.10/site-packages/airflow/example_dags/example_params_ui_tutorial.py took 0.063 seconds
[2024-04-01T14:05:48.908+0000] {processor.py:157} INFO - Started process (PID=541) to work on /home/airflow/.local/lib/python3.10/site-packages/airflow/example_dags/example_params_ui_tutorial.py
[2024-04-01T14:05:48.909+0000] {processor.py:829} INFO - Processing file /home/airflow/.local/lib/python3.10/site-packages/airflow/example_dags/example_params_ui_tutorial.py for tasks to queue
[2024-04-01T14:05:48.910+0000] {logging_mixin.py:154} INFO - [2024-04-01T14:05:48.910+0000] {dagbag.py:536} INFO - Filling up the DagBag from /home/airflow/.local/lib/python3.10/site-packages/airflow/example_dags/example_params_ui_tutorial.py
[2024-04-01T14:05:48.926+0000] {processor.py:839} INFO - DAG(s) dict_keys(['example_params_ui_tutorial']) retrieved from /home/airflow/.local/lib/python3.10/site-packages/airflow/example_dags/example_params_ui_tutorial.py
[2024-04-01T14:05:48.953+0000] {logging_mixin.py:154} INFO - [2024-04-01T14:05:48.953+0000] {dag.py:2941} INFO - Sync 1 DAGs
[2024-04-01T14:05:48.961+0000] {logging_mixin.py:154} INFO - [2024-04-01T14:05:48.961+0000] {dag.py:3722} INFO - Setting next_dagrun for example_params_ui_tutorial to None, run_after=None
[2024-04-01T14:05:48.970+0000] {processor.py:179} INFO - Processing /home/airflow/.local/lib/python3.10/site-packages/airflow/example_dags/example_params_ui_tutorial.py took 0.064 seconds
[2024-04-01T14:06:19.633+0000] {processor.py:157} INFO - Started process (PID=595) to work on /home/airflow/.local/lib/python3.10/site-packages/airflow/example_dags/example_params_ui_tutorial.py
[2024-04-01T14:06:19.633+0000] {processor.py:829} INFO - Processing file /home/airflow/.local/lib/python3.10/site-packages/airflow/example_dags/example_params_ui_tutorial.py for tasks to queue
[2024-04-01T14:06:19.634+0000] {logging_mixin.py:154} INFO - [2024-04-01T14:06:19.634+0000] {dagbag.py:536} INFO - Filling up the DagBag from /home/airflow/.local/lib/python3.10/site-packages/airflow/example_dags/example_params_ui_tutorial.py
[2024-04-01T14:06:19.650+0000] {processor.py:839} INFO - DAG(s) dict_keys(['example_params_ui_tutorial']) retrieved from /home/airflow/.local/lib/python3.10/site-packages/airflow/example_dags/example_params_ui_tutorial.py
[2024-04-01T14:06:19.677+0000] {logging_mixin.py:154} INFO - [2024-04-01T14:06:19.677+0000] {dag.py:2941} INFO - Sync 1 DAGs
[2024-04-01T14:06:19.683+0000] {logging_mixin.py:154} INFO - [2024-04-01T14:06:19.683+0000] {dag.py:3722} INFO - Setting next_dagrun for example_params_ui_tutorial to None, run_after=None
[2024-04-01T14:06:19.691+0000] {processor.py:179} INFO - Processing /home/airflow/.local/lib/python3.10/site-packages/airflow/example_dags/example_params_ui_tutorial.py took 0.061 seconds
[2024-04-01T14:06:50.259+0000] {processor.py:157} INFO - Started process (PID=649) to work on /home/airflow/.local/lib/python3.10/site-packages/airflow/example_dags/example_params_ui_tutorial.py
[2024-04-01T14:06:50.260+0000] {processor.py:829} INFO - Processing file /home/airflow/.local/lib/python3.10/site-packages/airflow/example_dags/example_params_ui_tutorial.py for tasks to queue
[2024-04-01T14:06:50.261+0000] {logging_mixin.py:154} INFO - [2024-04-01T14:06:50.261+0000] {dagbag.py:536} INFO - Filling up the DagBag from /home/airflow/.local/lib/python3.10/site-packages/airflow/example_dags/example_params_ui_tutorial.py
[2024-04-01T14:06:50.277+0000] {processor.py:839} INFO - DAG(s) dict_keys(['example_params_ui_tutorial']) retrieved from /home/airflow/.local/lib/python3.10/site-packages/airflow/example_dags/example_params_ui_tutorial.py
[2024-04-01T14:06:50.304+0000] {logging_mixin.py:154} INFO - [2024-04-01T14:06:50.303+0000] {dag.py:2941} INFO - Sync 1 DAGs
[2024-04-01T14:06:50.310+0000] {logging_mixin.py:154} INFO - [2024-04-01T14:06:50.310+0000] {dag.py:3722} INFO - Setting next_dagrun for example_params_ui_tutorial to None, run_after=None
[2024-04-01T14:06:50.318+0000] {processor.py:179} INFO - Processing /home/airflow/.local/lib/python3.10/site-packages/airflow/example_dags/example_params_ui_tutorial.py took 0.061 seconds
[2024-04-01T14:07:21.014+0000] {processor.py:157} INFO - Started process (PID=703) to work on /home/airflow/.local/lib/python3.10/site-packages/airflow/example_dags/example_params_ui_tutorial.py
[2024-04-01T14:07:21.015+0000] {processor.py:829} INFO - Processing file /home/airflow/.local/lib/python3.10/site-packages/airflow/example_dags/example_params_ui_tutorial.py for tasks to queue
[2024-04-01T14:07:21.016+0000] {logging_mixin.py:154} INFO - [2024-04-01T14:07:21.015+0000] {dagbag.py:536} INFO - Filling up the DagBag from /home/airflow/.local/lib/python3.10/site-packages/airflow/example_dags/example_params_ui_tutorial.py
[2024-04-01T14:07:21.032+0000] {processor.py:839} INFO - DAG(s) dict_keys(['example_params_ui_tutorial']) retrieved from /home/airflow/.local/lib/python3.10/site-packages/airflow/example_dags/example_params_ui_tutorial.py
[2024-04-01T14:07:21.059+0000] {logging_mixin.py:154} INFO - [2024-04-01T14:07:21.059+0000] {dag.py:2941} INFO - Sync 1 DAGs
[2024-04-01T14:07:21.065+0000] {logging_mixin.py:154} INFO - [2024-04-01T14:07:21.065+0000] {dag.py:3722} INFO - Setting next_dagrun for example_params_ui_tutorial to None, run_after=None
[2024-04-01T14:07:21.074+0000] {processor.py:179} INFO - Processing /home/airflow/.local/lib/python3.10/site-packages/airflow/example_dags/example_params_ui_tutorial.py took 0.062 seconds
[2024-04-01T14:07:51.651+0000] {processor.py:157} INFO - Started process (PID=757) to work on /home/airflow/.local/lib/python3.10/site-packages/airflow/example_dags/example_params_ui_tutorial.py
[2024-04-01T14:07:51.651+0000] {processor.py:829} INFO - Processing file /home/airflow/.local/lib/python3.10/site-packages/airflow/example_dags/example_params_ui_tutorial.py for tasks to queue
[2024-04-01T14:07:51.652+0000] {logging_mixin.py:154} INFO - [2024-04-01T14:07:51.652+0000] {dagbag.py:536} INFO - Filling up the DagBag from /home/airflow/.local/lib/python3.10/site-packages/airflow/example_dags/example_params_ui_tutorial.py
[2024-04-01T14:07:51.668+0000] {processor.py:839} INFO - DAG(s) dict_keys(['example_params_ui_tutorial']) retrieved from /home/airflow/.local/lib/python3.10/site-packages/airflow/example_dags/example_params_ui_tutorial.py
[2024-04-01T14:07:51.695+0000] {logging_mixin.py:154} INFO - [2024-04-01T14:07:51.695+0000] {dag.py:2941} INFO - Sync 1 DAGs
[2024-04-01T14:07:51.702+0000] {logging_mixin.py:154} INFO - [2024-04-01T14:07:51.702+0000] {dag.py:3722} INFO - Setting next_dagrun for example_params_ui_tutorial to None, run_after=None
[2024-04-01T14:07:51.711+0000] {processor.py:179} INFO - Processing /home/airflow/.local/lib/python3.10/site-packages/airflow/example_dags/example_params_ui_tutorial.py took 0.062 seconds
[2024-04-01T14:08:22.270+0000] {processor.py:157} INFO - Started process (PID=811) to work on /home/airflow/.local/lib/python3.10/site-packages/airflow/example_dags/example_params_ui_tutorial.py
[2024-04-01T14:08:22.271+0000] {processor.py:829} INFO - Processing file /home/airflow/.local/lib/python3.10/site-packages/airflow/example_dags/example_params_ui_tutorial.py for tasks to queue
[2024-04-01T14:08:22.272+0000] {logging_mixin.py:154} INFO - [2024-04-01T14:08:22.272+0000] {dagbag.py:536} INFO - Filling up the DagBag from /home/airflow/.local/lib/python3.10/site-packages/airflow/example_dags/example_params_ui_tutorial.py
[2024-04-01T14:08:22.288+0000] {processor.py:839} INFO - DAG(s) dict_keys(['example_params_ui_tutorial']) retrieved from /home/airflow/.local/lib/python3.10/site-packages/airflow/example_dags/example_params_ui_tutorial.py
[2024-04-01T14:08:22.314+0000] {logging_mixin.py:154} INFO - [2024-04-01T14:08:22.314+0000] {dag.py:2941} INFO - Sync 1 DAGs
[2024-04-01T14:08:22.321+0000] {logging_mixin.py:154} INFO - [2024-04-01T14:08:22.321+0000] {dag.py:3722} INFO - Setting next_dagrun for example_params_ui_tutorial to None, run_after=None
[2024-04-01T14:08:22.329+0000] {processor.py:179} INFO - Processing /home/airflow/.local/lib/python3.10/site-packages/airflow/example_dags/example_params_ui_tutorial.py took 0.061 seconds
[2024-04-01T14:08:52.863+0000] {processor.py:157} INFO - Started process (PID=865) to work on /home/airflow/.local/lib/python3.10/site-packages/airflow/example_dags/example_params_ui_tutorial.py
[2024-04-01T14:08:52.863+0000] {processor.py:829} INFO - Processing file /home/airflow/.local/lib/python3.10/site-packages/airflow/example_dags/example_params_ui_tutorial.py for tasks to queue
[2024-04-01T14:08:52.864+0000] {logging_mixin.py:154} INFO - [2024-04-01T14:08:52.864+0000] {dagbag.py:536} INFO - Filling up the DagBag from /home/airflow/.local/lib/python3.10/site-packages/airflow/example_dags/example_params_ui_tutorial.py
[2024-04-01T14:08:52.880+0000] {processor.py:839} INFO - DAG(s) dict_keys(['example_params_ui_tutorial']) retrieved from /home/airflow/.local/lib/python3.10/site-packages/airflow/example_dags/example_params_ui_tutorial.py
[2024-04-01T14:08:52.908+0000] {logging_mixin.py:154} INFO - [2024-04-01T14:08:52.908+0000] {dag.py:2941} INFO - Sync 1 DAGs
[2024-04-01T14:08:52.915+0000] {logging_mixin.py:154} INFO - [2024-04-01T14:08:52.915+0000] {dag.py:3722} INFO - Setting next_dagrun for example_params_ui_tutorial to None, run_after=None
[2024-04-01T14:08:52.924+0000] {processor.py:179} INFO - Processing /home/airflow/.local/lib/python3.10/site-packages/airflow/example_dags/example_params_ui_tutorial.py took 0.064 seconds
[2024-04-01T14:09:23.660+0000] {processor.py:157} INFO - Started process (PID=919) to work on /home/airflow/.local/lib/python3.10/site-packages/airflow/example_dags/example_params_ui_tutorial.py
[2024-04-01T14:09:23.660+0000] {processor.py:829} INFO - Processing file /home/airflow/.local/lib/python3.10/site-packages/airflow/example_dags/example_params_ui_tutorial.py for tasks to queue
[2024-04-01T14:09:23.661+0000] {logging_mixin.py:154} INFO - [2024-04-01T14:09:23.661+0000] {dagbag.py:536} INFO - Filling up the DagBag from /home/airflow/.local/lib/python3.10/site-packages/airflow/example_dags/example_params_ui_tutorial.py
[2024-04-01T14:09:23.677+0000] {processor.py:839} INFO - DAG(s) dict_keys(['example_params_ui_tutorial']) retrieved from /home/airflow/.local/lib/python3.10/site-packages/airflow/example_dags/example_params_ui_tutorial.py
[2024-04-01T14:09:23.707+0000] {logging_mixin.py:154} INFO - [2024-04-01T14:09:23.706+0000] {dag.py:2941} INFO - Sync 1 DAGs
[2024-04-01T14:09:23.714+0000] {logging_mixin.py:154} INFO - [2024-04-01T14:09:23.714+0000] {dag.py:3722} INFO - Setting next_dagrun for example_params_ui_tutorial to None, run_after=None
[2024-04-01T14:09:23.724+0000] {processor.py:179} INFO - Processing /home/airflow/.local/lib/python3.10/site-packages/airflow/example_dags/example_params_ui_tutorial.py took 0.067 seconds
[2024-04-01T14:09:54.337+0000] {processor.py:157} INFO - Started process (PID=973) to work on /home/airflow/.local/lib/python3.10/site-packages/airflow/example_dags/example_params_ui_tutorial.py
[2024-04-01T14:09:54.337+0000] {processor.py:829} INFO - Processing file /home/airflow/.local/lib/python3.10/site-packages/airflow/example_dags/example_params_ui_tutorial.py for tasks to queue
[2024-04-01T14:09:54.338+0000] {logging_mixin.py:154} INFO - [2024-04-01T14:09:54.338+0000] {dagbag.py:536} INFO - Filling up the DagBag from /home/airflow/.local/lib/python3.10/site-packages/airflow/example_dags/example_params_ui_tutorial.py
[2024-04-01T14:09:54.354+0000] {processor.py:839} INFO - DAG(s) dict_keys(['example_params_ui_tutorial']) retrieved from /home/airflow/.local/lib/python3.10/site-packages/airflow/example_dags/example_params_ui_tutorial.py
[2024-04-01T14:09:54.381+0000] {logging_mixin.py:154} INFO - [2024-04-01T14:09:54.381+0000] {dag.py:2941} INFO - Sync 1 DAGs
[2024-04-01T14:09:54.388+0000] {logging_mixin.py:154} INFO - [2024-04-01T14:09:54.388+0000] {dag.py:3722} INFO - Setting next_dagrun for example_params_ui_tutorial to None, run_after=None
[2024-04-01T14:09:54.396+0000] {processor.py:179} INFO - Processing /home/airflow/.local/lib/python3.10/site-packages/airflow/example_dags/example_params_ui_tutorial.py took 0.061 seconds
[2024-04-01T14:10:25.006+0000] {processor.py:157} INFO - Started process (PID=1027) to work on /home/airflow/.local/lib/python3.10/site-packages/airflow/example_dags/example_params_ui_tutorial.py
[2024-04-01T14:10:25.007+0000] {processor.py:829} INFO - Processing file /home/airflow/.local/lib/python3.10/site-packages/airflow/example_dags/example_params_ui_tutorial.py for tasks to queue
[2024-04-01T14:10:25.008+0000] {logging_mixin.py:154} INFO - [2024-04-01T14:10:25.008+0000] {dagbag.py:536} INFO - Filling up the DagBag from /home/airflow/.local/lib/python3.10/site-packages/airflow/example_dags/example_params_ui_tutorial.py
[2024-04-01T14:10:25.024+0000] {processor.py:839} INFO - DAG(s) dict_keys(['example_params_ui_tutorial']) retrieved from /home/airflow/.local/lib/python3.10/site-packages/airflow/example_dags/example_params_ui_tutorial.py
[2024-04-01T14:10:25.051+0000] {logging_mixin.py:154} INFO - [2024-04-01T14:10:25.051+0000] {dag.py:2941} INFO - Sync 1 DAGs
[2024-04-01T14:10:25.058+0000] {logging_mixin.py:154} INFO - [2024-04-01T14:10:25.058+0000] {dag.py:3722} INFO - Setting next_dagrun for example_params_ui_tutorial to None, run_after=None
[2024-04-01T14:10:25.067+0000] {processor.py:179} INFO - Processing /home/airflow/.local/lib/python3.10/site-packages/airflow/example_dags/example_params_ui_tutorial.py took 0.063 seconds
[2024-04-01T14:10:55.621+0000] {processor.py:157} INFO - Started process (PID=1081) to work on /home/airflow/.local/lib/python3.10/site-packages/airflow/example_dags/example_params_ui_tutorial.py
[2024-04-01T14:10:55.622+0000] {processor.py:829} INFO - Processing file /home/airflow/.local/lib/python3.10/site-packages/airflow/example_dags/example_params_ui_tutorial.py for tasks to queue
[2024-04-01T14:10:55.623+0000] {logging_mixin.py:154} INFO - [2024-04-01T14:10:55.623+0000] {dagbag.py:536} INFO - Filling up the DagBag from /home/airflow/.local/lib/python3.10/site-packages/airflow/example_dags/example_params_ui_tutorial.py
[2024-04-01T14:10:55.639+0000] {processor.py:839} INFO - DAG(s) dict_keys(['example_params_ui_tutorial']) retrieved from /home/airflow/.local/lib/python3.10/site-packages/airflow/example_dags/example_params_ui_tutorial.py
[2024-04-01T14:10:55.665+0000] {logging_mixin.py:154} INFO - [2024-04-01T14:10:55.665+0000] {dag.py:2941} INFO - Sync 1 DAGs
[2024-04-01T14:10:55.672+0000] {logging_mixin.py:154} INFO - [2024-04-01T14:10:55.672+0000] {dag.py:3722} INFO - Setting next_dagrun for example_params_ui_tutorial to None, run_after=None
[2024-04-01T14:10:55.681+0000] {processor.py:179} INFO - Processing /home/airflow/.local/lib/python3.10/site-packages/airflow/example_dags/example_params_ui_tutorial.py took 0.062 seconds
[2024-04-01T14:11:26.331+0000] {processor.py:157} INFO - Started process (PID=1135) to work on /home/airflow/.local/lib/python3.10/site-packages/airflow/example_dags/example_params_ui_tutorial.py
[2024-04-01T14:11:26.331+0000] {processor.py:829} INFO - Processing file /home/airflow/.local/lib/python3.10/site-packages/airflow/example_dags/example_params_ui_tutorial.py for tasks to queue
[2024-04-01T14:11:26.332+0000] {logging_mixin.py:154} INFO - [2024-04-01T14:11:26.332+0000] {dagbag.py:536} INFO - Filling up the DagBag from /home/airflow/.local/lib/python3.10/site-packages/airflow/example_dags/example_params_ui_tutorial.py
[2024-04-01T14:11:26.348+0000] {processor.py:839} INFO - DAG(s) dict_keys(['example_params_ui_tutorial']) retrieved from /home/airflow/.local/lib/python3.10/site-packages/airflow/example_dags/example_params_ui_tutorial.py
[2024-04-01T14:11:26.376+0000] {logging_mixin.py:154} INFO - [2024-04-01T14:11:26.376+0000] {dag.py:2941} INFO - Sync 1 DAGs
[2024-04-01T14:11:26.383+0000] {logging_mixin.py:154} INFO - [2024-04-01T14:11:26.383+0000] {dag.py:3722} INFO - Setting next_dagrun for example_params_ui_tutorial to None, run_after=None
[2024-04-01T14:11:26.391+0000] {processor.py:179} INFO - Processing /home/airflow/.local/lib/python3.10/site-packages/airflow/example_dags/example_params_ui_tutorial.py took 0.062 seconds
[2024-04-01T14:11:57.020+0000] {processor.py:157} INFO - Started process (PID=1189) to work on /home/airflow/.local/lib/python3.10/site-packages/airflow/example_dags/example_params_ui_tutorial.py
[2024-04-01T14:11:57.020+0000] {processor.py:829} INFO - Processing file /home/airflow/.local/lib/python3.10/site-packages/airflow/example_dags/example_params_ui_tutorial.py for tasks to queue
[2024-04-01T14:11:57.021+0000] {logging_mixin.py:154} INFO - [2024-04-01T14:11:57.021+0000] {dagbag.py:536} INFO - Filling up the DagBag from /home/airflow/.local/lib/python3.10/site-packages/airflow/example_dags/example_params_ui_tutorial.py
[2024-04-01T14:11:57.042+0000] {processor.py:839} INFO - DAG(s) dict_keys(['example_params_ui_tutorial']) retrieved from /home/airflow/.local/lib/python3.10/site-packages/airflow/example_dags/example_params_ui_tutorial.py
[2024-04-01T14:11:57.072+0000] {logging_mixin.py:154} INFO - [2024-04-01T14:11:57.072+0000] {dag.py:2941} INFO - Sync 1 DAGs
[2024-04-01T14:11:57.080+0000] {logging_mixin.py:154} INFO - [2024-04-01T14:11:57.080+0000] {dag.py:3722} INFO - Setting next_dagrun for example_params_ui_tutorial to None, run_after=None
[2024-04-01T14:11:57.089+0000] {processor.py:179} INFO - Processing /home/airflow/.local/lib/python3.10/site-packages/airflow/example_dags/example_params_ui_tutorial.py took 0.071 seconds
[2024-04-01T14:12:27.772+0000] {processor.py:157} INFO - Started process (PID=1243) to work on /home/airflow/.local/lib/python3.10/site-packages/airflow/example_dags/example_params_ui_tutorial.py
[2024-04-01T14:12:27.772+0000] {processor.py:829} INFO - Processing file /home/airflow/.local/lib/python3.10/site-packages/airflow/example_dags/example_params_ui_tutorial.py for tasks to queue
[2024-04-01T14:12:27.774+0000] {logging_mixin.py:154} INFO - [2024-04-01T14:12:27.773+0000] {dagbag.py:536} INFO - Filling up the DagBag from /home/airflow/.local/lib/python3.10/site-packages/airflow/example_dags/example_params_ui_tutorial.py
[2024-04-01T14:12:27.789+0000] {processor.py:839} INFO - DAG(s) dict_keys(['example_params_ui_tutorial']) retrieved from /home/airflow/.local/lib/python3.10/site-packages/airflow/example_dags/example_params_ui_tutorial.py
[2024-04-01T14:12:27.816+0000] {logging_mixin.py:154} INFO - [2024-04-01T14:12:27.816+0000] {dag.py:2941} INFO - Sync 1 DAGs
[2024-04-01T14:12:27.823+0000] {logging_mixin.py:154} INFO - [2024-04-01T14:12:27.823+0000] {dag.py:3722} INFO - Setting next_dagrun for example_params_ui_tutorial to None, run_after=None
[2024-04-01T14:12:27.832+0000] {processor.py:179} INFO - Processing /home/airflow/.local/lib/python3.10/site-packages/airflow/example_dags/example_params_ui_tutorial.py took 0.062 seconds
[2024-04-01T14:12:58.454+0000] {processor.py:157} INFO - Started process (PID=1297) to work on /home/airflow/.local/lib/python3.10/site-packages/airflow/example_dags/example_params_ui_tutorial.py
[2024-04-01T14:12:58.454+0000] {processor.py:829} INFO - Processing file /home/airflow/.local/lib/python3.10/site-packages/airflow/example_dags/example_params_ui_tutorial.py for tasks to queue
[2024-04-01T14:12:58.455+0000] {logging_mixin.py:154} INFO - [2024-04-01T14:12:58.455+0000] {dagbag.py:536} INFO - Filling up the DagBag from /home/airflow/.local/lib/python3.10/site-packages/airflow/example_dags/example_params_ui_tutorial.py
[2024-04-01T14:12:58.471+0000] {processor.py:839} INFO - DAG(s) dict_keys(['example_params_ui_tutorial']) retrieved from /home/airflow/.local/lib/python3.10/site-packages/airflow/example_dags/example_params_ui_tutorial.py
[2024-04-01T14:12:58.498+0000] {logging_mixin.py:154} INFO - [2024-04-01T14:12:58.498+0000] {dag.py:2941} INFO - Sync 1 DAGs
[2024-04-01T14:12:58.505+0000] {logging_mixin.py:154} INFO - [2024-04-01T14:12:58.505+0000] {dag.py:3722} INFO - Setting next_dagrun for example_params_ui_tutorial to None, run_after=None
[2024-04-01T14:12:58.514+0000] {processor.py:179} INFO - Processing /home/airflow/.local/lib/python3.10/site-packages/airflow/example_dags/example_params_ui_tutorial.py took 0.063 seconds
[2024-04-01T14:13:29.211+0000] {processor.py:157} INFO - Started process (PID=1351) to work on /home/airflow/.local/lib/python3.10/site-packages/airflow/example_dags/example_params_ui_tutorial.py
[2024-04-01T14:13:29.211+0000] {processor.py:829} INFO - Processing file /home/airflow/.local/lib/python3.10/site-packages/airflow/example_dags/example_params_ui_tutorial.py for tasks to queue
[2024-04-01T14:13:29.212+0000] {logging_mixin.py:154} INFO - [2024-04-01T14:13:29.212+0000] {dagbag.py:536} INFO - Filling up the DagBag from /home/airflow/.local/lib/python3.10/site-packages/airflow/example_dags/example_params_ui_tutorial.py
[2024-04-01T14:13:29.228+0000] {processor.py:839} INFO - DAG(s) dict_keys(['example_params_ui_tutorial']) retrieved from /home/airflow/.local/lib/python3.10/site-packages/airflow/example_dags/example_params_ui_tutorial.py
[2024-04-01T14:13:29.256+0000] {logging_mixin.py:154} INFO - [2024-04-01T14:13:29.255+0000] {dag.py:2941} INFO - Sync 1 DAGs
[2024-04-01T14:13:29.263+0000] {logging_mixin.py:154} INFO - [2024-04-01T14:13:29.263+0000] {dag.py:3722} INFO - Setting next_dagrun for example_params_ui_tutorial to None, run_after=None
[2024-04-01T14:13:29.271+0000] {processor.py:179} INFO - Processing /home/airflow/.local/lib/python3.10/site-packages/airflow/example_dags/example_params_ui_tutorial.py took 0.062 seconds
[2024-04-01T14:13:59.912+0000] {processor.py:157} INFO - Started process (PID=1405) to work on /home/airflow/.local/lib/python3.10/site-packages/airflow/example_dags/example_params_ui_tutorial.py
[2024-04-01T14:13:59.913+0000] {processor.py:829} INFO - Processing file /home/airflow/.local/lib/python3.10/site-packages/airflow/example_dags/example_params_ui_tutorial.py for tasks to queue
[2024-04-01T14:13:59.914+0000] {logging_mixin.py:154} INFO - [2024-04-01T14:13:59.913+0000] {dagbag.py:536} INFO - Filling up the DagBag from /home/airflow/.local/lib/python3.10/site-packages/airflow/example_dags/example_params_ui_tutorial.py
[2024-04-01T14:13:59.930+0000] {processor.py:839} INFO - DAG(s) dict_keys(['example_params_ui_tutorial']) retrieved from /home/airflow/.local/lib/python3.10/site-packages/airflow/example_dags/example_params_ui_tutorial.py
[2024-04-01T14:13:59.957+0000] {logging_mixin.py:154} INFO - [2024-04-01T14:13:59.957+0000] {dag.py:2941} INFO - Sync 1 DAGs
[2024-04-01T14:13:59.964+0000] {logging_mixin.py:154} INFO - [2024-04-01T14:13:59.964+0000] {dag.py:3722} INFO - Setting next_dagrun for example_params_ui_tutorial to None, run_after=None
[2024-04-01T14:13:59.972+0000] {processor.py:179} INFO - Processing /home/airflow/.local/lib/python3.10/site-packages/airflow/example_dags/example_params_ui_tutorial.py took 0.062 seconds
