[2024-04-01T14:01:13.917+0000] {processor.py:157} INFO - Started process (PID=79) to work on /home/airflow/.local/lib/python3.10/site-packages/airflow/example_dags/example_latest_only_with_trigger.py
[2024-04-01T14:01:13.917+0000] {processor.py:829} INFO - Processing file /home/airflow/.local/lib/python3.10/site-packages/airflow/example_dags/example_latest_only_with_trigger.py for tasks to queue
[2024-04-01T14:01:13.919+0000] {logging_mixin.py:154} INFO - [2024-04-01T14:01:13.918+0000] {dagbag.py:536} INFO - Filling up the DagBag from /home/airflow/.local/lib/python3.10/site-packages/airflow/example_dags/example_latest_only_with_trigger.py
[2024-04-01T14:01:13.922+0000] {processor.py:839} INFO - DAG(s) dict_keys(['latest_only_with_trigger']) retrieved from /home/airflow/.local/lib/python3.10/site-packages/airflow/example_dags/example_latest_only_with_trigger.py
[2024-04-01T14:01:13.930+0000] {logging_mixin.py:154} INFO - [2024-04-01T14:01:13.930+0000] {dag.py:2941} INFO - Sync 1 DAGs
[2024-04-01T14:01:13.943+0000] {logging_mixin.py:154} INFO - [2024-04-01T14:01:13.943+0000] {dag.py:3722} INFO - Setting next_dagrun for latest_only_with_trigger to 2024-04-01T10:01:13.943140+00:00, run_after=2024-04-01T14:01:13.943140+00:00
[2024-04-01T14:01:13.952+0000] {processor.py:179} INFO - Processing /home/airflow/.local/lib/python3.10/site-packages/airflow/example_dags/example_latest_only_with_trigger.py took 0.037 seconds
[2024-04-01T14:01:44.450+0000] {processor.py:157} INFO - Started process (PID=133) to work on /home/airflow/.local/lib/python3.10/site-packages/airflow/example_dags/example_latest_only_with_trigger.py
[2024-04-01T14:01:44.451+0000] {processor.py:829} INFO - Processing file /home/airflow/.local/lib/python3.10/site-packages/airflow/example_dags/example_latest_only_with_trigger.py for tasks to queue
[2024-04-01T14:01:44.452+0000] {logging_mixin.py:154} INFO - [2024-04-01T14:01:44.452+0000] {dagbag.py:536} INFO - Filling up the DagBag from /home/airflow/.local/lib/python3.10/site-packages/airflow/example_dags/example_latest_only_with_trigger.py
[2024-04-01T14:01:44.455+0000] {processor.py:839} INFO - DAG(s) dict_keys(['latest_only_with_trigger']) retrieved from /home/airflow/.local/lib/python3.10/site-packages/airflow/example_dags/example_latest_only_with_trigger.py
[2024-04-01T14:01:44.467+0000] {logging_mixin.py:154} INFO - [2024-04-01T14:01:44.467+0000] {dag.py:2941} INFO - Sync 1 DAGs
[2024-04-01T14:01:44.479+0000] {logging_mixin.py:154} INFO - [2024-04-01T14:01:44.479+0000] {dag.py:3722} INFO - Setting next_dagrun for latest_only_with_trigger to 2024-04-01T10:01:44.479006+00:00, run_after=2024-04-01T14:01:44.479006+00:00
[2024-04-01T14:01:44.487+0000] {processor.py:179} INFO - Processing /home/airflow/.local/lib/python3.10/site-packages/airflow/example_dags/example_latest_only_with_trigger.py took 0.039 seconds
[2024-04-01T14:02:15.003+0000] {processor.py:157} INFO - Started process (PID=187) to work on /home/airflow/.local/lib/python3.10/site-packages/airflow/example_dags/example_latest_only_with_trigger.py
[2024-04-01T14:02:15.004+0000] {processor.py:829} INFO - Processing file /home/airflow/.local/lib/python3.10/site-packages/airflow/example_dags/example_latest_only_with_trigger.py for tasks to queue
[2024-04-01T14:02:15.005+0000] {logging_mixin.py:154} INFO - [2024-04-01T14:02:15.005+0000] {dagbag.py:536} INFO - Filling up the DagBag from /home/airflow/.local/lib/python3.10/site-packages/airflow/example_dags/example_latest_only_with_trigger.py
[2024-04-01T14:02:15.008+0000] {processor.py:839} INFO - DAG(s) dict_keys(['latest_only_with_trigger']) retrieved from /home/airflow/.local/lib/python3.10/site-packages/airflow/example_dags/example_latest_only_with_trigger.py
[2024-04-01T14:02:15.019+0000] {logging_mixin.py:154} INFO - [2024-04-01T14:02:15.019+0000] {dag.py:2941} INFO - Sync 1 DAGs
[2024-04-01T14:02:15.031+0000] {logging_mixin.py:154} INFO - [2024-04-01T14:02:15.030+0000] {dag.py:3722} INFO - Setting next_dagrun for latest_only_with_trigger to 2024-04-01T10:02:15.030754+00:00, run_after=2024-04-01T14:02:15.030754+00:00
[2024-04-01T14:02:15.039+0000] {processor.py:179} INFO - Processing /home/airflow/.local/lib/python3.10/site-packages/airflow/example_dags/example_latest_only_with_trigger.py took 0.037 seconds
[2024-04-01T14:02:45.613+0000] {processor.py:157} INFO - Started process (PID=241) to work on /home/airflow/.local/lib/python3.10/site-packages/airflow/example_dags/example_latest_only_with_trigger.py
[2024-04-01T14:02:45.613+0000] {processor.py:829} INFO - Processing file /home/airflow/.local/lib/python3.10/site-packages/airflow/example_dags/example_latest_only_with_trigger.py for tasks to queue
[2024-04-01T14:02:45.615+0000] {logging_mixin.py:154} INFO - [2024-04-01T14:02:45.614+0000] {dagbag.py:536} INFO - Filling up the DagBag from /home/airflow/.local/lib/python3.10/site-packages/airflow/example_dags/example_latest_only_with_trigger.py
[2024-04-01T14:02:45.618+0000] {processor.py:839} INFO - DAG(s) dict_keys(['latest_only_with_trigger']) retrieved from /home/airflow/.local/lib/python3.10/site-packages/airflow/example_dags/example_latest_only_with_trigger.py
[2024-04-01T14:02:45.631+0000] {logging_mixin.py:154} INFO - [2024-04-01T14:02:45.631+0000] {dag.py:2941} INFO - Sync 1 DAGs
[2024-04-01T14:02:45.643+0000] {logging_mixin.py:154} INFO - [2024-04-01T14:02:45.643+0000] {dag.py:3722} INFO - Setting next_dagrun for latest_only_with_trigger to 2024-04-01T10:02:45.643083+00:00, run_after=2024-04-01T14:02:45.643083+00:00
[2024-04-01T14:02:45.652+0000] {processor.py:179} INFO - Processing /home/airflow/.local/lib/python3.10/site-packages/airflow/example_dags/example_latest_only_with_trigger.py took 0.041 seconds
[2024-04-01T14:03:16.333+0000] {processor.py:157} INFO - Started process (PID=295) to work on /home/airflow/.local/lib/python3.10/site-packages/airflow/example_dags/example_latest_only_with_trigger.py
[2024-04-01T14:03:16.333+0000] {processor.py:829} INFO - Processing file /home/airflow/.local/lib/python3.10/site-packages/airflow/example_dags/example_latest_only_with_trigger.py for tasks to queue
[2024-04-01T14:03:16.335+0000] {logging_mixin.py:154} INFO - [2024-04-01T14:03:16.334+0000] {dagbag.py:536} INFO - Filling up the DagBag from /home/airflow/.local/lib/python3.10/site-packages/airflow/example_dags/example_latest_only_with_trigger.py
[2024-04-01T14:03:16.338+0000] {processor.py:839} INFO - DAG(s) dict_keys(['latest_only_with_trigger']) retrieved from /home/airflow/.local/lib/python3.10/site-packages/airflow/example_dags/example_latest_only_with_trigger.py
[2024-04-01T14:03:16.351+0000] {logging_mixin.py:154} INFO - [2024-04-01T14:03:16.351+0000] {dag.py:2941} INFO - Sync 1 DAGs
[2024-04-01T14:03:16.363+0000] {logging_mixin.py:154} INFO - [2024-04-01T14:03:16.362+0000] {dag.py:3722} INFO - Setting next_dagrun for latest_only_with_trigger to 2024-04-01T10:03:16.362741+00:00, run_after=2024-04-01T14:03:16.362741+00:00
[2024-04-01T14:03:16.371+0000] {processor.py:179} INFO - Processing /home/airflow/.local/lib/python3.10/site-packages/airflow/example_dags/example_latest_only_with_trigger.py took 0.040 seconds
[2024-04-01T14:03:47.100+0000] {processor.py:157} INFO - Started process (PID=349) to work on /home/airflow/.local/lib/python3.10/site-packages/airflow/example_dags/example_latest_only_with_trigger.py
[2024-04-01T14:03:47.100+0000] {processor.py:829} INFO - Processing file /home/airflow/.local/lib/python3.10/site-packages/airflow/example_dags/example_latest_only_with_trigger.py for tasks to queue
[2024-04-01T14:03:47.101+0000] {logging_mixin.py:154} INFO - [2024-04-01T14:03:47.101+0000] {dagbag.py:536} INFO - Filling up the DagBag from /home/airflow/.local/lib/python3.10/site-packages/airflow/example_dags/example_latest_only_with_trigger.py
[2024-04-01T14:03:47.105+0000] {processor.py:839} INFO - DAG(s) dict_keys(['latest_only_with_trigger']) retrieved from /home/airflow/.local/lib/python3.10/site-packages/airflow/example_dags/example_latest_only_with_trigger.py
[2024-04-01T14:03:47.117+0000] {logging_mixin.py:154} INFO - [2024-04-01T14:03:47.117+0000] {dag.py:2941} INFO - Sync 1 DAGs
[2024-04-01T14:03:47.129+0000] {logging_mixin.py:154} INFO - [2024-04-01T14:03:47.129+0000] {dag.py:3722} INFO - Setting next_dagrun for latest_only_with_trigger to 2024-04-01T10:03:47.129723+00:00, run_after=2024-04-01T14:03:47.129723+00:00
[2024-04-01T14:03:47.138+0000] {processor.py:179} INFO - Processing /home/airflow/.local/lib/python3.10/site-packages/airflow/example_dags/example_latest_only_with_trigger.py took 0.041 seconds
[2024-04-01T14:04:17.846+0000] {processor.py:157} INFO - Started process (PID=403) to work on /home/airflow/.local/lib/python3.10/site-packages/airflow/example_dags/example_latest_only_with_trigger.py
[2024-04-01T14:04:17.847+0000] {processor.py:829} INFO - Processing file /home/airflow/.local/lib/python3.10/site-packages/airflow/example_dags/example_latest_only_with_trigger.py for tasks to queue
[2024-04-01T14:04:17.848+0000] {logging_mixin.py:154} INFO - [2024-04-01T14:04:17.848+0000] {dagbag.py:536} INFO - Filling up the DagBag from /home/airflow/.local/lib/python3.10/site-packages/airflow/example_dags/example_latest_only_with_trigger.py
[2024-04-01T14:04:17.851+0000] {processor.py:839} INFO - DAG(s) dict_keys(['latest_only_with_trigger']) retrieved from /home/airflow/.local/lib/python3.10/site-packages/airflow/example_dags/example_latest_only_with_trigger.py
[2024-04-01T14:04:17.863+0000] {logging_mixin.py:154} INFO - [2024-04-01T14:04:17.863+0000] {dag.py:2941} INFO - Sync 1 DAGs
[2024-04-01T14:04:17.876+0000] {logging_mixin.py:154} INFO - [2024-04-01T14:04:17.876+0000] {dag.py:3722} INFO - Setting next_dagrun for latest_only_with_trigger to 2024-04-01T10:04:17.876549+00:00, run_after=2024-04-01T14:04:17.876549+00:00
[2024-04-01T14:04:17.886+0000] {processor.py:179} INFO - Processing /home/airflow/.local/lib/python3.10/site-packages/airflow/example_dags/example_latest_only_with_trigger.py took 0.042 seconds
[2024-04-01T14:04:48.438+0000] {processor.py:157} INFO - Started process (PID=457) to work on /home/airflow/.local/lib/python3.10/site-packages/airflow/example_dags/example_latest_only_with_trigger.py
[2024-04-01T14:04:48.439+0000] {processor.py:829} INFO - Processing file /home/airflow/.local/lib/python3.10/site-packages/airflow/example_dags/example_latest_only_with_trigger.py for tasks to queue
[2024-04-01T14:04:48.440+0000] {logging_mixin.py:154} INFO - [2024-04-01T14:04:48.440+0000] {dagbag.py:536} INFO - Filling up the DagBag from /home/airflow/.local/lib/python3.10/site-packages/airflow/example_dags/example_latest_only_with_trigger.py
[2024-04-01T14:04:48.444+0000] {processor.py:839} INFO - DAG(s) dict_keys(['latest_only_with_trigger']) retrieved from /home/airflow/.local/lib/python3.10/site-packages/airflow/example_dags/example_latest_only_with_trigger.py
[2024-04-01T14:04:48.459+0000] {logging_mixin.py:154} INFO - [2024-04-01T14:04:48.459+0000] {dag.py:2941} INFO - Sync 1 DAGs
[2024-04-01T14:04:48.472+0000] {logging_mixin.py:154} INFO - [2024-04-01T14:04:48.472+0000] {dag.py:3722} INFO - Setting next_dagrun for latest_only_with_trigger to 2024-04-01T10:04:48.471943+00:00, run_after=2024-04-01T14:04:48.471943+00:00
[2024-04-01T14:04:48.480+0000] {processor.py:179} INFO - Processing /home/airflow/.local/lib/python3.10/site-packages/airflow/example_dags/example_latest_only_with_trigger.py took 0.045 seconds
[2024-04-01T14:05:19.058+0000] {processor.py:157} INFO - Started process (PID=511) to work on /home/airflow/.local/lib/python3.10/site-packages/airflow/example_dags/example_latest_only_with_trigger.py
[2024-04-01T14:05:19.059+0000] {processor.py:829} INFO - Processing file /home/airflow/.local/lib/python3.10/site-packages/airflow/example_dags/example_latest_only_with_trigger.py for tasks to queue
[2024-04-01T14:05:19.060+0000] {logging_mixin.py:154} INFO - [2024-04-01T14:05:19.060+0000] {dagbag.py:536} INFO - Filling up the DagBag from /home/airflow/.local/lib/python3.10/site-packages/airflow/example_dags/example_latest_only_with_trigger.py
[2024-04-01T14:05:19.063+0000] {processor.py:839} INFO - DAG(s) dict_keys(['latest_only_with_trigger']) retrieved from /home/airflow/.local/lib/python3.10/site-packages/airflow/example_dags/example_latest_only_with_trigger.py
[2024-04-01T14:05:19.076+0000] {logging_mixin.py:154} INFO - [2024-04-01T14:05:19.076+0000] {dag.py:2941} INFO - Sync 1 DAGs
[2024-04-01T14:05:19.088+0000] {logging_mixin.py:154} INFO - [2024-04-01T14:05:19.088+0000] {dag.py:3722} INFO - Setting next_dagrun for latest_only_with_trigger to 2024-04-01T10:05:19.088470+00:00, run_after=2024-04-01T14:05:19.088470+00:00
[2024-04-01T14:05:19.097+0000] {processor.py:179} INFO - Processing /home/airflow/.local/lib/python3.10/site-packages/airflow/example_dags/example_latest_only_with_trigger.py took 0.041 seconds
[2024-04-01T14:05:49.784+0000] {processor.py:157} INFO - Started process (PID=565) to work on /home/airflow/.local/lib/python3.10/site-packages/airflow/example_dags/example_latest_only_with_trigger.py
[2024-04-01T14:05:49.785+0000] {processor.py:829} INFO - Processing file /home/airflow/.local/lib/python3.10/site-packages/airflow/example_dags/example_latest_only_with_trigger.py for tasks to queue
[2024-04-01T14:05:49.786+0000] {logging_mixin.py:154} INFO - [2024-04-01T14:05:49.786+0000] {dagbag.py:536} INFO - Filling up the DagBag from /home/airflow/.local/lib/python3.10/site-packages/airflow/example_dags/example_latest_only_with_trigger.py
[2024-04-01T14:05:49.789+0000] {processor.py:839} INFO - DAG(s) dict_keys(['latest_only_with_trigger']) retrieved from /home/airflow/.local/lib/python3.10/site-packages/airflow/example_dags/example_latest_only_with_trigger.py
[2024-04-01T14:05:49.802+0000] {logging_mixin.py:154} INFO - [2024-04-01T14:05:49.802+0000] {dag.py:2941} INFO - Sync 1 DAGs
[2024-04-01T14:05:49.814+0000] {logging_mixin.py:154} INFO - [2024-04-01T14:05:49.814+0000] {dag.py:3722} INFO - Setting next_dagrun for latest_only_with_trigger to 2024-04-01T10:05:49.814206+00:00, run_after=2024-04-01T14:05:49.814206+00:00
[2024-04-01T14:05:49.823+0000] {processor.py:179} INFO - Processing /home/airflow/.local/lib/python3.10/site-packages/airflow/example_dags/example_latest_only_with_trigger.py took 0.041 seconds
[2024-04-01T14:06:20.425+0000] {processor.py:157} INFO - Started process (PID=619) to work on /home/airflow/.local/lib/python3.10/site-packages/airflow/example_dags/example_latest_only_with_trigger.py
[2024-04-01T14:06:20.426+0000] {processor.py:829} INFO - Processing file /home/airflow/.local/lib/python3.10/site-packages/airflow/example_dags/example_latest_only_with_trigger.py for tasks to queue
[2024-04-01T14:06:20.427+0000] {logging_mixin.py:154} INFO - [2024-04-01T14:06:20.427+0000] {dagbag.py:536} INFO - Filling up the DagBag from /home/airflow/.local/lib/python3.10/site-packages/airflow/example_dags/example_latest_only_with_trigger.py
[2024-04-01T14:06:20.430+0000] {processor.py:839} INFO - DAG(s) dict_keys(['latest_only_with_trigger']) retrieved from /home/airflow/.local/lib/python3.10/site-packages/airflow/example_dags/example_latest_only_with_trigger.py
[2024-04-01T14:06:20.442+0000] {logging_mixin.py:154} INFO - [2024-04-01T14:06:20.442+0000] {dag.py:2941} INFO - Sync 1 DAGs
[2024-04-01T14:06:20.454+0000] {logging_mixin.py:154} INFO - [2024-04-01T14:06:20.454+0000] {dag.py:3722} INFO - Setting next_dagrun for latest_only_with_trigger to 2024-04-01T10:06:20.453888+00:00, run_after=2024-04-01T14:06:20.453888+00:00
[2024-04-01T14:06:20.462+0000] {processor.py:179} INFO - Processing /home/airflow/.local/lib/python3.10/site-packages/airflow/example_dags/example_latest_only_with_trigger.py took 0.039 seconds
[2024-04-01T14:06:51.188+0000] {processor.py:157} INFO - Started process (PID=673) to work on /home/airflow/.local/lib/python3.10/site-packages/airflow/example_dags/example_latest_only_with_trigger.py
[2024-04-01T14:06:51.189+0000] {processor.py:829} INFO - Processing file /home/airflow/.local/lib/python3.10/site-packages/airflow/example_dags/example_latest_only_with_trigger.py for tasks to queue
[2024-04-01T14:06:51.190+0000] {logging_mixin.py:154} INFO - [2024-04-01T14:06:51.189+0000] {dagbag.py:536} INFO - Filling up the DagBag from /home/airflow/.local/lib/python3.10/site-packages/airflow/example_dags/example_latest_only_with_trigger.py
[2024-04-01T14:06:51.193+0000] {processor.py:839} INFO - DAG(s) dict_keys(['latest_only_with_trigger']) retrieved from /home/airflow/.local/lib/python3.10/site-packages/airflow/example_dags/example_latest_only_with_trigger.py
[2024-04-01T14:06:51.206+0000] {logging_mixin.py:154} INFO - [2024-04-01T14:06:51.206+0000] {dag.py:2941} INFO - Sync 1 DAGs
[2024-04-01T14:06:51.218+0000] {logging_mixin.py:154} INFO - [2024-04-01T14:06:51.218+0000] {dag.py:3722} INFO - Setting next_dagrun for latest_only_with_trigger to 2024-04-01T10:06:51.218524+00:00, run_after=2024-04-01T14:06:51.218524+00:00
[2024-04-01T14:06:51.227+0000] {processor.py:179} INFO - Processing /home/airflow/.local/lib/python3.10/site-packages/airflow/example_dags/example_latest_only_with_trigger.py took 0.041 seconds
[2024-04-01T14:07:21.827+0000] {processor.py:157} INFO - Started process (PID=727) to work on /home/airflow/.local/lib/python3.10/site-packages/airflow/example_dags/example_latest_only_with_trigger.py
[2024-04-01T14:07:21.827+0000] {processor.py:829} INFO - Processing file /home/airflow/.local/lib/python3.10/site-packages/airflow/example_dags/example_latest_only_with_trigger.py for tasks to queue
[2024-04-01T14:07:21.829+0000] {logging_mixin.py:154} INFO - [2024-04-01T14:07:21.828+0000] {dagbag.py:536} INFO - Filling up the DagBag from /home/airflow/.local/lib/python3.10/site-packages/airflow/example_dags/example_latest_only_with_trigger.py
[2024-04-01T14:07:21.832+0000] {processor.py:839} INFO - DAG(s) dict_keys(['latest_only_with_trigger']) retrieved from /home/airflow/.local/lib/python3.10/site-packages/airflow/example_dags/example_latest_only_with_trigger.py
[2024-04-01T14:07:21.844+0000] {logging_mixin.py:154} INFO - [2024-04-01T14:07:21.844+0000] {dag.py:2941} INFO - Sync 1 DAGs
[2024-04-01T14:07:21.856+0000] {logging_mixin.py:154} INFO - [2024-04-01T14:07:21.856+0000] {dag.py:3722} INFO - Setting next_dagrun for latest_only_with_trigger to 2024-04-01T10:07:21.856219+00:00, run_after=2024-04-01T14:07:21.856219+00:00
[2024-04-01T14:07:21.864+0000] {processor.py:179} INFO - Processing /home/airflow/.local/lib/python3.10/site-packages/airflow/example_dags/example_latest_only_with_trigger.py took 0.040 seconds
[2024-04-01T14:07:52.388+0000] {processor.py:157} INFO - Started process (PID=781) to work on /home/airflow/.local/lib/python3.10/site-packages/airflow/example_dags/example_latest_only_with_trigger.py
[2024-04-01T14:07:52.389+0000] {processor.py:829} INFO - Processing file /home/airflow/.local/lib/python3.10/site-packages/airflow/example_dags/example_latest_only_with_trigger.py for tasks to queue
[2024-04-01T14:07:52.390+0000] {logging_mixin.py:154} INFO - [2024-04-01T14:07:52.390+0000] {dagbag.py:536} INFO - Filling up the DagBag from /home/airflow/.local/lib/python3.10/site-packages/airflow/example_dags/example_latest_only_with_trigger.py
[2024-04-01T14:07:52.393+0000] {processor.py:839} INFO - DAG(s) dict_keys(['latest_only_with_trigger']) retrieved from /home/airflow/.local/lib/python3.10/site-packages/airflow/example_dags/example_latest_only_with_trigger.py
[2024-04-01T14:07:52.405+0000] {logging_mixin.py:154} INFO - [2024-04-01T14:07:52.405+0000] {dag.py:2941} INFO - Sync 1 DAGs
[2024-04-01T14:07:52.421+0000] {logging_mixin.py:154} INFO - [2024-04-01T14:07:52.421+0000] {dag.py:3722} INFO - Setting next_dagrun for latest_only_with_trigger to 2024-04-01T10:07:52.420832+00:00, run_after=2024-04-01T14:07:52.420832+00:00
[2024-04-01T14:07:52.430+0000] {processor.py:179} INFO - Processing /home/airflow/.local/lib/python3.10/site-packages/airflow/example_dags/example_latest_only_with_trigger.py took 0.044 seconds
[2024-04-01T14:08:23.000+0000] {processor.py:157} INFO - Started process (PID=835) to work on /home/airflow/.local/lib/python3.10/site-packages/airflow/example_dags/example_latest_only_with_trigger.py
[2024-04-01T14:08:23.000+0000] {processor.py:829} INFO - Processing file /home/airflow/.local/lib/python3.10/site-packages/airflow/example_dags/example_latest_only_with_trigger.py for tasks to queue
[2024-04-01T14:08:23.001+0000] {logging_mixin.py:154} INFO - [2024-04-01T14:08:23.001+0000] {dagbag.py:536} INFO - Filling up the DagBag from /home/airflow/.local/lib/python3.10/site-packages/airflow/example_dags/example_latest_only_with_trigger.py
[2024-04-01T14:08:23.005+0000] {processor.py:839} INFO - DAG(s) dict_keys(['latest_only_with_trigger']) retrieved from /home/airflow/.local/lib/python3.10/site-packages/airflow/example_dags/example_latest_only_with_trigger.py
[2024-04-01T14:08:23.018+0000] {logging_mixin.py:154} INFO - [2024-04-01T14:08:23.018+0000] {dag.py:2941} INFO - Sync 1 DAGs
[2024-04-01T14:08:23.030+0000] {logging_mixin.py:154} INFO - [2024-04-01T14:08:23.030+0000] {dag.py:3722} INFO - Setting next_dagrun for latest_only_with_trigger to 2024-04-01T10:08:23.030602+00:00, run_after=2024-04-01T14:08:23.030602+00:00
[2024-04-01T14:08:23.039+0000] {processor.py:179} INFO - Processing /home/airflow/.local/lib/python3.10/site-packages/airflow/example_dags/example_latest_only_with_trigger.py took 0.042 seconds
[2024-04-01T14:08:53.771+0000] {processor.py:157} INFO - Started process (PID=889) to work on /home/airflow/.local/lib/python3.10/site-packages/airflow/example_dags/example_latest_only_with_trigger.py
[2024-04-01T14:08:53.771+0000] {processor.py:829} INFO - Processing file /home/airflow/.local/lib/python3.10/site-packages/airflow/example_dags/example_latest_only_with_trigger.py for tasks to queue
[2024-04-01T14:08:53.772+0000] {logging_mixin.py:154} INFO - [2024-04-01T14:08:53.772+0000] {dagbag.py:536} INFO - Filling up the DagBag from /home/airflow/.local/lib/python3.10/site-packages/airflow/example_dags/example_latest_only_with_trigger.py
[2024-04-01T14:08:53.776+0000] {processor.py:839} INFO - DAG(s) dict_keys(['latest_only_with_trigger']) retrieved from /home/airflow/.local/lib/python3.10/site-packages/airflow/example_dags/example_latest_only_with_trigger.py
[2024-04-01T14:08:53.788+0000] {logging_mixin.py:154} INFO - [2024-04-01T14:08:53.788+0000] {dag.py:2941} INFO - Sync 1 DAGs
[2024-04-01T14:08:53.799+0000] {logging_mixin.py:154} INFO - [2024-04-01T14:08:53.799+0000] {dag.py:3722} INFO - Setting next_dagrun for latest_only_with_trigger to 2024-04-01T10:08:53.799698+00:00, run_after=2024-04-01T14:08:53.799698+00:00
[2024-04-01T14:08:53.808+0000] {processor.py:179} INFO - Processing /home/airflow/.local/lib/python3.10/site-packages/airflow/example_dags/example_latest_only_with_trigger.py took 0.039 seconds
[2024-04-01T14:09:24.494+0000] {processor.py:157} INFO - Started process (PID=943) to work on /home/airflow/.local/lib/python3.10/site-packages/airflow/example_dags/example_latest_only_with_trigger.py
[2024-04-01T14:09:24.495+0000] {processor.py:829} INFO - Processing file /home/airflow/.local/lib/python3.10/site-packages/airflow/example_dags/example_latest_only_with_trigger.py for tasks to queue
[2024-04-01T14:09:24.496+0000] {logging_mixin.py:154} INFO - [2024-04-01T14:09:24.496+0000] {dagbag.py:536} INFO - Filling up the DagBag from /home/airflow/.local/lib/python3.10/site-packages/airflow/example_dags/example_latest_only_with_trigger.py
[2024-04-01T14:09:24.500+0000] {processor.py:839} INFO - DAG(s) dict_keys(['latest_only_with_trigger']) retrieved from /home/airflow/.local/lib/python3.10/site-packages/airflow/example_dags/example_latest_only_with_trigger.py
[2024-04-01T14:09:24.513+0000] {logging_mixin.py:154} INFO - [2024-04-01T14:09:24.513+0000] {dag.py:2941} INFO - Sync 1 DAGs
[2024-04-01T14:09:24.527+0000] {logging_mixin.py:154} INFO - [2024-04-01T14:09:24.527+0000] {dag.py:3722} INFO - Setting next_dagrun for latest_only_with_trigger to 2024-04-01T10:09:24.526873+00:00, run_after=2024-04-01T14:09:24.526873+00:00
[2024-04-01T14:09:24.536+0000] {processor.py:179} INFO - Processing /home/airflow/.local/lib/python3.10/site-packages/airflow/example_dags/example_latest_only_with_trigger.py took 0.044 seconds
[2024-04-01T14:09:55.144+0000] {processor.py:157} INFO - Started process (PID=997) to work on /home/airflow/.local/lib/python3.10/site-packages/airflow/example_dags/example_latest_only_with_trigger.py
[2024-04-01T14:09:55.144+0000] {processor.py:829} INFO - Processing file /home/airflow/.local/lib/python3.10/site-packages/airflow/example_dags/example_latest_only_with_trigger.py for tasks to queue
[2024-04-01T14:09:55.145+0000] {logging_mixin.py:154} INFO - [2024-04-01T14:09:55.145+0000] {dagbag.py:536} INFO - Filling up the DagBag from /home/airflow/.local/lib/python3.10/site-packages/airflow/example_dags/example_latest_only_with_trigger.py
[2024-04-01T14:09:55.149+0000] {processor.py:839} INFO - DAG(s) dict_keys(['latest_only_with_trigger']) retrieved from /home/airflow/.local/lib/python3.10/site-packages/airflow/example_dags/example_latest_only_with_trigger.py
[2024-04-01T14:09:55.162+0000] {logging_mixin.py:154} INFO - [2024-04-01T14:09:55.162+0000] {dag.py:2941} INFO - Sync 1 DAGs
[2024-04-01T14:09:55.175+0000] {logging_mixin.py:154} INFO - [2024-04-01T14:09:55.175+0000] {dag.py:3722} INFO - Setting next_dagrun for latest_only_with_trigger to 2024-04-01T10:09:55.175013+00:00, run_after=2024-04-01T14:09:55.175013+00:00
[2024-04-01T14:09:55.184+0000] {processor.py:179} INFO - Processing /home/airflow/.local/lib/python3.10/site-packages/airflow/example_dags/example_latest_only_with_trigger.py took 0.043 seconds
[2024-04-01T14:10:25.795+0000] {processor.py:157} INFO - Started process (PID=1051) to work on /home/airflow/.local/lib/python3.10/site-packages/airflow/example_dags/example_latest_only_with_trigger.py
[2024-04-01T14:10:25.795+0000] {processor.py:829} INFO - Processing file /home/airflow/.local/lib/python3.10/site-packages/airflow/example_dags/example_latest_only_with_trigger.py for tasks to queue
[2024-04-01T14:10:25.796+0000] {logging_mixin.py:154} INFO - [2024-04-01T14:10:25.796+0000] {dagbag.py:536} INFO - Filling up the DagBag from /home/airflow/.local/lib/python3.10/site-packages/airflow/example_dags/example_latest_only_with_trigger.py
[2024-04-01T14:10:25.800+0000] {processor.py:839} INFO - DAG(s) dict_keys(['latest_only_with_trigger']) retrieved from /home/airflow/.local/lib/python3.10/site-packages/airflow/example_dags/example_latest_only_with_trigger.py
[2024-04-01T14:10:25.812+0000] {logging_mixin.py:154} INFO - [2024-04-01T14:10:25.812+0000] {dag.py:2941} INFO - Sync 1 DAGs
[2024-04-01T14:10:25.824+0000] {logging_mixin.py:154} INFO - [2024-04-01T14:10:25.824+0000] {dag.py:3722} INFO - Setting next_dagrun for latest_only_with_trigger to 2024-04-01T10:10:25.824284+00:00, run_after=2024-04-01T14:10:25.824284+00:00
[2024-04-01T14:10:25.832+0000] {processor.py:179} INFO - Processing /home/airflow/.local/lib/python3.10/site-packages/airflow/example_dags/example_latest_only_with_trigger.py took 0.039 seconds
[2024-04-01T14:10:56.473+0000] {processor.py:157} INFO - Started process (PID=1105) to work on /home/airflow/.local/lib/python3.10/site-packages/airflow/example_dags/example_latest_only_with_trigger.py
[2024-04-01T14:10:56.474+0000] {processor.py:829} INFO - Processing file /home/airflow/.local/lib/python3.10/site-packages/airflow/example_dags/example_latest_only_with_trigger.py for tasks to queue
[2024-04-01T14:10:56.475+0000] {logging_mixin.py:154} INFO - [2024-04-01T14:10:56.475+0000] {dagbag.py:536} INFO - Filling up the DagBag from /home/airflow/.local/lib/python3.10/site-packages/airflow/example_dags/example_latest_only_with_trigger.py
[2024-04-01T14:10:56.478+0000] {processor.py:839} INFO - DAG(s) dict_keys(['latest_only_with_trigger']) retrieved from /home/airflow/.local/lib/python3.10/site-packages/airflow/example_dags/example_latest_only_with_trigger.py
[2024-04-01T14:10:56.491+0000] {logging_mixin.py:154} INFO - [2024-04-01T14:10:56.491+0000] {dag.py:2941} INFO - Sync 1 DAGs
[2024-04-01T14:10:56.503+0000] {logging_mixin.py:154} INFO - [2024-04-01T14:10:56.502+0000] {dag.py:3722} INFO - Setting next_dagrun for latest_only_with_trigger to 2024-04-01T10:10:56.502795+00:00, run_after=2024-04-01T14:10:56.502795+00:00
[2024-04-01T14:10:56.511+0000] {processor.py:179} INFO - Processing /home/airflow/.local/lib/python3.10/site-packages/airflow/example_dags/example_latest_only_with_trigger.py took 0.040 seconds
[2024-04-01T14:11:27.135+0000] {processor.py:157} INFO - Started process (PID=1159) to work on /home/airflow/.local/lib/python3.10/site-packages/airflow/example_dags/example_latest_only_with_trigger.py
[2024-04-01T14:11:27.135+0000] {processor.py:829} INFO - Processing file /home/airflow/.local/lib/python3.10/site-packages/airflow/example_dags/example_latest_only_with_trigger.py for tasks to queue
[2024-04-01T14:11:27.136+0000] {logging_mixin.py:154} INFO - [2024-04-01T14:11:27.136+0000] {dagbag.py:536} INFO - Filling up the DagBag from /home/airflow/.local/lib/python3.10/site-packages/airflow/example_dags/example_latest_only_with_trigger.py
[2024-04-01T14:11:27.140+0000] {processor.py:839} INFO - DAG(s) dict_keys(['latest_only_with_trigger']) retrieved from /home/airflow/.local/lib/python3.10/site-packages/airflow/example_dags/example_latest_only_with_trigger.py
[2024-04-01T14:11:27.152+0000] {logging_mixin.py:154} INFO - [2024-04-01T14:11:27.152+0000] {dag.py:2941} INFO - Sync 1 DAGs
[2024-04-01T14:11:27.163+0000] {logging_mixin.py:154} INFO - [2024-04-01T14:11:27.163+0000] {dag.py:3722} INFO - Setting next_dagrun for latest_only_with_trigger to 2024-04-01T10:11:27.163717+00:00, run_after=2024-04-01T14:11:27.163717+00:00
[2024-04-01T14:11:27.172+0000] {processor.py:179} INFO - Processing /home/airflow/.local/lib/python3.10/site-packages/airflow/example_dags/example_latest_only_with_trigger.py took 0.039 seconds
[2024-04-01T14:11:57.942+0000] {processor.py:157} INFO - Started process (PID=1213) to work on /home/airflow/.local/lib/python3.10/site-packages/airflow/example_dags/example_latest_only_with_trigger.py
[2024-04-01T14:11:57.943+0000] {processor.py:829} INFO - Processing file /home/airflow/.local/lib/python3.10/site-packages/airflow/example_dags/example_latest_only_with_trigger.py for tasks to queue
[2024-04-01T14:11:57.944+0000] {logging_mixin.py:154} INFO - [2024-04-01T14:11:57.944+0000] {dagbag.py:536} INFO - Filling up the DagBag from /home/airflow/.local/lib/python3.10/site-packages/airflow/example_dags/example_latest_only_with_trigger.py
[2024-04-01T14:11:57.947+0000] {processor.py:839} INFO - DAG(s) dict_keys(['latest_only_with_trigger']) retrieved from /home/airflow/.local/lib/python3.10/site-packages/airflow/example_dags/example_latest_only_with_trigger.py
[2024-04-01T14:11:57.960+0000] {logging_mixin.py:154} INFO - [2024-04-01T14:11:57.960+0000] {dag.py:2941} INFO - Sync 1 DAGs
[2024-04-01T14:11:57.972+0000] {logging_mixin.py:154} INFO - [2024-04-01T14:11:57.972+0000] {dag.py:3722} INFO - Setting next_dagrun for latest_only_with_trigger to 2024-04-01T10:11:57.972703+00:00, run_after=2024-04-01T14:11:57.972703+00:00
[2024-04-01T14:11:57.981+0000] {processor.py:179} INFO - Processing /home/airflow/.local/lib/python3.10/site-packages/airflow/example_dags/example_latest_only_with_trigger.py took 0.041 seconds
[2024-04-01T14:12:28.565+0000] {processor.py:157} INFO - Started process (PID=1267) to work on /home/airflow/.local/lib/python3.10/site-packages/airflow/example_dags/example_latest_only_with_trigger.py
[2024-04-01T14:12:28.566+0000] {processor.py:829} INFO - Processing file /home/airflow/.local/lib/python3.10/site-packages/airflow/example_dags/example_latest_only_with_trigger.py for tasks to queue
[2024-04-01T14:12:28.567+0000] {logging_mixin.py:154} INFO - [2024-04-01T14:12:28.567+0000] {dagbag.py:536} INFO - Filling up the DagBag from /home/airflow/.local/lib/python3.10/site-packages/airflow/example_dags/example_latest_only_with_trigger.py
[2024-04-01T14:12:28.570+0000] {processor.py:839} INFO - DAG(s) dict_keys(['latest_only_with_trigger']) retrieved from /home/airflow/.local/lib/python3.10/site-packages/airflow/example_dags/example_latest_only_with_trigger.py
[2024-04-01T14:12:28.581+0000] {logging_mixin.py:154} INFO - [2024-04-01T14:12:28.581+0000] {dag.py:2941} INFO - Sync 1 DAGs
[2024-04-01T14:12:28.593+0000] {logging_mixin.py:154} INFO - [2024-04-01T14:12:28.593+0000] {dag.py:3722} INFO - Setting next_dagrun for latest_only_with_trigger to 2024-04-01T10:12:28.593288+00:00, run_after=2024-04-01T14:12:28.593288+00:00
[2024-04-01T14:12:28.601+0000] {processor.py:179} INFO - Processing /home/airflow/.local/lib/python3.10/site-packages/airflow/example_dags/example_latest_only_with_trigger.py took 0.038 seconds
[2024-04-01T14:12:59.362+0000] {processor.py:157} INFO - Started process (PID=1321) to work on /home/airflow/.local/lib/python3.10/site-packages/airflow/example_dags/example_latest_only_with_trigger.py
[2024-04-01T14:12:59.362+0000] {processor.py:829} INFO - Processing file /home/airflow/.local/lib/python3.10/site-packages/airflow/example_dags/example_latest_only_with_trigger.py for tasks to queue
[2024-04-01T14:12:59.363+0000] {logging_mixin.py:154} INFO - [2024-04-01T14:12:59.363+0000] {dagbag.py:536} INFO - Filling up the DagBag from /home/airflow/.local/lib/python3.10/site-packages/airflow/example_dags/example_latest_only_with_trigger.py
[2024-04-01T14:12:59.367+0000] {processor.py:839} INFO - DAG(s) dict_keys(['latest_only_with_trigger']) retrieved from /home/airflow/.local/lib/python3.10/site-packages/airflow/example_dags/example_latest_only_with_trigger.py
[2024-04-01T14:12:59.379+0000] {logging_mixin.py:154} INFO - [2024-04-01T14:12:59.379+0000] {dag.py:2941} INFO - Sync 1 DAGs
[2024-04-01T14:12:59.390+0000] {logging_mixin.py:154} INFO - [2024-04-01T14:12:59.390+0000] {dag.py:3722} INFO - Setting next_dagrun for latest_only_with_trigger to 2024-04-01T10:12:59.390640+00:00, run_after=2024-04-01T14:12:59.390640+00:00
[2024-04-01T14:12:59.399+0000] {processor.py:179} INFO - Processing /home/airflow/.local/lib/python3.10/site-packages/airflow/example_dags/example_latest_only_with_trigger.py took 0.039 seconds
[2024-04-01T14:13:30.021+0000] {processor.py:157} INFO - Started process (PID=1375) to work on /home/airflow/.local/lib/python3.10/site-packages/airflow/example_dags/example_latest_only_with_trigger.py
[2024-04-01T14:13:30.022+0000] {processor.py:829} INFO - Processing file /home/airflow/.local/lib/python3.10/site-packages/airflow/example_dags/example_latest_only_with_trigger.py for tasks to queue
[2024-04-01T14:13:30.023+0000] {logging_mixin.py:154} INFO - [2024-04-01T14:13:30.023+0000] {dagbag.py:536} INFO - Filling up the DagBag from /home/airflow/.local/lib/python3.10/site-packages/airflow/example_dags/example_latest_only_with_trigger.py
[2024-04-01T14:13:30.026+0000] {processor.py:839} INFO - DAG(s) dict_keys(['latest_only_with_trigger']) retrieved from /home/airflow/.local/lib/python3.10/site-packages/airflow/example_dags/example_latest_only_with_trigger.py
[2024-04-01T14:13:30.039+0000] {logging_mixin.py:154} INFO - [2024-04-01T14:13:30.039+0000] {dag.py:2941} INFO - Sync 1 DAGs
[2024-04-01T14:13:30.050+0000] {logging_mixin.py:154} INFO - [2024-04-01T14:13:30.050+0000] {dag.py:3722} INFO - Setting next_dagrun for latest_only_with_trigger to 2024-04-01T10:13:30.050304+00:00, run_after=2024-04-01T14:13:30.050304+00:00
[2024-04-01T14:13:30.058+0000] {processor.py:179} INFO - Processing /home/airflow/.local/lib/python3.10/site-packages/airflow/example_dags/example_latest_only_with_trigger.py took 0.039 seconds
[2024-04-01T14:14:00.779+0000] {processor.py:157} INFO - Started process (PID=1429) to work on /home/airflow/.local/lib/python3.10/site-packages/airflow/example_dags/example_latest_only_with_trigger.py
[2024-04-01T14:14:00.780+0000] {processor.py:829} INFO - Processing file /home/airflow/.local/lib/python3.10/site-packages/airflow/example_dags/example_latest_only_with_trigger.py for tasks to queue
[2024-04-01T14:14:00.781+0000] {logging_mixin.py:154} INFO - [2024-04-01T14:14:00.781+0000] {dagbag.py:536} INFO - Filling up the DagBag from /home/airflow/.local/lib/python3.10/site-packages/airflow/example_dags/example_latest_only_with_trigger.py
[2024-04-01T14:14:00.784+0000] {processor.py:839} INFO - DAG(s) dict_keys(['latest_only_with_trigger']) retrieved from /home/airflow/.local/lib/python3.10/site-packages/airflow/example_dags/example_latest_only_with_trigger.py
[2024-04-01T14:14:00.796+0000] {logging_mixin.py:154} INFO - [2024-04-01T14:14:00.796+0000] {dag.py:2941} INFO - Sync 1 DAGs
[2024-04-01T14:14:00.808+0000] {logging_mixin.py:154} INFO - [2024-04-01T14:14:00.808+0000] {dag.py:3722} INFO - Setting next_dagrun for latest_only_with_trigger to 2024-04-01T10:14:00.808716+00:00, run_after=2024-04-01T14:14:00.808716+00:00
[2024-04-01T14:14:00.817+0000] {processor.py:179} INFO - Processing /home/airflow/.local/lib/python3.10/site-packages/airflow/example_dags/example_latest_only_with_trigger.py took 0.040 seconds
