[2024-04-01T14:01:12.526+0000] {processor.py:157} INFO - Started process (PID=40) to work on /home/airflow/.local/lib/python3.10/site-packages/airflow/example_dags/example_xcomargs.py
[2024-04-01T14:01:12.527+0000] {processor.py:829} INFO - Processing file /home/airflow/.local/lib/python3.10/site-packages/airflow/example_dags/example_xcomargs.py for tasks to queue
[2024-04-01T14:01:12.528+0000] {logging_mixin.py:154} INFO - [2024-04-01T14:01:12.528+0000] {dagbag.py:536} INFO - Filling up the DagBag from /home/airflow/.local/lib/python3.10/site-packages/airflow/example_dags/example_xcomargs.py
[2024-04-01T14:01:12.535+0000] {processor.py:839} INFO - DAG(s) dict_keys(['example_xcom_args', 'example_xcom_args_with_operators']) retrieved from /home/airflow/.local/lib/python3.10/site-packages/airflow/example_dags/example_xcomargs.py
[2024-04-01T14:01:12.552+0000] {logging_mixin.py:154} INFO - [2024-04-01T14:01:12.551+0000] {dag.py:2941} INFO - Sync 2 DAGs
[2024-04-01T14:01:12.560+0000] {logging_mixin.py:154} INFO - [2024-04-01T14:01:12.560+0000] {dag.py:3722} INFO - Setting next_dagrun for example_xcom_args to None, run_after=None
[2024-04-01T14:01:12.562+0000] {logging_mixin.py:154} INFO - [2024-04-01T14:01:12.562+0000] {dag.py:3722} INFO - Setting next_dagrun for example_xcom_args_with_operators to None, run_after=None
[2024-04-01T14:01:12.572+0000] {processor.py:179} INFO - Processing /home/airflow/.local/lib/python3.10/site-packages/airflow/example_dags/example_xcomargs.py took 0.047 seconds
[2024-04-01T14:01:43.165+0000] {processor.py:157} INFO - Started process (PID=94) to work on /home/airflow/.local/lib/python3.10/site-packages/airflow/example_dags/example_xcomargs.py
[2024-04-01T14:01:43.165+0000] {processor.py:829} INFO - Processing file /home/airflow/.local/lib/python3.10/site-packages/airflow/example_dags/example_xcomargs.py for tasks to queue
[2024-04-01T14:01:43.166+0000] {logging_mixin.py:154} INFO - [2024-04-01T14:01:43.166+0000] {dagbag.py:536} INFO - Filling up the DagBag from /home/airflow/.local/lib/python3.10/site-packages/airflow/example_dags/example_xcomargs.py
[2024-04-01T14:01:43.171+0000] {processor.py:839} INFO - DAG(s) dict_keys(['example_xcom_args_with_operators', 'example_xcom_args']) retrieved from /home/airflow/.local/lib/python3.10/site-packages/airflow/example_dags/example_xcomargs.py
[2024-04-01T14:01:43.183+0000] {logging_mixin.py:154} INFO - [2024-04-01T14:01:43.183+0000] {dag.py:2941} INFO - Sync 2 DAGs
[2024-04-01T14:01:43.190+0000] {logging_mixin.py:154} INFO - [2024-04-01T14:01:43.190+0000] {dag.py:3722} INFO - Setting next_dagrun for example_xcom_args to None, run_after=None
[2024-04-01T14:01:43.191+0000] {logging_mixin.py:154} INFO - [2024-04-01T14:01:43.191+0000] {dag.py:3722} INFO - Setting next_dagrun for example_xcom_args_with_operators to None, run_after=None
[2024-04-01T14:01:43.199+0000] {processor.py:179} INFO - Processing /home/airflow/.local/lib/python3.10/site-packages/airflow/example_dags/example_xcomargs.py took 0.036 seconds
[2024-04-01T14:02:13.693+0000] {processor.py:157} INFO - Started process (PID=148) to work on /home/airflow/.local/lib/python3.10/site-packages/airflow/example_dags/example_xcomargs.py
[2024-04-01T14:02:13.694+0000] {processor.py:829} INFO - Processing file /home/airflow/.local/lib/python3.10/site-packages/airflow/example_dags/example_xcomargs.py for tasks to queue
[2024-04-01T14:02:13.695+0000] {logging_mixin.py:154} INFO - [2024-04-01T14:02:13.695+0000] {dagbag.py:536} INFO - Filling up the DagBag from /home/airflow/.local/lib/python3.10/site-packages/airflow/example_dags/example_xcomargs.py
[2024-04-01T14:02:13.699+0000] {processor.py:839} INFO - DAG(s) dict_keys(['example_xcom_args_with_operators', 'example_xcom_args']) retrieved from /home/airflow/.local/lib/python3.10/site-packages/airflow/example_dags/example_xcomargs.py
[2024-04-01T14:02:13.711+0000] {logging_mixin.py:154} INFO - [2024-04-01T14:02:13.711+0000] {dag.py:2941} INFO - Sync 2 DAGs
[2024-04-01T14:02:13.718+0000] {logging_mixin.py:154} INFO - [2024-04-01T14:02:13.717+0000] {dag.py:3722} INFO - Setting next_dagrun for example_xcom_args to None, run_after=None
[2024-04-01T14:02:13.719+0000] {logging_mixin.py:154} INFO - [2024-04-01T14:02:13.719+0000] {dag.py:3722} INFO - Setting next_dagrun for example_xcom_args_with_operators to None, run_after=None
[2024-04-01T14:02:13.726+0000] {processor.py:179} INFO - Processing /home/airflow/.local/lib/python3.10/site-packages/airflow/example_dags/example_xcomargs.py took 0.035 seconds
[2024-04-01T14:02:44.312+0000] {processor.py:157} INFO - Started process (PID=202) to work on /home/airflow/.local/lib/python3.10/site-packages/airflow/example_dags/example_xcomargs.py
[2024-04-01T14:02:44.313+0000] {processor.py:829} INFO - Processing file /home/airflow/.local/lib/python3.10/site-packages/airflow/example_dags/example_xcomargs.py for tasks to queue
[2024-04-01T14:02:44.314+0000] {logging_mixin.py:154} INFO - [2024-04-01T14:02:44.314+0000] {dagbag.py:536} INFO - Filling up the DagBag from /home/airflow/.local/lib/python3.10/site-packages/airflow/example_dags/example_xcomargs.py
[2024-04-01T14:02:44.318+0000] {processor.py:839} INFO - DAG(s) dict_keys(['example_xcom_args', 'example_xcom_args_with_operators']) retrieved from /home/airflow/.local/lib/python3.10/site-packages/airflow/example_dags/example_xcomargs.py
[2024-04-01T14:02:44.330+0000] {logging_mixin.py:154} INFO - [2024-04-01T14:02:44.330+0000] {dag.py:2941} INFO - Sync 2 DAGs
[2024-04-01T14:02:44.336+0000] {logging_mixin.py:154} INFO - [2024-04-01T14:02:44.336+0000] {dag.py:3722} INFO - Setting next_dagrun for example_xcom_args to None, run_after=None
[2024-04-01T14:02:44.338+0000] {logging_mixin.py:154} INFO - [2024-04-01T14:02:44.338+0000] {dag.py:3722} INFO - Setting next_dagrun for example_xcom_args_with_operators to None, run_after=None
[2024-04-01T14:02:44.345+0000] {processor.py:179} INFO - Processing /home/airflow/.local/lib/python3.10/site-packages/airflow/example_dags/example_xcomargs.py took 0.035 seconds
[2024-04-01T14:03:14.909+0000] {processor.py:157} INFO - Started process (PID=256) to work on /home/airflow/.local/lib/python3.10/site-packages/airflow/example_dags/example_xcomargs.py
[2024-04-01T14:03:14.910+0000] {processor.py:829} INFO - Processing file /home/airflow/.local/lib/python3.10/site-packages/airflow/example_dags/example_xcomargs.py for tasks to queue
[2024-04-01T14:03:14.911+0000] {logging_mixin.py:154} INFO - [2024-04-01T14:03:14.911+0000] {dagbag.py:536} INFO - Filling up the DagBag from /home/airflow/.local/lib/python3.10/site-packages/airflow/example_dags/example_xcomargs.py
[2024-04-01T14:03:14.916+0000] {processor.py:839} INFO - DAG(s) dict_keys(['example_xcom_args_with_operators', 'example_xcom_args']) retrieved from /home/airflow/.local/lib/python3.10/site-packages/airflow/example_dags/example_xcomargs.py
[2024-04-01T14:03:14.927+0000] {logging_mixin.py:154} INFO - [2024-04-01T14:03:14.927+0000] {dag.py:2941} INFO - Sync 2 DAGs
[2024-04-01T14:03:14.934+0000] {logging_mixin.py:154} INFO - [2024-04-01T14:03:14.934+0000] {dag.py:3722} INFO - Setting next_dagrun for example_xcom_args to None, run_after=None
[2024-04-01T14:03:14.936+0000] {logging_mixin.py:154} INFO - [2024-04-01T14:03:14.936+0000] {dag.py:3722} INFO - Setting next_dagrun for example_xcom_args_with_operators to None, run_after=None
[2024-04-01T14:03:14.943+0000] {processor.py:179} INFO - Processing /home/airflow/.local/lib/python3.10/site-packages/airflow/example_dags/example_xcomargs.py took 0.036 seconds
[2024-04-01T14:03:45.597+0000] {processor.py:157} INFO - Started process (PID=310) to work on /home/airflow/.local/lib/python3.10/site-packages/airflow/example_dags/example_xcomargs.py
[2024-04-01T14:03:45.598+0000] {processor.py:829} INFO - Processing file /home/airflow/.local/lib/python3.10/site-packages/airflow/example_dags/example_xcomargs.py for tasks to queue
[2024-04-01T14:03:45.599+0000] {logging_mixin.py:154} INFO - [2024-04-01T14:03:45.599+0000] {dagbag.py:536} INFO - Filling up the DagBag from /home/airflow/.local/lib/python3.10/site-packages/airflow/example_dags/example_xcomargs.py
[2024-04-01T14:03:45.603+0000] {processor.py:839} INFO - DAG(s) dict_keys(['example_xcom_args_with_operators', 'example_xcom_args']) retrieved from /home/airflow/.local/lib/python3.10/site-packages/airflow/example_dags/example_xcomargs.py
[2024-04-01T14:03:45.615+0000] {logging_mixin.py:154} INFO - [2024-04-01T14:03:45.615+0000] {dag.py:2941} INFO - Sync 2 DAGs
[2024-04-01T14:03:45.622+0000] {logging_mixin.py:154} INFO - [2024-04-01T14:03:45.622+0000] {dag.py:3722} INFO - Setting next_dagrun for example_xcom_args to None, run_after=None
[2024-04-01T14:03:45.623+0000] {logging_mixin.py:154} INFO - [2024-04-01T14:03:45.623+0000] {dag.py:3722} INFO - Setting next_dagrun for example_xcom_args_with_operators to None, run_after=None
[2024-04-01T14:03:45.631+0000] {processor.py:179} INFO - Processing /home/airflow/.local/lib/python3.10/site-packages/airflow/example_dags/example_xcomargs.py took 0.035 seconds
[2024-04-01T14:04:16.353+0000] {processor.py:157} INFO - Started process (PID=364) to work on /home/airflow/.local/lib/python3.10/site-packages/airflow/example_dags/example_xcomargs.py
[2024-04-01T14:04:16.354+0000] {processor.py:829} INFO - Processing file /home/airflow/.local/lib/python3.10/site-packages/airflow/example_dags/example_xcomargs.py for tasks to queue
[2024-04-01T14:04:16.355+0000] {logging_mixin.py:154} INFO - [2024-04-01T14:04:16.355+0000] {dagbag.py:536} INFO - Filling up the DagBag from /home/airflow/.local/lib/python3.10/site-packages/airflow/example_dags/example_xcomargs.py
[2024-04-01T14:04:16.360+0000] {processor.py:839} INFO - DAG(s) dict_keys(['example_xcom_args_with_operators', 'example_xcom_args']) retrieved from /home/airflow/.local/lib/python3.10/site-packages/airflow/example_dags/example_xcomargs.py
[2024-04-01T14:04:16.373+0000] {logging_mixin.py:154} INFO - [2024-04-01T14:04:16.372+0000] {dag.py:2941} INFO - Sync 2 DAGs
[2024-04-01T14:04:16.380+0000] {logging_mixin.py:154} INFO - [2024-04-01T14:04:16.380+0000] {dag.py:3722} INFO - Setting next_dagrun for example_xcom_args to None, run_after=None
[2024-04-01T14:04:16.381+0000] {logging_mixin.py:154} INFO - [2024-04-01T14:04:16.381+0000] {dag.py:3722} INFO - Setting next_dagrun for example_xcom_args_with_operators to None, run_after=None
[2024-04-01T14:04:16.389+0000] {processor.py:179} INFO - Processing /home/airflow/.local/lib/python3.10/site-packages/airflow/example_dags/example_xcomargs.py took 0.037 seconds
[2024-04-01T14:04:47.125+0000] {processor.py:157} INFO - Started process (PID=418) to work on /home/airflow/.local/lib/python3.10/site-packages/airflow/example_dags/example_xcomargs.py
[2024-04-01T14:04:47.125+0000] {processor.py:829} INFO - Processing file /home/airflow/.local/lib/python3.10/site-packages/airflow/example_dags/example_xcomargs.py for tasks to queue
[2024-04-01T14:04:47.126+0000] {logging_mixin.py:154} INFO - [2024-04-01T14:04:47.126+0000] {dagbag.py:536} INFO - Filling up the DagBag from /home/airflow/.local/lib/python3.10/site-packages/airflow/example_dags/example_xcomargs.py
[2024-04-01T14:04:47.131+0000] {processor.py:839} INFO - DAG(s) dict_keys(['example_xcom_args_with_operators', 'example_xcom_args']) retrieved from /home/airflow/.local/lib/python3.10/site-packages/airflow/example_dags/example_xcomargs.py
[2024-04-01T14:04:47.143+0000] {logging_mixin.py:154} INFO - [2024-04-01T14:04:47.143+0000] {dag.py:2941} INFO - Sync 2 DAGs
[2024-04-01T14:04:47.150+0000] {logging_mixin.py:154} INFO - [2024-04-01T14:04:47.150+0000] {dag.py:3722} INFO - Setting next_dagrun for example_xcom_args to None, run_after=None
[2024-04-01T14:04:47.151+0000] {logging_mixin.py:154} INFO - [2024-04-01T14:04:47.151+0000] {dag.py:3722} INFO - Setting next_dagrun for example_xcom_args_with_operators to None, run_after=None
[2024-04-01T14:04:47.159+0000] {processor.py:179} INFO - Processing /home/airflow/.local/lib/python3.10/site-packages/airflow/example_dags/example_xcomargs.py took 0.036 seconds
[2024-04-01T14:05:17.712+0000] {processor.py:157} INFO - Started process (PID=472) to work on /home/airflow/.local/lib/python3.10/site-packages/airflow/example_dags/example_xcomargs.py
[2024-04-01T14:05:17.712+0000] {processor.py:829} INFO - Processing file /home/airflow/.local/lib/python3.10/site-packages/airflow/example_dags/example_xcomargs.py for tasks to queue
[2024-04-01T14:05:17.713+0000] {logging_mixin.py:154} INFO - [2024-04-01T14:05:17.713+0000] {dagbag.py:536} INFO - Filling up the DagBag from /home/airflow/.local/lib/python3.10/site-packages/airflow/example_dags/example_xcomargs.py
[2024-04-01T14:05:17.718+0000] {processor.py:839} INFO - DAG(s) dict_keys(['example_xcom_args', 'example_xcom_args_with_operators']) retrieved from /home/airflow/.local/lib/python3.10/site-packages/airflow/example_dags/example_xcomargs.py
[2024-04-01T14:05:17.730+0000] {logging_mixin.py:154} INFO - [2024-04-01T14:05:17.730+0000] {dag.py:2941} INFO - Sync 2 DAGs
[2024-04-01T14:05:17.737+0000] {logging_mixin.py:154} INFO - [2024-04-01T14:05:17.737+0000] {dag.py:3722} INFO - Setting next_dagrun for example_xcom_args to None, run_after=None
[2024-04-01T14:05:17.738+0000] {logging_mixin.py:154} INFO - [2024-04-01T14:05:17.738+0000] {dag.py:3722} INFO - Setting next_dagrun for example_xcom_args_with_operators to None, run_after=None
[2024-04-01T14:05:17.746+0000] {processor.py:179} INFO - Processing /home/airflow/.local/lib/python3.10/site-packages/airflow/example_dags/example_xcomargs.py took 0.036 seconds
[2024-04-01T14:05:48.346+0000] {processor.py:157} INFO - Started process (PID=526) to work on /home/airflow/.local/lib/python3.10/site-packages/airflow/example_dags/example_xcomargs.py
[2024-04-01T14:05:48.346+0000] {processor.py:829} INFO - Processing file /home/airflow/.local/lib/python3.10/site-packages/airflow/example_dags/example_xcomargs.py for tasks to queue
[2024-04-01T14:05:48.347+0000] {logging_mixin.py:154} INFO - [2024-04-01T14:05:48.347+0000] {dagbag.py:536} INFO - Filling up the DagBag from /home/airflow/.local/lib/python3.10/site-packages/airflow/example_dags/example_xcomargs.py
[2024-04-01T14:05:48.352+0000] {processor.py:839} INFO - DAG(s) dict_keys(['example_xcom_args', 'example_xcom_args_with_operators']) retrieved from /home/airflow/.local/lib/python3.10/site-packages/airflow/example_dags/example_xcomargs.py
[2024-04-01T14:05:48.364+0000] {logging_mixin.py:154} INFO - [2024-04-01T14:05:48.364+0000] {dag.py:2941} INFO - Sync 2 DAGs
[2024-04-01T14:05:48.371+0000] {logging_mixin.py:154} INFO - [2024-04-01T14:05:48.371+0000] {dag.py:3722} INFO - Setting next_dagrun for example_xcom_args to None, run_after=None
[2024-04-01T14:05:48.373+0000] {logging_mixin.py:154} INFO - [2024-04-01T14:05:48.372+0000] {dag.py:3722} INFO - Setting next_dagrun for example_xcom_args_with_operators to None, run_after=None
[2024-04-01T14:05:48.380+0000] {processor.py:179} INFO - Processing /home/airflow/.local/lib/python3.10/site-packages/airflow/example_dags/example_xcomargs.py took 0.036 seconds
[2024-04-01T14:06:19.083+0000] {processor.py:157} INFO - Started process (PID=580) to work on /home/airflow/.local/lib/python3.10/site-packages/airflow/example_dags/example_xcomargs.py
[2024-04-01T14:06:19.083+0000] {processor.py:829} INFO - Processing file /home/airflow/.local/lib/python3.10/site-packages/airflow/example_dags/example_xcomargs.py for tasks to queue
[2024-04-01T14:06:19.085+0000] {logging_mixin.py:154} INFO - [2024-04-01T14:06:19.084+0000] {dagbag.py:536} INFO - Filling up the DagBag from /home/airflow/.local/lib/python3.10/site-packages/airflow/example_dags/example_xcomargs.py
[2024-04-01T14:06:19.089+0000] {processor.py:839} INFO - DAG(s) dict_keys(['example_xcom_args', 'example_xcom_args_with_operators']) retrieved from /home/airflow/.local/lib/python3.10/site-packages/airflow/example_dags/example_xcomargs.py
[2024-04-01T14:06:19.102+0000] {logging_mixin.py:154} INFO - [2024-04-01T14:06:19.102+0000] {dag.py:2941} INFO - Sync 2 DAGs
[2024-04-01T14:06:19.109+0000] {logging_mixin.py:154} INFO - [2024-04-01T14:06:19.109+0000] {dag.py:3722} INFO - Setting next_dagrun for example_xcom_args to None, run_after=None
[2024-04-01T14:06:19.111+0000] {logging_mixin.py:154} INFO - [2024-04-01T14:06:19.111+0000] {dag.py:3722} INFO - Setting next_dagrun for example_xcom_args_with_operators to None, run_after=None
[2024-04-01T14:06:19.118+0000] {processor.py:179} INFO - Processing /home/airflow/.local/lib/python3.10/site-packages/airflow/example_dags/example_xcomargs.py took 0.037 seconds
[2024-04-01T14:06:49.677+0000] {processor.py:157} INFO - Started process (PID=634) to work on /home/airflow/.local/lib/python3.10/site-packages/airflow/example_dags/example_xcomargs.py
[2024-04-01T14:06:49.677+0000] {processor.py:829} INFO - Processing file /home/airflow/.local/lib/python3.10/site-packages/airflow/example_dags/example_xcomargs.py for tasks to queue
[2024-04-01T14:06:49.678+0000] {logging_mixin.py:154} INFO - [2024-04-01T14:06:49.678+0000] {dagbag.py:536} INFO - Filling up the DagBag from /home/airflow/.local/lib/python3.10/site-packages/airflow/example_dags/example_xcomargs.py
[2024-04-01T14:06:49.683+0000] {processor.py:839} INFO - DAG(s) dict_keys(['example_xcom_args', 'example_xcom_args_with_operators']) retrieved from /home/airflow/.local/lib/python3.10/site-packages/airflow/example_dags/example_xcomargs.py
[2024-04-01T14:06:49.695+0000] {logging_mixin.py:154} INFO - [2024-04-01T14:06:49.695+0000] {dag.py:2941} INFO - Sync 2 DAGs
[2024-04-01T14:06:49.702+0000] {logging_mixin.py:154} INFO - [2024-04-01T14:06:49.702+0000] {dag.py:3722} INFO - Setting next_dagrun for example_xcom_args to None, run_after=None
[2024-04-01T14:06:49.704+0000] {logging_mixin.py:154} INFO - [2024-04-01T14:06:49.704+0000] {dag.py:3722} INFO - Setting next_dagrun for example_xcom_args_with_operators to None, run_after=None
[2024-04-01T14:06:49.712+0000] {processor.py:179} INFO - Processing /home/airflow/.local/lib/python3.10/site-packages/airflow/example_dags/example_xcomargs.py took 0.037 seconds
[2024-04-01T14:07:20.440+0000] {processor.py:157} INFO - Started process (PID=688) to work on /home/airflow/.local/lib/python3.10/site-packages/airflow/example_dags/example_xcomargs.py
[2024-04-01T14:07:20.441+0000] {processor.py:829} INFO - Processing file /home/airflow/.local/lib/python3.10/site-packages/airflow/example_dags/example_xcomargs.py for tasks to queue
[2024-04-01T14:07:20.442+0000] {logging_mixin.py:154} INFO - [2024-04-01T14:07:20.442+0000] {dagbag.py:536} INFO - Filling up the DagBag from /home/airflow/.local/lib/python3.10/site-packages/airflow/example_dags/example_xcomargs.py
[2024-04-01T14:07:20.447+0000] {processor.py:839} INFO - DAG(s) dict_keys(['example_xcom_args_with_operators', 'example_xcom_args']) retrieved from /home/airflow/.local/lib/python3.10/site-packages/airflow/example_dags/example_xcomargs.py
[2024-04-01T14:07:20.458+0000] {logging_mixin.py:154} INFO - [2024-04-01T14:07:20.458+0000] {dag.py:2941} INFO - Sync 2 DAGs
[2024-04-01T14:07:20.465+0000] {logging_mixin.py:154} INFO - [2024-04-01T14:07:20.465+0000] {dag.py:3722} INFO - Setting next_dagrun for example_xcom_args to None, run_after=None
[2024-04-01T14:07:20.467+0000] {logging_mixin.py:154} INFO - [2024-04-01T14:07:20.467+0000] {dag.py:3722} INFO - Setting next_dagrun for example_xcom_args_with_operators to None, run_after=None
[2024-04-01T14:07:20.475+0000] {processor.py:179} INFO - Processing /home/airflow/.local/lib/python3.10/site-packages/airflow/example_dags/example_xcomargs.py took 0.036 seconds
[2024-04-01T14:07:51.090+0000] {processor.py:157} INFO - Started process (PID=742) to work on /home/airflow/.local/lib/python3.10/site-packages/airflow/example_dags/example_xcomargs.py
[2024-04-01T14:07:51.090+0000] {processor.py:829} INFO - Processing file /home/airflow/.local/lib/python3.10/site-packages/airflow/example_dags/example_xcomargs.py for tasks to queue
[2024-04-01T14:07:51.091+0000] {logging_mixin.py:154} INFO - [2024-04-01T14:07:51.091+0000] {dagbag.py:536} INFO - Filling up the DagBag from /home/airflow/.local/lib/python3.10/site-packages/airflow/example_dags/example_xcomargs.py
[2024-04-01T14:07:51.096+0000] {processor.py:839} INFO - DAG(s) dict_keys(['example_xcom_args_with_operators', 'example_xcom_args']) retrieved from /home/airflow/.local/lib/python3.10/site-packages/airflow/example_dags/example_xcomargs.py
[2024-04-01T14:07:51.108+0000] {logging_mixin.py:154} INFO - [2024-04-01T14:07:51.108+0000] {dag.py:2941} INFO - Sync 2 DAGs
[2024-04-01T14:07:51.115+0000] {logging_mixin.py:154} INFO - [2024-04-01T14:07:51.115+0000] {dag.py:3722} INFO - Setting next_dagrun for example_xcom_args to None, run_after=None
[2024-04-01T14:07:51.116+0000] {logging_mixin.py:154} INFO - [2024-04-01T14:07:51.116+0000] {dag.py:3722} INFO - Setting next_dagrun for example_xcom_args_with_operators to None, run_after=None
[2024-04-01T14:07:51.124+0000] {processor.py:179} INFO - Processing /home/airflow/.local/lib/python3.10/site-packages/airflow/example_dags/example_xcomargs.py took 0.036 seconds
[2024-04-01T14:08:21.665+0000] {processor.py:157} INFO - Started process (PID=796) to work on /home/airflow/.local/lib/python3.10/site-packages/airflow/example_dags/example_xcomargs.py
[2024-04-01T14:08:21.666+0000] {processor.py:829} INFO - Processing file /home/airflow/.local/lib/python3.10/site-packages/airflow/example_dags/example_xcomargs.py for tasks to queue
[2024-04-01T14:08:21.667+0000] {logging_mixin.py:154} INFO - [2024-04-01T14:08:21.667+0000] {dagbag.py:536} INFO - Filling up the DagBag from /home/airflow/.local/lib/python3.10/site-packages/airflow/example_dags/example_xcomargs.py
[2024-04-01T14:08:21.671+0000] {processor.py:839} INFO - DAG(s) dict_keys(['example_xcom_args_with_operators', 'example_xcom_args']) retrieved from /home/airflow/.local/lib/python3.10/site-packages/airflow/example_dags/example_xcomargs.py
[2024-04-01T14:08:21.686+0000] {logging_mixin.py:154} INFO - [2024-04-01T14:08:21.686+0000] {dag.py:2941} INFO - Sync 2 DAGs
[2024-04-01T14:08:21.694+0000] {logging_mixin.py:154} INFO - [2024-04-01T14:08:21.694+0000] {dag.py:3722} INFO - Setting next_dagrun for example_xcom_args to None, run_after=None
[2024-04-01T14:08:21.696+0000] {logging_mixin.py:154} INFO - [2024-04-01T14:08:21.696+0000] {dag.py:3722} INFO - Setting next_dagrun for example_xcom_args_with_operators to None, run_after=None
[2024-04-01T14:08:21.704+0000] {processor.py:179} INFO - Processing /home/airflow/.local/lib/python3.10/site-packages/airflow/example_dags/example_xcomargs.py took 0.041 seconds
[2024-04-01T14:08:52.288+0000] {processor.py:157} INFO - Started process (PID=850) to work on /home/airflow/.local/lib/python3.10/site-packages/airflow/example_dags/example_xcomargs.py
[2024-04-01T14:08:52.288+0000] {processor.py:829} INFO - Processing file /home/airflow/.local/lib/python3.10/site-packages/airflow/example_dags/example_xcomargs.py for tasks to queue
[2024-04-01T14:08:52.289+0000] {logging_mixin.py:154} INFO - [2024-04-01T14:08:52.289+0000] {dagbag.py:536} INFO - Filling up the DagBag from /home/airflow/.local/lib/python3.10/site-packages/airflow/example_dags/example_xcomargs.py
[2024-04-01T14:08:52.294+0000] {processor.py:839} INFO - DAG(s) dict_keys(['example_xcom_args', 'example_xcom_args_with_operators']) retrieved from /home/airflow/.local/lib/python3.10/site-packages/airflow/example_dags/example_xcomargs.py
[2024-04-01T14:08:52.308+0000] {logging_mixin.py:154} INFO - [2024-04-01T14:08:52.308+0000] {dag.py:2941} INFO - Sync 2 DAGs
[2024-04-01T14:08:52.315+0000] {logging_mixin.py:154} INFO - [2024-04-01T14:08:52.315+0000] {dag.py:3722} INFO - Setting next_dagrun for example_xcom_args to None, run_after=None
[2024-04-01T14:08:52.316+0000] {logging_mixin.py:154} INFO - [2024-04-01T14:08:52.316+0000] {dag.py:3722} INFO - Setting next_dagrun for example_xcom_args_with_operators to None, run_after=None
[2024-04-01T14:08:52.324+0000] {processor.py:179} INFO - Processing /home/airflow/.local/lib/python3.10/site-packages/airflow/example_dags/example_xcomargs.py took 0.038 seconds
[2024-04-01T14:09:23.078+0000] {processor.py:157} INFO - Started process (PID=904) to work on /home/airflow/.local/lib/python3.10/site-packages/airflow/example_dags/example_xcomargs.py
[2024-04-01T14:09:23.078+0000] {processor.py:829} INFO - Processing file /home/airflow/.local/lib/python3.10/site-packages/airflow/example_dags/example_xcomargs.py for tasks to queue
[2024-04-01T14:09:23.079+0000] {logging_mixin.py:154} INFO - [2024-04-01T14:09:23.079+0000] {dagbag.py:536} INFO - Filling up the DagBag from /home/airflow/.local/lib/python3.10/site-packages/airflow/example_dags/example_xcomargs.py
[2024-04-01T14:09:23.084+0000] {processor.py:839} INFO - DAG(s) dict_keys(['example_xcom_args_with_operators', 'example_xcom_args']) retrieved from /home/airflow/.local/lib/python3.10/site-packages/airflow/example_dags/example_xcomargs.py
[2024-04-01T14:09:23.097+0000] {logging_mixin.py:154} INFO - [2024-04-01T14:09:23.097+0000] {dag.py:2941} INFO - Sync 2 DAGs
[2024-04-01T14:09:23.104+0000] {logging_mixin.py:154} INFO - [2024-04-01T14:09:23.104+0000] {dag.py:3722} INFO - Setting next_dagrun for example_xcom_args to None, run_after=None
[2024-04-01T14:09:23.105+0000] {logging_mixin.py:154} INFO - [2024-04-01T14:09:23.105+0000] {dag.py:3722} INFO - Setting next_dagrun for example_xcom_args_with_operators to None, run_after=None
[2024-04-01T14:09:23.113+0000] {processor.py:179} INFO - Processing /home/airflow/.local/lib/python3.10/site-packages/airflow/example_dags/example_xcomargs.py took 0.037 seconds
[2024-04-01T14:09:53.772+0000] {processor.py:157} INFO - Started process (PID=958) to work on /home/airflow/.local/lib/python3.10/site-packages/airflow/example_dags/example_xcomargs.py
[2024-04-01T14:09:53.773+0000] {processor.py:829} INFO - Processing file /home/airflow/.local/lib/python3.10/site-packages/airflow/example_dags/example_xcomargs.py for tasks to queue
[2024-04-01T14:09:53.774+0000] {logging_mixin.py:154} INFO - [2024-04-01T14:09:53.774+0000] {dagbag.py:536} INFO - Filling up the DagBag from /home/airflow/.local/lib/python3.10/site-packages/airflow/example_dags/example_xcomargs.py
[2024-04-01T14:09:53.778+0000] {processor.py:839} INFO - DAG(s) dict_keys(['example_xcom_args', 'example_xcom_args_with_operators']) retrieved from /home/airflow/.local/lib/python3.10/site-packages/airflow/example_dags/example_xcomargs.py
[2024-04-01T14:09:53.790+0000] {logging_mixin.py:154} INFO - [2024-04-01T14:09:53.790+0000] {dag.py:2941} INFO - Sync 2 DAGs
[2024-04-01T14:09:53.797+0000] {logging_mixin.py:154} INFO - [2024-04-01T14:09:53.797+0000] {dag.py:3722} INFO - Setting next_dagrun for example_xcom_args to None, run_after=None
[2024-04-01T14:09:53.799+0000] {logging_mixin.py:154} INFO - [2024-04-01T14:09:53.799+0000] {dag.py:3722} INFO - Setting next_dagrun for example_xcom_args_with_operators to None, run_after=None
[2024-04-01T14:09:53.806+0000] {processor.py:179} INFO - Processing /home/airflow/.local/lib/python3.10/site-packages/airflow/example_dags/example_xcomargs.py took 0.036 seconds
[2024-04-01T14:10:24.428+0000] {processor.py:157} INFO - Started process (PID=1012) to work on /home/airflow/.local/lib/python3.10/site-packages/airflow/example_dags/example_xcomargs.py
[2024-04-01T14:10:24.428+0000] {processor.py:829} INFO - Processing file /home/airflow/.local/lib/python3.10/site-packages/airflow/example_dags/example_xcomargs.py for tasks to queue
[2024-04-01T14:10:24.429+0000] {logging_mixin.py:154} INFO - [2024-04-01T14:10:24.429+0000] {dagbag.py:536} INFO - Filling up the DagBag from /home/airflow/.local/lib/python3.10/site-packages/airflow/example_dags/example_xcomargs.py
[2024-04-01T14:10:24.433+0000] {processor.py:839} INFO - DAG(s) dict_keys(['example_xcom_args', 'example_xcom_args_with_operators']) retrieved from /home/airflow/.local/lib/python3.10/site-packages/airflow/example_dags/example_xcomargs.py
[2024-04-01T14:10:24.445+0000] {logging_mixin.py:154} INFO - [2024-04-01T14:10:24.445+0000] {dag.py:2941} INFO - Sync 2 DAGs
[2024-04-01T14:10:24.452+0000] {logging_mixin.py:154} INFO - [2024-04-01T14:10:24.452+0000] {dag.py:3722} INFO - Setting next_dagrun for example_xcom_args to None, run_after=None
[2024-04-01T14:10:24.454+0000] {logging_mixin.py:154} INFO - [2024-04-01T14:10:24.454+0000] {dag.py:3722} INFO - Setting next_dagrun for example_xcom_args_with_operators to None, run_after=None
[2024-04-01T14:10:24.462+0000] {processor.py:179} INFO - Processing /home/airflow/.local/lib/python3.10/site-packages/airflow/example_dags/example_xcomargs.py took 0.036 seconds
[2024-04-01T14:10:55.059+0000] {processor.py:157} INFO - Started process (PID=1066) to work on /home/airflow/.local/lib/python3.10/site-packages/airflow/example_dags/example_xcomargs.py
[2024-04-01T14:10:55.060+0000] {processor.py:829} INFO - Processing file /home/airflow/.local/lib/python3.10/site-packages/airflow/example_dags/example_xcomargs.py for tasks to queue
[2024-04-01T14:10:55.061+0000] {logging_mixin.py:154} INFO - [2024-04-01T14:10:55.061+0000] {dagbag.py:536} INFO - Filling up the DagBag from /home/airflow/.local/lib/python3.10/site-packages/airflow/example_dags/example_xcomargs.py
[2024-04-01T14:10:55.065+0000] {processor.py:839} INFO - DAG(s) dict_keys(['example_xcom_args_with_operators', 'example_xcom_args']) retrieved from /home/airflow/.local/lib/python3.10/site-packages/airflow/example_dags/example_xcomargs.py
[2024-04-01T14:10:55.077+0000] {logging_mixin.py:154} INFO - [2024-04-01T14:10:55.077+0000] {dag.py:2941} INFO - Sync 2 DAGs
[2024-04-01T14:10:55.084+0000] {logging_mixin.py:154} INFO - [2024-04-01T14:10:55.084+0000] {dag.py:3722} INFO - Setting next_dagrun for example_xcom_args to None, run_after=None
[2024-04-01T14:10:55.086+0000] {logging_mixin.py:154} INFO - [2024-04-01T14:10:55.086+0000] {dag.py:3722} INFO - Setting next_dagrun for example_xcom_args_with_operators to None, run_after=None
[2024-04-01T14:10:55.093+0000] {processor.py:179} INFO - Processing /home/airflow/.local/lib/python3.10/site-packages/airflow/example_dags/example_xcomargs.py took 0.036 seconds
[2024-04-01T14:11:25.757+0000] {processor.py:157} INFO - Started process (PID=1120) to work on /home/airflow/.local/lib/python3.10/site-packages/airflow/example_dags/example_xcomargs.py
[2024-04-01T14:11:25.758+0000] {processor.py:829} INFO - Processing file /home/airflow/.local/lib/python3.10/site-packages/airflow/example_dags/example_xcomargs.py for tasks to queue
[2024-04-01T14:11:25.759+0000] {logging_mixin.py:154} INFO - [2024-04-01T14:11:25.759+0000] {dagbag.py:536} INFO - Filling up the DagBag from /home/airflow/.local/lib/python3.10/site-packages/airflow/example_dags/example_xcomargs.py
[2024-04-01T14:11:25.763+0000] {processor.py:839} INFO - DAG(s) dict_keys(['example_xcom_args', 'example_xcom_args_with_operators']) retrieved from /home/airflow/.local/lib/python3.10/site-packages/airflow/example_dags/example_xcomargs.py
[2024-04-01T14:11:25.775+0000] {logging_mixin.py:154} INFO - [2024-04-01T14:11:25.775+0000] {dag.py:2941} INFO - Sync 2 DAGs
[2024-04-01T14:11:25.782+0000] {logging_mixin.py:154} INFO - [2024-04-01T14:11:25.782+0000] {dag.py:3722} INFO - Setting next_dagrun for example_xcom_args to None, run_after=None
[2024-04-01T14:11:25.784+0000] {logging_mixin.py:154} INFO - [2024-04-01T14:11:25.784+0000] {dag.py:3722} INFO - Setting next_dagrun for example_xcom_args_with_operators to None, run_after=None
[2024-04-01T14:11:25.792+0000] {processor.py:179} INFO - Processing /home/airflow/.local/lib/python3.10/site-packages/airflow/example_dags/example_xcomargs.py took 0.036 seconds
[2024-04-01T14:11:56.454+0000] {processor.py:157} INFO - Started process (PID=1174) to work on /home/airflow/.local/lib/python3.10/site-packages/airflow/example_dags/example_xcomargs.py
[2024-04-01T14:11:56.454+0000] {processor.py:829} INFO - Processing file /home/airflow/.local/lib/python3.10/site-packages/airflow/example_dags/example_xcomargs.py for tasks to queue
[2024-04-01T14:11:56.455+0000] {logging_mixin.py:154} INFO - [2024-04-01T14:11:56.455+0000] {dagbag.py:536} INFO - Filling up the DagBag from /home/airflow/.local/lib/python3.10/site-packages/airflow/example_dags/example_xcomargs.py
[2024-04-01T14:11:56.460+0000] {processor.py:839} INFO - DAG(s) dict_keys(['example_xcom_args_with_operators', 'example_xcom_args']) retrieved from /home/airflow/.local/lib/python3.10/site-packages/airflow/example_dags/example_xcomargs.py
[2024-04-01T14:11:56.472+0000] {logging_mixin.py:154} INFO - [2024-04-01T14:11:56.472+0000] {dag.py:2941} INFO - Sync 2 DAGs
[2024-04-01T14:11:56.479+0000] {logging_mixin.py:154} INFO - [2024-04-01T14:11:56.479+0000] {dag.py:3722} INFO - Setting next_dagrun for example_xcom_args to None, run_after=None
[2024-04-01T14:11:56.480+0000] {logging_mixin.py:154} INFO - [2024-04-01T14:11:56.480+0000] {dag.py:3722} INFO - Setting next_dagrun for example_xcom_args_with_operators to None, run_after=None
[2024-04-01T14:11:56.487+0000] {processor.py:179} INFO - Processing /home/airflow/.local/lib/python3.10/site-packages/airflow/example_dags/example_xcomargs.py took 0.036 seconds
[2024-04-01T14:12:27.207+0000] {processor.py:157} INFO - Started process (PID=1228) to work on /home/airflow/.local/lib/python3.10/site-packages/airflow/example_dags/example_xcomargs.py
[2024-04-01T14:12:27.208+0000] {processor.py:829} INFO - Processing file /home/airflow/.local/lib/python3.10/site-packages/airflow/example_dags/example_xcomargs.py for tasks to queue
[2024-04-01T14:12:27.209+0000] {logging_mixin.py:154} INFO - [2024-04-01T14:12:27.209+0000] {dagbag.py:536} INFO - Filling up the DagBag from /home/airflow/.local/lib/python3.10/site-packages/airflow/example_dags/example_xcomargs.py
[2024-04-01T14:12:27.214+0000] {processor.py:839} INFO - DAG(s) dict_keys(['example_xcom_args', 'example_xcom_args_with_operators']) retrieved from /home/airflow/.local/lib/python3.10/site-packages/airflow/example_dags/example_xcomargs.py
[2024-04-01T14:12:27.227+0000] {logging_mixin.py:154} INFO - [2024-04-01T14:12:27.227+0000] {dag.py:2941} INFO - Sync 2 DAGs
[2024-04-01T14:12:27.235+0000] {logging_mixin.py:154} INFO - [2024-04-01T14:12:27.235+0000] {dag.py:3722} INFO - Setting next_dagrun for example_xcom_args to None, run_after=None
[2024-04-01T14:12:27.236+0000] {logging_mixin.py:154} INFO - [2024-04-01T14:12:27.236+0000] {dag.py:3722} INFO - Setting next_dagrun for example_xcom_args_with_operators to None, run_after=None
[2024-04-01T14:12:27.243+0000] {processor.py:179} INFO - Processing /home/airflow/.local/lib/python3.10/site-packages/airflow/example_dags/example_xcomargs.py took 0.038 seconds
[2024-04-01T14:12:57.886+0000] {processor.py:157} INFO - Started process (PID=1282) to work on /home/airflow/.local/lib/python3.10/site-packages/airflow/example_dags/example_xcomargs.py
[2024-04-01T14:12:57.887+0000] {processor.py:829} INFO - Processing file /home/airflow/.local/lib/python3.10/site-packages/airflow/example_dags/example_xcomargs.py for tasks to queue
[2024-04-01T14:12:57.888+0000] {logging_mixin.py:154} INFO - [2024-04-01T14:12:57.888+0000] {dagbag.py:536} INFO - Filling up the DagBag from /home/airflow/.local/lib/python3.10/site-packages/airflow/example_dags/example_xcomargs.py
[2024-04-01T14:12:57.892+0000] {processor.py:839} INFO - DAG(s) dict_keys(['example_xcom_args', 'example_xcom_args_with_operators']) retrieved from /home/airflow/.local/lib/python3.10/site-packages/airflow/example_dags/example_xcomargs.py
[2024-04-01T14:12:57.905+0000] {logging_mixin.py:154} INFO - [2024-04-01T14:12:57.905+0000] {dag.py:2941} INFO - Sync 2 DAGs
[2024-04-01T14:12:57.912+0000] {logging_mixin.py:154} INFO - [2024-04-01T14:12:57.912+0000] {dag.py:3722} INFO - Setting next_dagrun for example_xcom_args to None, run_after=None
[2024-04-01T14:12:57.913+0000] {logging_mixin.py:154} INFO - [2024-04-01T14:12:57.913+0000] {dag.py:3722} INFO - Setting next_dagrun for example_xcom_args_with_operators to None, run_after=None
[2024-04-01T14:12:57.921+0000] {processor.py:179} INFO - Processing /home/airflow/.local/lib/python3.10/site-packages/airflow/example_dags/example_xcomargs.py took 0.036 seconds
[2024-04-01T14:13:28.645+0000] {processor.py:157} INFO - Started process (PID=1336) to work on /home/airflow/.local/lib/python3.10/site-packages/airflow/example_dags/example_xcomargs.py
[2024-04-01T14:13:28.645+0000] {processor.py:829} INFO - Processing file /home/airflow/.local/lib/python3.10/site-packages/airflow/example_dags/example_xcomargs.py for tasks to queue
[2024-04-01T14:13:28.646+0000] {logging_mixin.py:154} INFO - [2024-04-01T14:13:28.646+0000] {dagbag.py:536} INFO - Filling up the DagBag from /home/airflow/.local/lib/python3.10/site-packages/airflow/example_dags/example_xcomargs.py
[2024-04-01T14:13:28.651+0000] {processor.py:839} INFO - DAG(s) dict_keys(['example_xcom_args', 'example_xcom_args_with_operators']) retrieved from /home/airflow/.local/lib/python3.10/site-packages/airflow/example_dags/example_xcomargs.py
[2024-04-01T14:13:28.663+0000] {logging_mixin.py:154} INFO - [2024-04-01T14:13:28.663+0000] {dag.py:2941} INFO - Sync 2 DAGs
[2024-04-01T14:13:28.670+0000] {logging_mixin.py:154} INFO - [2024-04-01T14:13:28.670+0000] {dag.py:3722} INFO - Setting next_dagrun for example_xcom_args to None, run_after=None
[2024-04-01T14:13:28.671+0000] {logging_mixin.py:154} INFO - [2024-04-01T14:13:28.671+0000] {dag.py:3722} INFO - Setting next_dagrun for example_xcom_args_with_operators to None, run_after=None
[2024-04-01T14:13:28.679+0000] {processor.py:179} INFO - Processing /home/airflow/.local/lib/python3.10/site-packages/airflow/example_dags/example_xcomargs.py took 0.036 seconds
[2024-04-01T14:13:59.347+0000] {processor.py:157} INFO - Started process (PID=1390) to work on /home/airflow/.local/lib/python3.10/site-packages/airflow/example_dags/example_xcomargs.py
[2024-04-01T14:13:59.348+0000] {processor.py:829} INFO - Processing file /home/airflow/.local/lib/python3.10/site-packages/airflow/example_dags/example_xcomargs.py for tasks to queue
[2024-04-01T14:13:59.349+0000] {logging_mixin.py:154} INFO - [2024-04-01T14:13:59.349+0000] {dagbag.py:536} INFO - Filling up the DagBag from /home/airflow/.local/lib/python3.10/site-packages/airflow/example_dags/example_xcomargs.py
[2024-04-01T14:13:59.354+0000] {processor.py:839} INFO - DAG(s) dict_keys(['example_xcom_args_with_operators', 'example_xcom_args']) retrieved from /home/airflow/.local/lib/python3.10/site-packages/airflow/example_dags/example_xcomargs.py
[2024-04-01T14:13:59.366+0000] {logging_mixin.py:154} INFO - [2024-04-01T14:13:59.366+0000] {dag.py:2941} INFO - Sync 2 DAGs
[2024-04-01T14:13:59.372+0000] {logging_mixin.py:154} INFO - [2024-04-01T14:13:59.372+0000] {dag.py:3722} INFO - Setting next_dagrun for example_xcom_args to None, run_after=None
[2024-04-01T14:13:59.374+0000] {logging_mixin.py:154} INFO - [2024-04-01T14:13:59.374+0000] {dag.py:3722} INFO - Setting next_dagrun for example_xcom_args_with_operators to None, run_after=None
[2024-04-01T14:13:59.381+0000] {processor.py:179} INFO - Processing /home/airflow/.local/lib/python3.10/site-packages/airflow/example_dags/example_xcomargs.py took 0.036 seconds
