[2024-04-01T14:01:13.659+0000] {processor.py:157} INFO - Started process (PID=72) to work on /home/airflow/.local/lib/python3.10/site-packages/airflow/example_dags/tutorial.py
[2024-04-01T14:01:13.659+0000] {processor.py:829} INFO - Processing file /home/airflow/.local/lib/python3.10/site-packages/airflow/example_dags/tutorial.py for tasks to queue
[2024-04-01T14:01:13.660+0000] {logging_mixin.py:154} INFO - [2024-04-01T14:01:13.660+0000] {dagbag.py:536} INFO - Filling up the DagBag from /home/airflow/.local/lib/python3.10/site-packages/airflow/example_dags/tutorial.py
[2024-04-01T14:01:13.664+0000] {processor.py:839} INFO - DAG(s) dict_keys(['tutorial']) retrieved from /home/airflow/.local/lib/python3.10/site-packages/airflow/example_dags/tutorial.py
[2024-04-01T14:01:13.672+0000] {logging_mixin.py:154} INFO - [2024-04-01T14:01:13.672+0000] {dag.py:2941} INFO - Sync 1 DAGs
[2024-04-01T14:01:13.685+0000] {logging_mixin.py:154} INFO - [2024-04-01T14:01:13.685+0000] {dag.py:3722} INFO - Setting next_dagrun for tutorial to 2024-03-31T14:01:13.685039+00:00, run_after=2024-04-01T14:01:13.685039+00:00
[2024-04-01T14:01:13.693+0000] {processor.py:179} INFO - Processing /home/airflow/.local/lib/python3.10/site-packages/airflow/example_dags/tutorial.py took 0.037 seconds
[2024-04-01T14:01:44.238+0000] {processor.py:157} INFO - Started process (PID=126) to work on /home/airflow/.local/lib/python3.10/site-packages/airflow/example_dags/tutorial.py
[2024-04-01T14:01:44.238+0000] {processor.py:829} INFO - Processing file /home/airflow/.local/lib/python3.10/site-packages/airflow/example_dags/tutorial.py for tasks to queue
[2024-04-01T14:01:44.239+0000] {logging_mixin.py:154} INFO - [2024-04-01T14:01:44.239+0000] {dagbag.py:536} INFO - Filling up the DagBag from /home/airflow/.local/lib/python3.10/site-packages/airflow/example_dags/tutorial.py
[2024-04-01T14:01:44.243+0000] {processor.py:839} INFO - DAG(s) dict_keys(['tutorial']) retrieved from /home/airflow/.local/lib/python3.10/site-packages/airflow/example_dags/tutorial.py
[2024-04-01T14:01:44.254+0000] {logging_mixin.py:154} INFO - [2024-04-01T14:01:44.254+0000] {dag.py:2941} INFO - Sync 1 DAGs
[2024-04-01T14:01:44.265+0000] {logging_mixin.py:154} INFO - [2024-04-01T14:01:44.265+0000] {dag.py:3722} INFO - Setting next_dagrun for tutorial to 2024-03-31T14:01:44.265653+00:00, run_after=2024-04-01T14:01:44.265653+00:00
[2024-04-01T14:01:44.274+0000] {processor.py:179} INFO - Processing /home/airflow/.local/lib/python3.10/site-packages/airflow/example_dags/tutorial.py took 0.038 seconds
[2024-04-01T14:02:14.783+0000] {processor.py:157} INFO - Started process (PID=180) to work on /home/airflow/.local/lib/python3.10/site-packages/airflow/example_dags/tutorial.py
[2024-04-01T14:02:14.784+0000] {processor.py:829} INFO - Processing file /home/airflow/.local/lib/python3.10/site-packages/airflow/example_dags/tutorial.py for tasks to queue
[2024-04-01T14:02:14.785+0000] {logging_mixin.py:154} INFO - [2024-04-01T14:02:14.785+0000] {dagbag.py:536} INFO - Filling up the DagBag from /home/airflow/.local/lib/python3.10/site-packages/airflow/example_dags/tutorial.py
[2024-04-01T14:02:14.788+0000] {processor.py:839} INFO - DAG(s) dict_keys(['tutorial']) retrieved from /home/airflow/.local/lib/python3.10/site-packages/airflow/example_dags/tutorial.py
[2024-04-01T14:02:14.800+0000] {logging_mixin.py:154} INFO - [2024-04-01T14:02:14.800+0000] {dag.py:2941} INFO - Sync 1 DAGs
[2024-04-01T14:02:14.812+0000] {logging_mixin.py:154} INFO - [2024-04-01T14:02:14.812+0000] {dag.py:3722} INFO - Setting next_dagrun for tutorial to 2024-03-31T14:02:14.812321+00:00, run_after=2024-04-01T14:02:14.812321+00:00
[2024-04-01T14:02:14.820+0000] {processor.py:179} INFO - Processing /home/airflow/.local/lib/python3.10/site-packages/airflow/example_dags/tutorial.py took 0.039 seconds
[2024-04-01T14:02:45.377+0000] {processor.py:157} INFO - Started process (PID=234) to work on /home/airflow/.local/lib/python3.10/site-packages/airflow/example_dags/tutorial.py
[2024-04-01T14:02:45.377+0000] {processor.py:829} INFO - Processing file /home/airflow/.local/lib/python3.10/site-packages/airflow/example_dags/tutorial.py for tasks to queue
[2024-04-01T14:02:45.378+0000] {logging_mixin.py:154} INFO - [2024-04-01T14:02:45.378+0000] {dagbag.py:536} INFO - Filling up the DagBag from /home/airflow/.local/lib/python3.10/site-packages/airflow/example_dags/tutorial.py
[2024-04-01T14:02:45.382+0000] {processor.py:839} INFO - DAG(s) dict_keys(['tutorial']) retrieved from /home/airflow/.local/lib/python3.10/site-packages/airflow/example_dags/tutorial.py
[2024-04-01T14:02:45.394+0000] {logging_mixin.py:154} INFO - [2024-04-01T14:02:45.394+0000] {dag.py:2941} INFO - Sync 1 DAGs
[2024-04-01T14:02:45.410+0000] {logging_mixin.py:154} INFO - [2024-04-01T14:02:45.410+0000] {dag.py:3722} INFO - Setting next_dagrun for tutorial to 2024-03-31T14:02:45.409936+00:00, run_after=2024-04-01T14:02:45.409936+00:00
[2024-04-01T14:02:45.419+0000] {processor.py:179} INFO - Processing /home/airflow/.local/lib/python3.10/site-packages/airflow/example_dags/tutorial.py took 0.045 seconds
[2024-04-01T14:03:16.049+0000] {processor.py:157} INFO - Started process (PID=288) to work on /home/airflow/.local/lib/python3.10/site-packages/airflow/example_dags/tutorial.py
[2024-04-01T14:03:16.050+0000] {processor.py:829} INFO - Processing file /home/airflow/.local/lib/python3.10/site-packages/airflow/example_dags/tutorial.py for tasks to queue
[2024-04-01T14:03:16.051+0000] {logging_mixin.py:154} INFO - [2024-04-01T14:03:16.051+0000] {dagbag.py:536} INFO - Filling up the DagBag from /home/airflow/.local/lib/python3.10/site-packages/airflow/example_dags/tutorial.py
[2024-04-01T14:03:16.054+0000] {processor.py:839} INFO - DAG(s) dict_keys(['tutorial']) retrieved from /home/airflow/.local/lib/python3.10/site-packages/airflow/example_dags/tutorial.py
[2024-04-01T14:03:16.067+0000] {logging_mixin.py:154} INFO - [2024-04-01T14:03:16.066+0000] {dag.py:2941} INFO - Sync 1 DAGs
[2024-04-01T14:03:16.079+0000] {logging_mixin.py:154} INFO - [2024-04-01T14:03:16.079+0000] {dag.py:3722} INFO - Setting next_dagrun for tutorial to 2024-03-31T14:03:16.079199+00:00, run_after=2024-04-01T14:03:16.079199+00:00
[2024-04-01T14:03:16.088+0000] {processor.py:179} INFO - Processing /home/airflow/.local/lib/python3.10/site-packages/airflow/example_dags/tutorial.py took 0.041 seconds
[2024-04-01T14:03:46.901+0000] {processor.py:157} INFO - Started process (PID=342) to work on /home/airflow/.local/lib/python3.10/site-packages/airflow/example_dags/tutorial.py
[2024-04-01T14:03:46.901+0000] {processor.py:829} INFO - Processing file /home/airflow/.local/lib/python3.10/site-packages/airflow/example_dags/tutorial.py for tasks to queue
[2024-04-01T14:03:46.902+0000] {logging_mixin.py:154} INFO - [2024-04-01T14:03:46.902+0000] {dagbag.py:536} INFO - Filling up the DagBag from /home/airflow/.local/lib/python3.10/site-packages/airflow/example_dags/tutorial.py
[2024-04-01T14:03:46.906+0000] {processor.py:839} INFO - DAG(s) dict_keys(['tutorial']) retrieved from /home/airflow/.local/lib/python3.10/site-packages/airflow/example_dags/tutorial.py
[2024-04-01T14:03:46.918+0000] {logging_mixin.py:154} INFO - [2024-04-01T14:03:46.918+0000] {dag.py:2941} INFO - Sync 1 DAGs
[2024-04-01T14:03:46.930+0000] {logging_mixin.py:154} INFO - [2024-04-01T14:03:46.930+0000] {dag.py:3722} INFO - Setting next_dagrun for tutorial to 2024-03-31T14:03:46.930268+00:00, run_after=2024-04-01T14:03:46.930268+00:00
[2024-04-01T14:03:46.938+0000] {processor.py:179} INFO - Processing /home/airflow/.local/lib/python3.10/site-packages/airflow/example_dags/tutorial.py took 0.040 seconds
[2024-04-01T14:04:17.649+0000] {processor.py:157} INFO - Started process (PID=396) to work on /home/airflow/.local/lib/python3.10/site-packages/airflow/example_dags/tutorial.py
[2024-04-01T14:04:17.650+0000] {processor.py:829} INFO - Processing file /home/airflow/.local/lib/python3.10/site-packages/airflow/example_dags/tutorial.py for tasks to queue
[2024-04-01T14:04:17.651+0000] {logging_mixin.py:154} INFO - [2024-04-01T14:04:17.651+0000] {dagbag.py:536} INFO - Filling up the DagBag from /home/airflow/.local/lib/python3.10/site-packages/airflow/example_dags/tutorial.py
[2024-04-01T14:04:17.654+0000] {processor.py:839} INFO - DAG(s) dict_keys(['tutorial']) retrieved from /home/airflow/.local/lib/python3.10/site-packages/airflow/example_dags/tutorial.py
[2024-04-01T14:04:17.666+0000] {logging_mixin.py:154} INFO - [2024-04-01T14:04:17.666+0000] {dag.py:2941} INFO - Sync 1 DAGs
[2024-04-01T14:04:17.678+0000] {logging_mixin.py:154} INFO - [2024-04-01T14:04:17.678+0000] {dag.py:3722} INFO - Setting next_dagrun for tutorial to 2024-03-31T14:04:17.677980+00:00, run_after=2024-04-01T14:04:17.677980+00:00
[2024-04-01T14:04:17.686+0000] {processor.py:179} INFO - Processing /home/airflow/.local/lib/python3.10/site-packages/airflow/example_dags/tutorial.py took 0.039 seconds
[2024-04-01T14:04:48.214+0000] {processor.py:157} INFO - Started process (PID=450) to work on /home/airflow/.local/lib/python3.10/site-packages/airflow/example_dags/tutorial.py
[2024-04-01T14:04:48.215+0000] {processor.py:829} INFO - Processing file /home/airflow/.local/lib/python3.10/site-packages/airflow/example_dags/tutorial.py for tasks to queue
[2024-04-01T14:04:48.216+0000] {logging_mixin.py:154} INFO - [2024-04-01T14:04:48.216+0000] {dagbag.py:536} INFO - Filling up the DagBag from /home/airflow/.local/lib/python3.10/site-packages/airflow/example_dags/tutorial.py
[2024-04-01T14:04:48.219+0000] {processor.py:839} INFO - DAG(s) dict_keys(['tutorial']) retrieved from /home/airflow/.local/lib/python3.10/site-packages/airflow/example_dags/tutorial.py
[2024-04-01T14:04:48.231+0000] {logging_mixin.py:154} INFO - [2024-04-01T14:04:48.231+0000] {dag.py:2941} INFO - Sync 1 DAGs
[2024-04-01T14:04:48.243+0000] {logging_mixin.py:154} INFO - [2024-04-01T14:04:48.243+0000] {dag.py:3722} INFO - Setting next_dagrun for tutorial to 2024-03-31T14:04:48.242947+00:00, run_after=2024-04-01T14:04:48.242947+00:00
[2024-04-01T14:04:48.251+0000] {processor.py:179} INFO - Processing /home/airflow/.local/lib/python3.10/site-packages/airflow/example_dags/tutorial.py took 0.039 seconds
[2024-04-01T14:05:18.805+0000] {processor.py:157} INFO - Started process (PID=504) to work on /home/airflow/.local/lib/python3.10/site-packages/airflow/example_dags/tutorial.py
[2024-04-01T14:05:18.805+0000] {processor.py:829} INFO - Processing file /home/airflow/.local/lib/python3.10/site-packages/airflow/example_dags/tutorial.py for tasks to queue
[2024-04-01T14:05:18.806+0000] {logging_mixin.py:154} INFO - [2024-04-01T14:05:18.806+0000] {dagbag.py:536} INFO - Filling up the DagBag from /home/airflow/.local/lib/python3.10/site-packages/airflow/example_dags/tutorial.py
[2024-04-01T14:05:18.810+0000] {processor.py:839} INFO - DAG(s) dict_keys(['tutorial']) retrieved from /home/airflow/.local/lib/python3.10/site-packages/airflow/example_dags/tutorial.py
[2024-04-01T14:05:18.822+0000] {logging_mixin.py:154} INFO - [2024-04-01T14:05:18.822+0000] {dag.py:2941} INFO - Sync 1 DAGs
[2024-04-01T14:05:18.834+0000] {logging_mixin.py:154} INFO - [2024-04-01T14:05:18.834+0000] {dag.py:3722} INFO - Setting next_dagrun for tutorial to 2024-03-31T14:05:18.834066+00:00, run_after=2024-04-01T14:05:18.834066+00:00
[2024-04-01T14:05:18.842+0000] {processor.py:179} INFO - Processing /home/airflow/.local/lib/python3.10/site-packages/airflow/example_dags/tutorial.py took 0.040 seconds
[2024-04-01T14:05:49.550+0000] {processor.py:157} INFO - Started process (PID=558) to work on /home/airflow/.local/lib/python3.10/site-packages/airflow/example_dags/tutorial.py
[2024-04-01T14:05:49.551+0000] {processor.py:829} INFO - Processing file /home/airflow/.local/lib/python3.10/site-packages/airflow/example_dags/tutorial.py for tasks to queue
[2024-04-01T14:05:49.552+0000] {logging_mixin.py:154} INFO - [2024-04-01T14:05:49.552+0000] {dagbag.py:536} INFO - Filling up the DagBag from /home/airflow/.local/lib/python3.10/site-packages/airflow/example_dags/tutorial.py
[2024-04-01T14:05:49.555+0000] {processor.py:839} INFO - DAG(s) dict_keys(['tutorial']) retrieved from /home/airflow/.local/lib/python3.10/site-packages/airflow/example_dags/tutorial.py
[2024-04-01T14:05:49.568+0000] {logging_mixin.py:154} INFO - [2024-04-01T14:05:49.567+0000] {dag.py:2941} INFO - Sync 1 DAGs
[2024-04-01T14:05:49.579+0000] {logging_mixin.py:154} INFO - [2024-04-01T14:05:49.579+0000] {dag.py:3722} INFO - Setting next_dagrun for tutorial to 2024-03-31T14:05:49.579516+00:00, run_after=2024-04-01T14:05:49.579516+00:00
[2024-04-01T14:05:49.588+0000] {processor.py:179} INFO - Processing /home/airflow/.local/lib/python3.10/site-packages/airflow/example_dags/tutorial.py took 0.040 seconds
[2024-04-01T14:06:20.195+0000] {processor.py:157} INFO - Started process (PID=612) to work on /home/airflow/.local/lib/python3.10/site-packages/airflow/example_dags/tutorial.py
[2024-04-01T14:06:20.196+0000] {processor.py:829} INFO - Processing file /home/airflow/.local/lib/python3.10/site-packages/airflow/example_dags/tutorial.py for tasks to queue
[2024-04-01T14:06:20.197+0000] {logging_mixin.py:154} INFO - [2024-04-01T14:06:20.197+0000] {dagbag.py:536} INFO - Filling up the DagBag from /home/airflow/.local/lib/python3.10/site-packages/airflow/example_dags/tutorial.py
[2024-04-01T14:06:20.200+0000] {processor.py:839} INFO - DAG(s) dict_keys(['tutorial']) retrieved from /home/airflow/.local/lib/python3.10/site-packages/airflow/example_dags/tutorial.py
[2024-04-01T14:06:20.212+0000] {logging_mixin.py:154} INFO - [2024-04-01T14:06:20.212+0000] {dag.py:2941} INFO - Sync 1 DAGs
[2024-04-01T14:06:20.224+0000] {logging_mixin.py:154} INFO - [2024-04-01T14:06:20.224+0000] {dag.py:3722} INFO - Setting next_dagrun for tutorial to 2024-03-31T14:06:20.224123+00:00, run_after=2024-04-01T14:06:20.224123+00:00
[2024-04-01T14:06:20.232+0000] {processor.py:179} INFO - Processing /home/airflow/.local/lib/python3.10/site-packages/airflow/example_dags/tutorial.py took 0.039 seconds
[2024-04-01T14:06:50.963+0000] {processor.py:157} INFO - Started process (PID=666) to work on /home/airflow/.local/lib/python3.10/site-packages/airflow/example_dags/tutorial.py
[2024-04-01T14:06:50.963+0000] {processor.py:829} INFO - Processing file /home/airflow/.local/lib/python3.10/site-packages/airflow/example_dags/tutorial.py for tasks to queue
[2024-04-01T14:06:50.965+0000] {logging_mixin.py:154} INFO - [2024-04-01T14:06:50.964+0000] {dagbag.py:536} INFO - Filling up the DagBag from /home/airflow/.local/lib/python3.10/site-packages/airflow/example_dags/tutorial.py
[2024-04-01T14:06:50.968+0000] {processor.py:839} INFO - DAG(s) dict_keys(['tutorial']) retrieved from /home/airflow/.local/lib/python3.10/site-packages/airflow/example_dags/tutorial.py
[2024-04-01T14:06:50.980+0000] {logging_mixin.py:154} INFO - [2024-04-01T14:06:50.980+0000] {dag.py:2941} INFO - Sync 1 DAGs
[2024-04-01T14:06:50.991+0000] {logging_mixin.py:154} INFO - [2024-04-01T14:06:50.991+0000] {dag.py:3722} INFO - Setting next_dagrun for tutorial to 2024-03-31T14:06:50.991444+00:00, run_after=2024-04-01T14:06:50.991444+00:00
[2024-04-01T14:06:51.000+0000] {processor.py:179} INFO - Processing /home/airflow/.local/lib/python3.10/site-packages/airflow/example_dags/tutorial.py took 0.039 seconds
[2024-04-01T14:07:21.601+0000] {processor.py:157} INFO - Started process (PID=720) to work on /home/airflow/.local/lib/python3.10/site-packages/airflow/example_dags/tutorial.py
[2024-04-01T14:07:21.601+0000] {processor.py:829} INFO - Processing file /home/airflow/.local/lib/python3.10/site-packages/airflow/example_dags/tutorial.py for tasks to queue
[2024-04-01T14:07:21.602+0000] {logging_mixin.py:154} INFO - [2024-04-01T14:07:21.602+0000] {dagbag.py:536} INFO - Filling up the DagBag from /home/airflow/.local/lib/python3.10/site-packages/airflow/example_dags/tutorial.py
[2024-04-01T14:07:21.606+0000] {processor.py:839} INFO - DAG(s) dict_keys(['tutorial']) retrieved from /home/airflow/.local/lib/python3.10/site-packages/airflow/example_dags/tutorial.py
[2024-04-01T14:07:21.618+0000] {logging_mixin.py:154} INFO - [2024-04-01T14:07:21.618+0000] {dag.py:2941} INFO - Sync 1 DAGs
[2024-04-01T14:07:21.630+0000] {logging_mixin.py:154} INFO - [2024-04-01T14:07:21.630+0000] {dag.py:3722} INFO - Setting next_dagrun for tutorial to 2024-03-31T14:07:21.629957+00:00, run_after=2024-04-01T14:07:21.629957+00:00
[2024-04-01T14:07:21.638+0000] {processor.py:179} INFO - Processing /home/airflow/.local/lib/python3.10/site-packages/airflow/example_dags/tutorial.py took 0.039 seconds
[2024-04-01T14:07:52.161+0000] {processor.py:157} INFO - Started process (PID=774) to work on /home/airflow/.local/lib/python3.10/site-packages/airflow/example_dags/tutorial.py
[2024-04-01T14:07:52.162+0000] {processor.py:829} INFO - Processing file /home/airflow/.local/lib/python3.10/site-packages/airflow/example_dags/tutorial.py for tasks to queue
[2024-04-01T14:07:52.163+0000] {logging_mixin.py:154} INFO - [2024-04-01T14:07:52.163+0000] {dagbag.py:536} INFO - Filling up the DagBag from /home/airflow/.local/lib/python3.10/site-packages/airflow/example_dags/tutorial.py
[2024-04-01T14:07:52.166+0000] {processor.py:839} INFO - DAG(s) dict_keys(['tutorial']) retrieved from /home/airflow/.local/lib/python3.10/site-packages/airflow/example_dags/tutorial.py
[2024-04-01T14:07:52.178+0000] {logging_mixin.py:154} INFO - [2024-04-01T14:07:52.178+0000] {dag.py:2941} INFO - Sync 1 DAGs
[2024-04-01T14:07:52.190+0000] {logging_mixin.py:154} INFO - [2024-04-01T14:07:52.190+0000] {dag.py:3722} INFO - Setting next_dagrun for tutorial to 2024-03-31T14:07:52.190392+00:00, run_after=2024-04-01T14:07:52.190392+00:00
[2024-04-01T14:07:52.199+0000] {processor.py:179} INFO - Processing /home/airflow/.local/lib/python3.10/site-packages/airflow/example_dags/tutorial.py took 0.039 seconds
[2024-04-01T14:08:22.769+0000] {processor.py:157} INFO - Started process (PID=828) to work on /home/airflow/.local/lib/python3.10/site-packages/airflow/example_dags/tutorial.py
[2024-04-01T14:08:22.770+0000] {processor.py:829} INFO - Processing file /home/airflow/.local/lib/python3.10/site-packages/airflow/example_dags/tutorial.py for tasks to queue
[2024-04-01T14:08:22.771+0000] {logging_mixin.py:154} INFO - [2024-04-01T14:08:22.771+0000] {dagbag.py:536} INFO - Filling up the DagBag from /home/airflow/.local/lib/python3.10/site-packages/airflow/example_dags/tutorial.py
[2024-04-01T14:08:22.774+0000] {processor.py:839} INFO - DAG(s) dict_keys(['tutorial']) retrieved from /home/airflow/.local/lib/python3.10/site-packages/airflow/example_dags/tutorial.py
[2024-04-01T14:08:22.786+0000] {logging_mixin.py:154} INFO - [2024-04-01T14:08:22.786+0000] {dag.py:2941} INFO - Sync 1 DAGs
[2024-04-01T14:08:22.798+0000] {logging_mixin.py:154} INFO - [2024-04-01T14:08:22.798+0000] {dag.py:3722} INFO - Setting next_dagrun for tutorial to 2024-03-31T14:08:22.798017+00:00, run_after=2024-04-01T14:08:22.798017+00:00
[2024-04-01T14:08:22.806+0000] {processor.py:179} INFO - Processing /home/airflow/.local/lib/python3.10/site-packages/airflow/example_dags/tutorial.py took 0.039 seconds
[2024-04-01T14:08:53.518+0000] {processor.py:157} INFO - Started process (PID=882) to work on /home/airflow/.local/lib/python3.10/site-packages/airflow/example_dags/tutorial.py
[2024-04-01T14:08:53.518+0000] {processor.py:829} INFO - Processing file /home/airflow/.local/lib/python3.10/site-packages/airflow/example_dags/tutorial.py for tasks to queue
[2024-04-01T14:08:53.519+0000] {logging_mixin.py:154} INFO - [2024-04-01T14:08:53.519+0000] {dagbag.py:536} INFO - Filling up the DagBag from /home/airflow/.local/lib/python3.10/site-packages/airflow/example_dags/tutorial.py
[2024-04-01T14:08:53.522+0000] {processor.py:839} INFO - DAG(s) dict_keys(['tutorial']) retrieved from /home/airflow/.local/lib/python3.10/site-packages/airflow/example_dags/tutorial.py
[2024-04-01T14:08:53.535+0000] {logging_mixin.py:154} INFO - [2024-04-01T14:08:53.535+0000] {dag.py:2941} INFO - Sync 1 DAGs
[2024-04-01T14:08:53.547+0000] {logging_mixin.py:154} INFO - [2024-04-01T14:08:53.547+0000] {dag.py:3722} INFO - Setting next_dagrun for tutorial to 2024-03-31T14:08:53.547456+00:00, run_after=2024-04-01T14:08:53.547456+00:00
[2024-04-01T14:08:53.556+0000] {processor.py:179} INFO - Processing /home/airflow/.local/lib/python3.10/site-packages/airflow/example_dags/tutorial.py took 0.041 seconds
[2024-04-01T14:09:24.257+0000] {processor.py:157} INFO - Started process (PID=936) to work on /home/airflow/.local/lib/python3.10/site-packages/airflow/example_dags/tutorial.py
[2024-04-01T14:09:24.258+0000] {processor.py:829} INFO - Processing file /home/airflow/.local/lib/python3.10/site-packages/airflow/example_dags/tutorial.py for tasks to queue
[2024-04-01T14:09:24.259+0000] {logging_mixin.py:154} INFO - [2024-04-01T14:09:24.259+0000] {dagbag.py:536} INFO - Filling up the DagBag from /home/airflow/.local/lib/python3.10/site-packages/airflow/example_dags/tutorial.py
[2024-04-01T14:09:24.262+0000] {processor.py:839} INFO - DAG(s) dict_keys(['tutorial']) retrieved from /home/airflow/.local/lib/python3.10/site-packages/airflow/example_dags/tutorial.py
[2024-04-01T14:09:24.276+0000] {logging_mixin.py:154} INFO - [2024-04-01T14:09:24.276+0000] {dag.py:2941} INFO - Sync 1 DAGs
[2024-04-01T14:09:24.289+0000] {logging_mixin.py:154} INFO - [2024-04-01T14:09:24.289+0000] {dag.py:3722} INFO - Setting next_dagrun for tutorial to 2024-03-31T14:09:24.289394+00:00, run_after=2024-04-01T14:09:24.289394+00:00
[2024-04-01T14:09:24.298+0000] {processor.py:179} INFO - Processing /home/airflow/.local/lib/python3.10/site-packages/airflow/example_dags/tutorial.py took 0.043 seconds
[2024-04-01T14:09:54.878+0000] {processor.py:157} INFO - Started process (PID=990) to work on /home/airflow/.local/lib/python3.10/site-packages/airflow/example_dags/tutorial.py
[2024-04-01T14:09:54.879+0000] {processor.py:829} INFO - Processing file /home/airflow/.local/lib/python3.10/site-packages/airflow/example_dags/tutorial.py for tasks to queue
[2024-04-01T14:09:54.880+0000] {logging_mixin.py:154} INFO - [2024-04-01T14:09:54.880+0000] {dagbag.py:536} INFO - Filling up the DagBag from /home/airflow/.local/lib/python3.10/site-packages/airflow/example_dags/tutorial.py
[2024-04-01T14:09:54.884+0000] {processor.py:839} INFO - DAG(s) dict_keys(['tutorial']) retrieved from /home/airflow/.local/lib/python3.10/site-packages/airflow/example_dags/tutorial.py
[2024-04-01T14:09:54.897+0000] {logging_mixin.py:154} INFO - [2024-04-01T14:09:54.897+0000] {dag.py:2941} INFO - Sync 1 DAGs
[2024-04-01T14:09:54.910+0000] {logging_mixin.py:154} INFO - [2024-04-01T14:09:54.910+0000] {dag.py:3722} INFO - Setting next_dagrun for tutorial to 2024-03-31T14:09:54.909886+00:00, run_after=2024-04-01T14:09:54.909886+00:00
[2024-04-01T14:09:54.918+0000] {processor.py:179} INFO - Processing /home/airflow/.local/lib/python3.10/site-packages/airflow/example_dags/tutorial.py took 0.042 seconds
[2024-04-01T14:10:25.573+0000] {processor.py:157} INFO - Started process (PID=1044) to work on /home/airflow/.local/lib/python3.10/site-packages/airflow/example_dags/tutorial.py
[2024-04-01T14:10:25.574+0000] {processor.py:829} INFO - Processing file /home/airflow/.local/lib/python3.10/site-packages/airflow/example_dags/tutorial.py for tasks to queue
[2024-04-01T14:10:25.575+0000] {logging_mixin.py:154} INFO - [2024-04-01T14:10:25.575+0000] {dagbag.py:536} INFO - Filling up the DagBag from /home/airflow/.local/lib/python3.10/site-packages/airflow/example_dags/tutorial.py
[2024-04-01T14:10:25.578+0000] {processor.py:839} INFO - DAG(s) dict_keys(['tutorial']) retrieved from /home/airflow/.local/lib/python3.10/site-packages/airflow/example_dags/tutorial.py
[2024-04-01T14:10:25.590+0000] {logging_mixin.py:154} INFO - [2024-04-01T14:10:25.590+0000] {dag.py:2941} INFO - Sync 1 DAGs
[2024-04-01T14:10:25.602+0000] {logging_mixin.py:154} INFO - [2024-04-01T14:10:25.602+0000] {dag.py:3722} INFO - Setting next_dagrun for tutorial to 2024-03-31T14:10:25.602625+00:00, run_after=2024-04-01T14:10:25.602625+00:00
[2024-04-01T14:10:25.611+0000] {processor.py:179} INFO - Processing /home/airflow/.local/lib/python3.10/site-packages/airflow/example_dags/tutorial.py took 0.040 seconds
[2024-04-01T14:10:56.192+0000] {processor.py:157} INFO - Started process (PID=1098) to work on /home/airflow/.local/lib/python3.10/site-packages/airflow/example_dags/tutorial.py
[2024-04-01T14:10:56.193+0000] {processor.py:829} INFO - Processing file /home/airflow/.local/lib/python3.10/site-packages/airflow/example_dags/tutorial.py for tasks to queue
[2024-04-01T14:10:56.194+0000] {logging_mixin.py:154} INFO - [2024-04-01T14:10:56.194+0000] {dagbag.py:536} INFO - Filling up the DagBag from /home/airflow/.local/lib/python3.10/site-packages/airflow/example_dags/tutorial.py
[2024-04-01T14:10:56.197+0000] {processor.py:839} INFO - DAG(s) dict_keys(['tutorial']) retrieved from /home/airflow/.local/lib/python3.10/site-packages/airflow/example_dags/tutorial.py
[2024-04-01T14:10:56.209+0000] {logging_mixin.py:154} INFO - [2024-04-01T14:10:56.209+0000] {dag.py:2941} INFO - Sync 1 DAGs
[2024-04-01T14:10:56.220+0000] {logging_mixin.py:154} INFO - [2024-04-01T14:10:56.220+0000] {dag.py:3722} INFO - Setting next_dagrun for tutorial to 2024-03-31T14:10:56.220688+00:00, run_after=2024-04-01T14:10:56.220688+00:00
[2024-04-01T14:10:56.229+0000] {processor.py:179} INFO - Processing /home/airflow/.local/lib/python3.10/site-packages/airflow/example_dags/tutorial.py took 0.039 seconds
[2024-04-01T14:11:26.905+0000] {processor.py:157} INFO - Started process (PID=1152) to work on /home/airflow/.local/lib/python3.10/site-packages/airflow/example_dags/tutorial.py
[2024-04-01T14:11:26.906+0000] {processor.py:829} INFO - Processing file /home/airflow/.local/lib/python3.10/site-packages/airflow/example_dags/tutorial.py for tasks to queue
[2024-04-01T14:11:26.907+0000] {logging_mixin.py:154} INFO - [2024-04-01T14:11:26.907+0000] {dagbag.py:536} INFO - Filling up the DagBag from /home/airflow/.local/lib/python3.10/site-packages/airflow/example_dags/tutorial.py
[2024-04-01T14:11:26.911+0000] {processor.py:839} INFO - DAG(s) dict_keys(['tutorial']) retrieved from /home/airflow/.local/lib/python3.10/site-packages/airflow/example_dags/tutorial.py
[2024-04-01T14:11:26.923+0000] {logging_mixin.py:154} INFO - [2024-04-01T14:11:26.923+0000] {dag.py:2941} INFO - Sync 1 DAGs
[2024-04-01T14:11:26.935+0000] {logging_mixin.py:154} INFO - [2024-04-01T14:11:26.935+0000] {dag.py:3722} INFO - Setting next_dagrun for tutorial to 2024-03-31T14:11:26.934856+00:00, run_after=2024-04-01T14:11:26.934856+00:00
[2024-04-01T14:11:26.943+0000] {processor.py:179} INFO - Processing /home/airflow/.local/lib/python3.10/site-packages/airflow/example_dags/tutorial.py took 0.040 seconds
[2024-04-01T14:11:57.741+0000] {processor.py:157} INFO - Started process (PID=1206) to work on /home/airflow/.local/lib/python3.10/site-packages/airflow/example_dags/tutorial.py
[2024-04-01T14:11:57.742+0000] {processor.py:829} INFO - Processing file /home/airflow/.local/lib/python3.10/site-packages/airflow/example_dags/tutorial.py for tasks to queue
[2024-04-01T14:11:57.743+0000] {logging_mixin.py:154} INFO - [2024-04-01T14:11:57.743+0000] {dagbag.py:536} INFO - Filling up the DagBag from /home/airflow/.local/lib/python3.10/site-packages/airflow/example_dags/tutorial.py
[2024-04-01T14:11:57.747+0000] {processor.py:839} INFO - DAG(s) dict_keys(['tutorial']) retrieved from /home/airflow/.local/lib/python3.10/site-packages/airflow/example_dags/tutorial.py
[2024-04-01T14:11:57.760+0000] {logging_mixin.py:154} INFO - [2024-04-01T14:11:57.759+0000] {dag.py:2941} INFO - Sync 1 DAGs
[2024-04-01T14:11:57.772+0000] {logging_mixin.py:154} INFO - [2024-04-01T14:11:57.771+0000] {dag.py:3722} INFO - Setting next_dagrun for tutorial to 2024-03-31T14:11:57.771755+00:00, run_after=2024-04-01T14:11:57.771755+00:00
[2024-04-01T14:11:57.780+0000] {processor.py:179} INFO - Processing /home/airflow/.local/lib/python3.10/site-packages/airflow/example_dags/tutorial.py took 0.041 seconds
[2024-04-01T14:12:28.326+0000] {processor.py:157} INFO - Started process (PID=1260) to work on /home/airflow/.local/lib/python3.10/site-packages/airflow/example_dags/tutorial.py
[2024-04-01T14:12:28.326+0000] {processor.py:829} INFO - Processing file /home/airflow/.local/lib/python3.10/site-packages/airflow/example_dags/tutorial.py for tasks to queue
[2024-04-01T14:12:28.327+0000] {logging_mixin.py:154} INFO - [2024-04-01T14:12:28.327+0000] {dagbag.py:536} INFO - Filling up the DagBag from /home/airflow/.local/lib/python3.10/site-packages/airflow/example_dags/tutorial.py
[2024-04-01T14:12:28.330+0000] {processor.py:839} INFO - DAG(s) dict_keys(['tutorial']) retrieved from /home/airflow/.local/lib/python3.10/site-packages/airflow/example_dags/tutorial.py
[2024-04-01T14:12:28.342+0000] {logging_mixin.py:154} INFO - [2024-04-01T14:12:28.342+0000] {dag.py:2941} INFO - Sync 1 DAGs
[2024-04-01T14:12:28.354+0000] {logging_mixin.py:154} INFO - [2024-04-01T14:12:28.354+0000] {dag.py:3722} INFO - Setting next_dagrun for tutorial to 2024-03-31T14:12:28.354237+00:00, run_after=2024-04-01T14:12:28.354237+00:00
[2024-04-01T14:12:28.362+0000] {processor.py:179} INFO - Processing /home/airflow/.local/lib/python3.10/site-packages/airflow/example_dags/tutorial.py took 0.039 seconds
[2024-04-01T14:12:59.166+0000] {processor.py:157} INFO - Started process (PID=1314) to work on /home/airflow/.local/lib/python3.10/site-packages/airflow/example_dags/tutorial.py
[2024-04-01T14:12:59.167+0000] {processor.py:829} INFO - Processing file /home/airflow/.local/lib/python3.10/site-packages/airflow/example_dags/tutorial.py for tasks to queue
[2024-04-01T14:12:59.168+0000] {logging_mixin.py:154} INFO - [2024-04-01T14:12:59.168+0000] {dagbag.py:536} INFO - Filling up the DagBag from /home/airflow/.local/lib/python3.10/site-packages/airflow/example_dags/tutorial.py
[2024-04-01T14:12:59.172+0000] {processor.py:839} INFO - DAG(s) dict_keys(['tutorial']) retrieved from /home/airflow/.local/lib/python3.10/site-packages/airflow/example_dags/tutorial.py
[2024-04-01T14:12:59.184+0000] {logging_mixin.py:154} INFO - [2024-04-01T14:12:59.184+0000] {dag.py:2941} INFO - Sync 1 DAGs
[2024-04-01T14:12:59.196+0000] {logging_mixin.py:154} INFO - [2024-04-01T14:12:59.196+0000] {dag.py:3722} INFO - Setting next_dagrun for tutorial to 2024-03-31T14:12:59.195910+00:00, run_after=2024-04-01T14:12:59.195910+00:00
[2024-04-01T14:12:59.204+0000] {processor.py:179} INFO - Processing /home/airflow/.local/lib/python3.10/site-packages/airflow/example_dags/tutorial.py took 0.040 seconds
[2024-04-01T14:13:29.793+0000] {processor.py:157} INFO - Started process (PID=1368) to work on /home/airflow/.local/lib/python3.10/site-packages/airflow/example_dags/tutorial.py
[2024-04-01T14:13:29.794+0000] {processor.py:829} INFO - Processing file /home/airflow/.local/lib/python3.10/site-packages/airflow/example_dags/tutorial.py for tasks to queue
[2024-04-01T14:13:29.795+0000] {logging_mixin.py:154} INFO - [2024-04-01T14:13:29.795+0000] {dagbag.py:536} INFO - Filling up the DagBag from /home/airflow/.local/lib/python3.10/site-packages/airflow/example_dags/tutorial.py
[2024-04-01T14:13:29.798+0000] {processor.py:839} INFO - DAG(s) dict_keys(['tutorial']) retrieved from /home/airflow/.local/lib/python3.10/site-packages/airflow/example_dags/tutorial.py
[2024-04-01T14:13:29.811+0000] {logging_mixin.py:154} INFO - [2024-04-01T14:13:29.811+0000] {dag.py:2941} INFO - Sync 1 DAGs
[2024-04-01T14:13:29.822+0000] {logging_mixin.py:154} INFO - [2024-04-01T14:13:29.822+0000] {dag.py:3722} INFO - Setting next_dagrun for tutorial to 2024-03-31T14:13:29.822551+00:00, run_after=2024-04-01T14:13:29.822551+00:00
[2024-04-01T14:13:29.831+0000] {processor.py:179} INFO - Processing /home/airflow/.local/lib/python3.10/site-packages/airflow/example_dags/tutorial.py took 0.040 seconds
[2024-04-01T14:14:00.498+0000] {processor.py:157} INFO - Started process (PID=1422) to work on /home/airflow/.local/lib/python3.10/site-packages/airflow/example_dags/tutorial.py
[2024-04-01T14:14:00.498+0000] {processor.py:829} INFO - Processing file /home/airflow/.local/lib/python3.10/site-packages/airflow/example_dags/tutorial.py for tasks to queue
[2024-04-01T14:14:00.499+0000] {logging_mixin.py:154} INFO - [2024-04-01T14:14:00.499+0000] {dagbag.py:536} INFO - Filling up the DagBag from /home/airflow/.local/lib/python3.10/site-packages/airflow/example_dags/tutorial.py
[2024-04-01T14:14:00.503+0000] {processor.py:839} INFO - DAG(s) dict_keys(['tutorial']) retrieved from /home/airflow/.local/lib/python3.10/site-packages/airflow/example_dags/tutorial.py
[2024-04-01T14:14:00.515+0000] {logging_mixin.py:154} INFO - [2024-04-01T14:14:00.515+0000] {dag.py:2941} INFO - Sync 1 DAGs
[2024-04-01T14:14:00.528+0000] {logging_mixin.py:154} INFO - [2024-04-01T14:14:00.528+0000] {dag.py:3722} INFO - Setting next_dagrun for tutorial to 2024-03-31T14:14:00.527911+00:00, run_after=2024-04-01T14:14:00.527911+00:00
[2024-04-01T14:14:00.536+0000] {processor.py:179} INFO - Processing /home/airflow/.local/lib/python3.10/site-packages/airflow/example_dags/tutorial.py took 0.041 seconds
