[2024-04-01T14:01:13.712+0000] {processor.py:157} INFO - Started process (PID=74) to work on /home/airflow/.local/lib/python3.10/site-packages/airflow/example_dags/tutorial_taskflow_api.py
[2024-04-01T14:01:13.712+0000] {processor.py:829} INFO - Processing file /home/airflow/.local/lib/python3.10/site-packages/airflow/example_dags/tutorial_taskflow_api.py for tasks to queue
[2024-04-01T14:01:13.714+0000] {logging_mixin.py:154} INFO - [2024-04-01T14:01:13.713+0000] {dagbag.py:536} INFO - Filling up the DagBag from /home/airflow/.local/lib/python3.10/site-packages/airflow/example_dags/tutorial_taskflow_api.py
[2024-04-01T14:01:13.718+0000] {processor.py:839} INFO - DAG(s) dict_keys(['tutorial_taskflow_api']) retrieved from /home/airflow/.local/lib/python3.10/site-packages/airflow/example_dags/tutorial_taskflow_api.py
[2024-04-01T14:01:13.726+0000] {logging_mixin.py:154} INFO - [2024-04-01T14:01:13.726+0000] {dag.py:2941} INFO - Sync 1 DAGs
[2024-04-01T14:01:13.734+0000] {logging_mixin.py:154} INFO - [2024-04-01T14:01:13.734+0000] {dag.py:3722} INFO - Setting next_dagrun for tutorial_taskflow_api to None, run_after=None
[2024-04-01T14:01:13.743+0000] {processor.py:179} INFO - Processing /home/airflow/.local/lib/python3.10/site-packages/airflow/example_dags/tutorial_taskflow_api.py took 0.034 seconds
[2024-04-01T14:01:44.291+0000] {processor.py:157} INFO - Started process (PID=128) to work on /home/airflow/.local/lib/python3.10/site-packages/airflow/example_dags/tutorial_taskflow_api.py
[2024-04-01T14:01:44.292+0000] {processor.py:829} INFO - Processing file /home/airflow/.local/lib/python3.10/site-packages/airflow/example_dags/tutorial_taskflow_api.py for tasks to queue
[2024-04-01T14:01:44.293+0000] {logging_mixin.py:154} INFO - [2024-04-01T14:01:44.292+0000] {dagbag.py:536} INFO - Filling up the DagBag from /home/airflow/.local/lib/python3.10/site-packages/airflow/example_dags/tutorial_taskflow_api.py
[2024-04-01T14:01:44.296+0000] {processor.py:839} INFO - DAG(s) dict_keys(['tutorial_taskflow_api']) retrieved from /home/airflow/.local/lib/python3.10/site-packages/airflow/example_dags/tutorial_taskflow_api.py
[2024-04-01T14:01:44.307+0000] {logging_mixin.py:154} INFO - [2024-04-01T14:01:44.307+0000] {dag.py:2941} INFO - Sync 1 DAGs
[2024-04-01T14:01:44.314+0000] {logging_mixin.py:154} INFO - [2024-04-01T14:01:44.314+0000] {dag.py:3722} INFO - Setting next_dagrun for tutorial_taskflow_api to None, run_after=None
[2024-04-01T14:01:44.322+0000] {processor.py:179} INFO - Processing /home/airflow/.local/lib/python3.10/site-packages/airflow/example_dags/tutorial_taskflow_api.py took 0.033 seconds
[2024-04-01T14:02:14.838+0000] {processor.py:157} INFO - Started process (PID=182) to work on /home/airflow/.local/lib/python3.10/site-packages/airflow/example_dags/tutorial_taskflow_api.py
[2024-04-01T14:02:14.839+0000] {processor.py:829} INFO - Processing file /home/airflow/.local/lib/python3.10/site-packages/airflow/example_dags/tutorial_taskflow_api.py for tasks to queue
[2024-04-01T14:02:14.840+0000] {logging_mixin.py:154} INFO - [2024-04-01T14:02:14.840+0000] {dagbag.py:536} INFO - Filling up the DagBag from /home/airflow/.local/lib/python3.10/site-packages/airflow/example_dags/tutorial_taskflow_api.py
[2024-04-01T14:02:14.843+0000] {processor.py:839} INFO - DAG(s) dict_keys(['tutorial_taskflow_api']) retrieved from /home/airflow/.local/lib/python3.10/site-packages/airflow/example_dags/tutorial_taskflow_api.py
[2024-04-01T14:02:14.855+0000] {logging_mixin.py:154} INFO - [2024-04-01T14:02:14.855+0000] {dag.py:2941} INFO - Sync 1 DAGs
[2024-04-01T14:02:14.862+0000] {logging_mixin.py:154} INFO - [2024-04-01T14:02:14.861+0000] {dag.py:3722} INFO - Setting next_dagrun for tutorial_taskflow_api to None, run_after=None
[2024-04-01T14:02:14.870+0000] {processor.py:179} INFO - Processing /home/airflow/.local/lib/python3.10/site-packages/airflow/example_dags/tutorial_taskflow_api.py took 0.034 seconds
[2024-04-01T14:02:45.438+0000] {processor.py:157} INFO - Started process (PID=236) to work on /home/airflow/.local/lib/python3.10/site-packages/airflow/example_dags/tutorial_taskflow_api.py
[2024-04-01T14:02:45.439+0000] {processor.py:829} INFO - Processing file /home/airflow/.local/lib/python3.10/site-packages/airflow/example_dags/tutorial_taskflow_api.py for tasks to queue
[2024-04-01T14:02:45.440+0000] {logging_mixin.py:154} INFO - [2024-04-01T14:02:45.440+0000] {dagbag.py:536} INFO - Filling up the DagBag from /home/airflow/.local/lib/python3.10/site-packages/airflow/example_dags/tutorial_taskflow_api.py
[2024-04-01T14:02:45.444+0000] {processor.py:839} INFO - DAG(s) dict_keys(['tutorial_taskflow_api']) retrieved from /home/airflow/.local/lib/python3.10/site-packages/airflow/example_dags/tutorial_taskflow_api.py
[2024-04-01T14:02:45.456+0000] {logging_mixin.py:154} INFO - [2024-04-01T14:02:45.455+0000] {dag.py:2941} INFO - Sync 1 DAGs
[2024-04-01T14:02:45.463+0000] {logging_mixin.py:154} INFO - [2024-04-01T14:02:45.462+0000] {dag.py:3722} INFO - Setting next_dagrun for tutorial_taskflow_api to None, run_after=None
[2024-04-01T14:02:45.471+0000] {processor.py:179} INFO - Processing /home/airflow/.local/lib/python3.10/site-packages/airflow/example_dags/tutorial_taskflow_api.py took 0.035 seconds
[2024-04-01T14:03:16.107+0000] {processor.py:157} INFO - Started process (PID=290) to work on /home/airflow/.local/lib/python3.10/site-packages/airflow/example_dags/tutorial_taskflow_api.py
[2024-04-01T14:03:16.108+0000] {processor.py:829} INFO - Processing file /home/airflow/.local/lib/python3.10/site-packages/airflow/example_dags/tutorial_taskflow_api.py for tasks to queue
[2024-04-01T14:03:16.109+0000] {logging_mixin.py:154} INFO - [2024-04-01T14:03:16.109+0000] {dagbag.py:536} INFO - Filling up the DagBag from /home/airflow/.local/lib/python3.10/site-packages/airflow/example_dags/tutorial_taskflow_api.py
[2024-04-01T14:03:16.113+0000] {processor.py:839} INFO - DAG(s) dict_keys(['tutorial_taskflow_api']) retrieved from /home/airflow/.local/lib/python3.10/site-packages/airflow/example_dags/tutorial_taskflow_api.py
[2024-04-01T14:03:16.125+0000] {logging_mixin.py:154} INFO - [2024-04-01T14:03:16.125+0000] {dag.py:2941} INFO - Sync 1 DAGs
[2024-04-01T14:03:16.132+0000] {logging_mixin.py:154} INFO - [2024-04-01T14:03:16.132+0000] {dag.py:3722} INFO - Setting next_dagrun for tutorial_taskflow_api to None, run_after=None
[2024-04-01T14:03:16.140+0000] {processor.py:179} INFO - Processing /home/airflow/.local/lib/python3.10/site-packages/airflow/example_dags/tutorial_taskflow_api.py took 0.035 seconds
[2024-04-01T14:03:46.957+0000] {processor.py:157} INFO - Started process (PID=344) to work on /home/airflow/.local/lib/python3.10/site-packages/airflow/example_dags/tutorial_taskflow_api.py
[2024-04-01T14:03:46.957+0000] {processor.py:829} INFO - Processing file /home/airflow/.local/lib/python3.10/site-packages/airflow/example_dags/tutorial_taskflow_api.py for tasks to queue
[2024-04-01T14:03:46.958+0000] {logging_mixin.py:154} INFO - [2024-04-01T14:03:46.958+0000] {dagbag.py:536} INFO - Filling up the DagBag from /home/airflow/.local/lib/python3.10/site-packages/airflow/example_dags/tutorial_taskflow_api.py
[2024-04-01T14:03:46.962+0000] {processor.py:839} INFO - DAG(s) dict_keys(['tutorial_taskflow_api']) retrieved from /home/airflow/.local/lib/python3.10/site-packages/airflow/example_dags/tutorial_taskflow_api.py
[2024-04-01T14:03:46.974+0000] {logging_mixin.py:154} INFO - [2024-04-01T14:03:46.974+0000] {dag.py:2941} INFO - Sync 1 DAGs
[2024-04-01T14:03:46.981+0000] {logging_mixin.py:154} INFO - [2024-04-01T14:03:46.981+0000] {dag.py:3722} INFO - Setting next_dagrun for tutorial_taskflow_api to None, run_after=None
[2024-04-01T14:03:46.990+0000] {processor.py:179} INFO - Processing /home/airflow/.local/lib/python3.10/site-packages/airflow/example_dags/tutorial_taskflow_api.py took 0.035 seconds
[2024-04-01T14:04:17.703+0000] {processor.py:157} INFO - Started process (PID=398) to work on /home/airflow/.local/lib/python3.10/site-packages/airflow/example_dags/tutorial_taskflow_api.py
[2024-04-01T14:04:17.703+0000] {processor.py:829} INFO - Processing file /home/airflow/.local/lib/python3.10/site-packages/airflow/example_dags/tutorial_taskflow_api.py for tasks to queue
[2024-04-01T14:04:17.704+0000] {logging_mixin.py:154} INFO - [2024-04-01T14:04:17.704+0000] {dagbag.py:536} INFO - Filling up the DagBag from /home/airflow/.local/lib/python3.10/site-packages/airflow/example_dags/tutorial_taskflow_api.py
[2024-04-01T14:04:17.708+0000] {processor.py:839} INFO - DAG(s) dict_keys(['tutorial_taskflow_api']) retrieved from /home/airflow/.local/lib/python3.10/site-packages/airflow/example_dags/tutorial_taskflow_api.py
[2024-04-01T14:04:17.721+0000] {logging_mixin.py:154} INFO - [2024-04-01T14:04:17.720+0000] {dag.py:2941} INFO - Sync 1 DAGs
[2024-04-01T14:04:17.727+0000] {logging_mixin.py:154} INFO - [2024-04-01T14:04:17.727+0000] {dag.py:3722} INFO - Setting next_dagrun for tutorial_taskflow_api to None, run_after=None
[2024-04-01T14:04:17.736+0000] {processor.py:179} INFO - Processing /home/airflow/.local/lib/python3.10/site-packages/airflow/example_dags/tutorial_taskflow_api.py took 0.035 seconds
[2024-04-01T14:04:48.269+0000] {processor.py:157} INFO - Started process (PID=452) to work on /home/airflow/.local/lib/python3.10/site-packages/airflow/example_dags/tutorial_taskflow_api.py
[2024-04-01T14:04:48.270+0000] {processor.py:829} INFO - Processing file /home/airflow/.local/lib/python3.10/site-packages/airflow/example_dags/tutorial_taskflow_api.py for tasks to queue
[2024-04-01T14:04:48.271+0000] {logging_mixin.py:154} INFO - [2024-04-01T14:04:48.271+0000] {dagbag.py:536} INFO - Filling up the DagBag from /home/airflow/.local/lib/python3.10/site-packages/airflow/example_dags/tutorial_taskflow_api.py
[2024-04-01T14:04:48.275+0000] {processor.py:839} INFO - DAG(s) dict_keys(['tutorial_taskflow_api']) retrieved from /home/airflow/.local/lib/python3.10/site-packages/airflow/example_dags/tutorial_taskflow_api.py
[2024-04-01T14:04:48.286+0000] {logging_mixin.py:154} INFO - [2024-04-01T14:04:48.286+0000] {dag.py:2941} INFO - Sync 1 DAGs
[2024-04-01T14:04:48.293+0000] {logging_mixin.py:154} INFO - [2024-04-01T14:04:48.293+0000] {dag.py:3722} INFO - Setting next_dagrun for tutorial_taskflow_api to None, run_after=None
[2024-04-01T14:04:48.301+0000] {processor.py:179} INFO - Processing /home/airflow/.local/lib/python3.10/site-packages/airflow/example_dags/tutorial_taskflow_api.py took 0.034 seconds
[2024-04-01T14:05:18.932+0000] {processor.py:157} INFO - Started process (PID=506) to work on /home/airflow/.local/lib/python3.10/site-packages/airflow/example_dags/tutorial_taskflow_api.py
[2024-04-01T14:05:18.933+0000] {processor.py:829} INFO - Processing file /home/airflow/.local/lib/python3.10/site-packages/airflow/example_dags/tutorial_taskflow_api.py for tasks to queue
[2024-04-01T14:05:18.934+0000] {logging_mixin.py:154} INFO - [2024-04-01T14:05:18.934+0000] {dagbag.py:536} INFO - Filling up the DagBag from /home/airflow/.local/lib/python3.10/site-packages/airflow/example_dags/tutorial_taskflow_api.py
[2024-04-01T14:05:18.938+0000] {processor.py:839} INFO - DAG(s) dict_keys(['tutorial_taskflow_api']) retrieved from /home/airflow/.local/lib/python3.10/site-packages/airflow/example_dags/tutorial_taskflow_api.py
[2024-04-01T14:05:18.952+0000] {logging_mixin.py:154} INFO - [2024-04-01T14:05:18.952+0000] {dag.py:2941} INFO - Sync 1 DAGs
[2024-04-01T14:05:18.960+0000] {logging_mixin.py:154} INFO - [2024-04-01T14:05:18.960+0000] {dag.py:3722} INFO - Setting next_dagrun for tutorial_taskflow_api to None, run_after=None
[2024-04-01T14:05:18.970+0000] {processor.py:179} INFO - Processing /home/airflow/.local/lib/python3.10/site-packages/airflow/example_dags/tutorial_taskflow_api.py took 0.040 seconds
[2024-04-01T14:05:49.615+0000] {processor.py:157} INFO - Started process (PID=560) to work on /home/airflow/.local/lib/python3.10/site-packages/airflow/example_dags/tutorial_taskflow_api.py
[2024-04-01T14:05:49.615+0000] {processor.py:829} INFO - Processing file /home/airflow/.local/lib/python3.10/site-packages/airflow/example_dags/tutorial_taskflow_api.py for tasks to queue
[2024-04-01T14:05:49.616+0000] {logging_mixin.py:154} INFO - [2024-04-01T14:05:49.616+0000] {dagbag.py:536} INFO - Filling up the DagBag from /home/airflow/.local/lib/python3.10/site-packages/airflow/example_dags/tutorial_taskflow_api.py
[2024-04-01T14:05:49.620+0000] {processor.py:839} INFO - DAG(s) dict_keys(['tutorial_taskflow_api']) retrieved from /home/airflow/.local/lib/python3.10/site-packages/airflow/example_dags/tutorial_taskflow_api.py
[2024-04-01T14:05:49.632+0000] {logging_mixin.py:154} INFO - [2024-04-01T14:05:49.632+0000] {dag.py:2941} INFO - Sync 1 DAGs
[2024-04-01T14:05:49.639+0000] {logging_mixin.py:154} INFO - [2024-04-01T14:05:49.639+0000] {dag.py:3722} INFO - Setting next_dagrun for tutorial_taskflow_api to None, run_after=None
[2024-04-01T14:05:49.647+0000] {processor.py:179} INFO - Processing /home/airflow/.local/lib/python3.10/site-packages/airflow/example_dags/tutorial_taskflow_api.py took 0.035 seconds
[2024-04-01T14:06:20.260+0000] {processor.py:157} INFO - Started process (PID=614) to work on /home/airflow/.local/lib/python3.10/site-packages/airflow/example_dags/tutorial_taskflow_api.py
[2024-04-01T14:06:20.261+0000] {processor.py:829} INFO - Processing file /home/airflow/.local/lib/python3.10/site-packages/airflow/example_dags/tutorial_taskflow_api.py for tasks to queue
[2024-04-01T14:06:20.262+0000] {logging_mixin.py:154} INFO - [2024-04-01T14:06:20.261+0000] {dagbag.py:536} INFO - Filling up the DagBag from /home/airflow/.local/lib/python3.10/site-packages/airflow/example_dags/tutorial_taskflow_api.py
[2024-04-01T14:06:20.265+0000] {processor.py:839} INFO - DAG(s) dict_keys(['tutorial_taskflow_api']) retrieved from /home/airflow/.local/lib/python3.10/site-packages/airflow/example_dags/tutorial_taskflow_api.py
[2024-04-01T14:06:20.277+0000] {logging_mixin.py:154} INFO - [2024-04-01T14:06:20.277+0000] {dag.py:2941} INFO - Sync 1 DAGs
[2024-04-01T14:06:20.283+0000] {logging_mixin.py:154} INFO - [2024-04-01T14:06:20.283+0000] {dag.py:3722} INFO - Setting next_dagrun for tutorial_taskflow_api to None, run_after=None
[2024-04-01T14:06:20.292+0000] {processor.py:179} INFO - Processing /home/airflow/.local/lib/python3.10/site-packages/airflow/example_dags/tutorial_taskflow_api.py took 0.034 seconds
[2024-04-01T14:06:51.023+0000] {processor.py:157} INFO - Started process (PID=668) to work on /home/airflow/.local/lib/python3.10/site-packages/airflow/example_dags/tutorial_taskflow_api.py
[2024-04-01T14:06:51.024+0000] {processor.py:829} INFO - Processing file /home/airflow/.local/lib/python3.10/site-packages/airflow/example_dags/tutorial_taskflow_api.py for tasks to queue
[2024-04-01T14:06:51.025+0000] {logging_mixin.py:154} INFO - [2024-04-01T14:06:51.025+0000] {dagbag.py:536} INFO - Filling up the DagBag from /home/airflow/.local/lib/python3.10/site-packages/airflow/example_dags/tutorial_taskflow_api.py
[2024-04-01T14:06:51.028+0000] {processor.py:839} INFO - DAG(s) dict_keys(['tutorial_taskflow_api']) retrieved from /home/airflow/.local/lib/python3.10/site-packages/airflow/example_dags/tutorial_taskflow_api.py
[2024-04-01T14:06:51.039+0000] {logging_mixin.py:154} INFO - [2024-04-01T14:06:51.039+0000] {dag.py:2941} INFO - Sync 1 DAGs
[2024-04-01T14:06:51.046+0000] {logging_mixin.py:154} INFO - [2024-04-01T14:06:51.046+0000] {dag.py:3722} INFO - Setting next_dagrun for tutorial_taskflow_api to None, run_after=None
[2024-04-01T14:06:51.054+0000] {processor.py:179} INFO - Processing /home/airflow/.local/lib/python3.10/site-packages/airflow/example_dags/tutorial_taskflow_api.py took 0.034 seconds
[2024-04-01T14:07:21.656+0000] {processor.py:157} INFO - Started process (PID=722) to work on /home/airflow/.local/lib/python3.10/site-packages/airflow/example_dags/tutorial_taskflow_api.py
[2024-04-01T14:07:21.656+0000] {processor.py:829} INFO - Processing file /home/airflow/.local/lib/python3.10/site-packages/airflow/example_dags/tutorial_taskflow_api.py for tasks to queue
[2024-04-01T14:07:21.657+0000] {logging_mixin.py:154} INFO - [2024-04-01T14:07:21.657+0000] {dagbag.py:536} INFO - Filling up the DagBag from /home/airflow/.local/lib/python3.10/site-packages/airflow/example_dags/tutorial_taskflow_api.py
[2024-04-01T14:07:21.661+0000] {processor.py:839} INFO - DAG(s) dict_keys(['tutorial_taskflow_api']) retrieved from /home/airflow/.local/lib/python3.10/site-packages/airflow/example_dags/tutorial_taskflow_api.py
[2024-04-01T14:07:21.673+0000] {logging_mixin.py:154} INFO - [2024-04-01T14:07:21.673+0000] {dag.py:2941} INFO - Sync 1 DAGs
[2024-04-01T14:07:21.680+0000] {logging_mixin.py:154} INFO - [2024-04-01T14:07:21.680+0000] {dag.py:3722} INFO - Setting next_dagrun for tutorial_taskflow_api to None, run_after=None
[2024-04-01T14:07:21.689+0000] {processor.py:179} INFO - Processing /home/airflow/.local/lib/python3.10/site-packages/airflow/example_dags/tutorial_taskflow_api.py took 0.035 seconds
[2024-04-01T14:07:52.216+0000] {processor.py:157} INFO - Started process (PID=776) to work on /home/airflow/.local/lib/python3.10/site-packages/airflow/example_dags/tutorial_taskflow_api.py
[2024-04-01T14:07:52.217+0000] {processor.py:829} INFO - Processing file /home/airflow/.local/lib/python3.10/site-packages/airflow/example_dags/tutorial_taskflow_api.py for tasks to queue
[2024-04-01T14:07:52.218+0000] {logging_mixin.py:154} INFO - [2024-04-01T14:07:52.218+0000] {dagbag.py:536} INFO - Filling up the DagBag from /home/airflow/.local/lib/python3.10/site-packages/airflow/example_dags/tutorial_taskflow_api.py
[2024-04-01T14:07:52.222+0000] {processor.py:839} INFO - DAG(s) dict_keys(['tutorial_taskflow_api']) retrieved from /home/airflow/.local/lib/python3.10/site-packages/airflow/example_dags/tutorial_taskflow_api.py
[2024-04-01T14:07:52.234+0000] {logging_mixin.py:154} INFO - [2024-04-01T14:07:52.234+0000] {dag.py:2941} INFO - Sync 1 DAGs
[2024-04-01T14:07:52.240+0000] {logging_mixin.py:154} INFO - [2024-04-01T14:07:52.240+0000] {dag.py:3722} INFO - Setting next_dagrun for tutorial_taskflow_api to None, run_after=None
[2024-04-01T14:07:52.249+0000] {processor.py:179} INFO - Processing /home/airflow/.local/lib/python3.10/site-packages/airflow/example_dags/tutorial_taskflow_api.py took 0.035 seconds
[2024-04-01T14:08:22.818+0000] {processor.py:157} INFO - Started process (PID=829) to work on /home/airflow/.local/lib/python3.10/site-packages/airflow/example_dags/tutorial_taskflow_api.py
[2024-04-01T14:08:22.818+0000] {processor.py:829} INFO - Processing file /home/airflow/.local/lib/python3.10/site-packages/airflow/example_dags/tutorial_taskflow_api.py for tasks to queue
[2024-04-01T14:08:22.819+0000] {logging_mixin.py:154} INFO - [2024-04-01T14:08:22.819+0000] {dagbag.py:536} INFO - Filling up the DagBag from /home/airflow/.local/lib/python3.10/site-packages/airflow/example_dags/tutorial_taskflow_api.py
[2024-04-01T14:08:22.823+0000] {processor.py:839} INFO - DAG(s) dict_keys(['tutorial_taskflow_api']) retrieved from /home/airflow/.local/lib/python3.10/site-packages/airflow/example_dags/tutorial_taskflow_api.py
[2024-04-01T14:08:22.835+0000] {logging_mixin.py:154} INFO - [2024-04-01T14:08:22.835+0000] {dag.py:2941} INFO - Sync 1 DAGs
[2024-04-01T14:08:22.841+0000] {logging_mixin.py:154} INFO - [2024-04-01T14:08:22.841+0000] {dag.py:3722} INFO - Setting next_dagrun for tutorial_taskflow_api to None, run_after=None
[2024-04-01T14:08:22.850+0000] {processor.py:179} INFO - Processing /home/airflow/.local/lib/python3.10/site-packages/airflow/example_dags/tutorial_taskflow_api.py took 0.034 seconds
[2024-04-01T14:08:53.651+0000] {processor.py:157} INFO - Started process (PID=884) to work on /home/airflow/.local/lib/python3.10/site-packages/airflow/example_dags/tutorial_taskflow_api.py
[2024-04-01T14:08:53.651+0000] {processor.py:829} INFO - Processing file /home/airflow/.local/lib/python3.10/site-packages/airflow/example_dags/tutorial_taskflow_api.py for tasks to queue
[2024-04-01T14:08:53.652+0000] {logging_mixin.py:154} INFO - [2024-04-01T14:08:53.652+0000] {dagbag.py:536} INFO - Filling up the DagBag from /home/airflow/.local/lib/python3.10/site-packages/airflow/example_dags/tutorial_taskflow_api.py
[2024-04-01T14:08:53.656+0000] {processor.py:839} INFO - DAG(s) dict_keys(['tutorial_taskflow_api']) retrieved from /home/airflow/.local/lib/python3.10/site-packages/airflow/example_dags/tutorial_taskflow_api.py
[2024-04-01T14:08:53.668+0000] {logging_mixin.py:154} INFO - [2024-04-01T14:08:53.668+0000] {dag.py:2941} INFO - Sync 1 DAGs
[2024-04-01T14:08:53.675+0000] {logging_mixin.py:154} INFO - [2024-04-01T14:08:53.675+0000] {dag.py:3722} INFO - Setting next_dagrun for tutorial_taskflow_api to None, run_after=None
[2024-04-01T14:08:53.684+0000] {processor.py:179} INFO - Processing /home/airflow/.local/lib/python3.10/site-packages/airflow/example_dags/tutorial_taskflow_api.py took 0.035 seconds
[2024-04-01T14:09:24.317+0000] {processor.py:157} INFO - Started process (PID=938) to work on /home/airflow/.local/lib/python3.10/site-packages/airflow/example_dags/tutorial_taskflow_api.py
[2024-04-01T14:09:24.318+0000] {processor.py:829} INFO - Processing file /home/airflow/.local/lib/python3.10/site-packages/airflow/example_dags/tutorial_taskflow_api.py for tasks to queue
[2024-04-01T14:09:24.319+0000] {logging_mixin.py:154} INFO - [2024-04-01T14:09:24.319+0000] {dagbag.py:536} INFO - Filling up the DagBag from /home/airflow/.local/lib/python3.10/site-packages/airflow/example_dags/tutorial_taskflow_api.py
[2024-04-01T14:09:24.323+0000] {processor.py:839} INFO - DAG(s) dict_keys(['tutorial_taskflow_api']) retrieved from /home/airflow/.local/lib/python3.10/site-packages/airflow/example_dags/tutorial_taskflow_api.py
[2024-04-01T14:09:24.335+0000] {logging_mixin.py:154} INFO - [2024-04-01T14:09:24.335+0000] {dag.py:2941} INFO - Sync 1 DAGs
[2024-04-01T14:09:24.342+0000] {logging_mixin.py:154} INFO - [2024-04-01T14:09:24.342+0000] {dag.py:3722} INFO - Setting next_dagrun for tutorial_taskflow_api to None, run_after=None
[2024-04-01T14:09:24.351+0000] {processor.py:179} INFO - Processing /home/airflow/.local/lib/python3.10/site-packages/airflow/example_dags/tutorial_taskflow_api.py took 0.036 seconds
[2024-04-01T14:09:55.011+0000] {processor.py:157} INFO - Started process (PID=992) to work on /home/airflow/.local/lib/python3.10/site-packages/airflow/example_dags/tutorial_taskflow_api.py
[2024-04-01T14:09:55.011+0000] {processor.py:829} INFO - Processing file /home/airflow/.local/lib/python3.10/site-packages/airflow/example_dags/tutorial_taskflow_api.py for tasks to queue
[2024-04-01T14:09:55.013+0000] {logging_mixin.py:154} INFO - [2024-04-01T14:09:55.012+0000] {dagbag.py:536} INFO - Filling up the DagBag from /home/airflow/.local/lib/python3.10/site-packages/airflow/example_dags/tutorial_taskflow_api.py
[2024-04-01T14:09:55.017+0000] {processor.py:839} INFO - DAG(s) dict_keys(['tutorial_taskflow_api']) retrieved from /home/airflow/.local/lib/python3.10/site-packages/airflow/example_dags/tutorial_taskflow_api.py
[2024-04-01T14:09:55.029+0000] {logging_mixin.py:154} INFO - [2024-04-01T14:09:55.029+0000] {dag.py:2941} INFO - Sync 1 DAGs
[2024-04-01T14:09:55.037+0000] {logging_mixin.py:154} INFO - [2024-04-01T14:09:55.037+0000] {dag.py:3722} INFO - Setting next_dagrun for tutorial_taskflow_api to None, run_after=None
[2024-04-01T14:09:55.048+0000] {processor.py:179} INFO - Processing /home/airflow/.local/lib/python3.10/site-packages/airflow/example_dags/tutorial_taskflow_api.py took 0.040 seconds
[2024-04-01T14:10:25.630+0000] {processor.py:157} INFO - Started process (PID=1046) to work on /home/airflow/.local/lib/python3.10/site-packages/airflow/example_dags/tutorial_taskflow_api.py
[2024-04-01T14:10:25.630+0000] {processor.py:829} INFO - Processing file /home/airflow/.local/lib/python3.10/site-packages/airflow/example_dags/tutorial_taskflow_api.py for tasks to queue
[2024-04-01T14:10:25.632+0000] {logging_mixin.py:154} INFO - [2024-04-01T14:10:25.631+0000] {dagbag.py:536} INFO - Filling up the DagBag from /home/airflow/.local/lib/python3.10/site-packages/airflow/example_dags/tutorial_taskflow_api.py
[2024-04-01T14:10:25.635+0000] {processor.py:839} INFO - DAG(s) dict_keys(['tutorial_taskflow_api']) retrieved from /home/airflow/.local/lib/python3.10/site-packages/airflow/example_dags/tutorial_taskflow_api.py
[2024-04-01T14:10:25.647+0000] {logging_mixin.py:154} INFO - [2024-04-01T14:10:25.647+0000] {dag.py:2941} INFO - Sync 1 DAGs
[2024-04-01T14:10:25.654+0000] {logging_mixin.py:154} INFO - [2024-04-01T14:10:25.654+0000] {dag.py:3722} INFO - Setting next_dagrun for tutorial_taskflow_api to None, run_after=None
[2024-04-01T14:10:25.663+0000] {processor.py:179} INFO - Processing /home/airflow/.local/lib/python3.10/site-packages/airflow/example_dags/tutorial_taskflow_api.py took 0.035 seconds
[2024-04-01T14:10:56.248+0000] {processor.py:157} INFO - Started process (PID=1100) to work on /home/airflow/.local/lib/python3.10/site-packages/airflow/example_dags/tutorial_taskflow_api.py
[2024-04-01T14:10:56.249+0000] {processor.py:829} INFO - Processing file /home/airflow/.local/lib/python3.10/site-packages/airflow/example_dags/tutorial_taskflow_api.py for tasks to queue
[2024-04-01T14:10:56.250+0000] {logging_mixin.py:154} INFO - [2024-04-01T14:10:56.250+0000] {dagbag.py:536} INFO - Filling up the DagBag from /home/airflow/.local/lib/python3.10/site-packages/airflow/example_dags/tutorial_taskflow_api.py
[2024-04-01T14:10:56.254+0000] {processor.py:839} INFO - DAG(s) dict_keys(['tutorial_taskflow_api']) retrieved from /home/airflow/.local/lib/python3.10/site-packages/airflow/example_dags/tutorial_taskflow_api.py
[2024-04-01T14:10:56.266+0000] {logging_mixin.py:154} INFO - [2024-04-01T14:10:56.265+0000] {dag.py:2941} INFO - Sync 1 DAGs
[2024-04-01T14:10:56.272+0000] {logging_mixin.py:154} INFO - [2024-04-01T14:10:56.272+0000] {dag.py:3722} INFO - Setting next_dagrun for tutorial_taskflow_api to None, run_after=None
[2024-04-01T14:10:56.280+0000] {processor.py:179} INFO - Processing /home/airflow/.local/lib/python3.10/site-packages/airflow/example_dags/tutorial_taskflow_api.py took 0.034 seconds
[2024-04-01T14:11:26.961+0000] {processor.py:157} INFO - Started process (PID=1154) to work on /home/airflow/.local/lib/python3.10/site-packages/airflow/example_dags/tutorial_taskflow_api.py
[2024-04-01T14:11:26.961+0000] {processor.py:829} INFO - Processing file /home/airflow/.local/lib/python3.10/site-packages/airflow/example_dags/tutorial_taskflow_api.py for tasks to queue
[2024-04-01T14:11:26.962+0000] {logging_mixin.py:154} INFO - [2024-04-01T14:11:26.962+0000] {dagbag.py:536} INFO - Filling up the DagBag from /home/airflow/.local/lib/python3.10/site-packages/airflow/example_dags/tutorial_taskflow_api.py
[2024-04-01T14:11:26.966+0000] {processor.py:839} INFO - DAG(s) dict_keys(['tutorial_taskflow_api']) retrieved from /home/airflow/.local/lib/python3.10/site-packages/airflow/example_dags/tutorial_taskflow_api.py
[2024-04-01T14:11:26.978+0000] {logging_mixin.py:154} INFO - [2024-04-01T14:11:26.978+0000] {dag.py:2941} INFO - Sync 1 DAGs
[2024-04-01T14:11:26.984+0000] {logging_mixin.py:154} INFO - [2024-04-01T14:11:26.984+0000] {dag.py:3722} INFO - Setting next_dagrun for tutorial_taskflow_api to None, run_after=None
[2024-04-01T14:11:26.993+0000] {processor.py:179} INFO - Processing /home/airflow/.local/lib/python3.10/site-packages/airflow/example_dags/tutorial_taskflow_api.py took 0.034 seconds
[2024-04-01T14:11:57.797+0000] {processor.py:157} INFO - Started process (PID=1208) to work on /home/airflow/.local/lib/python3.10/site-packages/airflow/example_dags/tutorial_taskflow_api.py
[2024-04-01T14:11:57.797+0000] {processor.py:829} INFO - Processing file /home/airflow/.local/lib/python3.10/site-packages/airflow/example_dags/tutorial_taskflow_api.py for tasks to queue
[2024-04-01T14:11:57.799+0000] {logging_mixin.py:154} INFO - [2024-04-01T14:11:57.798+0000] {dagbag.py:536} INFO - Filling up the DagBag from /home/airflow/.local/lib/python3.10/site-packages/airflow/example_dags/tutorial_taskflow_api.py
[2024-04-01T14:11:57.802+0000] {processor.py:839} INFO - DAG(s) dict_keys(['tutorial_taskflow_api']) retrieved from /home/airflow/.local/lib/python3.10/site-packages/airflow/example_dags/tutorial_taskflow_api.py
[2024-04-01T14:11:57.814+0000] {logging_mixin.py:154} INFO - [2024-04-01T14:11:57.814+0000] {dag.py:2941} INFO - Sync 1 DAGs
[2024-04-01T14:11:57.821+0000] {logging_mixin.py:154} INFO - [2024-04-01T14:11:57.821+0000] {dag.py:3722} INFO - Setting next_dagrun for tutorial_taskflow_api to None, run_after=None
[2024-04-01T14:11:57.830+0000] {processor.py:179} INFO - Processing /home/airflow/.local/lib/python3.10/site-packages/airflow/example_dags/tutorial_taskflow_api.py took 0.035 seconds
[2024-04-01T14:12:28.391+0000] {processor.py:157} INFO - Started process (PID=1262) to work on /home/airflow/.local/lib/python3.10/site-packages/airflow/example_dags/tutorial_taskflow_api.py
[2024-04-01T14:12:28.392+0000] {processor.py:829} INFO - Processing file /home/airflow/.local/lib/python3.10/site-packages/airflow/example_dags/tutorial_taskflow_api.py for tasks to queue
[2024-04-01T14:12:28.393+0000] {logging_mixin.py:154} INFO - [2024-04-01T14:12:28.393+0000] {dagbag.py:536} INFO - Filling up the DagBag from /home/airflow/.local/lib/python3.10/site-packages/airflow/example_dags/tutorial_taskflow_api.py
[2024-04-01T14:12:28.397+0000] {processor.py:839} INFO - DAG(s) dict_keys(['tutorial_taskflow_api']) retrieved from /home/airflow/.local/lib/python3.10/site-packages/airflow/example_dags/tutorial_taskflow_api.py
[2024-04-01T14:12:28.408+0000] {logging_mixin.py:154} INFO - [2024-04-01T14:12:28.408+0000] {dag.py:2941} INFO - Sync 1 DAGs
[2024-04-01T14:12:28.415+0000] {logging_mixin.py:154} INFO - [2024-04-01T14:12:28.415+0000] {dag.py:3722} INFO - Setting next_dagrun for tutorial_taskflow_api to None, run_after=None
[2024-04-01T14:12:28.424+0000] {processor.py:179} INFO - Processing /home/airflow/.local/lib/python3.10/site-packages/airflow/example_dags/tutorial_taskflow_api.py took 0.035 seconds
[2024-04-01T14:12:59.221+0000] {processor.py:157} INFO - Started process (PID=1316) to work on /home/airflow/.local/lib/python3.10/site-packages/airflow/example_dags/tutorial_taskflow_api.py
[2024-04-01T14:12:59.221+0000] {processor.py:829} INFO - Processing file /home/airflow/.local/lib/python3.10/site-packages/airflow/example_dags/tutorial_taskflow_api.py for tasks to queue
[2024-04-01T14:12:59.222+0000] {logging_mixin.py:154} INFO - [2024-04-01T14:12:59.222+0000] {dagbag.py:536} INFO - Filling up the DagBag from /home/airflow/.local/lib/python3.10/site-packages/airflow/example_dags/tutorial_taskflow_api.py
[2024-04-01T14:12:59.226+0000] {processor.py:839} INFO - DAG(s) dict_keys(['tutorial_taskflow_api']) retrieved from /home/airflow/.local/lib/python3.10/site-packages/airflow/example_dags/tutorial_taskflow_api.py
[2024-04-01T14:12:59.238+0000] {logging_mixin.py:154} INFO - [2024-04-01T14:12:59.238+0000] {dag.py:2941} INFO - Sync 1 DAGs
[2024-04-01T14:12:59.245+0000] {logging_mixin.py:154} INFO - [2024-04-01T14:12:59.245+0000] {dag.py:3722} INFO - Setting next_dagrun for tutorial_taskflow_api to None, run_after=None
[2024-04-01T14:12:59.253+0000] {processor.py:179} INFO - Processing /home/airflow/.local/lib/python3.10/site-packages/airflow/example_dags/tutorial_taskflow_api.py took 0.035 seconds
[2024-04-01T14:13:29.850+0000] {processor.py:157} INFO - Started process (PID=1370) to work on /home/airflow/.local/lib/python3.10/site-packages/airflow/example_dags/tutorial_taskflow_api.py
[2024-04-01T14:13:29.851+0000] {processor.py:829} INFO - Processing file /home/airflow/.local/lib/python3.10/site-packages/airflow/example_dags/tutorial_taskflow_api.py for tasks to queue
[2024-04-01T14:13:29.852+0000] {logging_mixin.py:154} INFO - [2024-04-01T14:13:29.852+0000] {dagbag.py:536} INFO - Filling up the DagBag from /home/airflow/.local/lib/python3.10/site-packages/airflow/example_dags/tutorial_taskflow_api.py
[2024-04-01T14:13:29.855+0000] {processor.py:839} INFO - DAG(s) dict_keys(['tutorial_taskflow_api']) retrieved from /home/airflow/.local/lib/python3.10/site-packages/airflow/example_dags/tutorial_taskflow_api.py
[2024-04-01T14:13:29.868+0000] {logging_mixin.py:154} INFO - [2024-04-01T14:13:29.867+0000] {dag.py:2941} INFO - Sync 1 DAGs
[2024-04-01T14:13:29.874+0000] {logging_mixin.py:154} INFO - [2024-04-01T14:13:29.874+0000] {dag.py:3722} INFO - Setting next_dagrun for tutorial_taskflow_api to None, run_after=None
[2024-04-01T14:13:29.883+0000] {processor.py:179} INFO - Processing /home/airflow/.local/lib/python3.10/site-packages/airflow/example_dags/tutorial_taskflow_api.py took 0.035 seconds
[2024-04-01T14:14:00.555+0000] {processor.py:157} INFO - Started process (PID=1424) to work on /home/airflow/.local/lib/python3.10/site-packages/airflow/example_dags/tutorial_taskflow_api.py
[2024-04-01T14:14:00.555+0000] {processor.py:829} INFO - Processing file /home/airflow/.local/lib/python3.10/site-packages/airflow/example_dags/tutorial_taskflow_api.py for tasks to queue
[2024-04-01T14:14:00.556+0000] {logging_mixin.py:154} INFO - [2024-04-01T14:14:00.556+0000] {dagbag.py:536} INFO - Filling up the DagBag from /home/airflow/.local/lib/python3.10/site-packages/airflow/example_dags/tutorial_taskflow_api.py
[2024-04-01T14:14:00.560+0000] {processor.py:839} INFO - DAG(s) dict_keys(['tutorial_taskflow_api']) retrieved from /home/airflow/.local/lib/python3.10/site-packages/airflow/example_dags/tutorial_taskflow_api.py
[2024-04-01T14:14:00.572+0000] {logging_mixin.py:154} INFO - [2024-04-01T14:14:00.572+0000] {dag.py:2941} INFO - Sync 1 DAGs
[2024-04-01T14:14:00.579+0000] {logging_mixin.py:154} INFO - [2024-04-01T14:14:00.579+0000] {dag.py:3722} INFO - Setting next_dagrun for tutorial_taskflow_api to None, run_after=None
[2024-04-01T14:14:00.588+0000] {processor.py:179} INFO - Processing /home/airflow/.local/lib/python3.10/site-packages/airflow/example_dags/tutorial_taskflow_api.py took 0.035 seconds
