[2024-05-18T21:57:51.995+0000] {processor.py:161} INFO - Started process (PID=40) to work on /opt/airflow/dags/get_odds_history.py
[2024-05-18T21:57:51.996+0000] {processor.py:830} INFO - Processing file /opt/airflow/dags/get_odds_history.py for tasks to queue
[2024-05-18T21:57:51.997+0000] {logging_mixin.py:188} INFO - [2024-05-18T21:57:51.996+0000] {dagbag.py:540} INFO - Filling up the DagBag from /opt/airflow/dags/get_odds_history.py
[2024-05-18T21:57:51.999+0000] {logging_mixin.py:188} INFO - [2024-05-18T21:57:51.998+0000] {dagbag.py:350} ERROR - Failed to import: /opt/airflow/dags/get_odds_history.py
Traceback (most recent call last):
  File "/home/airflow/.local/lib/python3.12/site-packages/airflow/models/dagbag.py", line 346, in parse
    loader.exec_module(new_module)
  File "<frozen importlib._bootstrap_external>", line 995, in exec_module
  File "<frozen importlib._bootstrap>", line 488, in _call_with_frames_removed
  File "/opt/airflow/dags/get_odds_history.py", line 2, in <module>
    from steps.get_odds_last import parser, create_db
  File "/opt/airflow/plugins/steps/get_odds_last.py", line 9, in <module>
    from steps.src.app import convert_data
  File "/opt/airflow/plugins/steps/src/app.py", line 4, in <module>
    from steps.src.config import headers
  File "/opt/airflow/plugins/steps/src/config.py", line 23
    'get_matches': 'https://footballapi.pulselive.com/football/stats/match',
                 ^
SyntaxError: invalid syntax
[2024-05-18T21:57:52.000+0000] {processor.py:842} WARNING - No viable dags retrieved from /opt/airflow/dags/get_odds_history.py
[2024-05-18T21:57:52.011+0000] {processor.py:183} INFO - Processing /opt/airflow/dags/get_odds_history.py took 0.020 seconds
[2024-05-18T21:58:02.062+0000] {processor.py:161} INFO - Started process (PID=43) to work on /opt/airflow/dags/get_odds_history.py
[2024-05-18T21:58:02.063+0000] {processor.py:830} INFO - Processing file /opt/airflow/dags/get_odds_history.py for tasks to queue
[2024-05-18T21:58:02.064+0000] {logging_mixin.py:188} INFO - [2024-05-18T21:58:02.063+0000] {dagbag.py:540} INFO - Filling up the DagBag from /opt/airflow/dags/get_odds_history.py
[2024-05-18T21:58:02.066+0000] {logging_mixin.py:188} INFO - [2024-05-18T21:58:02.065+0000] {dagbag.py:350} ERROR - Failed to import: /opt/airflow/dags/get_odds_history.py
Traceback (most recent call last):
  File "/home/airflow/.local/lib/python3.12/site-packages/airflow/models/dagbag.py", line 346, in parse
    loader.exec_module(new_module)
  File "<frozen importlib._bootstrap_external>", line 995, in exec_module
  File "<frozen importlib._bootstrap>", line 488, in _call_with_frames_removed
  File "/opt/airflow/dags/get_odds_history.py", line 2, in <module>
    from steps.get_odds_last import parser, create_db
  File "/opt/airflow/plugins/steps/get_odds_last.py", line 9, in <module>
    from steps.src.app import convert_data
  File "/opt/airflow/plugins/steps/src/app.py", line 4, in <module>
    from steps.src.config import headers
  File "/opt/airflow/plugins/steps/src/config.py", line 23
    'get_matches': 'https://footballapi.pulselive.com/football/stats/match',
                 ^
SyntaxError: invalid syntax
[2024-05-18T21:58:02.066+0000] {processor.py:842} WARNING - No viable dags retrieved from /opt/airflow/dags/get_odds_history.py
[2024-05-18T21:58:02.087+0000] {logging_mixin.py:188} INFO - [2024-05-18T21:58:02.087+0000] {taskinstance.py:2892} ERROR - {'DAG Id': 'get_odds_history', 'Task Id': 'parser', 'Run Id': 'manual__2024-05-11T16:21:50.167030+00:00', 'Hostname': 'decad16d0641', 'External Executor Id': 'fbdf0f6f-c034-4826-a68e-2a06ea213306'}
[2024-05-18T21:58:02.091+0000] {logging_mixin.py:188} INFO - [2024-05-18T21:58:02.091+0000] {taskinstance.py:1205} INFO - Marking task as FAILED. dag_id=get_odds_history, task_id=parser, execution_date=20240511T162150, start_date=20240511T162152, end_date=20240518T215802
[2024-05-18T21:58:02.098+0000] {processor.py:791} INFO - Executed failure callback for <TaskInstance: get_odds_history.parser manual__2024-05-11T16:21:50.167030+00:00 [failed]> in state failed
[2024-05-18T21:58:02.099+0000] {processor.py:183} INFO - Processing /opt/airflow/dags/get_odds_history.py took 0.041 seconds
[2024-05-18T21:58:32.193+0000] {processor.py:161} INFO - Started process (PID=53) to work on /opt/airflow/dags/get_odds_history.py
[2024-05-18T21:58:32.193+0000] {processor.py:830} INFO - Processing file /opt/airflow/dags/get_odds_history.py for tasks to queue
[2024-05-18T21:58:32.194+0000] {logging_mixin.py:188} INFO - [2024-05-18T21:58:32.194+0000] {dagbag.py:540} INFO - Filling up the DagBag from /opt/airflow/dags/get_odds_history.py
[2024-05-18T21:58:32.197+0000] {logging_mixin.py:188} INFO - [2024-05-18T21:58:32.196+0000] {dagbag.py:350} ERROR - Failed to import: /opt/airflow/dags/get_odds_history.py
Traceback (most recent call last):
  File "/home/airflow/.local/lib/python3.12/site-packages/airflow/models/dagbag.py", line 346, in parse
    loader.exec_module(new_module)
  File "<frozen importlib._bootstrap_external>", line 995, in exec_module
  File "<frozen importlib._bootstrap>", line 488, in _call_with_frames_removed
  File "/opt/airflow/dags/get_odds_history.py", line 2, in <module>
    from steps.get_odds_last import parser, create_db
  File "/opt/airflow/plugins/steps/get_odds_last.py", line 9, in <module>
    from steps.src.app import convert_data
  File "/opt/airflow/plugins/steps/src/app.py", line 4, in <module>
    from steps.src.config import headers
  File "/opt/airflow/plugins/steps/src/config.py", line 23
    'get_matches': 'https://footballapi.pulselive.com/football/stats/match',
                 ^
SyntaxError: invalid syntax
[2024-05-18T21:58:32.197+0000] {processor.py:842} WARNING - No viable dags retrieved from /opt/airflow/dags/get_odds_history.py
[2024-05-18T21:58:32.208+0000] {processor.py:183} INFO - Processing /opt/airflow/dags/get_odds_history.py took 0.019 seconds
[2024-05-18T21:59:02.343+0000] {processor.py:161} INFO - Started process (PID=63) to work on /opt/airflow/dags/get_odds_history.py
[2024-05-18T21:59:02.344+0000] {processor.py:830} INFO - Processing file /opt/airflow/dags/get_odds_history.py for tasks to queue
[2024-05-18T21:59:02.344+0000] {logging_mixin.py:188} INFO - [2024-05-18T21:59:02.344+0000] {dagbag.py:540} INFO - Filling up the DagBag from /opt/airflow/dags/get_odds_history.py
[2024-05-18T21:59:02.347+0000] {logging_mixin.py:188} INFO - [2024-05-18T21:59:02.346+0000] {dagbag.py:350} ERROR - Failed to import: /opt/airflow/dags/get_odds_history.py
Traceback (most recent call last):
  File "/home/airflow/.local/lib/python3.12/site-packages/airflow/models/dagbag.py", line 346, in parse
    loader.exec_module(new_module)
  File "<frozen importlib._bootstrap_external>", line 995, in exec_module
  File "<frozen importlib._bootstrap>", line 488, in _call_with_frames_removed
  File "/opt/airflow/dags/get_odds_history.py", line 2, in <module>
    from steps.get_odds_last import parser, create_db
  File "/opt/airflow/plugins/steps/get_odds_last.py", line 9, in <module>
    from steps.src.app import convert_data
  File "/opt/airflow/plugins/steps/src/app.py", line 4, in <module>
    from steps.src.config import headers
  File "/opt/airflow/plugins/steps/src/config.py", line 23
    'get_matches': 'https://footballapi.pulselive.com/football/stats/match',
                 ^
SyntaxError: invalid syntax
[2024-05-18T21:59:02.347+0000] {processor.py:842} WARNING - No viable dags retrieved from /opt/airflow/dags/get_odds_history.py
[2024-05-18T21:59:02.357+0000] {processor.py:183} INFO - Processing /opt/airflow/dags/get_odds_history.py took 0.018 seconds
[2024-05-18T21:59:32.494+0000] {processor.py:161} INFO - Started process (PID=73) to work on /opt/airflow/dags/get_odds_history.py
[2024-05-18T21:59:32.500+0000] {processor.py:830} INFO - Processing file /opt/airflow/dags/get_odds_history.py for tasks to queue
[2024-05-18T21:59:32.501+0000] {logging_mixin.py:188} INFO - [2024-05-18T21:59:32.500+0000] {dagbag.py:540} INFO - Filling up the DagBag from /opt/airflow/dags/get_odds_history.py
[2024-05-18T21:59:32.503+0000] {logging_mixin.py:188} INFO - [2024-05-18T21:59:32.503+0000] {dagbag.py:350} ERROR - Failed to import: /opt/airflow/dags/get_odds_history.py
Traceback (most recent call last):
  File "/home/airflow/.local/lib/python3.12/site-packages/airflow/models/dagbag.py", line 346, in parse
    loader.exec_module(new_module)
  File "<frozen importlib._bootstrap_external>", line 995, in exec_module
  File "<frozen importlib._bootstrap>", line 488, in _call_with_frames_removed
  File "/opt/airflow/dags/get_odds_history.py", line 2, in <module>
    from steps.get_odds_last import parser, create_db
  File "/opt/airflow/plugins/steps/get_odds_last.py", line 9, in <module>
    from steps.src.app import convert_data
  File "/opt/airflow/plugins/steps/src/app.py", line 4, in <module>
    from steps.src.config import headers
  File "/opt/airflow/plugins/steps/src/config.py", line 23
    'get_matches': 'https://footballapi.pulselive.com/football/stats/match',
                 ^
SyntaxError: invalid syntax
[2024-05-18T21:59:32.504+0000] {processor.py:842} WARNING - No viable dags retrieved from /opt/airflow/dags/get_odds_history.py
[2024-05-18T21:59:32.514+0000] {processor.py:183} INFO - Processing /opt/airflow/dags/get_odds_history.py took 0.024 seconds
[2024-05-18T22:05:35.801+0000] {processor.py:161} INFO - Started process (PID=41) to work on /opt/airflow/dags/get_odds_history.py
[2024-05-18T22:05:35.802+0000] {processor.py:830} INFO - Processing file /opt/airflow/dags/get_odds_history.py for tasks to queue
[2024-05-18T22:05:35.803+0000] {logging_mixin.py:188} INFO - [2024-05-18T22:05:35.803+0000] {dagbag.py:540} INFO - Filling up the DagBag from /opt/airflow/dags/get_odds_history.py
[2024-05-18T22:05:35.808+0000] {processor.py:840} INFO - DAG(s) 'get_odds_history' retrieved from /opt/airflow/dags/get_odds_history.py
[2024-05-18T22:05:35.879+0000] {logging_mixin.py:188} INFO - [2024-05-18T22:05:35.879+0000] {dag.py:3096} INFO - Sync 1 DAGs
[2024-05-18T22:05:35.891+0000] {logging_mixin.py:188} INFO - [2024-05-18T22:05:35.891+0000] {dag.py:3954} INFO - Setting next_dagrun for get_odds_history to None, run_after=None
[2024-05-18T22:05:35.901+0000] {processor.py:183} INFO - Processing /opt/airflow/dags/get_odds_history.py took 0.104 seconds
[2024-05-18T22:06:06.562+0000] {processor.py:161} INFO - Started process (PID=52) to work on /opt/airflow/dags/get_odds_history.py
[2024-05-18T22:06:06.562+0000] {processor.py:830} INFO - Processing file /opt/airflow/dags/get_odds_history.py for tasks to queue
[2024-05-18T22:06:06.564+0000] {logging_mixin.py:188} INFO - [2024-05-18T22:06:06.564+0000] {dagbag.py:540} INFO - Filling up the DagBag from /opt/airflow/dags/get_odds_history.py
[2024-05-18T22:06:06.568+0000] {processor.py:840} INFO - DAG(s) 'get_odds_history' retrieved from /opt/airflow/dags/get_odds_history.py
[2024-05-18T22:06:06.585+0000] {logging_mixin.py:188} INFO - [2024-05-18T22:06:06.585+0000] {dag.py:3096} INFO - Sync 1 DAGs
[2024-05-18T22:06:06.599+0000] {logging_mixin.py:188} INFO - [2024-05-18T22:06:06.598+0000] {dag.py:3954} INFO - Setting next_dagrun for get_odds_history to None, run_after=None
[2024-05-18T22:06:06.607+0000] {processor.py:183} INFO - Processing /opt/airflow/dags/get_odds_history.py took 0.049 seconds
[2024-05-18T22:06:37.274+0000] {processor.py:161} INFO - Started process (PID=69) to work on /opt/airflow/dags/get_odds_history.py
[2024-05-18T22:06:37.275+0000] {processor.py:830} INFO - Processing file /opt/airflow/dags/get_odds_history.py for tasks to queue
[2024-05-18T22:06:37.276+0000] {logging_mixin.py:188} INFO - [2024-05-18T22:06:37.275+0000] {dagbag.py:540} INFO - Filling up the DagBag from /opt/airflow/dags/get_odds_history.py
[2024-05-18T22:06:37.280+0000] {processor.py:840} INFO - DAG(s) 'get_odds_history' retrieved from /opt/airflow/dags/get_odds_history.py
[2024-05-18T22:06:37.299+0000] {logging_mixin.py:188} INFO - [2024-05-18T22:06:37.298+0000] {dag.py:3096} INFO - Sync 1 DAGs
[2024-05-18T22:06:37.311+0000] {logging_mixin.py:188} INFO - [2024-05-18T22:06:37.310+0000] {dag.py:3954} INFO - Setting next_dagrun for get_odds_history to None, run_after=None
[2024-05-18T22:06:37.319+0000] {processor.py:183} INFO - Processing /opt/airflow/dags/get_odds_history.py took 0.049 seconds
[2024-05-18T22:07:08.027+0000] {processor.py:161} INFO - Started process (PID=80) to work on /opt/airflow/dags/get_odds_history.py
[2024-05-18T22:07:08.028+0000] {processor.py:830} INFO - Processing file /opt/airflow/dags/get_odds_history.py for tasks to queue
[2024-05-18T22:07:08.029+0000] {logging_mixin.py:188} INFO - [2024-05-18T22:07:08.028+0000] {dagbag.py:540} INFO - Filling up the DagBag from /opt/airflow/dags/get_odds_history.py
[2024-05-18T22:07:08.033+0000] {processor.py:840} INFO - DAG(s) 'get_odds_history' retrieved from /opt/airflow/dags/get_odds_history.py
[2024-05-18T22:07:08.049+0000] {logging_mixin.py:188} INFO - [2024-05-18T22:07:08.049+0000] {dag.py:3096} INFO - Sync 1 DAGs
[2024-05-18T22:07:08.061+0000] {logging_mixin.py:188} INFO - [2024-05-18T22:07:08.060+0000] {dag.py:3954} INFO - Setting next_dagrun for get_odds_history to None, run_after=None
[2024-05-18T22:07:08.069+0000] {processor.py:183} INFO - Processing /opt/airflow/dags/get_odds_history.py took 0.045 seconds
[2024-05-18T22:07:38.771+0000] {processor.py:161} INFO - Started process (PID=91) to work on /opt/airflow/dags/get_odds_history.py
[2024-05-18T22:07:38.771+0000] {processor.py:830} INFO - Processing file /opt/airflow/dags/get_odds_history.py for tasks to queue
[2024-05-18T22:07:38.772+0000] {logging_mixin.py:188} INFO - [2024-05-18T22:07:38.772+0000] {dagbag.py:540} INFO - Filling up the DagBag from /opt/airflow/dags/get_odds_history.py
[2024-05-18T22:07:38.777+0000] {processor.py:840} INFO - DAG(s) 'get_odds_history' retrieved from /opt/airflow/dags/get_odds_history.py
[2024-05-18T22:07:38.792+0000] {logging_mixin.py:188} INFO - [2024-05-18T22:07:38.792+0000] {dag.py:3096} INFO - Sync 1 DAGs
[2024-05-18T22:07:38.804+0000] {logging_mixin.py:188} INFO - [2024-05-18T22:07:38.804+0000] {dag.py:3954} INFO - Setting next_dagrun for get_odds_history to None, run_after=None
[2024-05-18T22:07:38.813+0000] {processor.py:183} INFO - Processing /opt/airflow/dags/get_odds_history.py took 0.046 seconds
[2024-05-18T22:08:09.456+0000] {processor.py:161} INFO - Started process (PID=102) to work on /opt/airflow/dags/get_odds_history.py
[2024-05-18T22:08:09.457+0000] {processor.py:830} INFO - Processing file /opt/airflow/dags/get_odds_history.py for tasks to queue
[2024-05-18T22:08:09.458+0000] {logging_mixin.py:188} INFO - [2024-05-18T22:08:09.458+0000] {dagbag.py:540} INFO - Filling up the DagBag from /opt/airflow/dags/get_odds_history.py
[2024-05-18T22:08:09.463+0000] {processor.py:840} INFO - DAG(s) 'get_odds_history' retrieved from /opt/airflow/dags/get_odds_history.py
[2024-05-18T22:08:09.479+0000] {logging_mixin.py:188} INFO - [2024-05-18T22:08:09.479+0000] {dag.py:3096} INFO - Sync 1 DAGs
[2024-05-18T22:08:09.491+0000] {logging_mixin.py:188} INFO - [2024-05-18T22:08:09.490+0000] {dag.py:3954} INFO - Setting next_dagrun for get_odds_history to None, run_after=None
[2024-05-18T22:08:09.500+0000] {processor.py:183} INFO - Processing /opt/airflow/dags/get_odds_history.py took 0.048 seconds
[2024-05-18T22:08:40.156+0000] {processor.py:161} INFO - Started process (PID=113) to work on /opt/airflow/dags/get_odds_history.py
[2024-05-18T22:08:40.157+0000] {processor.py:830} INFO - Processing file /opt/airflow/dags/get_odds_history.py for tasks to queue
[2024-05-18T22:08:40.158+0000] {logging_mixin.py:188} INFO - [2024-05-18T22:08:40.157+0000] {dagbag.py:540} INFO - Filling up the DagBag from /opt/airflow/dags/get_odds_history.py
[2024-05-18T22:08:40.163+0000] {processor.py:840} INFO - DAG(s) 'get_odds_history' retrieved from /opt/airflow/dags/get_odds_history.py
[2024-05-18T22:08:40.181+0000] {logging_mixin.py:188} INFO - [2024-05-18T22:08:40.181+0000] {dag.py:3096} INFO - Sync 1 DAGs
[2024-05-18T22:08:40.195+0000] {logging_mixin.py:188} INFO - [2024-05-18T22:08:40.195+0000] {dag.py:3954} INFO - Setting next_dagrun for get_odds_history to None, run_after=None
[2024-05-18T22:08:40.204+0000] {processor.py:183} INFO - Processing /opt/airflow/dags/get_odds_history.py took 0.051 seconds
[2024-05-18T22:09:10.828+0000] {processor.py:161} INFO - Started process (PID=124) to work on /opt/airflow/dags/get_odds_history.py
[2024-05-18T22:09:10.829+0000] {processor.py:830} INFO - Processing file /opt/airflow/dags/get_odds_history.py for tasks to queue
[2024-05-18T22:09:10.830+0000] {logging_mixin.py:188} INFO - [2024-05-18T22:09:10.830+0000] {dagbag.py:540} INFO - Filling up the DagBag from /opt/airflow/dags/get_odds_history.py
[2024-05-18T22:09:10.836+0000] {processor.py:840} INFO - DAG(s) 'get_odds_history' retrieved from /opt/airflow/dags/get_odds_history.py
[2024-05-18T22:09:10.854+0000] {logging_mixin.py:188} INFO - [2024-05-18T22:09:10.854+0000] {dag.py:3096} INFO - Sync 1 DAGs
[2024-05-18T22:09:10.869+0000] {logging_mixin.py:188} INFO - [2024-05-18T22:09:10.868+0000] {dag.py:3954} INFO - Setting next_dagrun for get_odds_history to None, run_after=None
[2024-05-18T22:09:10.879+0000] {processor.py:183} INFO - Processing /opt/airflow/dags/get_odds_history.py took 0.054 seconds
[2024-05-18T22:09:41.597+0000] {processor.py:161} INFO - Started process (PID=135) to work on /opt/airflow/dags/get_odds_history.py
[2024-05-18T22:09:41.597+0000] {processor.py:830} INFO - Processing file /opt/airflow/dags/get_odds_history.py for tasks to queue
[2024-05-18T22:09:41.599+0000] {logging_mixin.py:188} INFO - [2024-05-18T22:09:41.598+0000] {dagbag.py:540} INFO - Filling up the DagBag from /opt/airflow/dags/get_odds_history.py
[2024-05-18T22:09:41.604+0000] {processor.py:840} INFO - DAG(s) 'get_odds_history' retrieved from /opt/airflow/dags/get_odds_history.py
[2024-05-18T22:09:41.622+0000] {logging_mixin.py:188} INFO - [2024-05-18T22:09:41.622+0000] {dag.py:3096} INFO - Sync 1 DAGs
[2024-05-18T22:09:41.635+0000] {logging_mixin.py:188} INFO - [2024-05-18T22:09:41.635+0000] {dag.py:3954} INFO - Setting next_dagrun for get_odds_history to None, run_after=None
[2024-05-18T22:09:41.644+0000] {processor.py:183} INFO - Processing /opt/airflow/dags/get_odds_history.py took 0.051 seconds
[2024-05-18T22:10:12.377+0000] {processor.py:161} INFO - Started process (PID=146) to work on /opt/airflow/dags/get_odds_history.py
[2024-05-18T22:10:12.377+0000] {processor.py:830} INFO - Processing file /opt/airflow/dags/get_odds_history.py for tasks to queue
[2024-05-18T22:10:12.379+0000] {logging_mixin.py:188} INFO - [2024-05-18T22:10:12.378+0000] {dagbag.py:540} INFO - Filling up the DagBag from /opt/airflow/dags/get_odds_history.py
[2024-05-18T22:10:12.384+0000] {processor.py:840} INFO - DAG(s) 'get_odds_history' retrieved from /opt/airflow/dags/get_odds_history.py
[2024-05-18T22:10:12.403+0000] {logging_mixin.py:188} INFO - [2024-05-18T22:10:12.403+0000] {dag.py:3096} INFO - Sync 1 DAGs
[2024-05-18T22:10:12.421+0000] {logging_mixin.py:188} INFO - [2024-05-18T22:10:12.421+0000] {dag.py:3954} INFO - Setting next_dagrun for get_odds_history to None, run_after=None
[2024-05-18T22:10:12.431+0000] {processor.py:183} INFO - Processing /opt/airflow/dags/get_odds_history.py took 0.059 seconds
[2024-05-18T22:10:43.146+0000] {processor.py:161} INFO - Started process (PID=157) to work on /opt/airflow/dags/get_odds_history.py
[2024-05-18T22:10:43.146+0000] {processor.py:830} INFO - Processing file /opt/airflow/dags/get_odds_history.py for tasks to queue
[2024-05-18T22:10:43.148+0000] {logging_mixin.py:188} INFO - [2024-05-18T22:10:43.148+0000] {dagbag.py:540} INFO - Filling up the DagBag from /opt/airflow/dags/get_odds_history.py
[2024-05-18T22:10:43.153+0000] {processor.py:840} INFO - DAG(s) 'get_odds_history' retrieved from /opt/airflow/dags/get_odds_history.py
[2024-05-18T22:10:43.170+0000] {logging_mixin.py:188} INFO - [2024-05-18T22:10:43.170+0000] {dag.py:3096} INFO - Sync 1 DAGs
[2024-05-18T22:10:43.183+0000] {logging_mixin.py:188} INFO - [2024-05-18T22:10:43.183+0000] {dag.py:3954} INFO - Setting next_dagrun for get_odds_history to None, run_after=None
[2024-05-18T22:10:43.192+0000] {processor.py:183} INFO - Processing /opt/airflow/dags/get_odds_history.py took 0.050 seconds
[2024-05-18T22:11:13.935+0000] {processor.py:161} INFO - Started process (PID=168) to work on /opt/airflow/dags/get_odds_history.py
[2024-05-18T22:11:13.936+0000] {processor.py:830} INFO - Processing file /opt/airflow/dags/get_odds_history.py for tasks to queue
[2024-05-18T22:11:13.937+0000] {logging_mixin.py:188} INFO - [2024-05-18T22:11:13.937+0000] {dagbag.py:540} INFO - Filling up the DagBag from /opt/airflow/dags/get_odds_history.py
[2024-05-18T22:11:13.942+0000] {processor.py:840} INFO - DAG(s) 'get_odds_history' retrieved from /opt/airflow/dags/get_odds_history.py
[2024-05-18T22:11:13.959+0000] {logging_mixin.py:188} INFO - [2024-05-18T22:11:13.959+0000] {dag.py:3096} INFO - Sync 1 DAGs
[2024-05-18T22:11:13.974+0000] {logging_mixin.py:188} INFO - [2024-05-18T22:11:13.974+0000] {dag.py:3954} INFO - Setting next_dagrun for get_odds_history to None, run_after=None
[2024-05-18T22:11:13.983+0000] {processor.py:183} INFO - Processing /opt/airflow/dags/get_odds_history.py took 0.052 seconds
[2024-05-18T22:11:44.676+0000] {processor.py:161} INFO - Started process (PID=179) to work on /opt/airflow/dags/get_odds_history.py
[2024-05-18T22:11:44.677+0000] {processor.py:830} INFO - Processing file /opt/airflow/dags/get_odds_history.py for tasks to queue
[2024-05-18T22:11:44.678+0000] {logging_mixin.py:188} INFO - [2024-05-18T22:11:44.677+0000] {dagbag.py:540} INFO - Filling up the DagBag from /opt/airflow/dags/get_odds_history.py
[2024-05-18T22:11:44.683+0000] {processor.py:840} INFO - DAG(s) 'get_odds_history' retrieved from /opt/airflow/dags/get_odds_history.py
[2024-05-18T22:11:44.702+0000] {logging_mixin.py:188} INFO - [2024-05-18T22:11:44.702+0000] {dag.py:3096} INFO - Sync 1 DAGs
[2024-05-18T22:11:44.716+0000] {logging_mixin.py:188} INFO - [2024-05-18T22:11:44.716+0000] {dag.py:3954} INFO - Setting next_dagrun for get_odds_history to None, run_after=None
[2024-05-18T22:11:44.727+0000] {processor.py:183} INFO - Processing /opt/airflow/dags/get_odds_history.py took 0.055 seconds
[2024-05-18T22:12:15.420+0000] {processor.py:161} INFO - Started process (PID=190) to work on /opt/airflow/dags/get_odds_history.py
[2024-05-18T22:12:15.420+0000] {processor.py:830} INFO - Processing file /opt/airflow/dags/get_odds_history.py for tasks to queue
[2024-05-18T22:12:15.421+0000] {logging_mixin.py:188} INFO - [2024-05-18T22:12:15.421+0000] {dagbag.py:540} INFO - Filling up the DagBag from /opt/airflow/dags/get_odds_history.py
[2024-05-18T22:12:15.426+0000] {processor.py:840} INFO - DAG(s) 'get_odds_history' retrieved from /opt/airflow/dags/get_odds_history.py
[2024-05-18T22:12:15.443+0000] {logging_mixin.py:188} INFO - [2024-05-18T22:12:15.443+0000] {dag.py:3096} INFO - Sync 1 DAGs
[2024-05-18T22:12:15.456+0000] {logging_mixin.py:188} INFO - [2024-05-18T22:12:15.456+0000] {dag.py:3954} INFO - Setting next_dagrun for get_odds_history to None, run_after=None
[2024-05-18T22:12:15.465+0000] {processor.py:183} INFO - Processing /opt/airflow/dags/get_odds_history.py took 0.049 seconds
[2024-05-18T22:13:32.208+0000] {processor.py:161} INFO - Started process (PID=41) to work on /opt/airflow/dags/get_odds_history.py
[2024-05-18T22:13:32.209+0000] {processor.py:830} INFO - Processing file /opt/airflow/dags/get_odds_history.py for tasks to queue
[2024-05-18T22:13:32.209+0000] {logging_mixin.py:188} INFO - [2024-05-18T22:13:32.209+0000] {dagbag.py:540} INFO - Filling up the DagBag from /opt/airflow/dags/get_odds_history.py
[2024-05-18T22:13:32.214+0000] {processor.py:840} INFO - DAG(s) 'get_odds_history' retrieved from /opt/airflow/dags/get_odds_history.py
[2024-05-18T22:13:32.282+0000] {logging_mixin.py:188} INFO - [2024-05-18T22:13:32.282+0000] {dag.py:3096} INFO - Sync 1 DAGs
[2024-05-18T22:13:32.293+0000] {logging_mixin.py:188} INFO - [2024-05-18T22:13:32.293+0000] {dag.py:3954} INFO - Setting next_dagrun for get_odds_history to None, run_after=None
[2024-05-18T22:13:32.303+0000] {processor.py:183} INFO - Processing /opt/airflow/dags/get_odds_history.py took 0.099 seconds
[2024-05-18T22:14:03.563+0000] {processor.py:161} INFO - Started process (PID=52) to work on /opt/airflow/dags/get_odds_history.py
[2024-05-18T22:14:03.564+0000] {processor.py:830} INFO - Processing file /opt/airflow/dags/get_odds_history.py for tasks to queue
[2024-05-18T22:14:03.565+0000] {logging_mixin.py:188} INFO - [2024-05-18T22:14:03.564+0000] {dagbag.py:540} INFO - Filling up the DagBag from /opt/airflow/dags/get_odds_history.py
[2024-05-18T22:14:03.570+0000] {processor.py:840} INFO - DAG(s) 'get_odds_history' retrieved from /opt/airflow/dags/get_odds_history.py
[2024-05-18T22:14:03.586+0000] {logging_mixin.py:188} INFO - [2024-05-18T22:14:03.586+0000] {dag.py:3096} INFO - Sync 1 DAGs
[2024-05-18T22:14:03.600+0000] {logging_mixin.py:188} INFO - [2024-05-18T22:14:03.600+0000] {dag.py:3954} INFO - Setting next_dagrun for get_odds_history to None, run_after=None
[2024-05-18T22:14:03.609+0000] {processor.py:183} INFO - Processing /opt/airflow/dags/get_odds_history.py took 0.049 seconds
[2024-05-18T22:14:34.914+0000] {processor.py:161} INFO - Started process (PID=63) to work on /opt/airflow/dags/get_odds_history.py
[2024-05-18T22:14:34.914+0000] {processor.py:830} INFO - Processing file /opt/airflow/dags/get_odds_history.py for tasks to queue
[2024-05-18T22:14:34.915+0000] {logging_mixin.py:188} INFO - [2024-05-18T22:14:34.915+0000] {dagbag.py:540} INFO - Filling up the DagBag from /opt/airflow/dags/get_odds_history.py
[2024-05-18T22:14:34.920+0000] {processor.py:840} INFO - DAG(s) 'get_odds_history' retrieved from /opt/airflow/dags/get_odds_history.py
[2024-05-18T22:14:34.938+0000] {logging_mixin.py:188} INFO - [2024-05-18T22:14:34.938+0000] {dag.py:3096} INFO - Sync 1 DAGs
[2024-05-18T22:14:34.951+0000] {logging_mixin.py:188} INFO - [2024-05-18T22:14:34.950+0000] {dag.py:3954} INFO - Setting next_dagrun for get_odds_history to None, run_after=None
[2024-05-18T22:14:34.960+0000] {processor.py:183} INFO - Processing /opt/airflow/dags/get_odds_history.py took 0.050 seconds
[2024-05-18T22:15:05.231+0000] {processor.py:161} INFO - Started process (PID=75) to work on /opt/airflow/dags/get_odds_history.py
[2024-05-18T22:15:05.232+0000] {processor.py:830} INFO - Processing file /opt/airflow/dags/get_odds_history.py for tasks to queue
[2024-05-18T22:15:05.232+0000] {logging_mixin.py:188} INFO - [2024-05-18T22:15:05.232+0000] {dagbag.py:540} INFO - Filling up the DagBag from /opt/airflow/dags/get_odds_history.py
[2024-05-18T22:15:05.237+0000] {processor.py:840} INFO - DAG(s) 'get_odds_history' retrieved from /opt/airflow/dags/get_odds_history.py
[2024-05-18T22:15:05.254+0000] {logging_mixin.py:188} INFO - [2024-05-18T22:15:05.254+0000] {dag.py:3096} INFO - Sync 1 DAGs
[2024-05-18T22:15:05.266+0000] {logging_mixin.py:188} INFO - [2024-05-18T22:15:05.266+0000] {dag.py:3954} INFO - Setting next_dagrun for get_odds_history to None, run_after=None
[2024-05-18T22:15:05.274+0000] {processor.py:183} INFO - Processing /opt/airflow/dags/get_odds_history.py took 0.046 seconds
[2024-05-18T22:15:35.757+0000] {processor.py:161} INFO - Started process (PID=85) to work on /opt/airflow/dags/get_odds_history.py
[2024-05-18T22:15:35.763+0000] {processor.py:830} INFO - Processing file /opt/airflow/dags/get_odds_history.py for tasks to queue
[2024-05-18T22:15:35.764+0000] {logging_mixin.py:188} INFO - [2024-05-18T22:15:35.764+0000] {dagbag.py:540} INFO - Filling up the DagBag from /opt/airflow/dags/get_odds_history.py
[2024-05-18T22:15:35.769+0000] {processor.py:840} INFO - DAG(s) 'get_odds_history' retrieved from /opt/airflow/dags/get_odds_history.py
[2024-05-18T22:15:35.786+0000] {logging_mixin.py:188} INFO - [2024-05-18T22:15:35.786+0000] {dag.py:3096} INFO - Sync 1 DAGs
[2024-05-18T22:15:35.798+0000] {logging_mixin.py:188} INFO - [2024-05-18T22:15:35.798+0000] {dag.py:3954} INFO - Setting next_dagrun for get_odds_history to None, run_after=None
[2024-05-18T22:15:35.806+0000] {processor.py:183} INFO - Processing /opt/airflow/dags/get_odds_history.py took 0.053 seconds
[2024-05-18T22:16:06.414+0000] {processor.py:161} INFO - Started process (PID=96) to work on /opt/airflow/dags/get_odds_history.py
[2024-05-18T22:16:06.415+0000] {processor.py:830} INFO - Processing file /opt/airflow/dags/get_odds_history.py for tasks to queue
[2024-05-18T22:16:06.415+0000] {logging_mixin.py:188} INFO - [2024-05-18T22:16:06.415+0000] {dagbag.py:540} INFO - Filling up the DagBag from /opt/airflow/dags/get_odds_history.py
[2024-05-18T22:16:06.421+0000] {processor.py:840} INFO - DAG(s) 'get_odds_history' retrieved from /opt/airflow/dags/get_odds_history.py
[2024-05-18T22:16:06.442+0000] {logging_mixin.py:188} INFO - [2024-05-18T22:16:06.442+0000] {dag.py:3096} INFO - Sync 1 DAGs
[2024-05-18T22:16:06.456+0000] {logging_mixin.py:188} INFO - [2024-05-18T22:16:06.456+0000] {dag.py:3954} INFO - Setting next_dagrun for get_odds_history to None, run_after=None
[2024-05-18T22:16:06.466+0000] {processor.py:183} INFO - Processing /opt/airflow/dags/get_odds_history.py took 0.055 seconds
[2024-05-18T22:16:37.125+0000] {processor.py:161} INFO - Started process (PID=107) to work on /opt/airflow/dags/get_odds_history.py
[2024-05-18T22:16:37.131+0000] {processor.py:830} INFO - Processing file /opt/airflow/dags/get_odds_history.py for tasks to queue
[2024-05-18T22:16:37.131+0000] {logging_mixin.py:188} INFO - [2024-05-18T22:16:37.131+0000] {dagbag.py:540} INFO - Filling up the DagBag from /opt/airflow/dags/get_odds_history.py
[2024-05-18T22:16:37.136+0000] {processor.py:840} INFO - DAG(s) 'get_odds_history' retrieved from /opt/airflow/dags/get_odds_history.py
[2024-05-18T22:16:37.154+0000] {logging_mixin.py:188} INFO - [2024-05-18T22:16:37.154+0000] {dag.py:3096} INFO - Sync 1 DAGs
[2024-05-18T22:16:37.167+0000] {logging_mixin.py:188} INFO - [2024-05-18T22:16:37.167+0000] {dag.py:3954} INFO - Setting next_dagrun for get_odds_history to None, run_after=None
[2024-05-18T22:16:37.176+0000] {processor.py:183} INFO - Processing /opt/airflow/dags/get_odds_history.py took 0.055 seconds
[2024-05-18T22:17:07.749+0000] {processor.py:161} INFO - Started process (PID=118) to work on /opt/airflow/dags/get_odds_history.py
[2024-05-18T22:17:07.750+0000] {processor.py:830} INFO - Processing file /opt/airflow/dags/get_odds_history.py for tasks to queue
[2024-05-18T22:17:07.751+0000] {logging_mixin.py:188} INFO - [2024-05-18T22:17:07.751+0000] {dagbag.py:540} INFO - Filling up the DagBag from /opt/airflow/dags/get_odds_history.py
[2024-05-18T22:17:07.756+0000] {processor.py:840} INFO - DAG(s) 'get_odds_history' retrieved from /opt/airflow/dags/get_odds_history.py
[2024-05-18T22:17:07.772+0000] {logging_mixin.py:188} INFO - [2024-05-18T22:17:07.772+0000] {dag.py:3096} INFO - Sync 1 DAGs
[2024-05-18T22:17:07.783+0000] {logging_mixin.py:188} INFO - [2024-05-18T22:17:07.783+0000] {dag.py:3954} INFO - Setting next_dagrun for get_odds_history to None, run_after=None
[2024-05-18T22:17:07.791+0000] {processor.py:183} INFO - Processing /opt/airflow/dags/get_odds_history.py took 0.046 seconds
[2024-05-18T22:17:38.112+0000] {processor.py:161} INFO - Started process (PID=130) to work on /opt/airflow/dags/get_odds_history.py
[2024-05-18T22:17:38.112+0000] {processor.py:830} INFO - Processing file /opt/airflow/dags/get_odds_history.py for tasks to queue
[2024-05-18T22:17:38.113+0000] {logging_mixin.py:188} INFO - [2024-05-18T22:17:38.112+0000] {dagbag.py:540} INFO - Filling up the DagBag from /opt/airflow/dags/get_odds_history.py
[2024-05-18T22:17:38.118+0000] {processor.py:840} INFO - DAG(s) 'get_odds_history' retrieved from /opt/airflow/dags/get_odds_history.py
[2024-05-18T22:17:38.135+0000] {logging_mixin.py:188} INFO - [2024-05-18T22:17:38.135+0000] {dag.py:3096} INFO - Sync 1 DAGs
[2024-05-18T22:17:38.147+0000] {logging_mixin.py:188} INFO - [2024-05-18T22:17:38.147+0000] {dag.py:3954} INFO - Setting next_dagrun for get_odds_history to None, run_after=None
[2024-05-18T22:17:38.155+0000] {processor.py:183} INFO - Processing /opt/airflow/dags/get_odds_history.py took 0.048 seconds
[2024-05-18T22:17:52.288+0000] {processor.py:161} INFO - Started process (PID=140) to work on /opt/airflow/dags/get_odds_history.py
[2024-05-18T22:17:52.289+0000] {processor.py:830} INFO - Processing file /opt/airflow/dags/get_odds_history.py for tasks to queue
[2024-05-18T22:17:52.289+0000] {logging_mixin.py:188} INFO - [2024-05-18T22:17:52.289+0000] {dagbag.py:540} INFO - Filling up the DagBag from /opt/airflow/dags/get_odds_history.py
[2024-05-18T22:17:52.294+0000] {processor.py:840} INFO - DAG(s) 'get_odds_history' retrieved from /opt/airflow/dags/get_odds_history.py
[2024-05-18T22:17:52.309+0000] {logging_mixin.py:188} INFO - [2024-05-18T22:17:52.308+0000] {taskinstance.py:2892} ERROR - {'DAG Id': 'get_odds_history', 'Task Id': 'parser', 'Run Id': 'manual__2024-05-18T22:05:57.591398+00:00', 'Hostname': '2ae0aa1ff24c', 'External Executor Id': '5eb02725-998f-4d55-b30d-a5635308f7d4'}
[2024-05-18T22:17:52.316+0000] {logging_mixin.py:188} INFO - [2024-05-18T22:17:52.316+0000] {taskinstance.py:1205} INFO - Marking task as FAILED. dag_id=get_odds_history, task_id=parser, execution_date=20240518T220557, start_date=20240518T220559, end_date=20240518T221752
[2024-05-18T22:17:52.321+0000] {processor.py:791} INFO - Executed failure callback for <TaskInstance: get_odds_history.parser manual__2024-05-18T22:05:57.591398+00:00 [failed]> in state failed
[2024-05-18T22:17:52.331+0000] {logging_mixin.py:188} INFO - [2024-05-18T22:17:52.331+0000] {dag.py:3096} INFO - Sync 1 DAGs
[2024-05-18T22:17:52.341+0000] {logging_mixin.py:188} INFO - [2024-05-18T22:17:52.341+0000] {dag.py:3954} INFO - Setting next_dagrun for get_odds_history to None, run_after=None
[2024-05-18T22:17:52.348+0000] {processor.py:183} INFO - Processing /opt/airflow/dags/get_odds_history.py took 0.064 seconds
[2024-05-18T22:18:22.516+0000] {processor.py:161} INFO - Started process (PID=151) to work on /opt/airflow/dags/get_odds_history.py
[2024-05-18T22:18:22.522+0000] {processor.py:830} INFO - Processing file /opt/airflow/dags/get_odds_history.py for tasks to queue
[2024-05-18T22:18:22.523+0000] {logging_mixin.py:188} INFO - [2024-05-18T22:18:22.522+0000] {dagbag.py:540} INFO - Filling up the DagBag from /opt/airflow/dags/get_odds_history.py
[2024-05-18T22:18:22.528+0000] {processor.py:840} INFO - DAG(s) 'get_odds_history' retrieved from /opt/airflow/dags/get_odds_history.py
[2024-05-18T22:18:22.546+0000] {logging_mixin.py:188} INFO - [2024-05-18T22:18:22.546+0000] {dag.py:3096} INFO - Sync 1 DAGs
[2024-05-18T22:18:22.558+0000] {logging_mixin.py:188} INFO - [2024-05-18T22:18:22.558+0000] {dag.py:3954} INFO - Setting next_dagrun for get_odds_history to None, run_after=None
[2024-05-18T22:18:22.567+0000] {processor.py:183} INFO - Processing /opt/airflow/dags/get_odds_history.py took 0.055 seconds
[2024-05-18T22:18:52.740+0000] {processor.py:161} INFO - Started process (PID=162) to work on /opt/airflow/dags/get_odds_history.py
[2024-05-18T22:18:52.746+0000] {processor.py:830} INFO - Processing file /opt/airflow/dags/get_odds_history.py for tasks to queue
[2024-05-18T22:18:52.747+0000] {logging_mixin.py:188} INFO - [2024-05-18T22:18:52.747+0000] {dagbag.py:540} INFO - Filling up the DagBag from /opt/airflow/dags/get_odds_history.py
[2024-05-18T22:18:52.752+0000] {processor.py:840} INFO - DAG(s) 'get_odds_history' retrieved from /opt/airflow/dags/get_odds_history.py
[2024-05-18T22:18:52.768+0000] {logging_mixin.py:188} INFO - [2024-05-18T22:18:52.767+0000] {dag.py:3096} INFO - Sync 1 DAGs
[2024-05-18T22:18:52.779+0000] {logging_mixin.py:188} INFO - [2024-05-18T22:18:52.779+0000] {dag.py:3954} INFO - Setting next_dagrun for get_odds_history to None, run_after=None
[2024-05-18T22:18:52.789+0000] {processor.py:183} INFO - Processing /opt/airflow/dags/get_odds_history.py took 0.052 seconds
[2024-05-18T22:19:57.678+0000] {processor.py:161} INFO - Started process (PID=42) to work on /opt/airflow/dags/get_odds_history.py
[2024-05-18T22:19:57.678+0000] {processor.py:830} INFO - Processing file /opt/airflow/dags/get_odds_history.py for tasks to queue
[2024-05-18T22:19:57.679+0000] {logging_mixin.py:188} INFO - [2024-05-18T22:19:57.679+0000] {dagbag.py:540} INFO - Filling up the DagBag from /opt/airflow/dags/get_odds_history.py
[2024-05-18T22:19:57.684+0000] {processor.py:840} INFO - DAG(s) 'get_odds_history' retrieved from /opt/airflow/dags/get_odds_history.py
[2024-05-18T22:19:57.755+0000] {logging_mixin.py:188} INFO - [2024-05-18T22:19:57.755+0000] {dag.py:3096} INFO - Sync 1 DAGs
[2024-05-18T22:19:57.767+0000] {logging_mixin.py:188} INFO - [2024-05-18T22:19:57.767+0000] {dag.py:3954} INFO - Setting next_dagrun for get_odds_history to None, run_after=None
[2024-05-18T22:19:57.777+0000] {processor.py:183} INFO - Processing /opt/airflow/dags/get_odds_history.py took 0.103 seconds
[2024-05-18T22:20:29.131+0000] {processor.py:161} INFO - Started process (PID=53) to work on /opt/airflow/dags/get_odds_history.py
[2024-05-18T22:20:29.131+0000] {processor.py:830} INFO - Processing file /opt/airflow/dags/get_odds_history.py for tasks to queue
[2024-05-18T22:20:29.132+0000] {logging_mixin.py:188} INFO - [2024-05-18T22:20:29.132+0000] {dagbag.py:540} INFO - Filling up the DagBag from /opt/airflow/dags/get_odds_history.py
[2024-05-18T22:20:29.137+0000] {processor.py:840} INFO - DAG(s) 'get_odds_history' retrieved from /opt/airflow/dags/get_odds_history.py
[2024-05-18T22:20:29.153+0000] {logging_mixin.py:188} INFO - [2024-05-18T22:20:29.153+0000] {dag.py:3096} INFO - Sync 1 DAGs
[2024-05-18T22:20:29.167+0000] {logging_mixin.py:188} INFO - [2024-05-18T22:20:29.167+0000] {dag.py:3954} INFO - Setting next_dagrun for get_odds_history to None, run_after=None
[2024-05-18T22:20:29.176+0000] {processor.py:183} INFO - Processing /opt/airflow/dags/get_odds_history.py took 0.048 seconds
[2024-05-18T22:21:00.469+0000] {processor.py:161} INFO - Started process (PID=64) to work on /opt/airflow/dags/get_odds_history.py
[2024-05-18T22:21:00.469+0000] {processor.py:830} INFO - Processing file /opt/airflow/dags/get_odds_history.py for tasks to queue
[2024-05-18T22:21:00.470+0000] {logging_mixin.py:188} INFO - [2024-05-18T22:21:00.470+0000] {dagbag.py:540} INFO - Filling up the DagBag from /opt/airflow/dags/get_odds_history.py
[2024-05-18T22:21:00.475+0000] {processor.py:840} INFO - DAG(s) 'get_odds_history' retrieved from /opt/airflow/dags/get_odds_history.py
[2024-05-18T22:21:00.492+0000] {logging_mixin.py:188} INFO - [2024-05-18T22:21:00.492+0000] {dag.py:3096} INFO - Sync 1 DAGs
[2024-05-18T22:21:00.503+0000] {logging_mixin.py:188} INFO - [2024-05-18T22:21:00.503+0000] {dag.py:3954} INFO - Setting next_dagrun for get_odds_history to None, run_after=None
[2024-05-18T22:21:00.512+0000] {processor.py:183} INFO - Processing /opt/airflow/dags/get_odds_history.py took 0.046 seconds
[2024-05-18T22:21:31.910+0000] {processor.py:161} INFO - Started process (PID=75) to work on /opt/airflow/dags/get_odds_history.py
[2024-05-18T22:21:31.911+0000] {processor.py:830} INFO - Processing file /opt/airflow/dags/get_odds_history.py for tasks to queue
[2024-05-18T22:21:31.912+0000] {logging_mixin.py:188} INFO - [2024-05-18T22:21:31.911+0000] {dagbag.py:540} INFO - Filling up the DagBag from /opt/airflow/dags/get_odds_history.py
[2024-05-18T22:21:31.917+0000] {processor.py:840} INFO - DAG(s) 'get_odds_history' retrieved from /opt/airflow/dags/get_odds_history.py
[2024-05-18T22:21:31.935+0000] {logging_mixin.py:188} INFO - [2024-05-18T22:21:31.935+0000] {dag.py:3096} INFO - Sync 1 DAGs
[2024-05-18T22:21:31.950+0000] {logging_mixin.py:188} INFO - [2024-05-18T22:21:31.950+0000] {dag.py:3954} INFO - Setting next_dagrun for get_odds_history to None, run_after=None
[2024-05-18T22:21:31.960+0000] {processor.py:183} INFO - Processing /opt/airflow/dags/get_odds_history.py took 0.054 seconds
[2024-05-18T22:22:30.154+0000] {processor.py:161} INFO - Started process (PID=42) to work on /opt/airflow/dags/get_odds_history.py
[2024-05-18T22:22:30.155+0000] {processor.py:830} INFO - Processing file /opt/airflow/dags/get_odds_history.py for tasks to queue
[2024-05-18T22:22:30.156+0000] {logging_mixin.py:188} INFO - [2024-05-18T22:22:30.156+0000] {dagbag.py:540} INFO - Filling up the DagBag from /opt/airflow/dags/get_odds_history.py
[2024-05-18T22:22:30.162+0000] {processor.py:840} INFO - DAG(s) 'get_odds_history' retrieved from /opt/airflow/dags/get_odds_history.py
[2024-05-18T22:22:30.241+0000] {logging_mixin.py:188} INFO - [2024-05-18T22:22:30.240+0000] {dag.py:3096} INFO - Sync 1 DAGs
[2024-05-18T22:22:30.253+0000] {logging_mixin.py:188} INFO - [2024-05-18T22:22:30.253+0000] {dag.py:3954} INFO - Setting next_dagrun for get_odds_history to None, run_after=None
[2024-05-18T22:22:30.262+0000] {processor.py:183} INFO - Processing /opt/airflow/dags/get_odds_history.py took 0.112 seconds
[2024-05-18T22:23:01.456+0000] {processor.py:161} INFO - Started process (PID=53) to work on /opt/airflow/dags/get_odds_history.py
[2024-05-18T22:23:01.456+0000] {processor.py:830} INFO - Processing file /opt/airflow/dags/get_odds_history.py for tasks to queue
[2024-05-18T22:23:01.457+0000] {logging_mixin.py:188} INFO - [2024-05-18T22:23:01.457+0000] {dagbag.py:540} INFO - Filling up the DagBag from /opt/airflow/dags/get_odds_history.py
[2024-05-18T22:23:01.462+0000] {processor.py:840} INFO - DAG(s) 'get_odds_history' retrieved from /opt/airflow/dags/get_odds_history.py
[2024-05-18T22:23:01.477+0000] {logging_mixin.py:188} INFO - [2024-05-18T22:23:01.477+0000] {dag.py:3096} INFO - Sync 1 DAGs
[2024-05-18T22:23:01.490+0000] {logging_mixin.py:188} INFO - [2024-05-18T22:23:01.490+0000] {dag.py:3954} INFO - Setting next_dagrun for get_odds_history to None, run_after=None
[2024-05-18T22:23:01.498+0000] {processor.py:183} INFO - Processing /opt/airflow/dags/get_odds_history.py took 0.046 seconds
[2024-05-18T22:23:32.143+0000] {processor.py:161} INFO - Started process (PID=63) to work on /opt/airflow/dags/get_odds_history.py
[2024-05-18T22:23:32.144+0000] {processor.py:830} INFO - Processing file /opt/airflow/dags/get_odds_history.py for tasks to queue
[2024-05-18T22:23:32.145+0000] {logging_mixin.py:188} INFO - [2024-05-18T22:23:32.145+0000] {dagbag.py:540} INFO - Filling up the DagBag from /opt/airflow/dags/get_odds_history.py
[2024-05-18T22:23:32.150+0000] {processor.py:840} INFO - DAG(s) 'get_odds_history' retrieved from /opt/airflow/dags/get_odds_history.py
[2024-05-18T22:23:32.166+0000] {logging_mixin.py:188} INFO - [2024-05-18T22:23:32.166+0000] {dag.py:3096} INFO - Sync 1 DAGs
[2024-05-18T22:23:32.179+0000] {logging_mixin.py:188} INFO - [2024-05-18T22:23:32.179+0000] {dag.py:3954} INFO - Setting next_dagrun for get_odds_history to None, run_after=None
[2024-05-18T22:23:32.188+0000] {processor.py:183} INFO - Processing /opt/airflow/dags/get_odds_history.py took 0.048 seconds
[2024-05-18T22:24:02.831+0000] {processor.py:161} INFO - Started process (PID=74) to work on /opt/airflow/dags/get_odds_history.py
[2024-05-18T22:24:02.831+0000] {processor.py:830} INFO - Processing file /opt/airflow/dags/get_odds_history.py for tasks to queue
[2024-05-18T22:24:02.832+0000] {logging_mixin.py:188} INFO - [2024-05-18T22:24:02.832+0000] {dagbag.py:540} INFO - Filling up the DagBag from /opt/airflow/dags/get_odds_history.py
[2024-05-18T22:24:02.837+0000] {processor.py:840} INFO - DAG(s) 'get_odds_history' retrieved from /opt/airflow/dags/get_odds_history.py
[2024-05-18T22:24:02.853+0000] {logging_mixin.py:188} INFO - [2024-05-18T22:24:02.853+0000] {dag.py:3096} INFO - Sync 1 DAGs
[2024-05-18T22:24:02.865+0000] {logging_mixin.py:188} INFO - [2024-05-18T22:24:02.865+0000] {dag.py:3954} INFO - Setting next_dagrun for get_odds_history to None, run_after=None
[2024-05-18T22:24:02.873+0000] {processor.py:183} INFO - Processing /opt/airflow/dags/get_odds_history.py took 0.046 seconds
[2024-05-18T22:24:33.550+0000] {processor.py:161} INFO - Started process (PID=85) to work on /opt/airflow/dags/get_odds_history.py
[2024-05-18T22:24:33.551+0000] {processor.py:830} INFO - Processing file /opt/airflow/dags/get_odds_history.py for tasks to queue
[2024-05-18T22:24:33.552+0000] {logging_mixin.py:188} INFO - [2024-05-18T22:24:33.552+0000] {dagbag.py:540} INFO - Filling up the DagBag from /opt/airflow/dags/get_odds_history.py
[2024-05-18T22:24:33.557+0000] {processor.py:840} INFO - DAG(s) 'get_odds_history' retrieved from /opt/airflow/dags/get_odds_history.py
[2024-05-18T22:24:33.574+0000] {logging_mixin.py:188} INFO - [2024-05-18T22:24:33.574+0000] {dag.py:3096} INFO - Sync 1 DAGs
[2024-05-18T22:24:33.586+0000] {logging_mixin.py:188} INFO - [2024-05-18T22:24:33.586+0000] {dag.py:3954} INFO - Setting next_dagrun for get_odds_history to None, run_after=None
[2024-05-18T22:24:33.594+0000] {processor.py:183} INFO - Processing /opt/airflow/dags/get_odds_history.py took 0.048 seconds
[2024-05-18T22:25:04.494+0000] {processor.py:161} INFO - Started process (PID=96) to work on /opt/airflow/dags/get_odds_history.py
[2024-05-18T22:25:04.495+0000] {processor.py:830} INFO - Processing file /opt/airflow/dags/get_odds_history.py for tasks to queue
[2024-05-18T22:25:04.496+0000] {logging_mixin.py:188} INFO - [2024-05-18T22:25:04.496+0000] {dagbag.py:540} INFO - Filling up the DagBag from /opt/airflow/dags/get_odds_history.py
[2024-05-18T22:25:04.501+0000] {processor.py:840} INFO - DAG(s) 'get_odds_history' retrieved from /opt/airflow/dags/get_odds_history.py
[2024-05-18T22:25:04.517+0000] {logging_mixin.py:188} INFO - [2024-05-18T22:25:04.517+0000] {dag.py:3096} INFO - Sync 1 DAGs
[2024-05-18T22:25:04.531+0000] {logging_mixin.py:188} INFO - [2024-05-18T22:25:04.531+0000] {dag.py:3954} INFO - Setting next_dagrun for get_odds_history to None, run_after=None
[2024-05-18T22:25:04.540+0000] {processor.py:183} INFO - Processing /opt/airflow/dags/get_odds_history.py took 0.049 seconds
[2024-05-18T22:25:35.277+0000] {processor.py:161} INFO - Started process (PID=107) to work on /opt/airflow/dags/get_odds_history.py
[2024-05-18T22:25:35.277+0000] {processor.py:830} INFO - Processing file /opt/airflow/dags/get_odds_history.py for tasks to queue
[2024-05-18T22:25:35.278+0000] {logging_mixin.py:188} INFO - [2024-05-18T22:25:35.278+0000] {dagbag.py:540} INFO - Filling up the DagBag from /opt/airflow/dags/get_odds_history.py
[2024-05-18T22:25:35.283+0000] {processor.py:840} INFO - DAG(s) 'get_odds_history' retrieved from /opt/airflow/dags/get_odds_history.py
[2024-05-18T22:25:35.299+0000] {logging_mixin.py:188} INFO - [2024-05-18T22:25:35.299+0000] {dag.py:3096} INFO - Sync 1 DAGs
[2024-05-18T22:25:35.312+0000] {logging_mixin.py:188} INFO - [2024-05-18T22:25:35.312+0000] {dag.py:3954} INFO - Setting next_dagrun for get_odds_history to None, run_after=None
[2024-05-18T22:25:35.321+0000] {processor.py:183} INFO - Processing /opt/airflow/dags/get_odds_history.py took 0.048 seconds
[2024-05-18T22:28:08.045+0000] {processor.py:161} INFO - Started process (PID=42) to work on /opt/airflow/dags/get_odds_history.py
[2024-05-18T22:28:08.045+0000] {processor.py:830} INFO - Processing file /opt/airflow/dags/get_odds_history.py for tasks to queue
[2024-05-18T22:28:08.047+0000] {logging_mixin.py:188} INFO - [2024-05-18T22:28:08.047+0000] {dagbag.py:540} INFO - Filling up the DagBag from /opt/airflow/dags/get_odds_history.py
[2024-05-18T22:28:08.054+0000] {processor.py:840} INFO - DAG(s) 'get_odds_history' retrieved from /opt/airflow/dags/get_odds_history.py
[2024-05-18T22:28:08.123+0000] {logging_mixin.py:188} INFO - [2024-05-18T22:28:08.123+0000] {dag.py:3096} INFO - Sync 1 DAGs
[2024-05-18T22:28:08.134+0000] {logging_mixin.py:188} INFO - [2024-05-18T22:28:08.134+0000] {dag.py:3954} INFO - Setting next_dagrun for get_odds_history to None, run_after=None
[2024-05-18T22:28:08.143+0000] {processor.py:183} INFO - Processing /opt/airflow/dags/get_odds_history.py took 0.103 seconds
[2024-05-18T22:28:38.737+0000] {processor.py:161} INFO - Started process (PID=53) to work on /opt/airflow/dags/get_odds_history.py
[2024-05-18T22:28:38.737+0000] {processor.py:830} INFO - Processing file /opt/airflow/dags/get_odds_history.py for tasks to queue
[2024-05-18T22:28:38.738+0000] {logging_mixin.py:188} INFO - [2024-05-18T22:28:38.738+0000] {dagbag.py:540} INFO - Filling up the DagBag from /opt/airflow/dags/get_odds_history.py
[2024-05-18T22:28:38.743+0000] {processor.py:840} INFO - DAG(s) 'get_odds_history' retrieved from /opt/airflow/dags/get_odds_history.py
[2024-05-18T22:28:38.760+0000] {logging_mixin.py:188} INFO - [2024-05-18T22:28:38.760+0000] {dag.py:3096} INFO - Sync 1 DAGs
[2024-05-18T22:28:38.773+0000] {logging_mixin.py:188} INFO - [2024-05-18T22:28:38.773+0000] {dag.py:3954} INFO - Setting next_dagrun for get_odds_history to None, run_after=None
[2024-05-18T22:28:38.782+0000] {processor.py:183} INFO - Processing /opt/airflow/dags/get_odds_history.py took 0.049 seconds
[2024-05-18T22:30:13.248+0000] {processor.py:161} INFO - Started process (PID=42) to work on /opt/airflow/dags/get_odds_history.py
[2024-05-18T22:30:13.249+0000] {processor.py:830} INFO - Processing file /opt/airflow/dags/get_odds_history.py for tasks to queue
[2024-05-18T22:30:13.250+0000] {logging_mixin.py:188} INFO - [2024-05-18T22:30:13.250+0000] {dagbag.py:540} INFO - Filling up the DagBag from /opt/airflow/dags/get_odds_history.py
[2024-05-18T22:30:13.255+0000] {processor.py:840} INFO - DAG(s) 'get_odds_history' retrieved from /opt/airflow/dags/get_odds_history.py
[2024-05-18T22:30:13.322+0000] {logging_mixin.py:188} INFO - [2024-05-18T22:30:13.322+0000] {dag.py:3096} INFO - Sync 1 DAGs
[2024-05-18T22:30:13.334+0000] {logging_mixin.py:188} INFO - [2024-05-18T22:30:13.334+0000] {dag.py:3954} INFO - Setting next_dagrun for get_odds_history to None, run_after=None
[2024-05-18T22:30:13.344+0000] {processor.py:183} INFO - Processing /opt/airflow/dags/get_odds_history.py took 0.099 seconds
[2024-05-18T22:30:44.050+0000] {processor.py:161} INFO - Started process (PID=52) to work on /opt/airflow/dags/get_odds_history.py
[2024-05-18T22:30:44.050+0000] {processor.py:830} INFO - Processing file /opt/airflow/dags/get_odds_history.py for tasks to queue
[2024-05-18T22:30:44.051+0000] {logging_mixin.py:188} INFO - [2024-05-18T22:30:44.051+0000] {dagbag.py:540} INFO - Filling up the DagBag from /opt/airflow/dags/get_odds_history.py
[2024-05-18T22:30:44.056+0000] {processor.py:840} INFO - DAG(s) 'get_odds_history' retrieved from /opt/airflow/dags/get_odds_history.py
[2024-05-18T22:30:44.072+0000] {logging_mixin.py:188} INFO - [2024-05-18T22:30:44.072+0000] {dag.py:3096} INFO - Sync 1 DAGs
[2024-05-18T22:30:44.085+0000] {logging_mixin.py:188} INFO - [2024-05-18T22:30:44.085+0000] {dag.py:3954} INFO - Setting next_dagrun for get_odds_history to None, run_after=None
[2024-05-18T22:30:44.094+0000] {processor.py:183} INFO - Processing /opt/airflow/dags/get_odds_history.py took 0.048 seconds
[2024-05-18T22:31:31.746+0000] {processor.py:161} INFO - Started process (PID=42) to work on /opt/airflow/dags/get_odds_history.py
[2024-05-18T22:31:31.746+0000] {processor.py:830} INFO - Processing file /opt/airflow/dags/get_odds_history.py for tasks to queue
[2024-05-18T22:31:31.747+0000] {logging_mixin.py:188} INFO - [2024-05-18T22:31:31.747+0000] {dagbag.py:540} INFO - Filling up the DagBag from /opt/airflow/dags/get_odds_history.py
[2024-05-18T22:31:31.752+0000] {processor.py:840} INFO - DAG(s) 'get_odds_history' retrieved from /opt/airflow/dags/get_odds_history.py
[2024-05-18T22:31:31.822+0000] {logging_mixin.py:188} INFO - [2024-05-18T22:31:31.822+0000] {dag.py:3096} INFO - Sync 1 DAGs
[2024-05-18T22:31:31.834+0000] {logging_mixin.py:188} INFO - [2024-05-18T22:31:31.834+0000] {dag.py:3954} INFO - Setting next_dagrun for get_odds_history to None, run_after=None
[2024-05-18T22:31:31.843+0000] {processor.py:183} INFO - Processing /opt/airflow/dags/get_odds_history.py took 0.101 seconds
[2024-05-18T22:32:02.183+0000] {processor.py:161} INFO - Started process (PID=52) to work on /opt/airflow/dags/get_odds_history.py
[2024-05-18T22:32:02.184+0000] {processor.py:830} INFO - Processing file /opt/airflow/dags/get_odds_history.py for tasks to queue
[2024-05-18T22:32:02.185+0000] {logging_mixin.py:188} INFO - [2024-05-18T22:32:02.185+0000] {dagbag.py:540} INFO - Filling up the DagBag from /opt/airflow/dags/get_odds_history.py
[2024-05-18T22:32:02.190+0000] {processor.py:840} INFO - DAG(s) 'get_odds_history' retrieved from /opt/airflow/dags/get_odds_history.py
[2024-05-18T22:32:02.205+0000] {logging_mixin.py:188} INFO - [2024-05-18T22:32:02.205+0000] {dag.py:3096} INFO - Sync 1 DAGs
[2024-05-18T22:32:02.218+0000] {logging_mixin.py:188} INFO - [2024-05-18T22:32:02.218+0000] {dag.py:3954} INFO - Setting next_dagrun for get_odds_history to None, run_after=None
[2024-05-18T22:32:02.227+0000] {processor.py:183} INFO - Processing /opt/airflow/dags/get_odds_history.py took 0.047 seconds
[2024-05-18T22:32:32.452+0000] {processor.py:161} INFO - Started process (PID=62) to work on /opt/airflow/dags/get_odds_history.py
[2024-05-18T22:32:32.453+0000] {processor.py:830} INFO - Processing file /opt/airflow/dags/get_odds_history.py for tasks to queue
[2024-05-18T22:32:32.454+0000] {logging_mixin.py:188} INFO - [2024-05-18T22:32:32.453+0000] {dagbag.py:540} INFO - Filling up the DagBag from /opt/airflow/dags/get_odds_history.py
[2024-05-18T22:32:32.459+0000] {processor.py:840} INFO - DAG(s) 'get_odds_history' retrieved from /opt/airflow/dags/get_odds_history.py
[2024-05-18T22:32:32.476+0000] {logging_mixin.py:188} INFO - [2024-05-18T22:32:32.475+0000] {dag.py:3096} INFO - Sync 1 DAGs
[2024-05-18T22:32:32.488+0000] {logging_mixin.py:188} INFO - [2024-05-18T22:32:32.488+0000] {dag.py:3954} INFO - Setting next_dagrun for get_odds_history to None, run_after=None
[2024-05-18T22:32:32.497+0000] {processor.py:183} INFO - Processing /opt/airflow/dags/get_odds_history.py took 0.049 seconds
[2024-05-18T22:33:02.675+0000] {processor.py:161} INFO - Started process (PID=72) to work on /opt/airflow/dags/get_odds_history.py
[2024-05-18T22:33:02.675+0000] {processor.py:830} INFO - Processing file /opt/airflow/dags/get_odds_history.py for tasks to queue
[2024-05-18T22:33:02.676+0000] {logging_mixin.py:188} INFO - [2024-05-18T22:33:02.676+0000] {dagbag.py:540} INFO - Filling up the DagBag from /opt/airflow/dags/get_odds_history.py
[2024-05-18T22:33:02.681+0000] {processor.py:840} INFO - DAG(s) 'get_odds_history' retrieved from /opt/airflow/dags/get_odds_history.py
[2024-05-18T22:33:02.697+0000] {logging_mixin.py:188} INFO - [2024-05-18T22:33:02.697+0000] {dag.py:3096} INFO - Sync 1 DAGs
[2024-05-18T22:33:02.709+0000] {logging_mixin.py:188} INFO - [2024-05-18T22:33:02.709+0000] {dag.py:3954} INFO - Setting next_dagrun for get_odds_history to None, run_after=None
[2024-05-18T22:33:02.718+0000] {processor.py:183} INFO - Processing /opt/airflow/dags/get_odds_history.py took 0.046 seconds
[2024-05-18T22:33:32.918+0000] {processor.py:161} INFO - Started process (PID=86) to work on /opt/airflow/dags/get_odds_history.py
[2024-05-18T22:33:32.925+0000] {processor.py:830} INFO - Processing file /opt/airflow/dags/get_odds_history.py for tasks to queue
[2024-05-18T22:33:32.926+0000] {logging_mixin.py:188} INFO - [2024-05-18T22:33:32.926+0000] {dagbag.py:540} INFO - Filling up the DagBag from /opt/airflow/dags/get_odds_history.py
[2024-05-18T22:33:32.930+0000] {processor.py:840} INFO - DAG(s) 'get_odds_history' retrieved from /opt/airflow/dags/get_odds_history.py
[2024-05-18T22:33:32.947+0000] {logging_mixin.py:188} INFO - [2024-05-18T22:33:32.947+0000] {dag.py:3096} INFO - Sync 1 DAGs
[2024-05-18T22:33:32.958+0000] {logging_mixin.py:188} INFO - [2024-05-18T22:33:32.958+0000] {dag.py:3954} INFO - Setting next_dagrun for get_odds_history to None, run_after=None
[2024-05-18T22:33:32.968+0000] {processor.py:183} INFO - Processing /opt/airflow/dags/get_odds_history.py took 0.053 seconds
[2024-05-18T22:34:03.066+0000] {processor.py:161} INFO - Started process (PID=97) to work on /opt/airflow/dags/get_odds_history.py
[2024-05-18T22:34:03.066+0000] {processor.py:830} INFO - Processing file /opt/airflow/dags/get_odds_history.py for tasks to queue
[2024-05-18T22:34:03.067+0000] {logging_mixin.py:188} INFO - [2024-05-18T22:34:03.067+0000] {dagbag.py:540} INFO - Filling up the DagBag from /opt/airflow/dags/get_odds_history.py
[2024-05-18T22:34:03.072+0000] {processor.py:840} INFO - DAG(s) 'get_odds_history' retrieved from /opt/airflow/dags/get_odds_history.py
[2024-05-18T22:34:03.089+0000] {logging_mixin.py:188} INFO - [2024-05-18T22:34:03.089+0000] {dag.py:3096} INFO - Sync 1 DAGs
[2024-05-18T22:34:03.102+0000] {logging_mixin.py:188} INFO - [2024-05-18T22:34:03.102+0000] {dag.py:3954} INFO - Setting next_dagrun for get_odds_history to None, run_after=None
[2024-05-18T22:34:03.112+0000] {processor.py:183} INFO - Processing /opt/airflow/dags/get_odds_history.py took 0.050 seconds
[2024-05-18T22:34:33.146+0000] {processor.py:161} INFO - Started process (PID=107) to work on /opt/airflow/dags/get_odds_history.py
[2024-05-18T22:34:33.146+0000] {processor.py:830} INFO - Processing file /opt/airflow/dags/get_odds_history.py for tasks to queue
[2024-05-18T22:34:33.148+0000] {logging_mixin.py:188} INFO - [2024-05-18T22:34:33.147+0000] {dagbag.py:540} INFO - Filling up the DagBag from /opt/airflow/dags/get_odds_history.py
[2024-05-18T22:34:33.153+0000] {processor.py:840} INFO - DAG(s) 'get_odds_history' retrieved from /opt/airflow/dags/get_odds_history.py
[2024-05-18T22:34:33.170+0000] {logging_mixin.py:188} INFO - [2024-05-18T22:34:33.169+0000] {dag.py:3096} INFO - Sync 1 DAGs
[2024-05-18T22:34:33.183+0000] {logging_mixin.py:188} INFO - [2024-05-18T22:34:33.183+0000] {dag.py:3954} INFO - Setting next_dagrun for get_odds_history to None, run_after=None
[2024-05-18T22:34:33.192+0000] {processor.py:183} INFO - Processing /opt/airflow/dags/get_odds_history.py took 0.050 seconds
[2024-05-18T22:35:03.872+0000] {processor.py:161} INFO - Started process (PID=118) to work on /opt/airflow/dags/get_odds_history.py
[2024-05-18T22:35:03.879+0000] {processor.py:830} INFO - Processing file /opt/airflow/dags/get_odds_history.py for tasks to queue
[2024-05-18T22:35:03.880+0000] {logging_mixin.py:188} INFO - [2024-05-18T22:35:03.879+0000] {dagbag.py:540} INFO - Filling up the DagBag from /opt/airflow/dags/get_odds_history.py
[2024-05-18T22:35:03.884+0000] {processor.py:840} INFO - DAG(s) 'get_odds_history' retrieved from /opt/airflow/dags/get_odds_history.py
[2024-05-18T22:35:03.900+0000] {logging_mixin.py:188} INFO - [2024-05-18T22:35:03.900+0000] {dag.py:3096} INFO - Sync 1 DAGs
[2024-05-18T22:35:03.914+0000] {logging_mixin.py:188} INFO - [2024-05-18T22:35:03.913+0000] {dag.py:3954} INFO - Setting next_dagrun for get_odds_history to None, run_after=None
[2024-05-18T22:35:03.923+0000] {processor.py:183} INFO - Processing /opt/airflow/dags/get_odds_history.py took 0.054 seconds
[2024-05-18T22:35:34.573+0000] {processor.py:161} INFO - Started process (PID=129) to work on /opt/airflow/dags/get_odds_history.py
[2024-05-18T22:35:34.573+0000] {processor.py:830} INFO - Processing file /opt/airflow/dags/get_odds_history.py for tasks to queue
[2024-05-18T22:35:34.574+0000] {logging_mixin.py:188} INFO - [2024-05-18T22:35:34.574+0000] {dagbag.py:540} INFO - Filling up the DagBag from /opt/airflow/dags/get_odds_history.py
[2024-05-18T22:35:34.579+0000] {processor.py:840} INFO - DAG(s) 'get_odds_history' retrieved from /opt/airflow/dags/get_odds_history.py
[2024-05-18T22:35:34.595+0000] {logging_mixin.py:188} INFO - [2024-05-18T22:35:34.594+0000] {dag.py:3096} INFO - Sync 1 DAGs
[2024-05-18T22:35:34.607+0000] {logging_mixin.py:188} INFO - [2024-05-18T22:35:34.606+0000] {dag.py:3954} INFO - Setting next_dagrun for get_odds_history to None, run_after=None
[2024-05-18T22:35:34.615+0000] {processor.py:183} INFO - Processing /opt/airflow/dags/get_odds_history.py took 0.046 seconds
[2024-05-18T22:36:04.785+0000] {processor.py:161} INFO - Started process (PID=139) to work on /opt/airflow/dags/get_odds_history.py
[2024-05-18T22:36:04.791+0000] {processor.py:830} INFO - Processing file /opt/airflow/dags/get_odds_history.py for tasks to queue
[2024-05-18T22:36:04.792+0000] {logging_mixin.py:188} INFO - [2024-05-18T22:36:04.792+0000] {dagbag.py:540} INFO - Filling up the DagBag from /opt/airflow/dags/get_odds_history.py
[2024-05-18T22:36:04.797+0000] {processor.py:840} INFO - DAG(s) 'get_odds_history' retrieved from /opt/airflow/dags/get_odds_history.py
[2024-05-18T22:36:04.815+0000] {logging_mixin.py:188} INFO - [2024-05-18T22:36:04.814+0000] {dag.py:3096} INFO - Sync 1 DAGs
[2024-05-18T22:36:04.827+0000] {logging_mixin.py:188} INFO - [2024-05-18T22:36:04.827+0000] {dag.py:3954} INFO - Setting next_dagrun for get_odds_history to None, run_after=None
[2024-05-18T22:36:04.836+0000] {processor.py:183} INFO - Processing /opt/airflow/dags/get_odds_history.py took 0.055 seconds
[2024-05-18T22:36:34.938+0000] {processor.py:161} INFO - Started process (PID=150) to work on /opt/airflow/dags/get_odds_history.py
[2024-05-18T22:36:34.939+0000] {processor.py:830} INFO - Processing file /opt/airflow/dags/get_odds_history.py for tasks to queue
[2024-05-18T22:36:34.940+0000] {logging_mixin.py:188} INFO - [2024-05-18T22:36:34.940+0000] {dagbag.py:540} INFO - Filling up the DagBag from /opt/airflow/dags/get_odds_history.py
[2024-05-18T22:36:34.945+0000] {processor.py:840} INFO - DAG(s) 'get_odds_history' retrieved from /opt/airflow/dags/get_odds_history.py
[2024-05-18T22:36:34.964+0000] {logging_mixin.py:188} INFO - [2024-05-18T22:36:34.964+0000] {dag.py:3096} INFO - Sync 1 DAGs
[2024-05-18T22:36:34.977+0000] {logging_mixin.py:188} INFO - [2024-05-18T22:36:34.977+0000] {dag.py:3954} INFO - Setting next_dagrun for get_odds_history to None, run_after=None
[2024-05-18T22:36:34.986+0000] {processor.py:183} INFO - Processing /opt/airflow/dags/get_odds_history.py took 0.051 seconds
