[2024-05-18T22:05:35.566+0000] {processor.py:161} INFO - Started process (PID=39) to work on /opt/airflow/dags/get_main_games.py
[2024-05-18T22:05:35.566+0000] {processor.py:830} INFO - Processing file /opt/airflow/dags/get_main_games.py for tasks to queue
[2024-05-18T22:05:35.568+0000] {logging_mixin.py:188} INFO - [2024-05-18T22:05:35.567+0000] {dagbag.py:540} INFO - Filling up the DagBag from /opt/airflow/dags/get_main_games.py
[2024-05-18T22:05:35.577+0000] {processor.py:840} INFO - DAG(s) 'games' retrieved from /opt/airflow/dags/get_main_games.py
[2024-05-18T22:05:35.742+0000] {logging_mixin.py:188} INFO - [2024-05-18T22:05:35.742+0000] {override.py:1829} INFO - Created Permission View: can read on DAG:games
[2024-05-18T22:05:35.748+0000] {logging_mixin.py:188} INFO - [2024-05-18T22:05:35.748+0000] {override.py:1829} INFO - Created Permission View: can delete on DAG:games
[2024-05-18T22:05:35.752+0000] {logging_mixin.py:188} INFO - [2024-05-18T22:05:35.752+0000] {override.py:1829} INFO - Created Permission View: can edit on DAG:games
[2024-05-18T22:05:35.752+0000] {logging_mixin.py:188} INFO - [2024-05-18T22:05:35.752+0000] {dag.py:3096} INFO - Sync 1 DAGs
[2024-05-18T22:05:35.760+0000] {logging_mixin.py:188} INFO - [2024-05-18T22:05:35.760+0000] {dag.py:3118} INFO - Creating ORM DAG for games
[2024-05-18T22:05:35.768+0000] {logging_mixin.py:188} INFO - [2024-05-18T22:05:35.768+0000] {dag.py:3954} INFO - Setting next_dagrun for games to 2023-01-01 00:00:00+00:00, run_after=2023-01-01 00:00:00+00:00
[2024-05-18T22:05:35.779+0000] {processor.py:183} INFO - Processing /opt/airflow/dags/get_main_games.py took 0.217 seconds
[2024-05-18T22:06:06.489+0000] {processor.py:161} INFO - Started process (PID=50) to work on /opt/airflow/dags/get_main_games.py
[2024-05-18T22:06:06.495+0000] {processor.py:830} INFO - Processing file /opt/airflow/dags/get_main_games.py for tasks to queue
[2024-05-18T22:06:06.497+0000] {logging_mixin.py:188} INFO - [2024-05-18T22:06:06.496+0000] {dagbag.py:540} INFO - Filling up the DagBag from /opt/airflow/dags/get_main_games.py
[2024-05-18T22:06:06.502+0000] {processor.py:840} INFO - DAG(s) 'games' retrieved from /opt/airflow/dags/get_main_games.py
[2024-05-18T22:06:06.520+0000] {logging_mixin.py:188} INFO - [2024-05-18T22:06:06.520+0000] {dag.py:3096} INFO - Sync 1 DAGs
[2024-05-18T22:06:06.534+0000] {logging_mixin.py:188} INFO - [2024-05-18T22:06:06.534+0000] {dag.py:3954} INFO - Setting next_dagrun for games to 2023-01-01 00:00:00+00:00, run_after=2023-01-01 00:00:00+00:00
[2024-05-18T22:06:06.543+0000] {processor.py:183} INFO - Processing /opt/airflow/dags/get_main_games.py took 0.057 seconds
[2024-05-18T22:06:37.204+0000] {processor.py:161} INFO - Started process (PID=67) to work on /opt/airflow/dags/get_main_games.py
[2024-05-18T22:06:37.211+0000] {processor.py:830} INFO - Processing file /opt/airflow/dags/get_main_games.py for tasks to queue
[2024-05-18T22:06:37.212+0000] {logging_mixin.py:188} INFO - [2024-05-18T22:06:37.211+0000] {dagbag.py:540} INFO - Filling up the DagBag from /opt/airflow/dags/get_main_games.py
[2024-05-18T22:06:37.217+0000] {processor.py:840} INFO - DAG(s) 'games' retrieved from /opt/airflow/dags/get_main_games.py
[2024-05-18T22:06:37.234+0000] {logging_mixin.py:188} INFO - [2024-05-18T22:06:37.234+0000] {dag.py:3096} INFO - Sync 1 DAGs
[2024-05-18T22:06:37.246+0000] {logging_mixin.py:188} INFO - [2024-05-18T22:06:37.245+0000] {dag.py:3954} INFO - Setting next_dagrun for games to None, run_after=None
[2024-05-18T22:06:37.255+0000] {processor.py:183} INFO - Processing /opt/airflow/dags/get_main_games.py took 0.054 seconds
[2024-05-18T22:07:07.958+0000] {processor.py:161} INFO - Started process (PID=78) to work on /opt/airflow/dags/get_main_games.py
[2024-05-18T22:07:07.964+0000] {processor.py:830} INFO - Processing file /opt/airflow/dags/get_main_games.py for tasks to queue
[2024-05-18T22:07:07.965+0000] {logging_mixin.py:188} INFO - [2024-05-18T22:07:07.965+0000] {dagbag.py:540} INFO - Filling up the DagBag from /opt/airflow/dags/get_main_games.py
[2024-05-18T22:07:07.970+0000] {processor.py:840} INFO - DAG(s) 'games' retrieved from /opt/airflow/dags/get_main_games.py
[2024-05-18T22:07:07.986+0000] {logging_mixin.py:188} INFO - [2024-05-18T22:07:07.986+0000] {dag.py:3096} INFO - Sync 1 DAGs
[2024-05-18T22:07:07.998+0000] {logging_mixin.py:188} INFO - [2024-05-18T22:07:07.998+0000] {dag.py:3954} INFO - Setting next_dagrun for games to None, run_after=None
[2024-05-18T22:07:08.007+0000] {processor.py:183} INFO - Processing /opt/airflow/dags/get_main_games.py took 0.053 seconds
[2024-05-18T22:07:38.702+0000] {processor.py:161} INFO - Started process (PID=89) to work on /opt/airflow/dags/get_main_games.py
[2024-05-18T22:07:38.709+0000] {processor.py:830} INFO - Processing file /opt/airflow/dags/get_main_games.py for tasks to queue
[2024-05-18T22:07:38.710+0000] {logging_mixin.py:188} INFO - [2024-05-18T22:07:38.709+0000] {dagbag.py:540} INFO - Filling up the DagBag from /opt/airflow/dags/get_main_games.py
[2024-05-18T22:07:38.715+0000] {processor.py:840} INFO - DAG(s) 'games' retrieved from /opt/airflow/dags/get_main_games.py
[2024-05-18T22:07:38.731+0000] {logging_mixin.py:188} INFO - [2024-05-18T22:07:38.731+0000] {dag.py:3096} INFO - Sync 1 DAGs
[2024-05-18T22:07:38.743+0000] {logging_mixin.py:188} INFO - [2024-05-18T22:07:38.743+0000] {dag.py:3954} INFO - Setting next_dagrun for games to None, run_after=None
[2024-05-18T22:07:38.751+0000] {processor.py:183} INFO - Processing /opt/airflow/dags/get_main_games.py took 0.052 seconds
[2024-05-18T22:08:09.375+0000] {processor.py:161} INFO - Started process (PID=100) to work on /opt/airflow/dags/get_main_games.py
[2024-05-18T22:08:09.381+0000] {processor.py:830} INFO - Processing file /opt/airflow/dags/get_main_games.py for tasks to queue
[2024-05-18T22:08:09.382+0000] {logging_mixin.py:188} INFO - [2024-05-18T22:08:09.382+0000] {dagbag.py:540} INFO - Filling up the DagBag from /opt/airflow/dags/get_main_games.py
[2024-05-18T22:08:09.388+0000] {processor.py:840} INFO - DAG(s) 'games' retrieved from /opt/airflow/dags/get_main_games.py
[2024-05-18T22:08:09.406+0000] {logging_mixin.py:188} INFO - [2024-05-18T22:08:09.406+0000] {dag.py:3096} INFO - Sync 1 DAGs
[2024-05-18T22:08:09.419+0000] {logging_mixin.py:188} INFO - [2024-05-18T22:08:09.419+0000] {dag.py:3954} INFO - Setting next_dagrun for games to None, run_after=None
[2024-05-18T22:08:09.429+0000] {processor.py:183} INFO - Processing /opt/airflow/dags/get_main_games.py took 0.058 seconds
[2024-05-18T22:08:40.084+0000] {processor.py:161} INFO - Started process (PID=111) to work on /opt/airflow/dags/get_main_games.py
[2024-05-18T22:08:40.090+0000] {processor.py:830} INFO - Processing file /opt/airflow/dags/get_main_games.py for tasks to queue
[2024-05-18T22:08:40.091+0000] {logging_mixin.py:188} INFO - [2024-05-18T22:08:40.091+0000] {dagbag.py:540} INFO - Filling up the DagBag from /opt/airflow/dags/get_main_games.py
[2024-05-18T22:08:40.096+0000] {processor.py:840} INFO - DAG(s) 'games' retrieved from /opt/airflow/dags/get_main_games.py
[2024-05-18T22:08:40.113+0000] {logging_mixin.py:188} INFO - [2024-05-18T22:08:40.113+0000] {dag.py:3096} INFO - Sync 1 DAGs
[2024-05-18T22:08:40.126+0000] {logging_mixin.py:188} INFO - [2024-05-18T22:08:40.126+0000] {dag.py:3954} INFO - Setting next_dagrun for games to None, run_after=None
[2024-05-18T22:08:40.134+0000] {processor.py:183} INFO - Processing /opt/airflow/dags/get_main_games.py took 0.054 seconds
[2024-05-18T22:09:10.753+0000] {processor.py:161} INFO - Started process (PID=122) to work on /opt/airflow/dags/get_main_games.py
[2024-05-18T22:09:10.754+0000] {processor.py:830} INFO - Processing file /opt/airflow/dags/get_main_games.py for tasks to queue
[2024-05-18T22:09:10.755+0000] {logging_mixin.py:188} INFO - [2024-05-18T22:09:10.755+0000] {dagbag.py:540} INFO - Filling up the DagBag from /opt/airflow/dags/get_main_games.py
[2024-05-18T22:09:10.762+0000] {processor.py:840} INFO - DAG(s) 'games' retrieved from /opt/airflow/dags/get_main_games.py
[2024-05-18T22:09:10.782+0000] {logging_mixin.py:188} INFO - [2024-05-18T22:09:10.782+0000] {dag.py:3096} INFO - Sync 1 DAGs
[2024-05-18T22:09:10.795+0000] {logging_mixin.py:188} INFO - [2024-05-18T22:09:10.795+0000] {dag.py:3954} INFO - Setting next_dagrun for games to None, run_after=None
[2024-05-18T22:09:10.806+0000] {processor.py:183} INFO - Processing /opt/airflow/dags/get_main_games.py took 0.057 seconds
[2024-05-18T22:09:41.511+0000] {processor.py:161} INFO - Started process (PID=133) to work on /opt/airflow/dags/get_main_games.py
[2024-05-18T22:09:41.512+0000] {processor.py:830} INFO - Processing file /opt/airflow/dags/get_main_games.py for tasks to queue
[2024-05-18T22:09:41.513+0000] {logging_mixin.py:188} INFO - [2024-05-18T22:09:41.513+0000] {dagbag.py:540} INFO - Filling up the DagBag from /opt/airflow/dags/get_main_games.py
[2024-05-18T22:09:41.521+0000] {processor.py:840} INFO - DAG(s) 'games' retrieved from /opt/airflow/dags/get_main_games.py
[2024-05-18T22:09:41.546+0000] {logging_mixin.py:188} INFO - [2024-05-18T22:09:41.545+0000] {dag.py:3096} INFO - Sync 1 DAGs
[2024-05-18T22:09:41.561+0000] {logging_mixin.py:188} INFO - [2024-05-18T22:09:41.561+0000] {dag.py:3954} INFO - Setting next_dagrun for games to None, run_after=None
[2024-05-18T22:09:41.572+0000] {processor.py:183} INFO - Processing /opt/airflow/dags/get_main_games.py took 0.065 seconds
[2024-05-18T22:10:12.287+0000] {processor.py:161} INFO - Started process (PID=144) to work on /opt/airflow/dags/get_main_games.py
[2024-05-18T22:10:12.293+0000] {processor.py:830} INFO - Processing file /opt/airflow/dags/get_main_games.py for tasks to queue
[2024-05-18T22:10:12.294+0000] {logging_mixin.py:188} INFO - [2024-05-18T22:10:12.294+0000] {dagbag.py:540} INFO - Filling up the DagBag from /opt/airflow/dags/get_main_games.py
[2024-05-18T22:10:12.300+0000] {processor.py:840} INFO - DAG(s) 'games' retrieved from /opt/airflow/dags/get_main_games.py
[2024-05-18T22:10:12.322+0000] {logging_mixin.py:188} INFO - [2024-05-18T22:10:12.321+0000] {dag.py:3096} INFO - Sync 1 DAGs
[2024-05-18T22:10:12.335+0000] {logging_mixin.py:188} INFO - [2024-05-18T22:10:12.335+0000] {dag.py:3954} INFO - Setting next_dagrun for games to None, run_after=None
[2024-05-18T22:10:12.346+0000] {processor.py:183} INFO - Processing /opt/airflow/dags/get_main_games.py took 0.064 seconds
[2024-05-18T22:10:43.074+0000] {processor.py:161} INFO - Started process (PID=155) to work on /opt/airflow/dags/get_main_games.py
[2024-05-18T22:10:43.080+0000] {processor.py:830} INFO - Processing file /opt/airflow/dags/get_main_games.py for tasks to queue
[2024-05-18T22:10:43.081+0000] {logging_mixin.py:188} INFO - [2024-05-18T22:10:43.081+0000] {dagbag.py:540} INFO - Filling up the DagBag from /opt/airflow/dags/get_main_games.py
[2024-05-18T22:10:43.087+0000] {processor.py:840} INFO - DAG(s) 'games' retrieved from /opt/airflow/dags/get_main_games.py
[2024-05-18T22:10:43.105+0000] {logging_mixin.py:188} INFO - [2024-05-18T22:10:43.105+0000] {dag.py:3096} INFO - Sync 1 DAGs
[2024-05-18T22:10:43.118+0000] {logging_mixin.py:188} INFO - [2024-05-18T22:10:43.118+0000] {dag.py:3954} INFO - Setting next_dagrun for games to None, run_after=None
[2024-05-18T22:10:43.127+0000] {processor.py:183} INFO - Processing /opt/airflow/dags/get_main_games.py took 0.057 seconds
[2024-05-18T22:11:13.862+0000] {processor.py:161} INFO - Started process (PID=166) to work on /opt/airflow/dags/get_main_games.py
[2024-05-18T22:11:13.868+0000] {processor.py:830} INFO - Processing file /opt/airflow/dags/get_main_games.py for tasks to queue
[2024-05-18T22:11:13.869+0000] {logging_mixin.py:188} INFO - [2024-05-18T22:11:13.869+0000] {dagbag.py:540} INFO - Filling up the DagBag from /opt/airflow/dags/get_main_games.py
[2024-05-18T22:11:13.875+0000] {processor.py:840} INFO - DAG(s) 'games' retrieved from /opt/airflow/dags/get_main_games.py
[2024-05-18T22:11:13.892+0000] {logging_mixin.py:188} INFO - [2024-05-18T22:11:13.892+0000] {dag.py:3096} INFO - Sync 1 DAGs
[2024-05-18T22:11:13.905+0000] {logging_mixin.py:188} INFO - [2024-05-18T22:11:13.905+0000] {dag.py:3954} INFO - Setting next_dagrun for games to None, run_after=None
[2024-05-18T22:11:13.914+0000] {processor.py:183} INFO - Processing /opt/airflow/dags/get_main_games.py took 0.056 seconds
[2024-05-18T22:11:44.597+0000] {processor.py:161} INFO - Started process (PID=177) to work on /opt/airflow/dags/get_main_games.py
[2024-05-18T22:11:44.603+0000] {processor.py:830} INFO - Processing file /opt/airflow/dags/get_main_games.py for tasks to queue
[2024-05-18T22:11:44.604+0000] {logging_mixin.py:188} INFO - [2024-05-18T22:11:44.604+0000] {dagbag.py:540} INFO - Filling up the DagBag from /opt/airflow/dags/get_main_games.py
[2024-05-18T22:11:44.610+0000] {processor.py:840} INFO - DAG(s) 'games' retrieved from /opt/airflow/dags/get_main_games.py
[2024-05-18T22:11:44.630+0000] {logging_mixin.py:188} INFO - [2024-05-18T22:11:44.630+0000] {dag.py:3096} INFO - Sync 1 DAGs
[2024-05-18T22:11:44.645+0000] {logging_mixin.py:188} INFO - [2024-05-18T22:11:44.644+0000] {dag.py:3954} INFO - Setting next_dagrun for games to None, run_after=None
[2024-05-18T22:11:44.654+0000] {processor.py:183} INFO - Processing /opt/airflow/dags/get_main_games.py took 0.061 seconds
[2024-05-18T22:12:15.346+0000] {processor.py:161} INFO - Started process (PID=188) to work on /opt/airflow/dags/get_main_games.py
[2024-05-18T22:12:15.353+0000] {processor.py:830} INFO - Processing file /opt/airflow/dags/get_main_games.py for tasks to queue
[2024-05-18T22:12:15.354+0000] {logging_mixin.py:188} INFO - [2024-05-18T22:12:15.354+0000] {dagbag.py:540} INFO - Filling up the DagBag from /opt/airflow/dags/get_main_games.py
[2024-05-18T22:12:15.360+0000] {processor.py:840} INFO - DAG(s) 'games' retrieved from /opt/airflow/dags/get_main_games.py
[2024-05-18T22:12:15.377+0000] {logging_mixin.py:188} INFO - [2024-05-18T22:12:15.377+0000] {dag.py:3096} INFO - Sync 1 DAGs
[2024-05-18T22:12:15.389+0000] {logging_mixin.py:188} INFO - [2024-05-18T22:12:15.389+0000] {dag.py:3954} INFO - Setting next_dagrun for games to None, run_after=None
[2024-05-18T22:12:15.398+0000] {processor.py:183} INFO - Processing /opt/airflow/dags/get_main_games.py took 0.055 seconds
[2024-05-18T22:12:37.044+0000] {processor.py:161} INFO - Started process (PID=199) to work on /opt/airflow/dags/get_main_games.py
[2024-05-18T22:12:37.045+0000] {processor.py:830} INFO - Processing file /opt/airflow/dags/get_main_games.py for tasks to queue
[2024-05-18T22:12:37.046+0000] {logging_mixin.py:188} INFO - [2024-05-18T22:12:37.046+0000] {dagbag.py:540} INFO - Filling up the DagBag from /opt/airflow/dags/get_main_games.py
[2024-05-18T22:12:38.313+0000] {logging_mixin.py:188} INFO - [2024-05-18T22:12:38.312+0000] {dagbag.py:350} ERROR - Failed to import: /opt/airflow/dags/get_main_games.py
Traceback (most recent call last):
  File "/home/airflow/.local/lib/python3.12/site-packages/airflow/models/dagbag.py", line 346, in parse
    loader.exec_module(new_module)
  File "<frozen importlib._bootstrap_external>", line 995, in exec_module
  File "<frozen importlib._bootstrap>", line 488, in _call_with_frames_removed
  File "/opt/airflow/dags/get_main_games.py", line 17, in <module>
    load_data_step = PythonOperator(task_id='load_data', python_callable=load_data, op_args=[get_matches()])
                                                                                             ^^^^^^^^^^^^^
TypeError: get_matches() missing 1 required positional argument: 'season_ids_list'
[2024-05-18T22:12:38.313+0000] {processor.py:842} WARNING - No viable dags retrieved from /opt/airflow/dags/get_main_games.py
[2024-05-18T22:12:38.333+0000] {processor.py:183} INFO - Processing /opt/airflow/dags/get_main_games.py took 1.292 seconds
[2024-05-18T22:13:31.388+0000] {processor.py:161} INFO - Started process (PID=39) to work on /opt/airflow/dags/get_main_games.py
[2024-05-18T22:13:31.389+0000] {processor.py:830} INFO - Processing file /opt/airflow/dags/get_main_games.py for tasks to queue
[2024-05-18T22:13:31.390+0000] {logging_mixin.py:188} INFO - [2024-05-18T22:13:31.390+0000] {dagbag.py:540} INFO - Filling up the DagBag from /opt/airflow/dags/get_main_games.py
[2024-05-18T22:13:32.698+0000] {logging_mixin.py:188} INFO - [2024-05-18T22:13:32.697+0000] {dagbag.py:350} ERROR - Failed to import: /opt/airflow/dags/get_main_games.py
Traceback (most recent call last):
  File "/home/airflow/.local/lib/python3.12/site-packages/airflow/models/dagbag.py", line 346, in parse
    loader.exec_module(new_module)
  File "<frozen importlib._bootstrap_external>", line 995, in exec_module
  File "<frozen importlib._bootstrap>", line 488, in _call_with_frames_removed
  File "/opt/airflow/dags/get_main_games.py", line 17, in <module>
    load_data_step = PythonOperator(task_id='load_data', python_callable=load_data, op_args=[get_matches()])
                                                                                             ^^^^^^^^^^^^^
TypeError: get_matches() missing 1 required positional argument: 'season_ids_list'
[2024-05-18T22:13:32.698+0000] {processor.py:842} WARNING - No viable dags retrieved from /opt/airflow/dags/get_main_games.py
[2024-05-18T22:13:32.713+0000] {processor.py:183} INFO - Processing /opt/airflow/dags/get_main_games.py took 1.329 seconds
[2024-05-18T22:14:02.940+0000] {processor.py:161} INFO - Started process (PID=50) to work on /opt/airflow/dags/get_main_games.py
[2024-05-18T22:14:02.946+0000] {processor.py:830} INFO - Processing file /opt/airflow/dags/get_main_games.py for tasks to queue
[2024-05-18T22:14:02.948+0000] {logging_mixin.py:188} INFO - [2024-05-18T22:14:02.947+0000] {dagbag.py:540} INFO - Filling up the DagBag from /opt/airflow/dags/get_main_games.py
[2024-05-18T22:14:04.249+0000] {logging_mixin.py:188} INFO - [2024-05-18T22:14:04.248+0000] {dagbag.py:350} ERROR - Failed to import: /opt/airflow/dags/get_main_games.py
Traceback (most recent call last):
  File "/home/airflow/.local/lib/python3.12/site-packages/airflow/models/dagbag.py", line 346, in parse
    loader.exec_module(new_module)
  File "<frozen importlib._bootstrap_external>", line 995, in exec_module
  File "<frozen importlib._bootstrap>", line 488, in _call_with_frames_removed
  File "/opt/airflow/dags/get_main_games.py", line 17, in <module>
    load_data_step = PythonOperator(task_id='load_data', python_callable=load_data, op_args=[get_matches()])
                                                                                             ^^^^^^^^^^^^^
TypeError: get_matches() missing 1 required positional argument: 'season_ids_list'
[2024-05-18T22:14:04.249+0000] {processor.py:842} WARNING - No viable dags retrieved from /opt/airflow/dags/get_main_games.py
[2024-05-18T22:14:04.258+0000] {processor.py:183} INFO - Processing /opt/airflow/dags/get_main_games.py took 1.322 seconds
[2024-05-18T22:14:34.309+0000] {processor.py:161} INFO - Started process (PID=61) to work on /opt/airflow/dags/get_main_games.py
[2024-05-18T22:14:34.309+0000] {processor.py:830} INFO - Processing file /opt/airflow/dags/get_main_games.py for tasks to queue
[2024-05-18T22:14:34.310+0000] {logging_mixin.py:188} INFO - [2024-05-18T22:14:34.310+0000] {dagbag.py:540} INFO - Filling up the DagBag from /opt/airflow/dags/get_main_games.py
[2024-05-18T22:14:35.623+0000] {logging_mixin.py:188} INFO - [2024-05-18T22:14:35.622+0000] {dagbag.py:350} ERROR - Failed to import: /opt/airflow/dags/get_main_games.py
Traceback (most recent call last):
  File "/home/airflow/.local/lib/python3.12/site-packages/airflow/models/dagbag.py", line 346, in parse
    loader.exec_module(new_module)
  File "<frozen importlib._bootstrap_external>", line 995, in exec_module
  File "<frozen importlib._bootstrap>", line 488, in _call_with_frames_removed
  File "/opt/airflow/dags/get_main_games.py", line 17, in <module>
    load_data_step = PythonOperator(task_id='load_data', python_callable=load_data, op_args=[get_matches()])
                                                                                             ^^^^^^^^^^^^^
TypeError: get_matches() missing 1 required positional argument: 'season_ids_list'
[2024-05-18T22:14:35.623+0000] {processor.py:842} WARNING - No viable dags retrieved from /opt/airflow/dags/get_main_games.py
[2024-05-18T22:14:35.639+0000] {processor.py:183} INFO - Processing /opt/airflow/dags/get_main_games.py took 1.334 seconds
[2024-05-18T22:15:05.839+0000] {processor.py:161} INFO - Started process (PID=76) to work on /opt/airflow/dags/get_main_games.py
[2024-05-18T22:15:05.840+0000] {processor.py:830} INFO - Processing file /opt/airflow/dags/get_main_games.py for tasks to queue
[2024-05-18T22:15:05.840+0000] {logging_mixin.py:188} INFO - [2024-05-18T22:15:05.840+0000] {dagbag.py:540} INFO - Filling up the DagBag from /opt/airflow/dags/get_main_games.py
[2024-05-18T22:15:07.158+0000] {logging_mixin.py:188} INFO - [2024-05-18T22:15:07.157+0000] {dagbag.py:350} ERROR - Failed to import: /opt/airflow/dags/get_main_games.py
Traceback (most recent call last):
  File "/home/airflow/.local/lib/python3.12/site-packages/airflow/models/dagbag.py", line 346, in parse
    loader.exec_module(new_module)
  File "<frozen importlib._bootstrap_external>", line 995, in exec_module
  File "<frozen importlib._bootstrap>", line 488, in _call_with_frames_removed
  File "/opt/airflow/dags/get_main_games.py", line 17, in <module>
    load_data_step = PythonOperator(task_id='load_data', python_callable=load_data, op_args=[get_matches()])
                                                                                             ^^^^^^^^^^^^^
TypeError: get_matches() missing 1 required positional argument: 'season_ids_list'
[2024-05-18T22:15:07.158+0000] {processor.py:842} WARNING - No viable dags retrieved from /opt/airflow/dags/get_main_games.py
[2024-05-18T22:15:07.173+0000] {processor.py:183} INFO - Processing /opt/airflow/dags/get_main_games.py took 1.337 seconds
[2024-05-18T22:15:37.383+0000] {processor.py:161} INFO - Started process (PID=88) to work on /opt/airflow/dags/get_main_games.py
[2024-05-18T22:15:37.383+0000] {processor.py:830} INFO - Processing file /opt/airflow/dags/get_main_games.py for tasks to queue
[2024-05-18T22:15:37.384+0000] {logging_mixin.py:188} INFO - [2024-05-18T22:15:37.383+0000] {dagbag.py:540} INFO - Filling up the DagBag from /opt/airflow/dags/get_main_games.py
[2024-05-18T22:15:38.695+0000] {logging_mixin.py:188} INFO - [2024-05-18T22:15:38.694+0000] {dagbag.py:350} ERROR - Failed to import: /opt/airflow/dags/get_main_games.py
Traceback (most recent call last):
  File "/home/airflow/.local/lib/python3.12/site-packages/airflow/models/dagbag.py", line 346, in parse
    loader.exec_module(new_module)
  File "<frozen importlib._bootstrap_external>", line 995, in exec_module
  File "<frozen importlib._bootstrap>", line 488, in _call_with_frames_removed
  File "/opt/airflow/dags/get_main_games.py", line 17, in <module>
    load_data_step = PythonOperator(task_id='load_data', python_callable=load_data, op_args=[get_matches()])
                                                                                             ^^^^^^^^^^^^^
TypeError: get_matches() missing 1 required positional argument: 'season_ids_list'
[2024-05-18T22:15:38.695+0000] {processor.py:842} WARNING - No viable dags retrieved from /opt/airflow/dags/get_main_games.py
[2024-05-18T22:15:38.711+0000] {processor.py:183} INFO - Processing /opt/airflow/dags/get_main_games.py took 1.331 seconds
[2024-05-18T22:16:09.035+0000] {processor.py:161} INFO - Started process (PID=99) to work on /opt/airflow/dags/get_main_games.py
[2024-05-18T22:16:09.041+0000] {processor.py:830} INFO - Processing file /opt/airflow/dags/get_main_games.py for tasks to queue
[2024-05-18T22:16:09.042+0000] {logging_mixin.py:188} INFO - [2024-05-18T22:16:09.041+0000] {dagbag.py:540} INFO - Filling up the DagBag from /opt/airflow/dags/get_main_games.py
[2024-05-18T22:16:10.402+0000] {logging_mixin.py:188} INFO - [2024-05-18T22:16:10.401+0000] {dagbag.py:350} ERROR - Failed to import: /opt/airflow/dags/get_main_games.py
Traceback (most recent call last):
  File "/home/airflow/.local/lib/python3.12/site-packages/airflow/models/dagbag.py", line 346, in parse
    loader.exec_module(new_module)
  File "<frozen importlib._bootstrap_external>", line 995, in exec_module
  File "<frozen importlib._bootstrap>", line 488, in _call_with_frames_removed
  File "/opt/airflow/dags/get_main_games.py", line 17, in <module>
    load_data_step = PythonOperator(task_id='load_data', python_callable=load_data, op_args=[get_matches()])
                                                                                             ^^^^^^^^^^^^^
TypeError: get_matches() missing 1 required positional argument: 'season_ids_list'
[2024-05-18T22:16:10.403+0000] {processor.py:842} WARNING - No viable dags retrieved from /opt/airflow/dags/get_main_games.py
[2024-05-18T22:16:10.417+0000] {processor.py:183} INFO - Processing /opt/airflow/dags/get_main_games.py took 1.386 seconds
[2024-05-18T22:16:40.753+0000] {processor.py:161} INFO - Started process (PID=110) to work on /opt/airflow/dags/get_main_games.py
[2024-05-18T22:16:40.753+0000] {processor.py:830} INFO - Processing file /opt/airflow/dags/get_main_games.py for tasks to queue
[2024-05-18T22:16:40.754+0000] {logging_mixin.py:188} INFO - [2024-05-18T22:16:40.754+0000] {dagbag.py:540} INFO - Filling up the DagBag from /opt/airflow/dags/get_main_games.py
[2024-05-18T22:16:42.051+0000] {logging_mixin.py:188} INFO - [2024-05-18T22:16:42.050+0000] {dagbag.py:350} ERROR - Failed to import: /opt/airflow/dags/get_main_games.py
Traceback (most recent call last):
  File "/home/airflow/.local/lib/python3.12/site-packages/airflow/models/dagbag.py", line 346, in parse
    loader.exec_module(new_module)
  File "<frozen importlib._bootstrap_external>", line 995, in exec_module
  File "<frozen importlib._bootstrap>", line 488, in _call_with_frames_removed
  File "/opt/airflow/dags/get_main_games.py", line 17, in <module>
    load_data_step = PythonOperator(task_id='load_data', python_callable=load_data, op_args=[get_matches()])
                                                                                             ^^^^^^^^^^^^^
TypeError: get_matches() missing 1 required positional argument: 'season_ids_list'
[2024-05-18T22:16:42.051+0000] {processor.py:842} WARNING - No viable dags retrieved from /opt/airflow/dags/get_main_games.py
[2024-05-18T22:16:42.061+0000] {processor.py:183} INFO - Processing /opt/airflow/dags/get_main_games.py took 1.312 seconds
[2024-05-18T22:17:12.376+0000] {processor.py:161} INFO - Started process (PID=121) to work on /opt/airflow/dags/get_main_games.py
[2024-05-18T22:17:12.382+0000] {processor.py:830} INFO - Processing file /opt/airflow/dags/get_main_games.py for tasks to queue
[2024-05-18T22:17:12.383+0000] {logging_mixin.py:188} INFO - [2024-05-18T22:17:12.382+0000] {dagbag.py:540} INFO - Filling up the DagBag from /opt/airflow/dags/get_main_games.py
[2024-05-18T22:17:13.690+0000] {logging_mixin.py:188} INFO - [2024-05-18T22:17:13.689+0000] {dagbag.py:350} ERROR - Failed to import: /opt/airflow/dags/get_main_games.py
Traceback (most recent call last):
  File "/home/airflow/.local/lib/python3.12/site-packages/airflow/models/dagbag.py", line 346, in parse
    loader.exec_module(new_module)
  File "<frozen importlib._bootstrap_external>", line 995, in exec_module
  File "<frozen importlib._bootstrap>", line 488, in _call_with_frames_removed
  File "/opt/airflow/dags/get_main_games.py", line 17, in <module>
    load_data_step = PythonOperator(task_id='load_data', python_callable=load_data, op_args=[get_matches()])
                                                                                             ^^^^^^^^^^^^^
TypeError: get_matches() missing 1 required positional argument: 'season_ids_list'
[2024-05-18T22:17:13.691+0000] {processor.py:842} WARNING - No viable dags retrieved from /opt/airflow/dags/get_main_games.py
[2024-05-18T22:17:13.705+0000] {processor.py:183} INFO - Processing /opt/airflow/dags/get_main_games.py took 1.333 seconds
[2024-05-18T22:17:23.756+0000] {processor.py:161} INFO - Started process (PID=129) to work on /opt/airflow/dags/get_main_games.py
[2024-05-18T22:17:23.756+0000] {processor.py:830} INFO - Processing file /opt/airflow/dags/get_main_games.py for tasks to queue
[2024-05-18T22:17:23.757+0000] {logging_mixin.py:188} INFO - [2024-05-18T22:17:23.756+0000] {dagbag.py:540} INFO - Filling up the DagBag from /opt/airflow/dags/get_main_games.py
[2024-05-18T22:17:25.053+0000] {logging_mixin.py:188} INFO - [2024-05-18T22:17:25.053+0000] {dagbag.py:350} ERROR - Failed to import: /opt/airflow/dags/get_main_games.py
Traceback (most recent call last):
  File "/home/airflow/.local/lib/python3.12/site-packages/airflow/models/dagbag.py", line 346, in parse
    loader.exec_module(new_module)
  File "<frozen importlib._bootstrap_external>", line 995, in exec_module
  File "<frozen importlib._bootstrap>", line 488, in _call_with_frames_removed
  File "/opt/airflow/dags/get_main_games.py", line 30, in <module>
    op_args=[get_matches()])
             ^^^^^^^^^^^^^
TypeError: get_matches() missing 1 required positional argument: 'season_ids_list'
[2024-05-18T22:17:25.054+0000] {processor.py:842} WARNING - No viable dags retrieved from /opt/airflow/dags/get_main_games.py
[2024-05-18T22:17:25.064+0000] {processor.py:183} INFO - Processing /opt/airflow/dags/get_main_games.py took 1.313 seconds
[2024-05-18T22:17:55.301+0000] {processor.py:161} INFO - Started process (PID=141) to work on /opt/airflow/dags/get_main_games.py
[2024-05-18T22:17:55.308+0000] {processor.py:830} INFO - Processing file /opt/airflow/dags/get_main_games.py for tasks to queue
[2024-05-18T22:17:55.308+0000] {logging_mixin.py:188} INFO - [2024-05-18T22:17:55.308+0000] {dagbag.py:540} INFO - Filling up the DagBag from /opt/airflow/dags/get_main_games.py
[2024-05-18T22:17:56.602+0000] {logging_mixin.py:188} INFO - [2024-05-18T22:17:56.601+0000] {dagbag.py:350} ERROR - Failed to import: /opt/airflow/dags/get_main_games.py
Traceback (most recent call last):
  File "/home/airflow/.local/lib/python3.12/site-packages/airflow/models/dagbag.py", line 346, in parse
    loader.exec_module(new_module)
  File "<frozen importlib._bootstrap_external>", line 995, in exec_module
  File "<frozen importlib._bootstrap>", line 488, in _call_with_frames_removed
  File "/opt/airflow/dags/get_main_games.py", line 30, in <module>
    op_args=[get_matches()])
             ^^^^^^^^^^^^^
TypeError: get_matches() missing 1 required positional argument: 'season_ids_list'
[2024-05-18T22:17:56.603+0000] {processor.py:842} WARNING - No viable dags retrieved from /opt/airflow/dags/get_main_games.py
[2024-05-18T22:17:56.617+0000] {processor.py:183} INFO - Processing /opt/airflow/dags/get_main_games.py took 1.319 seconds
[2024-05-18T22:18:27.538+0000] {processor.py:161} INFO - Started process (PID=152) to work on /opt/airflow/dags/get_main_games.py
[2024-05-18T22:18:27.539+0000] {processor.py:830} INFO - Processing file /opt/airflow/dags/get_main_games.py for tasks to queue
[2024-05-18T22:18:27.539+0000] {logging_mixin.py:188} INFO - [2024-05-18T22:18:27.539+0000] {dagbag.py:540} INFO - Filling up the DagBag from /opt/airflow/dags/get_main_games.py
[2024-05-18T22:18:28.945+0000] {logging_mixin.py:188} INFO - [2024-05-18T22:18:28.944+0000] {dagbag.py:350} ERROR - Failed to import: /opt/airflow/dags/get_main_games.py
Traceback (most recent call last):
  File "/home/airflow/.local/lib/python3.12/site-packages/airflow/models/dagbag.py", line 346, in parse
    loader.exec_module(new_module)
  File "<frozen importlib._bootstrap_external>", line 995, in exec_module
  File "<frozen importlib._bootstrap>", line 488, in _call_with_frames_removed
  File "/opt/airflow/dags/get_main_games.py", line 30, in <module>
    op_args=[get_matches()])
             ^^^^^^^^^^^^^
TypeError: get_matches() missing 1 required positional argument: 'season_ids_list'
[2024-05-18T22:18:28.945+0000] {processor.py:842} WARNING - No viable dags retrieved from /opt/airflow/dags/get_main_games.py
[2024-05-18T22:18:28.960+0000] {processor.py:183} INFO - Processing /opt/airflow/dags/get_main_games.py took 1.426 seconds
[2024-05-18T22:18:59.766+0000] {processor.py:161} INFO - Started process (PID=163) to work on /opt/airflow/dags/get_main_games.py
[2024-05-18T22:18:59.772+0000] {processor.py:830} INFO - Processing file /opt/airflow/dags/get_main_games.py for tasks to queue
[2024-05-18T22:18:59.773+0000] {logging_mixin.py:188} INFO - [2024-05-18T22:18:59.773+0000] {dagbag.py:540} INFO - Filling up the DagBag from /opt/airflow/dags/get_main_games.py
[2024-05-18T22:19:01.030+0000] {logging_mixin.py:188} INFO - [2024-05-18T22:19:01.030+0000] {dagbag.py:350} ERROR - Failed to import: /opt/airflow/dags/get_main_games.py
Traceback (most recent call last):
  File "/home/airflow/.local/lib/python3.12/site-packages/airflow/models/dagbag.py", line 346, in parse
    loader.exec_module(new_module)
  File "<frozen importlib._bootstrap_external>", line 995, in exec_module
  File "<frozen importlib._bootstrap>", line 488, in _call_with_frames_removed
  File "/opt/airflow/dags/get_main_games.py", line 30, in <module>
    op_args=[get_matches()])
             ^^^^^^^^^^^^^
TypeError: get_matches() missing 1 required positional argument: 'season_ids_list'
[2024-05-18T22:19:01.031+0000] {processor.py:842} WARNING - No viable dags retrieved from /opt/airflow/dags/get_main_games.py
[2024-05-18T22:19:01.040+0000] {processor.py:183} INFO - Processing /opt/airflow/dags/get_main_games.py took 1.277 seconds
[2024-05-18T22:19:56.350+0000] {processor.py:161} INFO - Started process (PID=39) to work on /opt/airflow/dags/get_main_games.py
[2024-05-18T22:19:56.350+0000] {processor.py:830} INFO - Processing file /opt/airflow/dags/get_main_games.py for tasks to queue
[2024-05-18T22:19:56.352+0000] {logging_mixin.py:188} INFO - [2024-05-18T22:19:56.351+0000] {dagbag.py:540} INFO - Filling up the DagBag from /opt/airflow/dags/get_main_games.py
[2024-05-18T22:19:57.646+0000] {logging_mixin.py:188} INFO - [2024-05-18T22:19:57.645+0000] {dagbag.py:350} ERROR - Failed to import: /opt/airflow/dags/get_main_games.py
Traceback (most recent call last):
  File "/home/airflow/.local/lib/python3.12/site-packages/airflow/models/dagbag.py", line 346, in parse
    loader.exec_module(new_module)
  File "<frozen importlib._bootstrap_external>", line 995, in exec_module
  File "<frozen importlib._bootstrap>", line 488, in _call_with_frames_removed
  File "/opt/airflow/dags/get_main_games.py", line 30, in <module>
    op_args=[get_matches()])
             ^^^^^^^^^^^^^
TypeError: get_matches() missing 1 required positional argument: 'season_ids_list'
[2024-05-18T22:19:57.646+0000] {processor.py:842} WARNING - No viable dags retrieved from /opt/airflow/dags/get_main_games.py
[2024-05-18T22:19:57.656+0000] {processor.py:183} INFO - Processing /opt/airflow/dags/get_main_games.py took 1.310 seconds
[2024-05-18T22:20:27.889+0000] {processor.py:161} INFO - Started process (PID=50) to work on /opt/airflow/dags/get_main_games.py
[2024-05-18T22:20:27.890+0000] {processor.py:830} INFO - Processing file /opt/airflow/dags/get_main_games.py for tasks to queue
[2024-05-18T22:20:27.891+0000] {logging_mixin.py:188} INFO - [2024-05-18T22:20:27.891+0000] {dagbag.py:540} INFO - Filling up the DagBag from /opt/airflow/dags/get_main_games.py
[2024-05-18T22:20:29.146+0000] {logging_mixin.py:188} INFO - [2024-05-18T22:20:29.145+0000] {dagbag.py:350} ERROR - Failed to import: /opt/airflow/dags/get_main_games.py
Traceback (most recent call last):
  File "/home/airflow/.local/lib/python3.12/site-packages/airflow/models/dagbag.py", line 346, in parse
    loader.exec_module(new_module)
  File "<frozen importlib._bootstrap_external>", line 995, in exec_module
  File "<frozen importlib._bootstrap>", line 488, in _call_with_frames_removed
  File "/opt/airflow/dags/get_main_games.py", line 30, in <module>
    op_args=[get_matches()])
             ^^^^^^^^^^^^^
TypeError: get_matches() missing 1 required positional argument: 'season_ids_list'
[2024-05-18T22:20:29.147+0000] {processor.py:842} WARNING - No viable dags retrieved from /opt/airflow/dags/get_main_games.py
[2024-05-18T22:20:29.156+0000] {processor.py:183} INFO - Processing /opt/airflow/dags/get_main_games.py took 1.269 seconds
[2024-05-18T22:20:59.278+0000] {processor.py:161} INFO - Started process (PID=61) to work on /opt/airflow/dags/get_main_games.py
[2024-05-18T22:20:59.284+0000] {processor.py:830} INFO - Processing file /opt/airflow/dags/get_main_games.py for tasks to queue
[2024-05-18T22:20:59.285+0000] {logging_mixin.py:188} INFO - [2024-05-18T22:20:59.285+0000] {dagbag.py:540} INFO - Filling up the DagBag from /opt/airflow/dags/get_main_games.py
[2024-05-18T22:21:00.534+0000] {logging_mixin.py:188} INFO - [2024-05-18T22:21:00.533+0000] {dagbag.py:350} ERROR - Failed to import: /opt/airflow/dags/get_main_games.py
Traceback (most recent call last):
  File "/home/airflow/.local/lib/python3.12/site-packages/airflow/models/dagbag.py", line 346, in parse
    loader.exec_module(new_module)
  File "<frozen importlib._bootstrap_external>", line 995, in exec_module
  File "<frozen importlib._bootstrap>", line 488, in _call_with_frames_removed
  File "/opt/airflow/dags/get_main_games.py", line 30, in <module>
    op_args=[get_matches()])
             ^^^^^^^^^^^^^
TypeError: get_matches() missing 1 required positional argument: 'season_ids_list'
[2024-05-18T22:21:00.534+0000] {processor.py:842} WARNING - No viable dags retrieved from /opt/airflow/dags/get_main_games.py
[2024-05-18T22:21:00.546+0000] {processor.py:183} INFO - Processing /opt/airflow/dags/get_main_games.py took 1.271 seconds
[2024-05-18T22:21:30.656+0000] {processor.py:161} INFO - Started process (PID=72) to work on /opt/airflow/dags/get_main_games.py
[2024-05-18T22:21:30.656+0000] {processor.py:830} INFO - Processing file /opt/airflow/dags/get_main_games.py for tasks to queue
[2024-05-18T22:21:30.657+0000] {logging_mixin.py:188} INFO - [2024-05-18T22:21:30.657+0000] {dagbag.py:540} INFO - Filling up the DagBag from /opt/airflow/dags/get_main_games.py
[2024-05-18T22:21:31.920+0000] {logging_mixin.py:188} INFO - [2024-05-18T22:21:31.919+0000] {dagbag.py:350} ERROR - Failed to import: /opt/airflow/dags/get_main_games.py
Traceback (most recent call last):
  File "/home/airflow/.local/lib/python3.12/site-packages/airflow/models/dagbag.py", line 346, in parse
    loader.exec_module(new_module)
  File "<frozen importlib._bootstrap_external>", line 995, in exec_module
  File "<frozen importlib._bootstrap>", line 488, in _call_with_frames_removed
  File "/opt/airflow/dags/get_main_games.py", line 30, in <module>
    op_args=[get_matches()])
             ^^^^^^^^^^^^^
TypeError: get_matches() missing 1 required positional argument: 'season_ids_list'
[2024-05-18T22:21:31.920+0000] {processor.py:842} WARNING - No viable dags retrieved from /opt/airflow/dags/get_main_games.py
[2024-05-18T22:21:31.930+0000] {processor.py:183} INFO - Processing /opt/airflow/dags/get_main_games.py took 1.278 seconds
[2024-05-18T22:21:38.002+0000] {processor.py:161} INFO - Started process (PID=77) to work on /opt/airflow/dags/get_main_games.py
[2024-05-18T22:21:38.002+0000] {processor.py:830} INFO - Processing file /opt/airflow/dags/get_main_games.py for tasks to queue
[2024-05-18T22:21:38.004+0000] {logging_mixin.py:188} INFO - [2024-05-18T22:21:38.003+0000] {dagbag.py:540} INFO - Filling up the DagBag from /opt/airflow/dags/get_main_games.py
[2024-05-18T22:21:39.272+0000] {logging_mixin.py:188} INFO - [2024-05-18T22:21:39.270+0000] {dagbag.py:350} ERROR - Failed to import: /opt/airflow/dags/get_main_games.py
Traceback (most recent call last):
  File "/home/airflow/.local/lib/python3.12/site-packages/airflow/models/dagbag.py", line 346, in parse
    loader.exec_module(new_module)
  File "<frozen importlib._bootstrap_external>", line 995, in exec_module
  File "<frozen importlib._bootstrap>", line 488, in _call_with_frames_removed
  File "/opt/airflow/dags/get_main_games.py", line 30, in <module>
    op_args=[get_matches()])
             ^^^^^^^^^^^^^
TypeError: get_matches() missing 1 required positional argument: 'season_ids_list'
[2024-05-18T22:21:39.272+0000] {processor.py:842} WARNING - No viable dags retrieved from /opt/airflow/dags/get_main_games.py
[2024-05-18T22:21:39.288+0000] {processor.py:183} INFO - Processing /opt/airflow/dags/get_main_games.py took 1.291 seconds
[2024-05-18T22:22:28.887+0000] {processor.py:161} INFO - Started process (PID=39) to work on /opt/airflow/dags/get_main_games.py
[2024-05-18T22:22:28.888+0000] {processor.py:830} INFO - Processing file /opt/airflow/dags/get_main_games.py for tasks to queue
[2024-05-18T22:22:28.890+0000] {logging_mixin.py:188} INFO - [2024-05-18T22:22:28.889+0000] {dagbag.py:540} INFO - Filling up the DagBag from /opt/airflow/dags/get_main_games.py
[2024-05-18T22:22:30.171+0000] {logging_mixin.py:188} INFO - [2024-05-18T22:22:30.170+0000] {dagbag.py:350} ERROR - Failed to import: /opt/airflow/dags/get_main_games.py
Traceback (most recent call last):
  File "/home/airflow/.local/lib/python3.12/site-packages/airflow/models/dagbag.py", line 346, in parse
    loader.exec_module(new_module)
  File "<frozen importlib._bootstrap_external>", line 995, in exec_module
  File "<frozen importlib._bootstrap>", line 488, in _call_with_frames_removed
  File "/opt/airflow/dags/get_main_games.py", line 30, in <module>
    op_args=[get_matches()])
             ^^^^^^^^^^^^^
TypeError: get_matches() missing 1 required positional argument: 'season_ids_list'
[2024-05-18T22:22:30.171+0000] {processor.py:842} WARNING - No viable dags retrieved from /opt/airflow/dags/get_main_games.py
[2024-05-18T22:22:30.180+0000] {processor.py:183} INFO - Processing /opt/airflow/dags/get_main_games.py took 1.296 seconds
[2024-05-18T22:23:00.368+0000] {processor.py:161} INFO - Started process (PID=50) to work on /opt/airflow/dags/get_main_games.py
[2024-05-18T22:23:00.368+0000] {processor.py:830} INFO - Processing file /opt/airflow/dags/get_main_games.py for tasks to queue
[2024-05-18T22:23:00.369+0000] {logging_mixin.py:188} INFO - [2024-05-18T22:23:00.369+0000] {dagbag.py:540} INFO - Filling up the DagBag from /opt/airflow/dags/get_main_games.py
[2024-05-18T22:23:01.679+0000] {logging_mixin.py:188} INFO - [2024-05-18T22:23:01.678+0000] {dagbag.py:350} ERROR - Failed to import: /opt/airflow/dags/get_main_games.py
Traceback (most recent call last):
  File "/home/airflow/.local/lib/python3.12/site-packages/airflow/models/dagbag.py", line 346, in parse
    loader.exec_module(new_module)
  File "<frozen importlib._bootstrap_external>", line 995, in exec_module
  File "<frozen importlib._bootstrap>", line 488, in _call_with_frames_removed
  File "/opt/airflow/dags/get_main_games.py", line 30, in <module>
    op_args=[get_matches()])
             ^^^^^^^^^^^^^
TypeError: get_matches() missing 1 required positional argument: 'season_ids_list'
[2024-05-18T22:23:01.679+0000] {processor.py:842} WARNING - No viable dags retrieved from /opt/airflow/dags/get_main_games.py
[2024-05-18T22:23:01.689+0000] {processor.py:183} INFO - Processing /opt/airflow/dags/get_main_games.py took 1.324 seconds
[2024-05-18T22:23:32.241+0000] {processor.py:161} INFO - Started process (PID=65) to work on /opt/airflow/dags/get_main_games.py
[2024-05-18T22:23:32.242+0000] {processor.py:830} INFO - Processing file /opt/airflow/dags/get_main_games.py for tasks to queue
[2024-05-18T22:23:32.243+0000] {logging_mixin.py:188} INFO - [2024-05-18T22:23:32.243+0000] {dagbag.py:540} INFO - Filling up the DagBag from /opt/airflow/dags/get_main_games.py
[2024-05-18T22:23:33.514+0000] {logging_mixin.py:188} INFO - [2024-05-18T22:23:33.513+0000] {dagbag.py:350} ERROR - Failed to import: /opt/airflow/dags/get_main_games.py
Traceback (most recent call last):
  File "/home/airflow/.local/lib/python3.12/site-packages/airflow/models/dagbag.py", line 346, in parse
    loader.exec_module(new_module)
  File "<frozen importlib._bootstrap_external>", line 995, in exec_module
  File "<frozen importlib._bootstrap>", line 488, in _call_with_frames_removed
  File "/opt/airflow/dags/get_main_games.py", line 30, in <module>
    op_args=[get_matches()])
             ^^^^^^^^^^^^^
TypeError: get_matches() missing 1 required positional argument: 'season_ids_list'
[2024-05-18T22:23:33.514+0000] {processor.py:842} WARNING - No viable dags retrieved from /opt/airflow/dags/get_main_games.py
[2024-05-18T22:23:33.532+0000] {processor.py:183} INFO - Processing /opt/airflow/dags/get_main_games.py took 1.294 seconds
[2024-05-18T22:24:03.961+0000] {processor.py:161} INFO - Started process (PID=76) to work on /opt/airflow/dags/get_main_games.py
[2024-05-18T22:24:03.961+0000] {processor.py:830} INFO - Processing file /opt/airflow/dags/get_main_games.py for tasks to queue
[2024-05-18T22:24:03.963+0000] {logging_mixin.py:188} INFO - [2024-05-18T22:24:03.962+0000] {dagbag.py:540} INFO - Filling up the DagBag from /opt/airflow/dags/get_main_games.py
[2024-05-18T22:24:05.217+0000] {logging_mixin.py:188} INFO - [2024-05-18T22:24:05.216+0000] {dagbag.py:350} ERROR - Failed to import: /opt/airflow/dags/get_main_games.py
Traceback (most recent call last):
  File "/home/airflow/.local/lib/python3.12/site-packages/airflow/models/dagbag.py", line 346, in parse
    loader.exec_module(new_module)
  File "<frozen importlib._bootstrap_external>", line 995, in exec_module
  File "<frozen importlib._bootstrap>", line 488, in _call_with_frames_removed
  File "/opt/airflow/dags/get_main_games.py", line 30, in <module>
    op_args=[get_matches()])
             ^^^^^^^^^^^^^
TypeError: get_matches() missing 1 required positional argument: 'season_ids_list'
[2024-05-18T22:24:05.218+0000] {processor.py:842} WARNING - No viable dags retrieved from /opt/airflow/dags/get_main_games.py
[2024-05-18T22:24:05.233+0000] {processor.py:183} INFO - Processing /opt/airflow/dags/get_main_games.py took 1.275 seconds
[2024-05-18T22:24:35.683+0000] {processor.py:161} INFO - Started process (PID=87) to work on /opt/airflow/dags/get_main_games.py
[2024-05-18T22:24:35.689+0000] {processor.py:830} INFO - Processing file /opt/airflow/dags/get_main_games.py for tasks to queue
[2024-05-18T22:24:35.691+0000] {logging_mixin.py:188} INFO - [2024-05-18T22:24:35.690+0000] {dagbag.py:540} INFO - Filling up the DagBag from /opt/airflow/dags/get_main_games.py
[2024-05-18T22:24:36.946+0000] {logging_mixin.py:188} INFO - [2024-05-18T22:24:36.945+0000] {dagbag.py:350} ERROR - Failed to import: /opt/airflow/dags/get_main_games.py
Traceback (most recent call last):
  File "/home/airflow/.local/lib/python3.12/site-packages/airflow/models/dagbag.py", line 346, in parse
    loader.exec_module(new_module)
  File "<frozen importlib._bootstrap_external>", line 995, in exec_module
  File "<frozen importlib._bootstrap>", line 488, in _call_with_frames_removed
  File "/opt/airflow/dags/get_main_games.py", line 30, in <module>
    op_args=[get_matches()])
             ^^^^^^^^^^^^^
TypeError: get_matches() missing 1 required positional argument: 'season_ids_list'
[2024-05-18T22:24:36.946+0000] {processor.py:842} WARNING - No viable dags retrieved from /opt/airflow/dags/get_main_games.py
[2024-05-18T22:24:36.961+0000] {processor.py:183} INFO - Processing /opt/airflow/dags/get_main_games.py took 1.281 seconds
[2024-05-18T22:25:07.570+0000] {processor.py:161} INFO - Started process (PID=98) to work on /opt/airflow/dags/get_main_games.py
[2024-05-18T22:25:07.576+0000] {processor.py:830} INFO - Processing file /opt/airflow/dags/get_main_games.py for tasks to queue
[2024-05-18T22:25:07.577+0000] {logging_mixin.py:188} INFO - [2024-05-18T22:25:07.577+0000] {dagbag.py:540} INFO - Filling up the DagBag from /opt/airflow/dags/get_main_games.py
[2024-05-18T22:25:08.830+0000] {logging_mixin.py:188} INFO - [2024-05-18T22:25:08.829+0000] {dagbag.py:350} ERROR - Failed to import: /opt/airflow/dags/get_main_games.py
Traceback (most recent call last):
  File "/home/airflow/.local/lib/python3.12/site-packages/airflow/models/dagbag.py", line 346, in parse
    loader.exec_module(new_module)
  File "<frozen importlib._bootstrap_external>", line 995, in exec_module
  File "<frozen importlib._bootstrap>", line 488, in _call_with_frames_removed
  File "/opt/airflow/dags/get_main_games.py", line 30, in <module>
    op_args=[get_matches()])
             ^^^^^^^^^^^^^
TypeError: get_matches() missing 1 required positional argument: 'season_ids_list'
[2024-05-18T22:25:08.830+0000] {processor.py:842} WARNING - No viable dags retrieved from /opt/airflow/dags/get_main_games.py
[2024-05-18T22:25:08.845+0000] {processor.py:183} INFO - Processing /opt/airflow/dags/get_main_games.py took 1.279 seconds
[2024-05-18T22:25:39.358+0000] {processor.py:161} INFO - Started process (PID=109) to work on /opt/airflow/dags/get_main_games.py
[2024-05-18T22:25:39.359+0000] {processor.py:830} INFO - Processing file /opt/airflow/dags/get_main_games.py for tasks to queue
[2024-05-18T22:25:39.360+0000] {logging_mixin.py:188} INFO - [2024-05-18T22:25:39.360+0000] {dagbag.py:540} INFO - Filling up the DagBag from /opt/airflow/dags/get_main_games.py
[2024-05-18T22:25:40.613+0000] {logging_mixin.py:188} INFO - [2024-05-18T22:25:40.613+0000] {dagbag.py:350} ERROR - Failed to import: /opt/airflow/dags/get_main_games.py
Traceback (most recent call last):
  File "/home/airflow/.local/lib/python3.12/site-packages/airflow/models/dagbag.py", line 346, in parse
    loader.exec_module(new_module)
  File "<frozen importlib._bootstrap_external>", line 995, in exec_module
  File "<frozen importlib._bootstrap>", line 488, in _call_with_frames_removed
  File "/opt/airflow/dags/get_main_games.py", line 30, in <module>
    op_args=[get_matches()])
             ^^^^^^^^^^^^^
TypeError: get_matches() missing 1 required positional argument: 'season_ids_list'
[2024-05-18T22:25:40.614+0000] {processor.py:842} WARNING - No viable dags retrieved from /opt/airflow/dags/get_main_games.py
[2024-05-18T22:25:40.629+0000] {processor.py:183} INFO - Processing /opt/airflow/dags/get_main_games.py took 1.275 seconds
[2024-05-18T22:28:07.374+0000] {processor.py:161} INFO - Started process (PID=39) to work on /opt/airflow/dags/get_main_games.py
[2024-05-18T22:28:07.374+0000] {processor.py:830} INFO - Processing file /opt/airflow/dags/get_main_games.py for tasks to queue
[2024-05-18T22:28:07.376+0000] {logging_mixin.py:188} INFO - [2024-05-18T22:28:07.375+0000] {dagbag.py:540} INFO - Filling up the DagBag from /opt/airflow/dags/get_main_games.py
[2024-05-18T22:28:07.381+0000] {logging_mixin.py:188} INFO - [2024-05-18T22:28:07.380+0000] {dagbag.py:350} ERROR - Failed to import: /opt/airflow/dags/get_main_games.py
Traceback (most recent call last):
  File "/home/airflow/.local/lib/python3.12/site-packages/airflow/models/dagbag.py", line 346, in parse
    loader.exec_module(new_module)
  File "<frozen importlib._bootstrap_external>", line 995, in exec_module
  File "<frozen importlib._bootstrap>", line 488, in _call_with_frames_removed
  File "/opt/airflow/dags/get_main_games.py", line 21, in <module>
    op_args=[get_id_season.output])
             ^^^^^^^^^^^^^^^^^^^^
AttributeError: 'function' object has no attribute 'output'
[2024-05-18T22:28:07.382+0000] {processor.py:842} WARNING - No viable dags retrieved from /opt/airflow/dags/get_main_games.py
[2024-05-18T22:28:07.398+0000] {processor.py:183} INFO - Processing /opt/airflow/dags/get_main_games.py took 0.027 seconds
[2024-05-18T22:28:38.244+0000] {processor.py:161} INFO - Started process (PID=50) to work on /opt/airflow/dags/get_main_games.py
[2024-05-18T22:28:38.245+0000] {processor.py:830} INFO - Processing file /opt/airflow/dags/get_main_games.py for tasks to queue
[2024-05-18T22:28:38.246+0000] {logging_mixin.py:188} INFO - [2024-05-18T22:28:38.245+0000] {dagbag.py:540} INFO - Filling up the DagBag from /opt/airflow/dags/get_main_games.py
[2024-05-18T22:28:38.250+0000] {logging_mixin.py:188} INFO - [2024-05-18T22:28:38.249+0000] {dagbag.py:350} ERROR - Failed to import: /opt/airflow/dags/get_main_games.py
Traceback (most recent call last):
  File "/home/airflow/.local/lib/python3.12/site-packages/airflow/models/dagbag.py", line 346, in parse
    loader.exec_module(new_module)
  File "<frozen importlib._bootstrap_external>", line 995, in exec_module
  File "<frozen importlib._bootstrap>", line 488, in _call_with_frames_removed
  File "/opt/airflow/dags/get_main_games.py", line 21, in <module>
    op_args=[get_id_season.output])
             ^^^^^^^^^^^^^^^^^^^^
AttributeError: 'function' object has no attribute 'output'
[2024-05-18T22:28:38.250+0000] {processor.py:842} WARNING - No viable dags retrieved from /opt/airflow/dags/get_main_games.py
[2024-05-18T22:28:38.262+0000] {processor.py:183} INFO - Processing /opt/airflow/dags/get_main_games.py took 0.021 seconds
[2024-05-18T22:30:11.819+0000] {processor.py:161} INFO - Started process (PID=39) to work on /opt/airflow/dags/get_main_games.py
[2024-05-18T22:30:11.820+0000] {processor.py:830} INFO - Processing file /opt/airflow/dags/get_main_games.py for tasks to queue
[2024-05-18T22:30:11.821+0000] {logging_mixin.py:188} INFO - [2024-05-18T22:30:11.821+0000] {dagbag.py:540} INFO - Filling up the DagBag from /opt/airflow/dags/get_main_games.py
[2024-05-18T22:30:33.175+0000] {processor.py:840} INFO - DAG(s) 'games' retrieved from /opt/airflow/dags/get_main_games.py
[2024-05-18T22:30:33.335+0000] {logging_mixin.py:188} INFO - [2024-05-18T22:30:33.335+0000] {dag.py:3096} INFO - Sync 1 DAGs
[2024-05-18T22:30:33.347+0000] {logging_mixin.py:188} INFO - [2024-05-18T22:30:33.347+0000] {dag.py:3954} INFO - Setting next_dagrun for games to None, run_after=None
[2024-05-18T22:30:33.363+0000] {processor.py:183} INFO - Processing /opt/airflow/dags/get_main_games.py took 21.548 seconds
[2024-05-18T22:31:30.374+0000] {processor.py:161} INFO - Started process (PID=39) to work on /opt/airflow/dags/get_main_games.py
[2024-05-18T22:31:30.375+0000] {processor.py:830} INFO - Processing file /opt/airflow/dags/get_main_games.py for tasks to queue
[2024-05-18T22:31:30.376+0000] {logging_mixin.py:188} INFO - [2024-05-18T22:31:30.376+0000] {dagbag.py:540} INFO - Filling up the DagBag from /opt/airflow/dags/get_main_games.py
[2024-05-18T22:31:47.922+0000] {processor.py:840} INFO - DAG(s) 'games' retrieved from /opt/airflow/dags/get_main_games.py
[2024-05-18T22:31:48.085+0000] {logging_mixin.py:188} INFO - [2024-05-18T22:31:48.085+0000] {dag.py:3096} INFO - Sync 1 DAGs
[2024-05-18T22:31:48.096+0000] {logging_mixin.py:188} INFO - [2024-05-18T22:31:48.096+0000] {dag.py:3954} INFO - Setting next_dagrun for games to None, run_after=None
[2024-05-18T22:31:48.115+0000] {processor.py:183} INFO - Processing /opt/airflow/dags/get_main_games.py took 17.745 seconds
[2024-05-18T22:32:18.354+0000] {processor.py:161} INFO - Started process (PID=60) to work on /opt/airflow/dags/get_main_games.py
[2024-05-18T22:32:18.360+0000] {processor.py:830} INFO - Processing file /opt/airflow/dags/get_main_games.py for tasks to queue
[2024-05-18T22:32:18.361+0000] {logging_mixin.py:188} INFO - [2024-05-18T22:32:18.361+0000] {dagbag.py:540} INFO - Filling up the DagBag from /opt/airflow/dags/get_main_games.py
[2024-05-18T22:32:35.611+0000] {processor.py:840} INFO - DAG(s) 'games' retrieved from /opt/airflow/dags/get_main_games.py
[2024-05-18T22:32:35.701+0000] {logging_mixin.py:188} INFO - [2024-05-18T22:32:35.700+0000] {dag.py:3096} INFO - Sync 1 DAGs
[2024-05-18T22:32:35.714+0000] {logging_mixin.py:188} INFO - [2024-05-18T22:32:35.714+0000] {dag.py:3954} INFO - Setting next_dagrun for games to None, run_after=None
[2024-05-18T22:32:35.730+0000] {processor.py:183} INFO - Processing /opt/airflow/dags/get_main_games.py took 17.380 seconds
[2024-05-18T22:33:05.810+0000] {processor.py:161} INFO - Started process (PID=75) to work on /opt/airflow/dags/get_main_games.py
[2024-05-18T22:33:05.811+0000] {processor.py:830} INFO - Processing file /opt/airflow/dags/get_main_games.py for tasks to queue
[2024-05-18T22:33:05.812+0000] {logging_mixin.py:188} INFO - [2024-05-18T22:33:05.812+0000] {dagbag.py:540} INFO - Filling up the DagBag from /opt/airflow/dags/get_main_games.py
[2024-05-18T22:33:23.007+0000] {processor.py:840} INFO - DAG(s) 'games' retrieved from /opt/airflow/dags/get_main_games.py
[2024-05-18T22:33:23.096+0000] {logging_mixin.py:188} INFO - [2024-05-18T22:33:23.096+0000] {dag.py:3096} INFO - Sync 1 DAGs
[2024-05-18T22:33:23.109+0000] {logging_mixin.py:188} INFO - [2024-05-18T22:33:23.108+0000] {dag.py:3954} INFO - Setting next_dagrun for games to 2023-01-01 00:00:00+00:00, run_after=2023-01-01 00:00:00+00:00
[2024-05-18T22:33:23.123+0000] {processor.py:183} INFO - Processing /opt/airflow/dags/get_main_games.py took 17.316 seconds
[2024-05-18T22:33:53.648+0000] {processor.py:161} INFO - Started process (PID=96) to work on /opt/airflow/dags/get_main_games.py
[2024-05-18T22:33:53.654+0000] {processor.py:830} INFO - Processing file /opt/airflow/dags/get_main_games.py for tasks to queue
[2024-05-18T22:33:53.655+0000] {logging_mixin.py:188} INFO - [2024-05-18T22:33:53.655+0000] {dagbag.py:540} INFO - Filling up the DagBag from /opt/airflow/dags/get_main_games.py
[2024-05-18T22:34:10.951+0000] {processor.py:840} INFO - DAG(s) 'games' retrieved from /opt/airflow/dags/get_main_games.py
[2024-05-18T22:34:11.043+0000] {logging_mixin.py:188} INFO - [2024-05-18T22:34:11.043+0000] {dag.py:3096} INFO - Sync 1 DAGs
[2024-05-18T22:34:11.056+0000] {logging_mixin.py:188} INFO - [2024-05-18T22:34:11.056+0000] {dag.py:3954} INFO - Setting next_dagrun for games to 2023-01-01 00:00:00+00:00, run_after=2023-01-01 00:00:00+00:00
[2024-05-18T22:34:11.072+0000] {processor.py:183} INFO - Processing /opt/airflow/dags/get_main_games.py took 17.427 seconds
[2024-05-18T22:34:41.839+0000] {processor.py:161} INFO - Started process (PID=111) to work on /opt/airflow/dags/get_main_games.py
[2024-05-18T22:34:41.845+0000] {processor.py:830} INFO - Processing file /opt/airflow/dags/get_main_games.py for tasks to queue
[2024-05-18T22:34:41.846+0000] {logging_mixin.py:188} INFO - [2024-05-18T22:34:41.846+0000] {dagbag.py:540} INFO - Filling up the DagBag from /opt/airflow/dags/get_main_games.py
[2024-05-18T22:34:58.717+0000] {processor.py:840} INFO - DAG(s) 'games' retrieved from /opt/airflow/dags/get_main_games.py
[2024-05-18T22:34:58.811+0000] {logging_mixin.py:188} INFO - [2024-05-18T22:34:58.811+0000] {dag.py:3096} INFO - Sync 1 DAGs
[2024-05-18T22:34:58.822+0000] {logging_mixin.py:188} INFO - [2024-05-18T22:34:58.822+0000] {dag.py:3954} INFO - Setting next_dagrun for games to None, run_after=None
[2024-05-18T22:34:58.836+0000] {processor.py:183} INFO - Processing /opt/airflow/dags/get_main_games.py took 17.001 seconds
[2024-05-18T22:35:29.548+0000] {processor.py:161} INFO - Started process (PID=128) to work on /opt/airflow/dags/get_main_games.py
[2024-05-18T22:35:29.549+0000] {processor.py:830} INFO - Processing file /opt/airflow/dags/get_main_games.py for tasks to queue
[2024-05-18T22:35:29.550+0000] {logging_mixin.py:188} INFO - [2024-05-18T22:35:29.550+0000] {dagbag.py:540} INFO - Filling up the DagBag from /opt/airflow/dags/get_main_games.py
[2024-05-18T22:35:46.673+0000] {processor.py:840} INFO - DAG(s) 'games' retrieved from /opt/airflow/dags/get_main_games.py
[2024-05-18T22:35:46.761+0000] {logging_mixin.py:188} INFO - [2024-05-18T22:35:46.761+0000] {dag.py:3096} INFO - Sync 1 DAGs
[2024-05-18T22:35:46.773+0000] {logging_mixin.py:188} INFO - [2024-05-18T22:35:46.773+0000] {dag.py:3954} INFO - Setting next_dagrun for games to None, run_after=None
[2024-05-18T22:35:46.788+0000] {processor.py:183} INFO - Processing /opt/airflow/dags/get_main_games.py took 17.243 seconds
[2024-05-18T22:36:16.890+0000] {processor.py:161} INFO - Started process (PID=143) to work on /opt/airflow/dags/get_main_games.py
[2024-05-18T22:36:16.896+0000] {processor.py:830} INFO - Processing file /opt/airflow/dags/get_main_games.py for tasks to queue
[2024-05-18T22:36:16.897+0000] {logging_mixin.py:188} INFO - [2024-05-18T22:36:16.897+0000] {dagbag.py:540} INFO - Filling up the DagBag from /opt/airflow/dags/get_main_games.py
[2024-05-18T22:36:33.962+0000] {processor.py:840} INFO - DAG(s) 'games' retrieved from /opt/airflow/dags/get_main_games.py
[2024-05-18T22:36:34.055+0000] {logging_mixin.py:188} INFO - [2024-05-18T22:36:34.054+0000] {dag.py:3096} INFO - Sync 1 DAGs
[2024-05-18T22:36:34.066+0000] {logging_mixin.py:188} INFO - [2024-05-18T22:36:34.066+0000] {dag.py:3954} INFO - Setting next_dagrun for games to None, run_after=None
[2024-05-18T22:36:34.080+0000] {processor.py:183} INFO - Processing /opt/airflow/dags/get_main_games.py took 17.193 seconds
