[2024-03-14T17:29:24.435+0000] {manager.py:487} INFO - Processing files using up to 2 processes at a time 
[2024-03-14T17:29:24.436+0000] {manager.py:488} INFO - Process each file at most once every 30 seconds
[2024-03-14T17:29:24.436+0000] {manager.py:489} INFO - Checking for new files in /opt/airflow/dags every 300 seconds
[2024-03-14T17:29:24.436+0000] {manager.py:755} INFO - Searching for files in /opt/airflow/dags
[2024-03-14T17:29:24.445+0000] {manager.py:758} INFO - There are 46 files in /opt/airflow/dags
[2024-03-14T17:29:24.525+0000] {manager.py:887} INFO - 
================================================================================
DAG File Processing Stats

File Path                                                                                                                            PID  Runtime      # DAGs    # Errors  Last Runtime    Last Run
---------------------------------------------------------------------------------------------------------------------------------  -----  ---------  --------  ----------  --------------  ----------
/home/airflow/.local/lib/python3.10/site-packages/airflow/example_dags/example_xcomargs.py                                            39  0.04s             0           0
/home/airflow/.local/lib/python3.10/site-packages/airflow/example_dags/example_sensors.py                                             40  0.03s             0           0
/home/airflow/.local/lib/python3.10/site-packages/airflow/example_dags/example_dynamic_task_mapping.py                                                      0           0
/home/airflow/.local/lib/python3.10/site-packages/airflow/example_dags/example_latest_only.py                                                               0           0
/home/airflow/.local/lib/python3.10/site-packages/airflow/example_dags/example_kubernetes_executor.py                                                       0           0
/home/airflow/.local/lib/python3.10/site-packages/airflow/example_dags/example_nested_branch_dag.py                                                         0           0
/home/airflow/.local/lib/python3.10/site-packages/airflow/example_dags/example_branch_labels.py                                                             0           0
/home/airflow/.local/lib/python3.10/site-packages/airflow/example_dags/example_short_circuit_operator.py                                                    0           0
/home/airflow/.local/lib/python3.10/site-packages/airflow/example_dags/example_passing_params_via_test_command.py                                           0           0
/home/airflow/.local/lib/python3.10/site-packages/airflow/example_dags/example_skip_dag.py                                                                  0           0
/home/airflow/.local/lib/python3.10/site-packages/airflow/example_dags/example_branch_operator_decorator.py                                                 0           0
/home/airflow/.local/lib/python3.10/site-packages/airflow/example_dags/example_trigger_target_dag.py                                                        0           0
/home/airflow/.local/lib/python3.10/site-packages/airflow/example_dags/example_complex.py                                                                   0           0
/home/airflow/.local/lib/python3.10/site-packages/airflow/example_dags/example_task_group_decorator.py                                                      0           0
/home/airflow/.local/lib/python3.10/site-packages/airflow/example_dags/example_dynamic_task_mapping_with_no_taskflow_operators.py                           0           0
/home/airflow/.local/lib/python3.10/site-packages/airflow/example_dags/example_params_ui_tutorial.py                                                        0           0
/home/airflow/.local/lib/python3.10/site-packages/airflow/example_dags/example_time_delta_sensor_async.py                                                   0           0
/home/airflow/.local/lib/python3.10/site-packages/airflow/example_dags/tutorial_dag.py                                                                      0           0
/home/airflow/.local/lib/python3.10/site-packages/airflow/example_dags/example_subdag_operator.py                                                           0           0
/home/airflow/.local/lib/python3.10/site-packages/airflow/example_dags/example_short_circuit_decorator.py                                                   0           0
/home/airflow/.local/lib/python3.10/site-packages/airflow/example_dags/example_dag_decorator.py                                                             0           0
/home/airflow/.local/lib/python3.10/site-packages/airflow/example_dags/example_task_group.py                                                                0           0
/home/airflow/.local/lib/python3.10/site-packages/airflow/example_dags/example_setup_teardown_taskflow.py                                                   0           0
/home/airflow/.local/lib/python3.10/site-packages/airflow/example_dags/example_branch_day_of_week_operator.py                                               0           0
/home/airflow/.local/lib/python3.10/site-packages/airflow/example_dags/example_trigger_controller_dag.py                                                    0           0
/home/airflow/.local/lib/python3.10/site-packages/airflow/example_dags/example_branch_datetime_operator.py                                                  0           0
/home/airflow/.local/lib/python3.10/site-packages/airflow/example_dags/example_external_task_marker_dag.py                                                  0           0
/home/airflow/.local/lib/python3.10/site-packages/airflow/example_dags/example_python_operator.py                                                           0           0
/home/airflow/.local/lib/python3.10/site-packages/airflow/example_dags/example_branch_python_dop_operator_3.py                                              0           0
/home/airflow/.local/lib/python3.10/site-packages/airflow/example_dags/tutorial_taskflow_api_virtualenv.py                                                  0           0
/home/airflow/.local/lib/python3.10/site-packages/airflow/example_dags/example_sensor_decorator.py                                                          0           0
/home/airflow/.local/lib/python3.10/site-packages/airflow/example_dags/example_params_trigger_ui.py                                                         0           0
/home/airflow/.local/lib/python3.10/site-packages/airflow/example_dags/tutorial.py                                                                          0           0
/home/airflow/.local/lib/python3.10/site-packages/airflow/example_dags/example_datasets.py                                                                  0           0
/home/airflow/.local/lib/python3.10/site-packages/airflow/example_dags/tutorial_taskflow_api.py                                                             0           0
/home/airflow/.local/lib/python3.10/site-packages/airflow/example_dags/example_local_kubernetes_executor.py                                                 0           0
/home/airflow/.local/lib/python3.10/site-packages/airflow/example_dags/example_sla_dag.py                                                                   0           0
/home/airflow/.local/lib/python3.10/site-packages/airflow/example_dags/example_setup_teardown.py                                                            0           0
/home/airflow/.local/lib/python3.10/site-packages/airflow/example_dags/example_xcom.py                                                                      0           0
/home/airflow/.local/lib/python3.10/site-packages/airflow/example_dags/example_latest_only_with_trigger.py                                                  0           0
/home/airflow/.local/lib/python3.10/site-packages/airflow/example_dags/example_bash_operator.py                                                             0           0
/home/airflow/.local/lib/python3.10/site-packages/airflow/example_dags/example_branch_operator.py                                                           0           0
/home/airflow/.local/lib/python3.10/site-packages/airflow/example_dags/plugins/listener_plugin.py                                                           0           0
/home/airflow/.local/lib/python3.10/site-packages/airflow/example_dags/plugins/event_listener.py                                                            0           0
/home/airflow/.local/lib/python3.10/site-packages/airflow/example_dags/plugins/workday.py                                                                   0           0
/home/airflow/.local/lib/python3.10/site-packages/airflow/example_dags/subdags/subdag.py                                                                    0           0
================================================================================
[2024-03-14T17:29:54.693+0000] {manager.py:887} INFO - 
================================================================================
DAG File Processing Stats

File Path                                                                                                                            PID  Runtime      # DAGs    # Errors  Last Runtime    Last Run
---------------------------------------------------------------------------------------------------------------------------------  -----  ---------  --------  ----------  --------------  -------------------
/home/airflow/.local/lib/python3.10/site-packages/airflow/example_dags/plugins/listener_plugin.py                                                           0           0  0.03s           2024-03-14T17:29:27
/home/airflow/.local/lib/python3.10/site-packages/airflow/example_dags/plugins/event_listener.py                                                            0           0  0.02s           2024-03-14T17:29:27
/home/airflow/.local/lib/python3.10/site-packages/airflow/example_dags/plugins/workday.py                                                                   0           0  0.33s           2024-03-14T17:29:27
/home/airflow/.local/lib/python3.10/site-packages/airflow/example_dags/subdags/subdag.py                                                                    0           0  0.03s           2024-03-14T17:29:27
/home/airflow/.local/lib/python3.10/site-packages/airflow/example_dags/example_sensors.py                                             93  0.00s             1           0  0.18s           2024-03-14T17:29:24
/home/airflow/.local/lib/python3.10/site-packages/airflow/example_dags/example_dynamic_task_mapping.py                                                      1           0  0.14s           2024-03-14T17:29:24
/home/airflow/.local/lib/python3.10/site-packages/airflow/example_dags/example_latest_only.py                                                               1           0  0.14s           2024-03-14T17:29:24
/home/airflow/.local/lib/python3.10/site-packages/airflow/example_dags/example_kubernetes_executor.py                                                       1           0  0.17s           2024-03-14T17:29:24
/home/airflow/.local/lib/python3.10/site-packages/airflow/example_dags/example_nested_branch_dag.py                                                         1           0  0.16s           2024-03-14T17:29:24
/home/airflow/.local/lib/python3.10/site-packages/airflow/example_dags/example_branch_labels.py                                                             1           0  0.14s           2024-03-14T17:29:25
/home/airflow/.local/lib/python3.10/site-packages/airflow/example_dags/example_short_circuit_operator.py                                                    1           0  0.12s           2024-03-14T17:29:25
/home/airflow/.local/lib/python3.10/site-packages/airflow/example_dags/example_passing_params_via_test_command.py                                           1           0  0.12s           2024-03-14T17:29:25
/home/airflow/.local/lib/python3.10/site-packages/airflow/example_dags/example_skip_dag.py                                                                  1           0  0.12s           2024-03-14T17:29:25
/home/airflow/.local/lib/python3.10/site-packages/airflow/example_dags/example_branch_operator_decorator.py                                                 1           0  0.12s           2024-03-14T17:29:25
/home/airflow/.local/lib/python3.10/site-packages/airflow/example_dags/example_trigger_target_dag.py                                                        1           0  0.11s           2024-03-14T17:29:25
/home/airflow/.local/lib/python3.10/site-packages/airflow/example_dags/example_complex.py                                                                   1           0  0.12s           2024-03-14T17:29:25
/home/airflow/.local/lib/python3.10/site-packages/airflow/example_dags/example_task_group_decorator.py                                                      1           0  0.13s           2024-03-14T17:29:25
/home/airflow/.local/lib/python3.10/site-packages/airflow/example_dags/example_dynamic_task_mapping_with_no_taskflow_operators.py                           1           0  0.12s           2024-03-14T17:29:25
/home/airflow/.local/lib/python3.10/site-packages/airflow/example_dags/example_params_ui_tutorial.py                                                        1           0  0.15s           2024-03-14T17:29:25
/home/airflow/.local/lib/python3.10/site-packages/airflow/example_dags/example_time_delta_sensor_async.py                                                   1           0  0.11s           2024-03-14T17:29:25
/home/airflow/.local/lib/python3.10/site-packages/airflow/example_dags/tutorial_dag.py                                                                      1           0  0.11s           2024-03-14T17:29:25
/home/airflow/.local/lib/python3.10/site-packages/airflow/example_dags/example_short_circuit_decorator.py                                                   1           0  0.13s           2024-03-14T17:29:25
/home/airflow/.local/lib/python3.10/site-packages/airflow/example_dags/example_dag_decorator.py                                                             1           0  0.12s           2024-03-14T17:29:26
/home/airflow/.local/lib/python3.10/site-packages/airflow/example_dags/example_task_group.py                                                                1           0  0.13s           2024-03-14T17:29:26
/home/airflow/.local/lib/python3.10/site-packages/airflow/example_dags/example_setup_teardown_taskflow.py                                                   1           0  0.13s           2024-03-14T17:29:26
/home/airflow/.local/lib/python3.10/site-packages/airflow/example_dags/example_branch_day_of_week_operator.py                                               1           0  0.12s           2024-03-14T17:29:26
/home/airflow/.local/lib/python3.10/site-packages/airflow/example_dags/example_trigger_controller_dag.py                                                    1           0  0.10s           2024-03-14T17:29:26
/home/airflow/.local/lib/python3.10/site-packages/airflow/example_dags/example_python_operator.py                                                           1           0  0.11s           2024-03-14T17:29:26
/home/airflow/.local/lib/python3.10/site-packages/airflow/example_dags/example_branch_python_dop_operator_3.py                                              1           0  0.12s           2024-03-14T17:29:26
/home/airflow/.local/lib/python3.10/site-packages/airflow/example_dags/tutorial_taskflow_api_virtualenv.py                                                  1           0  0.11s           2024-03-14T17:29:26
/home/airflow/.local/lib/python3.10/site-packages/airflow/example_dags/example_sensor_decorator.py                                                          1           0  0.10s           2024-03-14T17:29:26
/home/airflow/.local/lib/python3.10/site-packages/airflow/example_dags/example_params_trigger_ui.py                                                         1           0  0.13s           2024-03-14T17:29:26
/home/airflow/.local/lib/python3.10/site-packages/airflow/example_dags/tutorial.py                                                                          1           0  0.11s           2024-03-14T17:29:26
/home/airflow/.local/lib/python3.10/site-packages/airflow/example_dags/tutorial_taskflow_api.py                                                             1           0  0.10s           2024-03-14T17:29:27
/home/airflow/.local/lib/python3.10/site-packages/airflow/example_dags/example_local_kubernetes_executor.py                                                 1           0  0.11s           2024-03-14T17:29:27
/home/airflow/.local/lib/python3.10/site-packages/airflow/example_dags/example_sla_dag.py                                                                   1           0  0.11s           2024-03-14T17:29:27
/home/airflow/.local/lib/python3.10/site-packages/airflow/example_dags/example_setup_teardown.py                                                            1           0  0.11s           2024-03-14T17:29:27
/home/airflow/.local/lib/python3.10/site-packages/airflow/example_dags/example_xcom.py                                                                      1           0  0.11s           2024-03-14T17:29:27
/home/airflow/.local/lib/python3.10/site-packages/airflow/example_dags/example_latest_only_with_trigger.py                                                  1           0  0.10s           2024-03-14T17:29:27
/home/airflow/.local/lib/python3.10/site-packages/airflow/example_dags/example_bash_operator.py                                                             1           0  0.12s           2024-03-14T17:29:27
/home/airflow/.local/lib/python3.10/site-packages/airflow/example_dags/example_branch_operator.py                                                           1           0  0.11s           2024-03-14T17:29:27
/home/airflow/.local/lib/python3.10/site-packages/airflow/example_dags/example_xcomargs.py                                                                  2           0  0.21s           2024-03-14T17:29:24
/home/airflow/.local/lib/python3.10/site-packages/airflow/example_dags/example_external_task_marker_dag.py                                                  2           0  0.12s           2024-03-14T17:29:26
/home/airflow/.local/lib/python3.10/site-packages/airflow/example_dags/example_subdag_operator.py                                                           3           0  0.12s           2024-03-14T17:29:25
/home/airflow/.local/lib/python3.10/site-packages/airflow/example_dags/example_branch_datetime_operator.py                                                  3           0  0.15s           2024-03-14T17:29:26
/home/airflow/.local/lib/python3.10/site-packages/airflow/example_dags/example_datasets.py                                                                  6           0  0.19s           2024-03-14T17:29:27
================================================================================
[2024-03-14T17:30:25.308+0000] {manager.py:887} INFO - 
================================================================================
DAG File Processing Stats

File Path                                                                                                                            PID  Runtime      # DAGs    # Errors  Last Runtime    Last Run
---------------------------------------------------------------------------------------------------------------------------------  -----  ---------  --------  ----------  --------------  -------------------
/home/airflow/.local/lib/python3.10/site-packages/airflow/example_dags/plugins/listener_plugin.py                                                           0           0  0.03s           2024-03-14T17:29:58
/home/airflow/.local/lib/python3.10/site-packages/airflow/example_dags/plugins/event_listener.py                                                            0           0  0.02s           2024-03-14T17:29:58
/home/airflow/.local/lib/python3.10/site-packages/airflow/example_dags/plugins/workday.py                                                                   0           0  0.31s           2024-03-14T17:29:58
/home/airflow/.local/lib/python3.10/site-packages/airflow/example_dags/subdags/subdag.py                                                                    0           0  0.02s           2024-03-14T17:29:58
/home/airflow/.local/lib/python3.10/site-packages/airflow/example_dags/example_sensors.py                                            148  0.00s             1           0  0.06s           2024-03-14T17:29:54
/home/airflow/.local/lib/python3.10/site-packages/airflow/example_dags/example_dynamic_task_mapping.py                                                      1           0  0.06s           2024-03-14T17:29:55
/home/airflow/.local/lib/python3.10/site-packages/airflow/example_dags/example_latest_only.py                                                               1           0  0.06s           2024-03-14T17:29:55
/home/airflow/.local/lib/python3.10/site-packages/airflow/example_dags/example_kubernetes_executor.py                                                       1           0  0.06s           2024-03-14T17:29:55
/home/airflow/.local/lib/python3.10/site-packages/airflow/example_dags/example_nested_branch_dag.py                                                         1           0  0.06s           2024-03-14T17:29:55
/home/airflow/.local/lib/python3.10/site-packages/airflow/example_dags/example_branch_labels.py                                                             1           0  0.05s           2024-03-14T17:29:55
/home/airflow/.local/lib/python3.10/site-packages/airflow/example_dags/example_short_circuit_operator.py                                                    1           0  0.05s           2024-03-14T17:29:55
/home/airflow/.local/lib/python3.10/site-packages/airflow/example_dags/example_passing_params_via_test_command.py                                           1           0  0.06s           2024-03-14T17:29:56
/home/airflow/.local/lib/python3.10/site-packages/airflow/example_dags/example_skip_dag.py                                                                  1           0  0.05s           2024-03-14T17:29:56
/home/airflow/.local/lib/python3.10/site-packages/airflow/example_dags/example_branch_operator_decorator.py                                                 1           0  0.06s           2024-03-14T17:29:56
/home/airflow/.local/lib/python3.10/site-packages/airflow/example_dags/example_trigger_target_dag.py                                                        1           0  0.05s           2024-03-14T17:29:56
/home/airflow/.local/lib/python3.10/site-packages/airflow/example_dags/example_complex.py                                                                   1           0  0.06s           2024-03-14T17:29:56
/home/airflow/.local/lib/python3.10/site-packages/airflow/example_dags/example_task_group_decorator.py                                                      1           0  0.06s           2024-03-14T17:29:56
/home/airflow/.local/lib/python3.10/site-packages/airflow/example_dags/example_dynamic_task_mapping_with_no_taskflow_operators.py                           1           0  0.05s           2024-03-14T17:29:56
/home/airflow/.local/lib/python3.10/site-packages/airflow/example_dags/example_params_ui_tutorial.py                                                        1           0  0.08s           2024-03-14T17:29:56
/home/airflow/.local/lib/python3.10/site-packages/airflow/example_dags/example_time_delta_sensor_async.py                                                   1           0  0.04s           2024-03-14T17:29:56
/home/airflow/.local/lib/python3.10/site-packages/airflow/example_dags/tutorial_dag.py                                                                      1           0  0.05s           2024-03-14T17:29:56
/home/airflow/.local/lib/python3.10/site-packages/airflow/example_dags/example_short_circuit_decorator.py                                                   1           0  0.06s           2024-03-14T17:29:56
/home/airflow/.local/lib/python3.10/site-packages/airflow/example_dags/example_dag_decorator.py                                                             1           0  0.10s           2024-03-14T17:29:56
/home/airflow/.local/lib/python3.10/site-packages/airflow/example_dags/example_task_group.py                                                                1           0  0.06s           2024-03-14T17:29:56
/home/airflow/.local/lib/python3.10/site-packages/airflow/example_dags/example_setup_teardown_taskflow.py                                                   1           0  0.06s           2024-03-14T17:29:56
/home/airflow/.local/lib/python3.10/site-packages/airflow/example_dags/example_branch_day_of_week_operator.py                                               1           0  0.06s           2024-03-14T17:29:56
/home/airflow/.local/lib/python3.10/site-packages/airflow/example_dags/example_trigger_controller_dag.py                                                    1           0  0.06s           2024-03-14T17:29:56
/home/airflow/.local/lib/python3.10/site-packages/airflow/example_dags/example_python_operator.py                                                           1           0  0.05s           2024-03-14T17:29:56
/home/airflow/.local/lib/python3.10/site-packages/airflow/example_dags/example_branch_python_dop_operator_3.py                                              1           0  0.05s           2024-03-14T17:29:56
/home/airflow/.local/lib/python3.10/site-packages/airflow/example_dags/tutorial_taskflow_api_virtualenv.py                                                  1           0  0.05s           2024-03-14T17:29:56
/home/airflow/.local/lib/python3.10/site-packages/airflow/example_dags/example_sensor_decorator.py                                                          1           0  0.05s           2024-03-14T17:29:57
/home/airflow/.local/lib/python3.10/site-packages/airflow/example_dags/example_params_trigger_ui.py                                                         1           0  0.07s           2024-03-14T17:29:57
/home/airflow/.local/lib/python3.10/site-packages/airflow/example_dags/tutorial.py                                                                          1           0  0.06s           2024-03-14T17:29:57
/home/airflow/.local/lib/python3.10/site-packages/airflow/example_dags/tutorial_taskflow_api.py                                                             1           0  0.05s           2024-03-14T17:29:57
/home/airflow/.local/lib/python3.10/site-packages/airflow/example_dags/example_local_kubernetes_executor.py                                                 1           0  0.06s           2024-03-14T17:29:57
/home/airflow/.local/lib/python3.10/site-packages/airflow/example_dags/example_sla_dag.py                                                                   1           0  0.06s           2024-03-14T17:29:57
/home/airflow/.local/lib/python3.10/site-packages/airflow/example_dags/example_setup_teardown.py                                                            1           0  0.05s           2024-03-14T17:29:57
/home/airflow/.local/lib/python3.10/site-packages/airflow/example_dags/example_xcom.py                                                                      1           0  0.05s           2024-03-14T17:29:58
/home/airflow/.local/lib/python3.10/site-packages/airflow/example_dags/example_latest_only_with_trigger.py                                                  1           0  0.05s           2024-03-14T17:29:58
/home/airflow/.local/lib/python3.10/site-packages/airflow/example_dags/example_bash_operator.py                                                             1           0  0.06s           2024-03-14T17:29:58
/home/airflow/.local/lib/python3.10/site-packages/airflow/example_dags/example_branch_operator.py                                                           1           0  0.06s           2024-03-14T17:29:58
/home/airflow/.local/lib/python3.10/site-packages/airflow/example_dags/example_xcomargs.py                                           147  0.01s             2           0  0.05s           2024-03-14T17:29:54
/home/airflow/.local/lib/python3.10/site-packages/airflow/example_dags/example_external_task_marker_dag.py                                                  2           0  0.05s           2024-03-14T17:29:56
/home/airflow/.local/lib/python3.10/site-packages/airflow/example_dags/example_subdag_operator.py                                                           3           0  0.06s           2024-03-14T17:29:56
/home/airflow/.local/lib/python3.10/site-packages/airflow/example_dags/example_branch_datetime_operator.py                                                  3           0  0.07s           2024-03-14T17:29:56
/home/airflow/.local/lib/python3.10/site-packages/airflow/example_dags/example_datasets.py                                                                  6           0  0.08s           2024-03-14T17:29:57
================================================================================
[2024-03-14T17:30:47.518+0000] {manager.py:469} INFO - Exiting gracefully upon receiving signal 15
