[2024-03-14T17:29:26.753+0000] {processor.py:157} INFO - Started process (PID=70) to work on /home/airflow/.local/lib/python3.10/site-packages/airflow/example_dags/example_params_trigger_ui.py
[2024-03-14T17:29:26.753+0000] {processor.py:829} INFO - Processing file /home/airflow/.local/lib/python3.10/site-packages/airflow/example_dags/example_params_trigger_ui.py for tasks to queue
[2024-03-14T17:29:26.754+0000] {logging_mixin.py:154} INFO - [2024-03-14T17:29:26.754+0000] {dagbag.py:536} INFO - Filling up the DagBag from /home/airflow/.local/lib/python3.10/site-packages/airflow/example_dags/example_params_trigger_ui.py
[2024-03-14T17:29:26.765+0000] {processor.py:839} INFO - DAG(s) dict_keys(['example_params_trigger_ui']) retrieved from /home/airflow/.local/lib/python3.10/site-packages/airflow/example_dags/example_params_trigger_ui.py
[2024-03-14T17:29:26.840+0000] {logging_mixin.py:154} INFO - [2024-03-14T17:29:26.839+0000] {manager.py:499} INFO - Created Permission View: %s
[2024-03-14T17:29:26.844+0000] {logging_mixin.py:154} INFO - [2024-03-14T17:29:26.844+0000] {manager.py:499} INFO - Created Permission View: %s
[2024-03-14T17:29:26.847+0000] {logging_mixin.py:154} INFO - [2024-03-14T17:29:26.847+0000] {manager.py:499} INFO - Created Permission View: %s
[2024-03-14T17:29:26.848+0000] {logging_mixin.py:154} INFO - [2024-03-14T17:29:26.848+0000] {dag.py:2941} INFO - Sync 1 DAGs
[2024-03-14T17:29:26.854+0000] {logging_mixin.py:154} INFO - [2024-03-14T17:29:26.854+0000] {dag.py:2963} INFO - Creating ORM DAG for example_params_trigger_ui
[2024-03-14T17:29:26.854+0000] {logging_mixin.py:154} INFO - [2024-03-14T17:29:26.854+0000] {dag.py:3722} INFO - Setting next_dagrun for example_params_trigger_ui to None, run_after=None
[2024-03-14T17:29:26.863+0000] {processor.py:179} INFO - Processing /home/airflow/.local/lib/python3.10/site-packages/airflow/example_dags/example_params_trigger_ui.py took 0.112 seconds
[2024-03-14T17:29:57.725+0000] {processor.py:157} INFO - Started process (PID=124) to work on /home/airflow/.local/lib/python3.10/site-packages/airflow/example_dags/example_params_trigger_ui.py
[2024-03-14T17:29:57.726+0000] {processor.py:829} INFO - Processing file /home/airflow/.local/lib/python3.10/site-packages/airflow/example_dags/example_params_trigger_ui.py for tasks to queue
[2024-03-14T17:29:57.727+0000] {logging_mixin.py:154} INFO - [2024-03-14T17:29:57.727+0000] {dagbag.py:536} INFO - Filling up the DagBag from /home/airflow/.local/lib/python3.10/site-packages/airflow/example_dags/example_params_trigger_ui.py
[2024-03-14T17:29:57.737+0000] {processor.py:839} INFO - DAG(s) dict_keys(['example_params_trigger_ui']) retrieved from /home/airflow/.local/lib/python3.10/site-packages/airflow/example_dags/example_params_trigger_ui.py
[2024-03-14T17:29:57.766+0000] {logging_mixin.py:154} INFO - [2024-03-14T17:29:57.766+0000] {dag.py:2941} INFO - Sync 1 DAGs
[2024-03-14T17:29:57.774+0000] {logging_mixin.py:154} INFO - [2024-03-14T17:29:57.774+0000] {dag.py:3722} INFO - Setting next_dagrun for example_params_trigger_ui to None, run_after=None
[2024-03-14T17:29:57.784+0000] {processor.py:179} INFO - Processing /home/airflow/.local/lib/python3.10/site-packages/airflow/example_dags/example_params_trigger_ui.py took 0.061 seconds
[2024-03-14T17:30:28.328+0000] {processor.py:157} INFO - Started process (PID=178) to work on /home/airflow/.local/lib/python3.10/site-packages/airflow/example_dags/example_params_trigger_ui.py
[2024-03-14T17:30:28.329+0000] {processor.py:829} INFO - Processing file /home/airflow/.local/lib/python3.10/site-packages/airflow/example_dags/example_params_trigger_ui.py for tasks to queue
[2024-03-14T17:30:28.330+0000] {logging_mixin.py:154} INFO - [2024-03-14T17:30:28.330+0000] {dagbag.py:536} INFO - Filling up the DagBag from /home/airflow/.local/lib/python3.10/site-packages/airflow/example_dags/example_params_trigger_ui.py
[2024-03-14T17:30:28.340+0000] {processor.py:839} INFO - DAG(s) dict_keys(['example_params_trigger_ui']) retrieved from /home/airflow/.local/lib/python3.10/site-packages/airflow/example_dags/example_params_trigger_ui.py
[2024-03-14T17:30:28.367+0000] {logging_mixin.py:154} INFO - [2024-03-14T17:30:28.367+0000] {dag.py:2941} INFO - Sync 1 DAGs
[2024-03-14T17:30:28.374+0000] {logging_mixin.py:154} INFO - [2024-03-14T17:30:28.374+0000] {dag.py:3722} INFO - Setting next_dagrun for example_params_trigger_ui to None, run_after=None
[2024-03-14T17:30:28.383+0000] {processor.py:179} INFO - Processing /home/airflow/.local/lib/python3.10/site-packages/airflow/example_dags/example_params_trigger_ui.py took 0.057 seconds
