[2024-03-14T17:29:24.705+0000] {processor.py:157} INFO - Started process (PID=42) to work on /home/airflow/.local/lib/python3.10/site-packages/airflow/example_dags/example_latest_only.py
[2024-03-14T17:29:24.706+0000] {processor.py:829} INFO - Processing file /home/airflow/.local/lib/python3.10/site-packages/airflow/example_dags/example_latest_only.py for tasks to queue
[2024-03-14T17:29:24.707+0000] {logging_mixin.py:154} INFO - [2024-03-14T17:29:24.707+0000] {dagbag.py:536} INFO - Filling up the DagBag from /home/airflow/.local/lib/python3.10/site-packages/airflow/example_dags/example_latest_only.py
[2024-03-14T17:29:24.712+0000] {processor.py:839} INFO - DAG(s) dict_keys(['latest_only']) retrieved from /home/airflow/.local/lib/python3.10/site-packages/airflow/example_dags/example_latest_only.py
[2024-03-14T17:29:24.788+0000] {logging_mixin.py:154} INFO - [2024-03-14T17:29:24.787+0000] {manager.py:499} INFO - Created Permission View: %s
[2024-03-14T17:29:24.795+0000] {logging_mixin.py:154} INFO - [2024-03-14T17:29:24.794+0000] {manager.py:499} INFO - Created Permission View: %s
[2024-03-14T17:29:24.799+0000] {logging_mixin.py:154} INFO - [2024-03-14T17:29:24.799+0000] {manager.py:499} INFO - Created Permission View: %s
[2024-03-14T17:29:24.799+0000] {logging_mixin.py:154} INFO - [2024-03-14T17:29:24.799+0000] {dag.py:2941} INFO - Sync 1 DAGs
[2024-03-14T17:29:24.809+0000] {logging_mixin.py:154} INFO - [2024-03-14T17:29:24.809+0000] {dag.py:2963} INFO - Creating ORM DAG for latest_only
[2024-03-14T17:29:24.817+0000] {logging_mixin.py:154} INFO - [2024-03-14T17:29:24.816+0000] {dag.py:3722} INFO - Setting next_dagrun for latest_only to 2024-03-14T13:29:24.816650+00:00, run_after=2024-03-14T17:29:24.816650+00:00
[2024-03-14T17:29:24.829+0000] {processor.py:179} INFO - Processing /home/airflow/.local/lib/python3.10/site-packages/airflow/example_dags/example_latest_only.py took 0.126 seconds
[2024-03-14T17:29:55.767+0000] {processor.py:157} INFO - Started process (PID=96) to work on /home/airflow/.local/lib/python3.10/site-packages/airflow/example_dags/example_latest_only.py
[2024-03-14T17:29:55.768+0000] {processor.py:829} INFO - Processing file /home/airflow/.local/lib/python3.10/site-packages/airflow/example_dags/example_latest_only.py for tasks to queue
[2024-03-14T17:29:55.769+0000] {logging_mixin.py:154} INFO - [2024-03-14T17:29:55.769+0000] {dagbag.py:536} INFO - Filling up the DagBag from /home/airflow/.local/lib/python3.10/site-packages/airflow/example_dags/example_latest_only.py
[2024-03-14T17:29:55.772+0000] {processor.py:839} INFO - DAG(s) dict_keys(['latest_only']) retrieved from /home/airflow/.local/lib/python3.10/site-packages/airflow/example_dags/example_latest_only.py
[2024-03-14T17:29:55.785+0000] {logging_mixin.py:154} INFO - [2024-03-14T17:29:55.784+0000] {dag.py:2941} INFO - Sync 1 DAGs
[2024-03-14T17:29:55.797+0000] {logging_mixin.py:154} INFO - [2024-03-14T17:29:55.797+0000] {dag.py:3722} INFO - Setting next_dagrun for latest_only to 2024-03-14T13:29:55.797197+00:00, run_after=2024-03-14T17:29:55.797197+00:00
[2024-03-14T17:29:55.806+0000] {processor.py:179} INFO - Processing /home/airflow/.local/lib/python3.10/site-packages/airflow/example_dags/example_latest_only.py took 0.041 seconds
[2024-03-14T17:30:26.327+0000] {processor.py:157} INFO - Started process (PID=150) to work on /home/airflow/.local/lib/python3.10/site-packages/airflow/example_dags/example_latest_only.py
[2024-03-14T17:30:26.328+0000] {processor.py:829} INFO - Processing file /home/airflow/.local/lib/python3.10/site-packages/airflow/example_dags/example_latest_only.py for tasks to queue
[2024-03-14T17:30:26.329+0000] {logging_mixin.py:154} INFO - [2024-03-14T17:30:26.329+0000] {dagbag.py:536} INFO - Filling up the DagBag from /home/airflow/.local/lib/python3.10/site-packages/airflow/example_dags/example_latest_only.py
[2024-03-14T17:30:26.333+0000] {processor.py:839} INFO - DAG(s) dict_keys(['latest_only']) retrieved from /home/airflow/.local/lib/python3.10/site-packages/airflow/example_dags/example_latest_only.py
[2024-03-14T17:30:26.344+0000] {logging_mixin.py:154} INFO - [2024-03-14T17:30:26.344+0000] {dag.py:2941} INFO - Sync 1 DAGs
[2024-03-14T17:30:26.357+0000] {logging_mixin.py:154} INFO - [2024-03-14T17:30:26.357+0000] {dag.py:3722} INFO - Setting next_dagrun for latest_only to 2024-03-14T13:30:26.356939+00:00, run_after=2024-03-14T17:30:26.356939+00:00
[2024-03-14T17:30:26.365+0000] {processor.py:179} INFO - Processing /home/airflow/.local/lib/python3.10/site-packages/airflow/example_dags/example_latest_only.py took 0.041 seconds
