[2024-03-14T17:29:27.183+0000] {processor.py:157} INFO - Started process (PID=76) to work on /home/airflow/.local/lib/python3.10/site-packages/airflow/example_dags/example_setup_teardown.py
[2024-03-14T17:29:27.184+0000] {processor.py:829} INFO - Processing file /home/airflow/.local/lib/python3.10/site-packages/airflow/example_dags/example_setup_teardown.py for tasks to queue
[2024-03-14T17:29:27.185+0000] {logging_mixin.py:154} INFO - [2024-03-14T17:29:27.184+0000] {dagbag.py:536} INFO - Filling up the DagBag from /home/airflow/.local/lib/python3.10/site-packages/airflow/example_dags/example_setup_teardown.py
[2024-03-14T17:29:27.189+0000] {processor.py:839} INFO - DAG(s) dict_keys(['example_setup_teardown']) retrieved from /home/airflow/.local/lib/python3.10/site-packages/airflow/example_dags/example_setup_teardown.py
[2024-03-14T17:29:27.251+0000] {logging_mixin.py:154} INFO - [2024-03-14T17:29:27.251+0000] {manager.py:499} INFO - Created Permission View: %s
[2024-03-14T17:29:27.256+0000] {logging_mixin.py:154} INFO - [2024-03-14T17:29:27.256+0000] {manager.py:499} INFO - Created Permission View: %s
[2024-03-14T17:29:27.260+0000] {logging_mixin.py:154} INFO - [2024-03-14T17:29:27.259+0000] {manager.py:499} INFO - Created Permission View: %s
[2024-03-14T17:29:27.260+0000] {logging_mixin.py:154} INFO - [2024-03-14T17:29:27.260+0000] {dag.py:2941} INFO - Sync 1 DAGs
[2024-03-14T17:29:27.266+0000] {logging_mixin.py:154} INFO - [2024-03-14T17:29:27.266+0000] {dag.py:2963} INFO - Creating ORM DAG for example_setup_teardown
[2024-03-14T17:29:27.271+0000] {logging_mixin.py:154} INFO - [2024-03-14T17:29:27.271+0000] {dag.py:3722} INFO - Setting next_dagrun for example_setup_teardown to 2024-03-13T17:29:27.271009+00:00, run_after=2024-03-14T17:29:27.271009+00:00
[2024-03-14T17:29:27.278+0000] {processor.py:179} INFO - Processing /home/airflow/.local/lib/python3.10/site-packages/airflow/example_dags/example_setup_teardown.py took 0.098 seconds
[2024-03-14T17:29:57.944+0000] {processor.py:157} INFO - Started process (PID=130) to work on /home/airflow/.local/lib/python3.10/site-packages/airflow/example_dags/example_setup_teardown.py
[2024-03-14T17:29:57.945+0000] {processor.py:829} INFO - Processing file /home/airflow/.local/lib/python3.10/site-packages/airflow/example_dags/example_setup_teardown.py for tasks to queue
[2024-03-14T17:29:57.946+0000] {logging_mixin.py:154} INFO - [2024-03-14T17:29:57.945+0000] {dagbag.py:536} INFO - Filling up the DagBag from /home/airflow/.local/lib/python3.10/site-packages/airflow/example_dags/example_setup_teardown.py
[2024-03-14T17:29:57.950+0000] {processor.py:839} INFO - DAG(s) dict_keys(['example_setup_teardown']) retrieved from /home/airflow/.local/lib/python3.10/site-packages/airflow/example_dags/example_setup_teardown.py
[2024-03-14T17:29:57.963+0000] {logging_mixin.py:154} INFO - [2024-03-14T17:29:57.963+0000] {dag.py:2941} INFO - Sync 1 DAGs
[2024-03-14T17:29:57.976+0000] {logging_mixin.py:154} INFO - [2024-03-14T17:29:57.975+0000] {dag.py:3722} INFO - Setting next_dagrun for example_setup_teardown to 2024-03-13T17:29:57.975710+00:00, run_after=2024-03-14T17:29:57.975710+00:00
[2024-03-14T17:29:57.985+0000] {processor.py:179} INFO - Processing /home/airflow/.local/lib/python3.10/site-packages/airflow/example_dags/example_setup_teardown.py took 0.043 seconds
[2024-03-14T17:30:28.530+0000] {processor.py:157} INFO - Started process (PID=184) to work on /home/airflow/.local/lib/python3.10/site-packages/airflow/example_dags/example_setup_teardown.py
[2024-03-14T17:30:28.530+0000] {processor.py:829} INFO - Processing file /home/airflow/.local/lib/python3.10/site-packages/airflow/example_dags/example_setup_teardown.py for tasks to queue
[2024-03-14T17:30:28.531+0000] {logging_mixin.py:154} INFO - [2024-03-14T17:30:28.531+0000] {dagbag.py:536} INFO - Filling up the DagBag from /home/airflow/.local/lib/python3.10/site-packages/airflow/example_dags/example_setup_teardown.py
[2024-03-14T17:30:28.535+0000] {processor.py:839} INFO - DAG(s) dict_keys(['example_setup_teardown']) retrieved from /home/airflow/.local/lib/python3.10/site-packages/airflow/example_dags/example_setup_teardown.py
[2024-03-14T17:30:28.547+0000] {logging_mixin.py:154} INFO - [2024-03-14T17:30:28.547+0000] {dag.py:2941} INFO - Sync 1 DAGs
[2024-03-14T17:30:28.559+0000] {logging_mixin.py:154} INFO - [2024-03-14T17:30:28.559+0000] {dag.py:3722} INFO - Setting next_dagrun for example_setup_teardown to 2024-03-13T17:30:28.559714+00:00, run_after=2024-03-14T17:30:28.559714+00:00
[2024-03-14T17:30:28.569+0000] {processor.py:179} INFO - Processing /home/airflow/.local/lib/python3.10/site-packages/airflow/example_dags/example_setup_teardown.py took 0.041 seconds
