[2024-03-14T17:29:27.296+0000] {processor.py:157} INFO - Started process (PID=78) to work on /home/airflow/.local/lib/python3.10/site-packages/airflow/example_dags/example_latest_only_with_trigger.py
[2024-03-14T17:29:27.297+0000] {processor.py:829} INFO - Processing file /home/airflow/.local/lib/python3.10/site-packages/airflow/example_dags/example_latest_only_with_trigger.py for tasks to queue
[2024-03-14T17:29:27.298+0000] {logging_mixin.py:154} INFO - [2024-03-14T17:29:27.298+0000] {dagbag.py:536} INFO - Filling up the DagBag from /home/airflow/.local/lib/python3.10/site-packages/airflow/example_dags/example_latest_only_with_trigger.py
[2024-03-14T17:29:27.302+0000] {processor.py:839} INFO - DAG(s) dict_keys(['latest_only_with_trigger']) retrieved from /home/airflow/.local/lib/python3.10/site-packages/airflow/example_dags/example_latest_only_with_trigger.py
[2024-03-14T17:29:27.362+0000] {logging_mixin.py:154} INFO - [2024-03-14T17:29:27.362+0000] {manager.py:499} INFO - Created Permission View: %s
[2024-03-14T17:29:27.366+0000] {logging_mixin.py:154} INFO - [2024-03-14T17:29:27.366+0000] {manager.py:499} INFO - Created Permission View: %s
[2024-03-14T17:29:27.369+0000] {logging_mixin.py:154} INFO - [2024-03-14T17:29:27.369+0000] {manager.py:499} INFO - Created Permission View: %s
[2024-03-14T17:29:27.369+0000] {logging_mixin.py:154} INFO - [2024-03-14T17:29:27.369+0000] {dag.py:2941} INFO - Sync 1 DAGs
[2024-03-14T17:29:27.375+0000] {logging_mixin.py:154} INFO - [2024-03-14T17:29:27.374+0000] {dag.py:2963} INFO - Creating ORM DAG for latest_only_with_trigger
[2024-03-14T17:29:27.379+0000] {logging_mixin.py:154} INFO - [2024-03-14T17:29:27.379+0000] {dag.py:3722} INFO - Setting next_dagrun for latest_only_with_trigger to 2024-03-14T13:29:27.379693+00:00, run_after=2024-03-14T17:29:27.379693+00:00
[2024-03-14T17:29:27.387+0000] {processor.py:179} INFO - Processing /home/airflow/.local/lib/python3.10/site-packages/airflow/example_dags/example_latest_only_with_trigger.py took 0.093 seconds
[2024-03-14T17:29:58.006+0000] {processor.py:157} INFO - Started process (PID=132) to work on /home/airflow/.local/lib/python3.10/site-packages/airflow/example_dags/example_latest_only_with_trigger.py
[2024-03-14T17:29:58.006+0000] {processor.py:829} INFO - Processing file /home/airflow/.local/lib/python3.10/site-packages/airflow/example_dags/example_latest_only_with_trigger.py for tasks to queue
[2024-03-14T17:29:58.008+0000] {logging_mixin.py:154} INFO - [2024-03-14T17:29:58.007+0000] {dagbag.py:536} INFO - Filling up the DagBag from /home/airflow/.local/lib/python3.10/site-packages/airflow/example_dags/example_latest_only_with_trigger.py
[2024-03-14T17:29:58.011+0000] {processor.py:839} INFO - DAG(s) dict_keys(['latest_only_with_trigger']) retrieved from /home/airflow/.local/lib/python3.10/site-packages/airflow/example_dags/example_latest_only_with_trigger.py
[2024-03-14T17:29:58.023+0000] {logging_mixin.py:154} INFO - [2024-03-14T17:29:58.023+0000] {dag.py:2941} INFO - Sync 1 DAGs
[2024-03-14T17:29:58.035+0000] {logging_mixin.py:154} INFO - [2024-03-14T17:29:58.034+0000] {dag.py:3722} INFO - Setting next_dagrun for latest_only_with_trigger to 2024-03-14T13:29:58.034788+00:00, run_after=2024-03-14T17:29:58.034788+00:00
[2024-03-14T17:29:58.043+0000] {processor.py:179} INFO - Processing /home/airflow/.local/lib/python3.10/site-packages/airflow/example_dags/example_latest_only_with_trigger.py took 0.039 seconds
[2024-03-14T17:30:28.585+0000] {processor.py:157} INFO - Started process (PID=186) to work on /home/airflow/.local/lib/python3.10/site-packages/airflow/example_dags/example_latest_only_with_trigger.py
[2024-03-14T17:30:28.585+0000] {processor.py:829} INFO - Processing file /home/airflow/.local/lib/python3.10/site-packages/airflow/example_dags/example_latest_only_with_trigger.py for tasks to queue
[2024-03-14T17:30:28.586+0000] {logging_mixin.py:154} INFO - [2024-03-14T17:30:28.586+0000] {dagbag.py:536} INFO - Filling up the DagBag from /home/airflow/.local/lib/python3.10/site-packages/airflow/example_dags/example_latest_only_with_trigger.py
[2024-03-14T17:30:28.590+0000] {processor.py:839} INFO - DAG(s) dict_keys(['latest_only_with_trigger']) retrieved from /home/airflow/.local/lib/python3.10/site-packages/airflow/example_dags/example_latest_only_with_trigger.py
[2024-03-14T17:30:28.602+0000] {logging_mixin.py:154} INFO - [2024-03-14T17:30:28.602+0000] {dag.py:2941} INFO - Sync 1 DAGs
[2024-03-14T17:30:28.614+0000] {logging_mixin.py:154} INFO - [2024-03-14T17:30:28.614+0000] {dag.py:3722} INFO - Setting next_dagrun for latest_only_with_trigger to 2024-03-14T13:30:28.614311+00:00, run_after=2024-03-14T17:30:28.614311+00:00
[2024-03-14T17:30:28.624+0000] {processor.py:179} INFO - Processing /home/airflow/.local/lib/python3.10/site-packages/airflow/example_dags/example_latest_only_with_trigger.py took 0.041 seconds
