[2024-03-14T17:29:24.685+0000] {processor.py:157} INFO - Started process (PID=41) to work on /home/airflow/.local/lib/python3.10/site-packages/airflow/example_dags/example_dynamic_task_mapping.py
[2024-03-14T17:29:24.685+0000] {processor.py:829} INFO - Processing file /home/airflow/.local/lib/python3.10/site-packages/airflow/example_dags/example_dynamic_task_mapping.py for tasks to queue
[2024-03-14T17:29:24.686+0000] {logging_mixin.py:154} INFO - [2024-03-14T17:29:24.686+0000] {dagbag.py:536} INFO - Filling up the DagBag from /home/airflow/.local/lib/python3.10/site-packages/airflow/example_dags/example_dynamic_task_mapping.py
[2024-03-14T17:29:24.692+0000] {processor.py:839} INFO - DAG(s) dict_keys(['example_dynamic_task_mapping']) retrieved from /home/airflow/.local/lib/python3.10/site-packages/airflow/example_dags/example_dynamic_task_mapping.py
[2024-03-14T17:29:24.758+0000] {logging_mixin.py:154} INFO - [2024-03-14T17:29:24.758+0000] {manager.py:499} INFO - Created Permission View: %s
[2024-03-14T17:29:24.766+0000] {logging_mixin.py:154} INFO - [2024-03-14T17:29:24.766+0000] {manager.py:499} INFO - Created Permission View: %s
[2024-03-14T17:29:24.771+0000] {logging_mixin.py:154} INFO - [2024-03-14T17:29:24.771+0000] {manager.py:499} INFO - Created Permission View: %s
[2024-03-14T17:29:24.771+0000] {logging_mixin.py:154} INFO - [2024-03-14T17:29:24.771+0000] {dag.py:2941} INFO - Sync 1 DAGs
[2024-03-14T17:29:24.782+0000] {logging_mixin.py:154} INFO - [2024-03-14T17:29:24.782+0000] {dag.py:2963} INFO - Creating ORM DAG for example_dynamic_task_mapping
[2024-03-14T17:29:24.791+0000] {logging_mixin.py:154} INFO - [2024-03-14T17:29:24.791+0000] {dag.py:3722} INFO - Setting next_dagrun for example_dynamic_task_mapping to 2022-03-04T00:00:00+00:00, run_after=2022-03-05T00:00:00+00:00
[2024-03-14T17:29:24.805+0000] {processor.py:179} INFO - Processing /home/airflow/.local/lib/python3.10/site-packages/airflow/example_dags/example_dynamic_task_mapping.py took 0.123 seconds
[2024-03-14T17:29:55.762+0000] {processor.py:157} INFO - Started process (PID=95) to work on /home/airflow/.local/lib/python3.10/site-packages/airflow/example_dags/example_dynamic_task_mapping.py
[2024-03-14T17:29:55.768+0000] {processor.py:829} INFO - Processing file /home/airflow/.local/lib/python3.10/site-packages/airflow/example_dags/example_dynamic_task_mapping.py for tasks to queue
[2024-03-14T17:29:55.769+0000] {logging_mixin.py:154} INFO - [2024-03-14T17:29:55.769+0000] {dagbag.py:536} INFO - Filling up the DagBag from /home/airflow/.local/lib/python3.10/site-packages/airflow/example_dags/example_dynamic_task_mapping.py
[2024-03-14T17:29:55.773+0000] {processor.py:839} INFO - DAG(s) dict_keys(['example_dynamic_task_mapping']) retrieved from /home/airflow/.local/lib/python3.10/site-packages/airflow/example_dags/example_dynamic_task_mapping.py
[2024-03-14T17:29:55.785+0000] {logging_mixin.py:154} INFO - [2024-03-14T17:29:55.784+0000] {dag.py:2941} INFO - Sync 1 DAGs
[2024-03-14T17:29:55.796+0000] {logging_mixin.py:154} INFO - [2024-03-14T17:29:55.796+0000] {dag.py:3722} INFO - Setting next_dagrun for example_dynamic_task_mapping to 2022-03-04T00:00:00+00:00, run_after=2022-03-05T00:00:00+00:00
[2024-03-14T17:29:55.805+0000] {processor.py:179} INFO - Processing /home/airflow/.local/lib/python3.10/site-packages/airflow/example_dags/example_dynamic_task_mapping.py took 0.045 seconds
[2024-03-14T17:30:26.321+0000] {processor.py:157} INFO - Started process (PID=149) to work on /home/airflow/.local/lib/python3.10/site-packages/airflow/example_dags/example_dynamic_task_mapping.py
[2024-03-14T17:30:26.327+0000] {processor.py:829} INFO - Processing file /home/airflow/.local/lib/python3.10/site-packages/airflow/example_dags/example_dynamic_task_mapping.py for tasks to queue
[2024-03-14T17:30:26.328+0000] {logging_mixin.py:154} INFO - [2024-03-14T17:30:26.328+0000] {dagbag.py:536} INFO - Filling up the DagBag from /home/airflow/.local/lib/python3.10/site-packages/airflow/example_dags/example_dynamic_task_mapping.py
[2024-03-14T17:30:26.332+0000] {processor.py:839} INFO - DAG(s) dict_keys(['example_dynamic_task_mapping']) retrieved from /home/airflow/.local/lib/python3.10/site-packages/airflow/example_dags/example_dynamic_task_mapping.py
[2024-03-14T17:30:26.344+0000] {logging_mixin.py:154} INFO - [2024-03-14T17:30:26.343+0000] {dag.py:2941} INFO - Sync 1 DAGs
[2024-03-14T17:30:26.357+0000] {logging_mixin.py:154} INFO - [2024-03-14T17:30:26.356+0000] {dag.py:3722} INFO - Setting next_dagrun for example_dynamic_task_mapping to 2022-03-04T00:00:00+00:00, run_after=2022-03-05T00:00:00+00:00
[2024-03-14T17:30:26.365+0000] {processor.py:179} INFO - Processing /home/airflow/.local/lib/python3.10/site-packages/airflow/example_dags/example_dynamic_task_mapping.py took 0.047 seconds
