[2024-03-14T17:29:25.396+0000] {processor.py:157} INFO - Started process (PID=51) to work on /home/airflow/.local/lib/python3.10/site-packages/airflow/example_dags/example_complex.py
[2024-03-14T17:29:25.396+0000] {processor.py:829} INFO - Processing file /home/airflow/.local/lib/python3.10/site-packages/airflow/example_dags/example_complex.py for tasks to queue
[2024-03-14T17:29:25.397+0000] {logging_mixin.py:154} INFO - [2024-03-14T17:29:25.397+0000] {dagbag.py:536} INFO - Filling up the DagBag from /home/airflow/.local/lib/python3.10/site-packages/airflow/example_dags/example_complex.py
[2024-03-14T17:29:25.406+0000] {processor.py:839} INFO - DAG(s) dict_keys(['example_complex']) retrieved from /home/airflow/.local/lib/python3.10/site-packages/airflow/example_dags/example_complex.py
[2024-03-14T17:29:25.479+0000] {logging_mixin.py:154} INFO - [2024-03-14T17:29:25.478+0000] {manager.py:499} INFO - Created Permission View: %s
[2024-03-14T17:29:25.485+0000] {logging_mixin.py:154} INFO - [2024-03-14T17:29:25.485+0000] {manager.py:499} INFO - Created Permission View: %s
[2024-03-14T17:29:25.488+0000] {logging_mixin.py:154} INFO - [2024-03-14T17:29:25.488+0000] {manager.py:499} INFO - Created Permission View: %s
[2024-03-14T17:29:25.488+0000] {logging_mixin.py:154} INFO - [2024-03-14T17:29:25.488+0000] {dag.py:2941} INFO - Sync 1 DAGs
[2024-03-14T17:29:25.494+0000] {logging_mixin.py:154} INFO - [2024-03-14T17:29:25.494+0000] {dag.py:2963} INFO - Creating ORM DAG for example_complex
[2024-03-14T17:29:25.494+0000] {logging_mixin.py:154} INFO - [2024-03-14T17:29:25.494+0000] {dag.py:3722} INFO - Setting next_dagrun for example_complex to None, run_after=None
[2024-03-14T17:29:25.504+0000] {processor.py:179} INFO - Processing /home/airflow/.local/lib/python3.10/site-packages/airflow/example_dags/example_complex.py took 0.110 seconds
[2024-03-14T17:29:56.125+0000] {processor.py:157} INFO - Started process (PID=105) to work on /home/airflow/.local/lib/python3.10/site-packages/airflow/example_dags/example_complex.py
[2024-03-14T17:29:56.126+0000] {processor.py:829} INFO - Processing file /home/airflow/.local/lib/python3.10/site-packages/airflow/example_dags/example_complex.py for tasks to queue
[2024-03-14T17:29:56.127+0000] {logging_mixin.py:154} INFO - [2024-03-14T17:29:56.127+0000] {dagbag.py:536} INFO - Filling up the DagBag from /home/airflow/.local/lib/python3.10/site-packages/airflow/example_dags/example_complex.py
[2024-03-14T17:29:56.133+0000] {processor.py:839} INFO - DAG(s) dict_keys(['example_complex']) retrieved from /home/airflow/.local/lib/python3.10/site-packages/airflow/example_dags/example_complex.py
[2024-03-14T17:29:56.150+0000] {logging_mixin.py:154} INFO - [2024-03-14T17:29:56.149+0000] {dag.py:2941} INFO - Sync 1 DAGs
[2024-03-14T17:29:56.157+0000] {logging_mixin.py:154} INFO - [2024-03-14T17:29:56.156+0000] {dag.py:3722} INFO - Setting next_dagrun for example_complex to None, run_after=None
[2024-03-14T17:29:56.167+0000] {processor.py:179} INFO - Processing /home/airflow/.local/lib/python3.10/site-packages/airflow/example_dags/example_complex.py took 0.044 seconds
[2024-03-14T17:30:26.688+0000] {processor.py:157} INFO - Started process (PID=159) to work on /home/airflow/.local/lib/python3.10/site-packages/airflow/example_dags/example_complex.py
[2024-03-14T17:30:26.689+0000] {processor.py:829} INFO - Processing file /home/airflow/.local/lib/python3.10/site-packages/airflow/example_dags/example_complex.py for tasks to queue
[2024-03-14T17:30:26.690+0000] {logging_mixin.py:154} INFO - [2024-03-14T17:30:26.690+0000] {dagbag.py:536} INFO - Filling up the DagBag from /home/airflow/.local/lib/python3.10/site-packages/airflow/example_dags/example_complex.py
[2024-03-14T17:30:26.697+0000] {processor.py:839} INFO - DAG(s) dict_keys(['example_complex']) retrieved from /home/airflow/.local/lib/python3.10/site-packages/airflow/example_dags/example_complex.py
[2024-03-14T17:30:26.716+0000] {logging_mixin.py:154} INFO - [2024-03-14T17:30:26.716+0000] {dag.py:2941} INFO - Sync 1 DAGs
[2024-03-14T17:30:26.723+0000] {logging_mixin.py:154} INFO - [2024-03-14T17:30:26.723+0000] {dag.py:3722} INFO - Setting next_dagrun for example_complex to None, run_after=None
[2024-03-14T17:30:26.732+0000] {processor.py:179} INFO - Processing /home/airflow/.local/lib/python3.10/site-packages/airflow/example_dags/example_complex.py took 0.046 seconds
