[2024-03-14T17:29:24.491+0000] {processor.py:157} INFO - Started process (PID=39) to work on /home/airflow/.local/lib/python3.10/site-packages/airflow/example_dags/example_xcomargs.py
[2024-03-14T17:29:24.491+0000] {processor.py:829} INFO - Processing file /home/airflow/.local/lib/python3.10/site-packages/airflow/example_dags/example_xcomargs.py for tasks to queue
[2024-03-14T17:29:24.492+0000] {logging_mixin.py:154} INFO - [2024-03-14T17:29:24.492+0000] {dagbag.py:536} INFO - Filling up the DagBag from /home/airflow/.local/lib/python3.10/site-packages/airflow/example_dags/example_xcomargs.py
[2024-03-14T17:29:24.502+0000] {processor.py:839} INFO - DAG(s) dict_keys(['example_xcom_args', 'example_xcom_args_with_operators']) retrieved from /home/airflow/.local/lib/python3.10/site-packages/airflow/example_dags/example_xcomargs.py
[2024-03-14T17:29:24.638+0000] {logging_mixin.py:154} INFO - [2024-03-14T17:29:24.638+0000] {manager.py:499} INFO - Created Permission View: %s
[2024-03-14T17:29:24.643+0000] {logging_mixin.py:154} INFO - [2024-03-14T17:29:24.643+0000] {manager.py:499} INFO - Created Permission View: %s
[2024-03-14T17:29:24.646+0000] {logging_mixin.py:154} INFO - [2024-03-14T17:29:24.646+0000] {manager.py:499} INFO - Created Permission View: %s
[2024-03-14T17:29:24.655+0000] {logging_mixin.py:154} INFO - [2024-03-14T17:29:24.655+0000] {manager.py:499} INFO - Created Permission View: %s
[2024-03-14T17:29:24.660+0000] {logging_mixin.py:154} INFO - [2024-03-14T17:29:24.659+0000] {manager.py:499} INFO - Created Permission View: %s
[2024-03-14T17:29:24.663+0000] {logging_mixin.py:154} INFO - [2024-03-14T17:29:24.663+0000] {manager.py:499} INFO - Created Permission View: %s
[2024-03-14T17:29:24.663+0000] {logging_mixin.py:154} INFO - [2024-03-14T17:29:24.663+0000] {dag.py:2941} INFO - Sync 2 DAGs
[2024-03-14T17:29:24.672+0000] {logging_mixin.py:154} INFO - [2024-03-14T17:29:24.672+0000] {dag.py:2963} INFO - Creating ORM DAG for example_xcom_args
[2024-03-14T17:29:24.673+0000] {logging_mixin.py:154} INFO - [2024-03-14T17:29:24.673+0000] {dag.py:2963} INFO - Creating ORM DAG for example_xcom_args_with_operators
[2024-03-14T17:29:24.673+0000] {logging_mixin.py:154} INFO - [2024-03-14T17:29:24.673+0000] {dag.py:3722} INFO - Setting next_dagrun for example_xcom_args to None, run_after=None
[2024-03-14T17:29:24.673+0000] {logging_mixin.py:154} INFO - [2024-03-14T17:29:24.673+0000] {dag.py:3722} INFO - Setting next_dagrun for example_xcom_args_with_operators to None, run_after=None
[2024-03-14T17:29:24.687+0000] {processor.py:179} INFO - Processing /home/airflow/.local/lib/python3.10/site-packages/airflow/example_dags/example_xcomargs.py took 0.198 seconds
[2024-03-14T17:29:54.752+0000] {processor.py:157} INFO - Started process (PID=94) to work on /home/airflow/.local/lib/python3.10/site-packages/airflow/example_dags/example_xcomargs.py
[2024-03-14T17:29:54.753+0000] {processor.py:829} INFO - Processing file /home/airflow/.local/lib/python3.10/site-packages/airflow/example_dags/example_xcomargs.py for tasks to queue
[2024-03-14T17:29:54.754+0000] {logging_mixin.py:154} INFO - [2024-03-14T17:29:54.754+0000] {dagbag.py:536} INFO - Filling up the DagBag from /home/airflow/.local/lib/python3.10/site-packages/airflow/example_dags/example_xcomargs.py
[2024-03-14T17:29:54.759+0000] {processor.py:839} INFO - DAG(s) dict_keys(['example_xcom_args_with_operators', 'example_xcom_args']) retrieved from /home/airflow/.local/lib/python3.10/site-packages/airflow/example_dags/example_xcomargs.py
[2024-03-14T17:29:54.772+0000] {logging_mixin.py:154} INFO - [2024-03-14T17:29:54.772+0000] {dag.py:2941} INFO - Sync 2 DAGs
[2024-03-14T17:29:54.780+0000] {logging_mixin.py:154} INFO - [2024-03-14T17:29:54.779+0000] {dag.py:3722} INFO - Setting next_dagrun for example_xcom_args to None, run_after=None
[2024-03-14T17:29:54.781+0000] {logging_mixin.py:154} INFO - [2024-03-14T17:29:54.781+0000] {dag.py:3722} INFO - Setting next_dagrun for example_xcom_args_with_operators to None, run_after=None
[2024-03-14T17:29:54.788+0000] {processor.py:179} INFO - Processing /home/airflow/.local/lib/python3.10/site-packages/airflow/example_dags/example_xcomargs.py took 0.038 seconds
[2024-03-14T17:30:25.300+0000] {processor.py:157} INFO - Started process (PID=147) to work on /home/airflow/.local/lib/python3.10/site-packages/airflow/example_dags/example_xcomargs.py
[2024-03-14T17:30:25.306+0000] {processor.py:829} INFO - Processing file /home/airflow/.local/lib/python3.10/site-packages/airflow/example_dags/example_xcomargs.py for tasks to queue
[2024-03-14T17:30:25.307+0000] {logging_mixin.py:154} INFO - [2024-03-14T17:30:25.307+0000] {dagbag.py:536} INFO - Filling up the DagBag from /home/airflow/.local/lib/python3.10/site-packages/airflow/example_dags/example_xcomargs.py
[2024-03-14T17:30:25.311+0000] {processor.py:839} INFO - DAG(s) dict_keys(['example_xcom_args_with_operators', 'example_xcom_args']) retrieved from /home/airflow/.local/lib/python3.10/site-packages/airflow/example_dags/example_xcomargs.py
[2024-03-14T17:30:25.325+0000] {logging_mixin.py:154} INFO - [2024-03-14T17:30:25.325+0000] {dag.py:2941} INFO - Sync 2 DAGs
[2024-03-14T17:30:25.332+0000] {logging_mixin.py:154} INFO - [2024-03-14T17:30:25.332+0000] {dag.py:3722} INFO - Setting next_dagrun for example_xcom_args to None, run_after=None
[2024-03-14T17:30:25.334+0000] {logging_mixin.py:154} INFO - [2024-03-14T17:30:25.334+0000] {dag.py:3722} INFO - Setting next_dagrun for example_xcom_args_with_operators to None, run_after=None
[2024-03-14T17:30:25.342+0000] {processor.py:179} INFO - Processing /home/airflow/.local/lib/python3.10/site-packages/airflow/example_dags/example_xcomargs.py took 0.044 seconds
