[2024-03-14T17:29:27.170+0000] {processor.py:157} INFO - Started process (PID=75) to work on /home/airflow/.local/lib/python3.10/site-packages/airflow/example_dags/example_sla_dag.py
[2024-03-14T17:29:27.170+0000] {processor.py:829} INFO - Processing file /home/airflow/.local/lib/python3.10/site-packages/airflow/example_dags/example_sla_dag.py for tasks to queue
[2024-03-14T17:29:27.171+0000] {logging_mixin.py:154} INFO - [2024-03-14T17:29:27.171+0000] {dagbag.py:536} INFO - Filling up the DagBag from /home/airflow/.local/lib/python3.10/site-packages/airflow/example_dags/example_sla_dag.py
[2024-03-14T17:29:27.177+0000] {processor.py:839} INFO - DAG(s) dict_keys(['example_sla_dag']) retrieved from /home/airflow/.local/lib/python3.10/site-packages/airflow/example_dags/example_sla_dag.py
[2024-03-14T17:29:27.237+0000] {logging_mixin.py:154} INFO - [2024-03-14T17:29:27.236+0000] {manager.py:499} INFO - Created Permission View: %s
[2024-03-14T17:29:27.241+0000] {logging_mixin.py:154} INFO - [2024-03-14T17:29:27.241+0000] {manager.py:499} INFO - Created Permission View: %s
[2024-03-14T17:29:27.244+0000] {logging_mixin.py:154} INFO - [2024-03-14T17:29:27.244+0000] {manager.py:499} INFO - Created Permission View: %s
[2024-03-14T17:29:27.244+0000] {logging_mixin.py:154} INFO - [2024-03-14T17:29:27.244+0000] {dag.py:2941} INFO - Sync 1 DAGs
[2024-03-14T17:29:27.250+0000] {logging_mixin.py:154} INFO - [2024-03-14T17:29:27.250+0000] {dag.py:2963} INFO - Creating ORM DAG for example_sla_dag
[2024-03-14T17:29:27.259+0000] {logging_mixin.py:154} INFO - [2024-03-14T17:29:27.259+0000] {dag.py:3722} INFO - Setting next_dagrun for example_sla_dag to 2024-03-14T17:26:00+00:00, run_after=2024-03-14T17:28:00+00:00
[2024-03-14T17:29:27.266+0000] {processor.py:179} INFO - Processing /home/airflow/.local/lib/python3.10/site-packages/airflow/example_dags/example_sla_dag.py took 0.098 seconds
[2024-03-14T17:29:57.939+0000] {processor.py:157} INFO - Started process (PID=129) to work on /home/airflow/.local/lib/python3.10/site-packages/airflow/example_dags/example_sla_dag.py
[2024-03-14T17:29:57.940+0000] {processor.py:829} INFO - Processing file /home/airflow/.local/lib/python3.10/site-packages/airflow/example_dags/example_sla_dag.py for tasks to queue
[2024-03-14T17:29:57.941+0000] {logging_mixin.py:154} INFO - [2024-03-14T17:29:57.941+0000] {dagbag.py:536} INFO - Filling up the DagBag from /home/airflow/.local/lib/python3.10/site-packages/airflow/example_dags/example_sla_dag.py
[2024-03-14T17:29:57.947+0000] {processor.py:839} INFO - DAG(s) dict_keys(['example_sla_dag']) retrieved from /home/airflow/.local/lib/python3.10/site-packages/airflow/example_dags/example_sla_dag.py
[2024-03-14T17:29:57.960+0000] {logging_mixin.py:154} INFO - [2024-03-14T17:29:57.960+0000] {dag.py:2941} INFO - Sync 1 DAGs
[2024-03-14T17:29:57.976+0000] {logging_mixin.py:154} INFO - [2024-03-14T17:29:57.976+0000] {dag.py:3722} INFO - Setting next_dagrun for example_sla_dag to 2024-03-14T17:26:00+00:00, run_after=2024-03-14T17:28:00+00:00
[2024-03-14T17:29:57.985+0000] {processor.py:179} INFO - Processing /home/airflow/.local/lib/python3.10/site-packages/airflow/example_dags/example_sla_dag.py took 0.048 seconds
[2024-03-14T17:30:28.481+0000] {processor.py:157} INFO - Started process (PID=183) to work on /home/airflow/.local/lib/python3.10/site-packages/airflow/example_dags/example_sla_dag.py
[2024-03-14T17:30:28.481+0000] {processor.py:829} INFO - Processing file /home/airflow/.local/lib/python3.10/site-packages/airflow/example_dags/example_sla_dag.py for tasks to queue
[2024-03-14T17:30:28.483+0000] {logging_mixin.py:154} INFO - [2024-03-14T17:30:28.482+0000] {dagbag.py:536} INFO - Filling up the DagBag from /home/airflow/.local/lib/python3.10/site-packages/airflow/example_dags/example_sla_dag.py
[2024-03-14T17:30:28.488+0000] {processor.py:839} INFO - DAG(s) dict_keys(['example_sla_dag']) retrieved from /home/airflow/.local/lib/python3.10/site-packages/airflow/example_dags/example_sla_dag.py
[2024-03-14T17:30:28.499+0000] {logging_mixin.py:154} INFO - [2024-03-14T17:30:28.499+0000] {dag.py:2941} INFO - Sync 1 DAGs
[2024-03-14T17:30:28.512+0000] {logging_mixin.py:154} INFO - [2024-03-14T17:30:28.512+0000] {dag.py:3722} INFO - Setting next_dagrun for example_sla_dag to 2024-03-14T17:28:00+00:00, run_after=2024-03-14T17:30:00+00:00
[2024-03-14T17:30:28.521+0000] {processor.py:179} INFO - Processing /home/airflow/.local/lib/python3.10/site-packages/airflow/example_dags/example_sla_dag.py took 0.042 seconds
