[2024-03-14T17:29:26.003+0000] {processor.py:157} INFO - Started process (PID=60) to work on /home/airflow/.local/lib/python3.10/site-packages/airflow/example_dags/example_task_group.py
[2024-03-14T17:29:26.004+0000] {processor.py:829} INFO - Processing file /home/airflow/.local/lib/python3.10/site-packages/airflow/example_dags/example_task_group.py for tasks to queue
[2024-03-14T17:29:26.005+0000] {logging_mixin.py:154} INFO - [2024-03-14T17:29:26.005+0000] {dagbag.py:536} INFO - Filling up the DagBag from /home/airflow/.local/lib/python3.10/site-packages/airflow/example_dags/example_task_group.py
[2024-03-14T17:29:26.011+0000] {processor.py:839} INFO - DAG(s) dict_keys(['example_task_group']) retrieved from /home/airflow/.local/lib/python3.10/site-packages/airflow/example_dags/example_task_group.py
[2024-03-14T17:29:26.086+0000] {logging_mixin.py:154} INFO - [2024-03-14T17:29:26.085+0000] {manager.py:499} INFO - Created Permission View: %s
[2024-03-14T17:29:26.091+0000] {logging_mixin.py:154} INFO - [2024-03-14T17:29:26.091+0000] {manager.py:499} INFO - Created Permission View: %s
[2024-03-14T17:29:26.095+0000] {logging_mixin.py:154} INFO - [2024-03-14T17:29:26.095+0000] {manager.py:499} INFO - Created Permission View: %s
[2024-03-14T17:29:26.095+0000] {logging_mixin.py:154} INFO - [2024-03-14T17:29:26.095+0000] {dag.py:2941} INFO - Sync 1 DAGs
[2024-03-14T17:29:26.102+0000] {logging_mixin.py:154} INFO - [2024-03-14T17:29:26.102+0000] {dag.py:2963} INFO - Creating ORM DAG for example_task_group
[2024-03-14T17:29:26.107+0000] {logging_mixin.py:154} INFO - [2024-03-14T17:29:26.107+0000] {dag.py:3722} INFO - Setting next_dagrun for example_task_group to 2024-03-13T17:29:26.107401+00:00, run_after=2024-03-14T17:29:26.107401+00:00
[2024-03-14T17:29:26.117+0000] {processor.py:179} INFO - Processing /home/airflow/.local/lib/python3.10/site-packages/airflow/example_dags/example_task_group.py took 0.116 seconds
[2024-03-14T17:29:56.422+0000] {processor.py:157} INFO - Started process (PID=114) to work on /home/airflow/.local/lib/python3.10/site-packages/airflow/example_dags/example_task_group.py
[2024-03-14T17:29:56.422+0000] {processor.py:829} INFO - Processing file /home/airflow/.local/lib/python3.10/site-packages/airflow/example_dags/example_task_group.py for tasks to queue
[2024-03-14T17:29:56.423+0000] {logging_mixin.py:154} INFO - [2024-03-14T17:29:56.423+0000] {dagbag.py:536} INFO - Filling up the DagBag from /home/airflow/.local/lib/python3.10/site-packages/airflow/example_dags/example_task_group.py
[2024-03-14T17:29:56.428+0000] {processor.py:839} INFO - DAG(s) dict_keys(['example_task_group']) retrieved from /home/airflow/.local/lib/python3.10/site-packages/airflow/example_dags/example_task_group.py
[2024-03-14T17:29:56.441+0000] {logging_mixin.py:154} INFO - [2024-03-14T17:29:56.441+0000] {dag.py:2941} INFO - Sync 1 DAGs
[2024-03-14T17:29:56.454+0000] {logging_mixin.py:154} INFO - [2024-03-14T17:29:56.454+0000] {dag.py:3722} INFO - Setting next_dagrun for example_task_group to 2024-03-13T17:29:56.453982+00:00, run_after=2024-03-14T17:29:56.453982+00:00
[2024-03-14T17:29:56.463+0000] {processor.py:179} INFO - Processing /home/airflow/.local/lib/python3.10/site-packages/airflow/example_dags/example_task_group.py took 0.044 seconds
[2024-03-14T17:30:26.985+0000] {processor.py:157} INFO - Started process (PID=168) to work on /home/airflow/.local/lib/python3.10/site-packages/airflow/example_dags/example_task_group.py
[2024-03-14T17:30:26.985+0000] {processor.py:829} INFO - Processing file /home/airflow/.local/lib/python3.10/site-packages/airflow/example_dags/example_task_group.py for tasks to queue
[2024-03-14T17:30:26.986+0000] {logging_mixin.py:154} INFO - [2024-03-14T17:30:26.986+0000] {dagbag.py:536} INFO - Filling up the DagBag from /home/airflow/.local/lib/python3.10/site-packages/airflow/example_dags/example_task_group.py
[2024-03-14T17:30:26.990+0000] {processor.py:839} INFO - DAG(s) dict_keys(['example_task_group']) retrieved from /home/airflow/.local/lib/python3.10/site-packages/airflow/example_dags/example_task_group.py
[2024-03-14T17:30:27.003+0000] {logging_mixin.py:154} INFO - [2024-03-14T17:30:27.003+0000] {dag.py:2941} INFO - Sync 1 DAGs
[2024-03-14T17:30:27.014+0000] {logging_mixin.py:154} INFO - [2024-03-14T17:30:27.014+0000] {dag.py:3722} INFO - Setting next_dagrun for example_task_group to 2024-03-13T17:30:27.014730+00:00, run_after=2024-03-14T17:30:27.014730+00:00
[2024-03-14T17:30:27.023+0000] {processor.py:179} INFO - Processing /home/airflow/.local/lib/python3.10/site-packages/airflow/example_dags/example_task_group.py took 0.040 seconds
