[2024-03-14T17:29:27.394+0000] {processor.py:157} INFO - Started process (PID=79) to work on /home/airflow/.local/lib/python3.10/site-packages/airflow/example_dags/example_bash_operator.py
[2024-03-14T17:29:27.394+0000] {processor.py:829} INFO - Processing file /home/airflow/.local/lib/python3.10/site-packages/airflow/example_dags/example_bash_operator.py for tasks to queue
[2024-03-14T17:29:27.396+0000] {logging_mixin.py:154} INFO - [2024-03-14T17:29:27.395+0000] {dagbag.py:536} INFO - Filling up the DagBag from /home/airflow/.local/lib/python3.10/site-packages/airflow/example_dags/example_bash_operator.py
[2024-03-14T17:29:27.403+0000] {processor.py:839} INFO - DAG(s) dict_keys(['example_bash_operator']) retrieved from /home/airflow/.local/lib/python3.10/site-packages/airflow/example_dags/example_bash_operator.py
[2024-03-14T17:29:27.468+0000] {logging_mixin.py:154} INFO - [2024-03-14T17:29:27.467+0000] {manager.py:499} INFO - Created Permission View: %s
[2024-03-14T17:29:27.472+0000] {logging_mixin.py:154} INFO - [2024-03-14T17:29:27.472+0000] {manager.py:499} INFO - Created Permission View: %s
[2024-03-14T17:29:27.475+0000] {logging_mixin.py:154} INFO - [2024-03-14T17:29:27.475+0000] {manager.py:499} INFO - Created Permission View: %s
[2024-03-14T17:29:27.475+0000] {logging_mixin.py:154} INFO - [2024-03-14T17:29:27.475+0000] {dag.py:2941} INFO - Sync 1 DAGs
[2024-03-14T17:29:27.481+0000] {logging_mixin.py:154} INFO - [2024-03-14T17:29:27.481+0000] {dag.py:2963} INFO - Creating ORM DAG for example_bash_operator
[2024-03-14T17:29:27.487+0000] {logging_mixin.py:154} INFO - [2024-03-14T17:29:27.486+0000] {dag.py:3722} INFO - Setting next_dagrun for example_bash_operator to 2024-03-13T00:00:00+00:00, run_after=2024-03-14T00:00:00+00:00
[2024-03-14T17:29:27.495+0000] {processor.py:179} INFO - Processing /home/airflow/.local/lib/python3.10/site-packages/airflow/example_dags/example_bash_operator.py took 0.103 seconds
[2024-03-14T17:29:58.057+0000] {processor.py:157} INFO - Started process (PID=133) to work on /home/airflow/.local/lib/python3.10/site-packages/airflow/example_dags/example_bash_operator.py
[2024-03-14T17:29:58.058+0000] {processor.py:829} INFO - Processing file /home/airflow/.local/lib/python3.10/site-packages/airflow/example_dags/example_bash_operator.py for tasks to queue
[2024-03-14T17:29:58.059+0000] {logging_mixin.py:154} INFO - [2024-03-14T17:29:58.059+0000] {dagbag.py:536} INFO - Filling up the DagBag from /home/airflow/.local/lib/python3.10/site-packages/airflow/example_dags/example_bash_operator.py
[2024-03-14T17:29:58.066+0000] {processor.py:839} INFO - DAG(s) dict_keys(['example_bash_operator']) retrieved from /home/airflow/.local/lib/python3.10/site-packages/airflow/example_dags/example_bash_operator.py
[2024-03-14T17:29:58.084+0000] {logging_mixin.py:154} INFO - [2024-03-14T17:29:58.083+0000] {dag.py:2941} INFO - Sync 1 DAGs
[2024-03-14T17:29:58.097+0000] {logging_mixin.py:154} INFO - [2024-03-14T17:29:58.097+0000] {dag.py:3722} INFO - Setting next_dagrun for example_bash_operator to 2024-03-13T00:00:00+00:00, run_after=2024-03-14T00:00:00+00:00
[2024-03-14T17:29:58.105+0000] {processor.py:179} INFO - Processing /home/airflow/.local/lib/python3.10/site-packages/airflow/example_dags/example_bash_operator.py took 0.051 seconds
[2024-03-14T17:30:28.640+0000] {processor.py:157} INFO - Started process (PID=187) to work on /home/airflow/.local/lib/python3.10/site-packages/airflow/example_dags/example_bash_operator.py
[2024-03-14T17:30:28.640+0000] {processor.py:829} INFO - Processing file /home/airflow/.local/lib/python3.10/site-packages/airflow/example_dags/example_bash_operator.py for tasks to queue
[2024-03-14T17:30:28.642+0000] {logging_mixin.py:154} INFO - [2024-03-14T17:30:28.641+0000] {dagbag.py:536} INFO - Filling up the DagBag from /home/airflow/.local/lib/python3.10/site-packages/airflow/example_dags/example_bash_operator.py
[2024-03-14T17:30:28.649+0000] {processor.py:839} INFO - DAG(s) dict_keys(['example_bash_operator']) retrieved from /home/airflow/.local/lib/python3.10/site-packages/airflow/example_dags/example_bash_operator.py
[2024-03-14T17:30:28.667+0000] {logging_mixin.py:154} INFO - [2024-03-14T17:30:28.667+0000] {dag.py:2941} INFO - Sync 1 DAGs
[2024-03-14T17:30:28.681+0000] {logging_mixin.py:154} INFO - [2024-03-14T17:30:28.680+0000] {dag.py:3722} INFO - Setting next_dagrun for example_bash_operator to 2024-03-13T00:00:00+00:00, run_after=2024-03-14T00:00:00+00:00
[2024-03-14T17:30:28.689+0000] {processor.py:179} INFO - Processing /home/airflow/.local/lib/python3.10/site-packages/airflow/example_dags/example_bash_operator.py took 0.052 seconds
