[2024-03-14T17:29:26.876+0000] {processor.py:157} INFO - Started process (PID=72) to work on /home/airflow/.local/lib/python3.10/site-packages/airflow/example_dags/example_datasets.py
[2024-03-14T17:29:26.877+0000] {processor.py:829} INFO - Processing file /home/airflow/.local/lib/python3.10/site-packages/airflow/example_dags/example_datasets.py for tasks to queue
[2024-03-14T17:29:26.878+0000] {logging_mixin.py:154} INFO - [2024-03-14T17:29:26.878+0000] {dagbag.py:536} INFO - Filling up the DagBag from /home/airflow/.local/lib/python3.10/site-packages/airflow/example_dags/example_datasets.py
[2024-03-14T17:29:26.885+0000] {processor.py:839} INFO - DAG(s) dict_keys(['dataset_consumes_1', 'dataset_consumes_1_and_2', 'dataset_consumes_1_never_scheduled', 'dataset_consumes_unknown_never_scheduled', 'dataset_produces_2', 'dataset_produces_1']) retrieved from /home/airflow/.local/lib/python3.10/site-packages/airflow/example_dags/example_datasets.py
[2024-03-14T17:29:26.948+0000] {logging_mixin.py:154} INFO - [2024-03-14T17:29:26.947+0000] {manager.py:499} INFO - Created Permission View: %s
[2024-03-14T17:29:26.952+0000] {logging_mixin.py:154} INFO - [2024-03-14T17:29:26.952+0000] {manager.py:499} INFO - Created Permission View: %s
[2024-03-14T17:29:26.955+0000] {logging_mixin.py:154} INFO - [2024-03-14T17:29:26.955+0000] {manager.py:499} INFO - Created Permission View: %s
[2024-03-14T17:29:26.962+0000] {logging_mixin.py:154} INFO - [2024-03-14T17:29:26.961+0000] {manager.py:499} INFO - Created Permission View: %s
[2024-03-14T17:29:26.965+0000] {logging_mixin.py:154} INFO - [2024-03-14T17:29:26.965+0000] {manager.py:499} INFO - Created Permission View: %s
[2024-03-14T17:29:26.968+0000] {logging_mixin.py:154} INFO - [2024-03-14T17:29:26.968+0000] {manager.py:499} INFO - Created Permission View: %s
[2024-03-14T17:29:26.974+0000] {logging_mixin.py:154} INFO - [2024-03-14T17:29:26.974+0000] {manager.py:499} INFO - Created Permission View: %s
[2024-03-14T17:29:26.977+0000] {logging_mixin.py:154} INFO - [2024-03-14T17:29:26.977+0000] {manager.py:499} INFO - Created Permission View: %s
[2024-03-14T17:29:26.980+0000] {logging_mixin.py:154} INFO - [2024-03-14T17:29:26.980+0000] {manager.py:499} INFO - Created Permission View: %s
[2024-03-14T17:29:26.987+0000] {logging_mixin.py:154} INFO - [2024-03-14T17:29:26.987+0000] {manager.py:499} INFO - Created Permission View: %s
[2024-03-14T17:29:26.990+0000] {logging_mixin.py:154} INFO - [2024-03-14T17:29:26.990+0000] {manager.py:499} INFO - Created Permission View: %s
[2024-03-14T17:29:26.993+0000] {logging_mixin.py:154} INFO - [2024-03-14T17:29:26.993+0000] {manager.py:499} INFO - Created Permission View: %s
[2024-03-14T17:29:27.000+0000] {logging_mixin.py:154} INFO - [2024-03-14T17:29:26.999+0000] {manager.py:499} INFO - Created Permission View: %s
[2024-03-14T17:29:27.003+0000] {logging_mixin.py:154} INFO - [2024-03-14T17:29:27.003+0000] {manager.py:499} INFO - Created Permission View: %s
[2024-03-14T17:29:27.005+0000] {logging_mixin.py:154} INFO - [2024-03-14T17:29:27.005+0000] {manager.py:499} INFO - Created Permission View: %s
[2024-03-14T17:29:27.010+0000] {logging_mixin.py:154} INFO - [2024-03-14T17:29:27.010+0000] {manager.py:499} INFO - Created Permission View: %s
[2024-03-14T17:29:27.013+0000] {logging_mixin.py:154} INFO - [2024-03-14T17:29:27.013+0000] {manager.py:499} INFO - Created Permission View: %s
[2024-03-14T17:29:27.015+0000] {logging_mixin.py:154} INFO - [2024-03-14T17:29:27.015+0000] {manager.py:499} INFO - Created Permission View: %s
[2024-03-14T17:29:27.015+0000] {logging_mixin.py:154} INFO - [2024-03-14T17:29:27.015+0000] {dag.py:2941} INFO - Sync 6 DAGs
[2024-03-14T17:29:27.021+0000] {logging_mixin.py:154} INFO - [2024-03-14T17:29:27.021+0000] {dag.py:2963} INFO - Creating ORM DAG for dataset_consumes_unknown_never_scheduled
[2024-03-14T17:29:27.022+0000] {logging_mixin.py:154} INFO - [2024-03-14T17:29:27.022+0000] {dag.py:2963} INFO - Creating ORM DAG for dataset_produces_2
[2024-03-14T17:29:27.022+0000] {logging_mixin.py:154} INFO - [2024-03-14T17:29:27.022+0000] {dag.py:2963} INFO - Creating ORM DAG for dataset_consumes_1
[2024-03-14T17:29:27.022+0000] {logging_mixin.py:154} INFO - [2024-03-14T17:29:27.022+0000] {dag.py:2963} INFO - Creating ORM DAG for dataset_consumes_1_and_2
[2024-03-14T17:29:27.022+0000] {logging_mixin.py:154} INFO - [2024-03-14T17:29:27.022+0000] {dag.py:2963} INFO - Creating ORM DAG for dataset_consumes_1_never_scheduled
[2024-03-14T17:29:27.022+0000] {logging_mixin.py:154} INFO - [2024-03-14T17:29:27.022+0000] {dag.py:2963} INFO - Creating ORM DAG for dataset_produces_1
[2024-03-14T17:29:27.027+0000] {logging_mixin.py:154} INFO - [2024-03-14T17:29:27.027+0000] {dag.py:3722} INFO - Setting next_dagrun for dataset_consumes_1 to None, run_after=None
[2024-03-14T17:29:27.027+0000] {logging_mixin.py:154} INFO - [2024-03-14T17:29:27.027+0000] {dag.py:3722} INFO - Setting next_dagrun for dataset_consumes_1_and_2 to None, run_after=None
[2024-03-14T17:29:27.028+0000] {logging_mixin.py:154} INFO - [2024-03-14T17:29:27.028+0000] {dag.py:3722} INFO - Setting next_dagrun for dataset_consumes_1_never_scheduled to None, run_after=None
[2024-03-14T17:29:27.028+0000] {logging_mixin.py:154} INFO - [2024-03-14T17:29:27.028+0000] {dag.py:3722} INFO - Setting next_dagrun for dataset_consumes_unknown_never_scheduled to None, run_after=None
[2024-03-14T17:29:27.029+0000] {logging_mixin.py:154} INFO - [2024-03-14T17:29:27.029+0000] {dag.py:3722} INFO - Setting next_dagrun for dataset_produces_1 to 2024-03-13T00:00:00+00:00, run_after=2024-03-14T00:00:00+00:00
[2024-03-14T17:29:27.029+0000] {logging_mixin.py:154} INFO - [2024-03-14T17:29:27.029+0000] {dag.py:3722} INFO - Setting next_dagrun for dataset_produces_2 to None, run_after=None
[2024-03-14T17:29:27.049+0000] {processor.py:179} INFO - Processing /home/airflow/.local/lib/python3.10/site-packages/airflow/example_dags/example_datasets.py took 0.175 seconds
[2024-03-14T17:29:57.801+0000] {processor.py:157} INFO - Started process (PID=126) to work on /home/airflow/.local/lib/python3.10/site-packages/airflow/example_dags/example_datasets.py
[2024-03-14T17:29:57.802+0000] {processor.py:829} INFO - Processing file /home/airflow/.local/lib/python3.10/site-packages/airflow/example_dags/example_datasets.py for tasks to queue
[2024-03-14T17:29:57.803+0000] {logging_mixin.py:154} INFO - [2024-03-14T17:29:57.803+0000] {dagbag.py:536} INFO - Filling up the DagBag from /home/airflow/.local/lib/python3.10/site-packages/airflow/example_dags/example_datasets.py
[2024-03-14T17:29:57.809+0000] {processor.py:839} INFO - DAG(s) dict_keys(['dataset_consumes_1', 'dataset_produces_2', 'dataset_consumes_unknown_never_scheduled', 'dataset_consumes_1_never_scheduled', 'dataset_produces_1', 'dataset_consumes_1_and_2']) retrieved from /home/airflow/.local/lib/python3.10/site-packages/airflow/example_dags/example_datasets.py
[2024-03-14T17:29:57.829+0000] {logging_mixin.py:154} INFO - [2024-03-14T17:29:57.828+0000] {dag.py:2941} INFO - Sync 6 DAGs
[2024-03-14T17:29:57.843+0000] {logging_mixin.py:154} INFO - [2024-03-14T17:29:57.843+0000] {dag.py:3722} INFO - Setting next_dagrun for dataset_consumes_1 to None, run_after=None
[2024-03-14T17:29:57.845+0000] {logging_mixin.py:154} INFO - [2024-03-14T17:29:57.845+0000] {dag.py:3722} INFO - Setting next_dagrun for dataset_consumes_1_and_2 to None, run_after=None
[2024-03-14T17:29:57.845+0000] {logging_mixin.py:154} INFO - [2024-03-14T17:29:57.845+0000] {dag.py:3722} INFO - Setting next_dagrun for dataset_consumes_1_never_scheduled to None, run_after=None
[2024-03-14T17:29:57.846+0000] {logging_mixin.py:154} INFO - [2024-03-14T17:29:57.846+0000] {dag.py:3722} INFO - Setting next_dagrun for dataset_consumes_unknown_never_scheduled to None, run_after=None
[2024-03-14T17:29:57.848+0000] {logging_mixin.py:154} INFO - [2024-03-14T17:29:57.848+0000] {dag.py:3722} INFO - Setting next_dagrun for dataset_produces_1 to 2024-03-13T00:00:00+00:00, run_after=2024-03-14T00:00:00+00:00
[2024-03-14T17:29:57.848+0000] {logging_mixin.py:154} INFO - [2024-03-14T17:29:57.848+0000] {dag.py:3722} INFO - Setting next_dagrun for dataset_produces_2 to None, run_after=None
[2024-03-14T17:29:57.864+0000] {processor.py:179} INFO - Processing /home/airflow/.local/lib/python3.10/site-packages/airflow/example_dags/example_datasets.py took 0.065 seconds
[2024-03-14T17:30:28.400+0000] {processor.py:157} INFO - Started process (PID=180) to work on /home/airflow/.local/lib/python3.10/site-packages/airflow/example_dags/example_datasets.py
[2024-03-14T17:30:28.400+0000] {processor.py:829} INFO - Processing file /home/airflow/.local/lib/python3.10/site-packages/airflow/example_dags/example_datasets.py for tasks to queue
[2024-03-14T17:30:28.401+0000] {logging_mixin.py:154} INFO - [2024-03-14T17:30:28.401+0000] {dagbag.py:536} INFO - Filling up the DagBag from /home/airflow/.local/lib/python3.10/site-packages/airflow/example_dags/example_datasets.py
[2024-03-14T17:30:28.407+0000] {processor.py:839} INFO - DAG(s) dict_keys(['dataset_produces_2', 'dataset_produces_1', 'dataset_consumes_unknown_never_scheduled', 'dataset_consumes_1_and_2', 'dataset_consumes_1_never_scheduled', 'dataset_consumes_1']) retrieved from /home/airflow/.local/lib/python3.10/site-packages/airflow/example_dags/example_datasets.py
[2024-03-14T17:30:28.425+0000] {logging_mixin.py:154} INFO - [2024-03-14T17:30:28.425+0000] {dag.py:2941} INFO - Sync 6 DAGs
[2024-03-14T17:30:28.437+0000] {logging_mixin.py:154} INFO - [2024-03-14T17:30:28.437+0000] {dag.py:3722} INFO - Setting next_dagrun for dataset_consumes_1 to None, run_after=None
[2024-03-14T17:30:28.439+0000] {logging_mixin.py:154} INFO - [2024-03-14T17:30:28.438+0000] {dag.py:3722} INFO - Setting next_dagrun for dataset_consumes_1_and_2 to None, run_after=None
[2024-03-14T17:30:28.439+0000] {logging_mixin.py:154} INFO - [2024-03-14T17:30:28.439+0000] {dag.py:3722} INFO - Setting next_dagrun for dataset_consumes_1_never_scheduled to None, run_after=None
[2024-03-14T17:30:28.440+0000] {logging_mixin.py:154} INFO - [2024-03-14T17:30:28.440+0000] {dag.py:3722} INFO - Setting next_dagrun for dataset_consumes_unknown_never_scheduled to None, run_after=None
[2024-03-14T17:30:28.441+0000] {logging_mixin.py:154} INFO - [2024-03-14T17:30:28.441+0000] {dag.py:3722} INFO - Setting next_dagrun for dataset_produces_1 to 2024-03-13T00:00:00+00:00, run_after=2024-03-14T00:00:00+00:00
[2024-03-14T17:30:28.442+0000] {logging_mixin.py:154} INFO - [2024-03-14T17:30:28.442+0000] {dag.py:3722} INFO - Setting next_dagrun for dataset_produces_2 to None, run_after=None
[2024-03-14T17:30:28.457+0000] {processor.py:179} INFO - Processing /home/airflow/.local/lib/python3.10/site-packages/airflow/example_dags/example_datasets.py took 0.059 seconds
