[2024-03-14T17:29:26.160+0000] {processor.py:157} INFO - Started process (PID=63) to work on /home/airflow/.local/lib/python3.10/site-packages/airflow/example_dags/example_trigger_controller_dag.py
[2024-03-14T17:29:26.161+0000] {processor.py:829} INFO - Processing file /home/airflow/.local/lib/python3.10/site-packages/airflow/example_dags/example_trigger_controller_dag.py for tasks to queue
[2024-03-14T17:29:26.162+0000] {logging_mixin.py:154} INFO - [2024-03-14T17:29:26.161+0000] {dagbag.py:536} INFO - Filling up the DagBag from /home/airflow/.local/lib/python3.10/site-packages/airflow/example_dags/example_trigger_controller_dag.py
[2024-03-14T17:29:26.164+0000] {processor.py:839} INFO - DAG(s) dict_keys(['example_trigger_controller_dag']) retrieved from /home/airflow/.local/lib/python3.10/site-packages/airflow/example_dags/example_trigger_controller_dag.py
[2024-03-14T17:29:26.224+0000] {logging_mixin.py:154} INFO - [2024-03-14T17:29:26.223+0000] {manager.py:499} INFO - Created Permission View: %s
[2024-03-14T17:29:26.228+0000] {logging_mixin.py:154} INFO - [2024-03-14T17:29:26.228+0000] {manager.py:499} INFO - Created Permission View: %s
[2024-03-14T17:29:26.231+0000] {logging_mixin.py:154} INFO - [2024-03-14T17:29:26.231+0000] {manager.py:499} INFO - Created Permission View: %s
[2024-03-14T17:29:26.231+0000] {logging_mixin.py:154} INFO - [2024-03-14T17:29:26.231+0000] {dag.py:2941} INFO - Sync 1 DAGs
[2024-03-14T17:29:26.237+0000] {logging_mixin.py:154} INFO - [2024-03-14T17:29:26.237+0000] {dag.py:2963} INFO - Creating ORM DAG for example_trigger_controller_dag
[2024-03-14T17:29:26.242+0000] {logging_mixin.py:154} INFO - [2024-03-14T17:29:26.242+0000] {dag.py:3722} INFO - Setting next_dagrun for example_trigger_controller_dag to 2021-01-01T00:00:00+00:00, run_after=2021-01-01T00:00:00+00:00
[2024-03-14T17:29:26.250+0000] {processor.py:179} INFO - Processing /home/airflow/.local/lib/python3.10/site-packages/airflow/example_dags/example_trigger_controller_dag.py took 0.092 seconds
[2024-03-14T17:29:56.543+0000] {processor.py:157} INFO - Started process (PID=117) to work on /home/airflow/.local/lib/python3.10/site-packages/airflow/example_dags/example_trigger_controller_dag.py
[2024-03-14T17:29:56.543+0000] {processor.py:829} INFO - Processing file /home/airflow/.local/lib/python3.10/site-packages/airflow/example_dags/example_trigger_controller_dag.py for tasks to queue
[2024-03-14T17:29:56.545+0000] {logging_mixin.py:154} INFO - [2024-03-14T17:29:56.544+0000] {dagbag.py:536} INFO - Filling up the DagBag from /home/airflow/.local/lib/python3.10/site-packages/airflow/example_dags/example_trigger_controller_dag.py
[2024-03-14T17:29:56.548+0000] {processor.py:839} INFO - DAG(s) dict_keys(['example_trigger_controller_dag']) retrieved from /home/airflow/.local/lib/python3.10/site-packages/airflow/example_dags/example_trigger_controller_dag.py
[2024-03-14T17:29:56.561+0000] {logging_mixin.py:154} INFO - [2024-03-14T17:29:56.561+0000] {dag.py:2941} INFO - Sync 1 DAGs
[2024-03-14T17:29:56.574+0000] {logging_mixin.py:154} INFO - [2024-03-14T17:29:56.574+0000] {dag.py:3722} INFO - Setting next_dagrun for example_trigger_controller_dag to 2021-01-01T00:00:00+00:00, run_after=2021-01-01T00:00:00+00:00
[2024-03-14T17:29:56.585+0000] {processor.py:179} INFO - Processing /home/airflow/.local/lib/python3.10/site-packages/airflow/example_dags/example_trigger_controller_dag.py took 0.045 seconds
[2024-03-14T17:30:27.103+0000] {processor.py:157} INFO - Started process (PID=171) to work on /home/airflow/.local/lib/python3.10/site-packages/airflow/example_dags/example_trigger_controller_dag.py
[2024-03-14T17:30:27.104+0000] {processor.py:829} INFO - Processing file /home/airflow/.local/lib/python3.10/site-packages/airflow/example_dags/example_trigger_controller_dag.py for tasks to queue
[2024-03-14T17:30:27.105+0000] {logging_mixin.py:154} INFO - [2024-03-14T17:30:27.105+0000] {dagbag.py:536} INFO - Filling up the DagBag from /home/airflow/.local/lib/python3.10/site-packages/airflow/example_dags/example_trigger_controller_dag.py
[2024-03-14T17:30:27.108+0000] {processor.py:839} INFO - DAG(s) dict_keys(['example_trigger_controller_dag']) retrieved from /home/airflow/.local/lib/python3.10/site-packages/airflow/example_dags/example_trigger_controller_dag.py
[2024-03-14T17:30:27.120+0000] {logging_mixin.py:154} INFO - [2024-03-14T17:30:27.120+0000] {dag.py:2941} INFO - Sync 1 DAGs
[2024-03-14T17:30:27.132+0000] {logging_mixin.py:154} INFO - [2024-03-14T17:30:27.131+0000] {dag.py:3722} INFO - Setting next_dagrun for example_trigger_controller_dag to 2021-01-01T00:00:00+00:00, run_after=2021-01-01T00:00:00+00:00
[2024-03-14T17:30:27.140+0000] {processor.py:179} INFO - Processing /home/airflow/.local/lib/python3.10/site-packages/airflow/example_dags/example_trigger_controller_dag.py took 0.039 seconds
