[2024-03-14T17:29:25.904+0000] {processor.py:157} INFO - Started process (PID=59) to work on /home/airflow/.local/lib/python3.10/site-packages/airflow/example_dags/example_dag_decorator.py
[2024-03-14T17:29:25.904+0000] {processor.py:829} INFO - Processing file /home/airflow/.local/lib/python3.10/site-packages/airflow/example_dags/example_dag_decorator.py for tasks to queue
[2024-03-14T17:29:25.905+0000] {logging_mixin.py:154} INFO - [2024-03-14T17:29:25.905+0000] {dagbag.py:536} INFO - Filling up the DagBag from /home/airflow/.local/lib/python3.10/site-packages/airflow/example_dags/example_dag_decorator.py
[2024-03-14T17:29:25.913+0000] {processor.py:839} INFO - DAG(s) dict_keys(['example_dag_decorator']) retrieved from /home/airflow/.local/lib/python3.10/site-packages/airflow/example_dags/example_dag_decorator.py
[2024-03-14T17:29:25.980+0000] {logging_mixin.py:154} INFO - [2024-03-14T17:29:25.980+0000] {manager.py:499} INFO - Created Permission View: %s
[2024-03-14T17:29:25.985+0000] {logging_mixin.py:154} INFO - [2024-03-14T17:29:25.985+0000] {manager.py:499} INFO - Created Permission View: %s
[2024-03-14T17:29:25.988+0000] {logging_mixin.py:154} INFO - [2024-03-14T17:29:25.988+0000] {manager.py:499} INFO - Created Permission View: %s
[2024-03-14T17:29:25.988+0000] {logging_mixin.py:154} INFO - [2024-03-14T17:29:25.988+0000] {dag.py:2941} INFO - Sync 1 DAGs
[2024-03-14T17:29:25.996+0000] {logging_mixin.py:154} INFO - [2024-03-14T17:29:25.996+0000] {dag.py:2963} INFO - Creating ORM DAG for example_dag_decorator
[2024-03-14T17:29:25.996+0000] {logging_mixin.py:154} INFO - [2024-03-14T17:29:25.996+0000] {dag.py:3722} INFO - Setting next_dagrun for example_dag_decorator to None, run_after=None
[2024-03-14T17:29:26.006+0000] {processor.py:179} INFO - Processing /home/airflow/.local/lib/python3.10/site-packages/airflow/example_dags/example_dag_decorator.py took 0.104 seconds
[2024-03-14T17:29:56.403+0000] {processor.py:157} INFO - Started process (PID=113) to work on /home/airflow/.local/lib/python3.10/site-packages/airflow/example_dags/example_dag_decorator.py
[2024-03-14T17:29:56.404+0000] {processor.py:829} INFO - Processing file /home/airflow/.local/lib/python3.10/site-packages/airflow/example_dags/example_dag_decorator.py for tasks to queue
[2024-03-14T17:29:56.405+0000] {logging_mixin.py:154} INFO - [2024-03-14T17:29:56.405+0000] {dagbag.py:536} INFO - Filling up the DagBag from /home/airflow/.local/lib/python3.10/site-packages/airflow/example_dags/example_dag_decorator.py
[2024-03-14T17:29:56.412+0000] {processor.py:839} INFO - DAG(s) dict_keys(['example_dag_decorator']) retrieved from /home/airflow/.local/lib/python3.10/site-packages/airflow/example_dags/example_dag_decorator.py
[2024-03-14T17:29:56.473+0000] {logging_mixin.py:154} INFO - [2024-03-14T17:29:56.473+0000] {dag.py:2941} INFO - Sync 1 DAGs
[2024-03-14T17:29:56.480+0000] {logging_mixin.py:154} INFO - [2024-03-14T17:29:56.480+0000] {dag.py:3722} INFO - Setting next_dagrun for example_dag_decorator to None, run_after=None
[2024-03-14T17:29:56.489+0000] {processor.py:179} INFO - Processing /home/airflow/.local/lib/python3.10/site-packages/airflow/example_dags/example_dag_decorator.py took 0.088 seconds
[2024-03-14T17:30:26.972+0000] {processor.py:157} INFO - Started process (PID=167) to work on /home/airflow/.local/lib/python3.10/site-packages/airflow/example_dags/example_dag_decorator.py
[2024-03-14T17:30:26.973+0000] {processor.py:829} INFO - Processing file /home/airflow/.local/lib/python3.10/site-packages/airflow/example_dags/example_dag_decorator.py for tasks to queue
[2024-03-14T17:30:26.974+0000] {logging_mixin.py:154} INFO - [2024-03-14T17:30:26.974+0000] {dagbag.py:536} INFO - Filling up the DagBag from /home/airflow/.local/lib/python3.10/site-packages/airflow/example_dags/example_dag_decorator.py
[2024-03-14T17:30:26.981+0000] {processor.py:839} INFO - DAG(s) dict_keys(['example_dag_decorator']) retrieved from /home/airflow/.local/lib/python3.10/site-packages/airflow/example_dags/example_dag_decorator.py
[2024-03-14T17:30:27.041+0000] {logging_mixin.py:154} INFO - [2024-03-14T17:30:27.041+0000] {dag.py:2941} INFO - Sync 1 DAGs
[2024-03-14T17:30:27.051+0000] {logging_mixin.py:154} INFO - [2024-03-14T17:30:27.050+0000] {dag.py:3722} INFO - Setting next_dagrun for example_dag_decorator to None, run_after=None
[2024-03-14T17:30:27.067+0000] {processor.py:179} INFO - Processing /home/airflow/.local/lib/python3.10/site-packages/airflow/example_dags/example_dag_decorator.py took 0.097 seconds
