[2024-03-14T17:29:24.503+0000] {processor.py:157} INFO - Started process (PID=40) to work on /home/airflow/.local/lib/python3.10/site-packages/airflow/example_dags/example_sensors.py
[2024-03-14T17:29:24.503+0000] {processor.py:829} INFO - Processing file /home/airflow/.local/lib/python3.10/site-packages/airflow/example_dags/example_sensors.py for tasks to queue
[2024-03-14T17:29:24.504+0000] {logging_mixin.py:154} INFO - [2024-03-14T17:29:24.504+0000] {dagbag.py:536} INFO - Filling up the DagBag from /home/airflow/.local/lib/python3.10/site-packages/airflow/example_dags/example_sensors.py
[2024-03-14T17:29:24.517+0000] {processor.py:839} INFO - DAG(s) dict_keys(['example_sensors']) retrieved from /home/airflow/.local/lib/python3.10/site-packages/airflow/example_dags/example_sensors.py
[2024-03-14T17:29:24.639+0000] {logging_mixin.py:154} INFO - [2024-03-14T17:29:24.639+0000] {manager.py:499} INFO - Created Permission View: %s
[2024-03-14T17:29:24.644+0000] {logging_mixin.py:154} INFO - [2024-03-14T17:29:24.644+0000] {manager.py:499} INFO - Created Permission View: %s
[2024-03-14T17:29:24.647+0000] {logging_mixin.py:154} INFO - [2024-03-14T17:29:24.647+0000] {manager.py:499} INFO - Created Permission View: %s
[2024-03-14T17:29:24.648+0000] {logging_mixin.py:154} INFO - [2024-03-14T17:29:24.648+0000] {dag.py:2941} INFO - Sync 1 DAGs
[2024-03-14T17:29:24.655+0000] {logging_mixin.py:154} INFO - [2024-03-14T17:29:24.655+0000] {dag.py:2963} INFO - Creating ORM DAG for example_sensors
[2024-03-14T17:29:24.656+0000] {logging_mixin.py:154} INFO - [2024-03-14T17:29:24.656+0000] {dag.py:3722} INFO - Setting next_dagrun for example_sensors to None, run_after=None
[2024-03-14T17:29:24.668+0000] {processor.py:179} INFO - Processing /home/airflow/.local/lib/python3.10/site-packages/airflow/example_dags/example_sensors.py took 0.167 seconds
[2024-03-14T17:29:54.692+0000] {processor.py:157} INFO - Started process (PID=93) to work on /home/airflow/.local/lib/python3.10/site-packages/airflow/example_dags/example_sensors.py
[2024-03-14T17:29:54.698+0000] {processor.py:829} INFO - Processing file /home/airflow/.local/lib/python3.10/site-packages/airflow/example_dags/example_sensors.py for tasks to queue
[2024-03-14T17:29:54.699+0000] {logging_mixin.py:154} INFO - [2024-03-14T17:29:54.699+0000] {dagbag.py:536} INFO - Filling up the DagBag from /home/airflow/.local/lib/python3.10/site-packages/airflow/example_dags/example_sensors.py
[2024-03-14T17:29:54.704+0000] {processor.py:839} INFO - DAG(s) dict_keys(['example_sensors']) retrieved from /home/airflow/.local/lib/python3.10/site-packages/airflow/example_dags/example_sensors.py
[2024-03-14T17:29:54.719+0000] {logging_mixin.py:154} INFO - [2024-03-14T17:29:54.719+0000] {dag.py:2941} INFO - Sync 1 DAGs
[2024-03-14T17:29:54.725+0000] {logging_mixin.py:154} INFO - [2024-03-14T17:29:54.725+0000] {dag.py:3722} INFO - Setting next_dagrun for example_sensors to None, run_after=None
[2024-03-14T17:29:54.734+0000] {processor.py:179} INFO - Processing /home/airflow/.local/lib/python3.10/site-packages/airflow/example_dags/example_sensors.py took 0.045 seconds
[2024-03-14T17:30:25.306+0000] {processor.py:157} INFO - Started process (PID=148) to work on /home/airflow/.local/lib/python3.10/site-packages/airflow/example_dags/example_sensors.py
[2024-03-14T17:30:25.307+0000] {processor.py:829} INFO - Processing file /home/airflow/.local/lib/python3.10/site-packages/airflow/example_dags/example_sensors.py for tasks to queue
[2024-03-14T17:30:25.308+0000] {logging_mixin.py:154} INFO - [2024-03-14T17:30:25.308+0000] {dagbag.py:536} INFO - Filling up the DagBag from /home/airflow/.local/lib/python3.10/site-packages/airflow/example_dags/example_sensors.py
[2024-03-14T17:30:25.313+0000] {processor.py:839} INFO - DAG(s) dict_keys(['example_sensors']) retrieved from /home/airflow/.local/lib/python3.10/site-packages/airflow/example_dags/example_sensors.py
[2024-03-14T17:30:25.328+0000] {logging_mixin.py:154} INFO - [2024-03-14T17:30:25.328+0000] {dag.py:2941} INFO - Sync 1 DAGs
[2024-03-14T17:30:25.335+0000] {logging_mixin.py:154} INFO - [2024-03-14T17:30:25.334+0000] {dag.py:3722} INFO - Setting next_dagrun for example_sensors to None, run_after=None
[2024-03-14T17:30:25.343+0000] {processor.py:179} INFO - Processing /home/airflow/.local/lib/python3.10/site-packages/airflow/example_dags/example_sensors.py took 0.039 seconds
