[2024-03-14T17:29:25.269+0000] {processor.py:157} INFO - Started process (PID=49) to work on /home/airflow/.local/lib/python3.10/site-packages/airflow/example_dags/example_branch_operator_decorator.py
[2024-03-14T17:29:25.269+0000] {processor.py:829} INFO - Processing file /home/airflow/.local/lib/python3.10/site-packages/airflow/example_dags/example_branch_operator_decorator.py for tasks to queue
[2024-03-14T17:29:25.270+0000] {logging_mixin.py:154} INFO - [2024-03-14T17:29:25.270+0000] {dagbag.py:536} INFO - Filling up the DagBag from /home/airflow/.local/lib/python3.10/site-packages/airflow/example_dags/example_branch_operator_decorator.py
[2024-03-14T17:29:25.279+0000] {processor.py:839} INFO - DAG(s) dict_keys(['example_branch_python_operator_decorator']) retrieved from /home/airflow/.local/lib/python3.10/site-packages/airflow/example_dags/example_branch_operator_decorator.py
[2024-03-14T17:29:25.346+0000] {logging_mixin.py:154} INFO - [2024-03-14T17:29:25.346+0000] {manager.py:499} INFO - Created Permission View: %s
[2024-03-14T17:29:25.351+0000] {logging_mixin.py:154} INFO - [2024-03-14T17:29:25.351+0000] {manager.py:499} INFO - Created Permission View: %s
[2024-03-14T17:29:25.353+0000] {logging_mixin.py:154} INFO - [2024-03-14T17:29:25.353+0000] {manager.py:499} INFO - Created Permission View: %s
[2024-03-14T17:29:25.353+0000] {logging_mixin.py:154} INFO - [2024-03-14T17:29:25.353+0000] {dag.py:2941} INFO - Sync 1 DAGs
[2024-03-14T17:29:25.361+0000] {logging_mixin.py:154} INFO - [2024-03-14T17:29:25.360+0000] {dag.py:2963} INFO - Creating ORM DAG for example_branch_python_operator_decorator
[2024-03-14T17:29:25.367+0000] {logging_mixin.py:154} INFO - [2024-03-14T17:29:25.367+0000] {dag.py:3722} INFO - Setting next_dagrun for example_branch_python_operator_decorator to 2024-03-13T00:00:00+00:00, run_after=2024-03-14T00:00:00+00:00
[2024-03-14T17:29:25.375+0000] {processor.py:179} INFO - Processing /home/airflow/.local/lib/python3.10/site-packages/airflow/example_dags/example_branch_operator_decorator.py took 0.109 seconds
[2024-03-14T17:29:56.060+0000] {processor.py:157} INFO - Started process (PID=103) to work on /home/airflow/.local/lib/python3.10/site-packages/airflow/example_dags/example_branch_operator_decorator.py
[2024-03-14T17:29:56.061+0000] {processor.py:829} INFO - Processing file /home/airflow/.local/lib/python3.10/site-packages/airflow/example_dags/example_branch_operator_decorator.py for tasks to queue
[2024-03-14T17:29:56.062+0000] {logging_mixin.py:154} INFO - [2024-03-14T17:29:56.062+0000] {dagbag.py:536} INFO - Filling up the DagBag from /home/airflow/.local/lib/python3.10/site-packages/airflow/example_dags/example_branch_operator_decorator.py
[2024-03-14T17:29:56.069+0000] {processor.py:839} INFO - DAG(s) dict_keys(['example_branch_python_operator_decorator']) retrieved from /home/airflow/.local/lib/python3.10/site-packages/airflow/example_dags/example_branch_operator_decorator.py
[2024-03-14T17:29:56.082+0000] {logging_mixin.py:154} INFO - [2024-03-14T17:29:56.082+0000] {dag.py:2941} INFO - Sync 1 DAGs
[2024-03-14T17:29:56.095+0000] {logging_mixin.py:154} INFO - [2024-03-14T17:29:56.095+0000] {dag.py:3722} INFO - Setting next_dagrun for example_branch_python_operator_decorator to 2024-03-13T00:00:00+00:00, run_after=2024-03-14T00:00:00+00:00
[2024-03-14T17:29:56.104+0000] {processor.py:179} INFO - Processing /home/airflow/.local/lib/python3.10/site-packages/airflow/example_dags/example_branch_operator_decorator.py took 0.045 seconds
[2024-03-14T17:30:26.624+0000] {processor.py:157} INFO - Started process (PID=157) to work on /home/airflow/.local/lib/python3.10/site-packages/airflow/example_dags/example_branch_operator_decorator.py
[2024-03-14T17:30:26.625+0000] {processor.py:829} INFO - Processing file /home/airflow/.local/lib/python3.10/site-packages/airflow/example_dags/example_branch_operator_decorator.py for tasks to queue
[2024-03-14T17:30:26.626+0000] {logging_mixin.py:154} INFO - [2024-03-14T17:30:26.626+0000] {dagbag.py:536} INFO - Filling up the DagBag from /home/airflow/.local/lib/python3.10/site-packages/airflow/example_dags/example_branch_operator_decorator.py
[2024-03-14T17:30:26.632+0000] {processor.py:839} INFO - DAG(s) dict_keys(['example_branch_python_operator_decorator']) retrieved from /home/airflow/.local/lib/python3.10/site-packages/airflow/example_dags/example_branch_operator_decorator.py
[2024-03-14T17:30:26.646+0000] {logging_mixin.py:154} INFO - [2024-03-14T17:30:26.646+0000] {dag.py:2941} INFO - Sync 1 DAGs
[2024-03-14T17:30:26.659+0000] {logging_mixin.py:154} INFO - [2024-03-14T17:30:26.659+0000] {dag.py:3722} INFO - Setting next_dagrun for example_branch_python_operator_decorator to 2024-03-13T00:00:00+00:00, run_after=2024-03-14T00:00:00+00:00
[2024-03-14T17:30:26.667+0000] {processor.py:179} INFO - Processing /home/airflow/.local/lib/python3.10/site-packages/airflow/example_dags/example_branch_operator_decorator.py took 0.045 seconds
