[2024-03-14T17:29:27.284+0000] {processor.py:157} INFO - Started process (PID=77) to work on /home/airflow/.local/lib/python3.10/site-packages/airflow/example_dags/example_xcom.py
[2024-03-14T17:29:27.284+0000] {processor.py:829} INFO - Processing file /home/airflow/.local/lib/python3.10/site-packages/airflow/example_dags/example_xcom.py for tasks to queue
[2024-03-14T17:29:27.285+0000] {logging_mixin.py:154} INFO - [2024-03-14T17:29:27.285+0000] {dagbag.py:536} INFO - Filling up the DagBag from /home/airflow/.local/lib/python3.10/site-packages/airflow/example_dags/example_xcom.py
[2024-03-14T17:29:27.290+0000] {processor.py:839} INFO - DAG(s) dict_keys(['example_xcom']) retrieved from /home/airflow/.local/lib/python3.10/site-packages/airflow/example_dags/example_xcom.py
[2024-03-14T17:29:27.351+0000] {logging_mixin.py:154} INFO - [2024-03-14T17:29:27.351+0000] {manager.py:499} INFO - Created Permission View: %s
[2024-03-14T17:29:27.355+0000] {logging_mixin.py:154} INFO - [2024-03-14T17:29:27.355+0000] {manager.py:499} INFO - Created Permission View: %s
[2024-03-14T17:29:27.358+0000] {logging_mixin.py:154} INFO - [2024-03-14T17:29:27.358+0000] {manager.py:499} INFO - Created Permission View: %s
[2024-03-14T17:29:27.358+0000] {logging_mixin.py:154} INFO - [2024-03-14T17:29:27.358+0000] {dag.py:2941} INFO - Sync 1 DAGs
[2024-03-14T17:29:27.364+0000] {logging_mixin.py:154} INFO - [2024-03-14T17:29:27.364+0000] {dag.py:2963} INFO - Creating ORM DAG for example_xcom
[2024-03-14T17:29:27.369+0000] {logging_mixin.py:154} INFO - [2024-03-14T17:29:27.369+0000] {dag.py:3722} INFO - Setting next_dagrun for example_xcom to 2021-01-01T00:00:00+00:00, run_after=2021-01-01T00:00:00+00:00
[2024-03-14T17:29:27.376+0000] {processor.py:179} INFO - Processing /home/airflow/.local/lib/python3.10/site-packages/airflow/example_dags/example_xcom.py took 0.095 seconds
[2024-03-14T17:29:58.002+0000] {processor.py:157} INFO - Started process (PID=131) to work on /home/airflow/.local/lib/python3.10/site-packages/airflow/example_dags/example_xcom.py
[2024-03-14T17:29:58.002+0000] {processor.py:829} INFO - Processing file /home/airflow/.local/lib/python3.10/site-packages/airflow/example_dags/example_xcom.py for tasks to queue
[2024-03-14T17:29:58.003+0000] {logging_mixin.py:154} INFO - [2024-03-14T17:29:58.003+0000] {dagbag.py:536} INFO - Filling up the DagBag from /home/airflow/.local/lib/python3.10/site-packages/airflow/example_dags/example_xcom.py
[2024-03-14T17:29:58.008+0000] {processor.py:839} INFO - DAG(s) dict_keys(['example_xcom']) retrieved from /home/airflow/.local/lib/python3.10/site-packages/airflow/example_dags/example_xcom.py
[2024-03-14T17:29:58.020+0000] {logging_mixin.py:154} INFO - [2024-03-14T17:29:58.020+0000] {dag.py:2941} INFO - Sync 1 DAGs
[2024-03-14T17:29:58.032+0000] {logging_mixin.py:154} INFO - [2024-03-14T17:29:58.032+0000] {dag.py:3722} INFO - Setting next_dagrun for example_xcom to 2021-01-01T00:00:00+00:00, run_after=2021-01-01T00:00:00+00:00
[2024-03-14T17:29:58.041+0000] {processor.py:179} INFO - Processing /home/airflow/.local/lib/python3.10/site-packages/airflow/example_dags/example_xcom.py took 0.042 seconds
[2024-03-14T17:30:28.538+0000] {processor.py:157} INFO - Started process (PID=185) to work on /home/airflow/.local/lib/python3.10/site-packages/airflow/example_dags/example_xcom.py
[2024-03-14T17:30:28.538+0000] {processor.py:829} INFO - Processing file /home/airflow/.local/lib/python3.10/site-packages/airflow/example_dags/example_xcom.py for tasks to queue
[2024-03-14T17:30:28.539+0000] {logging_mixin.py:154} INFO - [2024-03-14T17:30:28.539+0000] {dagbag.py:536} INFO - Filling up the DagBag from /home/airflow/.local/lib/python3.10/site-packages/airflow/example_dags/example_xcom.py
[2024-03-14T17:30:28.544+0000] {processor.py:839} INFO - DAG(s) dict_keys(['example_xcom']) retrieved from /home/airflow/.local/lib/python3.10/site-packages/airflow/example_dags/example_xcom.py
[2024-03-14T17:30:28.556+0000] {logging_mixin.py:154} INFO - [2024-03-14T17:30:28.556+0000] {dag.py:2941} INFO - Sync 1 DAGs
[2024-03-14T17:30:28.567+0000] {logging_mixin.py:154} INFO - [2024-03-14T17:30:28.567+0000] {dag.py:3722} INFO - Setting next_dagrun for example_xcom to 2021-01-01T00:00:00+00:00, run_after=2021-01-01T00:00:00+00:00
[2024-03-14T17:30:28.576+0000] {processor.py:179} INFO - Processing /home/airflow/.local/lib/python3.10/site-packages/airflow/example_dags/example_xcom.py took 0.040 seconds
