[2024-03-14T17:29:27.067+0000] {processor.py:157} INFO - Started process (PID=73) to work on /home/airflow/.local/lib/python3.10/site-packages/airflow/example_dags/tutorial_taskflow_api.py
[2024-03-14T17:29:27.067+0000] {processor.py:829} INFO - Processing file /home/airflow/.local/lib/python3.10/site-packages/airflow/example_dags/tutorial_taskflow_api.py for tasks to queue
[2024-03-14T17:29:27.068+0000] {logging_mixin.py:154} INFO - [2024-03-14T17:29:27.068+0000] {dagbag.py:536} INFO - Filling up the DagBag from /home/airflow/.local/lib/python3.10/site-packages/airflow/example_dags/tutorial_taskflow_api.py
[2024-03-14T17:29:27.072+0000] {processor.py:839} INFO - DAG(s) dict_keys(['tutorial_taskflow_api']) retrieved from /home/airflow/.local/lib/python3.10/site-packages/airflow/example_dags/tutorial_taskflow_api.py
[2024-03-14T17:29:27.132+0000] {logging_mixin.py:154} INFO - [2024-03-14T17:29:27.131+0000] {manager.py:499} INFO - Created Permission View: %s
[2024-03-14T17:29:27.136+0000] {logging_mixin.py:154} INFO - [2024-03-14T17:29:27.136+0000] {manager.py:499} INFO - Created Permission View: %s
[2024-03-14T17:29:27.139+0000] {logging_mixin.py:154} INFO - [2024-03-14T17:29:27.139+0000] {manager.py:499} INFO - Created Permission View: %s
[2024-03-14T17:29:27.139+0000] {logging_mixin.py:154} INFO - [2024-03-14T17:29:27.139+0000] {dag.py:2941} INFO - Sync 1 DAGs
[2024-03-14T17:29:27.145+0000] {logging_mixin.py:154} INFO - [2024-03-14T17:29:27.145+0000] {dag.py:2963} INFO - Creating ORM DAG for tutorial_taskflow_api
[2024-03-14T17:29:27.145+0000] {logging_mixin.py:154} INFO - [2024-03-14T17:29:27.145+0000] {dag.py:3722} INFO - Setting next_dagrun for tutorial_taskflow_api to None, run_after=None
[2024-03-14T17:29:27.153+0000] {processor.py:179} INFO - Processing /home/airflow/.local/lib/python3.10/site-packages/airflow/example_dags/tutorial_taskflow_api.py took 0.089 seconds
[2024-03-14T17:29:57.837+0000] {processor.py:157} INFO - Started process (PID=127) to work on /home/airflow/.local/lib/python3.10/site-packages/airflow/example_dags/tutorial_taskflow_api.py
[2024-03-14T17:29:57.838+0000] {processor.py:829} INFO - Processing file /home/airflow/.local/lib/python3.10/site-packages/airflow/example_dags/tutorial_taskflow_api.py for tasks to queue
[2024-03-14T17:29:57.839+0000] {logging_mixin.py:154} INFO - [2024-03-14T17:29:57.839+0000] {dagbag.py:536} INFO - Filling up the DagBag from /home/airflow/.local/lib/python3.10/site-packages/airflow/example_dags/tutorial_taskflow_api.py
[2024-03-14T17:29:57.843+0000] {processor.py:839} INFO - DAG(s) dict_keys(['tutorial_taskflow_api']) retrieved from /home/airflow/.local/lib/python3.10/site-packages/airflow/example_dags/tutorial_taskflow_api.py
[2024-03-14T17:29:57.855+0000] {logging_mixin.py:154} INFO - [2024-03-14T17:29:57.855+0000] {dag.py:2941} INFO - Sync 1 DAGs
[2024-03-14T17:29:57.862+0000] {logging_mixin.py:154} INFO - [2024-03-14T17:29:57.862+0000] {dag.py:3722} INFO - Setting next_dagrun for tutorial_taskflow_api to None, run_after=None
[2024-03-14T17:29:57.872+0000] {processor.py:179} INFO - Processing /home/airflow/.local/lib/python3.10/site-packages/airflow/example_dags/tutorial_taskflow_api.py took 0.037 seconds
[2024-03-14T17:30:28.433+0000] {processor.py:157} INFO - Started process (PID=181) to work on /home/airflow/.local/lib/python3.10/site-packages/airflow/example_dags/tutorial_taskflow_api.py
[2024-03-14T17:30:28.433+0000] {processor.py:829} INFO - Processing file /home/airflow/.local/lib/python3.10/site-packages/airflow/example_dags/tutorial_taskflow_api.py for tasks to queue
[2024-03-14T17:30:28.434+0000] {logging_mixin.py:154} INFO - [2024-03-14T17:30:28.434+0000] {dagbag.py:536} INFO - Filling up the DagBag from /home/airflow/.local/lib/python3.10/site-packages/airflow/example_dags/tutorial_taskflow_api.py
[2024-03-14T17:30:28.438+0000] {processor.py:839} INFO - DAG(s) dict_keys(['tutorial_taskflow_api']) retrieved from /home/airflow/.local/lib/python3.10/site-packages/airflow/example_dags/tutorial_taskflow_api.py
[2024-03-14T17:30:28.450+0000] {logging_mixin.py:154} INFO - [2024-03-14T17:30:28.450+0000] {dag.py:2941} INFO - Sync 1 DAGs
[2024-03-14T17:30:28.456+0000] {logging_mixin.py:154} INFO - [2024-03-14T17:30:28.456+0000] {dag.py:3722} INFO - Setting next_dagrun for tutorial_taskflow_api to None, run_after=None
[2024-03-14T17:30:28.465+0000] {processor.py:179} INFO - Processing /home/airflow/.local/lib/python3.10/site-packages/airflow/example_dags/tutorial_taskflow_api.py took 0.035 seconds
