[2024-03-14T17:29:26.759+0000] {processor.py:157} INFO - Started process (PID=71) to work on /home/airflow/.local/lib/python3.10/site-packages/airflow/example_dags/tutorial.py
[2024-03-14T17:29:26.759+0000] {processor.py:829} INFO - Processing file /home/airflow/.local/lib/python3.10/site-packages/airflow/example_dags/tutorial.py for tasks to queue
[2024-03-14T17:29:26.760+0000] {logging_mixin.py:154} INFO - [2024-03-14T17:29:26.760+0000] {dagbag.py:536} INFO - Filling up the DagBag from /home/airflow/.local/lib/python3.10/site-packages/airflow/example_dags/tutorial.py
[2024-03-14T17:29:26.764+0000] {processor.py:839} INFO - DAG(s) dict_keys(['tutorial']) retrieved from /home/airflow/.local/lib/python3.10/site-packages/airflow/example_dags/tutorial.py
[2024-03-14T17:29:26.824+0000] {logging_mixin.py:154} INFO - [2024-03-14T17:29:26.824+0000] {manager.py:499} INFO - Created Permission View: %s
[2024-03-14T17:29:26.829+0000] {logging_mixin.py:154} INFO - [2024-03-14T17:29:26.829+0000] {manager.py:499} INFO - Created Permission View: %s
[2024-03-14T17:29:26.832+0000] {logging_mixin.py:154} INFO - [2024-03-14T17:29:26.832+0000] {manager.py:499} INFO - Created Permission View: %s
[2024-03-14T17:29:26.832+0000] {logging_mixin.py:154} INFO - [2024-03-14T17:29:26.832+0000] {dag.py:2941} INFO - Sync 1 DAGs
[2024-03-14T17:29:26.841+0000] {logging_mixin.py:154} INFO - [2024-03-14T17:29:26.841+0000] {dag.py:2963} INFO - Creating ORM DAG for tutorial
[2024-03-14T17:29:26.848+0000] {logging_mixin.py:154} INFO - [2024-03-14T17:29:26.848+0000] {dag.py:3722} INFO - Setting next_dagrun for tutorial to 2024-03-13T17:29:26.847939+00:00, run_after=2024-03-14T17:29:26.847939+00:00
[2024-03-14T17:29:26.857+0000] {processor.py:179} INFO - Processing /home/airflow/.local/lib/python3.10/site-packages/airflow/example_dags/tutorial.py took 0.101 seconds
[2024-03-14T17:29:57.776+0000] {processor.py:157} INFO - Started process (PID=125) to work on /home/airflow/.local/lib/python3.10/site-packages/airflow/example_dags/tutorial.py
[2024-03-14T17:29:57.777+0000] {processor.py:829} INFO - Processing file /home/airflow/.local/lib/python3.10/site-packages/airflow/example_dags/tutorial.py for tasks to queue
[2024-03-14T17:29:57.778+0000] {logging_mixin.py:154} INFO - [2024-03-14T17:29:57.778+0000] {dagbag.py:536} INFO - Filling up the DagBag from /home/airflow/.local/lib/python3.10/site-packages/airflow/example_dags/tutorial.py
[2024-03-14T17:29:57.782+0000] {processor.py:839} INFO - DAG(s) dict_keys(['tutorial']) retrieved from /home/airflow/.local/lib/python3.10/site-packages/airflow/example_dags/tutorial.py
[2024-03-14T17:29:57.795+0000] {logging_mixin.py:154} INFO - [2024-03-14T17:29:57.795+0000] {dag.py:2941} INFO - Sync 1 DAGs
[2024-03-14T17:29:57.810+0000] {logging_mixin.py:154} INFO - [2024-03-14T17:29:57.810+0000] {dag.py:3722} INFO - Setting next_dagrun for tutorial to 2024-03-13T17:29:57.810144+00:00, run_after=2024-03-14T17:29:57.810144+00:00
[2024-03-14T17:29:57.820+0000] {processor.py:179} INFO - Processing /home/airflow/.local/lib/python3.10/site-packages/airflow/example_dags/tutorial.py took 0.046 seconds
[2024-03-14T17:30:28.377+0000] {processor.py:157} INFO - Started process (PID=179) to work on /home/airflow/.local/lib/python3.10/site-packages/airflow/example_dags/tutorial.py
[2024-03-14T17:30:28.377+0000] {processor.py:829} INFO - Processing file /home/airflow/.local/lib/python3.10/site-packages/airflow/example_dags/tutorial.py for tasks to queue
[2024-03-14T17:30:28.379+0000] {logging_mixin.py:154} INFO - [2024-03-14T17:30:28.378+0000] {dagbag.py:536} INFO - Filling up the DagBag from /home/airflow/.local/lib/python3.10/site-packages/airflow/example_dags/tutorial.py
[2024-03-14T17:30:28.382+0000] {processor.py:839} INFO - DAG(s) dict_keys(['tutorial']) retrieved from /home/airflow/.local/lib/python3.10/site-packages/airflow/example_dags/tutorial.py
[2024-03-14T17:30:28.395+0000] {logging_mixin.py:154} INFO - [2024-03-14T17:30:28.395+0000] {dag.py:2941} INFO - Sync 1 DAGs
[2024-03-14T17:30:28.407+0000] {logging_mixin.py:154} INFO - [2024-03-14T17:30:28.407+0000] {dag.py:3722} INFO - Setting next_dagrun for tutorial to 2024-03-13T17:30:28.407666+00:00, run_after=2024-03-14T17:30:28.407666+00:00
[2024-03-14T17:30:28.416+0000] {processor.py:179} INFO - Processing /home/airflow/.local/lib/python3.10/site-packages/airflow/example_dags/tutorial.py took 0.042 seconds
