[2024-04-14T15:47:49.663+0000] {taskinstance.py:1159} INFO - Dependencies all met for dep_context=non-requeueable deps ti=<TaskInstance: season.season scheduled__2023-01-01T00:00:00+00:00 [queued]>
[2024-04-14T15:47:49.669+0000] {taskinstance.py:1159} INFO - Dependencies all met for dep_context=requeueable deps ti=<TaskInstance: season.season scheduled__2023-01-01T00:00:00+00:00 [queued]>
[2024-04-14T15:47:49.669+0000] {taskinstance.py:1361} INFO - Starting attempt 1 of 1
[2024-04-14T15:47:49.841+0000] {taskinstance.py:1382} INFO - Executing <Task(PythonOperator): season> on 2023-01-01 00:00:00+00:00
[2024-04-14T15:47:49.847+0000] {standard_task_runner.py:57} INFO - Started process 78 to run task
[2024-04-14T15:47:49.850+0000] {standard_task_runner.py:84} INFO - Running: ['***', 'tasks', 'run', 'season', 'season', 'scheduled__2023-01-01T00:00:00+00:00', '--job-id', '144', '--raw', '--subdir', 'DAGS_FOLDER/get_seasons.py', '--cfg-path', '/tmp/tmpsmg0tbng']
[2024-04-14T15:47:49.850+0000] {standard_task_runner.py:85} INFO - Job 144: Subtask season
[2024-04-14T15:47:49.881+0000] {task_command.py:416} INFO - Running <TaskInstance: season.season scheduled__2023-01-01T00:00:00+00:00 [running]> on host f2c259bddea0
[2024-04-14T15:47:49.922+0000] {taskinstance.py:1662} INFO - Exporting env vars: AIRFLOW_CTX_DAG_OWNER='***' AIRFLOW_CTX_DAG_ID='season' AIRFLOW_CTX_TASK_ID='season' AIRFLOW_CTX_EXECUTION_DATE='2023-01-01T00:00:00+00:00' AIRFLOW_CTX_TRY_NUMBER='1' AIRFLOW_CTX_DAG_RUN_ID='scheduled__2023-01-01T00:00:00+00:00'
[2024-04-14T15:47:50.239+0000] {python.py:194} INFO - Done. Returned value was: {'label': '2023/24', 'id': 578.0}
[2024-04-14T15:47:50.252+0000] {taskinstance.py:1400} INFO - Marking task as SUCCESS. dag_id=season, task_id=season, execution_date=20230101T000000, start_date=20240414T154749, end_date=20240414T154750
[2024-04-14T15:47:50.302+0000] {local_task_job_runner.py:228} INFO - Task exited with return code 0
[2024-04-14T15:47:50.314+0000] {taskinstance.py:2778} INFO - 0 downstream tasks scheduled from follow-on schedule check
[2024-04-14T18:31:14.554+0000] {taskinstance.py:1159} INFO - Dependencies all met for dep_context=non-requeueable deps ti=<TaskInstance: season.season scheduled__2023-01-01T00:00:00+00:00 [queued]>
[2024-04-14T18:31:14.559+0000] {taskinstance.py:1159} INFO - Dependencies all met for dep_context=requeueable deps ti=<TaskInstance: season.season scheduled__2023-01-01T00:00:00+00:00 [queued]>
[2024-04-14T18:31:14.560+0000] {taskinstance.py:1361} INFO - Starting attempt 1 of 1
[2024-04-14T18:31:14.566+0000] {taskinstance.py:1382} INFO - Executing <Task(PythonOperator): season> on 2023-01-01 00:00:00+00:00
[2024-04-14T18:31:14.572+0000] {standard_task_runner.py:57} INFO - Started process 64 to run task
[2024-04-14T18:31:14.574+0000] {standard_task_runner.py:84} INFO - Running: ['***', 'tasks', 'run', 'season', 'season', 'scheduled__2023-01-01T00:00:00+00:00', '--job-id', '5', '--raw', '--subdir', 'DAGS_FOLDER/get_seasons.py', '--cfg-path', '/tmp/tmp698bmw86']
[2024-04-14T18:31:14.576+0000] {standard_task_runner.py:85} INFO - Job 5: Subtask season
[2024-04-14T18:31:14.604+0000] {task_command.py:416} INFO - Running <TaskInstance: season.season scheduled__2023-01-01T00:00:00+00:00 [running]> on host 23b0ecedd6dd
[2024-04-14T18:31:14.814+0000] {taskinstance.py:1662} INFO - Exporting env vars: AIRFLOW_CTX_DAG_OWNER='***' AIRFLOW_CTX_DAG_ID='season' AIRFLOW_CTX_TASK_ID='season' AIRFLOW_CTX_EXECUTION_DATE='2023-01-01T00:00:00+00:00' AIRFLOW_CTX_TRY_NUMBER='1' AIRFLOW_CTX_DAG_RUN_ID='scheduled__2023-01-01T00:00:00+00:00'
[2024-04-14T18:31:14.814+0000] {logging_mixin.py:154} INFO - es
[2024-04-14T18:31:14.814+0000] {python.py:194} INFO - Done. Returned value was: None
[2024-04-14T18:31:14.821+0000] {taskinstance.py:1400} INFO - Marking task as SUCCESS. dag_id=season, task_id=season, execution_date=20230101T000000, start_date=20240414T183114, end_date=20240414T183114
[2024-04-14T18:31:14.866+0000] {local_task_job_runner.py:228} INFO - Task exited with return code 0
[2024-04-14T18:31:14.880+0000] {taskinstance.py:2778} INFO - 1 downstream tasks scheduled from follow-on schedule check
[2024-04-20T18:51:02.985+0000] {local_task_job_runner.py:120} INFO - ::group::Pre task execution logs
[2024-04-20T18:51:03.000+0000] {taskinstance.py:2073} INFO - Dependencies all met for dep_context=non-requeueable deps ti=<TaskInstance: season.season scheduled__2023-01-01T00:00:00+00:00 [queued]>
[2024-04-20T18:51:03.004+0000] {taskinstance.py:2073} INFO - Dependencies all met for dep_context=requeueable deps ti=<TaskInstance: season.season scheduled__2023-01-01T00:00:00+00:00 [queued]>
[2024-04-20T18:51:03.004+0000] {taskinstance.py:2303} INFO - Starting attempt 1 of 1
[2024-04-20T18:51:03.011+0000] {taskinstance.py:2327} INFO - Executing <Task(PythonOperator): season> on 2023-01-01 00:00:00+00:00
[2024-04-20T18:51:03.018+0000] {warnings.py:110} WARNING - /home/***/.local/lib/python3.12/site-packages/***/task/task_runner/standard_task_runner.py:61: DeprecationWarning: This process (pid=56) is multi-threaded, use of fork() may lead to deadlocks in the child.
  pid = os.fork()

[2024-04-20T18:51:03.019+0000] {standard_task_runner.py:63} INFO - Started process 65 to run task
[2024-04-20T18:51:03.021+0000] {standard_task_runner.py:90} INFO - Running: ['***', 'tasks', 'run', 'season', 'season', 'scheduled__2023-01-01T00:00:00+00:00', '--job-id', '8', '--raw', '--subdir', 'DAGS_FOLDER/get_seasons.py', '--cfg-path', '/tmp/tmp6270njnj']
[2024-04-20T18:51:03.022+0000] {standard_task_runner.py:91} INFO - Job 8: Subtask season
[2024-04-20T18:51:03.051+0000] {task_command.py:426} INFO - Running <TaskInstance: season.season scheduled__2023-01-01T00:00:00+00:00 [running]> on host 4cf9e140f22c
[2024-04-20T18:51:03.110+0000] {taskinstance.py:2644} INFO - Exporting env vars: AIRFLOW_CTX_DAG_OWNER='***' AIRFLOW_CTX_DAG_ID='season' AIRFLOW_CTX_TASK_ID='season' AIRFLOW_CTX_EXECUTION_DATE='2023-01-01T00:00:00+00:00' AIRFLOW_CTX_TRY_NUMBER='1' AIRFLOW_CTX_DAG_RUN_ID='scheduled__2023-01-01T00:00:00+00:00'
[2024-04-20T18:51:03.111+0000] {taskinstance.py:430} INFO - ::endgroup::
[2024-04-20T18:51:03.111+0000] {logging_mixin.py:188} INFO - es
[2024-04-20T18:51:03.111+0000] {python.py:237} INFO - Done. Returned value was: None
[2024-04-20T18:51:03.112+0000] {taskinstance.py:441} INFO - ::group::Post task execution logs
[2024-04-20T18:51:03.118+0000] {taskinstance.py:1205} INFO - Marking task as SUCCESS. dag_id=season, task_id=season, execution_date=20230101T000000, start_date=20240420T185103, end_date=20240420T185103
[2024-04-20T18:51:03.152+0000] {local_task_job_runner.py:240} INFO - Task exited with return code 0
[2024-04-20T18:51:03.166+0000] {taskinstance.py:3482} INFO - 1 downstream tasks scheduled from follow-on schedule check
[2024-04-20T18:51:03.166+0000] {local_task_job_runner.py:222} INFO - ::endgroup::
