[2024-05-11T09:08:40.720+0000] {local_task_job_runner.py:120} INFO - ::group::Pre task execution logs
[2024-05-11T09:08:40.733+0000] {taskinstance.py:2073} INFO - Dependencies all met for dep_context=non-requeueable deps ti=<TaskInstance: get_seasons.create_db manual__2024-05-11T09:08:37.777270+00:00 [queued]>
[2024-05-11T09:08:40.737+0000] {taskinstance.py:2073} INFO - Dependencies all met for dep_context=requeueable deps ti=<TaskInstance: get_seasons.create_db manual__2024-05-11T09:08:37.777270+00:00 [queued]>
[2024-05-11T09:08:40.738+0000] {taskinstance.py:2303} INFO - Starting attempt 1 of 1
[2024-05-11T09:08:40.745+0000] {taskinstance.py:2327} INFO - Executing <Task(PythonOperator): create_db> on 2024-05-11 09:08:37.777270+00:00
[2024-05-11T09:08:40.751+0000] {warnings.py:110} WARNING - /home/***/.local/lib/python3.12/site-packages/***/task/task_runner/standard_task_runner.py:61: DeprecationWarning: This process (pid=86) is multi-threaded, use of fork() may lead to deadlocks in the child.
  pid = os.fork()

[2024-05-11T09:08:40.752+0000] {standard_task_runner.py:63} INFO - Started process 88 to run task
[2024-05-11T09:08:40.752+0000] {standard_task_runner.py:90} INFO - Running: ['***', 'tasks', 'run', 'get_seasons', 'create_db', 'manual__2024-05-11T09:08:37.777270+00:00', '--job-id', '286', '--raw', '--subdir', 'DAGS_FOLDER/get_seasons.py', '--cfg-path', '/tmp/tmpee0qibbr']
[2024-05-11T09:08:40.754+0000] {standard_task_runner.py:91} INFO - Job 286: Subtask create_db
[2024-05-11T09:08:40.782+0000] {task_command.py:426} INFO - Running <TaskInstance: get_seasons.create_db manual__2024-05-11T09:08:37.777270+00:00 [running]> on host 0e92ebb16610
[2024-05-11T09:08:40.838+0000] {taskinstance.py:2644} INFO - Exporting env vars: AIRFLOW_CTX_DAG_OWNER='***' AIRFLOW_CTX_DAG_ID='get_seasons' AIRFLOW_CTX_TASK_ID='create_db' AIRFLOW_CTX_EXECUTION_DATE='2024-05-11T09:08:37.777270+00:00' AIRFLOW_CTX_TRY_NUMBER='1' AIRFLOW_CTX_DAG_RUN_ID='manual__2024-05-11T09:08:37.777270+00:00'
[2024-05-11T09:08:40.839+0000] {taskinstance.py:430} INFO - ::endgroup::
[2024-05-11T09:08:40.845+0000] {base.py:84} INFO - Using connection ID '***' for task execution.
[2024-05-11T09:08:42.206+0000] {python.py:237} INFO - Done. Returned value was: None
[2024-05-11T09:08:42.207+0000] {taskinstance.py:441} INFO - ::group::Post task execution logs
[2024-05-11T09:08:42.213+0000] {taskinstance.py:1205} INFO - Marking task as SUCCESS. dag_id=get_seasons, task_id=create_db, execution_date=20240511T090837, start_date=20240511T090840, end_date=20240511T090842
[2024-05-11T09:08:42.250+0000] {local_task_job_runner.py:240} INFO - Task exited with return code 0
[2024-05-11T09:08:42.263+0000] {taskinstance.py:3482} INFO - 1 downstream tasks scheduled from follow-on schedule check
[2024-05-11T09:08:42.264+0000] {local_task_job_runner.py:222} INFO - ::endgroup::
