[2024-05-11T09:08:43.846+0000] {local_task_job_runner.py:120} INFO - ::group::Pre task execution logs
[2024-05-11T09:08:43.858+0000] {taskinstance.py:2073} INFO - Dependencies all met for dep_context=non-requeueable deps ti=<TaskInstance: get_seasons.load_data manual__2024-05-11T09:08:37.777270+00:00 [queued]>
[2024-05-11T09:08:43.862+0000] {taskinstance.py:2073} INFO - Dependencies all met for dep_context=requeueable deps ti=<TaskInstance: get_seasons.load_data manual__2024-05-11T09:08:37.777270+00:00 [queued]>
[2024-05-11T09:08:43.862+0000] {taskinstance.py:2303} INFO - Starting attempt 1 of 1
[2024-05-11T09:08:43.869+0000] {taskinstance.py:2327} INFO - Executing <Task(PythonOperator): load_data> on 2024-05-11 09:08:37.777270+00:00
[2024-05-11T09:08:43.876+0000] {warnings.py:110} WARNING - /home/***/.local/lib/python3.12/site-packages/***/task/task_runner/standard_task_runner.py:61: DeprecationWarning: This process (pid=89) is multi-threaded, use of fork() may lead to deadlocks in the child.
  pid = os.fork()

[2024-05-11T09:08:43.877+0000] {standard_task_runner.py:63} INFO - Started process 91 to run task
[2024-05-11T09:08:43.877+0000] {standard_task_runner.py:90} INFO - Running: ['***', 'tasks', 'run', 'get_seasons', 'load_data', 'manual__2024-05-11T09:08:37.777270+00:00', '--job-id', '287', '--raw', '--subdir', 'DAGS_FOLDER/get_seasons.py', '--cfg-path', '/tmp/tmp5voo0yh9']
[2024-05-11T09:08:43.879+0000] {standard_task_runner.py:91} INFO - Job 287: Subtask load_data
[2024-05-11T09:08:43.904+0000] {task_command.py:426} INFO - Running <TaskInstance: get_seasons.load_data manual__2024-05-11T09:08:37.777270+00:00 [running]> on host 0e92ebb16610
[2024-05-11T09:08:43.956+0000] {taskinstance.py:2644} INFO - Exporting env vars: AIRFLOW_CTX_DAG_OWNER='***' AIRFLOW_CTX_DAG_ID='get_seasons' AIRFLOW_CTX_TASK_ID='load_data' AIRFLOW_CTX_EXECUTION_DATE='2024-05-11T09:08:37.777270+00:00' AIRFLOW_CTX_TRY_NUMBER='1' AIRFLOW_CTX_DAG_RUN_ID='manual__2024-05-11T09:08:37.777270+00:00'
[2024-05-11T09:08:43.956+0000] {taskinstance.py:430} INFO - ::endgroup::
[2024-05-11T09:08:43.971+0000] {base.py:84} INFO - Using connection ID '***' for task execution.
[2024-05-11T09:08:47.097+0000] {sql.py:580} INFO - Done loading. Loaded a total of 32 rows into seasons
[2024-05-11T09:08:47.097+0000] {python.py:237} INFO - Done. Returned value was: None
[2024-05-11T09:08:47.097+0000] {taskinstance.py:441} INFO - ::group::Post task execution logs
[2024-05-11T09:08:47.104+0000] {taskinstance.py:1205} INFO - Marking task as SUCCESS. dag_id=get_seasons, task_id=load_data, execution_date=20240511T090837, start_date=20240511T090843, end_date=20240511T090847
[2024-05-11T09:08:47.136+0000] {local_task_job_runner.py:240} INFO - Task exited with return code 0
[2024-05-11T09:08:47.147+0000] {taskinstance.py:3482} INFO - 0 downstream tasks scheduled from follow-on schedule check
[2024-05-11T09:08:47.148+0000] {local_task_job_runner.py:222} INFO - ::endgroup::
