[2024-04-21T18:56:32.614+0000] {local_task_job_runner.py:120} INFO - ::group::Pre task execution logs
[2024-04-21T18:56:32.626+0000] {taskinstance.py:2073} INFO - Dependencies all met for dep_context=non-requeueable deps ti=<TaskInstance: get_seasons.create_db manual__2024-04-21T18:56:27.997346+00:00 [queued]>
[2024-04-21T18:56:32.630+0000] {taskinstance.py:2073} INFO - Dependencies all met for dep_context=requeueable deps ti=<TaskInstance: get_seasons.create_db manual__2024-04-21T18:56:27.997346+00:00 [queued]>
[2024-04-21T18:56:32.630+0000] {taskinstance.py:2303} INFO - Starting attempt 1 of 1
[2024-04-21T18:56:32.637+0000] {taskinstance.py:2327} INFO - Executing <Task(PythonOperator): create_db> on 2024-04-21 18:56:27.997346+00:00
[2024-04-21T18:56:32.644+0000] {warnings.py:110} WARNING - /home/***/.local/lib/python3.12/site-packages/***/task/task_runner/standard_task_runner.py:61: DeprecationWarning: This process (pid=66) is multi-threaded, use of fork() may lead to deadlocks in the child.
  pid = os.fork()

[2024-04-21T18:56:32.645+0000] {standard_task_runner.py:63} INFO - Started process 68 to run task
[2024-04-21T18:56:32.645+0000] {standard_task_runner.py:90} INFO - Running: ['***', 'tasks', 'run', 'get_seasons', 'create_db', 'manual__2024-04-21T18:56:27.997346+00:00', '--job-id', '109', '--raw', '--subdir', 'DAGS_FOLDER/get_seasons.py', '--cfg-path', '/tmp/tmp8xr5rb1g']
[2024-04-21T18:56:32.646+0000] {standard_task_runner.py:91} INFO - Job 109: Subtask create_db
[2024-04-21T18:56:32.671+0000] {task_command.py:426} INFO - Running <TaskInstance: get_seasons.create_db manual__2024-04-21T18:56:27.997346+00:00 [running]> on host 58ccc8e6e88e
[2024-04-21T18:56:32.727+0000] {taskinstance.py:2644} INFO - Exporting env vars: AIRFLOW_CTX_DAG_OWNER='***' AIRFLOW_CTX_DAG_ID='get_seasons' AIRFLOW_CTX_TASK_ID='create_db' AIRFLOW_CTX_EXECUTION_DATE='2024-04-21T18:56:27.997346+00:00' AIRFLOW_CTX_TRY_NUMBER='1' AIRFLOW_CTX_DAG_RUN_ID='manual__2024-04-21T18:56:27.997346+00:00'
[2024-04-21T18:56:32.727+0000] {taskinstance.py:430} INFO - ::endgroup::
[2024-04-21T18:56:32.732+0000] {base.py:84} INFO - Using connection ID '***' for task execution.
[2024-04-21T18:56:34.536+0000] {python.py:237} INFO - Done. Returned value was: None
[2024-04-21T18:56:34.536+0000] {taskinstance.py:441} INFO - ::group::Post task execution logs
[2024-04-21T18:56:34.543+0000] {taskinstance.py:1205} INFO - Marking task as SUCCESS. dag_id=get_seasons, task_id=create_db, execution_date=20240421T185627, start_date=20240421T185632, end_date=20240421T185634
[2024-04-21T18:56:34.581+0000] {local_task_job_runner.py:240} INFO - Task exited with return code 0
[2024-04-21T18:56:34.594+0000] {taskinstance.py:3482} INFO - 1 downstream tasks scheduled from follow-on schedule check
[2024-04-21T18:56:34.594+0000] {local_task_job_runner.py:222} INFO - ::endgroup::
