[2024-05-11T15:55:45.076+0000] {local_task_job_runner.py:120} INFO - ::group::Pre task execution logs
[2024-05-11T15:55:45.089+0000] {taskinstance.py:2073} INFO - Dependencies all met for dep_context=non-requeueable deps ti=<TaskInstance: stadium.create_db manual__2024-05-11T15:55:40.680301+00:00 [queued]>
[2024-05-11T15:55:45.093+0000] {taskinstance.py:2073} INFO - Dependencies all met for dep_context=requeueable deps ti=<TaskInstance: stadium.create_db manual__2024-05-11T15:55:40.680301+00:00 [queued]>
[2024-05-11T15:55:45.093+0000] {taskinstance.py:2303} INFO - Starting attempt 1 of 1
[2024-05-11T15:55:45.101+0000] {taskinstance.py:2327} INFO - Executing <Task(PythonOperator): create_db> on 2024-05-11 15:55:40.680301+00:00
[2024-05-11T15:55:45.107+0000] {warnings.py:110} WARNING - /home/***/.local/lib/python3.12/site-packages/***/task/task_runner/standard_task_runner.py:61: DeprecationWarning: This process (pid=59) is multi-threaded, use of fork() may lead to deadlocks in the child.
  pid = os.fork()

[2024-05-11T15:55:45.108+0000] {standard_task_runner.py:63} INFO - Started process 61 to run task
[2024-05-11T15:55:45.108+0000] {standard_task_runner.py:90} INFO - Running: ['***', 'tasks', 'run', 'stadium', 'create_db', 'manual__2024-05-11T15:55:40.680301+00:00', '--job-id', '419', '--raw', '--subdir', 'DAGS_FOLDER/get_stadiums.py', '--cfg-path', '/tmp/tmp79w47444']
[2024-05-11T15:55:45.108+0000] {standard_task_runner.py:91} INFO - Job 419: Subtask create_db
[2024-05-11T15:55:45.133+0000] {task_command.py:426} INFO - Running <TaskInstance: stadium.create_db manual__2024-05-11T15:55:40.680301+00:00 [running]> on host 6447ad07f669
[2024-05-11T15:55:45.184+0000] {taskinstance.py:2644} INFO - Exporting env vars: AIRFLOW_CTX_DAG_OWNER='***' AIRFLOW_CTX_DAG_ID='stadium' AIRFLOW_CTX_TASK_ID='create_db' AIRFLOW_CTX_EXECUTION_DATE='2024-05-11T15:55:40.680301+00:00' AIRFLOW_CTX_TRY_NUMBER='1' AIRFLOW_CTX_DAG_RUN_ID='manual__2024-05-11T15:55:40.680301+00:00'
[2024-05-11T15:55:45.185+0000] {taskinstance.py:430} INFO - ::endgroup::
[2024-05-11T15:55:45.190+0000] {base.py:84} INFO - Using connection ID '***' for task execution.
[2024-05-11T15:55:46.581+0000] {python.py:237} INFO - Done. Returned value was: None
[2024-05-11T15:55:46.582+0000] {taskinstance.py:441} INFO - ::group::Post task execution logs
[2024-05-11T15:55:46.589+0000] {taskinstance.py:1205} INFO - Marking task as SUCCESS. dag_id=stadium, task_id=create_db, execution_date=20240511T155540, start_date=20240511T155545, end_date=20240511T155546
[2024-05-11T15:55:46.643+0000] {local_task_job_runner.py:240} INFO - Task exited with return code 0
[2024-05-11T15:55:46.658+0000] {taskinstance.py:3482} INFO - 1 downstream tasks scheduled from follow-on schedule check
[2024-05-11T15:55:46.659+0000] {local_task_job_runner.py:222} INFO - ::endgroup::
