[2024-05-23T16:23:09.819+0000] {local_task_job_runner.py:120} INFO - ::group::Pre task execution logs
[2024-05-23T16:23:09.833+0000] {taskinstance.py:2073} INFO - Dependencies all met for dep_context=non-requeueable deps ti=<TaskInstance: games.load_data manual__2024-05-23T16:18:14.241262+00:00 [queued]>
[2024-05-23T16:23:09.841+0000] {taskinstance.py:2073} INFO - Dependencies all met for dep_context=requeueable deps ti=<TaskInstance: games.load_data manual__2024-05-23T16:18:14.241262+00:00 [queued]>
[2024-05-23T16:23:09.841+0000] {taskinstance.py:2303} INFO - Starting attempt 1 of 1
[2024-05-23T16:23:09.851+0000] {taskinstance.py:2327} INFO - Executing <Task(PythonOperator): load_data> on 2024-05-23 16:18:14.241262+00:00
[2024-05-23T16:23:09.858+0000] {warnings.py:110} WARNING - /home/***/.local/lib/python3.12/site-packages/***/task/task_runner/standard_task_runner.py:61: DeprecationWarning: This process (pid=142) is multi-threaded, use of fork() may lead to deadlocks in the child.
  pid = os.fork()

[2024-05-23T16:23:09.859+0000] {standard_task_runner.py:63} INFO - Started process 144 to run task
[2024-05-23T16:23:09.859+0000] {standard_task_runner.py:90} INFO - Running: ['***', 'tasks', 'run', 'games', 'load_data', 'manual__2024-05-23T16:18:14.241262+00:00', '--job-id', '705', '--raw', '--subdir', 'DAGS_FOLDER/get_main_games.py', '--cfg-path', '/tmp/tmp6htosztw']
[2024-05-23T16:23:09.860+0000] {standard_task_runner.py:91} INFO - Job 705: Subtask load_data
[2024-05-23T16:23:09.891+0000] {task_command.py:426} INFO - Running <TaskInstance: games.load_data manual__2024-05-23T16:18:14.241262+00:00 [running]> on host 81053f0a1c9a
[2024-05-23T16:23:09.949+0000] {taskinstance.py:2644} INFO - Exporting env vars: AIRFLOW_CTX_DAG_OWNER='***' AIRFLOW_CTX_DAG_ID='games' AIRFLOW_CTX_TASK_ID='load_data' AIRFLOW_CTX_EXECUTION_DATE='2024-05-23T16:18:14.241262+00:00' AIRFLOW_CTX_TRY_NUMBER='1' AIRFLOW_CTX_DAG_RUN_ID='manual__2024-05-23T16:18:14.241262+00:00'
[2024-05-23T16:23:09.950+0000] {taskinstance.py:430} INFO - ::endgroup::
[2024-05-23T16:23:09.973+0000] {base.py:84} INFO - Using connection ID '***' for task execution.
[2024-05-23T16:23:09.975+0000] {logging_mixin.py:188} INFO - Столбец kickoff_millis содержит значение больше 2147483647
[2024-05-23T16:23:09.975+0000] {logging_mixin.py:188} INFO - Столбец kickoff_millis содержит значение больше 2147483647
[2024-05-23T16:23:09.975+0000] {logging_mixin.py:188} INFO - Столбец kickoff_millis содержит значение больше 2147483647
[2024-05-23T16:23:09.975+0000] {logging_mixin.py:188} INFO - Столбец kickoff_millis содержит значение больше 2147483647
[2024-05-23T16:23:09.975+0000] {logging_mixin.py:188} INFO - Столбец kickoff_millis содержит значение больше 2147483647
[2024-05-23T16:23:09.975+0000] {logging_mixin.py:188} INFO - Столбец kickoff_millis содержит значение больше 2147483647
[2024-05-23T16:23:09.975+0000] {logging_mixin.py:188} INFO - Столбец kickoff_millis содержит значение больше 2147483647
[2024-05-23T16:23:09.976+0000] {logging_mixin.py:188} INFO - Столбец kickoff_millis содержит значение больше 2147483647
[2024-05-23T16:23:09.976+0000] {logging_mixin.py:188} INFO - Столбец kickoff_millis содержит значение больше 2147483647
[2024-05-23T16:23:09.976+0000] {logging_mixin.py:188} INFO - Столбец kickoff_millis содержит значение больше 2147483647
[2024-05-23T16:23:09.976+0000] {logging_mixin.py:188} INFO - Столбец kickoff_millis содержит значение больше 2147483647
[2024-05-23T16:23:09.976+0000] {logging_mixin.py:188} INFO - Столбец kickoff_millis содержит значение больше 2147483647
[2024-05-23T16:23:09.976+0000] {logging_mixin.py:188} INFO - Столбец kickoff_millis содержит значение больше 2147483647
[2024-05-23T16:23:09.976+0000] {logging_mixin.py:188} INFO - Столбец kickoff_millis содержит значение больше 2147483647
[2024-05-23T16:23:09.976+0000] {logging_mixin.py:188} INFO - Столбец kickoff_millis содержит значение больше 2147483647
[2024-05-23T16:23:09.976+0000] {logging_mixin.py:188} INFO - Столбец kickoff_millis содержит значение больше 2147483647
[2024-05-23T16:23:09.976+0000] {logging_mixin.py:188} INFO - Столбец kickoff_millis содержит значение больше 2147483647
[2024-05-23T16:23:09.976+0000] {logging_mixin.py:188} INFO - Столбец kickoff_millis содержит значение больше 2147483647
[2024-05-23T16:23:09.977+0000] {logging_mixin.py:188} INFO - Столбец kickoff_millis содержит значение больше 2147483647
[2024-05-23T16:23:09.977+0000] {logging_mixin.py:188} INFO - Столбец kickoff_millis содержит значение больше 2147483647
[2024-05-23T16:23:09.977+0000] {logging_mixin.py:188} INFO - Столбец kickoff_millis содержит значение больше 2147483647
[2024-05-23T16:23:09.977+0000] {logging_mixin.py:188} INFO - Столбец kickoff_millis содержит значение больше 2147483647
[2024-05-23T16:23:09.977+0000] {logging_mixin.py:188} INFO - Столбец kickoff_millis содержит значение больше 2147483647
[2024-05-23T16:23:09.977+0000] {logging_mixin.py:188} INFO - Столбец kickoff_millis содержит значение больше 2147483647
[2024-05-23T16:23:09.977+0000] {logging_mixin.py:188} INFO - Столбец kickoff_millis содержит значение больше 2147483647
[2024-05-23T16:23:09.977+0000] {logging_mixin.py:188} INFO - Столбец kickoff_millis содержит значение больше 2147483647
[2024-05-23T16:23:09.977+0000] {logging_mixin.py:188} INFO - Столбец kickoff_millis содержит значение больше 2147483647
[2024-05-23T16:23:09.977+0000] {logging_mixin.py:188} INFO - Столбец kickoff_millis содержит значение больше 2147483647
[2024-05-23T16:23:09.977+0000] {logging_mixin.py:188} INFO - Столбец kickoff_millis содержит значение больше 2147483647
[2024-05-23T16:23:09.977+0000] {logging_mixin.py:188} INFO - Столбец kickoff_millis содержит значение больше 2147483647
[2024-05-23T16:23:09.978+0000] {logging_mixin.py:188} INFO - Столбец kickoff_millis содержит значение больше 2147483647
[2024-05-23T16:23:09.978+0000] {logging_mixin.py:188} INFO - Столбец kickoff_millis содержит значение больше 2147483647
[2024-05-23T16:23:09.978+0000] {logging_mixin.py:188} INFO - Столбец kickoff_millis содержит значение больше 2147483647
[2024-05-23T16:23:09.978+0000] {logging_mixin.py:188} INFO - Столбец kickoff_millis содержит значение больше 2147483647
[2024-05-23T16:23:09.978+0000] {logging_mixin.py:188} INFO - Столбец kickoff_millis содержит значение больше 2147483647
[2024-05-23T16:23:09.978+0000] {logging_mixin.py:188} INFO - Столбец kickoff_millis содержит значение больше 2147483647
[2024-05-23T16:23:09.978+0000] {logging_mixin.py:188} INFO - Столбец kickoff_millis содержит значение больше 2147483647
[2024-05-23T16:23:09.978+0000] {logging_mixin.py:188} INFO - Столбец kickoff_millis содержит значение больше 2147483647
[2024-05-23T16:23:09.978+0000] {logging_mixin.py:188} INFO - Столбец kickoff_millis содержит значение больше 2147483647
[2024-05-23T16:23:09.978+0000] {logging_mixin.py:188} INFO - Столбец kickoff_millis содержит значение больше 2147483647
[2024-05-23T16:23:09.978+0000] {logging_mixin.py:188} INFO - Столбец kickoff_millis содержит значение больше 2147483647
[2024-05-23T16:23:09.979+0000] {logging_mixin.py:188} INFO - Столбец kickoff_millis содержит значение больше 2147483647
[2024-05-23T16:23:09.979+0000] {logging_mixin.py:188} INFO - Столбец kickoff_millis содержит значение больше 2147483647
[2024-05-23T16:23:09.979+0000] {logging_mixin.py:188} INFO - Столбец kickoff_millis содержит значение больше 2147483647
[2024-05-23T16:23:09.979+0000] {logging_mixin.py:188} INFO - Столбец kickoff_millis содержит значение больше 2147483647
[2024-05-23T16:23:09.979+0000] {logging_mixin.py:188} INFO - Столбец kickoff_millis содержит значение больше 2147483647
[2024-05-23T16:23:09.979+0000] {logging_mixin.py:188} INFO - Столбец kickoff_millis содержит значение больше 2147483647
[2024-05-23T16:23:09.979+0000] {logging_mixin.py:188} INFO - Столбец kickoff_millis содержит значение больше 2147483647
[2024-05-23T16:23:09.979+0000] {logging_mixin.py:188} INFO - Столбец kickoff_millis содержит значение больше 2147483647
[2024-05-23T16:23:09.979+0000] {logging_mixin.py:188} INFO - Столбец kickoff_millis содержит значение больше 2147483647
[2024-05-23T16:23:09.979+0000] {logging_mixin.py:188} INFO - Столбец kickoff_millis содержит значение больше 2147483647
[2024-05-23T16:23:09.979+0000] {logging_mixin.py:188} INFO - Столбец kickoff_millis содержит значение больше 2147483647
[2024-05-23T16:23:09.980+0000] {logging_mixin.py:188} INFO - Столбец kickoff_millis содержит значение больше 2147483647
[2024-05-23T16:23:09.980+0000] {logging_mixin.py:188} INFO - Столбец kickoff_millis содержит значение больше 2147483647
[2024-05-23T16:23:09.980+0000] {logging_mixin.py:188} INFO - Столбец kickoff_millis содержит значение больше 2147483647
[2024-05-23T16:23:09.980+0000] {logging_mixin.py:188} INFO - Столбец kickoff_millis содержит значение больше 2147483647
[2024-05-23T16:23:09.980+0000] {logging_mixin.py:188} INFO - Столбец kickoff_millis содержит значение больше 2147483647
[2024-05-23T16:23:09.980+0000] {logging_mixin.py:188} INFO - Столбец kickoff_millis содержит значение больше 2147483647
[2024-05-23T16:23:09.980+0000] {logging_mixin.py:188} INFO - Столбец kickoff_millis содержит значение больше 2147483647
[2024-05-23T16:23:09.980+0000] {logging_mixin.py:188} INFO - Столбец kickoff_millis содержит значение больше 2147483647
[2024-05-23T16:23:09.980+0000] {logging_mixin.py:188} INFO - Столбец kickoff_millis содержит значение больше 2147483647
[2024-05-23T16:23:09.980+0000] {logging_mixin.py:188} INFO - Столбец kickoff_millis содержит значение больше 2147483647
[2024-05-23T16:23:09.980+0000] {logging_mixin.py:188} INFO - Столбец kickoff_millis содержит значение больше 2147483647
[2024-05-23T16:23:09.980+0000] {logging_mixin.py:188} INFO - Столбец kickoff_millis содержит значение больше 2147483647
[2024-05-23T16:23:09.981+0000] {logging_mixin.py:188} INFO - Столбец kickoff_millis содержит значение больше 2147483647
[2024-05-23T16:23:09.981+0000] {logging_mixin.py:188} INFO - Столбец kickoff_millis содержит значение больше 2147483647
[2024-05-23T16:23:09.981+0000] {logging_mixin.py:188} INFO - Столбец kickoff_millis содержит значение больше 2147483647
[2024-05-23T16:23:09.981+0000] {logging_mixin.py:188} INFO - Столбец kickoff_millis содержит значение больше 2147483647
[2024-05-23T16:23:09.981+0000] {logging_mixin.py:188} INFO - Столбец kickoff_millis содержит значение больше 2147483647
[2024-05-23T16:23:09.981+0000] {logging_mixin.py:188} INFO - Столбец kickoff_millis содержит значение больше 2147483647
[2024-05-23T16:23:09.981+0000] {logging_mixin.py:188} INFO - Столбец kickoff_millis содержит значение больше 2147483647
[2024-05-23T16:23:09.981+0000] {logging_mixin.py:188} INFO - Столбец kickoff_millis содержит значение больше 2147483647
[2024-05-23T16:23:09.981+0000] {logging_mixin.py:188} INFO - Столбец kickoff_millis содержит значение больше 2147483647
[2024-05-23T16:23:09.981+0000] {logging_mixin.py:188} INFO - Столбец kickoff_millis содержит значение больше 2147483647
[2024-05-23T16:23:09.981+0000] {logging_mixin.py:188} INFO - Столбец kickoff_millis содержит значение больше 2147483647
[2024-05-23T16:23:09.981+0000] {logging_mixin.py:188} INFO - Столбец kickoff_millis содержит значение больше 2147483647
[2024-05-23T16:23:09.982+0000] {logging_mixin.py:188} INFO - Столбец kickoff_millis содержит значение больше 2147483647
[2024-05-23T16:23:09.982+0000] {logging_mixin.py:188} INFO - Столбец kickoff_millis содержит значение больше 2147483647
[2024-05-23T16:23:09.982+0000] {logging_mixin.py:188} INFO - Столбец kickoff_millis содержит значение больше 2147483647
[2024-05-23T16:23:09.982+0000] {logging_mixin.py:188} INFO - Столбец kickoff_millis содержит значение больше 2147483647
[2024-05-23T16:23:09.982+0000] {logging_mixin.py:188} INFO - Столбец kickoff_millis содержит значение больше 2147483647
[2024-05-23T16:23:09.982+0000] {logging_mixin.py:188} INFO - Столбец kickoff_millis содержит значение больше 2147483647
[2024-05-23T16:23:09.982+0000] {logging_mixin.py:188} INFO - Столбец kickoff_millis содержит значение больше 2147483647
[2024-05-23T16:23:09.982+0000] {logging_mixin.py:188} INFO - Столбец kickoff_millis содержит значение больше 2147483647
[2024-05-23T16:23:09.982+0000] {logging_mixin.py:188} INFO - Столбец kickoff_millis содержит значение больше 2147483647
[2024-05-23T16:23:09.982+0000] {logging_mixin.py:188} INFO - Столбец kickoff_millis содержит значение больше 2147483647
[2024-05-23T16:23:09.982+0000] {logging_mixin.py:188} INFO - Столбец kickoff_millis содержит значение больше 2147483647
[2024-05-23T16:23:09.982+0000] {logging_mixin.py:188} INFO - Столбец kickoff_millis содержит значение больше 2147483647
[2024-05-23T16:23:09.983+0000] {logging_mixin.py:188} INFO - Столбец kickoff_millis содержит значение больше 2147483647
[2024-05-23T16:23:09.983+0000] {logging_mixin.py:188} INFO - Столбец kickoff_millis содержит значение больше 2147483647
[2024-05-23T16:23:09.983+0000] {logging_mixin.py:188} INFO - Столбец kickoff_millis содержит значение больше 2147483647
[2024-05-23T16:23:09.983+0000] {logging_mixin.py:188} INFO - Столбец kickoff_millis содержит значение больше 2147483647
[2024-05-23T16:23:09.983+0000] {logging_mixin.py:188} INFO - Столбец kickoff_millis содержит значение больше 2147483647
[2024-05-23T16:23:09.983+0000] {logging_mixin.py:188} INFO - Столбец kickoff_millis содержит значение больше 2147483647
[2024-05-23T16:23:09.983+0000] {logging_mixin.py:188} INFO - Столбец kickoff_millis содержит значение больше 2147483647
[2024-05-23T16:23:09.983+0000] {logging_mixin.py:188} INFO - Столбец kickoff_millis содержит значение больше 2147483647
[2024-05-23T16:23:09.983+0000] {logging_mixin.py:188} INFO - Столбец kickoff_millis содержит значение больше 2147483647
[2024-05-23T16:23:09.983+0000] {logging_mixin.py:188} INFO - Столбец kickoff_millis содержит значение больше 2147483647
[2024-05-23T16:23:09.983+0000] {logging_mixin.py:188} INFO - Столбец kickoff_millis содержит значение больше 2147483647
[2024-05-23T16:23:09.984+0000] {logging_mixin.py:188} INFO - Столбец kickoff_millis содержит значение больше 2147483647
[2024-05-23T16:23:09.984+0000] {logging_mixin.py:188} INFO - Столбец kickoff_millis содержит значение больше 2147483647
[2024-05-23T16:23:09.984+0000] {logging_mixin.py:188} INFO - Столбец kickoff_millis содержит значение больше 2147483647
[2024-05-23T16:23:09.984+0000] {logging_mixin.py:188} INFO - Столбец kickoff_millis содержит значение больше 2147483647
[2024-05-23T16:23:09.984+0000] {logging_mixin.py:188} INFO - Столбец kickoff_millis содержит значение больше 2147483647
[2024-05-23T16:23:09.984+0000] {logging_mixin.py:188} INFO - Столбец kickoff_millis содержит значение больше 2147483647
[2024-05-23T16:23:09.984+0000] {logging_mixin.py:188} INFO - Столбец kickoff_millis содержит значение больше 2147483647
[2024-05-23T16:23:09.984+0000] {logging_mixin.py:188} INFO - Столбец kickoff_millis содержит значение больше 2147483647
[2024-05-23T16:23:09.984+0000] {logging_mixin.py:188} INFO - Столбец kickoff_millis содержит значение больше 2147483647
[2024-05-23T16:23:09.984+0000] {logging_mixin.py:188} INFO - Столбец kickoff_millis содержит значение больше 2147483647
[2024-05-23T16:23:09.984+0000] {logging_mixin.py:188} INFO - Столбец kickoff_millis содержит значение больше 2147483647
[2024-05-23T16:23:09.985+0000] {logging_mixin.py:188} INFO - Столбец kickoff_millis содержит значение больше 2147483647
[2024-05-23T16:23:09.985+0000] {logging_mixin.py:188} INFO - Столбец kickoff_millis содержит значение больше 2147483647
[2024-05-23T16:23:09.985+0000] {logging_mixin.py:188} INFO - Столбец kickoff_millis содержит значение больше 2147483647
[2024-05-23T16:23:09.985+0000] {logging_mixin.py:188} INFO - Столбец kickoff_millis содержит значение больше 2147483647
[2024-05-23T16:23:09.985+0000] {logging_mixin.py:188} INFO - Столбец kickoff_millis содержит значение больше 2147483647
[2024-05-23T16:23:09.985+0000] {logging_mixin.py:188} INFO - Столбец kickoff_millis содержит значение больше 2147483647
[2024-05-23T16:23:09.985+0000] {logging_mixin.py:188} INFO - Столбец kickoff_millis содержит значение больше 2147483647
[2024-05-23T16:23:09.985+0000] {logging_mixin.py:188} INFO - Столбец kickoff_millis содержит значение больше 2147483647
[2024-05-23T16:23:09.986+0000] {logging_mixin.py:188} INFO - Столбец kickoff_millis содержит значение больше 2147483647
[2024-05-23T16:23:09.986+0000] {logging_mixin.py:188} INFO - Столбец kickoff_millis содержит значение больше 2147483647
[2024-05-23T16:23:09.986+0000] {logging_mixin.py:188} INFO - Столбец kickoff_millis содержит значение больше 2147483647
[2024-05-23T16:23:09.986+0000] {logging_mixin.py:188} INFO - Столбец kickoff_millis содержит значение больше 2147483647
[2024-05-23T16:23:09.986+0000] {logging_mixin.py:188} INFO - Столбец kickoff_millis содержит значение больше 2147483647
[2024-05-23T16:23:09.986+0000] {logging_mixin.py:188} INFO - Столбец kickoff_millis содержит значение больше 2147483647
[2024-05-23T16:23:09.986+0000] {logging_mixin.py:188} INFO - Столбец kickoff_millis содержит значение больше 2147483647
[2024-05-23T16:23:09.987+0000] {logging_mixin.py:188} INFO - Столбец kickoff_millis содержит значение больше 2147483647
[2024-05-23T16:23:09.987+0000] {logging_mixin.py:188} INFO - Столбец kickoff_millis содержит значение больше 2147483647
[2024-05-23T16:23:09.987+0000] {logging_mixin.py:188} INFO - Столбец kickoff_millis содержит значение больше 2147483647
[2024-05-23T16:23:09.987+0000] {logging_mixin.py:188} INFO - Столбец kickoff_millis содержит значение больше 2147483647
[2024-05-23T16:23:09.987+0000] {logging_mixin.py:188} INFO - Столбец kickoff_millis содержит значение больше 2147483647
[2024-05-23T16:23:09.987+0000] {logging_mixin.py:188} INFO - Столбец kickoff_millis содержит значение больше 2147483647
[2024-05-23T16:23:09.987+0000] {logging_mixin.py:188} INFO - Столбец kickoff_millis содержит значение больше 2147483647
[2024-05-23T16:23:09.987+0000] {logging_mixin.py:188} INFO - Столбец kickoff_millis содержит значение больше 2147483647
[2024-05-23T16:23:09.987+0000] {logging_mixin.py:188} INFO - Столбец kickoff_millis содержит значение больше 2147483647
[2024-05-23T16:23:09.987+0000] {logging_mixin.py:188} INFO - Столбец kickoff_millis содержит значение больше 2147483647
[2024-05-23T16:23:09.988+0000] {logging_mixin.py:188} INFO - Столбец kickoff_millis содержит значение больше 2147483647
[2024-05-23T16:23:09.988+0000] {logging_mixin.py:188} INFO - Столбец kickoff_millis содержит значение больше 2147483647
[2024-05-23T16:23:09.988+0000] {logging_mixin.py:188} INFO - Столбец kickoff_millis содержит значение больше 2147483647
[2024-05-23T16:23:09.988+0000] {logging_mixin.py:188} INFO - Столбец kickoff_millis содержит значение больше 2147483647
[2024-05-23T16:23:09.988+0000] {logging_mixin.py:188} INFO - Столбец kickoff_millis содержит значение больше 2147483647
[2024-05-23T16:23:09.988+0000] {logging_mixin.py:188} INFO - Столбец kickoff_millis содержит значение больше 2147483647
[2024-05-23T16:23:09.988+0000] {logging_mixin.py:188} INFO - Столбец kickoff_millis содержит значение больше 2147483647
[2024-05-23T16:23:09.988+0000] {logging_mixin.py:188} INFO - Столбец kickoff_millis содержит значение больше 2147483647
[2024-05-23T16:23:09.988+0000] {logging_mixin.py:188} INFO - Столбец kickoff_millis содержит значение больше 2147483647
[2024-05-23T16:23:09.988+0000] {logging_mixin.py:188} INFO - Столбец kickoff_millis содержит значение больше 2147483647
[2024-05-23T16:23:09.988+0000] {logging_mixin.py:188} INFO - Столбец kickoff_millis содержит значение больше 2147483647
[2024-05-23T16:23:09.988+0000] {logging_mixin.py:188} INFO - Столбец kickoff_millis содержит значение больше 2147483647
[2024-05-23T16:23:09.989+0000] {logging_mixin.py:188} INFO - Столбец kickoff_millis содержит значение больше 2147483647
[2024-05-23T16:23:09.989+0000] {logging_mixin.py:188} INFO - Столбец kickoff_millis содержит значение больше 2147483647
[2024-05-23T16:23:09.989+0000] {logging_mixin.py:188} INFO - Столбец kickoff_millis содержит значение больше 2147483647
[2024-05-23T16:23:09.989+0000] {logging_mixin.py:188} INFO - Столбец kickoff_millis содержит значение больше 2147483647
[2024-05-23T16:23:09.989+0000] {logging_mixin.py:188} INFO - Столбец kickoff_millis содержит значение больше 2147483647
[2024-05-23T16:23:09.989+0000] {logging_mixin.py:188} INFO - Столбец kickoff_millis содержит значение больше 2147483647
[2024-05-23T16:23:09.989+0000] {logging_mixin.py:188} INFO - Столбец kickoff_millis содержит значение больше 2147483647
[2024-05-23T16:23:09.989+0000] {logging_mixin.py:188} INFO - Столбец kickoff_millis содержит значение больше 2147483647
[2024-05-23T16:23:09.989+0000] {logging_mixin.py:188} INFO - Столбец kickoff_millis содержит значение больше 2147483647
[2024-05-23T16:23:09.989+0000] {logging_mixin.py:188} INFO - Столбец kickoff_millis содержит значение больше 2147483647
[2024-05-23T16:23:09.989+0000] {logging_mixin.py:188} INFO - Столбец kickoff_millis содержит значение больше 2147483647
[2024-05-23T16:23:09.990+0000] {logging_mixin.py:188} INFO - Столбец kickoff_millis содержит значение больше 2147483647
[2024-05-23T16:23:09.990+0000] {logging_mixin.py:188} INFO - Столбец kickoff_millis содержит значение больше 2147483647
[2024-05-23T16:23:09.990+0000] {logging_mixin.py:188} INFO - Столбец kickoff_millis содержит значение больше 2147483647
[2024-05-23T16:23:09.990+0000] {logging_mixin.py:188} INFO - Столбец kickoff_millis содержит значение больше 2147483647
[2024-05-23T16:23:09.990+0000] {logging_mixin.py:188} INFO - Столбец kickoff_millis содержит значение больше 2147483647
[2024-05-23T16:23:09.990+0000] {logging_mixin.py:188} INFO - Столбец kickoff_millis содержит значение больше 2147483647
[2024-05-23T16:23:09.990+0000] {logging_mixin.py:188} INFO - Столбец kickoff_millis содержит значение больше 2147483647
[2024-05-23T16:23:09.990+0000] {logging_mixin.py:188} INFO - Столбец kickoff_millis содержит значение больше 2147483647
[2024-05-23T16:23:09.990+0000] {logging_mixin.py:188} INFO - Столбец kickoff_millis содержит значение больше 2147483647
[2024-05-23T16:23:09.990+0000] {logging_mixin.py:188} INFO - Столбец kickoff_millis содержит значение больше 2147483647
[2024-05-23T16:23:09.990+0000] {logging_mixin.py:188} INFO - Столбец kickoff_millis содержит значение больше 2147483647
[2024-05-23T16:23:09.990+0000] {logging_mixin.py:188} INFO - Столбец kickoff_millis содержит значение больше 2147483647
[2024-05-23T16:23:09.990+0000] {logging_mixin.py:188} INFO - Столбец kickoff_millis содержит значение больше 2147483647
[2024-05-23T16:23:09.991+0000] {logging_mixin.py:188} INFO - Столбец kickoff_millis содержит значение больше 2147483647
[2024-05-23T16:23:09.991+0000] {logging_mixin.py:188} INFO - Столбец kickoff_millis содержит значение больше 2147483647
[2024-05-23T16:23:09.991+0000] {logging_mixin.py:188} INFO - Столбец kickoff_millis содержит значение больше 2147483647
[2024-05-23T16:23:09.991+0000] {logging_mixin.py:188} INFO - Столбец kickoff_millis содержит значение больше 2147483647
[2024-05-23T16:23:09.991+0000] {logging_mixin.py:188} INFO - Столбец kickoff_millis содержит значение больше 2147483647
[2024-05-23T16:23:09.991+0000] {logging_mixin.py:188} INFO - Столбец kickoff_millis содержит значение больше 2147483647
[2024-05-23T16:23:09.991+0000] {logging_mixin.py:188} INFO - Столбец kickoff_millis содержит значение больше 2147483647
[2024-05-23T16:23:09.991+0000] {logging_mixin.py:188} INFO - Столбец kickoff_millis содержит значение больше 2147483647
[2024-05-23T16:23:09.991+0000] {logging_mixin.py:188} INFO - Столбец kickoff_millis содержит значение больше 2147483647
[2024-05-23T16:23:09.991+0000] {logging_mixin.py:188} INFO - Столбец kickoff_millis содержит значение больше 2147483647
[2024-05-23T16:23:09.991+0000] {logging_mixin.py:188} INFO - Столбец kickoff_millis содержит значение больше 2147483647
[2024-05-23T16:23:09.992+0000] {logging_mixin.py:188} INFO - Столбец kickoff_millis содержит значение больше 2147483647
[2024-05-23T16:23:09.992+0000] {logging_mixin.py:188} INFO - Столбец kickoff_millis содержит значение больше 2147483647
[2024-05-23T16:23:09.992+0000] {logging_mixin.py:188} INFO - Столбец kickoff_millis содержит значение больше 2147483647
[2024-05-23T16:23:09.992+0000] {logging_mixin.py:188} INFO - Столбец kickoff_millis содержит значение больше 2147483647
[2024-05-23T16:23:09.992+0000] {logging_mixin.py:188} INFO - Столбец kickoff_millis содержит значение больше 2147483647
[2024-05-23T16:23:09.992+0000] {logging_mixin.py:188} INFO - Столбец kickoff_millis содержит значение больше 2147483647
[2024-05-23T16:23:09.992+0000] {logging_mixin.py:188} INFO - Столбец kickoff_millis содержит значение больше 2147483647
[2024-05-23T16:23:09.992+0000] {logging_mixin.py:188} INFO - Столбец kickoff_millis содержит значение больше 2147483647
[2024-05-23T16:23:09.992+0000] {logging_mixin.py:188} INFO - Столбец kickoff_millis содержит значение больше 2147483647
[2024-05-23T16:23:09.992+0000] {logging_mixin.py:188} INFO - Столбец kickoff_millis содержит значение больше 2147483647
[2024-05-23T16:23:09.992+0000] {logging_mixin.py:188} INFO - Столбец kickoff_millis содержит значение больше 2147483647
[2024-05-23T16:23:09.992+0000] {logging_mixin.py:188} INFO - Столбец kickoff_millis содержит значение больше 2147483647
[2024-05-23T16:23:09.993+0000] {logging_mixin.py:188} INFO - Столбец kickoff_millis содержит значение больше 2147483647
[2024-05-23T16:23:09.993+0000] {logging_mixin.py:188} INFO - Столбец kickoff_millis содержит значение больше 2147483647
[2024-05-23T16:23:09.993+0000] {logging_mixin.py:188} INFO - Столбец kickoff_millis содержит значение больше 2147483647
[2024-05-23T16:23:09.993+0000] {logging_mixin.py:188} INFO - Столбец kickoff_millis содержит значение больше 2147483647
[2024-05-23T16:23:09.993+0000] {logging_mixin.py:188} INFO - Столбец kickoff_millis содержит значение больше 2147483647
[2024-05-23T16:23:09.993+0000] {logging_mixin.py:188} INFO - Столбец kickoff_millis содержит значение больше 2147483647
[2024-05-23T16:23:09.993+0000] {logging_mixin.py:188} INFO - Столбец kickoff_millis содержит значение больше 2147483647
[2024-05-23T16:23:09.993+0000] {logging_mixin.py:188} INFO - Столбец kickoff_millis содержит значение больше 2147483647
[2024-05-23T16:23:09.993+0000] {logging_mixin.py:188} INFO - Столбец kickoff_millis содержит значение больше 2147483647
[2024-05-23T16:23:09.993+0000] {logging_mixin.py:188} INFO - Столбец kickoff_millis содержит значение больше 2147483647
[2024-05-23T16:23:09.993+0000] {logging_mixin.py:188} INFO - Столбец kickoff_millis содержит значение больше 2147483647
[2024-05-23T16:23:09.993+0000] {logging_mixin.py:188} INFO - Столбец kickoff_millis содержит значение больше 2147483647
[2024-05-23T16:23:09.994+0000] {logging_mixin.py:188} INFO - Столбец kickoff_millis содержит значение больше 2147483647
[2024-05-23T16:23:09.994+0000] {logging_mixin.py:188} INFO - Столбец kickoff_millis содержит значение больше 2147483647
[2024-05-23T16:23:09.994+0000] {logging_mixin.py:188} INFO - Столбец kickoff_millis содержит значение больше 2147483647
[2024-05-23T16:23:09.994+0000] {logging_mixin.py:188} INFO - Столбец kickoff_millis содержит значение больше 2147483647
[2024-05-23T16:23:09.994+0000] {logging_mixin.py:188} INFO - Столбец kickoff_millis содержит значение больше 2147483647
[2024-05-23T16:23:09.994+0000] {logging_mixin.py:188} INFO - Столбец kickoff_millis содержит значение больше 2147483647
[2024-05-23T16:23:09.994+0000] {logging_mixin.py:188} INFO - Столбец kickoff_millis содержит значение больше 2147483647
[2024-05-23T16:23:09.994+0000] {logging_mixin.py:188} INFO - Столбец kickoff_millis содержит значение больше 2147483647
[2024-05-23T16:23:09.994+0000] {logging_mixin.py:188} INFO - Столбец kickoff_millis содержит значение больше 2147483647
[2024-05-23T16:23:09.994+0000] {logging_mixin.py:188} INFO - Столбец kickoff_millis содержит значение больше 2147483647
[2024-05-23T16:23:09.994+0000] {logging_mixin.py:188} INFO - Столбец kickoff_millis содержит значение больше 2147483647
[2024-05-23T16:23:09.994+0000] {logging_mixin.py:188} INFO - Столбец kickoff_millis содержит значение больше 2147483647
[2024-05-23T16:23:09.995+0000] {logging_mixin.py:188} INFO - Столбец kickoff_millis содержит значение больше 2147483647
[2024-05-23T16:23:09.995+0000] {logging_mixin.py:188} INFO - Столбец kickoff_millis содержит значение больше 2147483647
[2024-05-23T16:23:09.995+0000] {logging_mixin.py:188} INFO - Столбец kickoff_millis содержит значение больше 2147483647
[2024-05-23T16:23:09.995+0000] {logging_mixin.py:188} INFO - Столбец kickoff_millis содержит значение больше 2147483647
[2024-05-23T16:23:09.995+0000] {logging_mixin.py:188} INFO - Столбец kickoff_millis содержит значение больше 2147483647
[2024-05-23T16:23:09.995+0000] {logging_mixin.py:188} INFO - Столбец kickoff_millis содержит значение больше 2147483647
[2024-05-23T16:23:09.995+0000] {logging_mixin.py:188} INFO - Столбец kickoff_millis содержит значение больше 2147483647
[2024-05-23T16:23:09.995+0000] {logging_mixin.py:188} INFO - Столбец kickoff_millis содержит значение больше 2147483647
[2024-05-23T16:23:09.995+0000] {logging_mixin.py:188} INFO - Столбец kickoff_millis содержит значение больше 2147483647
[2024-05-23T16:23:09.995+0000] {logging_mixin.py:188} INFO - Столбец kickoff_millis содержит значение больше 2147483647
[2024-05-23T16:23:09.995+0000] {logging_mixin.py:188} INFO - Столбец kickoff_millis содержит значение больше 2147483647
[2024-05-23T16:23:09.995+0000] {logging_mixin.py:188} INFO - Столбец kickoff_millis содержит значение больше 2147483647
[2024-05-23T16:23:09.996+0000] {logging_mixin.py:188} INFO - Столбец kickoff_millis содержит значение больше 2147483647
[2024-05-23T16:23:09.996+0000] {logging_mixin.py:188} INFO - Столбец kickoff_millis содержит значение больше 2147483647
[2024-05-23T16:23:09.996+0000] {logging_mixin.py:188} INFO - Столбец kickoff_millis содержит значение больше 2147483647
[2024-05-23T16:23:09.996+0000] {logging_mixin.py:188} INFO - Столбец kickoff_millis содержит значение больше 2147483647
[2024-05-23T16:23:09.996+0000] {logging_mixin.py:188} INFO - Столбец kickoff_millis содержит значение больше 2147483647
[2024-05-23T16:23:09.996+0000] {logging_mixin.py:188} INFO - Столбец kickoff_millis содержит значение больше 2147483647
[2024-05-23T16:23:09.996+0000] {logging_mixin.py:188} INFO - Столбец kickoff_millis содержит значение больше 2147483647
[2024-05-23T16:23:09.996+0000] {logging_mixin.py:188} INFO - Столбец kickoff_millis содержит значение больше 2147483647
[2024-05-23T16:23:09.996+0000] {logging_mixin.py:188} INFO - Столбец kickoff_millis содержит значение больше 2147483647
[2024-05-23T16:23:09.996+0000] {logging_mixin.py:188} INFO - Столбец kickoff_millis содержит значение больше 2147483647
[2024-05-23T16:23:09.996+0000] {logging_mixin.py:188} INFO - Столбец kickoff_millis содержит значение больше 2147483647
[2024-05-23T16:23:09.996+0000] {logging_mixin.py:188} INFO - Столбец kickoff_millis содержит значение больше 2147483647
[2024-05-23T16:23:09.997+0000] {logging_mixin.py:188} INFO - Столбец kickoff_millis содержит значение больше 2147483647
[2024-05-23T16:23:09.997+0000] {logging_mixin.py:188} INFO - Столбец kickoff_millis содержит значение больше 2147483647
[2024-05-23T16:23:09.997+0000] {logging_mixin.py:188} INFO - Столбец kickoff_millis содержит значение больше 2147483647
[2024-05-23T16:23:09.997+0000] {logging_mixin.py:188} INFO - Столбец kickoff_millis содержит значение больше 2147483647
[2024-05-23T16:23:09.997+0000] {logging_mixin.py:188} INFO - Столбец kickoff_millis содержит значение больше 2147483647
[2024-05-23T16:23:09.997+0000] {logging_mixin.py:188} INFO - Столбец kickoff_millis содержит значение больше 2147483647
[2024-05-23T16:23:09.997+0000] {logging_mixin.py:188} INFO - Столбец kickoff_millis содержит значение больше 2147483647
[2024-05-23T16:23:09.997+0000] {logging_mixin.py:188} INFO - Столбец kickoff_millis содержит значение больше 2147483647
[2024-05-23T16:23:09.997+0000] {logging_mixin.py:188} INFO - Столбец kickoff_millis содержит значение больше 2147483647
[2024-05-23T16:23:09.997+0000] {logging_mixin.py:188} INFO - Столбец kickoff_millis содержит значение больше 2147483647
[2024-05-23T16:23:09.997+0000] {logging_mixin.py:188} INFO - Столбец kickoff_millis содержит значение больше 2147483647
[2024-05-23T16:23:09.997+0000] {logging_mixin.py:188} INFO - Столбец kickoff_millis содержит значение больше 2147483647
[2024-05-23T16:23:09.998+0000] {logging_mixin.py:188} INFO - Столбец kickoff_millis содержит значение больше 2147483647
[2024-05-23T16:23:09.998+0000] {logging_mixin.py:188} INFO - Столбец kickoff_millis содержит значение больше 2147483647
[2024-05-23T16:23:09.998+0000] {logging_mixin.py:188} INFO - Столбец kickoff_millis содержит значение больше 2147483647
[2024-05-23T16:23:09.998+0000] {logging_mixin.py:188} INFO - Столбец kickoff_millis содержит значение больше 2147483647
[2024-05-23T16:23:09.998+0000] {logging_mixin.py:188} INFO - Столбец kickoff_millis содержит значение больше 2147483647
[2024-05-23T16:23:09.998+0000] {logging_mixin.py:188} INFO - Столбец kickoff_millis содержит значение больше 2147483647
[2024-05-23T16:23:09.998+0000] {logging_mixin.py:188} INFO - Столбец kickoff_millis содержит значение больше 2147483647
[2024-05-23T16:23:09.998+0000] {logging_mixin.py:188} INFO - Столбец kickoff_millis содержит значение больше 2147483647
[2024-05-23T16:23:09.998+0000] {logging_mixin.py:188} INFO - Столбец kickoff_millis содержит значение больше 2147483647
[2024-05-23T16:23:09.998+0000] {logging_mixin.py:188} INFO - Столбец kickoff_millis содержит значение больше 2147483647
[2024-05-23T16:23:09.998+0000] {logging_mixin.py:188} INFO - Столбец kickoff_millis содержит значение больше 2147483647
[2024-05-23T16:23:09.998+0000] {logging_mixin.py:188} INFO - Столбец kickoff_millis содержит значение больше 2147483647
[2024-05-23T16:23:09.999+0000] {logging_mixin.py:188} INFO - Столбец kickoff_millis содержит значение больше 2147483647
[2024-05-23T16:23:09.999+0000] {logging_mixin.py:188} INFO - Столбец kickoff_millis содержит значение больше 2147483647
[2024-05-23T16:23:09.999+0000] {logging_mixin.py:188} INFO - Столбец kickoff_millis содержит значение больше 2147483647
[2024-05-23T16:23:09.999+0000] {logging_mixin.py:188} INFO - Столбец kickoff_millis содержит значение больше 2147483647
[2024-05-23T16:23:09.999+0000] {logging_mixin.py:188} INFO - Столбец kickoff_millis содержит значение больше 2147483647
[2024-05-23T16:23:09.999+0000] {logging_mixin.py:188} INFO - Столбец kickoff_millis содержит значение больше 2147483647
[2024-05-23T16:23:09.999+0000] {logging_mixin.py:188} INFO - Столбец kickoff_millis содержит значение больше 2147483647
[2024-05-23T16:23:09.999+0000] {logging_mixin.py:188} INFO - Столбец kickoff_millis содержит значение больше 2147483647
[2024-05-23T16:23:09.999+0000] {logging_mixin.py:188} INFO - Столбец kickoff_millis содержит значение больше 2147483647
[2024-05-23T16:23:09.999+0000] {logging_mixin.py:188} INFO - Столбец kickoff_millis содержит значение больше 2147483647
[2024-05-23T16:23:09.999+0000] {logging_mixin.py:188} INFO - Столбец kickoff_millis содержит значение больше 2147483647
[2024-05-23T16:23:09.999+0000] {logging_mixin.py:188} INFO - Столбец kickoff_millis содержит значение больше 2147483647
[2024-05-23T16:23:10.000+0000] {logging_mixin.py:188} INFO - Столбец kickoff_millis содержит значение больше 2147483647
[2024-05-23T16:23:10.000+0000] {logging_mixin.py:188} INFO - Столбец kickoff_millis содержит значение больше 2147483647
[2024-05-23T16:23:10.000+0000] {logging_mixin.py:188} INFO - Столбец kickoff_millis содержит значение больше 2147483647
[2024-05-23T16:23:10.000+0000] {logging_mixin.py:188} INFO - Столбец kickoff_millis содержит значение больше 2147483647
[2024-05-23T16:23:10.000+0000] {logging_mixin.py:188} INFO - Столбец kickoff_millis содержит значение больше 2147483647
[2024-05-23T16:23:10.000+0000] {logging_mixin.py:188} INFO - Столбец kickoff_millis содержит значение больше 2147483647
[2024-05-23T16:23:10.000+0000] {logging_mixin.py:188} INFO - Столбец kickoff_millis содержит значение больше 2147483647
[2024-05-23T16:23:10.000+0000] {logging_mixin.py:188} INFO - Столбец kickoff_millis содержит значение больше 2147483647
[2024-05-23T16:23:10.000+0000] {logging_mixin.py:188} INFO - Столбец kickoff_millis содержит значение больше 2147483647
[2024-05-23T16:23:10.000+0000] {logging_mixin.py:188} INFO - Столбец kickoff_millis содержит значение больше 2147483647
[2024-05-23T16:23:10.000+0000] {logging_mixin.py:188} INFO - Столбец kickoff_millis содержит значение больше 2147483647
[2024-05-23T16:23:10.000+0000] {logging_mixin.py:188} INFO - Столбец kickoff_millis содержит значение больше 2147483647
[2024-05-23T16:23:10.001+0000] {logging_mixin.py:188} INFO - Столбец kickoff_millis содержит значение больше 2147483647
[2024-05-23T16:23:10.001+0000] {logging_mixin.py:188} INFO - Столбец kickoff_millis содержит значение больше 2147483647
[2024-05-23T16:23:10.001+0000] {logging_mixin.py:188} INFO - Столбец kickoff_millis содержит значение больше 2147483647
[2024-05-23T16:23:10.001+0000] {logging_mixin.py:188} INFO - Столбец kickoff_millis содержит значение больше 2147483647
[2024-05-23T16:23:10.001+0000] {logging_mixin.py:188} INFO - Столбец kickoff_millis содержит значение больше 2147483647
[2024-05-23T16:23:10.001+0000] {logging_mixin.py:188} INFO - Столбец kickoff_millis содержит значение больше 2147483647
[2024-05-23T16:23:10.001+0000] {logging_mixin.py:188} INFO - Столбец kickoff_millis содержит значение больше 2147483647
[2024-05-23T16:23:10.001+0000] {logging_mixin.py:188} INFO - Столбец kickoff_millis содержит значение больше 2147483647
[2024-05-23T16:23:10.001+0000] {logging_mixin.py:188} INFO - Столбец kickoff_millis содержит значение больше 2147483647
[2024-05-23T16:23:10.001+0000] {logging_mixin.py:188} INFO - Столбец kickoff_millis содержит значение больше 2147483647
[2024-05-23T16:23:10.001+0000] {logging_mixin.py:188} INFO - Столбец kickoff_millis содержит значение больше 2147483647
[2024-05-23T16:23:10.001+0000] {logging_mixin.py:188} INFO - Столбец kickoff_millis содержит значение больше 2147483647
[2024-05-23T16:23:10.002+0000] {logging_mixin.py:188} INFO - Столбец kickoff_millis содержит значение больше 2147483647
[2024-05-23T16:23:10.002+0000] {logging_mixin.py:188} INFO - Столбец kickoff_millis содержит значение больше 2147483647
[2024-05-23T16:23:10.002+0000] {logging_mixin.py:188} INFO - Столбец kickoff_millis содержит значение больше 2147483647
[2024-05-23T16:23:10.002+0000] {logging_mixin.py:188} INFO - Столбец kickoff_millis содержит значение больше 2147483647
[2024-05-23T16:23:10.002+0000] {logging_mixin.py:188} INFO - Столбец kickoff_millis содержит значение больше 2147483647
[2024-05-23T16:23:10.002+0000] {logging_mixin.py:188} INFO - Столбец kickoff_millis содержит значение больше 2147483647
[2024-05-23T16:23:10.002+0000] {logging_mixin.py:188} INFO - Столбец kickoff_millis содержит значение больше 2147483647
[2024-05-23T16:23:10.002+0000] {logging_mixin.py:188} INFO - Столбец kickoff_millis содержит значение больше 2147483647
[2024-05-23T16:23:10.002+0000] {logging_mixin.py:188} INFO - Столбец kickoff_millis содержит значение больше 2147483647
[2024-05-23T16:23:10.002+0000] {logging_mixin.py:188} INFO - Столбец kickoff_millis содержит значение больше 2147483647
[2024-05-23T16:23:10.002+0000] {logging_mixin.py:188} INFO - Столбец kickoff_millis содержит значение больше 2147483647
[2024-05-23T16:23:10.002+0000] {logging_mixin.py:188} INFO - Столбец kickoff_millis содержит значение больше 2147483647
[2024-05-23T16:23:10.003+0000] {logging_mixin.py:188} INFO - Столбец kickoff_millis содержит значение больше 2147483647
[2024-05-23T16:23:10.003+0000] {logging_mixin.py:188} INFO - Столбец kickoff_millis содержит значение больше 2147483647
[2024-05-23T16:23:10.003+0000] {logging_mixin.py:188} INFO - Столбец kickoff_millis содержит значение больше 2147483647
[2024-05-23T16:23:10.003+0000] {logging_mixin.py:188} INFO - Столбец kickoff_millis содержит значение больше 2147483647
[2024-05-23T16:23:10.003+0000] {logging_mixin.py:188} INFO - Столбец kickoff_millis содержит значение больше 2147483647
[2024-05-23T16:23:10.003+0000] {logging_mixin.py:188} INFO - Столбец kickoff_millis содержит значение больше 2147483647
[2024-05-23T16:23:10.003+0000] {logging_mixin.py:188} INFO - Столбец kickoff_millis содержит значение больше 2147483647
[2024-05-23T16:23:10.003+0000] {logging_mixin.py:188} INFO - Столбец kickoff_millis содержит значение больше 2147483647
[2024-05-23T16:23:10.003+0000] {logging_mixin.py:188} INFO - Столбец kickoff_millis содержит значение больше 2147483647
[2024-05-23T16:23:10.003+0000] {logging_mixin.py:188} INFO - Столбец kickoff_millis содержит значение больше 2147483647
[2024-05-23T16:23:10.003+0000] {logging_mixin.py:188} INFO - Столбец kickoff_millis содержит значение больше 2147483647
[2024-05-23T16:23:10.003+0000] {logging_mixin.py:188} INFO - Столбец kickoff_millis содержит значение больше 2147483647
[2024-05-23T16:23:10.004+0000] {logging_mixin.py:188} INFO - Столбец kickoff_millis содержит значение больше 2147483647
[2024-05-23T16:23:10.004+0000] {logging_mixin.py:188} INFO - Столбец kickoff_millis содержит значение больше 2147483647
[2024-05-23T16:23:10.004+0000] {logging_mixin.py:188} INFO - Столбец kickoff_millis содержит значение больше 2147483647
[2024-05-23T16:23:10.004+0000] {logging_mixin.py:188} INFO - Столбец kickoff_millis содержит значение больше 2147483647
[2024-05-23T16:23:10.004+0000] {logging_mixin.py:188} INFO - Столбец kickoff_millis содержит значение больше 2147483647
[2024-05-23T16:23:10.004+0000] {logging_mixin.py:188} INFO - Столбец kickoff_millis содержит значение больше 2147483647
[2024-05-23T16:23:10.004+0000] {logging_mixin.py:188} INFO - Столбец kickoff_millis содержит значение больше 2147483647
[2024-05-23T16:23:10.004+0000] {logging_mixin.py:188} INFO - Столбец kickoff_millis содержит значение больше 2147483647
[2024-05-23T16:23:10.004+0000] {logging_mixin.py:188} INFO - Столбец kickoff_millis содержит значение больше 2147483647
[2024-05-23T16:23:10.004+0000] {logging_mixin.py:188} INFO - Столбец kickoff_millis содержит значение больше 2147483647
[2024-05-23T16:23:10.004+0000] {logging_mixin.py:188} INFO - Столбец kickoff_millis содержит значение больше 2147483647
[2024-05-23T16:23:10.004+0000] {logging_mixin.py:188} INFO - Столбец kickoff_millis содержит значение больше 2147483647
[2024-05-23T16:23:10.005+0000] {logging_mixin.py:188} INFO - Столбец kickoff_millis содержит значение больше 2147483647
[2024-05-23T16:23:10.005+0000] {logging_mixin.py:188} INFO - Столбец kickoff_millis содержит значение больше 2147483647
[2024-05-23T16:23:10.005+0000] {logging_mixin.py:188} INFO - Столбец kickoff_millis содержит значение больше 2147483647
[2024-05-23T16:23:10.005+0000] {logging_mixin.py:188} INFO - Столбец kickoff_millis содержит значение больше 2147483647
[2024-05-23T16:23:10.005+0000] {logging_mixin.py:188} INFO - Столбец kickoff_millis содержит значение больше 2147483647
[2024-05-23T16:23:10.005+0000] {logging_mixin.py:188} INFO - Столбец kickoff_millis содержит значение больше 2147483647
[2024-05-23T16:23:10.005+0000] {logging_mixin.py:188} INFO - Столбец kickoff_millis содержит значение больше 2147483647
[2024-05-23T16:23:10.005+0000] {logging_mixin.py:188} INFO - Столбец kickoff_millis содержит значение больше 2147483647
[2024-05-23T16:23:10.005+0000] {logging_mixin.py:188} INFO - Столбец kickoff_millis содержит значение больше 2147483647
[2024-05-23T16:23:10.005+0000] {logging_mixin.py:188} INFO - Столбец kickoff_millis содержит значение больше 2147483647
[2024-05-23T16:23:10.005+0000] {logging_mixin.py:188} INFO - Столбец kickoff_millis содержит значение больше 2147483647
[2024-05-23T16:23:10.005+0000] {logging_mixin.py:188} INFO - Столбец kickoff_millis содержит значение больше 2147483647
[2024-05-23T16:23:10.006+0000] {logging_mixin.py:188} INFO - Столбец kickoff_millis содержит значение больше 2147483647
[2024-05-23T16:23:10.006+0000] {logging_mixin.py:188} INFO - Столбец kickoff_millis содержит значение больше 2147483647
[2024-05-23T16:23:10.006+0000] {logging_mixin.py:188} INFO - Столбец kickoff_millis содержит значение больше 2147483647
[2024-05-23T16:23:10.006+0000] {logging_mixin.py:188} INFO - Столбец kickoff_millis содержит значение больше 2147483647
[2024-05-23T16:23:10.006+0000] {logging_mixin.py:188} INFO - Столбец kickoff_millis содержит значение больше 2147483647
[2024-05-23T16:23:10.006+0000] {logging_mixin.py:188} INFO - Столбец kickoff_millis содержит значение больше 2147483647
[2024-05-23T16:23:10.006+0000] {logging_mixin.py:188} INFO - Столбец kickoff_millis содержит значение больше 2147483647
[2024-05-23T16:23:10.006+0000] {logging_mixin.py:188} INFO - Столбец kickoff_millis содержит значение больше 2147483647
[2024-05-23T16:23:10.006+0000] {logging_mixin.py:188} INFO - Столбец kickoff_millis содержит значение больше 2147483647
[2024-05-23T16:23:10.006+0000] {logging_mixin.py:188} INFO - Столбец kickoff_millis содержит значение больше 2147483647
[2024-05-23T16:23:10.006+0000] {logging_mixin.py:188} INFO - Столбец kickoff_millis содержит значение больше 2147483647
[2024-05-23T16:23:10.006+0000] {logging_mixin.py:188} INFO - Столбец kickoff_millis содержит значение больше 2147483647
[2024-05-23T16:23:10.007+0000] {logging_mixin.py:188} INFO - Столбец kickoff_millis содержит значение больше 2147483647
[2024-05-23T16:23:10.007+0000] {logging_mixin.py:188} INFO - Столбец kickoff_millis содержит значение больше 2147483647
[2024-05-23T16:23:10.007+0000] {logging_mixin.py:188} INFO - Столбец kickoff_millis содержит значение больше 2147483647
[2024-05-23T16:23:10.007+0000] {logging_mixin.py:188} INFO - Столбец kickoff_millis содержит значение больше 2147483647
[2024-05-23T16:23:10.007+0000] {logging_mixin.py:188} INFO - Столбец kickoff_millis содержит значение больше 2147483647
[2024-05-23T16:23:10.007+0000] {logging_mixin.py:188} INFO - Столбец kickoff_millis содержит значение больше 2147483647
[2024-05-23T16:23:10.007+0000] {logging_mixin.py:188} INFO - Столбец kickoff_millis содержит значение больше 2147483647
[2024-05-23T16:23:10.007+0000] {logging_mixin.py:188} INFO - Столбец kickoff_millis содержит значение больше 2147483647
[2024-05-23T16:23:10.007+0000] {logging_mixin.py:188} INFO - Столбец kickoff_millis содержит значение больше 2147483647
[2024-05-23T16:23:10.007+0000] {logging_mixin.py:188} INFO - Столбец kickoff_millis содержит значение больше 2147483647
[2024-05-23T16:23:10.007+0000] {logging_mixin.py:188} INFO - Столбец kickoff_millis содержит значение больше 2147483647
[2024-05-23T16:23:10.007+0000] {logging_mixin.py:188} INFO - Столбец kickoff_millis содержит значение больше 2147483647
[2024-05-23T16:23:10.008+0000] {logging_mixin.py:188} INFO - Столбец kickoff_millis содержит значение больше 2147483647
[2024-05-23T16:23:10.008+0000] {logging_mixin.py:188} INFO - Столбец kickoff_millis содержит значение больше 2147483647
[2024-05-23T16:23:10.008+0000] {logging_mixin.py:188} INFO - Столбец kickoff_millis содержит значение больше 2147483647
[2024-05-23T16:23:10.008+0000] {logging_mixin.py:188} INFO - Столбец kickoff_millis содержит значение больше 2147483647
[2024-05-23T16:23:10.008+0000] {logging_mixin.py:188} INFO - Столбец kickoff_millis содержит значение больше 2147483647
[2024-05-23T16:23:10.008+0000] {logging_mixin.py:188} INFO - Столбец kickoff_millis содержит значение больше 2147483647
[2024-05-23T16:23:10.008+0000] {logging_mixin.py:188} INFO - Столбец kickoff_millis содержит значение больше 2147483647
[2024-05-23T16:23:10.008+0000] {logging_mixin.py:188} INFO - Столбец kickoff_millis содержит значение больше 2147483647
[2024-05-23T16:23:10.008+0000] {logging_mixin.py:188} INFO - Столбец kickoff_millis содержит значение больше 2147483647
[2024-05-23T16:23:10.008+0000] {logging_mixin.py:188} INFO - Столбец kickoff_millis содержит значение больше 2147483647
[2024-05-23T16:23:10.008+0000] {logging_mixin.py:188} INFO - Столбец kickoff_millis содержит значение больше 2147483647
[2024-05-23T16:23:10.008+0000] {logging_mixin.py:188} INFO - Столбец kickoff_millis содержит значение больше 2147483647
[2024-05-23T16:23:10.009+0000] {logging_mixin.py:188} INFO - Столбец kickoff_millis содержит значение больше 2147483647
[2024-05-23T16:23:10.009+0000] {logging_mixin.py:188} INFO - Столбец kickoff_millis содержит значение больше 2147483647
[2024-05-23T16:23:10.009+0000] {logging_mixin.py:188} INFO - Столбец kickoff_millis содержит значение больше 2147483647
[2024-05-23T16:23:10.009+0000] {logging_mixin.py:188} INFO - Столбец kickoff_millis содержит значение больше 2147483647
[2024-05-23T16:23:10.009+0000] {logging_mixin.py:188} INFO - Столбец kickoff_millis содержит значение больше 2147483647
[2024-05-23T16:23:10.009+0000] {logging_mixin.py:188} INFO - Столбец kickoff_millis содержит значение больше 2147483647
[2024-05-23T16:23:10.009+0000] {logging_mixin.py:188} INFO - Столбец kickoff_millis содержит значение больше 2147483647
[2024-05-23T16:23:10.009+0000] {logging_mixin.py:188} INFO - Столбец kickoff_millis содержит значение больше 2147483647
[2024-05-23T16:23:10.009+0000] {logging_mixin.py:188} INFO - Столбец kickoff_millis содержит значение больше 2147483647
[2024-05-23T16:23:10.009+0000] {logging_mixin.py:188} INFO - Столбец kickoff_millis содержит значение больше 2147483647
[2024-05-23T16:23:10.009+0000] {logging_mixin.py:188} INFO - Столбец kickoff_millis содержит значение больше 2147483647
[2024-05-23T16:23:10.009+0000] {logging_mixin.py:188} INFO - Столбец kickoff_millis содержит значение больше 2147483647
[2024-05-23T16:23:10.010+0000] {logging_mixin.py:188} INFO - Столбец kickoff_millis содержит значение больше 2147483647
[2024-05-23T16:23:10.010+0000] {logging_mixin.py:188} INFO - Столбец kickoff_millis содержит значение больше 2147483647
[2024-05-23T16:23:10.010+0000] {logging_mixin.py:188} INFO - Столбец kickoff_millis содержит значение больше 2147483647
[2024-05-23T16:23:10.010+0000] {logging_mixin.py:188} INFO - Столбец kickoff_millis содержит значение больше 2147483647
[2024-05-23T16:23:10.010+0000] {logging_mixin.py:188} INFO - Столбец kickoff_millis содержит значение больше 2147483647
[2024-05-23T16:23:10.010+0000] {logging_mixin.py:188} INFO - Столбец kickoff_millis содержит значение больше 2147483647
[2024-05-23T16:23:10.010+0000] {logging_mixin.py:188} INFO - Столбец kickoff_millis содержит значение больше 2147483647
[2024-05-23T16:23:10.010+0000] {logging_mixin.py:188} INFO - Столбец kickoff_millis содержит значение больше 2147483647
[2024-05-23T16:23:10.010+0000] {logging_mixin.py:188} INFO - Столбец kickoff_millis содержит значение больше 2147483647
[2024-05-23T16:23:10.010+0000] {logging_mixin.py:188} INFO - Столбец kickoff_millis содержит значение больше 2147483647
[2024-05-23T16:23:10.010+0000] {logging_mixin.py:188} INFO - Столбец kickoff_millis содержит значение больше 2147483647
[2024-05-23T16:23:10.010+0000] {logging_mixin.py:188} INFO - Столбец kickoff_millis содержит значение больше 2147483647
[2024-05-23T16:23:10.011+0000] {logging_mixin.py:188} INFO - Столбец kickoff_millis содержит значение больше 2147483647
[2024-05-23T16:23:10.011+0000] {logging_mixin.py:188} INFO - Столбец kickoff_millis содержит значение больше 2147483647
[2024-05-23T16:23:10.011+0000] {logging_mixin.py:188} INFO - Столбец kickoff_millis содержит значение больше 2147483647
[2024-05-23T16:23:10.011+0000] {logging_mixin.py:188} INFO - Столбец kickoff_millis содержит значение больше 2147483647
[2024-05-23T16:23:10.011+0000] {logging_mixin.py:188} INFO - Столбец kickoff_millis содержит значение больше 2147483647
[2024-05-23T16:23:10.011+0000] {logging_mixin.py:188} INFO - Столбец kickoff_millis содержит значение больше 2147483647
[2024-05-23T16:23:10.011+0000] {logging_mixin.py:188} INFO - Столбец kickoff_millis содержит значение больше 2147483647
[2024-05-23T16:23:10.011+0000] {logging_mixin.py:188} INFO - Столбец kickoff_millis содержит значение больше 2147483647
[2024-05-23T16:23:10.011+0000] {logging_mixin.py:188} INFO - Столбец kickoff_millis содержит значение больше 2147483647
[2024-05-23T16:23:10.011+0000] {logging_mixin.py:188} INFO - Столбец kickoff_millis содержит значение больше 2147483647
[2024-05-23T16:23:10.011+0000] {logging_mixin.py:188} INFO - Столбец kickoff_millis содержит значение больше 2147483647
[2024-05-23T16:23:10.011+0000] {logging_mixin.py:188} INFO - Столбец kickoff_millis содержит значение больше 2147483647
[2024-05-23T16:23:10.012+0000] {logging_mixin.py:188} INFO - Столбец kickoff_millis содержит значение больше 2147483647
[2024-05-23T16:23:10.012+0000] {logging_mixin.py:188} INFO - Столбец kickoff_millis содержит значение больше 2147483647
[2024-05-23T16:23:10.012+0000] {logging_mixin.py:188} INFO - Столбец kickoff_millis содержит значение больше 2147483647
[2024-05-23T16:23:10.012+0000] {logging_mixin.py:188} INFO - Столбец kickoff_millis содержит значение больше 2147483647
[2024-05-23T16:23:10.012+0000] {logging_mixin.py:188} INFO - Столбец kickoff_millis содержит значение больше 2147483647
[2024-05-23T16:23:10.012+0000] {logging_mixin.py:188} INFO - Столбец kickoff_millis содержит значение больше 2147483647
[2024-05-23T16:23:10.012+0000] {logging_mixin.py:188} INFO - Столбец kickoff_millis содержит значение больше 2147483647
[2024-05-23T16:23:10.012+0000] {logging_mixin.py:188} INFO - Столбец kickoff_millis содержит значение больше 2147483647
[2024-05-23T16:23:10.012+0000] {logging_mixin.py:188} INFO - Столбец kickoff_millis содержит значение больше 2147483647
[2024-05-23T16:23:10.012+0000] {logging_mixin.py:188} INFO - Столбец kickoff_millis содержит значение больше 2147483647
[2024-05-23T16:23:10.012+0000] {logging_mixin.py:188} INFO - Столбец kickoff_millis содержит значение больше 2147483647
[2024-05-23T16:23:10.012+0000] {logging_mixin.py:188} INFO - Столбец kickoff_millis содержит значение больше 2147483647
[2024-05-23T16:23:10.013+0000] {logging_mixin.py:188} INFO - Столбец kickoff_millis содержит значение больше 2147483647
[2024-05-23T16:23:10.013+0000] {logging_mixin.py:188} INFO - Столбец kickoff_millis содержит значение больше 2147483647
[2024-05-23T16:23:10.013+0000] {logging_mixin.py:188} INFO - Столбец kickoff_millis содержит значение больше 2147483647
[2024-05-23T16:23:10.013+0000] {logging_mixin.py:188} INFO - Столбец kickoff_millis содержит значение больше 2147483647
[2024-05-23T16:23:10.013+0000] {logging_mixin.py:188} INFO - Столбец kickoff_millis содержит значение больше 2147483647
[2024-05-23T16:23:10.013+0000] {logging_mixin.py:188} INFO - Столбец kickoff_millis содержит значение больше 2147483647
[2024-05-23T16:23:10.013+0000] {logging_mixin.py:188} INFO - Столбец kickoff_millis содержит значение больше 2147483647
[2024-05-23T16:23:10.013+0000] {logging_mixin.py:188} INFO - Столбец kickoff_millis содержит значение больше 2147483647
[2024-05-23T16:23:10.013+0000] {logging_mixin.py:188} INFO - Столбец kickoff_millis содержит значение больше 2147483647
[2024-05-23T16:23:10.013+0000] {logging_mixin.py:188} INFO - Столбец kickoff_millis содержит значение больше 2147483647
[2024-05-23T16:23:10.013+0000] {logging_mixin.py:188} INFO - Столбец kickoff_millis содержит значение больше 2147483647
[2024-05-23T16:23:10.013+0000] {logging_mixin.py:188} INFO - Столбец kickoff_millis содержит значение больше 2147483647
[2024-05-23T16:23:10.014+0000] {logging_mixin.py:188} INFO - Столбец kickoff_millis содержит значение больше 2147483647
[2024-05-23T16:23:10.014+0000] {logging_mixin.py:188} INFO - Столбец kickoff_millis содержит значение больше 2147483647
[2024-05-23T16:23:10.014+0000] {logging_mixin.py:188} INFO - Столбец kickoff_millis содержит значение больше 2147483647
[2024-05-23T16:23:10.014+0000] {logging_mixin.py:188} INFO - Столбец kickoff_millis содержит значение больше 2147483647
[2024-05-23T16:23:10.014+0000] {logging_mixin.py:188} INFO - Столбец kickoff_millis содержит значение больше 2147483647
[2024-05-23T16:23:10.014+0000] {logging_mixin.py:188} INFO - Столбец kickoff_millis содержит значение больше 2147483647
[2024-05-23T16:23:10.014+0000] {logging_mixin.py:188} INFO - Столбец kickoff_millis содержит значение больше 2147483647
[2024-05-23T16:23:10.014+0000] {logging_mixin.py:188} INFO - Столбец kickoff_millis содержит значение больше 2147483647
[2024-05-23T16:23:10.014+0000] {logging_mixin.py:188} INFO - Столбец kickoff_millis содержит значение больше 2147483647
[2024-05-23T16:23:10.014+0000] {logging_mixin.py:188} INFO - Столбец kickoff_millis содержит значение больше 2147483647
[2024-05-23T16:23:10.014+0000] {logging_mixin.py:188} INFO - Столбец kickoff_millis содержит значение больше 2147483647
[2024-05-23T16:23:10.014+0000] {logging_mixin.py:188} INFO - Столбец kickoff_millis содержит значение больше 2147483647
[2024-05-23T16:23:10.015+0000] {logging_mixin.py:188} INFO - Столбец kickoff_millis содержит значение больше 2147483647
[2024-05-23T16:23:10.015+0000] {logging_mixin.py:188} INFO - Столбец kickoff_millis содержит значение больше 2147483647
[2024-05-23T16:23:10.015+0000] {logging_mixin.py:188} INFO - Столбец kickoff_millis содержит значение больше 2147483647
[2024-05-23T16:23:10.015+0000] {logging_mixin.py:188} INFO - Столбец kickoff_millis содержит значение больше 2147483647
[2024-05-23T16:23:10.028+0000] {base.py:84} INFO - Using connection ID '***' for task execution.
[2024-05-23T16:23:10.567+0000] {taskinstance.py:441} INFO - ::group::Post task execution logs
[2024-05-23T16:23:10.568+0000] {taskinstance.py:2890} ERROR - Task failed with exception
Traceback (most recent call last):
  File "/home/airflow/.local/lib/python3.12/site-packages/airflow/models/taskinstance.py", line 465, in _execute_task
    result = _execute_callable(context=context, **execute_callable_kwargs)
             ^^^^^^^^^^^^^^^^^^^^^^^^^^^^^^^^^^^^^^^^^^^^^^^^^^^^^^^^^^^^^
  File "/home/airflow/.local/lib/python3.12/site-packages/airflow/models/taskinstance.py", line 432, in _execute_callable
    return execute_callable(context=context, **execute_callable_kwargs)
           ^^^^^^^^^^^^^^^^^^^^^^^^^^^^^^^^^^^^^^^^^^^^^^^^^^^^^^^^^^^^
  File "/home/airflow/.local/lib/python3.12/site-packages/airflow/models/baseoperator.py", line 400, in wrapper
    return func(self, *args, **kwargs)
           ^^^^^^^^^^^^^^^^^^^^^^^^^^^
  File "/home/airflow/.local/lib/python3.12/site-packages/airflow/operators/python.py", line 235, in execute
    return_value = self.execute_callable()
                   ^^^^^^^^^^^^^^^^^^^^^^^
  File "/home/airflow/.local/lib/python3.12/site-packages/airflow/operators/python.py", line 252, in execute_callable
    return self.python_callable(*self.op_args, **self.op_kwargs)
           ^^^^^^^^^^^^^^^^^^^^^^^^^^^^^^^^^^^^^^^^^^^^^^^^^^^^^
  File "/opt/airflow/plugins/steps/get_matches.py", line 178, in load_data
    hook.insert_rows(
  File "/home/airflow/.local/lib/python3.12/site-packages/airflow/providers/common/sql/hooks/sql.py", line 573, in insert_rows
    cur.execute(sql, values)
psycopg2.errors.NumericValueOutOfRange: bigint out of range

[2024-05-23T16:23:10.574+0000] {taskinstance.py:1205} INFO - Marking task as FAILED. dag_id=games, task_id=load_data, execution_date=20240523T161814, start_date=20240523T162309, end_date=20240523T162310
[2024-05-23T16:23:10.586+0000] {standard_task_runner.py:110} ERROR - Failed to execute job 705 for task load_data (bigint out of range
; 144)
[2024-05-23T16:23:10.633+0000] {local_task_job_runner.py:240} INFO - Task exited with return code 1
[2024-05-23T16:23:10.644+0000] {taskinstance.py:3482} INFO - 0 downstream tasks scheduled from follow-on schedule check
[2024-05-23T16:23:10.645+0000] {local_task_job_runner.py:222} INFO - ::endgroup::
