[2024-05-11T15:55:48.270+0000] {local_task_job_runner.py:120} INFO - ::group::Pre task execution logs
[2024-05-11T15:55:48.285+0000] {taskinstance.py:2073} INFO - Dependencies all met for dep_context=non-requeueable deps ti=<TaskInstance: stadium.load_data manual__2024-05-11T15:55:40.680301+00:00 [queued]>
[2024-05-11T15:55:48.289+0000] {taskinstance.py:2073} INFO - Dependencies all met for dep_context=requeueable deps ti=<TaskInstance: stadium.load_data manual__2024-05-11T15:55:40.680301+00:00 [queued]>
[2024-05-11T15:55:48.290+0000] {taskinstance.py:2303} INFO - Starting attempt 1 of 1
[2024-05-11T15:55:48.297+0000] {taskinstance.py:2327} INFO - Executing <Task(PythonOperator): load_data> on 2024-05-11 15:55:40.680301+00:00
[2024-05-11T15:55:48.304+0000] {warnings.py:110} WARNING - /home/***/.local/lib/python3.12/site-packages/***/task/task_runner/standard_task_runner.py:61: DeprecationWarning: This process (pid=69) is multi-threaded, use of fork() may lead to deadlocks in the child.
  pid = os.fork()

[2024-05-11T15:55:48.305+0000] {standard_task_runner.py:63} INFO - Started process 71 to run task
[2024-05-11T15:55:48.305+0000] {standard_task_runner.py:90} INFO - Running: ['***', 'tasks', 'run', 'stadium', 'load_data', 'manual__2024-05-11T15:55:40.680301+00:00', '--job-id', '420', '--raw', '--subdir', 'DAGS_FOLDER/get_stadiums.py', '--cfg-path', '/tmp/tmp77hk4aw8']
[2024-05-11T15:55:48.305+0000] {standard_task_runner.py:91} INFO - Job 420: Subtask load_data
[2024-05-11T15:55:48.333+0000] {task_command.py:426} INFO - Running <TaskInstance: stadium.load_data manual__2024-05-11T15:55:40.680301+00:00 [running]> on host 6447ad07f669
[2024-05-11T15:55:48.407+0000] {taskinstance.py:2644} INFO - Exporting env vars: AIRFLOW_CTX_DAG_OWNER='***' AIRFLOW_CTX_DAG_ID='stadium' AIRFLOW_CTX_TASK_ID='load_data' AIRFLOW_CTX_EXECUTION_DATE='2024-05-11T15:55:40.680301+00:00' AIRFLOW_CTX_TRY_NUMBER='1' AIRFLOW_CTX_DAG_RUN_ID='manual__2024-05-11T15:55:40.680301+00:00'
[2024-05-11T15:55:48.408+0000] {taskinstance.py:430} INFO - ::endgroup::
[2024-05-11T15:55:48.415+0000] {base.py:84} INFO - Using connection ID '***' for task execution.
[2024-05-11T15:55:51.807+0000] {sql.py:580} INFO - Done loading. Loaded a total of 32 rows into stadiums
[2024-05-11T15:55:51.807+0000] {python.py:237} INFO - Done. Returned value was: None
[2024-05-11T15:55:51.814+0000] {taskinstance.py:441} INFO - ::group::Post task execution logs
[2024-05-11T15:55:51.820+0000] {taskinstance.py:1205} INFO - Marking task as SUCCESS. dag_id=stadium, task_id=load_data, execution_date=20240511T155540, start_date=20240511T155548, end_date=20240511T155551
[2024-05-11T15:55:51.844+0000] {local_task_job_runner.py:240} INFO - Task exited with return code 0
[2024-05-11T15:55:51.856+0000] {taskinstance.py:3482} INFO - 0 downstream tasks scheduled from follow-on schedule check
[2024-05-11T15:55:51.857+0000] {local_task_job_runner.py:222} INFO - ::endgroup::
