[2024-05-23T15:33:00.192+0000] {local_task_job_runner.py:120} INFO - ::group::Pre task execution logs
[2024-05-23T15:33:00.204+0000] {taskinstance.py:2073} INFO - Dependencies all met for dep_context=non-requeueable deps ti=<TaskInstance: games.load_data manual__2024-05-23T15:28:03.754429+00:00 [queued]>
[2024-05-23T15:33:00.208+0000] {taskinstance.py:2073} INFO - Dependencies all met for dep_context=requeueable deps ti=<TaskInstance: games.load_data manual__2024-05-23T15:28:03.754429+00:00 [queued]>
[2024-05-23T15:33:00.209+0000] {taskinstance.py:2303} INFO - Starting attempt 1 of 1
[2024-05-23T15:33:00.215+0000] {taskinstance.py:2327} INFO - Executing <Task(PythonOperator): load_data> on 2024-05-23 15:28:03.754429+00:00
[2024-05-23T15:33:00.222+0000] {warnings.py:110} WARNING - /home/***/.local/lib/python3.12/site-packages/***/task/task_runner/standard_task_runner.py:61: DeprecationWarning: This process (pid=156) is multi-threaded, use of fork() may lead to deadlocks in the child.
  pid = os.fork()

[2024-05-23T15:33:00.223+0000] {standard_task_runner.py:63} INFO - Started process 158 to run task
[2024-05-23T15:33:00.223+0000] {standard_task_runner.py:90} INFO - Running: ['***', 'tasks', 'run', 'games', 'load_data', 'manual__2024-05-23T15:28:03.754429+00:00', '--job-id', '697', '--raw', '--subdir', 'DAGS_FOLDER/get_main_games.py', '--cfg-path', '/tmp/tmpn3phjhov']
[2024-05-23T15:33:00.224+0000] {standard_task_runner.py:91} INFO - Job 697: Subtask load_data
[2024-05-23T15:33:00.250+0000] {task_command.py:426} INFO - Running <TaskInstance: games.load_data manual__2024-05-23T15:28:03.754429+00:00 [running]> on host c80b0e71a0a8
[2024-05-23T15:33:00.302+0000] {taskinstance.py:2644} INFO - Exporting env vars: AIRFLOW_CTX_DAG_OWNER='***' AIRFLOW_CTX_DAG_ID='games' AIRFLOW_CTX_TASK_ID='load_data' AIRFLOW_CTX_EXECUTION_DATE='2024-05-23T15:28:03.754429+00:00' AIRFLOW_CTX_TRY_NUMBER='1' AIRFLOW_CTX_DAG_RUN_ID='manual__2024-05-23T15:28:03.754429+00:00'
[2024-05-23T15:33:00.303+0000] {taskinstance.py:430} INFO - ::endgroup::
[2024-05-23T15:33:00.328+0000] {base.py:84} INFO - Using connection ID '***' for task execution.
[2024-05-23T15:33:00.330+0000] {logging_mixin.py:188} INFO - Столбец kickoff_millis содержит значение больше 2147483647
[2024-05-23T15:33:00.330+0000] {logging_mixin.py:188} INFO - Столбец kickoff_millis содержит значение больше 2147483647
[2024-05-23T15:33:00.330+0000] {logging_mixin.py:188} INFO - Столбец kickoff_millis содержит значение больше 2147483647
[2024-05-23T15:33:00.330+0000] {logging_mixin.py:188} INFO - Столбец kickoff_millis содержит значение больше 2147483647
[2024-05-23T15:33:00.330+0000] {logging_mixin.py:188} INFO - Столбец kickoff_millis содержит значение больше 2147483647
[2024-05-23T15:33:00.331+0000] {logging_mixin.py:188} INFO - Столбец kickoff_millis содержит значение больше 2147483647
[2024-05-23T15:33:00.331+0000] {logging_mixin.py:188} INFO - Столбец kickoff_millis содержит значение больше 2147483647
[2024-05-23T15:33:00.331+0000] {logging_mixin.py:188} INFO - Столбец kickoff_millis содержит значение больше 2147483647
[2024-05-23T15:33:00.331+0000] {logging_mixin.py:188} INFO - Столбец kickoff_millis содержит значение больше 2147483647
[2024-05-23T15:33:00.331+0000] {logging_mixin.py:188} INFO - Столбец kickoff_millis содержит значение больше 2147483647
[2024-05-23T15:33:00.331+0000] {logging_mixin.py:188} INFO - Столбец kickoff_millis содержит значение больше 2147483647
[2024-05-23T15:33:00.331+0000] {logging_mixin.py:188} INFO - Столбец kickoff_millis содержит значение больше 2147483647
[2024-05-23T15:33:00.331+0000] {logging_mixin.py:188} INFO - Столбец kickoff_millis содержит значение больше 2147483647
[2024-05-23T15:33:00.331+0000] {logging_mixin.py:188} INFO - Столбец kickoff_millis содержит значение больше 2147483647
[2024-05-23T15:33:00.331+0000] {logging_mixin.py:188} INFO - Столбец kickoff_millis содержит значение больше 2147483647
[2024-05-23T15:33:00.331+0000] {logging_mixin.py:188} INFO - Столбец kickoff_millis содержит значение больше 2147483647
[2024-05-23T15:33:00.332+0000] {logging_mixin.py:188} INFO - Столбец kickoff_millis содержит значение больше 2147483647
[2024-05-23T15:33:00.332+0000] {logging_mixin.py:188} INFO - Столбец kickoff_millis содержит значение больше 2147483647
[2024-05-23T15:33:00.332+0000] {logging_mixin.py:188} INFO - Столбец kickoff_millis содержит значение больше 2147483647
[2024-05-23T15:33:00.332+0000] {logging_mixin.py:188} INFO - Столбец kickoff_millis содержит значение больше 2147483647
[2024-05-23T15:33:00.332+0000] {logging_mixin.py:188} INFO - Столбец kickoff_millis содержит значение больше 2147483647
[2024-05-23T15:33:00.332+0000] {logging_mixin.py:188} INFO - Столбец kickoff_millis содержит значение больше 2147483647
[2024-05-23T15:33:00.332+0000] {logging_mixin.py:188} INFO - Столбец kickoff_millis содержит значение больше 2147483647
[2024-05-23T15:33:00.332+0000] {logging_mixin.py:188} INFO - Столбец kickoff_millis содержит значение больше 2147483647
[2024-05-23T15:33:00.332+0000] {logging_mixin.py:188} INFO - Столбец kickoff_millis содержит значение больше 2147483647
[2024-05-23T15:33:00.332+0000] {logging_mixin.py:188} INFO - Столбец kickoff_millis содержит значение больше 2147483647
[2024-05-23T15:33:00.332+0000] {logging_mixin.py:188} INFO - Столбец kickoff_millis содержит значение больше 2147483647
[2024-05-23T15:33:00.333+0000] {logging_mixin.py:188} INFO - Столбец kickoff_millis содержит значение больше 2147483647
[2024-05-23T15:33:00.333+0000] {logging_mixin.py:188} INFO - Столбец kickoff_millis содержит значение больше 2147483647
[2024-05-23T15:33:00.333+0000] {logging_mixin.py:188} INFO - Столбец kickoff_millis содержит значение больше 2147483647
[2024-05-23T15:33:00.333+0000] {logging_mixin.py:188} INFO - Столбец kickoff_millis содержит значение больше 2147483647
[2024-05-23T15:33:00.333+0000] {logging_mixin.py:188} INFO - Столбец kickoff_millis содержит значение больше 2147483647
[2024-05-23T15:33:00.333+0000] {logging_mixin.py:188} INFO - Столбец kickoff_millis содержит значение больше 2147483647
[2024-05-23T15:33:00.333+0000] {logging_mixin.py:188} INFO - Столбец kickoff_millis содержит значение больше 2147483647
[2024-05-23T15:33:00.333+0000] {logging_mixin.py:188} INFO - Столбец kickoff_millis содержит значение больше 2147483647
[2024-05-23T15:33:00.333+0000] {logging_mixin.py:188} INFO - Столбец kickoff_millis содержит значение больше 2147483647
[2024-05-23T15:33:00.333+0000] {logging_mixin.py:188} INFO - Столбец kickoff_millis содержит значение больше 2147483647
[2024-05-23T15:33:00.333+0000] {logging_mixin.py:188} INFO - Столбец kickoff_millis содержит значение больше 2147483647
[2024-05-23T15:33:00.334+0000] {logging_mixin.py:188} INFO - Столбец kickoff_millis содержит значение больше 2147483647
[2024-05-23T15:33:00.334+0000] {logging_mixin.py:188} INFO - Столбец kickoff_millis содержит значение больше 2147483647
[2024-05-23T15:33:00.334+0000] {logging_mixin.py:188} INFO - Столбец kickoff_millis содержит значение больше 2147483647
[2024-05-23T15:33:00.334+0000] {logging_mixin.py:188} INFO - Столбец kickoff_millis содержит значение больше 2147483647
[2024-05-23T15:33:00.334+0000] {logging_mixin.py:188} INFO - Столбец kickoff_millis содержит значение больше 2147483647
[2024-05-23T15:33:00.334+0000] {logging_mixin.py:188} INFO - Столбец kickoff_millis содержит значение больше 2147483647
[2024-05-23T15:33:00.334+0000] {logging_mixin.py:188} INFO - Столбец kickoff_millis содержит значение больше 2147483647
[2024-05-23T15:33:00.334+0000] {logging_mixin.py:188} INFO - Столбец kickoff_millis содержит значение больше 2147483647
[2024-05-23T15:33:00.334+0000] {logging_mixin.py:188} INFO - Столбец kickoff_millis содержит значение больше 2147483647
[2024-05-23T15:33:00.334+0000] {logging_mixin.py:188} INFO - Столбец kickoff_millis содержит значение больше 2147483647
[2024-05-23T15:33:00.334+0000] {logging_mixin.py:188} INFO - Столбец kickoff_millis содержит значение больше 2147483647
[2024-05-23T15:33:00.335+0000] {logging_mixin.py:188} INFO - Столбец kickoff_millis содержит значение больше 2147483647
[2024-05-23T15:33:00.335+0000] {logging_mixin.py:188} INFO - Столбец kickoff_millis содержит значение больше 2147483647
[2024-05-23T15:33:00.335+0000] {logging_mixin.py:188} INFO - Столбец kickoff_millis содержит значение больше 2147483647
[2024-05-23T15:33:00.335+0000] {logging_mixin.py:188} INFO - Столбец kickoff_millis содержит значение больше 2147483647
[2024-05-23T15:33:00.335+0000] {logging_mixin.py:188} INFO - Столбец kickoff_millis содержит значение больше 2147483647
[2024-05-23T15:33:00.335+0000] {logging_mixin.py:188} INFO - Столбец kickoff_millis содержит значение больше 2147483647
[2024-05-23T15:33:00.335+0000] {logging_mixin.py:188} INFO - Столбец kickoff_millis содержит значение больше 2147483647
[2024-05-23T15:33:00.335+0000] {logging_mixin.py:188} INFO - Столбец kickoff_millis содержит значение больше 2147483647
[2024-05-23T15:33:00.335+0000] {logging_mixin.py:188} INFO - Столбец kickoff_millis содержит значение больше 2147483647
[2024-05-23T15:33:00.335+0000] {logging_mixin.py:188} INFO - Столбец kickoff_millis содержит значение больше 2147483647
[2024-05-23T15:33:00.335+0000] {logging_mixin.py:188} INFO - Столбец kickoff_millis содержит значение больше 2147483647
[2024-05-23T15:33:00.336+0000] {logging_mixin.py:188} INFO - Столбец kickoff_millis содержит значение больше 2147483647
[2024-05-23T15:33:00.336+0000] {logging_mixin.py:188} INFO - Столбец kickoff_millis содержит значение больше 2147483647
[2024-05-23T15:33:00.336+0000] {logging_mixin.py:188} INFO - Столбец kickoff_millis содержит значение больше 2147483647
[2024-05-23T15:33:00.336+0000] {logging_mixin.py:188} INFO - Столбец kickoff_millis содержит значение больше 2147483647
[2024-05-23T15:33:00.336+0000] {logging_mixin.py:188} INFO - Столбец kickoff_millis содержит значение больше 2147483647
[2024-05-23T15:33:00.336+0000] {logging_mixin.py:188} INFO - Столбец kickoff_millis содержит значение больше 2147483647
[2024-05-23T15:33:00.336+0000] {logging_mixin.py:188} INFO - Столбец kickoff_millis содержит значение больше 2147483647
[2024-05-23T15:33:00.336+0000] {logging_mixin.py:188} INFO - Столбец kickoff_millis содержит значение больше 2147483647
[2024-05-23T15:33:00.336+0000] {logging_mixin.py:188} INFO - Столбец kickoff_millis содержит значение больше 2147483647
[2024-05-23T15:33:00.336+0000] {logging_mixin.py:188} INFO - Столбец kickoff_millis содержит значение больше 2147483647
[2024-05-23T15:33:00.337+0000] {logging_mixin.py:188} INFO - Столбец kickoff_millis содержит значение больше 2147483647
[2024-05-23T15:33:00.337+0000] {logging_mixin.py:188} INFO - Столбец kickoff_millis содержит значение больше 2147483647
[2024-05-23T15:33:00.337+0000] {logging_mixin.py:188} INFO - Столбец kickoff_millis содержит значение больше 2147483647
[2024-05-23T15:33:00.337+0000] {logging_mixin.py:188} INFO - Столбец kickoff_millis содержит значение больше 2147483647
[2024-05-23T15:33:00.337+0000] {logging_mixin.py:188} INFO - Столбец kickoff_millis содержит значение больше 2147483647
[2024-05-23T15:33:00.337+0000] {logging_mixin.py:188} INFO - Столбец kickoff_millis содержит значение больше 2147483647
[2024-05-23T15:33:00.337+0000] {logging_mixin.py:188} INFO - Столбец kickoff_millis содержит значение больше 2147483647
[2024-05-23T15:33:00.337+0000] {logging_mixin.py:188} INFO - Столбец kickoff_millis содержит значение больше 2147483647
[2024-05-23T15:33:00.337+0000] {logging_mixin.py:188} INFO - Столбец kickoff_millis содержит значение больше 2147483647
[2024-05-23T15:33:00.337+0000] {logging_mixin.py:188} INFO - Столбец kickoff_millis содержит значение больше 2147483647
[2024-05-23T15:33:00.337+0000] {logging_mixin.py:188} INFO - Столбец kickoff_millis содержит значение больше 2147483647
[2024-05-23T15:33:00.337+0000] {logging_mixin.py:188} INFO - Столбец kickoff_millis содержит значение больше 2147483647
[2024-05-23T15:33:00.338+0000] {logging_mixin.py:188} INFO - Столбец kickoff_millis содержит значение больше 2147483647
[2024-05-23T15:33:00.338+0000] {logging_mixin.py:188} INFO - Столбец kickoff_millis содержит значение больше 2147483647
[2024-05-23T15:33:00.338+0000] {logging_mixin.py:188} INFO - Столбец kickoff_millis содержит значение больше 2147483647
[2024-05-23T15:33:00.338+0000] {logging_mixin.py:188} INFO - Столбец kickoff_millis содержит значение больше 2147483647
[2024-05-23T15:33:00.338+0000] {logging_mixin.py:188} INFO - Столбец kickoff_millis содержит значение больше 2147483647
[2024-05-23T15:33:00.338+0000] {logging_mixin.py:188} INFO - Столбец kickoff_millis содержит значение больше 2147483647
[2024-05-23T15:33:00.338+0000] {logging_mixin.py:188} INFO - Столбец kickoff_millis содержит значение больше 2147483647
[2024-05-23T15:33:00.338+0000] {logging_mixin.py:188} INFO - Столбец kickoff_millis содержит значение больше 2147483647
[2024-05-23T15:33:00.338+0000] {logging_mixin.py:188} INFO - Столбец kickoff_millis содержит значение больше 2147483647
[2024-05-23T15:33:00.338+0000] {logging_mixin.py:188} INFO - Столбец kickoff_millis содержит значение больше 2147483647
[2024-05-23T15:33:00.338+0000] {logging_mixin.py:188} INFO - Столбец kickoff_millis содержит значение больше 2147483647
[2024-05-23T15:33:00.339+0000] {logging_mixin.py:188} INFO - Столбец kickoff_millis содержит значение больше 2147483647
[2024-05-23T15:33:00.339+0000] {logging_mixin.py:188} INFO - Столбец kickoff_millis содержит значение больше 2147483647
[2024-05-23T15:33:00.339+0000] {logging_mixin.py:188} INFO - Столбец kickoff_millis содержит значение больше 2147483647
[2024-05-23T15:33:00.339+0000] {logging_mixin.py:188} INFO - Столбец kickoff_millis содержит значение больше 2147483647
[2024-05-23T15:33:00.339+0000] {logging_mixin.py:188} INFO - Столбец kickoff_millis содержит значение больше 2147483647
[2024-05-23T15:33:00.339+0000] {logging_mixin.py:188} INFO - Столбец kickoff_millis содержит значение больше 2147483647
[2024-05-23T15:33:00.339+0000] {logging_mixin.py:188} INFO - Столбец kickoff_millis содержит значение больше 2147483647
[2024-05-23T15:33:00.339+0000] {logging_mixin.py:188} INFO - Столбец kickoff_millis содержит значение больше 2147483647
[2024-05-23T15:33:00.339+0000] {logging_mixin.py:188} INFO - Столбец kickoff_millis содержит значение больше 2147483647
[2024-05-23T15:33:00.339+0000] {logging_mixin.py:188} INFO - Столбец kickoff_millis содержит значение больше 2147483647
[2024-05-23T15:33:00.340+0000] {logging_mixin.py:188} INFO - Столбец kickoff_millis содержит значение больше 2147483647
[2024-05-23T15:33:00.340+0000] {logging_mixin.py:188} INFO - Столбец kickoff_millis содержит значение больше 2147483647
[2024-05-23T15:33:00.340+0000] {logging_mixin.py:188} INFO - Столбец kickoff_millis содержит значение больше 2147483647
[2024-05-23T15:33:00.340+0000] {logging_mixin.py:188} INFO - Столбец kickoff_millis содержит значение больше 2147483647
[2024-05-23T15:33:00.340+0000] {logging_mixin.py:188} INFO - Столбец kickoff_millis содержит значение больше 2147483647
[2024-05-23T15:33:00.340+0000] {logging_mixin.py:188} INFO - Столбец kickoff_millis содержит значение больше 2147483647
[2024-05-23T15:33:00.340+0000] {logging_mixin.py:188} INFO - Столбец kickoff_millis содержит значение больше 2147483647
[2024-05-23T15:33:00.340+0000] {logging_mixin.py:188} INFO - Столбец kickoff_millis содержит значение больше 2147483647
[2024-05-23T15:33:00.340+0000] {logging_mixin.py:188} INFO - Столбец kickoff_millis содержит значение больше 2147483647
[2024-05-23T15:33:00.340+0000] {logging_mixin.py:188} INFO - Столбец kickoff_millis содержит значение больше 2147483647
[2024-05-23T15:33:00.340+0000] {logging_mixin.py:188} INFO - Столбец kickoff_millis содержит значение больше 2147483647
[2024-05-23T15:33:00.340+0000] {logging_mixin.py:188} INFO - Столбец kickoff_millis содержит значение больше 2147483647
[2024-05-23T15:33:00.341+0000] {logging_mixin.py:188} INFO - Столбец kickoff_millis содержит значение больше 2147483647
[2024-05-23T15:33:00.341+0000] {logging_mixin.py:188} INFO - Столбец kickoff_millis содержит значение больше 2147483647
[2024-05-23T15:33:00.341+0000] {logging_mixin.py:188} INFO - Столбец kickoff_millis содержит значение больше 2147483647
[2024-05-23T15:33:00.341+0000] {logging_mixin.py:188} INFO - Столбец kickoff_millis содержит значение больше 2147483647
[2024-05-23T15:33:00.341+0000] {logging_mixin.py:188} INFO - Столбец kickoff_millis содержит значение больше 2147483647
[2024-05-23T15:33:00.341+0000] {logging_mixin.py:188} INFO - Столбец kickoff_millis содержит значение больше 2147483647
[2024-05-23T15:33:00.341+0000] {logging_mixin.py:188} INFO - Столбец kickoff_millis содержит значение больше 2147483647
[2024-05-23T15:33:00.341+0000] {logging_mixin.py:188} INFO - Столбец kickoff_millis содержит значение больше 2147483647
[2024-05-23T15:33:00.341+0000] {logging_mixin.py:188} INFO - Столбец kickoff_millis содержит значение больше 2147483647
[2024-05-23T15:33:00.341+0000] {logging_mixin.py:188} INFO - Столбец kickoff_millis содержит значение больше 2147483647
[2024-05-23T15:33:00.341+0000] {logging_mixin.py:188} INFO - Столбец kickoff_millis содержит значение больше 2147483647
[2024-05-23T15:33:00.342+0000] {logging_mixin.py:188} INFO - Столбец kickoff_millis содержит значение больше 2147483647
[2024-05-23T15:33:00.342+0000] {logging_mixin.py:188} INFO - Столбец kickoff_millis содержит значение больше 2147483647
[2024-05-23T15:33:00.342+0000] {logging_mixin.py:188} INFO - Столбец kickoff_millis содержит значение больше 2147483647
[2024-05-23T15:33:00.342+0000] {logging_mixin.py:188} INFO - Столбец kickoff_millis содержит значение больше 2147483647
[2024-05-23T15:33:00.342+0000] {logging_mixin.py:188} INFO - Столбец kickoff_millis содержит значение больше 2147483647
[2024-05-23T15:33:00.342+0000] {logging_mixin.py:188} INFO - Столбец kickoff_millis содержит значение больше 2147483647
[2024-05-23T15:33:00.342+0000] {logging_mixin.py:188} INFO - Столбец kickoff_millis содержит значение больше 2147483647
[2024-05-23T15:33:00.342+0000] {logging_mixin.py:188} INFO - Столбец kickoff_millis содержит значение больше 2147483647
[2024-05-23T15:33:00.342+0000] {logging_mixin.py:188} INFO - Столбец kickoff_millis содержит значение больше 2147483647
[2024-05-23T15:33:00.342+0000] {logging_mixin.py:188} INFO - Столбец kickoff_millis содержит значение больше 2147483647
[2024-05-23T15:33:00.342+0000] {logging_mixin.py:188} INFO - Столбец kickoff_millis содержит значение больше 2147483647
[2024-05-23T15:33:00.342+0000] {logging_mixin.py:188} INFO - Столбец kickoff_millis содержит значение больше 2147483647
[2024-05-23T15:33:00.343+0000] {logging_mixin.py:188} INFO - Столбец kickoff_millis содержит значение больше 2147483647
[2024-05-23T15:33:00.343+0000] {logging_mixin.py:188} INFO - Столбец kickoff_millis содержит значение больше 2147483647
[2024-05-23T15:33:00.343+0000] {logging_mixin.py:188} INFO - Столбец kickoff_millis содержит значение больше 2147483647
[2024-05-23T15:33:00.343+0000] {logging_mixin.py:188} INFO - Столбец kickoff_millis содержит значение больше 2147483647
[2024-05-23T15:33:00.343+0000] {logging_mixin.py:188} INFO - Столбец kickoff_millis содержит значение больше 2147483647
[2024-05-23T15:33:00.343+0000] {logging_mixin.py:188} INFO - Столбец kickoff_millis содержит значение больше 2147483647
[2024-05-23T15:33:00.343+0000] {logging_mixin.py:188} INFO - Столбец kickoff_millis содержит значение больше 2147483647
[2024-05-23T15:33:00.343+0000] {logging_mixin.py:188} INFO - Столбец kickoff_millis содержит значение больше 2147483647
[2024-05-23T15:33:00.343+0000] {logging_mixin.py:188} INFO - Столбец kickoff_millis содержит значение больше 2147483647
[2024-05-23T15:33:00.344+0000] {logging_mixin.py:188} INFO - Столбец kickoff_millis содержит значение больше 2147483647
[2024-05-23T15:33:00.344+0000] {logging_mixin.py:188} INFO - Столбец kickoff_millis содержит значение больше 2147483647
[2024-05-23T15:33:00.344+0000] {logging_mixin.py:188} INFO - Столбец kickoff_millis содержит значение больше 2147483647
[2024-05-23T15:33:00.344+0000] {logging_mixin.py:188} INFO - Столбец kickoff_millis содержит значение больше 2147483647
[2024-05-23T15:33:00.344+0000] {logging_mixin.py:188} INFO - Столбец kickoff_millis содержит значение больше 2147483647
[2024-05-23T15:33:00.344+0000] {logging_mixin.py:188} INFO - Столбец kickoff_millis содержит значение больше 2147483647
[2024-05-23T15:33:00.344+0000] {logging_mixin.py:188} INFO - Столбец kickoff_millis содержит значение больше 2147483647
[2024-05-23T15:33:00.344+0000] {logging_mixin.py:188} INFO - Столбец kickoff_millis содержит значение больше 2147483647
[2024-05-23T15:33:00.344+0000] {logging_mixin.py:188} INFO - Столбец kickoff_millis содержит значение больше 2147483647
[2024-05-23T15:33:00.344+0000] {logging_mixin.py:188} INFO - Столбец kickoff_millis содержит значение больше 2147483647
[2024-05-23T15:33:00.344+0000] {logging_mixin.py:188} INFO - Столбец kickoff_millis содержит значение больше 2147483647
[2024-05-23T15:33:00.345+0000] {logging_mixin.py:188} INFO - Столбец kickoff_millis содержит значение больше 2147483647
[2024-05-23T15:33:00.345+0000] {logging_mixin.py:188} INFO - Столбец kickoff_millis содержит значение больше 2147483647
[2024-05-23T15:33:00.345+0000] {logging_mixin.py:188} INFO - Столбец kickoff_millis содержит значение больше 2147483647
[2024-05-23T15:33:00.345+0000] {logging_mixin.py:188} INFO - Столбец kickoff_millis содержит значение больше 2147483647
[2024-05-23T15:33:00.345+0000] {logging_mixin.py:188} INFO - Столбец kickoff_millis содержит значение больше 2147483647
[2024-05-23T15:33:00.345+0000] {logging_mixin.py:188} INFO - Столбец kickoff_millis содержит значение больше 2147483647
[2024-05-23T15:33:00.345+0000] {logging_mixin.py:188} INFO - Столбец kickoff_millis содержит значение больше 2147483647
[2024-05-23T15:33:00.345+0000] {logging_mixin.py:188} INFO - Столбец kickoff_millis содержит значение больше 2147483647
[2024-05-23T15:33:00.345+0000] {logging_mixin.py:188} INFO - Столбец kickoff_millis содержит значение больше 2147483647
[2024-05-23T15:33:00.345+0000] {logging_mixin.py:188} INFO - Столбец kickoff_millis содержит значение больше 2147483647
[2024-05-23T15:33:00.345+0000] {logging_mixin.py:188} INFO - Столбец kickoff_millis содержит значение больше 2147483647
[2024-05-23T15:33:00.345+0000] {logging_mixin.py:188} INFO - Столбец kickoff_millis содержит значение больше 2147483647
[2024-05-23T15:33:00.346+0000] {logging_mixin.py:188} INFO - Столбец kickoff_millis содержит значение больше 2147483647
[2024-05-23T15:33:00.346+0000] {logging_mixin.py:188} INFO - Столбец kickoff_millis содержит значение больше 2147483647
[2024-05-23T15:33:00.346+0000] {logging_mixin.py:188} INFO - Столбец kickoff_millis содержит значение больше 2147483647
[2024-05-23T15:33:00.346+0000] {logging_mixin.py:188} INFO - Столбец kickoff_millis содержит значение больше 2147483647
[2024-05-23T15:33:00.346+0000] {logging_mixin.py:188} INFO - Столбец kickoff_millis содержит значение больше 2147483647
[2024-05-23T15:33:00.346+0000] {logging_mixin.py:188} INFO - Столбец kickoff_millis содержит значение больше 2147483647
[2024-05-23T15:33:00.346+0000] {logging_mixin.py:188} INFO - Столбец kickoff_millis содержит значение больше 2147483647
[2024-05-23T15:33:00.346+0000] {logging_mixin.py:188} INFO - Столбец kickoff_millis содержит значение больше 2147483647
[2024-05-23T15:33:00.346+0000] {logging_mixin.py:188} INFO - Столбец kickoff_millis содержит значение больше 2147483647
[2024-05-23T15:33:00.346+0000] {logging_mixin.py:188} INFO - Столбец kickoff_millis содержит значение больше 2147483647
[2024-05-23T15:33:00.346+0000] {logging_mixin.py:188} INFO - Столбец kickoff_millis содержит значение больше 2147483647
[2024-05-23T15:33:00.346+0000] {logging_mixin.py:188} INFO - Столбец kickoff_millis содержит значение больше 2147483647
[2024-05-23T15:33:00.347+0000] {logging_mixin.py:188} INFO - Столбец kickoff_millis содержит значение больше 2147483647
[2024-05-23T15:33:00.347+0000] {logging_mixin.py:188} INFO - Столбец kickoff_millis содержит значение больше 2147483647
[2024-05-23T15:33:00.347+0000] {logging_mixin.py:188} INFO - Столбец kickoff_millis содержит значение больше 2147483647
[2024-05-23T15:33:00.347+0000] {logging_mixin.py:188} INFO - Столбец kickoff_millis содержит значение больше 2147483647
[2024-05-23T15:33:00.347+0000] {logging_mixin.py:188} INFO - Столбец kickoff_millis содержит значение больше 2147483647
[2024-05-23T15:33:00.347+0000] {logging_mixin.py:188} INFO - Столбец kickoff_millis содержит значение больше 2147483647
[2024-05-23T15:33:00.347+0000] {logging_mixin.py:188} INFO - Столбец kickoff_millis содержит значение больше 2147483647
[2024-05-23T15:33:00.347+0000] {logging_mixin.py:188} INFO - Столбец kickoff_millis содержит значение больше 2147483647
[2024-05-23T15:33:00.347+0000] {logging_mixin.py:188} INFO - Столбец kickoff_millis содержит значение больше 2147483647
[2024-05-23T15:33:00.347+0000] {logging_mixin.py:188} INFO - Столбец kickoff_millis содержит значение больше 2147483647
[2024-05-23T15:33:00.347+0000] {logging_mixin.py:188} INFO - Столбец kickoff_millis содержит значение больше 2147483647
[2024-05-23T15:33:00.347+0000] {logging_mixin.py:188} INFO - Столбец kickoff_millis содержит значение больше 2147483647
[2024-05-23T15:33:00.348+0000] {logging_mixin.py:188} INFO - Столбец kickoff_millis содержит значение больше 2147483647
[2024-05-23T15:33:00.348+0000] {logging_mixin.py:188} INFO - Столбец kickoff_millis содержит значение больше 2147483647
[2024-05-23T15:33:00.348+0000] {logging_mixin.py:188} INFO - Столбец kickoff_millis содержит значение больше 2147483647
[2024-05-23T15:33:00.348+0000] {logging_mixin.py:188} INFO - Столбец kickoff_millis содержит значение больше 2147483647
[2024-05-23T15:33:00.348+0000] {logging_mixin.py:188} INFO - Столбец kickoff_millis содержит значение больше 2147483647
[2024-05-23T15:33:00.348+0000] {logging_mixin.py:188} INFO - Столбец kickoff_millis содержит значение больше 2147483647
[2024-05-23T15:33:00.348+0000] {logging_mixin.py:188} INFO - Столбец kickoff_millis содержит значение больше 2147483647
[2024-05-23T15:33:00.348+0000] {logging_mixin.py:188} INFO - Столбец kickoff_millis содержит значение больше 2147483647
[2024-05-23T15:33:00.348+0000] {logging_mixin.py:188} INFO - Столбец kickoff_millis содержит значение больше 2147483647
[2024-05-23T15:33:00.348+0000] {logging_mixin.py:188} INFO - Столбец kickoff_millis содержит значение больше 2147483647
[2024-05-23T15:33:00.348+0000] {logging_mixin.py:188} INFO - Столбец kickoff_millis содержит значение больше 2147483647
[2024-05-23T15:33:00.348+0000] {logging_mixin.py:188} INFO - Столбец kickoff_millis содержит значение больше 2147483647
[2024-05-23T15:33:00.349+0000] {logging_mixin.py:188} INFO - Столбец kickoff_millis содержит значение больше 2147483647
[2024-05-23T15:33:00.349+0000] {logging_mixin.py:188} INFO - Столбец kickoff_millis содержит значение больше 2147483647
[2024-05-23T15:33:00.349+0000] {logging_mixin.py:188} INFO - Столбец kickoff_millis содержит значение больше 2147483647
[2024-05-23T15:33:00.349+0000] {logging_mixin.py:188} INFO - Столбец kickoff_millis содержит значение больше 2147483647
[2024-05-23T15:33:00.349+0000] {logging_mixin.py:188} INFO - Столбец kickoff_millis содержит значение больше 2147483647
[2024-05-23T15:33:00.349+0000] {logging_mixin.py:188} INFO - Столбец kickoff_millis содержит значение больше 2147483647
[2024-05-23T15:33:00.349+0000] {logging_mixin.py:188} INFO - Столбец kickoff_millis содержит значение больше 2147483647
[2024-05-23T15:33:00.349+0000] {logging_mixin.py:188} INFO - Столбец kickoff_millis содержит значение больше 2147483647
[2024-05-23T15:33:00.349+0000] {logging_mixin.py:188} INFO - Столбец kickoff_millis содержит значение больше 2147483647
[2024-05-23T15:33:00.349+0000] {logging_mixin.py:188} INFO - Столбец kickoff_millis содержит значение больше 2147483647
[2024-05-23T15:33:00.349+0000] {logging_mixin.py:188} INFO - Столбец kickoff_millis содержит значение больше 2147483647
[2024-05-23T15:33:00.350+0000] {logging_mixin.py:188} INFO - Столбец kickoff_millis содержит значение больше 2147483647
[2024-05-23T15:33:00.350+0000] {logging_mixin.py:188} INFO - Столбец kickoff_millis содержит значение больше 2147483647
[2024-05-23T15:33:00.350+0000] {logging_mixin.py:188} INFO - Столбец kickoff_millis содержит значение больше 2147483647
[2024-05-23T15:33:00.350+0000] {logging_mixin.py:188} INFO - Столбец kickoff_millis содержит значение больше 2147483647
[2024-05-23T15:33:00.350+0000] {logging_mixin.py:188} INFO - Столбец kickoff_millis содержит значение больше 2147483647
[2024-05-23T15:33:00.350+0000] {logging_mixin.py:188} INFO - Столбец kickoff_millis содержит значение больше 2147483647
[2024-05-23T15:33:00.350+0000] {logging_mixin.py:188} INFO - Столбец kickoff_millis содержит значение больше 2147483647
[2024-05-23T15:33:00.350+0000] {logging_mixin.py:188} INFO - Столбец kickoff_millis содержит значение больше 2147483647
[2024-05-23T15:33:00.350+0000] {logging_mixin.py:188} INFO - Столбец kickoff_millis содержит значение больше 2147483647
[2024-05-23T15:33:00.350+0000] {logging_mixin.py:188} INFO - Столбец kickoff_millis содержит значение больше 2147483647
[2024-05-23T15:33:00.350+0000] {logging_mixin.py:188} INFO - Столбец kickoff_millis содержит значение больше 2147483647
[2024-05-23T15:33:00.351+0000] {logging_mixin.py:188} INFO - Столбец kickoff_millis содержит значение больше 2147483647
[2024-05-23T15:33:00.351+0000] {logging_mixin.py:188} INFO - Столбец kickoff_millis содержит значение больше 2147483647
[2024-05-23T15:33:00.351+0000] {logging_mixin.py:188} INFO - Столбец kickoff_millis содержит значение больше 2147483647
[2024-05-23T15:33:00.351+0000] {logging_mixin.py:188} INFO - Столбец kickoff_millis содержит значение больше 2147483647
[2024-05-23T15:33:00.351+0000] {logging_mixin.py:188} INFO - Столбец kickoff_millis содержит значение больше 2147483647
[2024-05-23T15:33:00.351+0000] {logging_mixin.py:188} INFO - Столбец kickoff_millis содержит значение больше 2147483647
[2024-05-23T15:33:00.351+0000] {logging_mixin.py:188} INFO - Столбец kickoff_millis содержит значение больше 2147483647
[2024-05-23T15:33:00.351+0000] {logging_mixin.py:188} INFO - Столбец kickoff_millis содержит значение больше 2147483647
[2024-05-23T15:33:00.351+0000] {logging_mixin.py:188} INFO - Столбец kickoff_millis содержит значение больше 2147483647
[2024-05-23T15:33:00.351+0000] {logging_mixin.py:188} INFO - Столбец kickoff_millis содержит значение больше 2147483647
[2024-05-23T15:33:00.351+0000] {logging_mixin.py:188} INFO - Столбец kickoff_millis содержит значение больше 2147483647
[2024-05-23T15:33:00.351+0000] {logging_mixin.py:188} INFO - Столбец kickoff_millis содержит значение больше 2147483647
[2024-05-23T15:33:00.352+0000] {logging_mixin.py:188} INFO - Столбец kickoff_millis содержит значение больше 2147483647
[2024-05-23T15:33:00.352+0000] {logging_mixin.py:188} INFO - Столбец kickoff_millis содержит значение больше 2147483647
[2024-05-23T15:33:00.352+0000] {logging_mixin.py:188} INFO - Столбец kickoff_millis содержит значение больше 2147483647
[2024-05-23T15:33:00.352+0000] {logging_mixin.py:188} INFO - Столбец kickoff_millis содержит значение больше 2147483647
[2024-05-23T15:33:00.352+0000] {logging_mixin.py:188} INFO - Столбец kickoff_millis содержит значение больше 2147483647
[2024-05-23T15:33:00.352+0000] {logging_mixin.py:188} INFO - Столбец kickoff_millis содержит значение больше 2147483647
[2024-05-23T15:33:00.352+0000] {logging_mixin.py:188} INFO - Столбец kickoff_millis содержит значение больше 2147483647
[2024-05-23T15:33:00.352+0000] {logging_mixin.py:188} INFO - Столбец kickoff_millis содержит значение больше 2147483647
[2024-05-23T15:33:00.352+0000] {logging_mixin.py:188} INFO - Столбец kickoff_millis содержит значение больше 2147483647
[2024-05-23T15:33:00.352+0000] {logging_mixin.py:188} INFO - Столбец kickoff_millis содержит значение больше 2147483647
[2024-05-23T15:33:00.352+0000] {logging_mixin.py:188} INFO - Столбец kickoff_millis содержит значение больше 2147483647
[2024-05-23T15:33:00.352+0000] {logging_mixin.py:188} INFO - Столбец kickoff_millis содержит значение больше 2147483647
[2024-05-23T15:33:00.353+0000] {logging_mixin.py:188} INFO - Столбец kickoff_millis содержит значение больше 2147483647
[2024-05-23T15:33:00.353+0000] {logging_mixin.py:188} INFO - Столбец kickoff_millis содержит значение больше 2147483647
[2024-05-23T15:33:00.353+0000] {logging_mixin.py:188} INFO - Столбец kickoff_millis содержит значение больше 2147483647
[2024-05-23T15:33:00.353+0000] {logging_mixin.py:188} INFO - Столбец kickoff_millis содержит значение больше 2147483647
[2024-05-23T15:33:00.353+0000] {logging_mixin.py:188} INFO - Столбец kickoff_millis содержит значение больше 2147483647
[2024-05-23T15:33:00.353+0000] {logging_mixin.py:188} INFO - Столбец kickoff_millis содержит значение больше 2147483647
[2024-05-23T15:33:00.353+0000] {logging_mixin.py:188} INFO - Столбец kickoff_millis содержит значение больше 2147483647
[2024-05-23T15:33:00.353+0000] {logging_mixin.py:188} INFO - Столбец kickoff_millis содержит значение больше 2147483647
[2024-05-23T15:33:00.353+0000] {logging_mixin.py:188} INFO - Столбец kickoff_millis содержит значение больше 2147483647
[2024-05-23T15:33:00.353+0000] {logging_mixin.py:188} INFO - Столбец kickoff_millis содержит значение больше 2147483647
[2024-05-23T15:33:00.353+0000] {logging_mixin.py:188} INFO - Столбец kickoff_millis содержит значение больше 2147483647
[2024-05-23T15:33:00.353+0000] {logging_mixin.py:188} INFO - Столбец kickoff_millis содержит значение больше 2147483647
[2024-05-23T15:33:00.354+0000] {logging_mixin.py:188} INFO - Столбец kickoff_millis содержит значение больше 2147483647
[2024-05-23T15:33:00.354+0000] {logging_mixin.py:188} INFO - Столбец kickoff_millis содержит значение больше 2147483647
[2024-05-23T15:33:00.354+0000] {logging_mixin.py:188} INFO - Столбец kickoff_millis содержит значение больше 2147483647
[2024-05-23T15:33:00.354+0000] {logging_mixin.py:188} INFO - Столбец kickoff_millis содержит значение больше 2147483647
[2024-05-23T15:33:00.354+0000] {logging_mixin.py:188} INFO - Столбец kickoff_millis содержит значение больше 2147483647
[2024-05-23T15:33:00.354+0000] {logging_mixin.py:188} INFO - Столбец kickoff_millis содержит значение больше 2147483647
[2024-05-23T15:33:00.354+0000] {logging_mixin.py:188} INFO - Столбец kickoff_millis содержит значение больше 2147483647
[2024-05-23T15:33:00.354+0000] {logging_mixin.py:188} INFO - Столбец kickoff_millis содержит значение больше 2147483647
[2024-05-23T15:33:00.354+0000] {logging_mixin.py:188} INFO - Столбец kickoff_millis содержит значение больше 2147483647
[2024-05-23T15:33:00.354+0000] {logging_mixin.py:188} INFO - Столбец kickoff_millis содержит значение больше 2147483647
[2024-05-23T15:33:00.354+0000] {logging_mixin.py:188} INFO - Столбец kickoff_millis содержит значение больше 2147483647
[2024-05-23T15:33:00.354+0000] {logging_mixin.py:188} INFO - Столбец kickoff_millis содержит значение больше 2147483647
[2024-05-23T15:33:00.355+0000] {logging_mixin.py:188} INFO - Столбец kickoff_millis содержит значение больше 2147483647
[2024-05-23T15:33:00.355+0000] {logging_mixin.py:188} INFO - Столбец kickoff_millis содержит значение больше 2147483647
[2024-05-23T15:33:00.355+0000] {logging_mixin.py:188} INFO - Столбец kickoff_millis содержит значение больше 2147483647
[2024-05-23T15:33:00.355+0000] {logging_mixin.py:188} INFO - Столбец kickoff_millis содержит значение больше 2147483647
[2024-05-23T15:33:00.355+0000] {logging_mixin.py:188} INFO - Столбец kickoff_millis содержит значение больше 2147483647
[2024-05-23T15:33:00.355+0000] {logging_mixin.py:188} INFO - Столбец kickoff_millis содержит значение больше 2147483647
[2024-05-23T15:33:00.355+0000] {logging_mixin.py:188} INFO - Столбец kickoff_millis содержит значение больше 2147483647
[2024-05-23T15:33:00.355+0000] {logging_mixin.py:188} INFO - Столбец kickoff_millis содержит значение больше 2147483647
[2024-05-23T15:33:00.355+0000] {logging_mixin.py:188} INFO - Столбец kickoff_millis содержит значение больше 2147483647
[2024-05-23T15:33:00.355+0000] {logging_mixin.py:188} INFO - Столбец kickoff_millis содержит значение больше 2147483647
[2024-05-23T15:33:00.355+0000] {logging_mixin.py:188} INFO - Столбец kickoff_millis содержит значение больше 2147483647
[2024-05-23T15:33:00.356+0000] {logging_mixin.py:188} INFO - Столбец kickoff_millis содержит значение больше 2147483647
[2024-05-23T15:33:00.356+0000] {logging_mixin.py:188} INFO - Столбец kickoff_millis содержит значение больше 2147483647
[2024-05-23T15:33:00.356+0000] {logging_mixin.py:188} INFO - Столбец kickoff_millis содержит значение больше 2147483647
[2024-05-23T15:33:00.356+0000] {logging_mixin.py:188} INFO - Столбец kickoff_millis содержит значение больше 2147483647
[2024-05-23T15:33:00.356+0000] {logging_mixin.py:188} INFO - Столбец kickoff_millis содержит значение больше 2147483647
[2024-05-23T15:33:00.356+0000] {logging_mixin.py:188} INFO - Столбец kickoff_millis содержит значение больше 2147483647
[2024-05-23T15:33:00.356+0000] {logging_mixin.py:188} INFO - Столбец kickoff_millis содержит значение больше 2147483647
[2024-05-23T15:33:00.356+0000] {logging_mixin.py:188} INFO - Столбец kickoff_millis содержит значение больше 2147483647
[2024-05-23T15:33:00.356+0000] {logging_mixin.py:188} INFO - Столбец kickoff_millis содержит значение больше 2147483647
[2024-05-23T15:33:00.356+0000] {logging_mixin.py:188} INFO - Столбец kickoff_millis содержит значение больше 2147483647
[2024-05-23T15:33:00.356+0000] {logging_mixin.py:188} INFO - Столбец kickoff_millis содержит значение больше 2147483647
[2024-05-23T15:33:00.357+0000] {logging_mixin.py:188} INFO - Столбец kickoff_millis содержит значение больше 2147483647
[2024-05-23T15:33:00.357+0000] {logging_mixin.py:188} INFO - Столбец kickoff_millis содержит значение больше 2147483647
[2024-05-23T15:33:00.357+0000] {logging_mixin.py:188} INFO - Столбец kickoff_millis содержит значение больше 2147483647
[2024-05-23T15:33:00.357+0000] {logging_mixin.py:188} INFO - Столбец kickoff_millis содержит значение больше 2147483647
[2024-05-23T15:33:00.357+0000] {logging_mixin.py:188} INFO - Столбец kickoff_millis содержит значение больше 2147483647
[2024-05-23T15:33:00.357+0000] {logging_mixin.py:188} INFO - Столбец kickoff_millis содержит значение больше 2147483647
[2024-05-23T15:33:00.357+0000] {logging_mixin.py:188} INFO - Столбец kickoff_millis содержит значение больше 2147483647
[2024-05-23T15:33:00.357+0000] {logging_mixin.py:188} INFO - Столбец kickoff_millis содержит значение больше 2147483647
[2024-05-23T15:33:00.357+0000] {logging_mixin.py:188} INFO - Столбец kickoff_millis содержит значение больше 2147483647
[2024-05-23T15:33:00.357+0000] {logging_mixin.py:188} INFO - Столбец kickoff_millis содержит значение больше 2147483647
[2024-05-23T15:33:00.357+0000] {logging_mixin.py:188} INFO - Столбец kickoff_millis содержит значение больше 2147483647
[2024-05-23T15:33:00.358+0000] {logging_mixin.py:188} INFO - Столбец kickoff_millis содержит значение больше 2147483647
[2024-05-23T15:33:00.358+0000] {logging_mixin.py:188} INFO - Столбец kickoff_millis содержит значение больше 2147483647
[2024-05-23T15:33:00.358+0000] {logging_mixin.py:188} INFO - Столбец kickoff_millis содержит значение больше 2147483647
[2024-05-23T15:33:00.358+0000] {logging_mixin.py:188} INFO - Столбец kickoff_millis содержит значение больше 2147483647
[2024-05-23T15:33:00.358+0000] {logging_mixin.py:188} INFO - Столбец kickoff_millis содержит значение больше 2147483647
[2024-05-23T15:33:00.358+0000] {logging_mixin.py:188} INFO - Столбец kickoff_millis содержит значение больше 2147483647
[2024-05-23T15:33:00.358+0000] {logging_mixin.py:188} INFO - Столбец kickoff_millis содержит значение больше 2147483647
[2024-05-23T15:33:00.358+0000] {logging_mixin.py:188} INFO - Столбец kickoff_millis содержит значение больше 2147483647
[2024-05-23T15:33:00.358+0000] {logging_mixin.py:188} INFO - Столбец kickoff_millis содержит значение больше 2147483647
[2024-05-23T15:33:00.358+0000] {logging_mixin.py:188} INFO - Столбец kickoff_millis содержит значение больше 2147483647
[2024-05-23T15:33:00.358+0000] {logging_mixin.py:188} INFO - Столбец kickoff_millis содержит значение больше 2147483647
[2024-05-23T15:33:00.359+0000] {logging_mixin.py:188} INFO - Столбец kickoff_millis содержит значение больше 2147483647
[2024-05-23T15:33:00.359+0000] {logging_mixin.py:188} INFO - Столбец kickoff_millis содержит значение больше 2147483647
[2024-05-23T15:33:00.359+0000] {logging_mixin.py:188} INFO - Столбец kickoff_millis содержит значение больше 2147483647
[2024-05-23T15:33:00.359+0000] {logging_mixin.py:188} INFO - Столбец kickoff_millis содержит значение больше 2147483647
[2024-05-23T15:33:00.359+0000] {logging_mixin.py:188} INFO - Столбец kickoff_millis содержит значение больше 2147483647
[2024-05-23T15:33:00.359+0000] {logging_mixin.py:188} INFO - Столбец kickoff_millis содержит значение больше 2147483647
[2024-05-23T15:33:00.359+0000] {logging_mixin.py:188} INFO - Столбец kickoff_millis содержит значение больше 2147483647
[2024-05-23T15:33:00.359+0000] {logging_mixin.py:188} INFO - Столбец kickoff_millis содержит значение больше 2147483647
[2024-05-23T15:33:00.359+0000] {logging_mixin.py:188} INFO - Столбец kickoff_millis содержит значение больше 2147483647
[2024-05-23T15:33:00.359+0000] {logging_mixin.py:188} INFO - Столбец kickoff_millis содержит значение больше 2147483647
[2024-05-23T15:33:00.359+0000] {logging_mixin.py:188} INFO - Столбец kickoff_millis содержит значение больше 2147483647
[2024-05-23T15:33:00.360+0000] {logging_mixin.py:188} INFO - Столбец kickoff_millis содержит значение больше 2147483647
[2024-05-23T15:33:00.360+0000] {logging_mixin.py:188} INFO - Столбец kickoff_millis содержит значение больше 2147483647
[2024-05-23T15:33:00.360+0000] {logging_mixin.py:188} INFO - Столбец kickoff_millis содержит значение больше 2147483647
[2024-05-23T15:33:00.360+0000] {logging_mixin.py:188} INFO - Столбец kickoff_millis содержит значение больше 2147483647
[2024-05-23T15:33:00.360+0000] {logging_mixin.py:188} INFO - Столбец kickoff_millis содержит значение больше 2147483647
[2024-05-23T15:33:00.360+0000] {logging_mixin.py:188} INFO - Столбец kickoff_millis содержит значение больше 2147483647
[2024-05-23T15:33:00.360+0000] {logging_mixin.py:188} INFO - Столбец kickoff_millis содержит значение больше 2147483647
[2024-05-23T15:33:00.360+0000] {logging_mixin.py:188} INFO - Столбец kickoff_millis содержит значение больше 2147483647
[2024-05-23T15:33:00.360+0000] {logging_mixin.py:188} INFO - Столбец kickoff_millis содержит значение больше 2147483647
[2024-05-23T15:33:00.360+0000] {logging_mixin.py:188} INFO - Столбец kickoff_millis содержит значение больше 2147483647
[2024-05-23T15:33:00.360+0000] {logging_mixin.py:188} INFO - Столбец kickoff_millis содержит значение больше 2147483647
[2024-05-23T15:33:00.361+0000] {logging_mixin.py:188} INFO - Столбец kickoff_millis содержит значение больше 2147483647
[2024-05-23T15:33:00.361+0000] {logging_mixin.py:188} INFO - Столбец kickoff_millis содержит значение больше 2147483647
[2024-05-23T15:33:00.361+0000] {logging_mixin.py:188} INFO - Столбец kickoff_millis содержит значение больше 2147483647
[2024-05-23T15:33:00.361+0000] {logging_mixin.py:188} INFO - Столбец kickoff_millis содержит значение больше 2147483647
[2024-05-23T15:33:00.361+0000] {logging_mixin.py:188} INFO - Столбец kickoff_millis содержит значение больше 2147483647
[2024-05-23T15:33:00.361+0000] {logging_mixin.py:188} INFO - Столбец kickoff_millis содержит значение больше 2147483647
[2024-05-23T15:33:00.361+0000] {logging_mixin.py:188} INFO - Столбец kickoff_millis содержит значение больше 2147483647
[2024-05-23T15:33:00.361+0000] {logging_mixin.py:188} INFO - Столбец kickoff_millis содержит значение больше 2147483647
[2024-05-23T15:33:00.361+0000] {logging_mixin.py:188} INFO - Столбец kickoff_millis содержит значение больше 2147483647
[2024-05-23T15:33:00.361+0000] {logging_mixin.py:188} INFO - Столбец kickoff_millis содержит значение больше 2147483647
[2024-05-23T15:33:00.361+0000] {logging_mixin.py:188} INFO - Столбец kickoff_millis содержит значение больше 2147483647
[2024-05-23T15:33:00.362+0000] {logging_mixin.py:188} INFO - Столбец kickoff_millis содержит значение больше 2147483647
[2024-05-23T15:33:00.362+0000] {logging_mixin.py:188} INFO - Столбец kickoff_millis содержит значение больше 2147483647
[2024-05-23T15:33:00.362+0000] {logging_mixin.py:188} INFO - Столбец kickoff_millis содержит значение больше 2147483647
[2024-05-23T15:33:00.362+0000] {logging_mixin.py:188} INFO - Столбец kickoff_millis содержит значение больше 2147483647
[2024-05-23T15:33:00.362+0000] {logging_mixin.py:188} INFO - Столбец kickoff_millis содержит значение больше 2147483647
[2024-05-23T15:33:00.362+0000] {logging_mixin.py:188} INFO - Столбец kickoff_millis содержит значение больше 2147483647
[2024-05-23T15:33:00.362+0000] {logging_mixin.py:188} INFO - Столбец kickoff_millis содержит значение больше 2147483647
[2024-05-23T15:33:00.362+0000] {logging_mixin.py:188} INFO - Столбец kickoff_millis содержит значение больше 2147483647
[2024-05-23T15:33:00.362+0000] {logging_mixin.py:188} INFO - Столбец kickoff_millis содержит значение больше 2147483647
[2024-05-23T15:33:00.362+0000] {logging_mixin.py:188} INFO - Столбец kickoff_millis содержит значение больше 2147483647
[2024-05-23T15:33:00.362+0000] {logging_mixin.py:188} INFO - Столбец kickoff_millis содержит значение больше 2147483647
[2024-05-23T15:33:00.362+0000] {logging_mixin.py:188} INFO - Столбец kickoff_millis содержит значение больше 2147483647
[2024-05-23T15:33:00.363+0000] {logging_mixin.py:188} INFO - Столбец kickoff_millis содержит значение больше 2147483647
[2024-05-23T15:33:00.363+0000] {logging_mixin.py:188} INFO - Столбец kickoff_millis содержит значение больше 2147483647
[2024-05-23T15:33:00.363+0000] {logging_mixin.py:188} INFO - Столбец kickoff_millis содержит значение больше 2147483647
[2024-05-23T15:33:00.363+0000] {logging_mixin.py:188} INFO - Столбец kickoff_millis содержит значение больше 2147483647
[2024-05-23T15:33:00.363+0000] {logging_mixin.py:188} INFO - Столбец kickoff_millis содержит значение больше 2147483647
[2024-05-23T15:33:00.363+0000] {logging_mixin.py:188} INFO - Столбец kickoff_millis содержит значение больше 2147483647
[2024-05-23T15:33:00.363+0000] {logging_mixin.py:188} INFO - Столбец kickoff_millis содержит значение больше 2147483647
[2024-05-23T15:33:00.363+0000] {logging_mixin.py:188} INFO - Столбец kickoff_millis содержит значение больше 2147483647
[2024-05-23T15:33:00.363+0000] {logging_mixin.py:188} INFO - Столбец kickoff_millis содержит значение больше 2147483647
[2024-05-23T15:33:00.363+0000] {logging_mixin.py:188} INFO - Столбец kickoff_millis содержит значение больше 2147483647
[2024-05-23T15:33:00.364+0000] {logging_mixin.py:188} INFO - Столбец kickoff_millis содержит значение больше 2147483647
[2024-05-23T15:33:00.364+0000] {logging_mixin.py:188} INFO - Столбец kickoff_millis содержит значение больше 2147483647
[2024-05-23T15:33:00.364+0000] {logging_mixin.py:188} INFO - Столбец kickoff_millis содержит значение больше 2147483647
[2024-05-23T15:33:00.364+0000] {logging_mixin.py:188} INFO - Столбец kickoff_millis содержит значение больше 2147483647
[2024-05-23T15:33:00.364+0000] {logging_mixin.py:188} INFO - Столбец kickoff_millis содержит значение больше 2147483647
[2024-05-23T15:33:00.364+0000] {logging_mixin.py:188} INFO - Столбец kickoff_millis содержит значение больше 2147483647
[2024-05-23T15:33:00.364+0000] {logging_mixin.py:188} INFO - Столбец kickoff_millis содержит значение больше 2147483647
[2024-05-23T15:33:00.364+0000] {logging_mixin.py:188} INFO - Столбец kickoff_millis содержит значение больше 2147483647
[2024-05-23T15:33:00.364+0000] {logging_mixin.py:188} INFO - Столбец kickoff_millis содержит значение больше 2147483647
[2024-05-23T15:33:00.364+0000] {logging_mixin.py:188} INFO - Столбец kickoff_millis содержит значение больше 2147483647
[2024-05-23T15:33:00.364+0000] {logging_mixin.py:188} INFO - Столбец kickoff_millis содержит значение больше 2147483647
[2024-05-23T15:33:00.364+0000] {logging_mixin.py:188} INFO - Столбец kickoff_millis содержит значение больше 2147483647
[2024-05-23T15:33:00.365+0000] {logging_mixin.py:188} INFO - Столбец kickoff_millis содержит значение больше 2147483647
[2024-05-23T15:33:00.365+0000] {logging_mixin.py:188} INFO - Столбец kickoff_millis содержит значение больше 2147483647
[2024-05-23T15:33:00.365+0000] {logging_mixin.py:188} INFO - Столбец kickoff_millis содержит значение больше 2147483647
[2024-05-23T15:33:00.365+0000] {logging_mixin.py:188} INFO - Столбец kickoff_millis содержит значение больше 2147483647
[2024-05-23T15:33:00.365+0000] {logging_mixin.py:188} INFO - Столбец kickoff_millis содержит значение больше 2147483647
[2024-05-23T15:33:00.365+0000] {logging_mixin.py:188} INFO - Столбец kickoff_millis содержит значение больше 2147483647
[2024-05-23T15:33:00.365+0000] {logging_mixin.py:188} INFO - Столбец kickoff_millis содержит значение больше 2147483647
[2024-05-23T15:33:00.365+0000] {logging_mixin.py:188} INFO - Столбец kickoff_millis содержит значение больше 2147483647
[2024-05-23T15:33:00.365+0000] {logging_mixin.py:188} INFO - Столбец kickoff_millis содержит значение больше 2147483647
[2024-05-23T15:33:00.365+0000] {logging_mixin.py:188} INFO - Столбец kickoff_millis содержит значение больше 2147483647
[2024-05-23T15:33:00.365+0000] {logging_mixin.py:188} INFO - Столбец kickoff_millis содержит значение больше 2147483647
[2024-05-23T15:33:00.366+0000] {logging_mixin.py:188} INFO - Столбец kickoff_millis содержит значение больше 2147483647
[2024-05-23T15:33:00.366+0000] {logging_mixin.py:188} INFO - Столбец kickoff_millis содержит значение больше 2147483647
[2024-05-23T15:33:00.366+0000] {logging_mixin.py:188} INFO - Столбец kickoff_millis содержит значение больше 2147483647
[2024-05-23T15:33:00.366+0000] {logging_mixin.py:188} INFO - Столбец kickoff_millis содержит значение больше 2147483647
[2024-05-23T15:33:00.366+0000] {logging_mixin.py:188} INFO - Столбец kickoff_millis содержит значение больше 2147483647
[2024-05-23T15:33:00.366+0000] {logging_mixin.py:188} INFO - Столбец kickoff_millis содержит значение больше 2147483647
[2024-05-23T15:33:00.366+0000] {logging_mixin.py:188} INFO - Столбец kickoff_millis содержит значение больше 2147483647
[2024-05-23T15:33:00.366+0000] {logging_mixin.py:188} INFO - Столбец kickoff_millis содержит значение больше 2147483647
[2024-05-23T15:33:00.366+0000] {logging_mixin.py:188} INFO - Столбец kickoff_millis содержит значение больше 2147483647
[2024-05-23T15:33:00.366+0000] {logging_mixin.py:188} INFO - Столбец kickoff_millis содержит значение больше 2147483647
[2024-05-23T15:33:00.366+0000] {logging_mixin.py:188} INFO - Столбец kickoff_millis содержит значение больше 2147483647
[2024-05-23T15:33:00.367+0000] {logging_mixin.py:188} INFO - Столбец kickoff_millis содержит значение больше 2147483647
[2024-05-23T15:33:00.367+0000] {logging_mixin.py:188} INFO - Столбец kickoff_millis содержит значение больше 2147483647
[2024-05-23T15:33:00.367+0000] {logging_mixin.py:188} INFO - Столбец kickoff_millis содержит значение больше 2147483647
[2024-05-23T15:33:00.367+0000] {logging_mixin.py:188} INFO - Столбец kickoff_millis содержит значение больше 2147483647
[2024-05-23T15:33:00.367+0000] {logging_mixin.py:188} INFO - Столбец kickoff_millis содержит значение больше 2147483647
[2024-05-23T15:33:00.367+0000] {logging_mixin.py:188} INFO - Столбец kickoff_millis содержит значение больше 2147483647
[2024-05-23T15:33:00.367+0000] {logging_mixin.py:188} INFO - Столбец kickoff_millis содержит значение больше 2147483647
[2024-05-23T15:33:00.367+0000] {logging_mixin.py:188} INFO - Столбец kickoff_millis содержит значение больше 2147483647
[2024-05-23T15:33:00.367+0000] {logging_mixin.py:188} INFO - Столбец kickoff_millis содержит значение больше 2147483647
[2024-05-23T15:33:00.367+0000] {logging_mixin.py:188} INFO - Столбец kickoff_millis содержит значение больше 2147483647
[2024-05-23T15:33:00.367+0000] {logging_mixin.py:188} INFO - Столбец kickoff_millis содержит значение больше 2147483647
[2024-05-23T15:33:00.368+0000] {logging_mixin.py:188} INFO - Столбец kickoff_millis содержит значение больше 2147483647
[2024-05-23T15:33:00.368+0000] {logging_mixin.py:188} INFO - Столбец kickoff_millis содержит значение больше 2147483647
[2024-05-23T15:33:00.368+0000] {logging_mixin.py:188} INFO - Столбец kickoff_millis содержит значение больше 2147483647
[2024-05-23T15:33:00.368+0000] {logging_mixin.py:188} INFO - Столбец kickoff_millis содержит значение больше 2147483647
[2024-05-23T15:33:00.368+0000] {logging_mixin.py:188} INFO - Столбец kickoff_millis содержит значение больше 2147483647
[2024-05-23T15:33:00.368+0000] {logging_mixin.py:188} INFO - Столбец kickoff_millis содержит значение больше 2147483647
[2024-05-23T15:33:00.368+0000] {logging_mixin.py:188} INFO - Столбец kickoff_millis содержит значение больше 2147483647
[2024-05-23T15:33:00.368+0000] {logging_mixin.py:188} INFO - Столбец kickoff_millis содержит значение больше 2147483647
[2024-05-23T15:33:00.368+0000] {logging_mixin.py:188} INFO - Столбец kickoff_millis содержит значение больше 2147483647
[2024-05-23T15:33:00.368+0000] {logging_mixin.py:188} INFO - Столбец kickoff_millis содержит значение больше 2147483647
[2024-05-23T15:33:00.368+0000] {logging_mixin.py:188} INFO - Столбец kickoff_millis содержит значение больше 2147483647
[2024-05-23T15:33:00.369+0000] {logging_mixin.py:188} INFO - Столбец kickoff_millis содержит значение больше 2147483647
[2024-05-23T15:33:00.369+0000] {logging_mixin.py:188} INFO - Столбец kickoff_millis содержит значение больше 2147483647
[2024-05-23T15:33:00.369+0000] {logging_mixin.py:188} INFO - Столбец kickoff_millis содержит значение больше 2147483647
[2024-05-23T15:33:00.369+0000] {logging_mixin.py:188} INFO - Столбец kickoff_millis содержит значение больше 2147483647
[2024-05-23T15:33:00.369+0000] {logging_mixin.py:188} INFO - Столбец kickoff_millis содержит значение больше 2147483647
[2024-05-23T15:33:00.369+0000] {logging_mixin.py:188} INFO - Столбец kickoff_millis содержит значение больше 2147483647
[2024-05-23T15:33:00.369+0000] {logging_mixin.py:188} INFO - Столбец kickoff_millis содержит значение больше 2147483647
[2024-05-23T15:33:00.369+0000] {logging_mixin.py:188} INFO - Столбец kickoff_millis содержит значение больше 2147483647
[2024-05-23T15:33:00.369+0000] {logging_mixin.py:188} INFO - Столбец kickoff_millis содержит значение больше 2147483647
[2024-05-23T15:33:00.369+0000] {logging_mixin.py:188} INFO - Столбец kickoff_millis содержит значение больше 2147483647
[2024-05-23T15:33:00.369+0000] {logging_mixin.py:188} INFO - Столбец kickoff_millis содержит значение больше 2147483647
[2024-05-23T15:33:00.370+0000] {logging_mixin.py:188} INFO - Столбец kickoff_millis содержит значение больше 2147483647
[2024-05-23T15:33:00.370+0000] {logging_mixin.py:188} INFO - Столбец kickoff_millis содержит значение больше 2147483647
[2024-05-23T15:33:00.370+0000] {logging_mixin.py:188} INFO - Столбец kickoff_millis содержит значение больше 2147483647
[2024-05-23T15:33:00.370+0000] {logging_mixin.py:188} INFO - Столбец kickoff_millis содержит значение больше 2147483647
[2024-05-23T15:33:00.370+0000] {logging_mixin.py:188} INFO - Столбец kickoff_millis содержит значение больше 2147483647
[2024-05-23T15:33:00.370+0000] {logging_mixin.py:188} INFO - Столбец kickoff_millis содержит значение больше 2147483647
[2024-05-23T15:33:00.370+0000] {logging_mixin.py:188} INFO - Столбец kickoff_millis содержит значение больше 2147483647
[2024-05-23T15:33:00.370+0000] {logging_mixin.py:188} INFO - Столбец kickoff_millis содержит значение больше 2147483647
[2024-05-23T15:33:00.370+0000] {logging_mixin.py:188} INFO - Столбец kickoff_millis содержит значение больше 2147483647
[2024-05-23T15:33:00.370+0000] {logging_mixin.py:188} INFO - Столбец kickoff_millis содержит значение больше 2147483647
[2024-05-23T15:33:00.370+0000] {logging_mixin.py:188} INFO - Столбец kickoff_millis содержит значение больше 2147483647
[2024-05-23T15:33:00.371+0000] {logging_mixin.py:188} INFO - Столбец kickoff_millis содержит значение больше 2147483647
[2024-05-23T15:33:00.371+0000] {logging_mixin.py:188} INFO - Столбец kickoff_millis содержит значение больше 2147483647
[2024-05-23T15:33:00.371+0000] {logging_mixin.py:188} INFO - Столбец kickoff_millis содержит значение больше 2147483647
[2024-05-23T15:33:00.371+0000] {logging_mixin.py:188} INFO - Столбец kickoff_millis содержит значение больше 2147483647
[2024-05-23T15:33:00.371+0000] {logging_mixin.py:188} INFO - Столбец kickoff_millis содержит значение больше 2147483647
[2024-05-23T15:33:00.371+0000] {logging_mixin.py:188} INFO - Столбец kickoff_millis содержит значение больше 2147483647
[2024-05-23T15:33:00.371+0000] {logging_mixin.py:188} INFO - Столбец kickoff_millis содержит значение больше 2147483647
[2024-05-23T15:33:00.371+0000] {logging_mixin.py:188} INFO - Столбец kickoff_millis содержит значение больше 2147483647
[2024-05-23T15:33:00.371+0000] {logging_mixin.py:188} INFO - Столбец kickoff_millis содержит значение больше 2147483647
[2024-05-23T15:33:00.384+0000] {base.py:84} INFO - Using connection ID '***' for task execution.
[2024-05-23T15:33:01.113+0000] {taskinstance.py:441} INFO - ::group::Post task execution logs
[2024-05-23T15:33:01.114+0000] {taskinstance.py:2890} ERROR - Task failed with exception
Traceback (most recent call last):
  File "/home/airflow/.local/lib/python3.12/site-packages/airflow/models/taskinstance.py", line 465, in _execute_task
    result = _execute_callable(context=context, **execute_callable_kwargs)
             ^^^^^^^^^^^^^^^^^^^^^^^^^^^^^^^^^^^^^^^^^^^^^^^^^^^^^^^^^^^^^
  File "/home/airflow/.local/lib/python3.12/site-packages/airflow/models/taskinstance.py", line 432, in _execute_callable
    return execute_callable(context=context, **execute_callable_kwargs)
           ^^^^^^^^^^^^^^^^^^^^^^^^^^^^^^^^^^^^^^^^^^^^^^^^^^^^^^^^^^^^
  File "/home/airflow/.local/lib/python3.12/site-packages/airflow/models/baseoperator.py", line 400, in wrapper
    return func(self, *args, **kwargs)
           ^^^^^^^^^^^^^^^^^^^^^^^^^^^
  File "/home/airflow/.local/lib/python3.12/site-packages/airflow/operators/python.py", line 235, in execute
    return_value = self.execute_callable()
                   ^^^^^^^^^^^^^^^^^^^^^^^
  File "/home/airflow/.local/lib/python3.12/site-packages/airflow/operators/python.py", line 252, in execute_callable
    return self.python_callable(*self.op_args, **self.op_kwargs)
           ^^^^^^^^^^^^^^^^^^^^^^^^^^^^^^^^^^^^^^^^^^^^^^^^^^^^^
  File "/opt/airflow/plugins/steps/get_matches.py", line 178, in load_data
    hook.insert_rows(
  File "/home/airflow/.local/lib/python3.12/site-packages/airflow/providers/common/sql/hooks/sql.py", line 573, in insert_rows
    cur.execute(sql, values)
psycopg2.errors.NumericValueOutOfRange: integer out of range

[2024-05-23T15:33:01.122+0000] {taskinstance.py:1205} INFO - Marking task as FAILED. dag_id=games, task_id=load_data, execution_date=20240523T152803, start_date=20240523T153300, end_date=20240523T153301
[2024-05-23T15:33:01.131+0000] {standard_task_runner.py:110} ERROR - Failed to execute job 697 for task load_data (integer out of range
; 158)
[2024-05-23T15:33:01.157+0000] {local_task_job_runner.py:240} INFO - Task exited with return code 1
[2024-05-23T15:33:01.168+0000] {taskinstance.py:3482} INFO - 0 downstream tasks scheduled from follow-on schedule check
[2024-05-23T15:33:01.169+0000] {local_task_job_runner.py:222} INFO - ::endgroup::
