[2024-04-21T18:09:21.809+0000] {local_task_job_runner.py:120} INFO - ::group::Pre task execution logs
[2024-04-21T18:09:21.823+0000] {taskinstance.py:2073} INFO - Dependencies all met for dep_context=non-requeueable deps ti=<TaskInstance: season.season manual__2024-04-21T18:09:20.380485+00:00 [queued]>
[2024-04-21T18:09:21.827+0000] {taskinstance.py:2073} INFO - Dependencies all met for dep_context=requeueable deps ti=<TaskInstance: season.season manual__2024-04-21T18:09:20.380485+00:00 [queued]>
[2024-04-21T18:09:21.827+0000] {taskinstance.py:2303} INFO - Starting attempt 1 of 1
[2024-04-21T18:09:21.834+0000] {taskinstance.py:2327} INFO - Executing <Task(PythonOperator): season> on 2024-04-21 18:09:20.380485+00:00
[2024-04-21T18:09:21.840+0000] {warnings.py:110} WARNING - /home/***/.local/lib/python3.12/site-packages/***/task/task_runner/standard_task_runner.py:61: DeprecationWarning: This process (pid=56) is multi-threaded, use of fork() may lead to deadlocks in the child.
  pid = os.fork()

[2024-04-21T18:09:21.841+0000] {standard_task_runner.py:63} INFO - Started process 58 to run task
[2024-04-21T18:09:21.842+0000] {standard_task_runner.py:90} INFO - Running: ['***', 'tasks', 'run', 'season', 'season', 'manual__2024-04-21T18:09:20.380485+00:00', '--job-id', '44', '--raw', '--subdir', 'DAGS_FOLDER/get_seasons.py', '--cfg-path', '/tmp/tmpgwijg57_']
[2024-04-21T18:09:21.843+0000] {standard_task_runner.py:91} INFO - Job 44: Subtask season
[2024-04-21T18:09:21.870+0000] {task_command.py:426} INFO - Running <TaskInstance: season.season manual__2024-04-21T18:09:20.380485+00:00 [running]> on host 2e7c22e48044
[2024-04-21T18:09:21.932+0000] {taskinstance.py:2644} INFO - Exporting env vars: AIRFLOW_CTX_DAG_OWNER='***' AIRFLOW_CTX_DAG_ID='season' AIRFLOW_CTX_TASK_ID='season' AIRFLOW_CTX_EXECUTION_DATE='2024-04-21T18:09:20.380485+00:00' AIRFLOW_CTX_TRY_NUMBER='1' AIRFLOW_CTX_DAG_RUN_ID='manual__2024-04-21T18:09:20.380485+00:00'
[2024-04-21T18:09:21.933+0000] {taskinstance.py:430} INFO - ::endgroup::
[2024-04-21T18:09:21.933+0000] {logging_mixin.py:188} INFO - es
[2024-04-21T18:09:22.929+0000] {python.py:237} INFO - Done. Returned value was: None
[2024-04-21T18:09:22.930+0000] {taskinstance.py:441} INFO - ::group::Post task execution logs
[2024-04-21T18:09:22.938+0000] {taskinstance.py:1205} INFO - Marking task as SUCCESS. dag_id=season, task_id=season, execution_date=20240421T180920, start_date=20240421T180921, end_date=20240421T180922
[2024-04-21T18:09:22.976+0000] {local_task_job_runner.py:240} INFO - Task exited with return code 0
[2024-04-21T18:09:22.993+0000] {taskinstance.py:3482} INFO - 1 downstream tasks scheduled from follow-on schedule check
[2024-04-21T18:09:22.995+0000] {local_task_job_runner.py:222} INFO - ::endgroup::
