[2024-04-20T19:38:41.653+0000] {local_task_job_runner.py:120} INFO - ::group::Pre task execution logs
[2024-04-20T19:38:41.665+0000] {taskinstance.py:2073} INFO - Dependencies all met for dep_context=non-requeueable deps ti=<TaskInstance: season.load_step manual__2024-04-20T19:38:39.696985+00:00 [queued]>
[2024-04-20T19:38:41.669+0000] {taskinstance.py:2073} INFO - Dependencies all met for dep_context=requeueable deps ti=<TaskInstance: season.load_step manual__2024-04-20T19:38:39.696985+00:00 [queued]>
[2024-04-20T19:38:41.669+0000] {taskinstance.py:2303} INFO - Starting attempt 1 of 1
[2024-04-20T19:38:41.676+0000] {taskinstance.py:2327} INFO - Executing <Task(PythonOperator): load_step> on 2024-04-20 19:38:39.696985+00:00
[2024-04-20T19:38:41.682+0000] {warnings.py:110} WARNING - /home/***/.local/lib/python3.12/site-packages/***/task/task_runner/standard_task_runner.py:61: DeprecationWarning: This process (pid=63) is multi-threaded, use of fork() may lead to deadlocks in the child.
  pid = os.fork()

[2024-04-20T19:38:41.682+0000] {standard_task_runner.py:63} INFO - Started process 67 to run task
[2024-04-20T19:38:41.683+0000] {standard_task_runner.py:90} INFO - Running: ['***', 'tasks', 'run', 'season', 'load_step', 'manual__2024-04-20T19:38:39.696985+00:00', '--job-id', '23', '--raw', '--subdir', 'DAGS_FOLDER/get_seasons.py', '--cfg-path', '/tmp/tmp9fxj3ms3']
[2024-04-20T19:38:41.685+0000] {standard_task_runner.py:91} INFO - Job 23: Subtask load_step
[2024-04-20T19:38:41.711+0000] {task_command.py:426} INFO - Running <TaskInstance: season.load_step manual__2024-04-20T19:38:39.696985+00:00 [running]> on host 2047b22dc330
[2024-04-20T19:38:41.763+0000] {taskinstance.py:2644} INFO - Exporting env vars: AIRFLOW_CTX_DAG_OWNER='***' AIRFLOW_CTX_DAG_ID='season' AIRFLOW_CTX_TASK_ID='load_step' AIRFLOW_CTX_EXECUTION_DATE='2024-04-20T19:38:39.696985+00:00' AIRFLOW_CTX_TRY_NUMBER='1' AIRFLOW_CTX_DAG_RUN_ID='manual__2024-04-20T19:38:39.696985+00:00'
[2024-04-20T19:38:41.764+0000] {taskinstance.py:430} INFO - ::endgroup::
[2024-04-20T19:38:41.775+0000] {base.py:84} INFO - Using connection ID '***' for task execution.
[2024-04-20T19:38:42.116+0000] {sql.py:580} INFO - Done loading. Loaded a total of 0 rows into season
[2024-04-20T19:38:42.116+0000] {python.py:237} INFO - Done. Returned value was: None
[2024-04-20T19:38:42.116+0000] {taskinstance.py:441} INFO - ::group::Post task execution logs
[2024-04-20T19:38:42.123+0000] {taskinstance.py:1205} INFO - Marking task as SUCCESS. dag_id=season, task_id=load_step, execution_date=20240420T193839, start_date=20240420T193841, end_date=20240420T193842
[2024-04-20T19:38:42.176+0000] {local_task_job_runner.py:240} INFO - Task exited with return code 0
[2024-04-20T19:38:42.189+0000] {taskinstance.py:3482} INFO - 0 downstream tasks scheduled from follow-on schedule check
[2024-04-20T19:38:42.189+0000] {local_task_job_runner.py:222} INFO - ::endgroup::
