[2024-05-23T15:28:09.092+0000] {local_task_job_runner.py:120} INFO - ::group::Pre task execution logs
[2024-05-23T15:28:09.105+0000] {taskinstance.py:2073} INFO - Dependencies all met for dep_context=non-requeueable deps ti=<TaskInstance: games.get_matches_step manual__2024-05-23T15:28:03.754429+00:00 [queued]>
[2024-05-23T15:28:09.109+0000] {taskinstance.py:2073} INFO - Dependencies all met for dep_context=requeueable deps ti=<TaskInstance: games.get_matches_step manual__2024-05-23T15:28:03.754429+00:00 [queued]>
[2024-05-23T15:28:09.109+0000] {taskinstance.py:2303} INFO - Starting attempt 1 of 1
[2024-05-23T15:28:09.116+0000] {taskinstance.py:2327} INFO - Executing <Task(PythonOperator): get_matches_step> on 2024-05-23 15:28:03.754429+00:00
[2024-05-23T15:28:09.123+0000] {warnings.py:110} WARNING - /home/***/.local/lib/python3.12/site-packages/***/task/task_runner/standard_task_runner.py:61: DeprecationWarning: This process (pid=90) is multi-threaded, use of fork() may lead to deadlocks in the child.
  pid = os.fork()

[2024-05-23T15:28:09.124+0000] {standard_task_runner.py:63} INFO - Started process 92 to run task
[2024-05-23T15:28:09.124+0000] {standard_task_runner.py:90} INFO - Running: ['***', 'tasks', 'run', 'games', 'get_matches_step', 'manual__2024-05-23T15:28:03.754429+00:00', '--job-id', '696', '--raw', '--subdir', 'DAGS_FOLDER/get_main_games.py', '--cfg-path', '/tmp/tmp_glo7t_0']
[2024-05-23T15:28:09.125+0000] {standard_task_runner.py:91} INFO - Job 696: Subtask get_matches_step
[2024-05-23T15:28:09.149+0000] {task_command.py:426} INFO - Running <TaskInstance: games.get_matches_step manual__2024-05-23T15:28:03.754429+00:00 [running]> on host c80b0e71a0a8
[2024-05-23T15:28:09.202+0000] {taskinstance.py:2644} INFO - Exporting env vars: AIRFLOW_CTX_DAG_OWNER='***' AIRFLOW_CTX_DAG_ID='games' AIRFLOW_CTX_TASK_ID='get_matches_step' AIRFLOW_CTX_EXECUTION_DATE='2024-05-23T15:28:03.754429+00:00' AIRFLOW_CTX_TRY_NUMBER='1' AIRFLOW_CTX_DAG_RUN_ID='manual__2024-05-23T15:28:03.754429+00:00'
[2024-05-23T15:28:09.203+0000] {taskinstance.py:430} INFO - ::endgroup::
[2024-05-23T15:29:28.061+0000] {logging_mixin.py:188} INFO - 100
[2024-05-23T15:30:25.684+0000] {logging_mixin.py:188} INFO - 200
[2024-05-23T15:31:23.942+0000] {logging_mixin.py:188} INFO - 300
[2024-05-23T15:32:22.880+0000] {logging_mixin.py:188} INFO - 400
[2024-05-23T15:32:58.510+0000] {python.py:237} INFO - Done. Returned value was: None
[2024-05-23T15:32:58.511+0000] {taskinstance.py:441} INFO - ::group::Post task execution logs
[2024-05-23T15:32:58.516+0000] {taskinstance.py:1205} INFO - Marking task as SUCCESS. dag_id=games, task_id=get_matches_step, execution_date=20240523T152803, start_date=20240523T152809, end_date=20240523T153258
[2024-05-23T15:32:58.545+0000] {local_task_job_runner.py:240} INFO - Task exited with return code 0
[2024-05-23T15:32:58.556+0000] {taskinstance.py:3482} INFO - 1 downstream tasks scheduled from follow-on schedule check
[2024-05-23T15:32:58.557+0000] {local_task_job_runner.py:222} INFO - ::endgroup::
