[2024-05-23T17:17:01.721+0000] {local_task_job_runner.py:120} INFO - ::group::Pre task execution logs
[2024-05-23T17:17:01.734+0000] {taskinstance.py:2073} INFO - Dependencies all met for dep_context=non-requeueable deps ti=<TaskInstance: games.load_data manual__2024-05-23T17:12:08.349692+00:00 [queued]>
[2024-05-23T17:17:01.738+0000] {taskinstance.py:2073} INFO - Dependencies all met for dep_context=requeueable deps ti=<TaskInstance: games.load_data manual__2024-05-23T17:12:08.349692+00:00 [queued]>
[2024-05-23T17:17:01.739+0000] {taskinstance.py:2303} INFO - Starting attempt 1 of 1
[2024-05-23T17:17:01.745+0000] {taskinstance.py:2327} INFO - Executing <Task(PythonOperator): load_data> on 2024-05-23 17:12:08.349692+00:00
[2024-05-23T17:17:01.752+0000] {warnings.py:110} WARNING - /home/***/.local/lib/python3.12/site-packages/***/task/task_runner/standard_task_runner.py:61: DeprecationWarning: This process (pid=163) is multi-threaded, use of fork() may lead to deadlocks in the child.
  pid = os.fork()

[2024-05-23T17:17:01.753+0000] {standard_task_runner.py:63} INFO - Started process 165 to run task
[2024-05-23T17:17:01.753+0000] {standard_task_runner.py:90} INFO - Running: ['***', 'tasks', 'run', 'games', 'load_data', 'manual__2024-05-23T17:12:08.349692+00:00', '--job-id', '711', '--raw', '--subdir', 'DAGS_FOLDER/get_main_games.py', '--cfg-path', '/tmp/tmpuc17id86']
[2024-05-23T17:17:01.754+0000] {standard_task_runner.py:91} INFO - Job 711: Subtask load_data
[2024-05-23T17:17:01.779+0000] {task_command.py:426} INFO - Running <TaskInstance: games.load_data manual__2024-05-23T17:12:08.349692+00:00 [running]> on host 1af7b740efc2
[2024-05-23T17:17:01.835+0000] {taskinstance.py:2644} INFO - Exporting env vars: AIRFLOW_CTX_DAG_OWNER='***' AIRFLOW_CTX_DAG_ID='games' AIRFLOW_CTX_TASK_ID='load_data' AIRFLOW_CTX_EXECUTION_DATE='2024-05-23T17:12:08.349692+00:00' AIRFLOW_CTX_TRY_NUMBER='1' AIRFLOW_CTX_DAG_RUN_ID='manual__2024-05-23T17:12:08.349692+00:00'
[2024-05-23T17:17:01.835+0000] {taskinstance.py:430} INFO - ::endgroup::
[2024-05-23T17:17:01.857+0000] {base.py:84} INFO - Using connection ID '***' for task execution.
[2024-05-23T17:18:28.525+0000] {python.py:237} INFO - Done. Returned value was: None
[2024-05-23T17:18:28.526+0000] {taskinstance.py:441} INFO - ::group::Post task execution logs
[2024-05-23T17:18:28.533+0000] {taskinstance.py:1205} INFO - Marking task as SUCCESS. dag_id=games, task_id=load_data, execution_date=20240523T171208, start_date=20240523T171701, end_date=20240523T171828
[2024-05-23T17:18:28.575+0000] {local_task_job_runner.py:240} INFO - Task exited with return code 0
[2024-05-23T17:18:28.585+0000] {taskinstance.py:3482} INFO - 0 downstream tasks scheduled from follow-on schedule check
[2024-05-23T17:18:28.586+0000] {local_task_job_runner.py:222} INFO - ::endgroup::
