[2024-03-15T20:14:38.853+0000] {taskinstance.py:1159} INFO - Dependencies all met for dep_context=non-requeueable deps ti=<TaskInstance: parser.parser manual__2024-03-15T20:14:37.260394+00:00 [queued]>
[2024-03-15T20:14:38.856+0000] {taskinstance.py:1159} INFO - Dependencies all met for dep_context=requeueable deps ti=<TaskInstance: parser.parser manual__2024-03-15T20:14:37.260394+00:00 [queued]>
[2024-03-15T20:14:38.857+0000] {taskinstance.py:1361} INFO - Starting attempt 1 of 1
[2024-03-15T20:14:38.863+0000] {taskinstance.py:1382} INFO - Executing <Task(PythonOperator): parser> on 2024-03-15 20:14:37.260394+00:00
[2024-03-15T20:14:38.869+0000] {standard_task_runner.py:57} INFO - Started process 73 to run task
[2024-03-15T20:14:38.871+0000] {standard_task_runner.py:84} INFO - Running: ['***', 'tasks', 'run', 'parser', 'parser', 'manual__2024-03-15T20:14:37.260394+00:00', '--job-id', '65', '--raw', '--subdir', 'DAGS_FOLDER/parser.py', '--cfg-path', '/tmp/tmp4ta_mak3']
[2024-03-15T20:14:38.872+0000] {standard_task_runner.py:85} INFO - Job 65: Subtask parser
[2024-03-15T20:14:39.038+0000] {task_command.py:416} INFO - Running <TaskInstance: parser.parser manual__2024-03-15T20:14:37.260394+00:00 [running]> on host 79b999a0cd24
[2024-03-15T20:14:39.080+0000] {taskinstance.py:1662} INFO - Exporting env vars: AIRFLOW_CTX_DAG_OWNER='***' AIRFLOW_CTX_DAG_ID='parser' AIRFLOW_CTX_TASK_ID='parser' AIRFLOW_CTX_EXECUTION_DATE='2024-03-15T20:14:37.260394+00:00' AIRFLOW_CTX_TRY_NUMBER='1' AIRFLOW_CTX_DAG_RUN_ID='manual__2024-03-15T20:14:37.260394+00:00'
[2024-03-15T20:14:41.080+0000] {logging_mixin.py:154} INFO - Get base info about players
[2024-03-15T20:14:41.103+0000] {logging_mixin.py:154} INFO -       playerId info_position  info_shirtNum  ...   name_last      id altIds_opta
0     344622.0             D           37.0  ...      Aarons   19970     p232980
1     341886.0             D            NaN  ...      Abbott  117754     p549067
2     345808.0             F           12.0  ...      Ablade   51536     p247664
3     358241.0             D           63.0  ...  Acheampong  125075     p577016
4     345193.0             M           18.0  ...       Adams   42894     p200785
...        ...           ...            ...  ...         ...     ...         ...
998   319999.0             D           35.0  ...   Zinchenko   19620     p206325
999   345780.0             M           22.0  ...      Ziyech   20750     p124183
1000  288580.0             D            4.0  ...       Zouma    5175     p103192
1001  267908.0             G            1.0  ...        Zych  107891     p516159
1002  288147.0             M            8.0  ...    Ødegaard   11419     p184029

[1003 rows x 28 columns]
[2024-03-15T20:14:41.105+0000] {python.py:194} INFO - Done. Returned value was: None
[2024-03-15T20:14:41.112+0000] {taskinstance.py:1400} INFO - Marking task as SUCCESS. dag_id=parser, task_id=parser, execution_date=20240315T201437, start_date=20240315T201438, end_date=20240315T201441
[2024-03-15T20:14:41.167+0000] {local_task_job_runner.py:228} INFO - Task exited with return code 0
[2024-03-15T20:14:41.324+0000] {taskinstance.py:2778} INFO - 0 downstream tasks scheduled from follow-on schedule check
