[2024-04-20T19:51:06.784+0000] {local_task_job_runner.py:120} INFO - ::group::Pre task execution logs
[2024-04-20T19:51:06.797+0000] {taskinstance.py:2073} INFO - Dependencies all met for dep_context=non-requeueable deps ti=<TaskInstance: season.create_db_step manual__2024-04-20T19:51:03.179024+00:00 [queued]>
[2024-04-20T19:51:06.802+0000] {taskinstance.py:2073} INFO - Dependencies all met for dep_context=requeueable deps ti=<TaskInstance: season.create_db_step manual__2024-04-20T19:51:03.179024+00:00 [queued]>
[2024-04-20T19:51:06.802+0000] {taskinstance.py:2303} INFO - Starting attempt 1 of 1
[2024-04-20T19:51:06.809+0000] {taskinstance.py:2327} INFO - Executing <Task(PythonOperator): create_db_step> on 2024-04-20 19:51:03.179024+00:00
[2024-04-20T19:51:06.816+0000] {warnings.py:110} WARNING - /home/***/.local/lib/python3.12/site-packages/***/task/task_runner/standard_task_runner.py:61: DeprecationWarning: This process (pid=90) is multi-threaded, use of fork() may lead to deadlocks in the child.
  pid = os.fork()

[2024-04-20T19:51:06.817+0000] {standard_task_runner.py:63} INFO - Started process 92 to run task
[2024-04-20T19:51:06.817+0000] {standard_task_runner.py:90} INFO - Running: ['***', 'tasks', 'run', 'season', 'create_db_step', 'manual__2024-04-20T19:51:03.179024+00:00', '--job-id', '34', '--raw', '--subdir', 'DAGS_FOLDER/get_seasons.py', '--cfg-path', '/tmp/tmp4u6fwftu']
[2024-04-20T19:51:06.819+0000] {standard_task_runner.py:91} INFO - Job 34: Subtask create_db_step
[2024-04-20T19:51:06.844+0000] {task_command.py:426} INFO - Running <TaskInstance: season.create_db_step manual__2024-04-20T19:51:03.179024+00:00 [running]> on host 04879e9b77a8
[2024-04-20T19:51:06.900+0000] {taskinstance.py:2644} INFO - Exporting env vars: AIRFLOW_CTX_DAG_OWNER='***' AIRFLOW_CTX_DAG_ID='season' AIRFLOW_CTX_TASK_ID='create_db_step' AIRFLOW_CTX_EXECUTION_DATE='2024-04-20T19:51:03.179024+00:00' AIRFLOW_CTX_TRY_NUMBER='1' AIRFLOW_CTX_DAG_RUN_ID='manual__2024-04-20T19:51:03.179024+00:00'
[2024-04-20T19:51:06.900+0000] {taskinstance.py:430} INFO - ::endgroup::
[2024-04-20T19:51:06.905+0000] {base.py:84} INFO - Using connection ID '***' for task execution.
[2024-04-20T19:51:08.271+0000] {python.py:237} INFO - Done. Returned value was: None
[2024-04-20T19:51:08.271+0000] {taskinstance.py:441} INFO - ::group::Post task execution logs
[2024-04-20T19:51:08.279+0000] {taskinstance.py:1205} INFO - Marking task as SUCCESS. dag_id=season, task_id=create_db_step, execution_date=20240420T195103, start_date=20240420T195106, end_date=20240420T195108
[2024-04-20T19:51:08.312+0000] {local_task_job_runner.py:240} INFO - Task exited with return code 0
[2024-04-20T19:51:08.325+0000] {taskinstance.py:3482} INFO - 0 downstream tasks scheduled from follow-on schedule check
[2024-04-20T19:51:08.326+0000] {local_task_job_runner.py:222} INFO - ::endgroup::
