[2024-05-21T19:31:59.086+0000] {local_task_job_runner.py:120} INFO - ::group::Pre task execution logs
[2024-05-21T19:31:59.102+0000] {taskinstance.py:2073} INFO - Dependencies all met for dep_context=non-requeueable deps ti=<TaskInstance: games.get_matches_step manual__2024-05-21T19:31:54.729607+00:00 [queued]>
[2024-05-21T19:31:59.106+0000] {taskinstance.py:2073} INFO - Dependencies all met for dep_context=requeueable deps ti=<TaskInstance: games.get_matches_step manual__2024-05-21T19:31:54.729607+00:00 [queued]>
[2024-05-21T19:31:59.106+0000] {taskinstance.py:2303} INFO - Starting attempt 1 of 1
[2024-05-21T19:31:59.113+0000] {taskinstance.py:2327} INFO - Executing <Task(PythonOperator): get_matches_step> on 2024-05-21 19:31:54.729607+00:00
[2024-05-21T19:31:59.120+0000] {warnings.py:110} WARNING - /home/***/.local/lib/python3.12/site-packages/***/task/task_runner/standard_task_runner.py:61: DeprecationWarning: This process (pid=89) is multi-threaded, use of fork() may lead to deadlocks in the child.
  pid = os.fork()

[2024-05-21T19:31:59.121+0000] {standard_task_runner.py:63} INFO - Started process 91 to run task
[2024-05-21T19:31:59.121+0000] {standard_task_runner.py:90} INFO - Running: ['***', 'tasks', 'run', 'games', 'get_matches_step', 'manual__2024-05-21T19:31:54.729607+00:00', '--job-id', '562', '--raw', '--subdir', 'DAGS_FOLDER/get_main_games.py', '--cfg-path', '/tmp/tmpx2hfsas0']
[2024-05-21T19:31:59.123+0000] {standard_task_runner.py:91} INFO - Job 562: Subtask get_matches_step
[2024-05-21T19:31:59.150+0000] {task_command.py:426} INFO - Running <TaskInstance: games.get_matches_step manual__2024-05-21T19:31:54.729607+00:00 [running]> on host 631d4ab68173
[2024-05-21T19:31:59.201+0000] {taskinstance.py:2644} INFO - Exporting env vars: AIRFLOW_CTX_DAG_OWNER='***' AIRFLOW_CTX_DAG_ID='games' AIRFLOW_CTX_TASK_ID='get_matches_step' AIRFLOW_CTX_EXECUTION_DATE='2024-05-21T19:31:54.729607+00:00' AIRFLOW_CTX_TRY_NUMBER='1' AIRFLOW_CTX_DAG_RUN_ID='manual__2024-05-21T19:31:54.729607+00:00'
[2024-05-21T19:31:59.201+0000] {taskinstance.py:430} INFO - ::endgroup::
[2024-05-21T19:33:16.110+0000] {logging_mixin.py:188} INFO - 100
[2024-05-21T19:34:11.669+0000] {logging_mixin.py:188} INFO - 200
[2024-05-21T19:35:07.683+0000] {logging_mixin.py:188} INFO - 300
[2024-05-21T19:36:03.560+0000] {logging_mixin.py:188} INFO - 400
[2024-05-21T19:36:38.238+0000] {python.py:237} INFO - Done. Returned value was: None
[2024-05-21T19:36:38.238+0000] {taskinstance.py:441} INFO - ::group::Post task execution logs
[2024-05-21T19:36:38.245+0000] {taskinstance.py:1205} INFO - Marking task as SUCCESS. dag_id=games, task_id=get_matches_step, execution_date=20240521T193154, start_date=20240521T193159, end_date=20240521T193638
[2024-05-21T19:36:38.264+0000] {local_task_job_runner.py:240} INFO - Task exited with return code 0
[2024-05-21T19:36:38.278+0000] {taskinstance.py:3482} INFO - 1 downstream tasks scheduled from follow-on schedule check
[2024-05-21T19:36:38.279+0000] {local_task_job_runner.py:222} INFO - ::endgroup::
