[2024-05-18T22:32:27.823+0000] {local_task_job_runner.py:120} INFO - ::group::Pre task execution logs
[2024-05-18T22:32:27.836+0000] {taskinstance.py:2073} INFO - Dependencies all met for dep_context=non-requeueable deps ti=<TaskInstance: games.create_db manual__2024-05-18T22:32:09.297367+00:00 [queued]>
[2024-05-18T22:32:27.840+0000] {taskinstance.py:2073} INFO - Dependencies all met for dep_context=requeueable deps ti=<TaskInstance: games.create_db manual__2024-05-18T22:32:09.297367+00:00 [queued]>
[2024-05-18T22:32:27.840+0000] {taskinstance.py:2303} INFO - Starting attempt 1 of 1
[2024-05-18T22:32:27.849+0000] {taskinstance.py:2327} INFO - Executing <Task(PythonOperator): create_db> on 2024-05-18 22:32:09.297367+00:00
[2024-05-18T22:32:27.855+0000] {warnings.py:110} WARNING - /home/***/.local/lib/python3.12/site-packages/***/task/task_runner/standard_task_runner.py:61: DeprecationWarning: This process (pid=65) is multi-threaded, use of fork() may lead to deadlocks in the child.
  pid = os.fork()

[2024-05-18T22:32:27.856+0000] {standard_task_runner.py:63} INFO - Started process 79 to run task
[2024-05-18T22:32:27.856+0000] {standard_task_runner.py:90} INFO - Running: ['***', 'tasks', 'run', 'games', 'create_db', 'manual__2024-05-18T22:32:09.297367+00:00', '--job-id', '499', '--raw', '--subdir', 'DAGS_FOLDER/get_main_games.py', '--cfg-path', '/tmp/tmptfnoaxh_']
[2024-05-18T22:32:27.857+0000] {standard_task_runner.py:91} INFO - Job 499: Subtask create_db
[2024-05-18T22:32:27.885+0000] {task_command.py:426} INFO - Running <TaskInstance: games.create_db manual__2024-05-18T22:32:09.297367+00:00 [running]> on host 256b22cb9d78
[2024-05-18T22:32:27.933+0000] {taskinstance.py:2644} INFO - Exporting env vars: AIRFLOW_CTX_DAG_OWNER='***' AIRFLOW_CTX_DAG_ID='games' AIRFLOW_CTX_TASK_ID='create_db' AIRFLOW_CTX_EXECUTION_DATE='2024-05-18T22:32:09.297367+00:00' AIRFLOW_CTX_TRY_NUMBER='1' AIRFLOW_CTX_DAG_RUN_ID='manual__2024-05-18T22:32:09.297367+00:00'
[2024-05-18T22:32:27.934+0000] {taskinstance.py:430} INFO - ::endgroup::
[2024-05-18T22:32:27.952+0000] {base.py:84} INFO - Using connection ID '***' for task execution.
[2024-05-18T22:32:29.194+0000] {python.py:237} INFO - Done. Returned value was: None
[2024-05-18T22:32:29.195+0000] {taskinstance.py:441} INFO - ::group::Post task execution logs
[2024-05-18T22:32:29.203+0000] {taskinstance.py:1205} INFO - Marking task as SUCCESS. dag_id=games, task_id=create_db, execution_date=20240518T223209, start_date=20240518T223227, end_date=20240518T223229
[2024-05-18T22:32:29.231+0000] {local_task_job_runner.py:240} INFO - Task exited with return code 0
[2024-05-18T22:32:29.251+0000] {taskinstance.py:3482} INFO - 1 downstream tasks scheduled from follow-on schedule check
[2024-05-18T22:32:29.252+0000] {local_task_job_runner.py:222} INFO - ::endgroup::
