[2024-04-20T19:33:40.355+0000] {local_task_job_runner.py:120} INFO - ::group::Pre task execution logs
[2024-04-20T19:33:40.370+0000] {taskinstance.py:2073} INFO - Dependencies all met for dep_context=non-requeueable deps ti=<TaskInstance: season.load_step manual__2024-04-20T19:33:39.018240+00:00 [queued]>
[2024-04-20T19:33:40.374+0000] {taskinstance.py:2073} INFO - Dependencies all met for dep_context=requeueable deps ti=<TaskInstance: season.load_step manual__2024-04-20T19:33:39.018240+00:00 [queued]>
[2024-04-20T19:33:40.375+0000] {taskinstance.py:2303} INFO - Starting attempt 1 of 1
[2024-04-20T19:33:40.383+0000] {taskinstance.py:2327} INFO - Executing <Task(PythonOperator): load_step> on 2024-04-20 19:33:39.018240+00:00
[2024-04-20T19:33:40.392+0000] {warnings.py:110} WARNING - /home/***/.local/lib/python3.12/site-packages/***/task/task_runner/standard_task_runner.py:61: DeprecationWarning: This process (pid=107) is multi-threaded, use of fork() may lead to deadlocks in the child.
  pid = os.fork()

[2024-04-20T19:33:40.393+0000] {standard_task_runner.py:63} INFO - Started process 112 to run task
[2024-04-20T19:33:40.394+0000] {standard_task_runner.py:90} INFO - Running: ['***', 'tasks', 'run', 'season', 'load_step', 'manual__2024-04-20T19:33:39.018240+00:00', '--job-id', '18', '--raw', '--subdir', 'DAGS_FOLDER/get_seasons.py', '--cfg-path', '/tmp/tmp7usg8m7_']
[2024-04-20T19:33:40.396+0000] {standard_task_runner.py:91} INFO - Job 18: Subtask load_step
[2024-04-20T19:33:40.423+0000] {task_command.py:426} INFO - Running <TaskInstance: season.load_step manual__2024-04-20T19:33:39.018240+00:00 [running]> on host 2b5808ab3ae7
[2024-04-20T19:33:40.479+0000] {taskinstance.py:2644} INFO - Exporting env vars: AIRFLOW_CTX_DAG_OWNER='***' AIRFLOW_CTX_DAG_ID='season' AIRFLOW_CTX_TASK_ID='load_step' AIRFLOW_CTX_EXECUTION_DATE='2024-04-20T19:33:39.018240+00:00' AIRFLOW_CTX_TRY_NUMBER='1' AIRFLOW_CTX_DAG_RUN_ID='manual__2024-04-20T19:33:39.018240+00:00'
[2024-04-20T19:33:40.479+0000] {taskinstance.py:430} INFO - ::endgroup::
[2024-04-20T19:33:40.491+0000] {base.py:84} INFO - Using connection ID '***' for task execution.
[2024-04-20T19:33:40.863+0000] {sql.py:580} INFO - Done loading. Loaded a total of 0 rows into season
[2024-04-20T19:33:40.863+0000] {python.py:237} INFO - Done. Returned value was: None
[2024-04-20T19:33:40.863+0000] {taskinstance.py:441} INFO - ::group::Post task execution logs
[2024-04-20T19:33:40.870+0000] {taskinstance.py:1205} INFO - Marking task as SUCCESS. dag_id=season, task_id=load_step, execution_date=20240420T193339, start_date=20240420T193340, end_date=20240420T193340
[2024-04-20T19:33:40.927+0000] {local_task_job_runner.py:240} INFO - Task exited with return code 0
[2024-04-20T19:33:40.937+0000] {taskinstance.py:3482} INFO - 0 downstream tasks scheduled from follow-on schedule check
[2024-04-20T19:33:40.938+0000] {local_task_job_runner.py:222} INFO - ::endgroup::
