[2024-04-20T18:51:02.987+0000] {local_task_job_runner.py:120} INFO - ::group::Pre task execution logs
[2024-04-20T18:51:03.000+0000] {taskinstance.py:2073} INFO - Dependencies all met for dep_context=non-requeueable deps ti=<TaskInstance: season.season manual__2024-04-20T18:51:00.376851+00:00 [queued]>
[2024-04-20T18:51:03.004+0000] {taskinstance.py:2073} INFO - Dependencies all met for dep_context=requeueable deps ti=<TaskInstance: season.season manual__2024-04-20T18:51:00.376851+00:00 [queued]>
[2024-04-20T18:51:03.004+0000] {taskinstance.py:2303} INFO - Starting attempt 1 of 1
[2024-04-20T18:51:03.011+0000] {taskinstance.py:2327} INFO - Executing <Task(PythonOperator): season> on 2024-04-20 18:51:00.376851+00:00
[2024-04-20T18:51:03.018+0000] {warnings.py:110} WARNING - /home/***/.local/lib/python3.12/site-packages/***/task/task_runner/standard_task_runner.py:61: DeprecationWarning: This process (pid=58) is multi-threaded, use of fork() may lead to deadlocks in the child.
  pid = os.fork()

[2024-04-20T18:51:03.019+0000] {standard_task_runner.py:63} INFO - Started process 64 to run task
[2024-04-20T18:51:03.019+0000] {standard_task_runner.py:90} INFO - Running: ['***', 'tasks', 'run', 'season', 'season', 'manual__2024-04-20T18:51:00.376851+00:00', '--job-id', '6', '--raw', '--subdir', 'DAGS_FOLDER/get_seasons.py', '--cfg-path', '/tmp/tmptmvpwz29']
[2024-04-20T18:51:03.021+0000] {standard_task_runner.py:91} INFO - Job 6: Subtask season
[2024-04-20T18:51:03.051+0000] {task_command.py:426} INFO - Running <TaskInstance: season.season manual__2024-04-20T18:51:00.376851+00:00 [running]> on host 4cf9e140f22c
[2024-04-20T18:51:03.102+0000] {taskinstance.py:2644} INFO - Exporting env vars: AIRFLOW_CTX_DAG_OWNER='***' AIRFLOW_CTX_DAG_ID='season' AIRFLOW_CTX_TASK_ID='season' AIRFLOW_CTX_EXECUTION_DATE='2024-04-20T18:51:00.376851+00:00' AIRFLOW_CTX_TRY_NUMBER='1' AIRFLOW_CTX_DAG_RUN_ID='manual__2024-04-20T18:51:00.376851+00:00'
[2024-04-20T18:51:03.102+0000] {taskinstance.py:430} INFO - ::endgroup::
[2024-04-20T18:51:03.102+0000] {logging_mixin.py:188} INFO - es
[2024-04-20T18:51:03.103+0000] {python.py:237} INFO - Done. Returned value was: None
[2024-04-20T18:51:03.103+0000] {taskinstance.py:441} INFO - ::group::Post task execution logs
[2024-04-20T18:51:03.108+0000] {taskinstance.py:1205} INFO - Marking task as SUCCESS. dag_id=season, task_id=season, execution_date=20240420T185100, start_date=20240420T185103, end_date=20240420T185103
[2024-04-20T18:51:03.152+0000] {local_task_job_runner.py:240} INFO - Task exited with return code 0
[2024-04-20T18:51:03.164+0000] {taskinstance.py:3482} INFO - 1 downstream tasks scheduled from follow-on schedule check
[2024-04-20T18:51:03.165+0000] {local_task_job_runner.py:222} INFO - ::endgroup::
