[2024-04-21T18:43:30.501+0000] {local_task_job_runner.py:120} INFO - ::group::Pre task execution logs
[2024-04-21T18:43:30.517+0000] {taskinstance.py:2073} INFO - Dependencies all met for dep_context=non-requeueable deps ti=<TaskInstance: get_seasons.create_db manual__2024-04-21T18:43:26.088734+00:00 [queued]>
[2024-04-21T18:43:30.522+0000] {taskinstance.py:2073} INFO - Dependencies all met for dep_context=requeueable deps ti=<TaskInstance: get_seasons.create_db manual__2024-04-21T18:43:26.088734+00:00 [queued]>
[2024-04-21T18:43:30.522+0000] {taskinstance.py:2303} INFO - Starting attempt 1 of 1
[2024-04-21T18:43:30.529+0000] {taskinstance.py:2327} INFO - Executing <Task(PythonOperator): create_db> on 2024-04-21 18:43:26.088734+00:00
[2024-04-21T18:43:30.535+0000] {warnings.py:110} WARNING - /home/***/.local/lib/python3.12/site-packages/***/task/task_runner/standard_task_runner.py:61: DeprecationWarning: This process (pid=70) is multi-threaded, use of fork() may lead to deadlocks in the child.
  pid = os.fork()

[2024-04-21T18:43:30.536+0000] {standard_task_runner.py:63} INFO - Started process 73 to run task
[2024-04-21T18:43:30.536+0000] {standard_task_runner.py:90} INFO - Running: ['***', 'tasks', 'run', 'get_seasons', 'create_db', 'manual__2024-04-21T18:43:26.088734+00:00', '--job-id', '95', '--raw', '--subdir', 'DAGS_FOLDER/get_seasons.py', '--cfg-path', '/tmp/tmpy_e5wz6h']
[2024-04-21T18:43:30.538+0000] {standard_task_runner.py:91} INFO - Job 95: Subtask create_db
[2024-04-21T18:43:30.563+0000] {task_command.py:426} INFO - Running <TaskInstance: get_seasons.create_db manual__2024-04-21T18:43:26.088734+00:00 [running]> on host 1b028cb3fd08
[2024-04-21T18:43:30.616+0000] {taskinstance.py:2644} INFO - Exporting env vars: AIRFLOW_CTX_DAG_OWNER='***' AIRFLOW_CTX_DAG_ID='get_seasons' AIRFLOW_CTX_TASK_ID='create_db' AIRFLOW_CTX_EXECUTION_DATE='2024-04-21T18:43:26.088734+00:00' AIRFLOW_CTX_TRY_NUMBER='1' AIRFLOW_CTX_DAG_RUN_ID='manual__2024-04-21T18:43:26.088734+00:00'
[2024-04-21T18:43:30.617+0000] {taskinstance.py:430} INFO - ::endgroup::
[2024-04-21T18:43:30.621+0000] {base.py:84} INFO - Using connection ID '***' for task execution.
[2024-04-21T18:43:31.912+0000] {python.py:237} INFO - Done. Returned value was: None
[2024-04-21T18:43:31.912+0000] {taskinstance.py:441} INFO - ::group::Post task execution logs
[2024-04-21T18:43:31.919+0000] {taskinstance.py:1205} INFO - Marking task as SUCCESS. dag_id=get_seasons, task_id=create_db, execution_date=20240421T184326, start_date=20240421T184330, end_date=20240421T184331
[2024-04-21T18:43:31.951+0000] {local_task_job_runner.py:240} INFO - Task exited with return code 0
[2024-04-21T18:43:31.965+0000] {taskinstance.py:3482} INFO - 1 downstream tasks scheduled from follow-on schedule check
[2024-04-21T18:43:31.966+0000] {local_task_job_runner.py:222} INFO - ::endgroup::
