[2024-05-21T20:14:13.327+0000] {local_task_job_runner.py:120} INFO - ::group::Pre task execution logs
[2024-05-21T20:14:13.341+0000] {taskinstance.py:2073} INFO - Dependencies all met for dep_context=non-requeueable deps ti=<TaskInstance: games.get_matches_step manual__2024-05-21T20:14:08.060773+00:00 [queued]>
[2024-05-21T20:14:13.346+0000] {taskinstance.py:2073} INFO - Dependencies all met for dep_context=requeueable deps ti=<TaskInstance: games.get_matches_step manual__2024-05-21T20:14:08.060773+00:00 [queued]>
[2024-05-21T20:14:13.347+0000] {taskinstance.py:2303} INFO - Starting attempt 1 of 1
[2024-05-21T20:14:13.354+0000] {taskinstance.py:2327} INFO - Executing <Task(PythonOperator): get_matches_step> on 2024-05-21 20:14:08.060773+00:00
[2024-05-21T20:14:13.362+0000] {warnings.py:110} WARNING - /home/***/.local/lib/python3.12/site-packages/***/task/task_runner/standard_task_runner.py:61: DeprecationWarning: This process (pid=69) is multi-threaded, use of fork() may lead to deadlocks in the child.
  pid = os.fork()

[2024-05-21T20:14:13.363+0000] {standard_task_runner.py:63} INFO - Started process 71 to run task
[2024-05-21T20:14:13.364+0000] {standard_task_runner.py:90} INFO - Running: ['***', 'tasks', 'run', 'games', 'get_matches_step', 'manual__2024-05-21T20:14:08.060773+00:00', '--job-id', '618', '--raw', '--subdir', 'DAGS_FOLDER/get_main_games.py', '--cfg-path', '/tmp/tmpvhpkkbs2']
[2024-05-21T20:14:13.365+0000] {standard_task_runner.py:91} INFO - Job 618: Subtask get_matches_step
[2024-05-21T20:14:13.393+0000] {task_command.py:426} INFO - Running <TaskInstance: games.get_matches_step manual__2024-05-21T20:14:08.060773+00:00 [running]> on host 5ad9352cdddc
[2024-05-21T20:14:13.446+0000] {taskinstance.py:2644} INFO - Exporting env vars: AIRFLOW_CTX_DAG_OWNER='***' AIRFLOW_CTX_DAG_ID='games' AIRFLOW_CTX_TASK_ID='get_matches_step' AIRFLOW_CTX_EXECUTION_DATE='2024-05-21T20:14:08.060773+00:00' AIRFLOW_CTX_TRY_NUMBER='1' AIRFLOW_CTX_DAG_RUN_ID='manual__2024-05-21T20:14:08.060773+00:00'
[2024-05-21T20:14:13.447+0000] {taskinstance.py:430} INFO - ::endgroup::
[2024-05-21T20:15:11.782+0000] {logging_mixin.py:188} INFO - 100
[2024-05-21T20:16:06.762+0000] {logging_mixin.py:188} INFO - 200
[2024-05-21T20:17:01.853+0000] {logging_mixin.py:188} INFO - 300
[2024-05-21T20:17:56.983+0000] {logging_mixin.py:188} INFO - 400
[2024-05-21T20:18:31.392+0000] {python.py:237} INFO - Done. Returned value was: None
[2024-05-21T20:18:31.392+0000] {taskinstance.py:441} INFO - ::group::Post task execution logs
[2024-05-21T20:18:31.399+0000] {taskinstance.py:1205} INFO - Marking task as SUCCESS. dag_id=games, task_id=get_matches_step, execution_date=20240521T201408, start_date=20240521T201413, end_date=20240521T201831
[2024-05-21T20:18:31.430+0000] {local_task_job_runner.py:240} INFO - Task exited with return code 0
[2024-05-21T20:18:31.444+0000] {taskinstance.py:3482} INFO - 1 downstream tasks scheduled from follow-on schedule check
[2024-05-21T20:18:31.445+0000] {local_task_job_runner.py:222} INFO - ::endgroup::
