[2024-05-11T09:10:40.282+0000] {local_task_job_runner.py:120} INFO - ::group::Pre task execution logs
[2024-05-11T09:10:40.295+0000] {taskinstance.py:2073} INFO - Dependencies all met for dep_context=non-requeueable deps ti=<TaskInstance: get_seasons.load_data manual__2024-05-11T09:10:34.080922+00:00 [queued]>
[2024-05-11T09:10:40.299+0000] {taskinstance.py:2073} INFO - Dependencies all met for dep_context=requeueable deps ti=<TaskInstance: get_seasons.load_data manual__2024-05-11T09:10:34.080922+00:00 [queued]>
[2024-05-11T09:10:40.299+0000] {taskinstance.py:2303} INFO - Starting attempt 1 of 1
[2024-05-11T09:10:40.306+0000] {taskinstance.py:2327} INFO - Executing <Task(PythonOperator): load_data> on 2024-05-11 09:10:34.080922+00:00
[2024-05-11T09:10:40.313+0000] {warnings.py:110} WARNING - /home/***/.local/lib/python3.12/site-packages/***/task/task_runner/standard_task_runner.py:61: DeprecationWarning: This process (pid=62) is multi-threaded, use of fork() may lead to deadlocks in the child.
  pid = os.fork()

[2024-05-11T09:10:40.314+0000] {standard_task_runner.py:63} INFO - Started process 64 to run task
[2024-05-11T09:10:40.314+0000] {standard_task_runner.py:90} INFO - Running: ['***', 'tasks', 'run', 'get_seasons', 'load_data', 'manual__2024-05-11T09:10:34.080922+00:00', '--job-id', '292', '--raw', '--subdir', 'DAGS_FOLDER/get_seasons.py', '--cfg-path', '/tmp/tmpt9zmri4v']
[2024-05-11T09:10:40.315+0000] {standard_task_runner.py:91} INFO - Job 292: Subtask load_data
[2024-05-11T09:10:40.341+0000] {task_command.py:426} INFO - Running <TaskInstance: get_seasons.load_data manual__2024-05-11T09:10:34.080922+00:00 [running]> on host f4a504e2a6d9
[2024-05-11T09:10:40.400+0000] {taskinstance.py:2644} INFO - Exporting env vars: AIRFLOW_CTX_DAG_OWNER='***' AIRFLOW_CTX_DAG_ID='get_seasons' AIRFLOW_CTX_TASK_ID='load_data' AIRFLOW_CTX_EXECUTION_DATE='2024-05-11T09:10:34.080922+00:00' AIRFLOW_CTX_TRY_NUMBER='1' AIRFLOW_CTX_DAG_RUN_ID='manual__2024-05-11T09:10:34.080922+00:00'
[2024-05-11T09:10:40.401+0000] {taskinstance.py:430} INFO - ::endgroup::
[2024-05-11T09:10:40.416+0000] {base.py:84} INFO - Using connection ID '***' for task execution.
[2024-05-11T09:10:43.549+0000] {sql.py:580} INFO - Done loading. Loaded a total of 32 rows into seasons
[2024-05-11T09:10:43.549+0000] {python.py:237} INFO - Done. Returned value was: None
[2024-05-11T09:10:43.549+0000] {taskinstance.py:441} INFO - ::group::Post task execution logs
[2024-05-11T09:10:43.556+0000] {taskinstance.py:1205} INFO - Marking task as SUCCESS. dag_id=get_seasons, task_id=load_data, execution_date=20240511T091034, start_date=20240511T091040, end_date=20240511T091043
[2024-05-11T09:10:43.574+0000] {local_task_job_runner.py:240} INFO - Task exited with return code 0
[2024-05-11T09:10:43.585+0000] {taskinstance.py:3482} INFO - 0 downstream tasks scheduled from follow-on schedule check
[2024-05-11T09:10:43.586+0000] {local_task_job_runner.py:222} INFO - ::endgroup::
