[2024-05-11T09:10:37.571+0000] {local_task_job_runner.py:120} INFO - ::group::Pre task execution logs
[2024-05-11T09:10:37.583+0000] {taskinstance.py:2073} INFO - Dependencies all met for dep_context=non-requeueable deps ti=<TaskInstance: get_seasons.create_db manual__2024-05-11T09:10:34.080922+00:00 [queued]>
[2024-05-11T09:10:37.587+0000] {taskinstance.py:2073} INFO - Dependencies all met for dep_context=requeueable deps ti=<TaskInstance: get_seasons.create_db manual__2024-05-11T09:10:34.080922+00:00 [queued]>
[2024-05-11T09:10:37.588+0000] {taskinstance.py:2303} INFO - Starting attempt 1 of 1
[2024-05-11T09:10:37.595+0000] {taskinstance.py:2327} INFO - Executing <Task(PythonOperator): create_db> on 2024-05-11 09:10:34.080922+00:00
[2024-05-11T09:10:37.602+0000] {warnings.py:110} WARNING - /home/***/.local/lib/python3.12/site-packages/***/task/task_runner/standard_task_runner.py:61: DeprecationWarning: This process (pid=59) is multi-threaded, use of fork() may lead to deadlocks in the child.
  pid = os.fork()

[2024-05-11T09:10:37.603+0000] {standard_task_runner.py:63} INFO - Started process 61 to run task
[2024-05-11T09:10:37.603+0000] {standard_task_runner.py:90} INFO - Running: ['***', 'tasks', 'run', 'get_seasons', 'create_db', 'manual__2024-05-11T09:10:34.080922+00:00', '--job-id', '291', '--raw', '--subdir', 'DAGS_FOLDER/get_seasons.py', '--cfg-path', '/tmp/tmp8lz31x87']
[2024-05-11T09:10:37.604+0000] {standard_task_runner.py:91} INFO - Job 291: Subtask create_db
[2024-05-11T09:10:37.628+0000] {task_command.py:426} INFO - Running <TaskInstance: get_seasons.create_db manual__2024-05-11T09:10:34.080922+00:00 [running]> on host f4a504e2a6d9
[2024-05-11T09:10:37.678+0000] {taskinstance.py:2644} INFO - Exporting env vars: AIRFLOW_CTX_DAG_OWNER='***' AIRFLOW_CTX_DAG_ID='get_seasons' AIRFLOW_CTX_TASK_ID='create_db' AIRFLOW_CTX_EXECUTION_DATE='2024-05-11T09:10:34.080922+00:00' AIRFLOW_CTX_TRY_NUMBER='1' AIRFLOW_CTX_DAG_RUN_ID='manual__2024-05-11T09:10:34.080922+00:00'
[2024-05-11T09:10:37.679+0000] {taskinstance.py:430} INFO - ::endgroup::
[2024-05-11T09:10:37.684+0000] {base.py:84} INFO - Using connection ID '***' for task execution.
[2024-05-11T09:10:39.009+0000] {python.py:237} INFO - Done. Returned value was: None
[2024-05-11T09:10:39.010+0000] {taskinstance.py:441} INFO - ::group::Post task execution logs
[2024-05-11T09:10:39.016+0000] {taskinstance.py:1205} INFO - Marking task as SUCCESS. dag_id=get_seasons, task_id=create_db, execution_date=20240511T091034, start_date=20240511T091037, end_date=20240511T091039
[2024-05-11T09:10:39.058+0000] {local_task_job_runner.py:240} INFO - Task exited with return code 0
[2024-05-11T09:10:39.073+0000] {taskinstance.py:3482} INFO - 1 downstream tasks scheduled from follow-on schedule check
[2024-05-11T09:10:39.074+0000] {local_task_job_runner.py:222} INFO - ::endgroup::
