[2024-05-11T15:52:59.864+0000] {local_task_job_runner.py:120} INFO - ::group::Pre task execution logs
[2024-05-11T15:52:59.878+0000] {taskinstance.py:2073} INFO - Dependencies all met for dep_context=non-requeueable deps ti=<TaskInstance: stadium.load_data manual__2024-05-11T15:52:52.405220+00:00 [queued]>
[2024-05-11T15:52:59.882+0000] {taskinstance.py:2073} INFO - Dependencies all met for dep_context=requeueable deps ti=<TaskInstance: stadium.load_data manual__2024-05-11T15:52:52.405220+00:00 [queued]>
[2024-05-11T15:52:59.883+0000] {taskinstance.py:2303} INFO - Starting attempt 1 of 1
[2024-05-11T15:52:59.890+0000] {taskinstance.py:2327} INFO - Executing <Task(PythonOperator): load_data> on 2024-05-11 15:52:52.405220+00:00
[2024-05-11T15:52:59.896+0000] {warnings.py:110} WARNING - /home/***/.local/lib/python3.12/site-packages/***/task/task_runner/standard_task_runner.py:61: DeprecationWarning: This process (pid=69) is multi-threaded, use of fork() may lead to deadlocks in the child.
  pid = os.fork()

[2024-05-11T15:52:59.897+0000] {standard_task_runner.py:63} INFO - Started process 71 to run task
[2024-05-11T15:52:59.897+0000] {standard_task_runner.py:90} INFO - Running: ['***', 'tasks', 'run', 'stadium', 'load_data', 'manual__2024-05-11T15:52:52.405220+00:00', '--job-id', '415', '--raw', '--subdir', 'DAGS_FOLDER/get_stadiums.py', '--cfg-path', '/tmp/tmp7sfmqd0s']
[2024-05-11T15:52:59.898+0000] {standard_task_runner.py:91} INFO - Job 415: Subtask load_data
[2024-05-11T15:52:59.924+0000] {task_command.py:426} INFO - Running <TaskInstance: stadium.load_data manual__2024-05-11T15:52:52.405220+00:00 [running]> on host 1ce53ee70b82
[2024-05-11T15:52:59.991+0000] {taskinstance.py:2644} INFO - Exporting env vars: AIRFLOW_CTX_DAG_OWNER='***' AIRFLOW_CTX_DAG_ID='stadium' AIRFLOW_CTX_TASK_ID='load_data' AIRFLOW_CTX_EXECUTION_DATE='2024-05-11T15:52:52.405220+00:00' AIRFLOW_CTX_TRY_NUMBER='1' AIRFLOW_CTX_DAG_RUN_ID='manual__2024-05-11T15:52:52.405220+00:00'
[2024-05-11T15:52:59.991+0000] {taskinstance.py:430} INFO - ::endgroup::
[2024-05-11T15:52:59.998+0000] {base.py:84} INFO - Using connection ID '***' for task execution.
[2024-05-11T15:53:00.516+0000] {taskinstance.py:441} INFO - ::group::Post task execution logs
[2024-05-11T15:53:00.517+0000] {taskinstance.py:2890} ERROR - Task failed with exception
Traceback (most recent call last):
  File "/home/airflow/.local/lib/python3.12/site-packages/airflow/models/taskinstance.py", line 465, in _execute_task
    result = _execute_callable(context=context, **execute_callable_kwargs)
             ^^^^^^^^^^^^^^^^^^^^^^^^^^^^^^^^^^^^^^^^^^^^^^^^^^^^^^^^^^^^^
  File "/home/airflow/.local/lib/python3.12/site-packages/airflow/models/taskinstance.py", line 432, in _execute_callable
    return execute_callable(context=context, **execute_callable_kwargs)
           ^^^^^^^^^^^^^^^^^^^^^^^^^^^^^^^^^^^^^^^^^^^^^^^^^^^^^^^^^^^^
  File "/home/airflow/.local/lib/python3.12/site-packages/airflow/models/baseoperator.py", line 400, in wrapper
    return func(self, *args, **kwargs)
           ^^^^^^^^^^^^^^^^^^^^^^^^^^^
  File "/home/airflow/.local/lib/python3.12/site-packages/airflow/operators/python.py", line 235, in execute
    return_value = self.execute_callable()
                   ^^^^^^^^^^^^^^^^^^^^^^^
  File "/home/airflow/.local/lib/python3.12/site-packages/airflow/operators/python.py", line 252, in execute_callable
    return self.python_callable(*self.op_args, **self.op_kwargs)
           ^^^^^^^^^^^^^^^^^^^^^^^^^^^^^^^^^^^^^^^^^^^^^^^^^^^^^
  File "/opt/airflow/plugins/steps/get_stadium.py", line 75, in load_data
    hook.insert_rows(
  File "/home/airflow/.local/lib/python3.12/site-packages/airflow/providers/common/sql/hooks/sql.py", line 573, in insert_rows
    cur.execute(sql, values)
psycopg2.errors.UndefinedColumn: column "club" of relation "seasons" does not exist
LINE 1: INSERT INTO seasons (club, club_id, stadium, stadium_id, cit...
                             ^

[2024-05-11T15:53:00.525+0000] {taskinstance.py:1205} INFO - Marking task as FAILED. dag_id=stadium, task_id=load_data, execution_date=20240511T155252, start_date=20240511T155259, end_date=20240511T155300
[2024-05-11T15:53:00.533+0000] {standard_task_runner.py:110} ERROR - Failed to execute job 415 for task load_data (column "club" of relation "seasons" does not exist
LINE 1: INSERT INTO seasons (club, club_id, stadium, stadium_id, cit...
                             ^
; 71)
[2024-05-11T15:53:00.550+0000] {local_task_job_runner.py:240} INFO - Task exited with return code 1
[2024-05-11T15:53:00.563+0000] {taskinstance.py:3482} INFO - 0 downstream tasks scheduled from follow-on schedule check
[2024-05-11T15:53:00.563+0000] {local_task_job_runner.py:222} INFO - ::endgroup::
