[2024-04-14T15:09:25.726+0000] {processor.py:157} INFO - Started process (PID=49) to work on /home/airflow/.local/lib/python3.10/site-packages/airflow/example_dags/example_skip_dag.py
[2024-04-14T15:09:25.727+0000] {processor.py:829} INFO - Processing file /home/airflow/.local/lib/python3.10/site-packages/airflow/example_dags/example_skip_dag.py for tasks to queue
[2024-04-14T15:09:25.728+0000] {logging_mixin.py:154} INFO - [2024-04-14T15:09:25.728+0000] {dagbag.py:536} INFO - Filling up the DagBag from /home/airflow/.local/lib/python3.10/site-packages/airflow/example_dags/example_skip_dag.py
[2024-04-14T15:09:25.734+0000] {processor.py:839} INFO - DAG(s) dict_keys(['example_skip_dag']) retrieved from /home/airflow/.local/lib/python3.10/site-packages/airflow/example_dags/example_skip_dag.py
[2024-04-14T15:09:25.742+0000] {logging_mixin.py:154} INFO - [2024-04-14T15:09:25.741+0000] {dag.py:2941} INFO - Sync 1 DAGs
[2024-04-14T15:09:25.756+0000] {logging_mixin.py:154} INFO - [2024-04-14T15:09:25.756+0000] {dag.py:3722} INFO - Setting next_dagrun for example_skip_dag to 2024-04-13T15:09:25.755868+00:00, run_after=2024-04-14T15:09:25.755868+00:00
[2024-04-14T15:09:25.765+0000] {processor.py:179} INFO - Processing /home/airflow/.local/lib/python3.10/site-packages/airflow/example_dags/example_skip_dag.py took 0.041 seconds
[2024-04-14T15:09:56.511+0000] {processor.py:157} INFO - Started process (PID=103) to work on /home/airflow/.local/lib/python3.10/site-packages/airflow/example_dags/example_skip_dag.py
[2024-04-14T15:09:56.511+0000] {processor.py:829} INFO - Processing file /home/airflow/.local/lib/python3.10/site-packages/airflow/example_dags/example_skip_dag.py for tasks to queue
[2024-04-14T15:09:56.513+0000] {logging_mixin.py:154} INFO - [2024-04-14T15:09:56.512+0000] {dagbag.py:536} INFO - Filling up the DagBag from /home/airflow/.local/lib/python3.10/site-packages/airflow/example_dags/example_skip_dag.py
[2024-04-14T15:09:56.516+0000] {processor.py:839} INFO - DAG(s) dict_keys(['example_skip_dag']) retrieved from /home/airflow/.local/lib/python3.10/site-packages/airflow/example_dags/example_skip_dag.py
[2024-04-14T15:09:56.528+0000] {logging_mixin.py:154} INFO - [2024-04-14T15:09:56.528+0000] {dag.py:2941} INFO - Sync 1 DAGs
[2024-04-14T15:09:56.540+0000] {logging_mixin.py:154} INFO - [2024-04-14T15:09:56.540+0000] {dag.py:3722} INFO - Setting next_dagrun for example_skip_dag to 2024-04-13T15:09:56.540340+00:00, run_after=2024-04-14T15:09:56.540340+00:00
[2024-04-14T15:09:56.548+0000] {processor.py:179} INFO - Processing /home/airflow/.local/lib/python3.10/site-packages/airflow/example_dags/example_skip_dag.py took 0.039 seconds
[2024-04-14T15:10:27.214+0000] {processor.py:157} INFO - Started process (PID=157) to work on /home/airflow/.local/lib/python3.10/site-packages/airflow/example_dags/example_skip_dag.py
[2024-04-14T15:10:27.215+0000] {processor.py:829} INFO - Processing file /home/airflow/.local/lib/python3.10/site-packages/airflow/example_dags/example_skip_dag.py for tasks to queue
[2024-04-14T15:10:27.216+0000] {logging_mixin.py:154} INFO - [2024-04-14T15:10:27.216+0000] {dagbag.py:536} INFO - Filling up the DagBag from /home/airflow/.local/lib/python3.10/site-packages/airflow/example_dags/example_skip_dag.py
[2024-04-14T15:10:27.220+0000] {processor.py:839} INFO - DAG(s) dict_keys(['example_skip_dag']) retrieved from /home/airflow/.local/lib/python3.10/site-packages/airflow/example_dags/example_skip_dag.py
[2024-04-14T15:10:27.231+0000] {logging_mixin.py:154} INFO - [2024-04-14T15:10:27.231+0000] {dag.py:2941} INFO - Sync 1 DAGs
[2024-04-14T15:10:27.242+0000] {logging_mixin.py:154} INFO - [2024-04-14T15:10:27.242+0000] {dag.py:3722} INFO - Setting next_dagrun for example_skip_dag to 2024-04-13T15:10:27.242437+00:00, run_after=2024-04-14T15:10:27.242437+00:00
[2024-04-14T15:10:27.251+0000] {processor.py:179} INFO - Processing /home/airflow/.local/lib/python3.10/site-packages/airflow/example_dags/example_skip_dag.py took 0.039 seconds
[2024-04-14T15:10:57.857+0000] {processor.py:157} INFO - Started process (PID=211) to work on /home/airflow/.local/lib/python3.10/site-packages/airflow/example_dags/example_skip_dag.py
[2024-04-14T15:10:57.858+0000] {processor.py:829} INFO - Processing file /home/airflow/.local/lib/python3.10/site-packages/airflow/example_dags/example_skip_dag.py for tasks to queue
[2024-04-14T15:10:57.859+0000] {logging_mixin.py:154} INFO - [2024-04-14T15:10:57.858+0000] {dagbag.py:536} INFO - Filling up the DagBag from /home/airflow/.local/lib/python3.10/site-packages/airflow/example_dags/example_skip_dag.py
[2024-04-14T15:10:57.862+0000] {processor.py:839} INFO - DAG(s) dict_keys(['example_skip_dag']) retrieved from /home/airflow/.local/lib/python3.10/site-packages/airflow/example_dags/example_skip_dag.py
[2024-04-14T15:10:57.875+0000] {logging_mixin.py:154} INFO - [2024-04-14T15:10:57.875+0000] {dag.py:2941} INFO - Sync 1 DAGs
[2024-04-14T15:10:57.886+0000] {logging_mixin.py:154} INFO - [2024-04-14T15:10:57.886+0000] {dag.py:3722} INFO - Setting next_dagrun for example_skip_dag to 2024-04-13T15:10:57.886638+00:00, run_after=2024-04-14T15:10:57.886638+00:00
[2024-04-14T15:10:57.895+0000] {processor.py:179} INFO - Processing /home/airflow/.local/lib/python3.10/site-packages/airflow/example_dags/example_skip_dag.py took 0.039 seconds
[2024-04-14T15:11:28.432+0000] {processor.py:157} INFO - Started process (PID=265) to work on /home/airflow/.local/lib/python3.10/site-packages/airflow/example_dags/example_skip_dag.py
[2024-04-14T15:11:28.432+0000] {processor.py:829} INFO - Processing file /home/airflow/.local/lib/python3.10/site-packages/airflow/example_dags/example_skip_dag.py for tasks to queue
[2024-04-14T15:11:28.433+0000] {logging_mixin.py:154} INFO - [2024-04-14T15:11:28.433+0000] {dagbag.py:536} INFO - Filling up the DagBag from /home/airflow/.local/lib/python3.10/site-packages/airflow/example_dags/example_skip_dag.py
[2024-04-14T15:11:28.437+0000] {processor.py:839} INFO - DAG(s) dict_keys(['example_skip_dag']) retrieved from /home/airflow/.local/lib/python3.10/site-packages/airflow/example_dags/example_skip_dag.py
[2024-04-14T15:11:28.448+0000] {logging_mixin.py:154} INFO - [2024-04-14T15:11:28.448+0000] {dag.py:2941} INFO - Sync 1 DAGs
[2024-04-14T15:11:28.460+0000] {logging_mixin.py:154} INFO - [2024-04-14T15:11:28.460+0000] {dag.py:3722} INFO - Setting next_dagrun for example_skip_dag to 2024-04-13T15:11:28.460226+00:00, run_after=2024-04-14T15:11:28.460226+00:00
[2024-04-14T15:11:28.468+0000] {processor.py:179} INFO - Processing /home/airflow/.local/lib/python3.10/site-packages/airflow/example_dags/example_skip_dag.py took 0.039 seconds
[2024-04-14T15:11:59.224+0000] {processor.py:157} INFO - Started process (PID=319) to work on /home/airflow/.local/lib/python3.10/site-packages/airflow/example_dags/example_skip_dag.py
[2024-04-14T15:11:59.225+0000] {processor.py:829} INFO - Processing file /home/airflow/.local/lib/python3.10/site-packages/airflow/example_dags/example_skip_dag.py for tasks to queue
[2024-04-14T15:11:59.226+0000] {logging_mixin.py:154} INFO - [2024-04-14T15:11:59.226+0000] {dagbag.py:536} INFO - Filling up the DagBag from /home/airflow/.local/lib/python3.10/site-packages/airflow/example_dags/example_skip_dag.py
[2024-04-14T15:11:59.230+0000] {processor.py:839} INFO - DAG(s) dict_keys(['example_skip_dag']) retrieved from /home/airflow/.local/lib/python3.10/site-packages/airflow/example_dags/example_skip_dag.py
[2024-04-14T15:11:59.242+0000] {logging_mixin.py:154} INFO - [2024-04-14T15:11:59.242+0000] {dag.py:2941} INFO - Sync 1 DAGs
[2024-04-14T15:11:59.253+0000] {logging_mixin.py:154} INFO - [2024-04-14T15:11:59.253+0000] {dag.py:3722} INFO - Setting next_dagrun for example_skip_dag to 2024-04-13T15:11:59.253562+00:00, run_after=2024-04-14T15:11:59.253562+00:00
[2024-04-14T15:11:59.262+0000] {processor.py:179} INFO - Processing /home/airflow/.local/lib/python3.10/site-packages/airflow/example_dags/example_skip_dag.py took 0.040 seconds
[2024-04-14T15:12:29.983+0000] {processor.py:157} INFO - Started process (PID=373) to work on /home/airflow/.local/lib/python3.10/site-packages/airflow/example_dags/example_skip_dag.py
[2024-04-14T15:12:29.984+0000] {processor.py:829} INFO - Processing file /home/airflow/.local/lib/python3.10/site-packages/airflow/example_dags/example_skip_dag.py for tasks to queue
[2024-04-14T15:12:29.985+0000] {logging_mixin.py:154} INFO - [2024-04-14T15:12:29.985+0000] {dagbag.py:536} INFO - Filling up the DagBag from /home/airflow/.local/lib/python3.10/site-packages/airflow/example_dags/example_skip_dag.py
[2024-04-14T15:12:29.989+0000] {processor.py:839} INFO - DAG(s) dict_keys(['example_skip_dag']) retrieved from /home/airflow/.local/lib/python3.10/site-packages/airflow/example_dags/example_skip_dag.py
[2024-04-14T15:12:30.002+0000] {logging_mixin.py:154} INFO - [2024-04-14T15:12:30.001+0000] {dag.py:2941} INFO - Sync 1 DAGs
[2024-04-14T15:12:30.013+0000] {logging_mixin.py:154} INFO - [2024-04-14T15:12:30.013+0000] {dag.py:3722} INFO - Setting next_dagrun for example_skip_dag to 2024-04-13T15:12:30.013727+00:00, run_after=2024-04-14T15:12:30.013727+00:00
[2024-04-14T15:12:30.022+0000] {processor.py:179} INFO - Processing /home/airflow/.local/lib/python3.10/site-packages/airflow/example_dags/example_skip_dag.py took 0.041 seconds
[2024-04-14T15:13:00.725+0000] {processor.py:157} INFO - Started process (PID=427) to work on /home/airflow/.local/lib/python3.10/site-packages/airflow/example_dags/example_skip_dag.py
[2024-04-14T15:13:00.725+0000] {processor.py:829} INFO - Processing file /home/airflow/.local/lib/python3.10/site-packages/airflow/example_dags/example_skip_dag.py for tasks to queue
[2024-04-14T15:13:00.727+0000] {logging_mixin.py:154} INFO - [2024-04-14T15:13:00.726+0000] {dagbag.py:536} INFO - Filling up the DagBag from /home/airflow/.local/lib/python3.10/site-packages/airflow/example_dags/example_skip_dag.py
[2024-04-14T15:13:00.731+0000] {processor.py:839} INFO - DAG(s) dict_keys(['example_skip_dag']) retrieved from /home/airflow/.local/lib/python3.10/site-packages/airflow/example_dags/example_skip_dag.py
[2024-04-14T15:13:00.743+0000] {logging_mixin.py:154} INFO - [2024-04-14T15:13:00.743+0000] {dag.py:2941} INFO - Sync 1 DAGs
[2024-04-14T15:13:00.754+0000] {logging_mixin.py:154} INFO - [2024-04-14T15:13:00.754+0000] {dag.py:3722} INFO - Setting next_dagrun for example_skip_dag to 2024-04-13T15:13:00.754621+00:00, run_after=2024-04-14T15:13:00.754621+00:00
[2024-04-14T15:13:00.763+0000] {processor.py:179} INFO - Processing /home/airflow/.local/lib/python3.10/site-packages/airflow/example_dags/example_skip_dag.py took 0.040 seconds
[2024-04-14T15:13:31.487+0000] {processor.py:157} INFO - Started process (PID=481) to work on /home/airflow/.local/lib/python3.10/site-packages/airflow/example_dags/example_skip_dag.py
[2024-04-14T15:13:31.488+0000] {processor.py:829} INFO - Processing file /home/airflow/.local/lib/python3.10/site-packages/airflow/example_dags/example_skip_dag.py for tasks to queue
[2024-04-14T15:13:31.489+0000] {logging_mixin.py:154} INFO - [2024-04-14T15:13:31.489+0000] {dagbag.py:536} INFO - Filling up the DagBag from /home/airflow/.local/lib/python3.10/site-packages/airflow/example_dags/example_skip_dag.py
[2024-04-14T15:13:31.493+0000] {processor.py:839} INFO - DAG(s) dict_keys(['example_skip_dag']) retrieved from /home/airflow/.local/lib/python3.10/site-packages/airflow/example_dags/example_skip_dag.py
[2024-04-14T15:13:31.504+0000] {logging_mixin.py:154} INFO - [2024-04-14T15:13:31.504+0000] {dag.py:2941} INFO - Sync 1 DAGs
[2024-04-14T15:13:31.515+0000] {logging_mixin.py:154} INFO - [2024-04-14T15:13:31.515+0000] {dag.py:3722} INFO - Setting next_dagrun for example_skip_dag to 2024-04-13T15:13:31.515674+00:00, run_after=2024-04-14T15:13:31.515674+00:00
[2024-04-14T15:13:31.524+0000] {processor.py:179} INFO - Processing /home/airflow/.local/lib/python3.10/site-packages/airflow/example_dags/example_skip_dag.py took 0.039 seconds
[2024-04-14T15:14:02.175+0000] {processor.py:157} INFO - Started process (PID=535) to work on /home/airflow/.local/lib/python3.10/site-packages/airflow/example_dags/example_skip_dag.py
[2024-04-14T15:14:02.175+0000] {processor.py:829} INFO - Processing file /home/airflow/.local/lib/python3.10/site-packages/airflow/example_dags/example_skip_dag.py for tasks to queue
[2024-04-14T15:14:02.176+0000] {logging_mixin.py:154} INFO - [2024-04-14T15:14:02.176+0000] {dagbag.py:536} INFO - Filling up the DagBag from /home/airflow/.local/lib/python3.10/site-packages/airflow/example_dags/example_skip_dag.py
[2024-04-14T15:14:02.180+0000] {processor.py:839} INFO - DAG(s) dict_keys(['example_skip_dag']) retrieved from /home/airflow/.local/lib/python3.10/site-packages/airflow/example_dags/example_skip_dag.py
[2024-04-14T15:14:02.192+0000] {logging_mixin.py:154} INFO - [2024-04-14T15:14:02.192+0000] {dag.py:2941} INFO - Sync 1 DAGs
[2024-04-14T15:14:02.203+0000] {logging_mixin.py:154} INFO - [2024-04-14T15:14:02.203+0000] {dag.py:3722} INFO - Setting next_dagrun for example_skip_dag to 2024-04-13T15:14:02.203422+00:00, run_after=2024-04-14T15:14:02.203422+00:00
[2024-04-14T15:14:02.211+0000] {processor.py:179} INFO - Processing /home/airflow/.local/lib/python3.10/site-packages/airflow/example_dags/example_skip_dag.py took 0.038 seconds
[2024-04-14T15:14:32.768+0000] {processor.py:157} INFO - Started process (PID=589) to work on /home/airflow/.local/lib/python3.10/site-packages/airflow/example_dags/example_skip_dag.py
[2024-04-14T15:14:32.769+0000] {processor.py:829} INFO - Processing file /home/airflow/.local/lib/python3.10/site-packages/airflow/example_dags/example_skip_dag.py for tasks to queue
[2024-04-14T15:14:32.770+0000] {logging_mixin.py:154} INFO - [2024-04-14T15:14:32.770+0000] {dagbag.py:536} INFO - Filling up the DagBag from /home/airflow/.local/lib/python3.10/site-packages/airflow/example_dags/example_skip_dag.py
[2024-04-14T15:14:32.774+0000] {processor.py:839} INFO - DAG(s) dict_keys(['example_skip_dag']) retrieved from /home/airflow/.local/lib/python3.10/site-packages/airflow/example_dags/example_skip_dag.py
[2024-04-14T15:14:32.786+0000] {logging_mixin.py:154} INFO - [2024-04-14T15:14:32.786+0000] {dag.py:2941} INFO - Sync 1 DAGs
[2024-04-14T15:14:32.797+0000] {logging_mixin.py:154} INFO - [2024-04-14T15:14:32.797+0000] {dag.py:3722} INFO - Setting next_dagrun for example_skip_dag to 2024-04-13T15:14:32.797330+00:00, run_after=2024-04-14T15:14:32.797330+00:00
[2024-04-14T15:14:32.805+0000] {processor.py:179} INFO - Processing /home/airflow/.local/lib/python3.10/site-packages/airflow/example_dags/example_skip_dag.py took 0.039 seconds
[2024-04-14T15:15:03.473+0000] {processor.py:157} INFO - Started process (PID=643) to work on /home/airflow/.local/lib/python3.10/site-packages/airflow/example_dags/example_skip_dag.py
[2024-04-14T15:15:03.474+0000] {processor.py:829} INFO - Processing file /home/airflow/.local/lib/python3.10/site-packages/airflow/example_dags/example_skip_dag.py for tasks to queue
[2024-04-14T15:15:03.475+0000] {logging_mixin.py:154} INFO - [2024-04-14T15:15:03.474+0000] {dagbag.py:536} INFO - Filling up the DagBag from /home/airflow/.local/lib/python3.10/site-packages/airflow/example_dags/example_skip_dag.py
[2024-04-14T15:15:03.478+0000] {processor.py:839} INFO - DAG(s) dict_keys(['example_skip_dag']) retrieved from /home/airflow/.local/lib/python3.10/site-packages/airflow/example_dags/example_skip_dag.py
[2024-04-14T15:15:03.491+0000] {logging_mixin.py:154} INFO - [2024-04-14T15:15:03.490+0000] {dag.py:2941} INFO - Sync 1 DAGs
[2024-04-14T15:15:03.502+0000] {logging_mixin.py:154} INFO - [2024-04-14T15:15:03.502+0000] {dag.py:3722} INFO - Setting next_dagrun for example_skip_dag to 2024-04-13T15:15:03.502215+00:00, run_after=2024-04-14T15:15:03.502215+00:00
[2024-04-14T15:15:03.510+0000] {processor.py:179} INFO - Processing /home/airflow/.local/lib/python3.10/site-packages/airflow/example_dags/example_skip_dag.py took 0.039 seconds
[2024-04-14T15:15:34.066+0000] {processor.py:157} INFO - Started process (PID=697) to work on /home/airflow/.local/lib/python3.10/site-packages/airflow/example_dags/example_skip_dag.py
[2024-04-14T15:15:34.067+0000] {processor.py:829} INFO - Processing file /home/airflow/.local/lib/python3.10/site-packages/airflow/example_dags/example_skip_dag.py for tasks to queue
[2024-04-14T15:15:34.068+0000] {logging_mixin.py:154} INFO - [2024-04-14T15:15:34.068+0000] {dagbag.py:536} INFO - Filling up the DagBag from /home/airflow/.local/lib/python3.10/site-packages/airflow/example_dags/example_skip_dag.py
[2024-04-14T15:15:34.072+0000] {processor.py:839} INFO - DAG(s) dict_keys(['example_skip_dag']) retrieved from /home/airflow/.local/lib/python3.10/site-packages/airflow/example_dags/example_skip_dag.py
[2024-04-14T15:15:34.086+0000] {logging_mixin.py:154} INFO - [2024-04-14T15:15:34.086+0000] {dag.py:2941} INFO - Sync 1 DAGs
[2024-04-14T15:15:34.100+0000] {logging_mixin.py:154} INFO - [2024-04-14T15:15:34.100+0000] {dag.py:3722} INFO - Setting next_dagrun for example_skip_dag to 2024-04-13T15:15:34.099978+00:00, run_after=2024-04-14T15:15:34.099978+00:00
[2024-04-14T15:15:34.109+0000] {processor.py:179} INFO - Processing /home/airflow/.local/lib/python3.10/site-packages/airflow/example_dags/example_skip_dag.py took 0.044 seconds
[2024-04-14T15:16:04.732+0000] {processor.py:157} INFO - Started process (PID=751) to work on /home/airflow/.local/lib/python3.10/site-packages/airflow/example_dags/example_skip_dag.py
[2024-04-14T15:16:04.732+0000] {processor.py:829} INFO - Processing file /home/airflow/.local/lib/python3.10/site-packages/airflow/example_dags/example_skip_dag.py for tasks to queue
[2024-04-14T15:16:04.733+0000] {logging_mixin.py:154} INFO - [2024-04-14T15:16:04.733+0000] {dagbag.py:536} INFO - Filling up the DagBag from /home/airflow/.local/lib/python3.10/site-packages/airflow/example_dags/example_skip_dag.py
[2024-04-14T15:16:04.737+0000] {processor.py:839} INFO - DAG(s) dict_keys(['example_skip_dag']) retrieved from /home/airflow/.local/lib/python3.10/site-packages/airflow/example_dags/example_skip_dag.py
[2024-04-14T15:16:04.749+0000] {logging_mixin.py:154} INFO - [2024-04-14T15:16:04.749+0000] {dag.py:2941} INFO - Sync 1 DAGs
[2024-04-14T15:16:04.760+0000] {logging_mixin.py:154} INFO - [2024-04-14T15:16:04.760+0000] {dag.py:3722} INFO - Setting next_dagrun for example_skip_dag to 2024-04-13T15:16:04.760143+00:00, run_after=2024-04-14T15:16:04.760143+00:00
[2024-04-14T15:16:04.768+0000] {processor.py:179} INFO - Processing /home/airflow/.local/lib/python3.10/site-packages/airflow/example_dags/example_skip_dag.py took 0.038 seconds
[2024-04-14T15:16:35.447+0000] {processor.py:157} INFO - Started process (PID=805) to work on /home/airflow/.local/lib/python3.10/site-packages/airflow/example_dags/example_skip_dag.py
[2024-04-14T15:16:35.447+0000] {processor.py:829} INFO - Processing file /home/airflow/.local/lib/python3.10/site-packages/airflow/example_dags/example_skip_dag.py for tasks to queue
[2024-04-14T15:16:35.448+0000] {logging_mixin.py:154} INFO - [2024-04-14T15:16:35.448+0000] {dagbag.py:536} INFO - Filling up the DagBag from /home/airflow/.local/lib/python3.10/site-packages/airflow/example_dags/example_skip_dag.py
[2024-04-14T15:16:35.452+0000] {processor.py:839} INFO - DAG(s) dict_keys(['example_skip_dag']) retrieved from /home/airflow/.local/lib/python3.10/site-packages/airflow/example_dags/example_skip_dag.py
[2024-04-14T15:16:35.463+0000] {logging_mixin.py:154} INFO - [2024-04-14T15:16:35.463+0000] {dag.py:2941} INFO - Sync 1 DAGs
[2024-04-14T15:16:35.475+0000] {logging_mixin.py:154} INFO - [2024-04-14T15:16:35.475+0000] {dag.py:3722} INFO - Setting next_dagrun for example_skip_dag to 2024-04-13T15:16:35.474905+00:00, run_after=2024-04-14T15:16:35.474905+00:00
[2024-04-14T15:16:35.483+0000] {processor.py:179} INFO - Processing /home/airflow/.local/lib/python3.10/site-packages/airflow/example_dags/example_skip_dag.py took 0.038 seconds
[2024-04-14T15:17:06.199+0000] {processor.py:157} INFO - Started process (PID=859) to work on /home/airflow/.local/lib/python3.10/site-packages/airflow/example_dags/example_skip_dag.py
[2024-04-14T15:17:06.200+0000] {processor.py:829} INFO - Processing file /home/airflow/.local/lib/python3.10/site-packages/airflow/example_dags/example_skip_dag.py for tasks to queue
[2024-04-14T15:17:06.201+0000] {logging_mixin.py:154} INFO - [2024-04-14T15:17:06.201+0000] {dagbag.py:536} INFO - Filling up the DagBag from /home/airflow/.local/lib/python3.10/site-packages/airflow/example_dags/example_skip_dag.py
[2024-04-14T15:17:06.204+0000] {processor.py:839} INFO - DAG(s) dict_keys(['example_skip_dag']) retrieved from /home/airflow/.local/lib/python3.10/site-packages/airflow/example_dags/example_skip_dag.py
[2024-04-14T15:17:06.216+0000] {logging_mixin.py:154} INFO - [2024-04-14T15:17:06.216+0000] {dag.py:2941} INFO - Sync 1 DAGs
[2024-04-14T15:17:06.227+0000] {logging_mixin.py:154} INFO - [2024-04-14T15:17:06.227+0000] {dag.py:3722} INFO - Setting next_dagrun for example_skip_dag to 2024-04-13T15:17:06.226929+00:00, run_after=2024-04-14T15:17:06.226929+00:00
[2024-04-14T15:17:06.235+0000] {processor.py:179} INFO - Processing /home/airflow/.local/lib/python3.10/site-packages/airflow/example_dags/example_skip_dag.py took 0.038 seconds
[2024-04-14T15:17:36.823+0000] {processor.py:157} INFO - Started process (PID=913) to work on /home/airflow/.local/lib/python3.10/site-packages/airflow/example_dags/example_skip_dag.py
[2024-04-14T15:17:36.824+0000] {processor.py:829} INFO - Processing file /home/airflow/.local/lib/python3.10/site-packages/airflow/example_dags/example_skip_dag.py for tasks to queue
[2024-04-14T15:17:36.825+0000] {logging_mixin.py:154} INFO - [2024-04-14T15:17:36.824+0000] {dagbag.py:536} INFO - Filling up the DagBag from /home/airflow/.local/lib/python3.10/site-packages/airflow/example_dags/example_skip_dag.py
[2024-04-14T15:17:36.828+0000] {processor.py:839} INFO - DAG(s) dict_keys(['example_skip_dag']) retrieved from /home/airflow/.local/lib/python3.10/site-packages/airflow/example_dags/example_skip_dag.py
[2024-04-14T15:17:36.841+0000] {logging_mixin.py:154} INFO - [2024-04-14T15:17:36.840+0000] {dag.py:2941} INFO - Sync 1 DAGs
[2024-04-14T15:17:36.852+0000] {logging_mixin.py:154} INFO - [2024-04-14T15:17:36.852+0000] {dag.py:3722} INFO - Setting next_dagrun for example_skip_dag to 2024-04-13T15:17:36.852250+00:00, run_after=2024-04-14T15:17:36.852250+00:00
[2024-04-14T15:17:36.860+0000] {processor.py:179} INFO - Processing /home/airflow/.local/lib/python3.10/site-packages/airflow/example_dags/example_skip_dag.py took 0.039 seconds
[2024-04-14T15:18:07.439+0000] {processor.py:157} INFO - Started process (PID=967) to work on /home/airflow/.local/lib/python3.10/site-packages/airflow/example_dags/example_skip_dag.py
[2024-04-14T15:18:07.439+0000] {processor.py:829} INFO - Processing file /home/airflow/.local/lib/python3.10/site-packages/airflow/example_dags/example_skip_dag.py for tasks to queue
[2024-04-14T15:18:07.440+0000] {logging_mixin.py:154} INFO - [2024-04-14T15:18:07.440+0000] {dagbag.py:536} INFO - Filling up the DagBag from /home/airflow/.local/lib/python3.10/site-packages/airflow/example_dags/example_skip_dag.py
[2024-04-14T15:18:07.444+0000] {processor.py:839} INFO - DAG(s) dict_keys(['example_skip_dag']) retrieved from /home/airflow/.local/lib/python3.10/site-packages/airflow/example_dags/example_skip_dag.py
[2024-04-14T15:18:07.455+0000] {logging_mixin.py:154} INFO - [2024-04-14T15:18:07.455+0000] {dag.py:2941} INFO - Sync 1 DAGs
[2024-04-14T15:18:07.466+0000] {logging_mixin.py:154} INFO - [2024-04-14T15:18:07.466+0000] {dag.py:3722} INFO - Setting next_dagrun for example_skip_dag to 2024-04-13T15:18:07.466684+00:00, run_after=2024-04-14T15:18:07.466684+00:00
[2024-04-14T15:18:07.475+0000] {processor.py:179} INFO - Processing /home/airflow/.local/lib/python3.10/site-packages/airflow/example_dags/example_skip_dag.py took 0.038 seconds
[2024-04-14T15:18:38.076+0000] {processor.py:157} INFO - Started process (PID=1021) to work on /home/airflow/.local/lib/python3.10/site-packages/airflow/example_dags/example_skip_dag.py
[2024-04-14T15:18:38.076+0000] {processor.py:829} INFO - Processing file /home/airflow/.local/lib/python3.10/site-packages/airflow/example_dags/example_skip_dag.py for tasks to queue
[2024-04-14T15:18:38.077+0000] {logging_mixin.py:154} INFO - [2024-04-14T15:18:38.077+0000] {dagbag.py:536} INFO - Filling up the DagBag from /home/airflow/.local/lib/python3.10/site-packages/airflow/example_dags/example_skip_dag.py
[2024-04-14T15:18:38.081+0000] {processor.py:839} INFO - DAG(s) dict_keys(['example_skip_dag']) retrieved from /home/airflow/.local/lib/python3.10/site-packages/airflow/example_dags/example_skip_dag.py
[2024-04-14T15:18:38.093+0000] {logging_mixin.py:154} INFO - [2024-04-14T15:18:38.092+0000] {dag.py:2941} INFO - Sync 1 DAGs
[2024-04-14T15:18:38.104+0000] {logging_mixin.py:154} INFO - [2024-04-14T15:18:38.103+0000] {dag.py:3722} INFO - Setting next_dagrun for example_skip_dag to 2024-04-13T15:18:38.103807+00:00, run_after=2024-04-14T15:18:38.103807+00:00
[2024-04-14T15:18:38.112+0000] {processor.py:179} INFO - Processing /home/airflow/.local/lib/python3.10/site-packages/airflow/example_dags/example_skip_dag.py took 0.039 seconds
[2024-04-14T15:19:08.862+0000] {processor.py:157} INFO - Started process (PID=1075) to work on /home/airflow/.local/lib/python3.10/site-packages/airflow/example_dags/example_skip_dag.py
[2024-04-14T15:19:08.863+0000] {processor.py:829} INFO - Processing file /home/airflow/.local/lib/python3.10/site-packages/airflow/example_dags/example_skip_dag.py for tasks to queue
[2024-04-14T15:19:08.864+0000] {logging_mixin.py:154} INFO - [2024-04-14T15:19:08.864+0000] {dagbag.py:536} INFO - Filling up the DagBag from /home/airflow/.local/lib/python3.10/site-packages/airflow/example_dags/example_skip_dag.py
[2024-04-14T15:19:08.868+0000] {processor.py:839} INFO - DAG(s) dict_keys(['example_skip_dag']) retrieved from /home/airflow/.local/lib/python3.10/site-packages/airflow/example_dags/example_skip_dag.py
[2024-04-14T15:19:08.880+0000] {logging_mixin.py:154} INFO - [2024-04-14T15:19:08.880+0000] {dag.py:2941} INFO - Sync 1 DAGs
[2024-04-14T15:19:08.891+0000] {logging_mixin.py:154} INFO - [2024-04-14T15:19:08.891+0000] {dag.py:3722} INFO - Setting next_dagrun for example_skip_dag to 2024-04-13T15:19:08.891131+00:00, run_after=2024-04-14T15:19:08.891131+00:00
[2024-04-14T15:19:08.899+0000] {processor.py:179} INFO - Processing /home/airflow/.local/lib/python3.10/site-packages/airflow/example_dags/example_skip_dag.py took 0.039 seconds
[2024-04-14T15:19:39.567+0000] {processor.py:157} INFO - Started process (PID=1129) to work on /home/airflow/.local/lib/python3.10/site-packages/airflow/example_dags/example_skip_dag.py
[2024-04-14T15:19:39.567+0000] {processor.py:829} INFO - Processing file /home/airflow/.local/lib/python3.10/site-packages/airflow/example_dags/example_skip_dag.py for tasks to queue
[2024-04-14T15:19:39.569+0000] {logging_mixin.py:154} INFO - [2024-04-14T15:19:39.568+0000] {dagbag.py:536} INFO - Filling up the DagBag from /home/airflow/.local/lib/python3.10/site-packages/airflow/example_dags/example_skip_dag.py
[2024-04-14T15:19:39.572+0000] {processor.py:839} INFO - DAG(s) dict_keys(['example_skip_dag']) retrieved from /home/airflow/.local/lib/python3.10/site-packages/airflow/example_dags/example_skip_dag.py
[2024-04-14T15:19:39.584+0000] {logging_mixin.py:154} INFO - [2024-04-14T15:19:39.584+0000] {dag.py:2941} INFO - Sync 1 DAGs
[2024-04-14T15:19:39.595+0000] {logging_mixin.py:154} INFO - [2024-04-14T15:19:39.595+0000] {dag.py:3722} INFO - Setting next_dagrun for example_skip_dag to 2024-04-13T15:19:39.595473+00:00, run_after=2024-04-14T15:19:39.595473+00:00
[2024-04-14T15:19:39.603+0000] {processor.py:179} INFO - Processing /home/airflow/.local/lib/python3.10/site-packages/airflow/example_dags/example_skip_dag.py took 0.038 seconds
[2024-04-14T15:20:10.136+0000] {processor.py:157} INFO - Started process (PID=1183) to work on /home/airflow/.local/lib/python3.10/site-packages/airflow/example_dags/example_skip_dag.py
[2024-04-14T15:20:10.136+0000] {processor.py:829} INFO - Processing file /home/airflow/.local/lib/python3.10/site-packages/airflow/example_dags/example_skip_dag.py for tasks to queue
[2024-04-14T15:20:10.137+0000] {logging_mixin.py:154} INFO - [2024-04-14T15:20:10.137+0000] {dagbag.py:536} INFO - Filling up the DagBag from /home/airflow/.local/lib/python3.10/site-packages/airflow/example_dags/example_skip_dag.py
[2024-04-14T15:20:10.141+0000] {processor.py:839} INFO - DAG(s) dict_keys(['example_skip_dag']) retrieved from /home/airflow/.local/lib/python3.10/site-packages/airflow/example_dags/example_skip_dag.py
[2024-04-14T15:20:10.153+0000] {logging_mixin.py:154} INFO - [2024-04-14T15:20:10.153+0000] {dag.py:2941} INFO - Sync 1 DAGs
[2024-04-14T15:20:10.164+0000] {logging_mixin.py:154} INFO - [2024-04-14T15:20:10.164+0000] {dag.py:3722} INFO - Setting next_dagrun for example_skip_dag to 2024-04-13T15:20:10.164322+00:00, run_after=2024-04-14T15:20:10.164322+00:00
[2024-04-14T15:20:10.172+0000] {processor.py:179} INFO - Processing /home/airflow/.local/lib/python3.10/site-packages/airflow/example_dags/example_skip_dag.py took 0.039 seconds
[2024-04-14T15:20:40.895+0000] {processor.py:157} INFO - Started process (PID=1237) to work on /home/airflow/.local/lib/python3.10/site-packages/airflow/example_dags/example_skip_dag.py
[2024-04-14T15:20:40.896+0000] {processor.py:829} INFO - Processing file /home/airflow/.local/lib/python3.10/site-packages/airflow/example_dags/example_skip_dag.py for tasks to queue
[2024-04-14T15:20:40.897+0000] {logging_mixin.py:154} INFO - [2024-04-14T15:20:40.897+0000] {dagbag.py:536} INFO - Filling up the DagBag from /home/airflow/.local/lib/python3.10/site-packages/airflow/example_dags/example_skip_dag.py
[2024-04-14T15:20:40.901+0000] {processor.py:839} INFO - DAG(s) dict_keys(['example_skip_dag']) retrieved from /home/airflow/.local/lib/python3.10/site-packages/airflow/example_dags/example_skip_dag.py
[2024-04-14T15:20:40.913+0000] {logging_mixin.py:154} INFO - [2024-04-14T15:20:40.913+0000] {dag.py:2941} INFO - Sync 1 DAGs
[2024-04-14T15:20:40.925+0000] {logging_mixin.py:154} INFO - [2024-04-14T15:20:40.925+0000] {dag.py:3722} INFO - Setting next_dagrun for example_skip_dag to 2024-04-13T15:20:40.925694+00:00, run_after=2024-04-14T15:20:40.925694+00:00
[2024-04-14T15:20:40.934+0000] {processor.py:179} INFO - Processing /home/airflow/.local/lib/python3.10/site-packages/airflow/example_dags/example_skip_dag.py took 0.041 seconds
[2024-04-14T15:21:11.535+0000] {processor.py:157} INFO - Started process (PID=1291) to work on /home/airflow/.local/lib/python3.10/site-packages/airflow/example_dags/example_skip_dag.py
[2024-04-14T15:21:11.536+0000] {processor.py:829} INFO - Processing file /home/airflow/.local/lib/python3.10/site-packages/airflow/example_dags/example_skip_dag.py for tasks to queue
[2024-04-14T15:21:11.537+0000] {logging_mixin.py:154} INFO - [2024-04-14T15:21:11.537+0000] {dagbag.py:536} INFO - Filling up the DagBag from /home/airflow/.local/lib/python3.10/site-packages/airflow/example_dags/example_skip_dag.py
[2024-04-14T15:21:11.541+0000] {processor.py:839} INFO - DAG(s) dict_keys(['example_skip_dag']) retrieved from /home/airflow/.local/lib/python3.10/site-packages/airflow/example_dags/example_skip_dag.py
[2024-04-14T15:21:11.552+0000] {logging_mixin.py:154} INFO - [2024-04-14T15:21:11.552+0000] {dag.py:2941} INFO - Sync 1 DAGs
[2024-04-14T15:21:11.563+0000] {logging_mixin.py:154} INFO - [2024-04-14T15:21:11.563+0000] {dag.py:3722} INFO - Setting next_dagrun for example_skip_dag to 2024-04-13T15:21:11.563675+00:00, run_after=2024-04-14T15:21:11.563675+00:00
[2024-04-14T15:21:11.572+0000] {processor.py:179} INFO - Processing /home/airflow/.local/lib/python3.10/site-packages/airflow/example_dags/example_skip_dag.py took 0.039 seconds
[2024-04-14T15:21:42.179+0000] {processor.py:157} INFO - Started process (PID=1345) to work on /home/airflow/.local/lib/python3.10/site-packages/airflow/example_dags/example_skip_dag.py
[2024-04-14T15:21:42.179+0000] {processor.py:829} INFO - Processing file /home/airflow/.local/lib/python3.10/site-packages/airflow/example_dags/example_skip_dag.py for tasks to queue
[2024-04-14T15:21:42.180+0000] {logging_mixin.py:154} INFO - [2024-04-14T15:21:42.180+0000] {dagbag.py:536} INFO - Filling up the DagBag from /home/airflow/.local/lib/python3.10/site-packages/airflow/example_dags/example_skip_dag.py
[2024-04-14T15:21:42.184+0000] {processor.py:839} INFO - DAG(s) dict_keys(['example_skip_dag']) retrieved from /home/airflow/.local/lib/python3.10/site-packages/airflow/example_dags/example_skip_dag.py
[2024-04-14T15:21:42.198+0000] {logging_mixin.py:154} INFO - [2024-04-14T15:21:42.198+0000] {dag.py:2941} INFO - Sync 1 DAGs
[2024-04-14T15:21:42.211+0000] {logging_mixin.py:154} INFO - [2024-04-14T15:21:42.211+0000] {dag.py:3722} INFO - Setting next_dagrun for example_skip_dag to 2024-04-13T15:21:42.211654+00:00, run_after=2024-04-14T15:21:42.211654+00:00
[2024-04-14T15:21:42.221+0000] {processor.py:179} INFO - Processing /home/airflow/.local/lib/python3.10/site-packages/airflow/example_dags/example_skip_dag.py took 0.044 seconds
[2024-04-14T15:22:12.891+0000] {processor.py:157} INFO - Started process (PID=1399) to work on /home/airflow/.local/lib/python3.10/site-packages/airflow/example_dags/example_skip_dag.py
[2024-04-14T15:22:12.892+0000] {processor.py:829} INFO - Processing file /home/airflow/.local/lib/python3.10/site-packages/airflow/example_dags/example_skip_dag.py for tasks to queue
[2024-04-14T15:22:12.893+0000] {logging_mixin.py:154} INFO - [2024-04-14T15:22:12.893+0000] {dagbag.py:536} INFO - Filling up the DagBag from /home/airflow/.local/lib/python3.10/site-packages/airflow/example_dags/example_skip_dag.py
[2024-04-14T15:22:12.897+0000] {processor.py:839} INFO - DAG(s) dict_keys(['example_skip_dag']) retrieved from /home/airflow/.local/lib/python3.10/site-packages/airflow/example_dags/example_skip_dag.py
[2024-04-14T15:22:12.909+0000] {logging_mixin.py:154} INFO - [2024-04-14T15:22:12.909+0000] {dag.py:2941} INFO - Sync 1 DAGs
[2024-04-14T15:22:12.921+0000] {logging_mixin.py:154} INFO - [2024-04-14T15:22:12.921+0000] {dag.py:3722} INFO - Setting next_dagrun for example_skip_dag to 2024-04-13T15:22:12.921469+00:00, run_after=2024-04-14T15:22:12.921469+00:00
[2024-04-14T15:22:12.930+0000] {processor.py:179} INFO - Processing /home/airflow/.local/lib/python3.10/site-packages/airflow/example_dags/example_skip_dag.py took 0.041 seconds
[2024-04-14T15:22:43.538+0000] {processor.py:157} INFO - Started process (PID=1453) to work on /home/airflow/.local/lib/python3.10/site-packages/airflow/example_dags/example_skip_dag.py
[2024-04-14T15:22:43.538+0000] {processor.py:829} INFO - Processing file /home/airflow/.local/lib/python3.10/site-packages/airflow/example_dags/example_skip_dag.py for tasks to queue
[2024-04-14T15:22:43.539+0000] {logging_mixin.py:154} INFO - [2024-04-14T15:22:43.539+0000] {dagbag.py:536} INFO - Filling up the DagBag from /home/airflow/.local/lib/python3.10/site-packages/airflow/example_dags/example_skip_dag.py
[2024-04-14T15:22:43.543+0000] {processor.py:839} INFO - DAG(s) dict_keys(['example_skip_dag']) retrieved from /home/airflow/.local/lib/python3.10/site-packages/airflow/example_dags/example_skip_dag.py
[2024-04-14T15:22:43.555+0000] {logging_mixin.py:154} INFO - [2024-04-14T15:22:43.555+0000] {dag.py:2941} INFO - Sync 1 DAGs
[2024-04-14T15:22:43.567+0000] {logging_mixin.py:154} INFO - [2024-04-14T15:22:43.567+0000] {dag.py:3722} INFO - Setting next_dagrun for example_skip_dag to 2024-04-13T15:22:43.567243+00:00, run_after=2024-04-14T15:22:43.567243+00:00
[2024-04-14T15:22:43.575+0000] {processor.py:179} INFO - Processing /home/airflow/.local/lib/python3.10/site-packages/airflow/example_dags/example_skip_dag.py took 0.040 seconds
[2024-04-14T15:23:14.349+0000] {processor.py:157} INFO - Started process (PID=1507) to work on /home/airflow/.local/lib/python3.10/site-packages/airflow/example_dags/example_skip_dag.py
[2024-04-14T15:23:14.349+0000] {processor.py:829} INFO - Processing file /home/airflow/.local/lib/python3.10/site-packages/airflow/example_dags/example_skip_dag.py for tasks to queue
[2024-04-14T15:23:14.350+0000] {logging_mixin.py:154} INFO - [2024-04-14T15:23:14.350+0000] {dagbag.py:536} INFO - Filling up the DagBag from /home/airflow/.local/lib/python3.10/site-packages/airflow/example_dags/example_skip_dag.py
[2024-04-14T15:23:14.354+0000] {processor.py:839} INFO - DAG(s) dict_keys(['example_skip_dag']) retrieved from /home/airflow/.local/lib/python3.10/site-packages/airflow/example_dags/example_skip_dag.py
[2024-04-14T15:23:14.366+0000] {logging_mixin.py:154} INFO - [2024-04-14T15:23:14.366+0000] {dag.py:2941} INFO - Sync 1 DAGs
[2024-04-14T15:23:14.378+0000] {logging_mixin.py:154} INFO - [2024-04-14T15:23:14.378+0000] {dag.py:3722} INFO - Setting next_dagrun for example_skip_dag to 2024-04-13T15:23:14.378097+00:00, run_after=2024-04-14T15:23:14.378097+00:00
[2024-04-14T15:23:14.386+0000] {processor.py:179} INFO - Processing /home/airflow/.local/lib/python3.10/site-packages/airflow/example_dags/example_skip_dag.py took 0.040 seconds
[2024-04-14T15:23:45.164+0000] {processor.py:157} INFO - Started process (PID=1561) to work on /home/airflow/.local/lib/python3.10/site-packages/airflow/example_dags/example_skip_dag.py
[2024-04-14T15:23:45.164+0000] {processor.py:829} INFO - Processing file /home/airflow/.local/lib/python3.10/site-packages/airflow/example_dags/example_skip_dag.py for tasks to queue
[2024-04-14T15:23:45.165+0000] {logging_mixin.py:154} INFO - [2024-04-14T15:23:45.165+0000] {dagbag.py:536} INFO - Filling up the DagBag from /home/airflow/.local/lib/python3.10/site-packages/airflow/example_dags/example_skip_dag.py
[2024-04-14T15:23:45.169+0000] {processor.py:839} INFO - DAG(s) dict_keys(['example_skip_dag']) retrieved from /home/airflow/.local/lib/python3.10/site-packages/airflow/example_dags/example_skip_dag.py
[2024-04-14T15:23:45.181+0000] {logging_mixin.py:154} INFO - [2024-04-14T15:23:45.181+0000] {dag.py:2941} INFO - Sync 1 DAGs
[2024-04-14T15:23:45.193+0000] {logging_mixin.py:154} INFO - [2024-04-14T15:23:45.193+0000] {dag.py:3722} INFO - Setting next_dagrun for example_skip_dag to 2024-04-13T15:23:45.192963+00:00, run_after=2024-04-14T15:23:45.192963+00:00
[2024-04-14T15:23:45.201+0000] {processor.py:179} INFO - Processing /home/airflow/.local/lib/python3.10/site-packages/airflow/example_dags/example_skip_dag.py took 0.039 seconds
[2024-04-14T15:24:15.987+0000] {processor.py:157} INFO - Started process (PID=1615) to work on /home/airflow/.local/lib/python3.10/site-packages/airflow/example_dags/example_skip_dag.py
[2024-04-14T15:24:15.987+0000] {processor.py:829} INFO - Processing file /home/airflow/.local/lib/python3.10/site-packages/airflow/example_dags/example_skip_dag.py for tasks to queue
[2024-04-14T15:24:15.989+0000] {logging_mixin.py:154} INFO - [2024-04-14T15:24:15.988+0000] {dagbag.py:536} INFO - Filling up the DagBag from /home/airflow/.local/lib/python3.10/site-packages/airflow/example_dags/example_skip_dag.py
[2024-04-14T15:24:15.992+0000] {processor.py:839} INFO - DAG(s) dict_keys(['example_skip_dag']) retrieved from /home/airflow/.local/lib/python3.10/site-packages/airflow/example_dags/example_skip_dag.py
[2024-04-14T15:24:16.005+0000] {logging_mixin.py:154} INFO - [2024-04-14T15:24:16.005+0000] {dag.py:2941} INFO - Sync 1 DAGs
[2024-04-14T15:24:16.016+0000] {logging_mixin.py:154} INFO - [2024-04-14T15:24:16.016+0000] {dag.py:3722} INFO - Setting next_dagrun for example_skip_dag to 2024-04-13T15:24:16.016277+00:00, run_after=2024-04-14T15:24:16.016277+00:00
[2024-04-14T15:24:16.024+0000] {processor.py:179} INFO - Processing /home/airflow/.local/lib/python3.10/site-packages/airflow/example_dags/example_skip_dag.py took 0.040 seconds
[2024-04-14T15:24:46.745+0000] {processor.py:157} INFO - Started process (PID=1669) to work on /home/airflow/.local/lib/python3.10/site-packages/airflow/example_dags/example_skip_dag.py
[2024-04-14T15:24:46.746+0000] {processor.py:829} INFO - Processing file /home/airflow/.local/lib/python3.10/site-packages/airflow/example_dags/example_skip_dag.py for tasks to queue
[2024-04-14T15:24:46.747+0000] {logging_mixin.py:154} INFO - [2024-04-14T15:24:46.747+0000] {dagbag.py:536} INFO - Filling up the DagBag from /home/airflow/.local/lib/python3.10/site-packages/airflow/example_dags/example_skip_dag.py
[2024-04-14T15:24:46.751+0000] {processor.py:839} INFO - DAG(s) dict_keys(['example_skip_dag']) retrieved from /home/airflow/.local/lib/python3.10/site-packages/airflow/example_dags/example_skip_dag.py
[2024-04-14T15:24:46.764+0000] {logging_mixin.py:154} INFO - [2024-04-14T15:24:46.763+0000] {dag.py:2941} INFO - Sync 1 DAGs
[2024-04-14T15:24:46.775+0000] {logging_mixin.py:154} INFO - [2024-04-14T15:24:46.775+0000] {dag.py:3722} INFO - Setting next_dagrun for example_skip_dag to 2024-04-13T15:24:46.775745+00:00, run_after=2024-04-14T15:24:46.775745+00:00
[2024-04-14T15:24:46.784+0000] {processor.py:179} INFO - Processing /home/airflow/.local/lib/python3.10/site-packages/airflow/example_dags/example_skip_dag.py took 0.041 seconds
[2024-04-14T15:25:17.408+0000] {processor.py:157} INFO - Started process (PID=1723) to work on /home/airflow/.local/lib/python3.10/site-packages/airflow/example_dags/example_skip_dag.py
[2024-04-14T15:25:17.409+0000] {processor.py:829} INFO - Processing file /home/airflow/.local/lib/python3.10/site-packages/airflow/example_dags/example_skip_dag.py for tasks to queue
[2024-04-14T15:25:17.410+0000] {logging_mixin.py:154} INFO - [2024-04-14T15:25:17.410+0000] {dagbag.py:536} INFO - Filling up the DagBag from /home/airflow/.local/lib/python3.10/site-packages/airflow/example_dags/example_skip_dag.py
[2024-04-14T15:25:17.414+0000] {processor.py:839} INFO - DAG(s) dict_keys(['example_skip_dag']) retrieved from /home/airflow/.local/lib/python3.10/site-packages/airflow/example_dags/example_skip_dag.py
[2024-04-14T15:25:17.425+0000] {logging_mixin.py:154} INFO - [2024-04-14T15:25:17.425+0000] {dag.py:2941} INFO - Sync 1 DAGs
[2024-04-14T15:25:17.436+0000] {logging_mixin.py:154} INFO - [2024-04-14T15:25:17.436+0000] {dag.py:3722} INFO - Setting next_dagrun for example_skip_dag to 2024-04-13T15:25:17.435880+00:00, run_after=2024-04-14T15:25:17.435880+00:00
[2024-04-14T15:25:17.445+0000] {processor.py:179} INFO - Processing /home/airflow/.local/lib/python3.10/site-packages/airflow/example_dags/example_skip_dag.py took 0.039 seconds
[2024-04-14T15:25:48.151+0000] {processor.py:157} INFO - Started process (PID=1777) to work on /home/airflow/.local/lib/python3.10/site-packages/airflow/example_dags/example_skip_dag.py
[2024-04-14T15:25:48.151+0000] {processor.py:829} INFO - Processing file /home/airflow/.local/lib/python3.10/site-packages/airflow/example_dags/example_skip_dag.py for tasks to queue
[2024-04-14T15:25:48.152+0000] {logging_mixin.py:154} INFO - [2024-04-14T15:25:48.152+0000] {dagbag.py:536} INFO - Filling up the DagBag from /home/airflow/.local/lib/python3.10/site-packages/airflow/example_dags/example_skip_dag.py
[2024-04-14T15:25:48.156+0000] {processor.py:839} INFO - DAG(s) dict_keys(['example_skip_dag']) retrieved from /home/airflow/.local/lib/python3.10/site-packages/airflow/example_dags/example_skip_dag.py
[2024-04-14T15:25:48.169+0000] {logging_mixin.py:154} INFO - [2024-04-14T15:25:48.169+0000] {dag.py:2941} INFO - Sync 1 DAGs
[2024-04-14T15:25:48.181+0000] {logging_mixin.py:154} INFO - [2024-04-14T15:25:48.181+0000] {dag.py:3722} INFO - Setting next_dagrun for example_skip_dag to 2024-04-13T15:25:48.180996+00:00, run_after=2024-04-14T15:25:48.180996+00:00
[2024-04-14T15:25:48.189+0000] {processor.py:179} INFO - Processing /home/airflow/.local/lib/python3.10/site-packages/airflow/example_dags/example_skip_dag.py took 0.041 seconds
[2024-04-14T15:26:18.898+0000] {processor.py:157} INFO - Started process (PID=1831) to work on /home/airflow/.local/lib/python3.10/site-packages/airflow/example_dags/example_skip_dag.py
[2024-04-14T15:26:18.898+0000] {processor.py:829} INFO - Processing file /home/airflow/.local/lib/python3.10/site-packages/airflow/example_dags/example_skip_dag.py for tasks to queue
[2024-04-14T15:26:18.899+0000] {logging_mixin.py:154} INFO - [2024-04-14T15:26:18.899+0000] {dagbag.py:536} INFO - Filling up the DagBag from /home/airflow/.local/lib/python3.10/site-packages/airflow/example_dags/example_skip_dag.py
[2024-04-14T15:26:18.903+0000] {processor.py:839} INFO - DAG(s) dict_keys(['example_skip_dag']) retrieved from /home/airflow/.local/lib/python3.10/site-packages/airflow/example_dags/example_skip_dag.py
[2024-04-14T15:26:18.916+0000] {logging_mixin.py:154} INFO - [2024-04-14T15:26:18.916+0000] {dag.py:2941} INFO - Sync 1 DAGs
[2024-04-14T15:26:18.930+0000] {logging_mixin.py:154} INFO - [2024-04-14T15:26:18.929+0000] {dag.py:3722} INFO - Setting next_dagrun for example_skip_dag to 2024-04-13T15:26:18.929739+00:00, run_after=2024-04-14T15:26:18.929739+00:00
[2024-04-14T15:26:18.939+0000] {processor.py:179} INFO - Processing /home/airflow/.local/lib/python3.10/site-packages/airflow/example_dags/example_skip_dag.py took 0.043 seconds
[2024-04-14T15:26:49.607+0000] {processor.py:157} INFO - Started process (PID=1892) to work on /home/airflow/.local/lib/python3.10/site-packages/airflow/example_dags/example_skip_dag.py
[2024-04-14T15:26:49.608+0000] {processor.py:829} INFO - Processing file /home/airflow/.local/lib/python3.10/site-packages/airflow/example_dags/example_skip_dag.py for tasks to queue
[2024-04-14T15:26:49.609+0000] {logging_mixin.py:154} INFO - [2024-04-14T15:26:49.609+0000] {dagbag.py:536} INFO - Filling up the DagBag from /home/airflow/.local/lib/python3.10/site-packages/airflow/example_dags/example_skip_dag.py
[2024-04-14T15:26:49.613+0000] {processor.py:839} INFO - DAG(s) dict_keys(['example_skip_dag']) retrieved from /home/airflow/.local/lib/python3.10/site-packages/airflow/example_dags/example_skip_dag.py
[2024-04-14T15:26:49.626+0000] {logging_mixin.py:154} INFO - [2024-04-14T15:26:49.626+0000] {dag.py:2941} INFO - Sync 1 DAGs
[2024-04-14T15:26:49.639+0000] {logging_mixin.py:154} INFO - [2024-04-14T15:26:49.639+0000] {dag.py:3722} INFO - Setting next_dagrun for example_skip_dag to 2024-04-13T15:26:49.639233+00:00, run_after=2024-04-14T15:26:49.639233+00:00
[2024-04-14T15:26:49.648+0000] {processor.py:179} INFO - Processing /home/airflow/.local/lib/python3.10/site-packages/airflow/example_dags/example_skip_dag.py took 0.042 seconds
[2024-04-14T15:27:20.350+0000] {processor.py:157} INFO - Started process (PID=1946) to work on /home/airflow/.local/lib/python3.10/site-packages/airflow/example_dags/example_skip_dag.py
[2024-04-14T15:27:20.351+0000] {processor.py:829} INFO - Processing file /home/airflow/.local/lib/python3.10/site-packages/airflow/example_dags/example_skip_dag.py for tasks to queue
[2024-04-14T15:27:20.352+0000] {logging_mixin.py:154} INFO - [2024-04-14T15:27:20.352+0000] {dagbag.py:536} INFO - Filling up the DagBag from /home/airflow/.local/lib/python3.10/site-packages/airflow/example_dags/example_skip_dag.py
[2024-04-14T15:27:20.357+0000] {processor.py:839} INFO - DAG(s) dict_keys(['example_skip_dag']) retrieved from /home/airflow/.local/lib/python3.10/site-packages/airflow/example_dags/example_skip_dag.py
[2024-04-14T15:27:20.370+0000] {logging_mixin.py:154} INFO - [2024-04-14T15:27:20.370+0000] {dag.py:2941} INFO - Sync 1 DAGs
[2024-04-14T15:27:20.383+0000] {logging_mixin.py:154} INFO - [2024-04-14T15:27:20.383+0000] {dag.py:3722} INFO - Setting next_dagrun for example_skip_dag to 2024-04-13T15:27:20.383175+00:00, run_after=2024-04-14T15:27:20.383175+00:00
[2024-04-14T15:27:20.393+0000] {processor.py:179} INFO - Processing /home/airflow/.local/lib/python3.10/site-packages/airflow/example_dags/example_skip_dag.py took 0.045 seconds
[2024-04-14T15:27:51.093+0000] {processor.py:157} INFO - Started process (PID=2000) to work on /home/airflow/.local/lib/python3.10/site-packages/airflow/example_dags/example_skip_dag.py
[2024-04-14T15:27:51.094+0000] {processor.py:829} INFO - Processing file /home/airflow/.local/lib/python3.10/site-packages/airflow/example_dags/example_skip_dag.py for tasks to queue
[2024-04-14T15:27:51.095+0000] {logging_mixin.py:154} INFO - [2024-04-14T15:27:51.095+0000] {dagbag.py:536} INFO - Filling up the DagBag from /home/airflow/.local/lib/python3.10/site-packages/airflow/example_dags/example_skip_dag.py
[2024-04-14T15:27:51.100+0000] {processor.py:839} INFO - DAG(s) dict_keys(['example_skip_dag']) retrieved from /home/airflow/.local/lib/python3.10/site-packages/airflow/example_dags/example_skip_dag.py
[2024-04-14T15:27:51.113+0000] {logging_mixin.py:154} INFO - [2024-04-14T15:27:51.113+0000] {dag.py:2941} INFO - Sync 1 DAGs
[2024-04-14T15:27:51.127+0000] {logging_mixin.py:154} INFO - [2024-04-14T15:27:51.127+0000] {dag.py:3722} INFO - Setting next_dagrun for example_skip_dag to 2024-04-13T15:27:51.126918+00:00, run_after=2024-04-14T15:27:51.126918+00:00
[2024-04-14T15:27:51.136+0000] {processor.py:179} INFO - Processing /home/airflow/.local/lib/python3.10/site-packages/airflow/example_dags/example_skip_dag.py took 0.045 seconds
[2024-04-14T15:28:21.873+0000] {processor.py:157} INFO - Started process (PID=2054) to work on /home/airflow/.local/lib/python3.10/site-packages/airflow/example_dags/example_skip_dag.py
[2024-04-14T15:28:21.873+0000] {processor.py:829} INFO - Processing file /home/airflow/.local/lib/python3.10/site-packages/airflow/example_dags/example_skip_dag.py for tasks to queue
[2024-04-14T15:28:21.874+0000] {logging_mixin.py:154} INFO - [2024-04-14T15:28:21.874+0000] {dagbag.py:536} INFO - Filling up the DagBag from /home/airflow/.local/lib/python3.10/site-packages/airflow/example_dags/example_skip_dag.py
[2024-04-14T15:28:21.878+0000] {processor.py:839} INFO - DAG(s) dict_keys(['example_skip_dag']) retrieved from /home/airflow/.local/lib/python3.10/site-packages/airflow/example_dags/example_skip_dag.py
[2024-04-14T15:28:21.891+0000] {logging_mixin.py:154} INFO - [2024-04-14T15:28:21.891+0000] {dag.py:2941} INFO - Sync 1 DAGs
[2024-04-14T15:28:21.905+0000] {logging_mixin.py:154} INFO - [2024-04-14T15:28:21.905+0000] {dag.py:3722} INFO - Setting next_dagrun for example_skip_dag to 2024-04-13T15:28:21.904892+00:00, run_after=2024-04-14T15:28:21.904892+00:00
[2024-04-14T15:28:21.914+0000] {processor.py:179} INFO - Processing /home/airflow/.local/lib/python3.10/site-packages/airflow/example_dags/example_skip_dag.py took 0.043 seconds
[2024-04-14T15:28:52.558+0000] {processor.py:157} INFO - Started process (PID=2108) to work on /home/airflow/.local/lib/python3.10/site-packages/airflow/example_dags/example_skip_dag.py
[2024-04-14T15:28:52.558+0000] {processor.py:829} INFO - Processing file /home/airflow/.local/lib/python3.10/site-packages/airflow/example_dags/example_skip_dag.py for tasks to queue
[2024-04-14T15:28:52.559+0000] {logging_mixin.py:154} INFO - [2024-04-14T15:28:52.559+0000] {dagbag.py:536} INFO - Filling up the DagBag from /home/airflow/.local/lib/python3.10/site-packages/airflow/example_dags/example_skip_dag.py
[2024-04-14T15:28:52.563+0000] {processor.py:839} INFO - DAG(s) dict_keys(['example_skip_dag']) retrieved from /home/airflow/.local/lib/python3.10/site-packages/airflow/example_dags/example_skip_dag.py
[2024-04-14T15:28:52.575+0000] {logging_mixin.py:154} INFO - [2024-04-14T15:28:52.575+0000] {dag.py:2941} INFO - Sync 1 DAGs
[2024-04-14T15:28:52.587+0000] {logging_mixin.py:154} INFO - [2024-04-14T15:28:52.587+0000] {dag.py:3722} INFO - Setting next_dagrun for example_skip_dag to 2024-04-13T15:28:52.587585+00:00, run_after=2024-04-14T15:28:52.587585+00:00
[2024-04-14T15:28:52.596+0000] {processor.py:179} INFO - Processing /home/airflow/.local/lib/python3.10/site-packages/airflow/example_dags/example_skip_dag.py took 0.041 seconds
[2024-04-14T15:29:23.250+0000] {processor.py:157} INFO - Started process (PID=2162) to work on /home/airflow/.local/lib/python3.10/site-packages/airflow/example_dags/example_skip_dag.py
[2024-04-14T15:29:23.250+0000] {processor.py:829} INFO - Processing file /home/airflow/.local/lib/python3.10/site-packages/airflow/example_dags/example_skip_dag.py for tasks to queue
[2024-04-14T15:29:23.251+0000] {logging_mixin.py:154} INFO - [2024-04-14T15:29:23.251+0000] {dagbag.py:536} INFO - Filling up the DagBag from /home/airflow/.local/lib/python3.10/site-packages/airflow/example_dags/example_skip_dag.py
[2024-04-14T15:29:23.255+0000] {processor.py:839} INFO - DAG(s) dict_keys(['example_skip_dag']) retrieved from /home/airflow/.local/lib/python3.10/site-packages/airflow/example_dags/example_skip_dag.py
[2024-04-14T15:29:23.268+0000] {logging_mixin.py:154} INFO - [2024-04-14T15:29:23.268+0000] {dag.py:2941} INFO - Sync 1 DAGs
[2024-04-14T15:29:23.280+0000] {logging_mixin.py:154} INFO - [2024-04-14T15:29:23.280+0000] {dag.py:3722} INFO - Setting next_dagrun for example_skip_dag to 2024-04-13T15:29:23.280389+00:00, run_after=2024-04-14T15:29:23.280389+00:00
[2024-04-14T15:29:23.289+0000] {processor.py:179} INFO - Processing /home/airflow/.local/lib/python3.10/site-packages/airflow/example_dags/example_skip_dag.py took 0.042 seconds
[2024-04-14T15:29:54.159+0000] {processor.py:157} INFO - Started process (PID=2216) to work on /home/airflow/.local/lib/python3.10/site-packages/airflow/example_dags/example_skip_dag.py
[2024-04-14T15:29:54.160+0000] {processor.py:829} INFO - Processing file /home/airflow/.local/lib/python3.10/site-packages/airflow/example_dags/example_skip_dag.py for tasks to queue
[2024-04-14T15:29:54.161+0000] {logging_mixin.py:154} INFO - [2024-04-14T15:29:54.161+0000] {dagbag.py:536} INFO - Filling up the DagBag from /home/airflow/.local/lib/python3.10/site-packages/airflow/example_dags/example_skip_dag.py
[2024-04-14T15:29:54.165+0000] {processor.py:839} INFO - DAG(s) dict_keys(['example_skip_dag']) retrieved from /home/airflow/.local/lib/python3.10/site-packages/airflow/example_dags/example_skip_dag.py
[2024-04-14T15:29:54.176+0000] {logging_mixin.py:154} INFO - [2024-04-14T15:29:54.176+0000] {dag.py:2941} INFO - Sync 1 DAGs
[2024-04-14T15:29:54.187+0000] {logging_mixin.py:154} INFO - [2024-04-14T15:29:54.187+0000] {dag.py:3722} INFO - Setting next_dagrun for example_skip_dag to 2024-04-13T15:29:54.187568+00:00, run_after=2024-04-14T15:29:54.187568+00:00
[2024-04-14T15:29:54.196+0000] {processor.py:179} INFO - Processing /home/airflow/.local/lib/python3.10/site-packages/airflow/example_dags/example_skip_dag.py took 0.038 seconds
[2024-04-14T15:30:24.836+0000] {processor.py:157} INFO - Started process (PID=2270) to work on /home/airflow/.local/lib/python3.10/site-packages/airflow/example_dags/example_skip_dag.py
[2024-04-14T15:30:24.836+0000] {processor.py:829} INFO - Processing file /home/airflow/.local/lib/python3.10/site-packages/airflow/example_dags/example_skip_dag.py for tasks to queue
[2024-04-14T15:30:24.838+0000] {logging_mixin.py:154} INFO - [2024-04-14T15:30:24.837+0000] {dagbag.py:536} INFO - Filling up the DagBag from /home/airflow/.local/lib/python3.10/site-packages/airflow/example_dags/example_skip_dag.py
[2024-04-14T15:30:24.842+0000] {processor.py:839} INFO - DAG(s) dict_keys(['example_skip_dag']) retrieved from /home/airflow/.local/lib/python3.10/site-packages/airflow/example_dags/example_skip_dag.py
[2024-04-14T15:30:24.855+0000] {logging_mixin.py:154} INFO - [2024-04-14T15:30:24.855+0000] {dag.py:2941} INFO - Sync 1 DAGs
[2024-04-14T15:30:24.867+0000] {logging_mixin.py:154} INFO - [2024-04-14T15:30:24.867+0000] {dag.py:3722} INFO - Setting next_dagrun for example_skip_dag to 2024-04-13T15:30:24.867687+00:00, run_after=2024-04-14T15:30:24.867687+00:00
[2024-04-14T15:30:24.877+0000] {processor.py:179} INFO - Processing /home/airflow/.local/lib/python3.10/site-packages/airflow/example_dags/example_skip_dag.py took 0.043 seconds
[2024-04-14T15:30:55.605+0000] {processor.py:157} INFO - Started process (PID=2324) to work on /home/airflow/.local/lib/python3.10/site-packages/airflow/example_dags/example_skip_dag.py
[2024-04-14T15:30:55.605+0000] {processor.py:829} INFO - Processing file /home/airflow/.local/lib/python3.10/site-packages/airflow/example_dags/example_skip_dag.py for tasks to queue
[2024-04-14T15:30:55.607+0000] {logging_mixin.py:154} INFO - [2024-04-14T15:30:55.606+0000] {dagbag.py:536} INFO - Filling up the DagBag from /home/airflow/.local/lib/python3.10/site-packages/airflow/example_dags/example_skip_dag.py
[2024-04-14T15:30:55.610+0000] {processor.py:839} INFO - DAG(s) dict_keys(['example_skip_dag']) retrieved from /home/airflow/.local/lib/python3.10/site-packages/airflow/example_dags/example_skip_dag.py
[2024-04-14T15:30:55.623+0000] {logging_mixin.py:154} INFO - [2024-04-14T15:30:55.623+0000] {dag.py:2941} INFO - Sync 1 DAGs
[2024-04-14T15:30:55.634+0000] {logging_mixin.py:154} INFO - [2024-04-14T15:30:55.634+0000] {dag.py:3722} INFO - Setting next_dagrun for example_skip_dag to 2024-04-13T15:30:55.634578+00:00, run_after=2024-04-14T15:30:55.634578+00:00
[2024-04-14T15:30:55.643+0000] {processor.py:179} INFO - Processing /home/airflow/.local/lib/python3.10/site-packages/airflow/example_dags/example_skip_dag.py took 0.040 seconds
[2024-04-14T15:31:26.261+0000] {processor.py:157} INFO - Started process (PID=2378) to work on /home/airflow/.local/lib/python3.10/site-packages/airflow/example_dags/example_skip_dag.py
[2024-04-14T15:31:26.261+0000] {processor.py:829} INFO - Processing file /home/airflow/.local/lib/python3.10/site-packages/airflow/example_dags/example_skip_dag.py for tasks to queue
[2024-04-14T15:31:26.262+0000] {logging_mixin.py:154} INFO - [2024-04-14T15:31:26.262+0000] {dagbag.py:536} INFO - Filling up the DagBag from /home/airflow/.local/lib/python3.10/site-packages/airflow/example_dags/example_skip_dag.py
[2024-04-14T15:31:26.266+0000] {processor.py:839} INFO - DAG(s) dict_keys(['example_skip_dag']) retrieved from /home/airflow/.local/lib/python3.10/site-packages/airflow/example_dags/example_skip_dag.py
[2024-04-14T15:31:26.279+0000] {logging_mixin.py:154} INFO - [2024-04-14T15:31:26.279+0000] {dag.py:2941} INFO - Sync 1 DAGs
[2024-04-14T15:31:26.291+0000] {logging_mixin.py:154} INFO - [2024-04-14T15:31:26.290+0000] {dag.py:3722} INFO - Setting next_dagrun for example_skip_dag to 2024-04-13T15:31:26.290847+00:00, run_after=2024-04-14T15:31:26.290847+00:00
[2024-04-14T15:31:26.299+0000] {processor.py:179} INFO - Processing /home/airflow/.local/lib/python3.10/site-packages/airflow/example_dags/example_skip_dag.py took 0.040 seconds
[2024-04-14T15:31:56.999+0000] {processor.py:157} INFO - Started process (PID=2432) to work on /home/airflow/.local/lib/python3.10/site-packages/airflow/example_dags/example_skip_dag.py
[2024-04-14T15:31:57.000+0000] {processor.py:829} INFO - Processing file /home/airflow/.local/lib/python3.10/site-packages/airflow/example_dags/example_skip_dag.py for tasks to queue
[2024-04-14T15:31:57.001+0000] {logging_mixin.py:154} INFO - [2024-04-14T15:31:57.001+0000] {dagbag.py:536} INFO - Filling up the DagBag from /home/airflow/.local/lib/python3.10/site-packages/airflow/example_dags/example_skip_dag.py
[2024-04-14T15:31:57.005+0000] {processor.py:839} INFO - DAG(s) dict_keys(['example_skip_dag']) retrieved from /home/airflow/.local/lib/python3.10/site-packages/airflow/example_dags/example_skip_dag.py
[2024-04-14T15:31:57.017+0000] {logging_mixin.py:154} INFO - [2024-04-14T15:31:57.017+0000] {dag.py:2941} INFO - Sync 1 DAGs
[2024-04-14T15:31:57.029+0000] {logging_mixin.py:154} INFO - [2024-04-14T15:31:57.029+0000] {dag.py:3722} INFO - Setting next_dagrun for example_skip_dag to 2024-04-13T15:31:57.028987+00:00, run_after=2024-04-14T15:31:57.028987+00:00
[2024-04-14T15:31:57.037+0000] {processor.py:179} INFO - Processing /home/airflow/.local/lib/python3.10/site-packages/airflow/example_dags/example_skip_dag.py took 0.039 seconds
[2024-04-14T15:32:27.684+0000] {processor.py:157} INFO - Started process (PID=2486) to work on /home/airflow/.local/lib/python3.10/site-packages/airflow/example_dags/example_skip_dag.py
[2024-04-14T15:32:27.684+0000] {processor.py:829} INFO - Processing file /home/airflow/.local/lib/python3.10/site-packages/airflow/example_dags/example_skip_dag.py for tasks to queue
[2024-04-14T15:32:27.685+0000] {logging_mixin.py:154} INFO - [2024-04-14T15:32:27.685+0000] {dagbag.py:536} INFO - Filling up the DagBag from /home/airflow/.local/lib/python3.10/site-packages/airflow/example_dags/example_skip_dag.py
[2024-04-14T15:32:27.689+0000] {processor.py:839} INFO - DAG(s) dict_keys(['example_skip_dag']) retrieved from /home/airflow/.local/lib/python3.10/site-packages/airflow/example_dags/example_skip_dag.py
[2024-04-14T15:32:27.702+0000] {logging_mixin.py:154} INFO - [2024-04-14T15:32:27.701+0000] {dag.py:2941} INFO - Sync 1 DAGs
[2024-04-14T15:32:27.714+0000] {logging_mixin.py:154} INFO - [2024-04-14T15:32:27.713+0000] {dag.py:3722} INFO - Setting next_dagrun for example_skip_dag to 2024-04-13T15:32:27.713720+00:00, run_after=2024-04-14T15:32:27.713720+00:00
[2024-04-14T15:32:27.722+0000] {processor.py:179} INFO - Processing /home/airflow/.local/lib/python3.10/site-packages/airflow/example_dags/example_skip_dag.py took 0.041 seconds
[2024-04-14T15:32:58.411+0000] {processor.py:157} INFO - Started process (PID=2540) to work on /home/airflow/.local/lib/python3.10/site-packages/airflow/example_dags/example_skip_dag.py
[2024-04-14T15:32:58.411+0000] {processor.py:829} INFO - Processing file /home/airflow/.local/lib/python3.10/site-packages/airflow/example_dags/example_skip_dag.py for tasks to queue
[2024-04-14T15:32:58.412+0000] {logging_mixin.py:154} INFO - [2024-04-14T15:32:58.412+0000] {dagbag.py:536} INFO - Filling up the DagBag from /home/airflow/.local/lib/python3.10/site-packages/airflow/example_dags/example_skip_dag.py
[2024-04-14T15:32:58.416+0000] {processor.py:839} INFO - DAG(s) dict_keys(['example_skip_dag']) retrieved from /home/airflow/.local/lib/python3.10/site-packages/airflow/example_dags/example_skip_dag.py
[2024-04-14T15:32:58.428+0000] {logging_mixin.py:154} INFO - [2024-04-14T15:32:58.428+0000] {dag.py:2941} INFO - Sync 1 DAGs
[2024-04-14T15:32:58.439+0000] {logging_mixin.py:154} INFO - [2024-04-14T15:32:58.439+0000] {dag.py:3722} INFO - Setting next_dagrun for example_skip_dag to 2024-04-13T15:32:58.439457+00:00, run_after=2024-04-14T15:32:58.439457+00:00
[2024-04-14T15:32:58.448+0000] {processor.py:179} INFO - Processing /home/airflow/.local/lib/python3.10/site-packages/airflow/example_dags/example_skip_dag.py took 0.039 seconds
[2024-04-14T15:33:29.096+0000] {processor.py:157} INFO - Started process (PID=2594) to work on /home/airflow/.local/lib/python3.10/site-packages/airflow/example_dags/example_skip_dag.py
[2024-04-14T15:33:29.097+0000] {processor.py:829} INFO - Processing file /home/airflow/.local/lib/python3.10/site-packages/airflow/example_dags/example_skip_dag.py for tasks to queue
[2024-04-14T15:33:29.098+0000] {logging_mixin.py:154} INFO - [2024-04-14T15:33:29.098+0000] {dagbag.py:536} INFO - Filling up the DagBag from /home/airflow/.local/lib/python3.10/site-packages/airflow/example_dags/example_skip_dag.py
[2024-04-14T15:33:29.102+0000] {processor.py:839} INFO - DAG(s) dict_keys(['example_skip_dag']) retrieved from /home/airflow/.local/lib/python3.10/site-packages/airflow/example_dags/example_skip_dag.py
[2024-04-14T15:33:29.117+0000] {logging_mixin.py:154} INFO - [2024-04-14T15:33:29.117+0000] {dag.py:2941} INFO - Sync 1 DAGs
[2024-04-14T15:33:29.130+0000] {logging_mixin.py:154} INFO - [2024-04-14T15:33:29.130+0000] {dag.py:3722} INFO - Setting next_dagrun for example_skip_dag to 2024-04-13T15:33:29.130542+00:00, run_after=2024-04-14T15:33:29.130542+00:00
[2024-04-14T15:33:29.140+0000] {processor.py:179} INFO - Processing /home/airflow/.local/lib/python3.10/site-packages/airflow/example_dags/example_skip_dag.py took 0.046 seconds
[2024-04-14T15:33:59.742+0000] {processor.py:157} INFO - Started process (PID=2648) to work on /home/airflow/.local/lib/python3.10/site-packages/airflow/example_dags/example_skip_dag.py
[2024-04-14T15:33:59.743+0000] {processor.py:829} INFO - Processing file /home/airflow/.local/lib/python3.10/site-packages/airflow/example_dags/example_skip_dag.py for tasks to queue
[2024-04-14T15:33:59.744+0000] {logging_mixin.py:154} INFO - [2024-04-14T15:33:59.744+0000] {dagbag.py:536} INFO - Filling up the DagBag from /home/airflow/.local/lib/python3.10/site-packages/airflow/example_dags/example_skip_dag.py
[2024-04-14T15:33:59.748+0000] {processor.py:839} INFO - DAG(s) dict_keys(['example_skip_dag']) retrieved from /home/airflow/.local/lib/python3.10/site-packages/airflow/example_dags/example_skip_dag.py
[2024-04-14T15:33:59.760+0000] {logging_mixin.py:154} INFO - [2024-04-14T15:33:59.760+0000] {dag.py:2941} INFO - Sync 1 DAGs
[2024-04-14T15:33:59.772+0000] {logging_mixin.py:154} INFO - [2024-04-14T15:33:59.772+0000] {dag.py:3722} INFO - Setting next_dagrun for example_skip_dag to 2024-04-13T15:33:59.771875+00:00, run_after=2024-04-14T15:33:59.771875+00:00
[2024-04-14T15:33:59.781+0000] {processor.py:179} INFO - Processing /home/airflow/.local/lib/python3.10/site-packages/airflow/example_dags/example_skip_dag.py took 0.041 seconds
[2024-04-14T15:34:30.405+0000] {processor.py:157} INFO - Started process (PID=2702) to work on /home/airflow/.local/lib/python3.10/site-packages/airflow/example_dags/example_skip_dag.py
[2024-04-14T15:34:30.406+0000] {processor.py:829} INFO - Processing file /home/airflow/.local/lib/python3.10/site-packages/airflow/example_dags/example_skip_dag.py for tasks to queue
[2024-04-14T15:34:30.407+0000] {logging_mixin.py:154} INFO - [2024-04-14T15:34:30.407+0000] {dagbag.py:536} INFO - Filling up the DagBag from /home/airflow/.local/lib/python3.10/site-packages/airflow/example_dags/example_skip_dag.py
[2024-04-14T15:34:30.411+0000] {processor.py:839} INFO - DAG(s) dict_keys(['example_skip_dag']) retrieved from /home/airflow/.local/lib/python3.10/site-packages/airflow/example_dags/example_skip_dag.py
[2024-04-14T15:34:30.423+0000] {logging_mixin.py:154} INFO - [2024-04-14T15:34:30.422+0000] {dag.py:2941} INFO - Sync 1 DAGs
[2024-04-14T15:34:30.434+0000] {logging_mixin.py:154} INFO - [2024-04-14T15:34:30.434+0000] {dag.py:3722} INFO - Setting next_dagrun for example_skip_dag to 2024-04-13T15:34:30.434000+00:00, run_after=2024-04-14T15:34:30.434000+00:00
[2024-04-14T15:34:30.442+0000] {processor.py:179} INFO - Processing /home/airflow/.local/lib/python3.10/site-packages/airflow/example_dags/example_skip_dag.py took 0.039 seconds
[2024-04-14T15:35:01.056+0000] {processor.py:157} INFO - Started process (PID=2756) to work on /home/airflow/.local/lib/python3.10/site-packages/airflow/example_dags/example_skip_dag.py
[2024-04-14T15:35:01.057+0000] {processor.py:829} INFO - Processing file /home/airflow/.local/lib/python3.10/site-packages/airflow/example_dags/example_skip_dag.py for tasks to queue
[2024-04-14T15:35:01.058+0000] {logging_mixin.py:154} INFO - [2024-04-14T15:35:01.057+0000] {dagbag.py:536} INFO - Filling up the DagBag from /home/airflow/.local/lib/python3.10/site-packages/airflow/example_dags/example_skip_dag.py
[2024-04-14T15:35:01.062+0000] {processor.py:839} INFO - DAG(s) dict_keys(['example_skip_dag']) retrieved from /home/airflow/.local/lib/python3.10/site-packages/airflow/example_dags/example_skip_dag.py
[2024-04-14T15:35:01.075+0000] {logging_mixin.py:154} INFO - [2024-04-14T15:35:01.075+0000] {dag.py:2941} INFO - Sync 1 DAGs
[2024-04-14T15:35:01.088+0000] {logging_mixin.py:154} INFO - [2024-04-14T15:35:01.088+0000] {dag.py:3722} INFO - Setting next_dagrun for example_skip_dag to 2024-04-13T15:35:01.087985+00:00, run_after=2024-04-14T15:35:01.087985+00:00
[2024-04-14T15:35:01.096+0000] {processor.py:179} INFO - Processing /home/airflow/.local/lib/python3.10/site-packages/airflow/example_dags/example_skip_dag.py took 0.043 seconds
[2024-04-14T15:35:31.767+0000] {processor.py:157} INFO - Started process (PID=2810) to work on /home/airflow/.local/lib/python3.10/site-packages/airflow/example_dags/example_skip_dag.py
[2024-04-14T15:35:31.768+0000] {processor.py:829} INFO - Processing file /home/airflow/.local/lib/python3.10/site-packages/airflow/example_dags/example_skip_dag.py for tasks to queue
[2024-04-14T15:35:31.769+0000] {logging_mixin.py:154} INFO - [2024-04-14T15:35:31.769+0000] {dagbag.py:536} INFO - Filling up the DagBag from /home/airflow/.local/lib/python3.10/site-packages/airflow/example_dags/example_skip_dag.py
[2024-04-14T15:35:31.773+0000] {processor.py:839} INFO - DAG(s) dict_keys(['example_skip_dag']) retrieved from /home/airflow/.local/lib/python3.10/site-packages/airflow/example_dags/example_skip_dag.py
[2024-04-14T15:35:31.786+0000] {logging_mixin.py:154} INFO - [2024-04-14T15:35:31.786+0000] {dag.py:2941} INFO - Sync 1 DAGs
[2024-04-14T15:35:31.798+0000] {logging_mixin.py:154} INFO - [2024-04-14T15:35:31.798+0000] {dag.py:3722} INFO - Setting next_dagrun for example_skip_dag to 2024-04-13T15:35:31.798511+00:00, run_after=2024-04-14T15:35:31.798511+00:00
[2024-04-14T15:35:31.807+0000] {processor.py:179} INFO - Processing /home/airflow/.local/lib/python3.10/site-packages/airflow/example_dags/example_skip_dag.py took 0.042 seconds
[2024-04-14T15:36:02.508+0000] {processor.py:157} INFO - Started process (PID=2864) to work on /home/airflow/.local/lib/python3.10/site-packages/airflow/example_dags/example_skip_dag.py
[2024-04-14T15:36:02.509+0000] {processor.py:829} INFO - Processing file /home/airflow/.local/lib/python3.10/site-packages/airflow/example_dags/example_skip_dag.py for tasks to queue
[2024-04-14T15:36:02.510+0000] {logging_mixin.py:154} INFO - [2024-04-14T15:36:02.510+0000] {dagbag.py:536} INFO - Filling up the DagBag from /home/airflow/.local/lib/python3.10/site-packages/airflow/example_dags/example_skip_dag.py
[2024-04-14T15:36:02.514+0000] {processor.py:839} INFO - DAG(s) dict_keys(['example_skip_dag']) retrieved from /home/airflow/.local/lib/python3.10/site-packages/airflow/example_dags/example_skip_dag.py
[2024-04-14T15:36:02.526+0000] {logging_mixin.py:154} INFO - [2024-04-14T15:36:02.526+0000] {dag.py:2941} INFO - Sync 1 DAGs
[2024-04-14T15:36:02.538+0000] {logging_mixin.py:154} INFO - [2024-04-14T15:36:02.538+0000] {dag.py:3722} INFO - Setting next_dagrun for example_skip_dag to 2024-04-13T15:36:02.538336+00:00, run_after=2024-04-14T15:36:02.538336+00:00
[2024-04-14T15:36:02.547+0000] {processor.py:179} INFO - Processing /home/airflow/.local/lib/python3.10/site-packages/airflow/example_dags/example_skip_dag.py took 0.041 seconds
[2024-04-14T15:36:33.235+0000] {processor.py:157} INFO - Started process (PID=2918) to work on /home/airflow/.local/lib/python3.10/site-packages/airflow/example_dags/example_skip_dag.py
[2024-04-14T15:36:33.236+0000] {processor.py:829} INFO - Processing file /home/airflow/.local/lib/python3.10/site-packages/airflow/example_dags/example_skip_dag.py for tasks to queue
[2024-04-14T15:36:33.237+0000] {logging_mixin.py:154} INFO - [2024-04-14T15:36:33.237+0000] {dagbag.py:536} INFO - Filling up the DagBag from /home/airflow/.local/lib/python3.10/site-packages/airflow/example_dags/example_skip_dag.py
[2024-04-14T15:36:33.241+0000] {processor.py:839} INFO - DAG(s) dict_keys(['example_skip_dag']) retrieved from /home/airflow/.local/lib/python3.10/site-packages/airflow/example_dags/example_skip_dag.py
[2024-04-14T15:36:33.254+0000] {logging_mixin.py:154} INFO - [2024-04-14T15:36:33.254+0000] {dag.py:2941} INFO - Sync 1 DAGs
[2024-04-14T15:36:33.267+0000] {logging_mixin.py:154} INFO - [2024-04-14T15:36:33.267+0000] {dag.py:3722} INFO - Setting next_dagrun for example_skip_dag to 2024-04-13T15:36:33.267457+00:00, run_after=2024-04-14T15:36:33.267457+00:00
[2024-04-14T15:36:33.276+0000] {processor.py:179} INFO - Processing /home/airflow/.local/lib/python3.10/site-packages/airflow/example_dags/example_skip_dag.py took 0.043 seconds
[2024-04-14T15:37:04.058+0000] {processor.py:157} INFO - Started process (PID=2972) to work on /home/airflow/.local/lib/python3.10/site-packages/airflow/example_dags/example_skip_dag.py
[2024-04-14T15:37:04.058+0000] {processor.py:829} INFO - Processing file /home/airflow/.local/lib/python3.10/site-packages/airflow/example_dags/example_skip_dag.py for tasks to queue
[2024-04-14T15:37:04.060+0000] {logging_mixin.py:154} INFO - [2024-04-14T15:37:04.059+0000] {dagbag.py:536} INFO - Filling up the DagBag from /home/airflow/.local/lib/python3.10/site-packages/airflow/example_dags/example_skip_dag.py
[2024-04-14T15:37:04.064+0000] {processor.py:839} INFO - DAG(s) dict_keys(['example_skip_dag']) retrieved from /home/airflow/.local/lib/python3.10/site-packages/airflow/example_dags/example_skip_dag.py
[2024-04-14T15:37:04.077+0000] {logging_mixin.py:154} INFO - [2024-04-14T15:37:04.077+0000] {dag.py:2941} INFO - Sync 1 DAGs
[2024-04-14T15:37:04.089+0000] {logging_mixin.py:154} INFO - [2024-04-14T15:37:04.089+0000] {dag.py:3722} INFO - Setting next_dagrun for example_skip_dag to 2024-04-13T15:37:04.089501+00:00, run_after=2024-04-14T15:37:04.089501+00:00
[2024-04-14T15:37:04.099+0000] {processor.py:179} INFO - Processing /home/airflow/.local/lib/python3.10/site-packages/airflow/example_dags/example_skip_dag.py took 0.043 seconds
[2024-04-14T15:37:34.808+0000] {processor.py:157} INFO - Started process (PID=3026) to work on /home/airflow/.local/lib/python3.10/site-packages/airflow/example_dags/example_skip_dag.py
[2024-04-14T15:37:34.808+0000] {processor.py:829} INFO - Processing file /home/airflow/.local/lib/python3.10/site-packages/airflow/example_dags/example_skip_dag.py for tasks to queue
[2024-04-14T15:37:34.810+0000] {logging_mixin.py:154} INFO - [2024-04-14T15:37:34.809+0000] {dagbag.py:536} INFO - Filling up the DagBag from /home/airflow/.local/lib/python3.10/site-packages/airflow/example_dags/example_skip_dag.py
[2024-04-14T15:37:34.814+0000] {processor.py:839} INFO - DAG(s) dict_keys(['example_skip_dag']) retrieved from /home/airflow/.local/lib/python3.10/site-packages/airflow/example_dags/example_skip_dag.py
[2024-04-14T15:37:34.826+0000] {logging_mixin.py:154} INFO - [2024-04-14T15:37:34.826+0000] {dag.py:2941} INFO - Sync 1 DAGs
[2024-04-14T15:37:34.838+0000] {logging_mixin.py:154} INFO - [2024-04-14T15:37:34.838+0000] {dag.py:3722} INFO - Setting next_dagrun for example_skip_dag to 2024-04-13T15:37:34.838242+00:00, run_after=2024-04-14T15:37:34.838242+00:00
[2024-04-14T15:37:34.847+0000] {processor.py:179} INFO - Processing /home/airflow/.local/lib/python3.10/site-packages/airflow/example_dags/example_skip_dag.py took 0.041 seconds
[2024-04-14T15:38:05.553+0000] {processor.py:157} INFO - Started process (PID=3080) to work on /home/airflow/.local/lib/python3.10/site-packages/airflow/example_dags/example_skip_dag.py
[2024-04-14T15:38:05.553+0000] {processor.py:829} INFO - Processing file /home/airflow/.local/lib/python3.10/site-packages/airflow/example_dags/example_skip_dag.py for tasks to queue
[2024-04-14T15:38:05.554+0000] {logging_mixin.py:154} INFO - [2024-04-14T15:38:05.554+0000] {dagbag.py:536} INFO - Filling up the DagBag from /home/airflow/.local/lib/python3.10/site-packages/airflow/example_dags/example_skip_dag.py
[2024-04-14T15:38:05.558+0000] {processor.py:839} INFO - DAG(s) dict_keys(['example_skip_dag']) retrieved from /home/airflow/.local/lib/python3.10/site-packages/airflow/example_dags/example_skip_dag.py
[2024-04-14T15:38:05.572+0000] {logging_mixin.py:154} INFO - [2024-04-14T15:38:05.571+0000] {dag.py:2941} INFO - Sync 1 DAGs
[2024-04-14T15:38:05.584+0000] {logging_mixin.py:154} INFO - [2024-04-14T15:38:05.584+0000] {dag.py:3722} INFO - Setting next_dagrun for example_skip_dag to 2024-04-13T15:38:05.583943+00:00, run_after=2024-04-14T15:38:05.583943+00:00
[2024-04-14T15:38:05.592+0000] {processor.py:179} INFO - Processing /home/airflow/.local/lib/python3.10/site-packages/airflow/example_dags/example_skip_dag.py took 0.042 seconds
[2024-04-14T15:38:36.432+0000] {processor.py:157} INFO - Started process (PID=3134) to work on /home/airflow/.local/lib/python3.10/site-packages/airflow/example_dags/example_skip_dag.py
[2024-04-14T15:38:36.432+0000] {processor.py:829} INFO - Processing file /home/airflow/.local/lib/python3.10/site-packages/airflow/example_dags/example_skip_dag.py for tasks to queue
[2024-04-14T15:38:36.433+0000] {logging_mixin.py:154} INFO - [2024-04-14T15:38:36.433+0000] {dagbag.py:536} INFO - Filling up the DagBag from /home/airflow/.local/lib/python3.10/site-packages/airflow/example_dags/example_skip_dag.py
[2024-04-14T15:38:36.437+0000] {processor.py:839} INFO - DAG(s) dict_keys(['example_skip_dag']) retrieved from /home/airflow/.local/lib/python3.10/site-packages/airflow/example_dags/example_skip_dag.py
[2024-04-14T15:38:36.450+0000] {logging_mixin.py:154} INFO - [2024-04-14T15:38:36.450+0000] {dag.py:2941} INFO - Sync 1 DAGs
[2024-04-14T15:38:36.462+0000] {logging_mixin.py:154} INFO - [2024-04-14T15:38:36.462+0000] {dag.py:3722} INFO - Setting next_dagrun for example_skip_dag to 2024-04-13T15:38:36.462264+00:00, run_after=2024-04-14T15:38:36.462264+00:00
[2024-04-14T15:38:36.472+0000] {processor.py:179} INFO - Processing /home/airflow/.local/lib/python3.10/site-packages/airflow/example_dags/example_skip_dag.py took 0.042 seconds
[2024-04-14T15:39:07.218+0000] {processor.py:157} INFO - Started process (PID=3188) to work on /home/airflow/.local/lib/python3.10/site-packages/airflow/example_dags/example_skip_dag.py
[2024-04-14T15:39:07.218+0000] {processor.py:829} INFO - Processing file /home/airflow/.local/lib/python3.10/site-packages/airflow/example_dags/example_skip_dag.py for tasks to queue
[2024-04-14T15:39:07.219+0000] {logging_mixin.py:154} INFO - [2024-04-14T15:39:07.219+0000] {dagbag.py:536} INFO - Filling up the DagBag from /home/airflow/.local/lib/python3.10/site-packages/airflow/example_dags/example_skip_dag.py
[2024-04-14T15:39:07.224+0000] {processor.py:839} INFO - DAG(s) dict_keys(['example_skip_dag']) retrieved from /home/airflow/.local/lib/python3.10/site-packages/airflow/example_dags/example_skip_dag.py
[2024-04-14T15:39:07.236+0000] {logging_mixin.py:154} INFO - [2024-04-14T15:39:07.236+0000] {dag.py:2941} INFO - Sync 1 DAGs
[2024-04-14T15:39:07.250+0000] {logging_mixin.py:154} INFO - [2024-04-14T15:39:07.250+0000] {dag.py:3722} INFO - Setting next_dagrun for example_skip_dag to 2024-04-13T15:39:07.249914+00:00, run_after=2024-04-14T15:39:07.249914+00:00
[2024-04-14T15:39:07.259+0000] {processor.py:179} INFO - Processing /home/airflow/.local/lib/python3.10/site-packages/airflow/example_dags/example_skip_dag.py took 0.043 seconds
[2024-04-14T15:39:38.207+0000] {processor.py:157} INFO - Started process (PID=3242) to work on /home/airflow/.local/lib/python3.10/site-packages/airflow/example_dags/example_skip_dag.py
[2024-04-14T15:39:38.208+0000] {processor.py:829} INFO - Processing file /home/airflow/.local/lib/python3.10/site-packages/airflow/example_dags/example_skip_dag.py for tasks to queue
[2024-04-14T15:39:38.209+0000] {logging_mixin.py:154} INFO - [2024-04-14T15:39:38.209+0000] {dagbag.py:536} INFO - Filling up the DagBag from /home/airflow/.local/lib/python3.10/site-packages/airflow/example_dags/example_skip_dag.py
[2024-04-14T15:39:38.213+0000] {processor.py:839} INFO - DAG(s) dict_keys(['example_skip_dag']) retrieved from /home/airflow/.local/lib/python3.10/site-packages/airflow/example_dags/example_skip_dag.py
[2024-04-14T15:39:38.227+0000] {logging_mixin.py:154} INFO - [2024-04-14T15:39:38.227+0000] {dag.py:2941} INFO - Sync 1 DAGs
[2024-04-14T15:39:38.240+0000] {logging_mixin.py:154} INFO - [2024-04-14T15:39:38.240+0000] {dag.py:3722} INFO - Setting next_dagrun for example_skip_dag to 2024-04-13T15:39:38.240218+00:00, run_after=2024-04-14T15:39:38.240218+00:00
[2024-04-14T15:39:38.249+0000] {processor.py:179} INFO - Processing /home/airflow/.local/lib/python3.10/site-packages/airflow/example_dags/example_skip_dag.py took 0.044 seconds
[2024-04-14T15:40:09.158+0000] {processor.py:157} INFO - Started process (PID=3296) to work on /home/airflow/.local/lib/python3.10/site-packages/airflow/example_dags/example_skip_dag.py
[2024-04-14T15:40:09.159+0000] {processor.py:829} INFO - Processing file /home/airflow/.local/lib/python3.10/site-packages/airflow/example_dags/example_skip_dag.py for tasks to queue
[2024-04-14T15:40:09.160+0000] {logging_mixin.py:154} INFO - [2024-04-14T15:40:09.160+0000] {dagbag.py:536} INFO - Filling up the DagBag from /home/airflow/.local/lib/python3.10/site-packages/airflow/example_dags/example_skip_dag.py
[2024-04-14T15:40:09.164+0000] {processor.py:839} INFO - DAG(s) dict_keys(['example_skip_dag']) retrieved from /home/airflow/.local/lib/python3.10/site-packages/airflow/example_dags/example_skip_dag.py
[2024-04-14T15:40:09.177+0000] {logging_mixin.py:154} INFO - [2024-04-14T15:40:09.177+0000] {dag.py:2941} INFO - Sync 1 DAGs
[2024-04-14T15:40:09.190+0000] {logging_mixin.py:154} INFO - [2024-04-14T15:40:09.190+0000] {dag.py:3722} INFO - Setting next_dagrun for example_skip_dag to 2024-04-13T15:40:09.190048+00:00, run_after=2024-04-14T15:40:09.190048+00:00
[2024-04-14T15:40:09.199+0000] {processor.py:179} INFO - Processing /home/airflow/.local/lib/python3.10/site-packages/airflow/example_dags/example_skip_dag.py took 0.043 seconds
[2024-04-14T15:41:10.022+0000] {processor.py:157} INFO - Started process (PID=49) to work on /home/airflow/.local/lib/python3.10/site-packages/airflow/example_dags/example_skip_dag.py
[2024-04-14T15:41:10.023+0000] {processor.py:829} INFO - Processing file /home/airflow/.local/lib/python3.10/site-packages/airflow/example_dags/example_skip_dag.py for tasks to queue
[2024-04-14T15:41:10.024+0000] {logging_mixin.py:154} INFO - [2024-04-14T15:41:10.024+0000] {dagbag.py:536} INFO - Filling up the DagBag from /home/airflow/.local/lib/python3.10/site-packages/airflow/example_dags/example_skip_dag.py
[2024-04-14T15:41:10.030+0000] {processor.py:839} INFO - DAG(s) dict_keys(['example_skip_dag']) retrieved from /home/airflow/.local/lib/python3.10/site-packages/airflow/example_dags/example_skip_dag.py
[2024-04-14T15:41:10.038+0000] {logging_mixin.py:154} INFO - [2024-04-14T15:41:10.038+0000] {dag.py:2941} INFO - Sync 1 DAGs
[2024-04-14T15:41:10.053+0000] {logging_mixin.py:154} INFO - [2024-04-14T15:41:10.053+0000] {dag.py:3722} INFO - Setting next_dagrun for example_skip_dag to 2024-04-13T15:41:10.053005+00:00, run_after=2024-04-14T15:41:10.053005+00:00
[2024-04-14T15:41:10.063+0000] {processor.py:179} INFO - Processing /home/airflow/.local/lib/python3.10/site-packages/airflow/example_dags/example_skip_dag.py took 0.043 seconds
[2024-04-14T15:41:40.582+0000] {processor.py:157} INFO - Started process (PID=103) to work on /home/airflow/.local/lib/python3.10/site-packages/airflow/example_dags/example_skip_dag.py
[2024-04-14T15:41:40.583+0000] {processor.py:829} INFO - Processing file /home/airflow/.local/lib/python3.10/site-packages/airflow/example_dags/example_skip_dag.py for tasks to queue
[2024-04-14T15:41:40.584+0000] {logging_mixin.py:154} INFO - [2024-04-14T15:41:40.584+0000] {dagbag.py:536} INFO - Filling up the DagBag from /home/airflow/.local/lib/python3.10/site-packages/airflow/example_dags/example_skip_dag.py
[2024-04-14T15:41:40.588+0000] {processor.py:839} INFO - DAG(s) dict_keys(['example_skip_dag']) retrieved from /home/airflow/.local/lib/python3.10/site-packages/airflow/example_dags/example_skip_dag.py
[2024-04-14T15:41:40.600+0000] {logging_mixin.py:154} INFO - [2024-04-14T15:41:40.600+0000] {dag.py:2941} INFO - Sync 1 DAGs
[2024-04-14T15:41:40.612+0000] {logging_mixin.py:154} INFO - [2024-04-14T15:41:40.612+0000] {dag.py:3722} INFO - Setting next_dagrun for example_skip_dag to 2024-04-13T15:41:40.612689+00:00, run_after=2024-04-14T15:41:40.612689+00:00
[2024-04-14T15:41:40.621+0000] {processor.py:179} INFO - Processing /home/airflow/.local/lib/python3.10/site-packages/airflow/example_dags/example_skip_dag.py took 0.041 seconds
[2024-04-14T15:42:11.180+0000] {processor.py:157} INFO - Started process (PID=157) to work on /home/airflow/.local/lib/python3.10/site-packages/airflow/example_dags/example_skip_dag.py
[2024-04-14T15:42:11.180+0000] {processor.py:829} INFO - Processing file /home/airflow/.local/lib/python3.10/site-packages/airflow/example_dags/example_skip_dag.py for tasks to queue
[2024-04-14T15:42:11.181+0000] {logging_mixin.py:154} INFO - [2024-04-14T15:42:11.181+0000] {dagbag.py:536} INFO - Filling up the DagBag from /home/airflow/.local/lib/python3.10/site-packages/airflow/example_dags/example_skip_dag.py
[2024-04-14T15:42:11.185+0000] {processor.py:839} INFO - DAG(s) dict_keys(['example_skip_dag']) retrieved from /home/airflow/.local/lib/python3.10/site-packages/airflow/example_dags/example_skip_dag.py
[2024-04-14T15:42:11.198+0000] {logging_mixin.py:154} INFO - [2024-04-14T15:42:11.198+0000] {dag.py:2941} INFO - Sync 1 DAGs
[2024-04-14T15:42:11.211+0000] {logging_mixin.py:154} INFO - [2024-04-14T15:42:11.211+0000] {dag.py:3722} INFO - Setting next_dagrun for example_skip_dag to 2024-04-13T15:42:11.211363+00:00, run_after=2024-04-14T15:42:11.211363+00:00
[2024-04-14T15:42:11.221+0000] {processor.py:179} INFO - Processing /home/airflow/.local/lib/python3.10/site-packages/airflow/example_dags/example_skip_dag.py took 0.043 seconds
[2024-04-14T15:42:41.934+0000] {processor.py:157} INFO - Started process (PID=211) to work on /home/airflow/.local/lib/python3.10/site-packages/airflow/example_dags/example_skip_dag.py
[2024-04-14T15:42:41.934+0000] {processor.py:829} INFO - Processing file /home/airflow/.local/lib/python3.10/site-packages/airflow/example_dags/example_skip_dag.py for tasks to queue
[2024-04-14T15:42:41.935+0000] {logging_mixin.py:154} INFO - [2024-04-14T15:42:41.935+0000] {dagbag.py:536} INFO - Filling up the DagBag from /home/airflow/.local/lib/python3.10/site-packages/airflow/example_dags/example_skip_dag.py
[2024-04-14T15:42:41.939+0000] {processor.py:839} INFO - DAG(s) dict_keys(['example_skip_dag']) retrieved from /home/airflow/.local/lib/python3.10/site-packages/airflow/example_dags/example_skip_dag.py
[2024-04-14T15:42:41.951+0000] {logging_mixin.py:154} INFO - [2024-04-14T15:42:41.951+0000] {dag.py:2941} INFO - Sync 1 DAGs
[2024-04-14T15:42:41.963+0000] {logging_mixin.py:154} INFO - [2024-04-14T15:42:41.963+0000] {dag.py:3722} INFO - Setting next_dagrun for example_skip_dag to 2024-04-13T15:42:41.963150+00:00, run_after=2024-04-14T15:42:41.963150+00:00
[2024-04-14T15:42:41.972+0000] {processor.py:179} INFO - Processing /home/airflow/.local/lib/python3.10/site-packages/airflow/example_dags/example_skip_dag.py took 0.040 seconds
[2024-04-14T15:46:33.101+0000] {processor.py:157} INFO - Started process (PID=50) to work on /home/airflow/.local/lib/python3.10/site-packages/airflow/example_dags/example_skip_dag.py
[2024-04-14T15:46:33.102+0000] {processor.py:829} INFO - Processing file /home/airflow/.local/lib/python3.10/site-packages/airflow/example_dags/example_skip_dag.py for tasks to queue
[2024-04-14T15:46:33.103+0000] {logging_mixin.py:154} INFO - [2024-04-14T15:46:33.103+0000] {dagbag.py:536} INFO - Filling up the DagBag from /home/airflow/.local/lib/python3.10/site-packages/airflow/example_dags/example_skip_dag.py
[2024-04-14T15:46:33.110+0000] {processor.py:839} INFO - DAG(s) dict_keys(['example_skip_dag']) retrieved from /home/airflow/.local/lib/python3.10/site-packages/airflow/example_dags/example_skip_dag.py
[2024-04-14T15:46:33.118+0000] {logging_mixin.py:154} INFO - [2024-04-14T15:46:33.118+0000] {dag.py:2941} INFO - Sync 1 DAGs
[2024-04-14T15:46:33.135+0000] {logging_mixin.py:154} INFO - [2024-04-14T15:46:33.135+0000] {dag.py:3722} INFO - Setting next_dagrun for example_skip_dag to 2024-04-13T15:46:33.134947+00:00, run_after=2024-04-14T15:46:33.134947+00:00
[2024-04-14T15:46:33.146+0000] {processor.py:179} INFO - Processing /home/airflow/.local/lib/python3.10/site-packages/airflow/example_dags/example_skip_dag.py took 0.046 seconds
[2024-04-14T15:47:04.035+0000] {processor.py:157} INFO - Started process (PID=105) to work on /home/airflow/.local/lib/python3.10/site-packages/airflow/example_dags/example_skip_dag.py
[2024-04-14T15:47:04.035+0000] {processor.py:829} INFO - Processing file /home/airflow/.local/lib/python3.10/site-packages/airflow/example_dags/example_skip_dag.py for tasks to queue
[2024-04-14T15:47:04.036+0000] {logging_mixin.py:154} INFO - [2024-04-14T15:47:04.036+0000] {dagbag.py:536} INFO - Filling up the DagBag from /home/airflow/.local/lib/python3.10/site-packages/airflow/example_dags/example_skip_dag.py
[2024-04-14T15:47:04.040+0000] {processor.py:839} INFO - DAG(s) dict_keys(['example_skip_dag']) retrieved from /home/airflow/.local/lib/python3.10/site-packages/airflow/example_dags/example_skip_dag.py
[2024-04-14T15:47:04.053+0000] {logging_mixin.py:154} INFO - [2024-04-14T15:47:04.052+0000] {dag.py:2941} INFO - Sync 1 DAGs
[2024-04-14T15:47:04.065+0000] {logging_mixin.py:154} INFO - [2024-04-14T15:47:04.065+0000] {dag.py:3722} INFO - Setting next_dagrun for example_skip_dag to 2024-04-13T15:47:04.064893+00:00, run_after=2024-04-14T15:47:04.064893+00:00
[2024-04-14T15:47:04.073+0000] {processor.py:179} INFO - Processing /home/airflow/.local/lib/python3.10/site-packages/airflow/example_dags/example_skip_dag.py took 0.040 seconds
[2024-04-14T15:47:34.875+0000] {processor.py:157} INFO - Started process (PID=160) to work on /home/airflow/.local/lib/python3.10/site-packages/airflow/example_dags/example_skip_dag.py
[2024-04-14T15:47:34.876+0000] {processor.py:829} INFO - Processing file /home/airflow/.local/lib/python3.10/site-packages/airflow/example_dags/example_skip_dag.py for tasks to queue
[2024-04-14T15:47:34.877+0000] {logging_mixin.py:154} INFO - [2024-04-14T15:47:34.876+0000] {dagbag.py:536} INFO - Filling up the DagBag from /home/airflow/.local/lib/python3.10/site-packages/airflow/example_dags/example_skip_dag.py
[2024-04-14T15:47:34.881+0000] {processor.py:839} INFO - DAG(s) dict_keys(['example_skip_dag']) retrieved from /home/airflow/.local/lib/python3.10/site-packages/airflow/example_dags/example_skip_dag.py
[2024-04-14T15:47:34.893+0000] {logging_mixin.py:154} INFO - [2024-04-14T15:47:34.893+0000] {dag.py:2941} INFO - Sync 1 DAGs
[2024-04-14T15:47:34.905+0000] {logging_mixin.py:154} INFO - [2024-04-14T15:47:34.905+0000] {dag.py:3722} INFO - Setting next_dagrun for example_skip_dag to 2024-04-13T15:47:34.905588+00:00, run_after=2024-04-14T15:47:34.905588+00:00
[2024-04-14T15:47:34.914+0000] {processor.py:179} INFO - Processing /home/airflow/.local/lib/python3.10/site-packages/airflow/example_dags/example_skip_dag.py took 0.041 seconds
[2024-04-14T15:48:05.645+0000] {processor.py:157} INFO - Started process (PID=219) to work on /home/airflow/.local/lib/python3.10/site-packages/airflow/example_dags/example_skip_dag.py
[2024-04-14T15:48:05.646+0000] {processor.py:829} INFO - Processing file /home/airflow/.local/lib/python3.10/site-packages/airflow/example_dags/example_skip_dag.py for tasks to queue
[2024-04-14T15:48:05.647+0000] {logging_mixin.py:154} INFO - [2024-04-14T15:48:05.647+0000] {dagbag.py:536} INFO - Filling up the DagBag from /home/airflow/.local/lib/python3.10/site-packages/airflow/example_dags/example_skip_dag.py
[2024-04-14T15:48:05.651+0000] {processor.py:839} INFO - DAG(s) dict_keys(['example_skip_dag']) retrieved from /home/airflow/.local/lib/python3.10/site-packages/airflow/example_dags/example_skip_dag.py
[2024-04-14T15:48:05.664+0000] {logging_mixin.py:154} INFO - [2024-04-14T15:48:05.664+0000] {dag.py:2941} INFO - Sync 1 DAGs
[2024-04-14T15:48:05.677+0000] {logging_mixin.py:154} INFO - [2024-04-14T15:48:05.676+0000] {dag.py:3722} INFO - Setting next_dagrun for example_skip_dag to 2024-04-13T15:48:05.676786+00:00, run_after=2024-04-14T15:48:05.676786+00:00
[2024-04-14T15:48:05.685+0000] {processor.py:179} INFO - Processing /home/airflow/.local/lib/python3.10/site-packages/airflow/example_dags/example_skip_dag.py took 0.042 seconds
[2024-04-14T15:48:36.317+0000] {processor.py:157} INFO - Started process (PID=274) to work on /home/airflow/.local/lib/python3.10/site-packages/airflow/example_dags/example_skip_dag.py
[2024-04-14T15:48:36.318+0000] {processor.py:829} INFO - Processing file /home/airflow/.local/lib/python3.10/site-packages/airflow/example_dags/example_skip_dag.py for tasks to queue
[2024-04-14T15:48:36.319+0000] {logging_mixin.py:154} INFO - [2024-04-14T15:48:36.319+0000] {dagbag.py:536} INFO - Filling up the DagBag from /home/airflow/.local/lib/python3.10/site-packages/airflow/example_dags/example_skip_dag.py
[2024-04-14T15:48:36.322+0000] {processor.py:839} INFO - DAG(s) dict_keys(['example_skip_dag']) retrieved from /home/airflow/.local/lib/python3.10/site-packages/airflow/example_dags/example_skip_dag.py
[2024-04-14T15:48:36.335+0000] {logging_mixin.py:154} INFO - [2024-04-14T15:48:36.335+0000] {dag.py:2941} INFO - Sync 1 DAGs
[2024-04-14T15:48:36.347+0000] {logging_mixin.py:154} INFO - [2024-04-14T15:48:36.347+0000] {dag.py:3722} INFO - Setting next_dagrun for example_skip_dag to 2024-04-13T15:48:36.347248+00:00, run_after=2024-04-14T15:48:36.347248+00:00
[2024-04-14T15:48:36.356+0000] {processor.py:179} INFO - Processing /home/airflow/.local/lib/python3.10/site-packages/airflow/example_dags/example_skip_dag.py took 0.041 seconds
[2024-04-14T15:49:06.983+0000] {processor.py:157} INFO - Started process (PID=329) to work on /home/airflow/.local/lib/python3.10/site-packages/airflow/example_dags/example_skip_dag.py
[2024-04-14T15:49:06.983+0000] {processor.py:829} INFO - Processing file /home/airflow/.local/lib/python3.10/site-packages/airflow/example_dags/example_skip_dag.py for tasks to queue
[2024-04-14T15:49:06.984+0000] {logging_mixin.py:154} INFO - [2024-04-14T15:49:06.984+0000] {dagbag.py:536} INFO - Filling up the DagBag from /home/airflow/.local/lib/python3.10/site-packages/airflow/example_dags/example_skip_dag.py
[2024-04-14T15:49:06.988+0000] {processor.py:839} INFO - DAG(s) dict_keys(['example_skip_dag']) retrieved from /home/airflow/.local/lib/python3.10/site-packages/airflow/example_dags/example_skip_dag.py
[2024-04-14T15:49:07.000+0000] {logging_mixin.py:154} INFO - [2024-04-14T15:49:07.000+0000] {dag.py:2941} INFO - Sync 1 DAGs
[2024-04-14T15:49:07.012+0000] {logging_mixin.py:154} INFO - [2024-04-14T15:49:07.012+0000] {dag.py:3722} INFO - Setting next_dagrun for example_skip_dag to 2024-04-13T15:49:07.012011+00:00, run_after=2024-04-14T15:49:07.012011+00:00
[2024-04-14T15:49:07.020+0000] {processor.py:179} INFO - Processing /home/airflow/.local/lib/python3.10/site-packages/airflow/example_dags/example_skip_dag.py took 0.039 seconds
