[2024-04-14T15:09:26.850+0000] {processor.py:157} INFO - Started process (PID=78) to work on /home/airflow/.local/lib/python3.10/site-packages/airflow/example_dags/example_xcom.py
[2024-04-14T15:09:26.851+0000] {processor.py:829} INFO - Processing file /home/airflow/.local/lib/python3.10/site-packages/airflow/example_dags/example_xcom.py for tasks to queue
[2024-04-14T15:09:26.852+0000] {logging_mixin.py:154} INFO - [2024-04-14T15:09:26.852+0000] {dagbag.py:536} INFO - Filling up the DagBag from /home/airflow/.local/lib/python3.10/site-packages/airflow/example_dags/example_xcom.py
[2024-04-14T15:09:26.857+0000] {processor.py:839} INFO - DAG(s) dict_keys(['example_xcom']) retrieved from /home/airflow/.local/lib/python3.10/site-packages/airflow/example_dags/example_xcom.py
[2024-04-14T15:09:26.865+0000] {logging_mixin.py:154} INFO - [2024-04-14T15:09:26.865+0000] {dag.py:2941} INFO - Sync 1 DAGs
[2024-04-14T15:09:26.879+0000] {logging_mixin.py:154} INFO - [2024-04-14T15:09:26.879+0000] {dag.py:3722} INFO - Setting next_dagrun for example_xcom to 2021-01-01T00:00:00+00:00, run_after=2021-01-01T00:00:00+00:00
[2024-04-14T15:09:26.889+0000] {processor.py:179} INFO - Processing /home/airflow/.local/lib/python3.10/site-packages/airflow/example_dags/example_xcom.py took 0.041 seconds
[2024-04-14T15:09:57.518+0000] {processor.py:157} INFO - Started process (PID=132) to work on /home/airflow/.local/lib/python3.10/site-packages/airflow/example_dags/example_xcom.py
[2024-04-14T15:09:57.519+0000] {processor.py:829} INFO - Processing file /home/airflow/.local/lib/python3.10/site-packages/airflow/example_dags/example_xcom.py for tasks to queue
[2024-04-14T15:09:57.520+0000] {logging_mixin.py:154} INFO - [2024-04-14T15:09:57.520+0000] {dagbag.py:536} INFO - Filling up the DagBag from /home/airflow/.local/lib/python3.10/site-packages/airflow/example_dags/example_xcom.py
[2024-04-14T15:09:57.524+0000] {processor.py:839} INFO - DAG(s) dict_keys(['example_xcom']) retrieved from /home/airflow/.local/lib/python3.10/site-packages/airflow/example_dags/example_xcom.py
[2024-04-14T15:09:57.539+0000] {logging_mixin.py:154} INFO - [2024-04-14T15:09:57.538+0000] {dag.py:2941} INFO - Sync 1 DAGs
[2024-04-14T15:09:57.552+0000] {logging_mixin.py:154} INFO - [2024-04-14T15:09:57.551+0000] {dag.py:3722} INFO - Setting next_dagrun for example_xcom to 2021-01-01T00:00:00+00:00, run_after=2021-01-01T00:00:00+00:00
[2024-04-14T15:09:57.560+0000] {processor.py:179} INFO - Processing /home/airflow/.local/lib/python3.10/site-packages/airflow/example_dags/example_xcom.py took 0.044 seconds
[2024-04-14T15:10:28.206+0000] {processor.py:157} INFO - Started process (PID=186) to work on /home/airflow/.local/lib/python3.10/site-packages/airflow/example_dags/example_xcom.py
[2024-04-14T15:10:28.207+0000] {processor.py:829} INFO - Processing file /home/airflow/.local/lib/python3.10/site-packages/airflow/example_dags/example_xcom.py for tasks to queue
[2024-04-14T15:10:28.208+0000] {logging_mixin.py:154} INFO - [2024-04-14T15:10:28.208+0000] {dagbag.py:536} INFO - Filling up the DagBag from /home/airflow/.local/lib/python3.10/site-packages/airflow/example_dags/example_xcom.py
[2024-04-14T15:10:28.213+0000] {processor.py:839} INFO - DAG(s) dict_keys(['example_xcom']) retrieved from /home/airflow/.local/lib/python3.10/site-packages/airflow/example_dags/example_xcom.py
[2024-04-14T15:10:28.225+0000] {logging_mixin.py:154} INFO - [2024-04-14T15:10:28.225+0000] {dag.py:2941} INFO - Sync 1 DAGs
[2024-04-14T15:10:28.238+0000] {logging_mixin.py:154} INFO - [2024-04-14T15:10:28.238+0000] {dag.py:3722} INFO - Setting next_dagrun for example_xcom to 2021-01-01T00:00:00+00:00, run_after=2021-01-01T00:00:00+00:00
[2024-04-14T15:10:28.246+0000] {processor.py:179} INFO - Processing /home/airflow/.local/lib/python3.10/site-packages/airflow/example_dags/example_xcom.py took 0.043 seconds
[2024-04-14T15:10:58.780+0000] {processor.py:157} INFO - Started process (PID=240) to work on /home/airflow/.local/lib/python3.10/site-packages/airflow/example_dags/example_xcom.py
[2024-04-14T15:10:58.781+0000] {processor.py:829} INFO - Processing file /home/airflow/.local/lib/python3.10/site-packages/airflow/example_dags/example_xcom.py for tasks to queue
[2024-04-14T15:10:58.782+0000] {logging_mixin.py:154} INFO - [2024-04-14T15:10:58.782+0000] {dagbag.py:536} INFO - Filling up the DagBag from /home/airflow/.local/lib/python3.10/site-packages/airflow/example_dags/example_xcom.py
[2024-04-14T15:10:58.786+0000] {processor.py:839} INFO - DAG(s) dict_keys(['example_xcom']) retrieved from /home/airflow/.local/lib/python3.10/site-packages/airflow/example_dags/example_xcom.py
[2024-04-14T15:10:58.799+0000] {logging_mixin.py:154} INFO - [2024-04-14T15:10:58.798+0000] {dag.py:2941} INFO - Sync 1 DAGs
[2024-04-14T15:10:58.811+0000] {logging_mixin.py:154} INFO - [2024-04-14T15:10:58.811+0000] {dag.py:3722} INFO - Setting next_dagrun for example_xcom to 2021-01-01T00:00:00+00:00, run_after=2021-01-01T00:00:00+00:00
[2024-04-14T15:10:58.820+0000] {processor.py:179} INFO - Processing /home/airflow/.local/lib/python3.10/site-packages/airflow/example_dags/example_xcom.py took 0.042 seconds
[2024-04-14T15:11:29.562+0000] {processor.py:157} INFO - Started process (PID=294) to work on /home/airflow/.local/lib/python3.10/site-packages/airflow/example_dags/example_xcom.py
[2024-04-14T15:11:29.563+0000] {processor.py:829} INFO - Processing file /home/airflow/.local/lib/python3.10/site-packages/airflow/example_dags/example_xcom.py for tasks to queue
[2024-04-14T15:11:29.564+0000] {logging_mixin.py:154} INFO - [2024-04-14T15:11:29.564+0000] {dagbag.py:536} INFO - Filling up the DagBag from /home/airflow/.local/lib/python3.10/site-packages/airflow/example_dags/example_xcom.py
[2024-04-14T15:11:29.569+0000] {processor.py:839} INFO - DAG(s) dict_keys(['example_xcom']) retrieved from /home/airflow/.local/lib/python3.10/site-packages/airflow/example_dags/example_xcom.py
[2024-04-14T15:11:29.581+0000] {logging_mixin.py:154} INFO - [2024-04-14T15:11:29.581+0000] {dag.py:2941} INFO - Sync 1 DAGs
[2024-04-14T15:11:29.594+0000] {logging_mixin.py:154} INFO - [2024-04-14T15:11:29.594+0000] {dag.py:3722} INFO - Setting next_dagrun for example_xcom to 2021-01-01T00:00:00+00:00, run_after=2021-01-01T00:00:00+00:00
[2024-04-14T15:11:29.603+0000] {processor.py:179} INFO - Processing /home/airflow/.local/lib/python3.10/site-packages/airflow/example_dags/example_xcom.py took 0.043 seconds
[2024-04-14T15:12:00.341+0000] {processor.py:157} INFO - Started process (PID=348) to work on /home/airflow/.local/lib/python3.10/site-packages/airflow/example_dags/example_xcom.py
[2024-04-14T15:12:00.342+0000] {processor.py:829} INFO - Processing file /home/airflow/.local/lib/python3.10/site-packages/airflow/example_dags/example_xcom.py for tasks to queue
[2024-04-14T15:12:00.343+0000] {logging_mixin.py:154} INFO - [2024-04-14T15:12:00.342+0000] {dagbag.py:536} INFO - Filling up the DagBag from /home/airflow/.local/lib/python3.10/site-packages/airflow/example_dags/example_xcom.py
[2024-04-14T15:12:00.347+0000] {processor.py:839} INFO - DAG(s) dict_keys(['example_xcom']) retrieved from /home/airflow/.local/lib/python3.10/site-packages/airflow/example_dags/example_xcom.py
[2024-04-14T15:12:00.359+0000] {logging_mixin.py:154} INFO - [2024-04-14T15:12:00.359+0000] {dag.py:2941} INFO - Sync 1 DAGs
[2024-04-14T15:12:00.371+0000] {logging_mixin.py:154} INFO - [2024-04-14T15:12:00.371+0000] {dag.py:3722} INFO - Setting next_dagrun for example_xcom to 2021-01-01T00:00:00+00:00, run_after=2021-01-01T00:00:00+00:00
[2024-04-14T15:12:00.380+0000] {processor.py:179} INFO - Processing /home/airflow/.local/lib/python3.10/site-packages/airflow/example_dags/example_xcom.py took 0.041 seconds
[2024-04-14T15:12:31.028+0000] {processor.py:157} INFO - Started process (PID=402) to work on /home/airflow/.local/lib/python3.10/site-packages/airflow/example_dags/example_xcom.py
[2024-04-14T15:12:31.029+0000] {processor.py:829} INFO - Processing file /home/airflow/.local/lib/python3.10/site-packages/airflow/example_dags/example_xcom.py for tasks to queue
[2024-04-14T15:12:31.030+0000] {logging_mixin.py:154} INFO - [2024-04-14T15:12:31.030+0000] {dagbag.py:536} INFO - Filling up the DagBag from /home/airflow/.local/lib/python3.10/site-packages/airflow/example_dags/example_xcom.py
[2024-04-14T15:12:31.034+0000] {processor.py:839} INFO - DAG(s) dict_keys(['example_xcom']) retrieved from /home/airflow/.local/lib/python3.10/site-packages/airflow/example_dags/example_xcom.py
[2024-04-14T15:12:31.046+0000] {logging_mixin.py:154} INFO - [2024-04-14T15:12:31.046+0000] {dag.py:2941} INFO - Sync 1 DAGs
[2024-04-14T15:12:31.058+0000] {logging_mixin.py:154} INFO - [2024-04-14T15:12:31.058+0000] {dag.py:3722} INFO - Setting next_dagrun for example_xcom to 2021-01-01T00:00:00+00:00, run_after=2021-01-01T00:00:00+00:00
[2024-04-14T15:12:31.067+0000] {processor.py:179} INFO - Processing /home/airflow/.local/lib/python3.10/site-packages/airflow/example_dags/example_xcom.py took 0.041 seconds
[2024-04-14T15:13:01.850+0000] {processor.py:157} INFO - Started process (PID=456) to work on /home/airflow/.local/lib/python3.10/site-packages/airflow/example_dags/example_xcom.py
[2024-04-14T15:13:01.851+0000] {processor.py:829} INFO - Processing file /home/airflow/.local/lib/python3.10/site-packages/airflow/example_dags/example_xcom.py for tasks to queue
[2024-04-14T15:13:01.852+0000] {logging_mixin.py:154} INFO - [2024-04-14T15:13:01.852+0000] {dagbag.py:536} INFO - Filling up the DagBag from /home/airflow/.local/lib/python3.10/site-packages/airflow/example_dags/example_xcom.py
[2024-04-14T15:13:01.857+0000] {processor.py:839} INFO - DAG(s) dict_keys(['example_xcom']) retrieved from /home/airflow/.local/lib/python3.10/site-packages/airflow/example_dags/example_xcom.py
[2024-04-14T15:13:01.869+0000] {logging_mixin.py:154} INFO - [2024-04-14T15:13:01.869+0000] {dag.py:2941} INFO - Sync 1 DAGs
[2024-04-14T15:13:01.882+0000] {logging_mixin.py:154} INFO - [2024-04-14T15:13:01.881+0000] {dag.py:3722} INFO - Setting next_dagrun for example_xcom to 2021-01-01T00:00:00+00:00, run_after=2021-01-01T00:00:00+00:00
[2024-04-14T15:13:01.891+0000] {processor.py:179} INFO - Processing /home/airflow/.local/lib/python3.10/site-packages/airflow/example_dags/example_xcom.py took 0.042 seconds
[2024-04-14T15:13:32.516+0000] {processor.py:157} INFO - Started process (PID=510) to work on /home/airflow/.local/lib/python3.10/site-packages/airflow/example_dags/example_xcom.py
[2024-04-14T15:13:32.516+0000] {processor.py:829} INFO - Processing file /home/airflow/.local/lib/python3.10/site-packages/airflow/example_dags/example_xcom.py for tasks to queue
[2024-04-14T15:13:32.518+0000] {logging_mixin.py:154} INFO - [2024-04-14T15:13:32.517+0000] {dagbag.py:536} INFO - Filling up the DagBag from /home/airflow/.local/lib/python3.10/site-packages/airflow/example_dags/example_xcom.py
[2024-04-14T15:13:32.522+0000] {processor.py:839} INFO - DAG(s) dict_keys(['example_xcom']) retrieved from /home/airflow/.local/lib/python3.10/site-packages/airflow/example_dags/example_xcom.py
[2024-04-14T15:13:32.534+0000] {logging_mixin.py:154} INFO - [2024-04-14T15:13:32.534+0000] {dag.py:2941} INFO - Sync 1 DAGs
[2024-04-14T15:13:32.546+0000] {logging_mixin.py:154} INFO - [2024-04-14T15:13:32.546+0000] {dag.py:3722} INFO - Setting next_dagrun for example_xcom to 2021-01-01T00:00:00+00:00, run_after=2021-01-01T00:00:00+00:00
[2024-04-14T15:13:32.554+0000] {processor.py:179} INFO - Processing /home/airflow/.local/lib/python3.10/site-packages/airflow/example_dags/example_xcom.py took 0.040 seconds
[2024-04-14T15:14:03.089+0000] {processor.py:157} INFO - Started process (PID=564) to work on /home/airflow/.local/lib/python3.10/site-packages/airflow/example_dags/example_xcom.py
[2024-04-14T15:14:03.089+0000] {processor.py:829} INFO - Processing file /home/airflow/.local/lib/python3.10/site-packages/airflow/example_dags/example_xcom.py for tasks to queue
[2024-04-14T15:14:03.090+0000] {logging_mixin.py:154} INFO - [2024-04-14T15:14:03.090+0000] {dagbag.py:536} INFO - Filling up the DagBag from /home/airflow/.local/lib/python3.10/site-packages/airflow/example_dags/example_xcom.py
[2024-04-14T15:14:03.095+0000] {processor.py:839} INFO - DAG(s) dict_keys(['example_xcom']) retrieved from /home/airflow/.local/lib/python3.10/site-packages/airflow/example_dags/example_xcom.py
[2024-04-14T15:14:03.107+0000] {logging_mixin.py:154} INFO - [2024-04-14T15:14:03.107+0000] {dag.py:2941} INFO - Sync 1 DAGs
[2024-04-14T15:14:03.120+0000] {logging_mixin.py:154} INFO - [2024-04-14T15:14:03.120+0000] {dag.py:3722} INFO - Setting next_dagrun for example_xcom to 2021-01-01T00:00:00+00:00, run_after=2021-01-01T00:00:00+00:00
[2024-04-14T15:14:03.128+0000] {processor.py:179} INFO - Processing /home/airflow/.local/lib/python3.10/site-packages/airflow/example_dags/example_xcom.py took 0.042 seconds
[2024-04-14T15:14:33.787+0000] {processor.py:157} INFO - Started process (PID=618) to work on /home/airflow/.local/lib/python3.10/site-packages/airflow/example_dags/example_xcom.py
[2024-04-14T15:14:33.787+0000] {processor.py:829} INFO - Processing file /home/airflow/.local/lib/python3.10/site-packages/airflow/example_dags/example_xcom.py for tasks to queue
[2024-04-14T15:14:33.788+0000] {logging_mixin.py:154} INFO - [2024-04-14T15:14:33.788+0000] {dagbag.py:536} INFO - Filling up the DagBag from /home/airflow/.local/lib/python3.10/site-packages/airflow/example_dags/example_xcom.py
[2024-04-14T15:14:33.793+0000] {processor.py:839} INFO - DAG(s) dict_keys(['example_xcom']) retrieved from /home/airflow/.local/lib/python3.10/site-packages/airflow/example_dags/example_xcom.py
[2024-04-14T15:14:33.805+0000] {logging_mixin.py:154} INFO - [2024-04-14T15:14:33.805+0000] {dag.py:2941} INFO - Sync 1 DAGs
[2024-04-14T15:14:33.817+0000] {logging_mixin.py:154} INFO - [2024-04-14T15:14:33.817+0000] {dag.py:3722} INFO - Setting next_dagrun for example_xcom to 2021-01-01T00:00:00+00:00, run_after=2021-01-01T00:00:00+00:00
[2024-04-14T15:14:33.825+0000] {processor.py:179} INFO - Processing /home/airflow/.local/lib/python3.10/site-packages/airflow/example_dags/example_xcom.py took 0.040 seconds
[2024-04-14T15:15:04.472+0000] {processor.py:157} INFO - Started process (PID=672) to work on /home/airflow/.local/lib/python3.10/site-packages/airflow/example_dags/example_xcom.py
[2024-04-14T15:15:04.472+0000] {processor.py:829} INFO - Processing file /home/airflow/.local/lib/python3.10/site-packages/airflow/example_dags/example_xcom.py for tasks to queue
[2024-04-14T15:15:04.474+0000] {logging_mixin.py:154} INFO - [2024-04-14T15:15:04.473+0000] {dagbag.py:536} INFO - Filling up the DagBag from /home/airflow/.local/lib/python3.10/site-packages/airflow/example_dags/example_xcom.py
[2024-04-14T15:15:04.478+0000] {processor.py:839} INFO - DAG(s) dict_keys(['example_xcom']) retrieved from /home/airflow/.local/lib/python3.10/site-packages/airflow/example_dags/example_xcom.py
[2024-04-14T15:15:04.491+0000] {logging_mixin.py:154} INFO - [2024-04-14T15:15:04.491+0000] {dag.py:2941} INFO - Sync 1 DAGs
[2024-04-14T15:15:04.503+0000] {logging_mixin.py:154} INFO - [2024-04-14T15:15:04.503+0000] {dag.py:3722} INFO - Setting next_dagrun for example_xcom to 2021-01-01T00:00:00+00:00, run_after=2021-01-01T00:00:00+00:00
[2024-04-14T15:15:04.511+0000] {processor.py:179} INFO - Processing /home/airflow/.local/lib/python3.10/site-packages/airflow/example_dags/example_xcom.py took 0.041 seconds
[2024-04-14T15:15:35.063+0000] {processor.py:157} INFO - Started process (PID=726) to work on /home/airflow/.local/lib/python3.10/site-packages/airflow/example_dags/example_xcom.py
[2024-04-14T15:15:35.063+0000] {processor.py:829} INFO - Processing file /home/airflow/.local/lib/python3.10/site-packages/airflow/example_dags/example_xcom.py for tasks to queue
[2024-04-14T15:15:35.065+0000] {logging_mixin.py:154} INFO - [2024-04-14T15:15:35.064+0000] {dagbag.py:536} INFO - Filling up the DagBag from /home/airflow/.local/lib/python3.10/site-packages/airflow/example_dags/example_xcom.py
[2024-04-14T15:15:35.069+0000] {processor.py:839} INFO - DAG(s) dict_keys(['example_xcom']) retrieved from /home/airflow/.local/lib/python3.10/site-packages/airflow/example_dags/example_xcom.py
[2024-04-14T15:15:35.082+0000] {logging_mixin.py:154} INFO - [2024-04-14T15:15:35.082+0000] {dag.py:2941} INFO - Sync 1 DAGs
[2024-04-14T15:15:35.095+0000] {logging_mixin.py:154} INFO - [2024-04-14T15:15:35.094+0000] {dag.py:3722} INFO - Setting next_dagrun for example_xcom to 2021-01-01T00:00:00+00:00, run_after=2021-01-01T00:00:00+00:00
[2024-04-14T15:15:35.104+0000] {processor.py:179} INFO - Processing /home/airflow/.local/lib/python3.10/site-packages/airflow/example_dags/example_xcom.py took 0.043 seconds
[2024-04-14T15:16:05.780+0000] {processor.py:157} INFO - Started process (PID=780) to work on /home/airflow/.local/lib/python3.10/site-packages/airflow/example_dags/example_xcom.py
[2024-04-14T15:16:05.780+0000] {processor.py:829} INFO - Processing file /home/airflow/.local/lib/python3.10/site-packages/airflow/example_dags/example_xcom.py for tasks to queue
[2024-04-14T15:16:05.782+0000] {logging_mixin.py:154} INFO - [2024-04-14T15:16:05.781+0000] {dagbag.py:536} INFO - Filling up the DagBag from /home/airflow/.local/lib/python3.10/site-packages/airflow/example_dags/example_xcom.py
[2024-04-14T15:16:05.786+0000] {processor.py:839} INFO - DAG(s) dict_keys(['example_xcom']) retrieved from /home/airflow/.local/lib/python3.10/site-packages/airflow/example_dags/example_xcom.py
[2024-04-14T15:16:05.798+0000] {logging_mixin.py:154} INFO - [2024-04-14T15:16:05.798+0000] {dag.py:2941} INFO - Sync 1 DAGs
[2024-04-14T15:16:05.809+0000] {logging_mixin.py:154} INFO - [2024-04-14T15:16:05.809+0000] {dag.py:3722} INFO - Setting next_dagrun for example_xcom to 2021-01-01T00:00:00+00:00, run_after=2021-01-01T00:00:00+00:00
[2024-04-14T15:16:05.817+0000] {processor.py:179} INFO - Processing /home/airflow/.local/lib/python3.10/site-packages/airflow/example_dags/example_xcom.py took 0.039 seconds
[2024-04-14T15:16:36.549+0000] {processor.py:157} INFO - Started process (PID=834) to work on /home/airflow/.local/lib/python3.10/site-packages/airflow/example_dags/example_xcom.py
[2024-04-14T15:16:36.550+0000] {processor.py:829} INFO - Processing file /home/airflow/.local/lib/python3.10/site-packages/airflow/example_dags/example_xcom.py for tasks to queue
[2024-04-14T15:16:36.551+0000] {logging_mixin.py:154} INFO - [2024-04-14T15:16:36.550+0000] {dagbag.py:536} INFO - Filling up the DagBag from /home/airflow/.local/lib/python3.10/site-packages/airflow/example_dags/example_xcom.py
[2024-04-14T15:16:36.555+0000] {processor.py:839} INFO - DAG(s) dict_keys(['example_xcom']) retrieved from /home/airflow/.local/lib/python3.10/site-packages/airflow/example_dags/example_xcom.py
[2024-04-14T15:16:36.567+0000] {logging_mixin.py:154} INFO - [2024-04-14T15:16:36.567+0000] {dag.py:2941} INFO - Sync 1 DAGs
[2024-04-14T15:16:36.579+0000] {logging_mixin.py:154} INFO - [2024-04-14T15:16:36.579+0000] {dag.py:3722} INFO - Setting next_dagrun for example_xcom to 2021-01-01T00:00:00+00:00, run_after=2021-01-01T00:00:00+00:00
[2024-04-14T15:16:36.587+0000] {processor.py:179} INFO - Processing /home/airflow/.local/lib/python3.10/site-packages/airflow/example_dags/example_xcom.py took 0.040 seconds
[2024-04-14T15:17:07.170+0000] {processor.py:157} INFO - Started process (PID=888) to work on /home/airflow/.local/lib/python3.10/site-packages/airflow/example_dags/example_xcom.py
[2024-04-14T15:17:07.171+0000] {processor.py:829} INFO - Processing file /home/airflow/.local/lib/python3.10/site-packages/airflow/example_dags/example_xcom.py for tasks to queue
[2024-04-14T15:17:07.172+0000] {logging_mixin.py:154} INFO - [2024-04-14T15:17:07.172+0000] {dagbag.py:536} INFO - Filling up the DagBag from /home/airflow/.local/lib/python3.10/site-packages/airflow/example_dags/example_xcom.py
[2024-04-14T15:17:07.177+0000] {processor.py:839} INFO - DAG(s) dict_keys(['example_xcom']) retrieved from /home/airflow/.local/lib/python3.10/site-packages/airflow/example_dags/example_xcom.py
[2024-04-14T15:17:07.188+0000] {logging_mixin.py:154} INFO - [2024-04-14T15:17:07.188+0000] {dag.py:2941} INFO - Sync 1 DAGs
[2024-04-14T15:17:07.200+0000] {logging_mixin.py:154} INFO - [2024-04-14T15:17:07.200+0000] {dag.py:3722} INFO - Setting next_dagrun for example_xcom to 2021-01-01T00:00:00+00:00, run_after=2021-01-01T00:00:00+00:00
[2024-04-14T15:17:07.208+0000] {processor.py:179} INFO - Processing /home/airflow/.local/lib/python3.10/site-packages/airflow/example_dags/example_xcom.py took 0.040 seconds
[2024-04-14T15:17:37.803+0000] {processor.py:157} INFO - Started process (PID=942) to work on /home/airflow/.local/lib/python3.10/site-packages/airflow/example_dags/example_xcom.py
[2024-04-14T15:17:37.804+0000] {processor.py:829} INFO - Processing file /home/airflow/.local/lib/python3.10/site-packages/airflow/example_dags/example_xcom.py for tasks to queue
[2024-04-14T15:17:37.805+0000] {logging_mixin.py:154} INFO - [2024-04-14T15:17:37.805+0000] {dagbag.py:536} INFO - Filling up the DagBag from /home/airflow/.local/lib/python3.10/site-packages/airflow/example_dags/example_xcom.py
[2024-04-14T15:17:37.809+0000] {processor.py:839} INFO - DAG(s) dict_keys(['example_xcom']) retrieved from /home/airflow/.local/lib/python3.10/site-packages/airflow/example_dags/example_xcom.py
[2024-04-14T15:17:37.821+0000] {logging_mixin.py:154} INFO - [2024-04-14T15:17:37.821+0000] {dag.py:2941} INFO - Sync 1 DAGs
[2024-04-14T15:17:37.833+0000] {logging_mixin.py:154} INFO - [2024-04-14T15:17:37.833+0000] {dag.py:3722} INFO - Setting next_dagrun for example_xcom to 2021-01-01T00:00:00+00:00, run_after=2021-01-01T00:00:00+00:00
[2024-04-14T15:17:37.841+0000] {processor.py:179} INFO - Processing /home/airflow/.local/lib/python3.10/site-packages/airflow/example_dags/example_xcom.py took 0.040 seconds
[2024-04-14T15:18:08.424+0000] {processor.py:157} INFO - Started process (PID=996) to work on /home/airflow/.local/lib/python3.10/site-packages/airflow/example_dags/example_xcom.py
[2024-04-14T15:18:08.425+0000] {processor.py:829} INFO - Processing file /home/airflow/.local/lib/python3.10/site-packages/airflow/example_dags/example_xcom.py for tasks to queue
[2024-04-14T15:18:08.426+0000] {logging_mixin.py:154} INFO - [2024-04-14T15:18:08.425+0000] {dagbag.py:536} INFO - Filling up the DagBag from /home/airflow/.local/lib/python3.10/site-packages/airflow/example_dags/example_xcom.py
[2024-04-14T15:18:08.430+0000] {processor.py:839} INFO - DAG(s) dict_keys(['example_xcom']) retrieved from /home/airflow/.local/lib/python3.10/site-packages/airflow/example_dags/example_xcom.py
[2024-04-14T15:18:08.442+0000] {logging_mixin.py:154} INFO - [2024-04-14T15:18:08.442+0000] {dag.py:2941} INFO - Sync 1 DAGs
[2024-04-14T15:18:08.454+0000] {logging_mixin.py:154} INFO - [2024-04-14T15:18:08.453+0000] {dag.py:3722} INFO - Setting next_dagrun for example_xcom to 2021-01-01T00:00:00+00:00, run_after=2021-01-01T00:00:00+00:00
[2024-04-14T15:18:08.462+0000] {processor.py:179} INFO - Processing /home/airflow/.local/lib/python3.10/site-packages/airflow/example_dags/example_xcom.py took 0.040 seconds
[2024-04-14T15:18:39.209+0000] {processor.py:157} INFO - Started process (PID=1050) to work on /home/airflow/.local/lib/python3.10/site-packages/airflow/example_dags/example_xcom.py
[2024-04-14T15:18:39.210+0000] {processor.py:829} INFO - Processing file /home/airflow/.local/lib/python3.10/site-packages/airflow/example_dags/example_xcom.py for tasks to queue
[2024-04-14T15:18:39.211+0000] {logging_mixin.py:154} INFO - [2024-04-14T15:18:39.211+0000] {dagbag.py:536} INFO - Filling up the DagBag from /home/airflow/.local/lib/python3.10/site-packages/airflow/example_dags/example_xcom.py
[2024-04-14T15:18:39.215+0000] {processor.py:839} INFO - DAG(s) dict_keys(['example_xcom']) retrieved from /home/airflow/.local/lib/python3.10/site-packages/airflow/example_dags/example_xcom.py
[2024-04-14T15:18:39.227+0000] {logging_mixin.py:154} INFO - [2024-04-14T15:18:39.227+0000] {dag.py:2941} INFO - Sync 1 DAGs
[2024-04-14T15:18:39.238+0000] {logging_mixin.py:154} INFO - [2024-04-14T15:18:39.238+0000] {dag.py:3722} INFO - Setting next_dagrun for example_xcom to 2021-01-01T00:00:00+00:00, run_after=2021-01-01T00:00:00+00:00
[2024-04-14T15:18:39.246+0000] {processor.py:179} INFO - Processing /home/airflow/.local/lib/python3.10/site-packages/airflow/example_dags/example_xcom.py took 0.039 seconds
[2024-04-14T15:19:09.872+0000] {processor.py:157} INFO - Started process (PID=1104) to work on /home/airflow/.local/lib/python3.10/site-packages/airflow/example_dags/example_xcom.py
[2024-04-14T15:19:09.872+0000] {processor.py:829} INFO - Processing file /home/airflow/.local/lib/python3.10/site-packages/airflow/example_dags/example_xcom.py for tasks to queue
[2024-04-14T15:19:09.873+0000] {logging_mixin.py:154} INFO - [2024-04-14T15:19:09.873+0000] {dagbag.py:536} INFO - Filling up the DagBag from /home/airflow/.local/lib/python3.10/site-packages/airflow/example_dags/example_xcom.py
[2024-04-14T15:19:09.878+0000] {processor.py:839} INFO - DAG(s) dict_keys(['example_xcom']) retrieved from /home/airflow/.local/lib/python3.10/site-packages/airflow/example_dags/example_xcom.py
[2024-04-14T15:19:09.890+0000] {logging_mixin.py:154} INFO - [2024-04-14T15:19:09.890+0000] {dag.py:2941} INFO - Sync 1 DAGs
[2024-04-14T15:19:09.903+0000] {logging_mixin.py:154} INFO - [2024-04-14T15:19:09.903+0000] {dag.py:3722} INFO - Setting next_dagrun for example_xcom to 2021-01-01T00:00:00+00:00, run_after=2021-01-01T00:00:00+00:00
[2024-04-14T15:19:09.911+0000] {processor.py:179} INFO - Processing /home/airflow/.local/lib/python3.10/site-packages/airflow/example_dags/example_xcom.py took 0.041 seconds
[2024-04-14T15:19:40.469+0000] {processor.py:157} INFO - Started process (PID=1158) to work on /home/airflow/.local/lib/python3.10/site-packages/airflow/example_dags/example_xcom.py
[2024-04-14T15:19:40.469+0000] {processor.py:829} INFO - Processing file /home/airflow/.local/lib/python3.10/site-packages/airflow/example_dags/example_xcom.py for tasks to queue
[2024-04-14T15:19:40.471+0000] {logging_mixin.py:154} INFO - [2024-04-14T15:19:40.470+0000] {dagbag.py:536} INFO - Filling up the DagBag from /home/airflow/.local/lib/python3.10/site-packages/airflow/example_dags/example_xcom.py
[2024-04-14T15:19:40.475+0000] {processor.py:839} INFO - DAG(s) dict_keys(['example_xcom']) retrieved from /home/airflow/.local/lib/python3.10/site-packages/airflow/example_dags/example_xcom.py
[2024-04-14T15:19:40.488+0000] {logging_mixin.py:154} INFO - [2024-04-14T15:19:40.488+0000] {dag.py:2941} INFO - Sync 1 DAGs
[2024-04-14T15:19:40.500+0000] {logging_mixin.py:154} INFO - [2024-04-14T15:19:40.500+0000] {dag.py:3722} INFO - Setting next_dagrun for example_xcom to 2021-01-01T00:00:00+00:00, run_after=2021-01-01T00:00:00+00:00
[2024-04-14T15:19:40.509+0000] {processor.py:179} INFO - Processing /home/airflow/.local/lib/python3.10/site-packages/airflow/example_dags/example_xcom.py took 0.042 seconds
[2024-04-14T15:20:11.242+0000] {processor.py:157} INFO - Started process (PID=1212) to work on /home/airflow/.local/lib/python3.10/site-packages/airflow/example_dags/example_xcom.py
[2024-04-14T15:20:11.243+0000] {processor.py:829} INFO - Processing file /home/airflow/.local/lib/python3.10/site-packages/airflow/example_dags/example_xcom.py for tasks to queue
[2024-04-14T15:20:11.244+0000] {logging_mixin.py:154} INFO - [2024-04-14T15:20:11.244+0000] {dagbag.py:536} INFO - Filling up the DagBag from /home/airflow/.local/lib/python3.10/site-packages/airflow/example_dags/example_xcom.py
[2024-04-14T15:20:11.248+0000] {processor.py:839} INFO - DAG(s) dict_keys(['example_xcom']) retrieved from /home/airflow/.local/lib/python3.10/site-packages/airflow/example_dags/example_xcom.py
[2024-04-14T15:20:11.261+0000] {logging_mixin.py:154} INFO - [2024-04-14T15:20:11.261+0000] {dag.py:2941} INFO - Sync 1 DAGs
[2024-04-14T15:20:11.272+0000] {logging_mixin.py:154} INFO - [2024-04-14T15:20:11.272+0000] {dag.py:3722} INFO - Setting next_dagrun for example_xcom to 2021-01-01T00:00:00+00:00, run_after=2021-01-01T00:00:00+00:00
[2024-04-14T15:20:11.281+0000] {processor.py:179} INFO - Processing /home/airflow/.local/lib/python3.10/site-packages/airflow/example_dags/example_xcom.py took 0.041 seconds
[2024-04-14T15:20:41.862+0000] {processor.py:157} INFO - Started process (PID=1266) to work on /home/airflow/.local/lib/python3.10/site-packages/airflow/example_dags/example_xcom.py
[2024-04-14T15:20:41.863+0000] {processor.py:829} INFO - Processing file /home/airflow/.local/lib/python3.10/site-packages/airflow/example_dags/example_xcom.py for tasks to queue
[2024-04-14T15:20:41.864+0000] {logging_mixin.py:154} INFO - [2024-04-14T15:20:41.864+0000] {dagbag.py:536} INFO - Filling up the DagBag from /home/airflow/.local/lib/python3.10/site-packages/airflow/example_dags/example_xcom.py
[2024-04-14T15:20:41.869+0000] {processor.py:839} INFO - DAG(s) dict_keys(['example_xcom']) retrieved from /home/airflow/.local/lib/python3.10/site-packages/airflow/example_dags/example_xcom.py
[2024-04-14T15:20:41.881+0000] {logging_mixin.py:154} INFO - [2024-04-14T15:20:41.881+0000] {dag.py:2941} INFO - Sync 1 DAGs
[2024-04-14T15:20:41.893+0000] {logging_mixin.py:154} INFO - [2024-04-14T15:20:41.893+0000] {dag.py:3722} INFO - Setting next_dagrun for example_xcom to 2021-01-01T00:00:00+00:00, run_after=2021-01-01T00:00:00+00:00
[2024-04-14T15:20:41.902+0000] {processor.py:179} INFO - Processing /home/airflow/.local/lib/python3.10/site-packages/airflow/example_dags/example_xcom.py took 0.042 seconds
[2024-04-14T15:21:12.526+0000] {processor.py:157} INFO - Started process (PID=1320) to work on /home/airflow/.local/lib/python3.10/site-packages/airflow/example_dags/example_xcom.py
[2024-04-14T15:21:12.527+0000] {processor.py:829} INFO - Processing file /home/airflow/.local/lib/python3.10/site-packages/airflow/example_dags/example_xcom.py for tasks to queue
[2024-04-14T15:21:12.528+0000] {logging_mixin.py:154} INFO - [2024-04-14T15:21:12.528+0000] {dagbag.py:536} INFO - Filling up the DagBag from /home/airflow/.local/lib/python3.10/site-packages/airflow/example_dags/example_xcom.py
[2024-04-14T15:21:12.532+0000] {processor.py:839} INFO - DAG(s) dict_keys(['example_xcom']) retrieved from /home/airflow/.local/lib/python3.10/site-packages/airflow/example_dags/example_xcom.py
[2024-04-14T15:21:12.545+0000] {logging_mixin.py:154} INFO - [2024-04-14T15:21:12.545+0000] {dag.py:2941} INFO - Sync 1 DAGs
[2024-04-14T15:21:12.556+0000] {logging_mixin.py:154} INFO - [2024-04-14T15:21:12.556+0000] {dag.py:3722} INFO - Setting next_dagrun for example_xcom to 2021-01-01T00:00:00+00:00, run_after=2021-01-01T00:00:00+00:00
[2024-04-14T15:21:12.565+0000] {processor.py:179} INFO - Processing /home/airflow/.local/lib/python3.10/site-packages/airflow/example_dags/example_xcom.py took 0.040 seconds
[2024-04-14T15:21:43.274+0000] {processor.py:157} INFO - Started process (PID=1374) to work on /home/airflow/.local/lib/python3.10/site-packages/airflow/example_dags/example_xcom.py
[2024-04-14T15:21:43.274+0000] {processor.py:829} INFO - Processing file /home/airflow/.local/lib/python3.10/site-packages/airflow/example_dags/example_xcom.py for tasks to queue
[2024-04-14T15:21:43.275+0000] {logging_mixin.py:154} INFO - [2024-04-14T15:21:43.275+0000] {dagbag.py:536} INFO - Filling up the DagBag from /home/airflow/.local/lib/python3.10/site-packages/airflow/example_dags/example_xcom.py
[2024-04-14T15:21:43.280+0000] {processor.py:839} INFO - DAG(s) dict_keys(['example_xcom']) retrieved from /home/airflow/.local/lib/python3.10/site-packages/airflow/example_dags/example_xcom.py
[2024-04-14T15:21:43.292+0000] {logging_mixin.py:154} INFO - [2024-04-14T15:21:43.292+0000] {dag.py:2941} INFO - Sync 1 DAGs
[2024-04-14T15:21:43.305+0000] {logging_mixin.py:154} INFO - [2024-04-14T15:21:43.305+0000] {dag.py:3722} INFO - Setting next_dagrun for example_xcom to 2021-01-01T00:00:00+00:00, run_after=2021-01-01T00:00:00+00:00
[2024-04-14T15:21:43.313+0000] {processor.py:179} INFO - Processing /home/airflow/.local/lib/python3.10/site-packages/airflow/example_dags/example_xcom.py took 0.041 seconds
[2024-04-14T15:22:13.889+0000] {processor.py:157} INFO - Started process (PID=1428) to work on /home/airflow/.local/lib/python3.10/site-packages/airflow/example_dags/example_xcom.py
[2024-04-14T15:22:13.889+0000] {processor.py:829} INFO - Processing file /home/airflow/.local/lib/python3.10/site-packages/airflow/example_dags/example_xcom.py for tasks to queue
[2024-04-14T15:22:13.890+0000] {logging_mixin.py:154} INFO - [2024-04-14T15:22:13.890+0000] {dagbag.py:536} INFO - Filling up the DagBag from /home/airflow/.local/lib/python3.10/site-packages/airflow/example_dags/example_xcom.py
[2024-04-14T15:22:13.894+0000] {processor.py:839} INFO - DAG(s) dict_keys(['example_xcom']) retrieved from /home/airflow/.local/lib/python3.10/site-packages/airflow/example_dags/example_xcom.py
[2024-04-14T15:22:13.906+0000] {logging_mixin.py:154} INFO - [2024-04-14T15:22:13.906+0000] {dag.py:2941} INFO - Sync 1 DAGs
[2024-04-14T15:22:13.918+0000] {logging_mixin.py:154} INFO - [2024-04-14T15:22:13.918+0000] {dag.py:3722} INFO - Setting next_dagrun for example_xcom to 2021-01-01T00:00:00+00:00, run_after=2021-01-01T00:00:00+00:00
[2024-04-14T15:22:13.926+0000] {processor.py:179} INFO - Processing /home/airflow/.local/lib/python3.10/site-packages/airflow/example_dags/example_xcom.py took 0.039 seconds
[2024-04-14T15:22:44.693+0000] {processor.py:157} INFO - Started process (PID=1482) to work on /home/airflow/.local/lib/python3.10/site-packages/airflow/example_dags/example_xcom.py
[2024-04-14T15:22:44.693+0000] {processor.py:829} INFO - Processing file /home/airflow/.local/lib/python3.10/site-packages/airflow/example_dags/example_xcom.py for tasks to queue
[2024-04-14T15:22:44.694+0000] {logging_mixin.py:154} INFO - [2024-04-14T15:22:44.694+0000] {dagbag.py:536} INFO - Filling up the DagBag from /home/airflow/.local/lib/python3.10/site-packages/airflow/example_dags/example_xcom.py
[2024-04-14T15:22:44.699+0000] {processor.py:839} INFO - DAG(s) dict_keys(['example_xcom']) retrieved from /home/airflow/.local/lib/python3.10/site-packages/airflow/example_dags/example_xcom.py
[2024-04-14T15:22:44.712+0000] {logging_mixin.py:154} INFO - [2024-04-14T15:22:44.711+0000] {dag.py:2941} INFO - Sync 1 DAGs
[2024-04-14T15:22:44.724+0000] {logging_mixin.py:154} INFO - [2024-04-14T15:22:44.724+0000] {dag.py:3722} INFO - Setting next_dagrun for example_xcom to 2021-01-01T00:00:00+00:00, run_after=2021-01-01T00:00:00+00:00
[2024-04-14T15:22:44.733+0000] {processor.py:179} INFO - Processing /home/airflow/.local/lib/python3.10/site-packages/airflow/example_dags/example_xcom.py took 0.042 seconds
[2024-04-14T15:23:15.432+0000] {processor.py:157} INFO - Started process (PID=1536) to work on /home/airflow/.local/lib/python3.10/site-packages/airflow/example_dags/example_xcom.py
[2024-04-14T15:23:15.433+0000] {processor.py:829} INFO - Processing file /home/airflow/.local/lib/python3.10/site-packages/airflow/example_dags/example_xcom.py for tasks to queue
[2024-04-14T15:23:15.434+0000] {logging_mixin.py:154} INFO - [2024-04-14T15:23:15.434+0000] {dagbag.py:536} INFO - Filling up the DagBag from /home/airflow/.local/lib/python3.10/site-packages/airflow/example_dags/example_xcom.py
[2024-04-14T15:23:15.439+0000] {processor.py:839} INFO - DAG(s) dict_keys(['example_xcom']) retrieved from /home/airflow/.local/lib/python3.10/site-packages/airflow/example_dags/example_xcom.py
[2024-04-14T15:23:15.454+0000] {logging_mixin.py:154} INFO - [2024-04-14T15:23:15.454+0000] {dag.py:2941} INFO - Sync 1 DAGs
[2024-04-14T15:23:15.466+0000] {logging_mixin.py:154} INFO - [2024-04-14T15:23:15.466+0000] {dag.py:3722} INFO - Setting next_dagrun for example_xcom to 2021-01-01T00:00:00+00:00, run_after=2021-01-01T00:00:00+00:00
[2024-04-14T15:23:15.477+0000] {processor.py:179} INFO - Processing /home/airflow/.local/lib/python3.10/site-packages/airflow/example_dags/example_xcom.py took 0.047 seconds
[2024-04-14T15:23:46.230+0000] {processor.py:157} INFO - Started process (PID=1590) to work on /home/airflow/.local/lib/python3.10/site-packages/airflow/example_dags/example_xcom.py
[2024-04-14T15:23:46.230+0000] {processor.py:829} INFO - Processing file /home/airflow/.local/lib/python3.10/site-packages/airflow/example_dags/example_xcom.py for tasks to queue
[2024-04-14T15:23:46.232+0000] {logging_mixin.py:154} INFO - [2024-04-14T15:23:46.231+0000] {dagbag.py:536} INFO - Filling up the DagBag from /home/airflow/.local/lib/python3.10/site-packages/airflow/example_dags/example_xcom.py
[2024-04-14T15:23:46.236+0000] {processor.py:839} INFO - DAG(s) dict_keys(['example_xcom']) retrieved from /home/airflow/.local/lib/python3.10/site-packages/airflow/example_dags/example_xcom.py
[2024-04-14T15:23:46.252+0000] {logging_mixin.py:154} INFO - [2024-04-14T15:23:46.252+0000] {dag.py:2941} INFO - Sync 1 DAGs
[2024-04-14T15:23:46.267+0000] {logging_mixin.py:154} INFO - [2024-04-14T15:23:46.266+0000] {dag.py:3722} INFO - Setting next_dagrun for example_xcom to 2021-01-01T00:00:00+00:00, run_after=2021-01-01T00:00:00+00:00
[2024-04-14T15:23:46.276+0000] {processor.py:179} INFO - Processing /home/airflow/.local/lib/python3.10/site-packages/airflow/example_dags/example_xcom.py took 0.049 seconds
[2024-04-14T15:24:17.067+0000] {processor.py:157} INFO - Started process (PID=1644) to work on /home/airflow/.local/lib/python3.10/site-packages/airflow/example_dags/example_xcom.py
[2024-04-14T15:24:17.067+0000] {processor.py:829} INFO - Processing file /home/airflow/.local/lib/python3.10/site-packages/airflow/example_dags/example_xcom.py for tasks to queue
[2024-04-14T15:24:17.069+0000] {logging_mixin.py:154} INFO - [2024-04-14T15:24:17.069+0000] {dagbag.py:536} INFO - Filling up the DagBag from /home/airflow/.local/lib/python3.10/site-packages/airflow/example_dags/example_xcom.py
[2024-04-14T15:24:17.074+0000] {processor.py:839} INFO - DAG(s) dict_keys(['example_xcom']) retrieved from /home/airflow/.local/lib/python3.10/site-packages/airflow/example_dags/example_xcom.py
[2024-04-14T15:24:17.086+0000] {logging_mixin.py:154} INFO - [2024-04-14T15:24:17.086+0000] {dag.py:2941} INFO - Sync 1 DAGs
[2024-04-14T15:24:17.099+0000] {logging_mixin.py:154} INFO - [2024-04-14T15:24:17.098+0000] {dag.py:3722} INFO - Setting next_dagrun for example_xcom to 2021-01-01T00:00:00+00:00, run_after=2021-01-01T00:00:00+00:00
[2024-04-14T15:24:17.109+0000] {processor.py:179} INFO - Processing /home/airflow/.local/lib/python3.10/site-packages/airflow/example_dags/example_xcom.py took 0.044 seconds
[2024-04-14T15:24:47.735+0000] {processor.py:157} INFO - Started process (PID=1698) to work on /home/airflow/.local/lib/python3.10/site-packages/airflow/example_dags/example_xcom.py
[2024-04-14T15:24:47.735+0000] {processor.py:829} INFO - Processing file /home/airflow/.local/lib/python3.10/site-packages/airflow/example_dags/example_xcom.py for tasks to queue
[2024-04-14T15:24:47.736+0000] {logging_mixin.py:154} INFO - [2024-04-14T15:24:47.736+0000] {dagbag.py:536} INFO - Filling up the DagBag from /home/airflow/.local/lib/python3.10/site-packages/airflow/example_dags/example_xcom.py
[2024-04-14T15:24:47.741+0000] {processor.py:839} INFO - DAG(s) dict_keys(['example_xcom']) retrieved from /home/airflow/.local/lib/python3.10/site-packages/airflow/example_dags/example_xcom.py
[2024-04-14T15:24:47.754+0000] {logging_mixin.py:154} INFO - [2024-04-14T15:24:47.754+0000] {dag.py:2941} INFO - Sync 1 DAGs
[2024-04-14T15:24:47.766+0000] {logging_mixin.py:154} INFO - [2024-04-14T15:24:47.766+0000] {dag.py:3722} INFO - Setting next_dagrun for example_xcom to 2021-01-01T00:00:00+00:00, run_after=2021-01-01T00:00:00+00:00
[2024-04-14T15:24:47.775+0000] {processor.py:179} INFO - Processing /home/airflow/.local/lib/python3.10/site-packages/airflow/example_dags/example_xcom.py took 0.042 seconds
[2024-04-14T15:25:18.449+0000] {processor.py:157} INFO - Started process (PID=1752) to work on /home/airflow/.local/lib/python3.10/site-packages/airflow/example_dags/example_xcom.py
[2024-04-14T15:25:18.450+0000] {processor.py:829} INFO - Processing file /home/airflow/.local/lib/python3.10/site-packages/airflow/example_dags/example_xcom.py for tasks to queue
[2024-04-14T15:25:18.451+0000] {logging_mixin.py:154} INFO - [2024-04-14T15:25:18.451+0000] {dagbag.py:536} INFO - Filling up the DagBag from /home/airflow/.local/lib/python3.10/site-packages/airflow/example_dags/example_xcom.py
[2024-04-14T15:25:18.456+0000] {processor.py:839} INFO - DAG(s) dict_keys(['example_xcom']) retrieved from /home/airflow/.local/lib/python3.10/site-packages/airflow/example_dags/example_xcom.py
[2024-04-14T15:25:18.469+0000] {logging_mixin.py:154} INFO - [2024-04-14T15:25:18.468+0000] {dag.py:2941} INFO - Sync 1 DAGs
[2024-04-14T15:25:18.481+0000] {logging_mixin.py:154} INFO - [2024-04-14T15:25:18.481+0000] {dag.py:3722} INFO - Setting next_dagrun for example_xcom to 2021-01-01T00:00:00+00:00, run_after=2021-01-01T00:00:00+00:00
[2024-04-14T15:25:18.492+0000] {processor.py:179} INFO - Processing /home/airflow/.local/lib/python3.10/site-packages/airflow/example_dags/example_xcom.py took 0.045 seconds
[2024-04-14T15:25:49.190+0000] {processor.py:157} INFO - Started process (PID=1806) to work on /home/airflow/.local/lib/python3.10/site-packages/airflow/example_dags/example_xcom.py
[2024-04-14T15:25:49.190+0000] {processor.py:829} INFO - Processing file /home/airflow/.local/lib/python3.10/site-packages/airflow/example_dags/example_xcom.py for tasks to queue
[2024-04-14T15:25:49.192+0000] {logging_mixin.py:154} INFO - [2024-04-14T15:25:49.191+0000] {dagbag.py:536} INFO - Filling up the DagBag from /home/airflow/.local/lib/python3.10/site-packages/airflow/example_dags/example_xcom.py
[2024-04-14T15:25:49.196+0000] {processor.py:839} INFO - DAG(s) dict_keys(['example_xcom']) retrieved from /home/airflow/.local/lib/python3.10/site-packages/airflow/example_dags/example_xcom.py
[2024-04-14T15:25:49.209+0000] {logging_mixin.py:154} INFO - [2024-04-14T15:25:49.209+0000] {dag.py:2941} INFO - Sync 1 DAGs
[2024-04-14T15:25:49.222+0000] {logging_mixin.py:154} INFO - [2024-04-14T15:25:49.222+0000] {dag.py:3722} INFO - Setting next_dagrun for example_xcom to 2021-01-01T00:00:00+00:00, run_after=2021-01-01T00:00:00+00:00
[2024-04-14T15:25:49.232+0000] {processor.py:179} INFO - Processing /home/airflow/.local/lib/python3.10/site-packages/airflow/example_dags/example_xcom.py took 0.045 seconds
[2024-04-14T15:26:19.908+0000] {processor.py:157} INFO - Started process (PID=1867) to work on /home/airflow/.local/lib/python3.10/site-packages/airflow/example_dags/example_xcom.py
[2024-04-14T15:26:19.908+0000] {processor.py:829} INFO - Processing file /home/airflow/.local/lib/python3.10/site-packages/airflow/example_dags/example_xcom.py for tasks to queue
[2024-04-14T15:26:19.909+0000] {logging_mixin.py:154} INFO - [2024-04-14T15:26:19.909+0000] {dagbag.py:536} INFO - Filling up the DagBag from /home/airflow/.local/lib/python3.10/site-packages/airflow/example_dags/example_xcom.py
[2024-04-14T15:26:19.914+0000] {processor.py:839} INFO - DAG(s) dict_keys(['example_xcom']) retrieved from /home/airflow/.local/lib/python3.10/site-packages/airflow/example_dags/example_xcom.py
[2024-04-14T15:26:19.928+0000] {logging_mixin.py:154} INFO - [2024-04-14T15:26:19.928+0000] {dag.py:2941} INFO - Sync 1 DAGs
[2024-04-14T15:26:19.940+0000] {logging_mixin.py:154} INFO - [2024-04-14T15:26:19.940+0000] {dag.py:3722} INFO - Setting next_dagrun for example_xcom to 2021-01-01T00:00:00+00:00, run_after=2021-01-01T00:00:00+00:00
[2024-04-14T15:26:19.949+0000] {processor.py:179} INFO - Processing /home/airflow/.local/lib/python3.10/site-packages/airflow/example_dags/example_xcom.py took 0.044 seconds
[2024-04-14T15:26:50.664+0000] {processor.py:157} INFO - Started process (PID=1921) to work on /home/airflow/.local/lib/python3.10/site-packages/airflow/example_dags/example_xcom.py
[2024-04-14T15:26:50.665+0000] {processor.py:829} INFO - Processing file /home/airflow/.local/lib/python3.10/site-packages/airflow/example_dags/example_xcom.py for tasks to queue
[2024-04-14T15:26:50.666+0000] {logging_mixin.py:154} INFO - [2024-04-14T15:26:50.666+0000] {dagbag.py:536} INFO - Filling up the DagBag from /home/airflow/.local/lib/python3.10/site-packages/airflow/example_dags/example_xcom.py
[2024-04-14T15:26:50.671+0000] {processor.py:839} INFO - DAG(s) dict_keys(['example_xcom']) retrieved from /home/airflow/.local/lib/python3.10/site-packages/airflow/example_dags/example_xcom.py
[2024-04-14T15:26:50.684+0000] {logging_mixin.py:154} INFO - [2024-04-14T15:26:50.684+0000] {dag.py:2941} INFO - Sync 1 DAGs
[2024-04-14T15:26:50.697+0000] {logging_mixin.py:154} INFO - [2024-04-14T15:26:50.696+0000] {dag.py:3722} INFO - Setting next_dagrun for example_xcom to 2021-01-01T00:00:00+00:00, run_after=2021-01-01T00:00:00+00:00
[2024-04-14T15:26:50.706+0000] {processor.py:179} INFO - Processing /home/airflow/.local/lib/python3.10/site-packages/airflow/example_dags/example_xcom.py took 0.044 seconds
[2024-04-14T15:27:21.399+0000] {processor.py:157} INFO - Started process (PID=1975) to work on /home/airflow/.local/lib/python3.10/site-packages/airflow/example_dags/example_xcom.py
[2024-04-14T15:27:21.399+0000] {processor.py:829} INFO - Processing file /home/airflow/.local/lib/python3.10/site-packages/airflow/example_dags/example_xcom.py for tasks to queue
[2024-04-14T15:27:21.400+0000] {logging_mixin.py:154} INFO - [2024-04-14T15:27:21.400+0000] {dagbag.py:536} INFO - Filling up the DagBag from /home/airflow/.local/lib/python3.10/site-packages/airflow/example_dags/example_xcom.py
[2024-04-14T15:27:21.405+0000] {processor.py:839} INFO - DAG(s) dict_keys(['example_xcom']) retrieved from /home/airflow/.local/lib/python3.10/site-packages/airflow/example_dags/example_xcom.py
[2024-04-14T15:27:21.418+0000] {logging_mixin.py:154} INFO - [2024-04-14T15:27:21.418+0000] {dag.py:2941} INFO - Sync 1 DAGs
[2024-04-14T15:27:21.431+0000] {logging_mixin.py:154} INFO - [2024-04-14T15:27:21.431+0000] {dag.py:3722} INFO - Setting next_dagrun for example_xcom to 2021-01-01T00:00:00+00:00, run_after=2021-01-01T00:00:00+00:00
[2024-04-14T15:27:21.441+0000] {processor.py:179} INFO - Processing /home/airflow/.local/lib/python3.10/site-packages/airflow/example_dags/example_xcom.py took 0.045 seconds
[2024-04-14T15:27:52.162+0000] {processor.py:157} INFO - Started process (PID=2029) to work on /home/airflow/.local/lib/python3.10/site-packages/airflow/example_dags/example_xcom.py
[2024-04-14T15:27:52.162+0000] {processor.py:829} INFO - Processing file /home/airflow/.local/lib/python3.10/site-packages/airflow/example_dags/example_xcom.py for tasks to queue
[2024-04-14T15:27:52.163+0000] {logging_mixin.py:154} INFO - [2024-04-14T15:27:52.163+0000] {dagbag.py:536} INFO - Filling up the DagBag from /home/airflow/.local/lib/python3.10/site-packages/airflow/example_dags/example_xcom.py
[2024-04-14T15:27:52.168+0000] {processor.py:839} INFO - DAG(s) dict_keys(['example_xcom']) retrieved from /home/airflow/.local/lib/python3.10/site-packages/airflow/example_dags/example_xcom.py
[2024-04-14T15:27:52.181+0000] {logging_mixin.py:154} INFO - [2024-04-14T15:27:52.181+0000] {dag.py:2941} INFO - Sync 1 DAGs
[2024-04-14T15:27:52.193+0000] {logging_mixin.py:154} INFO - [2024-04-14T15:27:52.193+0000] {dag.py:3722} INFO - Setting next_dagrun for example_xcom to 2021-01-01T00:00:00+00:00, run_after=2021-01-01T00:00:00+00:00
[2024-04-14T15:27:52.203+0000] {processor.py:179} INFO - Processing /home/airflow/.local/lib/python3.10/site-packages/airflow/example_dags/example_xcom.py took 0.044 seconds
[2024-04-14T15:28:22.874+0000] {processor.py:157} INFO - Started process (PID=2083) to work on /home/airflow/.local/lib/python3.10/site-packages/airflow/example_dags/example_xcom.py
[2024-04-14T15:28:22.875+0000] {processor.py:829} INFO - Processing file /home/airflow/.local/lib/python3.10/site-packages/airflow/example_dags/example_xcom.py for tasks to queue
[2024-04-14T15:28:22.876+0000] {logging_mixin.py:154} INFO - [2024-04-14T15:28:22.876+0000] {dagbag.py:536} INFO - Filling up the DagBag from /home/airflow/.local/lib/python3.10/site-packages/airflow/example_dags/example_xcom.py
[2024-04-14T15:28:22.880+0000] {processor.py:839} INFO - DAG(s) dict_keys(['example_xcom']) retrieved from /home/airflow/.local/lib/python3.10/site-packages/airflow/example_dags/example_xcom.py
[2024-04-14T15:28:22.893+0000] {logging_mixin.py:154} INFO - [2024-04-14T15:28:22.893+0000] {dag.py:2941} INFO - Sync 1 DAGs
[2024-04-14T15:28:22.905+0000] {logging_mixin.py:154} INFO - [2024-04-14T15:28:22.905+0000] {dag.py:3722} INFO - Setting next_dagrun for example_xcom to 2021-01-01T00:00:00+00:00, run_after=2021-01-01T00:00:00+00:00
[2024-04-14T15:28:22.914+0000] {processor.py:179} INFO - Processing /home/airflow/.local/lib/python3.10/site-packages/airflow/example_dags/example_xcom.py took 0.042 seconds
[2024-04-14T15:28:53.530+0000] {processor.py:157} INFO - Started process (PID=2137) to work on /home/airflow/.local/lib/python3.10/site-packages/airflow/example_dags/example_xcom.py
[2024-04-14T15:28:53.531+0000] {processor.py:829} INFO - Processing file /home/airflow/.local/lib/python3.10/site-packages/airflow/example_dags/example_xcom.py for tasks to queue
[2024-04-14T15:28:53.532+0000] {logging_mixin.py:154} INFO - [2024-04-14T15:28:53.532+0000] {dagbag.py:536} INFO - Filling up the DagBag from /home/airflow/.local/lib/python3.10/site-packages/airflow/example_dags/example_xcom.py
[2024-04-14T15:28:53.537+0000] {processor.py:839} INFO - DAG(s) dict_keys(['example_xcom']) retrieved from /home/airflow/.local/lib/python3.10/site-packages/airflow/example_dags/example_xcom.py
[2024-04-14T15:28:53.549+0000] {logging_mixin.py:154} INFO - [2024-04-14T15:28:53.549+0000] {dag.py:2941} INFO - Sync 1 DAGs
[2024-04-14T15:28:53.562+0000] {logging_mixin.py:154} INFO - [2024-04-14T15:28:53.562+0000] {dag.py:3722} INFO - Setting next_dagrun for example_xcom to 2021-01-01T00:00:00+00:00, run_after=2021-01-01T00:00:00+00:00
[2024-04-14T15:28:53.571+0000] {processor.py:179} INFO - Processing /home/airflow/.local/lib/python3.10/site-packages/airflow/example_dags/example_xcom.py took 0.043 seconds
[2024-04-14T15:29:24.426+0000] {processor.py:157} INFO - Started process (PID=2191) to work on /home/airflow/.local/lib/python3.10/site-packages/airflow/example_dags/example_xcom.py
[2024-04-14T15:29:24.427+0000] {processor.py:829} INFO - Processing file /home/airflow/.local/lib/python3.10/site-packages/airflow/example_dags/example_xcom.py for tasks to queue
[2024-04-14T15:29:24.428+0000] {logging_mixin.py:154} INFO - [2024-04-14T15:29:24.428+0000] {dagbag.py:536} INFO - Filling up the DagBag from /home/airflow/.local/lib/python3.10/site-packages/airflow/example_dags/example_xcom.py
[2024-04-14T15:29:24.433+0000] {processor.py:839} INFO - DAG(s) dict_keys(['example_xcom']) retrieved from /home/airflow/.local/lib/python3.10/site-packages/airflow/example_dags/example_xcom.py
[2024-04-14T15:29:24.446+0000] {logging_mixin.py:154} INFO - [2024-04-14T15:29:24.446+0000] {dag.py:2941} INFO - Sync 1 DAGs
[2024-04-14T15:29:24.459+0000] {logging_mixin.py:154} INFO - [2024-04-14T15:29:24.459+0000] {dag.py:3722} INFO - Setting next_dagrun for example_xcom to 2021-01-01T00:00:00+00:00, run_after=2021-01-01T00:00:00+00:00
[2024-04-14T15:29:24.469+0000] {processor.py:179} INFO - Processing /home/airflow/.local/lib/python3.10/site-packages/airflow/example_dags/example_xcom.py took 0.045 seconds
[2024-04-14T15:29:55.145+0000] {processor.py:157} INFO - Started process (PID=2245) to work on /home/airflow/.local/lib/python3.10/site-packages/airflow/example_dags/example_xcom.py
[2024-04-14T15:29:55.146+0000] {processor.py:829} INFO - Processing file /home/airflow/.local/lib/python3.10/site-packages/airflow/example_dags/example_xcom.py for tasks to queue
[2024-04-14T15:29:55.147+0000] {logging_mixin.py:154} INFO - [2024-04-14T15:29:55.147+0000] {dagbag.py:536} INFO - Filling up the DagBag from /home/airflow/.local/lib/python3.10/site-packages/airflow/example_dags/example_xcom.py
[2024-04-14T15:29:55.153+0000] {processor.py:839} INFO - DAG(s) dict_keys(['example_xcom']) retrieved from /home/airflow/.local/lib/python3.10/site-packages/airflow/example_dags/example_xcom.py
[2024-04-14T15:29:55.165+0000] {logging_mixin.py:154} INFO - [2024-04-14T15:29:55.165+0000] {dag.py:2941} INFO - Sync 1 DAGs
[2024-04-14T15:29:55.177+0000] {logging_mixin.py:154} INFO - [2024-04-14T15:29:55.177+0000] {dag.py:3722} INFO - Setting next_dagrun for example_xcom to 2021-01-01T00:00:00+00:00, run_after=2021-01-01T00:00:00+00:00
[2024-04-14T15:29:55.185+0000] {processor.py:179} INFO - Processing /home/airflow/.local/lib/python3.10/site-packages/airflow/example_dags/example_xcom.py took 0.042 seconds
[2024-04-14T15:30:25.933+0000] {processor.py:157} INFO - Started process (PID=2299) to work on /home/airflow/.local/lib/python3.10/site-packages/airflow/example_dags/example_xcom.py
[2024-04-14T15:30:25.933+0000] {processor.py:829} INFO - Processing file /home/airflow/.local/lib/python3.10/site-packages/airflow/example_dags/example_xcom.py for tasks to queue
[2024-04-14T15:30:25.934+0000] {logging_mixin.py:154} INFO - [2024-04-14T15:30:25.934+0000] {dagbag.py:536} INFO - Filling up the DagBag from /home/airflow/.local/lib/python3.10/site-packages/airflow/example_dags/example_xcom.py
[2024-04-14T15:30:25.939+0000] {processor.py:839} INFO - DAG(s) dict_keys(['example_xcom']) retrieved from /home/airflow/.local/lib/python3.10/site-packages/airflow/example_dags/example_xcom.py
[2024-04-14T15:30:25.955+0000] {logging_mixin.py:154} INFO - [2024-04-14T15:30:25.955+0000] {dag.py:2941} INFO - Sync 1 DAGs
[2024-04-14T15:30:25.971+0000] {logging_mixin.py:154} INFO - [2024-04-14T15:30:25.971+0000] {dag.py:3722} INFO - Setting next_dagrun for example_xcom to 2021-01-01T00:00:00+00:00, run_after=2021-01-01T00:00:00+00:00
[2024-04-14T15:30:25.982+0000] {processor.py:179} INFO - Processing /home/airflow/.local/lib/python3.10/site-packages/airflow/example_dags/example_xcom.py took 0.052 seconds
[2024-04-14T15:30:56.603+0000] {processor.py:157} INFO - Started process (PID=2353) to work on /home/airflow/.local/lib/python3.10/site-packages/airflow/example_dags/example_xcom.py
[2024-04-14T15:30:56.603+0000] {processor.py:829} INFO - Processing file /home/airflow/.local/lib/python3.10/site-packages/airflow/example_dags/example_xcom.py for tasks to queue
[2024-04-14T15:30:56.604+0000] {logging_mixin.py:154} INFO - [2024-04-14T15:30:56.604+0000] {dagbag.py:536} INFO - Filling up the DagBag from /home/airflow/.local/lib/python3.10/site-packages/airflow/example_dags/example_xcom.py
[2024-04-14T15:30:56.609+0000] {processor.py:839} INFO - DAG(s) dict_keys(['example_xcom']) retrieved from /home/airflow/.local/lib/python3.10/site-packages/airflow/example_dags/example_xcom.py
[2024-04-14T15:30:56.621+0000] {logging_mixin.py:154} INFO - [2024-04-14T15:30:56.621+0000] {dag.py:2941} INFO - Sync 1 DAGs
[2024-04-14T15:30:56.638+0000] {logging_mixin.py:154} INFO - [2024-04-14T15:30:56.637+0000] {dag.py:3722} INFO - Setting next_dagrun for example_xcom to 2021-01-01T00:00:00+00:00, run_after=2021-01-01T00:00:00+00:00
[2024-04-14T15:30:56.651+0000] {processor.py:179} INFO - Processing /home/airflow/.local/lib/python3.10/site-packages/airflow/example_dags/example_xcom.py took 0.050 seconds
[2024-04-14T15:31:27.329+0000] {processor.py:157} INFO - Started process (PID=2407) to work on /home/airflow/.local/lib/python3.10/site-packages/airflow/example_dags/example_xcom.py
[2024-04-14T15:31:27.330+0000] {processor.py:829} INFO - Processing file /home/airflow/.local/lib/python3.10/site-packages/airflow/example_dags/example_xcom.py for tasks to queue
[2024-04-14T15:31:27.331+0000] {logging_mixin.py:154} INFO - [2024-04-14T15:31:27.331+0000] {dagbag.py:536} INFO - Filling up the DagBag from /home/airflow/.local/lib/python3.10/site-packages/airflow/example_dags/example_xcom.py
[2024-04-14T15:31:27.335+0000] {processor.py:839} INFO - DAG(s) dict_keys(['example_xcom']) retrieved from /home/airflow/.local/lib/python3.10/site-packages/airflow/example_dags/example_xcom.py
[2024-04-14T15:31:27.348+0000] {logging_mixin.py:154} INFO - [2024-04-14T15:31:27.348+0000] {dag.py:2941} INFO - Sync 1 DAGs
[2024-04-14T15:31:27.360+0000] {logging_mixin.py:154} INFO - [2024-04-14T15:31:27.360+0000] {dag.py:3722} INFO - Setting next_dagrun for example_xcom to 2021-01-01T00:00:00+00:00, run_after=2021-01-01T00:00:00+00:00
[2024-04-14T15:31:27.368+0000] {processor.py:179} INFO - Processing /home/airflow/.local/lib/python3.10/site-packages/airflow/example_dags/example_xcom.py took 0.041 seconds
[2024-04-14T15:31:57.994+0000] {processor.py:157} INFO - Started process (PID=2461) to work on /home/airflow/.local/lib/python3.10/site-packages/airflow/example_dags/example_xcom.py
[2024-04-14T15:31:57.995+0000] {processor.py:829} INFO - Processing file /home/airflow/.local/lib/python3.10/site-packages/airflow/example_dags/example_xcom.py for tasks to queue
[2024-04-14T15:31:57.996+0000] {logging_mixin.py:154} INFO - [2024-04-14T15:31:57.996+0000] {dagbag.py:536} INFO - Filling up the DagBag from /home/airflow/.local/lib/python3.10/site-packages/airflow/example_dags/example_xcom.py
[2024-04-14T15:31:58.000+0000] {processor.py:839} INFO - DAG(s) dict_keys(['example_xcom']) retrieved from /home/airflow/.local/lib/python3.10/site-packages/airflow/example_dags/example_xcom.py
[2024-04-14T15:31:58.013+0000] {logging_mixin.py:154} INFO - [2024-04-14T15:31:58.013+0000] {dag.py:2941} INFO - Sync 1 DAGs
[2024-04-14T15:31:58.024+0000] {logging_mixin.py:154} INFO - [2024-04-14T15:31:58.024+0000] {dag.py:3722} INFO - Setting next_dagrun for example_xcom to 2021-01-01T00:00:00+00:00, run_after=2021-01-01T00:00:00+00:00
[2024-04-14T15:31:58.032+0000] {processor.py:179} INFO - Processing /home/airflow/.local/lib/python3.10/site-packages/airflow/example_dags/example_xcom.py took 0.040 seconds
[2024-04-14T15:32:28.739+0000] {processor.py:157} INFO - Started process (PID=2515) to work on /home/airflow/.local/lib/python3.10/site-packages/airflow/example_dags/example_xcom.py
[2024-04-14T15:32:28.739+0000] {processor.py:829} INFO - Processing file /home/airflow/.local/lib/python3.10/site-packages/airflow/example_dags/example_xcom.py for tasks to queue
[2024-04-14T15:32:28.741+0000] {logging_mixin.py:154} INFO - [2024-04-14T15:32:28.741+0000] {dagbag.py:536} INFO - Filling up the DagBag from /home/airflow/.local/lib/python3.10/site-packages/airflow/example_dags/example_xcom.py
[2024-04-14T15:32:28.746+0000] {processor.py:839} INFO - DAG(s) dict_keys(['example_xcom']) retrieved from /home/airflow/.local/lib/python3.10/site-packages/airflow/example_dags/example_xcom.py
[2024-04-14T15:32:28.759+0000] {logging_mixin.py:154} INFO - [2024-04-14T15:32:28.759+0000] {dag.py:2941} INFO - Sync 1 DAGs
[2024-04-14T15:32:28.772+0000] {logging_mixin.py:154} INFO - [2024-04-14T15:32:28.772+0000] {dag.py:3722} INFO - Setting next_dagrun for example_xcom to 2021-01-01T00:00:00+00:00, run_after=2021-01-01T00:00:00+00:00
[2024-04-14T15:32:28.782+0000] {processor.py:179} INFO - Processing /home/airflow/.local/lib/python3.10/site-packages/airflow/example_dags/example_xcom.py took 0.045 seconds
[2024-04-14T15:32:59.406+0000] {processor.py:157} INFO - Started process (PID=2569) to work on /home/airflow/.local/lib/python3.10/site-packages/airflow/example_dags/example_xcom.py
[2024-04-14T15:32:59.406+0000] {processor.py:829} INFO - Processing file /home/airflow/.local/lib/python3.10/site-packages/airflow/example_dags/example_xcom.py for tasks to queue
[2024-04-14T15:32:59.407+0000] {logging_mixin.py:154} INFO - [2024-04-14T15:32:59.407+0000] {dagbag.py:536} INFO - Filling up the DagBag from /home/airflow/.local/lib/python3.10/site-packages/airflow/example_dags/example_xcom.py
[2024-04-14T15:32:59.412+0000] {processor.py:839} INFO - DAG(s) dict_keys(['example_xcom']) retrieved from /home/airflow/.local/lib/python3.10/site-packages/airflow/example_dags/example_xcom.py
[2024-04-14T15:32:59.424+0000] {logging_mixin.py:154} INFO - [2024-04-14T15:32:59.424+0000] {dag.py:2941} INFO - Sync 1 DAGs
[2024-04-14T15:32:59.437+0000] {logging_mixin.py:154} INFO - [2024-04-14T15:32:59.437+0000] {dag.py:3722} INFO - Setting next_dagrun for example_xcom to 2021-01-01T00:00:00+00:00, run_after=2021-01-01T00:00:00+00:00
[2024-04-14T15:32:59.446+0000] {processor.py:179} INFO - Processing /home/airflow/.local/lib/python3.10/site-packages/airflow/example_dags/example_xcom.py took 0.043 seconds
[2024-04-14T15:33:30.086+0000] {processor.py:157} INFO - Started process (PID=2623) to work on /home/airflow/.local/lib/python3.10/site-packages/airflow/example_dags/example_xcom.py
[2024-04-14T15:33:30.087+0000] {processor.py:829} INFO - Processing file /home/airflow/.local/lib/python3.10/site-packages/airflow/example_dags/example_xcom.py for tasks to queue
[2024-04-14T15:33:30.088+0000] {logging_mixin.py:154} INFO - [2024-04-14T15:33:30.088+0000] {dagbag.py:536} INFO - Filling up the DagBag from /home/airflow/.local/lib/python3.10/site-packages/airflow/example_dags/example_xcom.py
[2024-04-14T15:33:30.092+0000] {processor.py:839} INFO - DAG(s) dict_keys(['example_xcom']) retrieved from /home/airflow/.local/lib/python3.10/site-packages/airflow/example_dags/example_xcom.py
[2024-04-14T15:33:30.105+0000] {logging_mixin.py:154} INFO - [2024-04-14T15:33:30.105+0000] {dag.py:2941} INFO - Sync 1 DAGs
[2024-04-14T15:33:30.118+0000] {logging_mixin.py:154} INFO - [2024-04-14T15:33:30.118+0000] {dag.py:3722} INFO - Setting next_dagrun for example_xcom to 2021-01-01T00:00:00+00:00, run_after=2021-01-01T00:00:00+00:00
[2024-04-14T15:33:30.127+0000] {processor.py:179} INFO - Processing /home/airflow/.local/lib/python3.10/site-packages/airflow/example_dags/example_xcom.py took 0.043 seconds
[2024-04-14T15:34:00.721+0000] {processor.py:157} INFO - Started process (PID=2677) to work on /home/airflow/.local/lib/python3.10/site-packages/airflow/example_dags/example_xcom.py
[2024-04-14T15:34:00.721+0000] {processor.py:829} INFO - Processing file /home/airflow/.local/lib/python3.10/site-packages/airflow/example_dags/example_xcom.py for tasks to queue
[2024-04-14T15:34:00.722+0000] {logging_mixin.py:154} INFO - [2024-04-14T15:34:00.722+0000] {dagbag.py:536} INFO - Filling up the DagBag from /home/airflow/.local/lib/python3.10/site-packages/airflow/example_dags/example_xcom.py
[2024-04-14T15:34:00.727+0000] {processor.py:839} INFO - DAG(s) dict_keys(['example_xcom']) retrieved from /home/airflow/.local/lib/python3.10/site-packages/airflow/example_dags/example_xcom.py
[2024-04-14T15:34:00.739+0000] {logging_mixin.py:154} INFO - [2024-04-14T15:34:00.739+0000] {dag.py:2941} INFO - Sync 1 DAGs
[2024-04-14T15:34:00.751+0000] {logging_mixin.py:154} INFO - [2024-04-14T15:34:00.751+0000] {dag.py:3722} INFO - Setting next_dagrun for example_xcom to 2021-01-01T00:00:00+00:00, run_after=2021-01-01T00:00:00+00:00
[2024-04-14T15:34:00.759+0000] {processor.py:179} INFO - Processing /home/airflow/.local/lib/python3.10/site-packages/airflow/example_dags/example_xcom.py took 0.041 seconds
[2024-04-14T15:34:31.376+0000] {processor.py:157} INFO - Started process (PID=2731) to work on /home/airflow/.local/lib/python3.10/site-packages/airflow/example_dags/example_xcom.py
[2024-04-14T15:34:31.377+0000] {processor.py:829} INFO - Processing file /home/airflow/.local/lib/python3.10/site-packages/airflow/example_dags/example_xcom.py for tasks to queue
[2024-04-14T15:34:31.378+0000] {logging_mixin.py:154} INFO - [2024-04-14T15:34:31.378+0000] {dagbag.py:536} INFO - Filling up the DagBag from /home/airflow/.local/lib/python3.10/site-packages/airflow/example_dags/example_xcom.py
[2024-04-14T15:34:31.382+0000] {processor.py:839} INFO - DAG(s) dict_keys(['example_xcom']) retrieved from /home/airflow/.local/lib/python3.10/site-packages/airflow/example_dags/example_xcom.py
[2024-04-14T15:34:31.394+0000] {logging_mixin.py:154} INFO - [2024-04-14T15:34:31.394+0000] {dag.py:2941} INFO - Sync 1 DAGs
[2024-04-14T15:34:31.406+0000] {logging_mixin.py:154} INFO - [2024-04-14T15:34:31.406+0000] {dag.py:3722} INFO - Setting next_dagrun for example_xcom to 2021-01-01T00:00:00+00:00, run_after=2021-01-01T00:00:00+00:00
[2024-04-14T15:34:31.414+0000] {processor.py:179} INFO - Processing /home/airflow/.local/lib/python3.10/site-packages/airflow/example_dags/example_xcom.py took 0.040 seconds
[2024-04-14T15:35:02.079+0000] {processor.py:157} INFO - Started process (PID=2785) to work on /home/airflow/.local/lib/python3.10/site-packages/airflow/example_dags/example_xcom.py
[2024-04-14T15:35:02.080+0000] {processor.py:829} INFO - Processing file /home/airflow/.local/lib/python3.10/site-packages/airflow/example_dags/example_xcom.py for tasks to queue
[2024-04-14T15:35:02.081+0000] {logging_mixin.py:154} INFO - [2024-04-14T15:35:02.081+0000] {dagbag.py:536} INFO - Filling up the DagBag from /home/airflow/.local/lib/python3.10/site-packages/airflow/example_dags/example_xcom.py
[2024-04-14T15:35:02.086+0000] {processor.py:839} INFO - DAG(s) dict_keys(['example_xcom']) retrieved from /home/airflow/.local/lib/python3.10/site-packages/airflow/example_dags/example_xcom.py
[2024-04-14T15:35:02.098+0000] {logging_mixin.py:154} INFO - [2024-04-14T15:35:02.098+0000] {dag.py:2941} INFO - Sync 1 DAGs
[2024-04-14T15:35:02.111+0000] {logging_mixin.py:154} INFO - [2024-04-14T15:35:02.111+0000] {dag.py:3722} INFO - Setting next_dagrun for example_xcom to 2021-01-01T00:00:00+00:00, run_after=2021-01-01T00:00:00+00:00
[2024-04-14T15:35:02.120+0000] {processor.py:179} INFO - Processing /home/airflow/.local/lib/python3.10/site-packages/airflow/example_dags/example_xcom.py took 0.043 seconds
[2024-04-14T15:35:32.820+0000] {processor.py:157} INFO - Started process (PID=2839) to work on /home/airflow/.local/lib/python3.10/site-packages/airflow/example_dags/example_xcom.py
[2024-04-14T15:35:32.820+0000] {processor.py:829} INFO - Processing file /home/airflow/.local/lib/python3.10/site-packages/airflow/example_dags/example_xcom.py for tasks to queue
[2024-04-14T15:35:32.822+0000] {logging_mixin.py:154} INFO - [2024-04-14T15:35:32.822+0000] {dagbag.py:536} INFO - Filling up the DagBag from /home/airflow/.local/lib/python3.10/site-packages/airflow/example_dags/example_xcom.py
[2024-04-14T15:35:32.827+0000] {processor.py:839} INFO - DAG(s) dict_keys(['example_xcom']) retrieved from /home/airflow/.local/lib/python3.10/site-packages/airflow/example_dags/example_xcom.py
[2024-04-14T15:35:32.841+0000] {logging_mixin.py:154} INFO - [2024-04-14T15:35:32.841+0000] {dag.py:2941} INFO - Sync 1 DAGs
[2024-04-14T15:35:32.854+0000] {logging_mixin.py:154} INFO - [2024-04-14T15:35:32.854+0000] {dag.py:3722} INFO - Setting next_dagrun for example_xcom to 2021-01-01T00:00:00+00:00, run_after=2021-01-01T00:00:00+00:00
[2024-04-14T15:35:32.865+0000] {processor.py:179} INFO - Processing /home/airflow/.local/lib/python3.10/site-packages/airflow/example_dags/example_xcom.py took 0.048 seconds
[2024-04-14T15:36:03.556+0000] {processor.py:157} INFO - Started process (PID=2893) to work on /home/airflow/.local/lib/python3.10/site-packages/airflow/example_dags/example_xcom.py
[2024-04-14T15:36:03.556+0000] {processor.py:829} INFO - Processing file /home/airflow/.local/lib/python3.10/site-packages/airflow/example_dags/example_xcom.py for tasks to queue
[2024-04-14T15:36:03.557+0000] {logging_mixin.py:154} INFO - [2024-04-14T15:36:03.557+0000] {dagbag.py:536} INFO - Filling up the DagBag from /home/airflow/.local/lib/python3.10/site-packages/airflow/example_dags/example_xcom.py
[2024-04-14T15:36:03.562+0000] {processor.py:839} INFO - DAG(s) dict_keys(['example_xcom']) retrieved from /home/airflow/.local/lib/python3.10/site-packages/airflow/example_dags/example_xcom.py
[2024-04-14T15:36:03.575+0000] {logging_mixin.py:154} INFO - [2024-04-14T15:36:03.575+0000] {dag.py:2941} INFO - Sync 1 DAGs
[2024-04-14T15:36:03.587+0000] {logging_mixin.py:154} INFO - [2024-04-14T15:36:03.587+0000] {dag.py:3722} INFO - Setting next_dagrun for example_xcom to 2021-01-01T00:00:00+00:00, run_after=2021-01-01T00:00:00+00:00
[2024-04-14T15:36:03.596+0000] {processor.py:179} INFO - Processing /home/airflow/.local/lib/python3.10/site-packages/airflow/example_dags/example_xcom.py took 0.043 seconds
[2024-04-14T15:36:34.351+0000] {processor.py:157} INFO - Started process (PID=2947) to work on /home/airflow/.local/lib/python3.10/site-packages/airflow/example_dags/example_xcom.py
[2024-04-14T15:36:34.351+0000] {processor.py:829} INFO - Processing file /home/airflow/.local/lib/python3.10/site-packages/airflow/example_dags/example_xcom.py for tasks to queue
[2024-04-14T15:36:34.352+0000] {logging_mixin.py:154} INFO - [2024-04-14T15:36:34.352+0000] {dagbag.py:536} INFO - Filling up the DagBag from /home/airflow/.local/lib/python3.10/site-packages/airflow/example_dags/example_xcom.py
[2024-04-14T15:36:34.357+0000] {processor.py:839} INFO - DAG(s) dict_keys(['example_xcom']) retrieved from /home/airflow/.local/lib/python3.10/site-packages/airflow/example_dags/example_xcom.py
[2024-04-14T15:36:34.370+0000] {logging_mixin.py:154} INFO - [2024-04-14T15:36:34.370+0000] {dag.py:2941} INFO - Sync 1 DAGs
[2024-04-14T15:36:34.382+0000] {logging_mixin.py:154} INFO - [2024-04-14T15:36:34.382+0000] {dag.py:3722} INFO - Setting next_dagrun for example_xcom to 2021-01-01T00:00:00+00:00, run_after=2021-01-01T00:00:00+00:00
[2024-04-14T15:36:34.391+0000] {processor.py:179} INFO - Processing /home/airflow/.local/lib/python3.10/site-packages/airflow/example_dags/example_xcom.py took 0.042 seconds
[2024-04-14T15:37:05.113+0000] {processor.py:157} INFO - Started process (PID=3001) to work on /home/airflow/.local/lib/python3.10/site-packages/airflow/example_dags/example_xcom.py
[2024-04-14T15:37:05.114+0000] {processor.py:829} INFO - Processing file /home/airflow/.local/lib/python3.10/site-packages/airflow/example_dags/example_xcom.py for tasks to queue
[2024-04-14T15:37:05.115+0000] {logging_mixin.py:154} INFO - [2024-04-14T15:37:05.115+0000] {dagbag.py:536} INFO - Filling up the DagBag from /home/airflow/.local/lib/python3.10/site-packages/airflow/example_dags/example_xcom.py
[2024-04-14T15:37:05.120+0000] {processor.py:839} INFO - DAG(s) dict_keys(['example_xcom']) retrieved from /home/airflow/.local/lib/python3.10/site-packages/airflow/example_dags/example_xcom.py
[2024-04-14T15:37:05.134+0000] {logging_mixin.py:154} INFO - [2024-04-14T15:37:05.134+0000] {dag.py:2941} INFO - Sync 1 DAGs
[2024-04-14T15:37:05.146+0000] {logging_mixin.py:154} INFO - [2024-04-14T15:37:05.146+0000] {dag.py:3722} INFO - Setting next_dagrun for example_xcom to 2021-01-01T00:00:00+00:00, run_after=2021-01-01T00:00:00+00:00
[2024-04-14T15:37:05.155+0000] {processor.py:179} INFO - Processing /home/airflow/.local/lib/python3.10/site-packages/airflow/example_dags/example_xcom.py took 0.044 seconds
[2024-04-14T15:37:35.873+0000] {processor.py:157} INFO - Started process (PID=3055) to work on /home/airflow/.local/lib/python3.10/site-packages/airflow/example_dags/example_xcom.py
[2024-04-14T15:37:35.874+0000] {processor.py:829} INFO - Processing file /home/airflow/.local/lib/python3.10/site-packages/airflow/example_dags/example_xcom.py for tasks to queue
[2024-04-14T15:37:35.875+0000] {logging_mixin.py:154} INFO - [2024-04-14T15:37:35.875+0000] {dagbag.py:536} INFO - Filling up the DagBag from /home/airflow/.local/lib/python3.10/site-packages/airflow/example_dags/example_xcom.py
[2024-04-14T15:37:35.880+0000] {processor.py:839} INFO - DAG(s) dict_keys(['example_xcom']) retrieved from /home/airflow/.local/lib/python3.10/site-packages/airflow/example_dags/example_xcom.py
[2024-04-14T15:37:35.893+0000] {logging_mixin.py:154} INFO - [2024-04-14T15:37:35.893+0000] {dag.py:2941} INFO - Sync 1 DAGs
[2024-04-14T15:37:35.906+0000] {logging_mixin.py:154} INFO - [2024-04-14T15:37:35.906+0000] {dag.py:3722} INFO - Setting next_dagrun for example_xcom to 2021-01-01T00:00:00+00:00, run_after=2021-01-01T00:00:00+00:00
[2024-04-14T15:37:35.915+0000] {processor.py:179} INFO - Processing /home/airflow/.local/lib/python3.10/site-packages/airflow/example_dags/example_xcom.py took 0.044 seconds
[2024-04-14T15:38:06.701+0000] {processor.py:157} INFO - Started process (PID=3109) to work on /home/airflow/.local/lib/python3.10/site-packages/airflow/example_dags/example_xcom.py
[2024-04-14T15:38:06.702+0000] {processor.py:829} INFO - Processing file /home/airflow/.local/lib/python3.10/site-packages/airflow/example_dags/example_xcom.py for tasks to queue
[2024-04-14T15:38:06.703+0000] {logging_mixin.py:154} INFO - [2024-04-14T15:38:06.703+0000] {dagbag.py:536} INFO - Filling up the DagBag from /home/airflow/.local/lib/python3.10/site-packages/airflow/example_dags/example_xcom.py
[2024-04-14T15:38:06.709+0000] {processor.py:839} INFO - DAG(s) dict_keys(['example_xcom']) retrieved from /home/airflow/.local/lib/python3.10/site-packages/airflow/example_dags/example_xcom.py
[2024-04-14T15:38:06.723+0000] {logging_mixin.py:154} INFO - [2024-04-14T15:38:06.723+0000] {dag.py:2941} INFO - Sync 1 DAGs
[2024-04-14T15:38:06.736+0000] {logging_mixin.py:154} INFO - [2024-04-14T15:38:06.736+0000] {dag.py:3722} INFO - Setting next_dagrun for example_xcom to 2021-01-01T00:00:00+00:00, run_after=2021-01-01T00:00:00+00:00
[2024-04-14T15:38:06.746+0000] {processor.py:179} INFO - Processing /home/airflow/.local/lib/python3.10/site-packages/airflow/example_dags/example_xcom.py took 0.047 seconds
[2024-04-14T15:38:37.449+0000] {processor.py:157} INFO - Started process (PID=3163) to work on /home/airflow/.local/lib/python3.10/site-packages/airflow/example_dags/example_xcom.py
[2024-04-14T15:38:37.450+0000] {processor.py:829} INFO - Processing file /home/airflow/.local/lib/python3.10/site-packages/airflow/example_dags/example_xcom.py for tasks to queue
[2024-04-14T15:38:37.452+0000] {logging_mixin.py:154} INFO - [2024-04-14T15:38:37.451+0000] {dagbag.py:536} INFO - Filling up the DagBag from /home/airflow/.local/lib/python3.10/site-packages/airflow/example_dags/example_xcom.py
[2024-04-14T15:38:37.458+0000] {processor.py:839} INFO - DAG(s) dict_keys(['example_xcom']) retrieved from /home/airflow/.local/lib/python3.10/site-packages/airflow/example_dags/example_xcom.py
[2024-04-14T15:38:37.475+0000] {logging_mixin.py:154} INFO - [2024-04-14T15:38:37.475+0000] {dag.py:2941} INFO - Sync 1 DAGs
[2024-04-14T15:38:37.491+0000] {logging_mixin.py:154} INFO - [2024-04-14T15:38:37.491+0000] {dag.py:3722} INFO - Setting next_dagrun for example_xcom to 2021-01-01T00:00:00+00:00, run_after=2021-01-01T00:00:00+00:00
[2024-04-14T15:38:37.500+0000] {processor.py:179} INFO - Processing /home/airflow/.local/lib/python3.10/site-packages/airflow/example_dags/example_xcom.py took 0.054 seconds
[2024-04-14T15:39:08.499+0000] {processor.py:157} INFO - Started process (PID=3217) to work on /home/airflow/.local/lib/python3.10/site-packages/airflow/example_dags/example_xcom.py
[2024-04-14T15:39:08.500+0000] {processor.py:829} INFO - Processing file /home/airflow/.local/lib/python3.10/site-packages/airflow/example_dags/example_xcom.py for tasks to queue
[2024-04-14T15:39:08.501+0000] {logging_mixin.py:154} INFO - [2024-04-14T15:39:08.501+0000] {dagbag.py:536} INFO - Filling up the DagBag from /home/airflow/.local/lib/python3.10/site-packages/airflow/example_dags/example_xcom.py
[2024-04-14T15:39:08.506+0000] {processor.py:839} INFO - DAG(s) dict_keys(['example_xcom']) retrieved from /home/airflow/.local/lib/python3.10/site-packages/airflow/example_dags/example_xcom.py
[2024-04-14T15:39:08.521+0000] {logging_mixin.py:154} INFO - [2024-04-14T15:39:08.521+0000] {dag.py:2941} INFO - Sync 1 DAGs
[2024-04-14T15:39:08.536+0000] {logging_mixin.py:154} INFO - [2024-04-14T15:39:08.536+0000] {dag.py:3722} INFO - Setting next_dagrun for example_xcom to 2021-01-01T00:00:00+00:00, run_after=2021-01-01T00:00:00+00:00
[2024-04-14T15:39:08.546+0000] {processor.py:179} INFO - Processing /home/airflow/.local/lib/python3.10/site-packages/airflow/example_dags/example_xcom.py took 0.049 seconds
[2024-04-14T15:39:39.452+0000] {processor.py:157} INFO - Started process (PID=3271) to work on /home/airflow/.local/lib/python3.10/site-packages/airflow/example_dags/example_xcom.py
[2024-04-14T15:39:39.453+0000] {processor.py:829} INFO - Processing file /home/airflow/.local/lib/python3.10/site-packages/airflow/example_dags/example_xcom.py for tasks to queue
[2024-04-14T15:39:39.454+0000] {logging_mixin.py:154} INFO - [2024-04-14T15:39:39.454+0000] {dagbag.py:536} INFO - Filling up the DagBag from /home/airflow/.local/lib/python3.10/site-packages/airflow/example_dags/example_xcom.py
[2024-04-14T15:39:39.459+0000] {processor.py:839} INFO - DAG(s) dict_keys(['example_xcom']) retrieved from /home/airflow/.local/lib/python3.10/site-packages/airflow/example_dags/example_xcom.py
[2024-04-14T15:39:39.471+0000] {logging_mixin.py:154} INFO - [2024-04-14T15:39:39.471+0000] {dag.py:2941} INFO - Sync 1 DAGs
[2024-04-14T15:39:39.484+0000] {logging_mixin.py:154} INFO - [2024-04-14T15:39:39.484+0000] {dag.py:3722} INFO - Setting next_dagrun for example_xcom to 2021-01-01T00:00:00+00:00, run_after=2021-01-01T00:00:00+00:00
[2024-04-14T15:39:39.493+0000] {processor.py:179} INFO - Processing /home/airflow/.local/lib/python3.10/site-packages/airflow/example_dags/example_xcom.py took 0.043 seconds
[2024-04-14T15:40:10.382+0000] {processor.py:157} INFO - Started process (PID=3325) to work on /home/airflow/.local/lib/python3.10/site-packages/airflow/example_dags/example_xcom.py
[2024-04-14T15:40:10.382+0000] {processor.py:829} INFO - Processing file /home/airflow/.local/lib/python3.10/site-packages/airflow/example_dags/example_xcom.py for tasks to queue
[2024-04-14T15:40:10.383+0000] {logging_mixin.py:154} INFO - [2024-04-14T15:40:10.383+0000] {dagbag.py:536} INFO - Filling up the DagBag from /home/airflow/.local/lib/python3.10/site-packages/airflow/example_dags/example_xcom.py
[2024-04-14T15:40:10.388+0000] {processor.py:839} INFO - DAG(s) dict_keys(['example_xcom']) retrieved from /home/airflow/.local/lib/python3.10/site-packages/airflow/example_dags/example_xcom.py
[2024-04-14T15:40:10.401+0000] {logging_mixin.py:154} INFO - [2024-04-14T15:40:10.401+0000] {dag.py:2941} INFO - Sync 1 DAGs
[2024-04-14T15:40:10.414+0000] {logging_mixin.py:154} INFO - [2024-04-14T15:40:10.414+0000] {dag.py:3722} INFO - Setting next_dagrun for example_xcom to 2021-01-01T00:00:00+00:00, run_after=2021-01-01T00:00:00+00:00
[2024-04-14T15:40:10.423+0000] {processor.py:179} INFO - Processing /home/airflow/.local/lib/python3.10/site-packages/airflow/example_dags/example_xcom.py took 0.044 seconds
[2024-04-14T15:41:10.952+0000] {processor.py:157} INFO - Started process (PID=78) to work on /home/airflow/.local/lib/python3.10/site-packages/airflow/example_dags/example_xcom.py
[2024-04-14T15:41:10.952+0000] {processor.py:829} INFO - Processing file /home/airflow/.local/lib/python3.10/site-packages/airflow/example_dags/example_xcom.py for tasks to queue
[2024-04-14T15:41:10.953+0000] {logging_mixin.py:154} INFO - [2024-04-14T15:41:10.953+0000] {dagbag.py:536} INFO - Filling up the DagBag from /home/airflow/.local/lib/python3.10/site-packages/airflow/example_dags/example_xcom.py
[2024-04-14T15:41:10.957+0000] {processor.py:839} INFO - DAG(s) dict_keys(['example_xcom']) retrieved from /home/airflow/.local/lib/python3.10/site-packages/airflow/example_dags/example_xcom.py
[2024-04-14T15:41:10.965+0000] {logging_mixin.py:154} INFO - [2024-04-14T15:41:10.965+0000] {dag.py:2941} INFO - Sync 1 DAGs
[2024-04-14T15:41:10.978+0000] {logging_mixin.py:154} INFO - [2024-04-14T15:41:10.978+0000] {dag.py:3722} INFO - Setting next_dagrun for example_xcom to 2021-01-01T00:00:00+00:00, run_after=2021-01-01T00:00:00+00:00
[2024-04-14T15:41:10.988+0000] {processor.py:179} INFO - Processing /home/airflow/.local/lib/python3.10/site-packages/airflow/example_dags/example_xcom.py took 0.038 seconds
[2024-04-14T15:41:41.568+0000] {processor.py:157} INFO - Started process (PID=132) to work on /home/airflow/.local/lib/python3.10/site-packages/airflow/example_dags/example_xcom.py
[2024-04-14T15:41:41.568+0000] {processor.py:829} INFO - Processing file /home/airflow/.local/lib/python3.10/site-packages/airflow/example_dags/example_xcom.py for tasks to queue
[2024-04-14T15:41:41.570+0000] {logging_mixin.py:154} INFO - [2024-04-14T15:41:41.569+0000] {dagbag.py:536} INFO - Filling up the DagBag from /home/airflow/.local/lib/python3.10/site-packages/airflow/example_dags/example_xcom.py
[2024-04-14T15:41:41.574+0000] {processor.py:839} INFO - DAG(s) dict_keys(['example_xcom']) retrieved from /home/airflow/.local/lib/python3.10/site-packages/airflow/example_dags/example_xcom.py
[2024-04-14T15:41:41.586+0000] {logging_mixin.py:154} INFO - [2024-04-14T15:41:41.586+0000] {dag.py:2941} INFO - Sync 1 DAGs
[2024-04-14T15:41:41.597+0000] {logging_mixin.py:154} INFO - [2024-04-14T15:41:41.597+0000] {dag.py:3722} INFO - Setting next_dagrun for example_xcom to 2021-01-01T00:00:00+00:00, run_after=2021-01-01T00:00:00+00:00
[2024-04-14T15:41:41.605+0000] {processor.py:179} INFO - Processing /home/airflow/.local/lib/python3.10/site-packages/airflow/example_dags/example_xcom.py took 0.039 seconds
[2024-04-14T15:42:12.341+0000] {processor.py:157} INFO - Started process (PID=186) to work on /home/airflow/.local/lib/python3.10/site-packages/airflow/example_dags/example_xcom.py
[2024-04-14T15:42:12.341+0000] {processor.py:829} INFO - Processing file /home/airflow/.local/lib/python3.10/site-packages/airflow/example_dags/example_xcom.py for tasks to queue
[2024-04-14T15:42:12.342+0000] {logging_mixin.py:154} INFO - [2024-04-14T15:42:12.342+0000] {dagbag.py:536} INFO - Filling up the DagBag from /home/airflow/.local/lib/python3.10/site-packages/airflow/example_dags/example_xcom.py
[2024-04-14T15:42:12.347+0000] {processor.py:839} INFO - DAG(s) dict_keys(['example_xcom']) retrieved from /home/airflow/.local/lib/python3.10/site-packages/airflow/example_dags/example_xcom.py
[2024-04-14T15:42:12.360+0000] {logging_mixin.py:154} INFO - [2024-04-14T15:42:12.360+0000] {dag.py:2941} INFO - Sync 1 DAGs
[2024-04-14T15:42:12.372+0000] {logging_mixin.py:154} INFO - [2024-04-14T15:42:12.372+0000] {dag.py:3722} INFO - Setting next_dagrun for example_xcom to 2021-01-01T00:00:00+00:00, run_after=2021-01-01T00:00:00+00:00
[2024-04-14T15:42:12.380+0000] {processor.py:179} INFO - Processing /home/airflow/.local/lib/python3.10/site-packages/airflow/example_dags/example_xcom.py took 0.042 seconds
[2024-04-14T15:42:42.945+0000] {processor.py:157} INFO - Started process (PID=240) to work on /home/airflow/.local/lib/python3.10/site-packages/airflow/example_dags/example_xcom.py
[2024-04-14T15:42:42.945+0000] {processor.py:829} INFO - Processing file /home/airflow/.local/lib/python3.10/site-packages/airflow/example_dags/example_xcom.py for tasks to queue
[2024-04-14T15:42:42.946+0000] {logging_mixin.py:154} INFO - [2024-04-14T15:42:42.946+0000] {dagbag.py:536} INFO - Filling up the DagBag from /home/airflow/.local/lib/python3.10/site-packages/airflow/example_dags/example_xcom.py
[2024-04-14T15:42:42.950+0000] {processor.py:839} INFO - DAG(s) dict_keys(['example_xcom']) retrieved from /home/airflow/.local/lib/python3.10/site-packages/airflow/example_dags/example_xcom.py
[2024-04-14T15:42:42.963+0000] {logging_mixin.py:154} INFO - [2024-04-14T15:42:42.963+0000] {dag.py:2941} INFO - Sync 1 DAGs
[2024-04-14T15:42:42.976+0000] {logging_mixin.py:154} INFO - [2024-04-14T15:42:42.975+0000] {dag.py:3722} INFO - Setting next_dagrun for example_xcom to 2021-01-01T00:00:00+00:00, run_after=2021-01-01T00:00:00+00:00
[2024-04-14T15:42:42.984+0000] {processor.py:179} INFO - Processing /home/airflow/.local/lib/python3.10/site-packages/airflow/example_dags/example_xcom.py took 0.041 seconds
[2024-04-14T15:46:34.286+0000] {processor.py:157} INFO - Started process (PID=79) to work on /home/airflow/.local/lib/python3.10/site-packages/airflow/example_dags/example_xcom.py
[2024-04-14T15:46:34.286+0000] {processor.py:829} INFO - Processing file /home/airflow/.local/lib/python3.10/site-packages/airflow/example_dags/example_xcom.py for tasks to queue
[2024-04-14T15:46:34.288+0000] {logging_mixin.py:154} INFO - [2024-04-14T15:46:34.287+0000] {dagbag.py:536} INFO - Filling up the DagBag from /home/airflow/.local/lib/python3.10/site-packages/airflow/example_dags/example_xcom.py
[2024-04-14T15:46:34.293+0000] {processor.py:839} INFO - DAG(s) dict_keys(['example_xcom']) retrieved from /home/airflow/.local/lib/python3.10/site-packages/airflow/example_dags/example_xcom.py
[2024-04-14T15:46:34.302+0000] {logging_mixin.py:154} INFO - [2024-04-14T15:46:34.302+0000] {dag.py:2941} INFO - Sync 1 DAGs
[2024-04-14T15:46:34.317+0000] {logging_mixin.py:154} INFO - [2024-04-14T15:46:34.317+0000] {dag.py:3722} INFO - Setting next_dagrun for example_xcom to 2021-01-01T00:00:00+00:00, run_after=2021-01-01T00:00:00+00:00
[2024-04-14T15:46:34.327+0000] {processor.py:179} INFO - Processing /home/airflow/.local/lib/python3.10/site-packages/airflow/example_dags/example_xcom.py took 0.043 seconds
[2024-04-14T15:47:05.129+0000] {processor.py:157} INFO - Started process (PID=134) to work on /home/airflow/.local/lib/python3.10/site-packages/airflow/example_dags/example_xcom.py
[2024-04-14T15:47:05.129+0000] {processor.py:829} INFO - Processing file /home/airflow/.local/lib/python3.10/site-packages/airflow/example_dags/example_xcom.py for tasks to queue
[2024-04-14T15:47:05.130+0000] {logging_mixin.py:154} INFO - [2024-04-14T15:47:05.130+0000] {dagbag.py:536} INFO - Filling up the DagBag from /home/airflow/.local/lib/python3.10/site-packages/airflow/example_dags/example_xcom.py
[2024-04-14T15:47:05.135+0000] {processor.py:839} INFO - DAG(s) dict_keys(['example_xcom']) retrieved from /home/airflow/.local/lib/python3.10/site-packages/airflow/example_dags/example_xcom.py
[2024-04-14T15:47:05.147+0000] {logging_mixin.py:154} INFO - [2024-04-14T15:47:05.147+0000] {dag.py:2941} INFO - Sync 1 DAGs
[2024-04-14T15:47:05.158+0000] {logging_mixin.py:154} INFO - [2024-04-14T15:47:05.158+0000] {dag.py:3722} INFO - Setting next_dagrun for example_xcom to 2021-01-01T00:00:00+00:00, run_after=2021-01-01T00:00:00+00:00
[2024-04-14T15:47:05.167+0000] {processor.py:179} INFO - Processing /home/airflow/.local/lib/python3.10/site-packages/airflow/example_dags/example_xcom.py took 0.040 seconds
[2024-04-14T15:47:35.919+0000] {processor.py:157} INFO - Started process (PID=189) to work on /home/airflow/.local/lib/python3.10/site-packages/airflow/example_dags/example_xcom.py
[2024-04-14T15:47:35.919+0000] {processor.py:829} INFO - Processing file /home/airflow/.local/lib/python3.10/site-packages/airflow/example_dags/example_xcom.py for tasks to queue
[2024-04-14T15:47:35.920+0000] {logging_mixin.py:154} INFO - [2024-04-14T15:47:35.920+0000] {dagbag.py:536} INFO - Filling up the DagBag from /home/airflow/.local/lib/python3.10/site-packages/airflow/example_dags/example_xcom.py
[2024-04-14T15:47:35.925+0000] {processor.py:839} INFO - DAG(s) dict_keys(['example_xcom']) retrieved from /home/airflow/.local/lib/python3.10/site-packages/airflow/example_dags/example_xcom.py
[2024-04-14T15:47:35.938+0000] {logging_mixin.py:154} INFO - [2024-04-14T15:47:35.938+0000] {dag.py:2941} INFO - Sync 1 DAGs
[2024-04-14T15:47:35.949+0000] {logging_mixin.py:154} INFO - [2024-04-14T15:47:35.949+0000] {dag.py:3722} INFO - Setting next_dagrun for example_xcom to 2021-01-01T00:00:00+00:00, run_after=2021-01-01T00:00:00+00:00
[2024-04-14T15:47:35.957+0000] {processor.py:179} INFO - Processing /home/airflow/.local/lib/python3.10/site-packages/airflow/example_dags/example_xcom.py took 0.040 seconds
[2024-04-14T15:48:06.581+0000] {processor.py:157} INFO - Started process (PID=248) to work on /home/airflow/.local/lib/python3.10/site-packages/airflow/example_dags/example_xcom.py
[2024-04-14T15:48:06.581+0000] {processor.py:829} INFO - Processing file /home/airflow/.local/lib/python3.10/site-packages/airflow/example_dags/example_xcom.py for tasks to queue
[2024-04-14T15:48:06.582+0000] {logging_mixin.py:154} INFO - [2024-04-14T15:48:06.582+0000] {dagbag.py:536} INFO - Filling up the DagBag from /home/airflow/.local/lib/python3.10/site-packages/airflow/example_dags/example_xcom.py
[2024-04-14T15:48:06.586+0000] {processor.py:839} INFO - DAG(s) dict_keys(['example_xcom']) retrieved from /home/airflow/.local/lib/python3.10/site-packages/airflow/example_dags/example_xcom.py
[2024-04-14T15:48:06.599+0000] {logging_mixin.py:154} INFO - [2024-04-14T15:48:06.599+0000] {dag.py:2941} INFO - Sync 1 DAGs
[2024-04-14T15:48:06.610+0000] {logging_mixin.py:154} INFO - [2024-04-14T15:48:06.610+0000] {dag.py:3722} INFO - Setting next_dagrun for example_xcom to 2021-01-01T00:00:00+00:00, run_after=2021-01-01T00:00:00+00:00
[2024-04-14T15:48:06.618+0000] {processor.py:179} INFO - Processing /home/airflow/.local/lib/python3.10/site-packages/airflow/example_dags/example_xcom.py took 0.040 seconds
[2024-04-14T15:48:37.258+0000] {processor.py:157} INFO - Started process (PID=303) to work on /home/airflow/.local/lib/python3.10/site-packages/airflow/example_dags/example_xcom.py
[2024-04-14T15:48:37.259+0000] {processor.py:829} INFO - Processing file /home/airflow/.local/lib/python3.10/site-packages/airflow/example_dags/example_xcom.py for tasks to queue
[2024-04-14T15:48:37.260+0000] {logging_mixin.py:154} INFO - [2024-04-14T15:48:37.260+0000] {dagbag.py:536} INFO - Filling up the DagBag from /home/airflow/.local/lib/python3.10/site-packages/airflow/example_dags/example_xcom.py
[2024-04-14T15:48:37.264+0000] {processor.py:839} INFO - DAG(s) dict_keys(['example_xcom']) retrieved from /home/airflow/.local/lib/python3.10/site-packages/airflow/example_dags/example_xcom.py
[2024-04-14T15:48:37.276+0000] {logging_mixin.py:154} INFO - [2024-04-14T15:48:37.276+0000] {dag.py:2941} INFO - Sync 1 DAGs
[2024-04-14T15:48:37.287+0000] {logging_mixin.py:154} INFO - [2024-04-14T15:48:37.287+0000] {dag.py:3722} INFO - Setting next_dagrun for example_xcom to 2021-01-01T00:00:00+00:00, run_after=2021-01-01T00:00:00+00:00
[2024-04-14T15:48:37.296+0000] {processor.py:179} INFO - Processing /home/airflow/.local/lib/python3.10/site-packages/airflow/example_dags/example_xcom.py took 0.039 seconds
[2024-04-14T15:49:07.999+0000] {processor.py:157} INFO - Started process (PID=358) to work on /home/airflow/.local/lib/python3.10/site-packages/airflow/example_dags/example_xcom.py
[2024-04-14T15:49:07.999+0000] {processor.py:829} INFO - Processing file /home/airflow/.local/lib/python3.10/site-packages/airflow/example_dags/example_xcom.py for tasks to queue
[2024-04-14T15:49:08.000+0000] {logging_mixin.py:154} INFO - [2024-04-14T15:49:08.000+0000] {dagbag.py:536} INFO - Filling up the DagBag from /home/airflow/.local/lib/python3.10/site-packages/airflow/example_dags/example_xcom.py
[2024-04-14T15:49:08.005+0000] {processor.py:839} INFO - DAG(s) dict_keys(['example_xcom']) retrieved from /home/airflow/.local/lib/python3.10/site-packages/airflow/example_dags/example_xcom.py
[2024-04-14T15:49:08.018+0000] {logging_mixin.py:154} INFO - [2024-04-14T15:49:08.018+0000] {dag.py:2941} INFO - Sync 1 DAGs
[2024-04-14T15:49:08.030+0000] {logging_mixin.py:154} INFO - [2024-04-14T15:49:08.030+0000] {dag.py:3722} INFO - Setting next_dagrun for example_xcom to 2021-01-01T00:00:00+00:00, run_after=2021-01-01T00:00:00+00:00
[2024-04-14T15:49:08.039+0000] {processor.py:179} INFO - Processing /home/airflow/.local/lib/python3.10/site-packages/airflow/example_dags/example_xcom.py took 0.043 seconds
