[2024-04-14T15:09:26.783+0000] {processor.py:157} INFO - Started process (PID=76) to work on /home/airflow/.local/lib/python3.10/site-packages/airflow/example_dags/example_sla_dag.py
[2024-04-14T15:09:26.784+0000] {processor.py:829} INFO - Processing file /home/airflow/.local/lib/python3.10/site-packages/airflow/example_dags/example_sla_dag.py for tasks to queue
[2024-04-14T15:09:26.785+0000] {logging_mixin.py:154} INFO - [2024-04-14T15:09:26.785+0000] {dagbag.py:536} INFO - Filling up the DagBag from /home/airflow/.local/lib/python3.10/site-packages/airflow/example_dags/example_sla_dag.py
[2024-04-14T15:09:26.790+0000] {processor.py:839} INFO - DAG(s) dict_keys(['example_sla_dag']) retrieved from /home/airflow/.local/lib/python3.10/site-packages/airflow/example_dags/example_sla_dag.py
[2024-04-14T15:09:26.798+0000] {logging_mixin.py:154} INFO - [2024-04-14T15:09:26.798+0000] {dag.py:2941} INFO - Sync 1 DAGs
[2024-04-14T15:09:26.814+0000] {logging_mixin.py:154} INFO - [2024-04-14T15:09:26.813+0000] {dag.py:3722} INFO - Setting next_dagrun for example_sla_dag to 2024-04-14T15:06:00+00:00, run_after=2024-04-14T15:08:00+00:00
[2024-04-14T15:09:26.822+0000] {processor.py:179} INFO - Processing /home/airflow/.local/lib/python3.10/site-packages/airflow/example_dags/example_sla_dag.py took 0.041 seconds
[2024-04-14T15:09:57.449+0000] {processor.py:157} INFO - Started process (PID=130) to work on /home/airflow/.local/lib/python3.10/site-packages/airflow/example_dags/example_sla_dag.py
[2024-04-14T15:09:57.449+0000] {processor.py:829} INFO - Processing file /home/airflow/.local/lib/python3.10/site-packages/airflow/example_dags/example_sla_dag.py for tasks to queue
[2024-04-14T15:09:57.450+0000] {logging_mixin.py:154} INFO - [2024-04-14T15:09:57.450+0000] {dagbag.py:536} INFO - Filling up the DagBag from /home/airflow/.local/lib/python3.10/site-packages/airflow/example_dags/example_sla_dag.py
[2024-04-14T15:09:57.456+0000] {processor.py:839} INFO - DAG(s) dict_keys(['example_sla_dag']) retrieved from /home/airflow/.local/lib/python3.10/site-packages/airflow/example_dags/example_sla_dag.py
[2024-04-14T15:09:57.470+0000] {logging_mixin.py:154} INFO - [2024-04-14T15:09:57.470+0000] {dag.py:2941} INFO - Sync 1 DAGs
[2024-04-14T15:09:57.487+0000] {logging_mixin.py:154} INFO - [2024-04-14T15:09:57.487+0000] {dag.py:3722} INFO - Setting next_dagrun for example_sla_dag to 2024-04-14T15:06:00+00:00, run_after=2024-04-14T15:08:00+00:00
[2024-04-14T15:09:57.498+0000] {processor.py:179} INFO - Processing /home/airflow/.local/lib/python3.10/site-packages/airflow/example_dags/example_sla_dag.py took 0.052 seconds
[2024-04-14T15:10:28.147+0000] {processor.py:157} INFO - Started process (PID=184) to work on /home/airflow/.local/lib/python3.10/site-packages/airflow/example_dags/example_sla_dag.py
[2024-04-14T15:10:28.148+0000] {processor.py:829} INFO - Processing file /home/airflow/.local/lib/python3.10/site-packages/airflow/example_dags/example_sla_dag.py for tasks to queue
[2024-04-14T15:10:28.149+0000] {logging_mixin.py:154} INFO - [2024-04-14T15:10:28.149+0000] {dagbag.py:536} INFO - Filling up the DagBag from /home/airflow/.local/lib/python3.10/site-packages/airflow/example_dags/example_sla_dag.py
[2024-04-14T15:10:28.154+0000] {processor.py:839} INFO - DAG(s) dict_keys(['example_sla_dag']) retrieved from /home/airflow/.local/lib/python3.10/site-packages/airflow/example_dags/example_sla_dag.py
[2024-04-14T15:10:28.166+0000] {logging_mixin.py:154} INFO - [2024-04-14T15:10:28.166+0000] {dag.py:2941} INFO - Sync 1 DAGs
[2024-04-14T15:10:28.179+0000] {logging_mixin.py:154} INFO - [2024-04-14T15:10:28.179+0000] {dag.py:3722} INFO - Setting next_dagrun for example_sla_dag to 2024-04-14T15:08:00+00:00, run_after=2024-04-14T15:10:00+00:00
[2024-04-14T15:10:28.187+0000] {processor.py:179} INFO - Processing /home/airflow/.local/lib/python3.10/site-packages/airflow/example_dags/example_sla_dag.py took 0.042 seconds
[2024-04-14T15:10:58.718+0000] {processor.py:157} INFO - Started process (PID=238) to work on /home/airflow/.local/lib/python3.10/site-packages/airflow/example_dags/example_sla_dag.py
[2024-04-14T15:10:58.719+0000] {processor.py:829} INFO - Processing file /home/airflow/.local/lib/python3.10/site-packages/airflow/example_dags/example_sla_dag.py for tasks to queue
[2024-04-14T15:10:58.720+0000] {logging_mixin.py:154} INFO - [2024-04-14T15:10:58.720+0000] {dagbag.py:536} INFO - Filling up the DagBag from /home/airflow/.local/lib/python3.10/site-packages/airflow/example_dags/example_sla_dag.py
[2024-04-14T15:10:58.725+0000] {processor.py:839} INFO - DAG(s) dict_keys(['example_sla_dag']) retrieved from /home/airflow/.local/lib/python3.10/site-packages/airflow/example_dags/example_sla_dag.py
[2024-04-14T15:10:58.737+0000] {logging_mixin.py:154} INFO - [2024-04-14T15:10:58.737+0000] {dag.py:2941} INFO - Sync 1 DAGs
[2024-04-14T15:10:58.751+0000] {logging_mixin.py:154} INFO - [2024-04-14T15:10:58.751+0000] {dag.py:3722} INFO - Setting next_dagrun for example_sla_dag to 2024-04-14T15:08:00+00:00, run_after=2024-04-14T15:10:00+00:00
[2024-04-14T15:10:58.759+0000] {processor.py:179} INFO - Processing /home/airflow/.local/lib/python3.10/site-packages/airflow/example_dags/example_sla_dag.py took 0.043 seconds
[2024-04-14T15:11:29.504+0000] {processor.py:157} INFO - Started process (PID=292) to work on /home/airflow/.local/lib/python3.10/site-packages/airflow/example_dags/example_sla_dag.py
[2024-04-14T15:11:29.504+0000] {processor.py:829} INFO - Processing file /home/airflow/.local/lib/python3.10/site-packages/airflow/example_dags/example_sla_dag.py for tasks to queue
[2024-04-14T15:11:29.506+0000] {logging_mixin.py:154} INFO - [2024-04-14T15:11:29.505+0000] {dagbag.py:536} INFO - Filling up the DagBag from /home/airflow/.local/lib/python3.10/site-packages/airflow/example_dags/example_sla_dag.py
[2024-04-14T15:11:29.510+0000] {processor.py:839} INFO - DAG(s) dict_keys(['example_sla_dag']) retrieved from /home/airflow/.local/lib/python3.10/site-packages/airflow/example_dags/example_sla_dag.py
[2024-04-14T15:11:29.522+0000] {logging_mixin.py:154} INFO - [2024-04-14T15:11:29.522+0000] {dag.py:2941} INFO - Sync 1 DAGs
[2024-04-14T15:11:29.536+0000] {logging_mixin.py:154} INFO - [2024-04-14T15:11:29.536+0000] {dag.py:3722} INFO - Setting next_dagrun for example_sla_dag to 2024-04-14T15:08:00+00:00, run_after=2024-04-14T15:10:00+00:00
[2024-04-14T15:11:29.544+0000] {processor.py:179} INFO - Processing /home/airflow/.local/lib/python3.10/site-packages/airflow/example_dags/example_sla_dag.py took 0.042 seconds
[2024-04-14T15:12:00.280+0000] {processor.py:157} INFO - Started process (PID=346) to work on /home/airflow/.local/lib/python3.10/site-packages/airflow/example_dags/example_sla_dag.py
[2024-04-14T15:12:00.281+0000] {processor.py:829} INFO - Processing file /home/airflow/.local/lib/python3.10/site-packages/airflow/example_dags/example_sla_dag.py for tasks to queue
[2024-04-14T15:12:00.282+0000] {logging_mixin.py:154} INFO - [2024-04-14T15:12:00.282+0000] {dagbag.py:536} INFO - Filling up the DagBag from /home/airflow/.local/lib/python3.10/site-packages/airflow/example_dags/example_sla_dag.py
[2024-04-14T15:12:00.287+0000] {processor.py:839} INFO - DAG(s) dict_keys(['example_sla_dag']) retrieved from /home/airflow/.local/lib/python3.10/site-packages/airflow/example_dags/example_sla_dag.py
[2024-04-14T15:12:00.299+0000] {logging_mixin.py:154} INFO - [2024-04-14T15:12:00.299+0000] {dag.py:2941} INFO - Sync 1 DAGs
[2024-04-14T15:12:00.313+0000] {logging_mixin.py:154} INFO - [2024-04-14T15:12:00.313+0000] {dag.py:3722} INFO - Setting next_dagrun for example_sla_dag to 2024-04-14T15:10:00+00:00, run_after=2024-04-14T15:12:00+00:00
[2024-04-14T15:12:00.322+0000] {processor.py:179} INFO - Processing /home/airflow/.local/lib/python3.10/site-packages/airflow/example_dags/example_sla_dag.py took 0.044 seconds
[2024-04-14T15:12:30.963+0000] {processor.py:157} INFO - Started process (PID=400) to work on /home/airflow/.local/lib/python3.10/site-packages/airflow/example_dags/example_sla_dag.py
[2024-04-14T15:12:30.964+0000] {processor.py:829} INFO - Processing file /home/airflow/.local/lib/python3.10/site-packages/airflow/example_dags/example_sla_dag.py for tasks to queue
[2024-04-14T15:12:30.965+0000] {logging_mixin.py:154} INFO - [2024-04-14T15:12:30.965+0000] {dagbag.py:536} INFO - Filling up the DagBag from /home/airflow/.local/lib/python3.10/site-packages/airflow/example_dags/example_sla_dag.py
[2024-04-14T15:12:30.971+0000] {processor.py:839} INFO - DAG(s) dict_keys(['example_sla_dag']) retrieved from /home/airflow/.local/lib/python3.10/site-packages/airflow/example_dags/example_sla_dag.py
[2024-04-14T15:12:30.983+0000] {logging_mixin.py:154} INFO - [2024-04-14T15:12:30.983+0000] {dag.py:2941} INFO - Sync 1 DAGs
[2024-04-14T15:12:30.997+0000] {logging_mixin.py:154} INFO - [2024-04-14T15:12:30.997+0000] {dag.py:3722} INFO - Setting next_dagrun for example_sla_dag to 2024-04-14T15:10:00+00:00, run_after=2024-04-14T15:12:00+00:00
[2024-04-14T15:12:31.005+0000] {processor.py:179} INFO - Processing /home/airflow/.local/lib/python3.10/site-packages/airflow/example_dags/example_sla_dag.py took 0.044 seconds
[2024-04-14T15:13:01.793+0000] {processor.py:157} INFO - Started process (PID=454) to work on /home/airflow/.local/lib/python3.10/site-packages/airflow/example_dags/example_sla_dag.py
[2024-04-14T15:13:01.794+0000] {processor.py:829} INFO - Processing file /home/airflow/.local/lib/python3.10/site-packages/airflow/example_dags/example_sla_dag.py for tasks to queue
[2024-04-14T15:13:01.795+0000] {logging_mixin.py:154} INFO - [2024-04-14T15:13:01.795+0000] {dagbag.py:536} INFO - Filling up the DagBag from /home/airflow/.local/lib/python3.10/site-packages/airflow/example_dags/example_sla_dag.py
[2024-04-14T15:13:01.800+0000] {processor.py:839} INFO - DAG(s) dict_keys(['example_sla_dag']) retrieved from /home/airflow/.local/lib/python3.10/site-packages/airflow/example_dags/example_sla_dag.py
[2024-04-14T15:13:01.811+0000] {logging_mixin.py:154} INFO - [2024-04-14T15:13:01.811+0000] {dag.py:2941} INFO - Sync 1 DAGs
[2024-04-14T15:13:01.824+0000] {logging_mixin.py:154} INFO - [2024-04-14T15:13:01.824+0000] {dag.py:3722} INFO - Setting next_dagrun for example_sla_dag to 2024-04-14T15:10:00+00:00, run_after=2024-04-14T15:12:00+00:00
[2024-04-14T15:13:01.832+0000] {processor.py:179} INFO - Processing /home/airflow/.local/lib/python3.10/site-packages/airflow/example_dags/example_sla_dag.py took 0.041 seconds
[2024-04-14T15:13:32.458+0000] {processor.py:157} INFO - Started process (PID=508) to work on /home/airflow/.local/lib/python3.10/site-packages/airflow/example_dags/example_sla_dag.py
[2024-04-14T15:13:32.459+0000] {processor.py:829} INFO - Processing file /home/airflow/.local/lib/python3.10/site-packages/airflow/example_dags/example_sla_dag.py for tasks to queue
[2024-04-14T15:13:32.460+0000] {logging_mixin.py:154} INFO - [2024-04-14T15:13:32.460+0000] {dagbag.py:536} INFO - Filling up the DagBag from /home/airflow/.local/lib/python3.10/site-packages/airflow/example_dags/example_sla_dag.py
[2024-04-14T15:13:32.465+0000] {processor.py:839} INFO - DAG(s) dict_keys(['example_sla_dag']) retrieved from /home/airflow/.local/lib/python3.10/site-packages/airflow/example_dags/example_sla_dag.py
[2024-04-14T15:13:32.477+0000] {logging_mixin.py:154} INFO - [2024-04-14T15:13:32.477+0000] {dag.py:2941} INFO - Sync 1 DAGs
[2024-04-14T15:13:32.491+0000] {logging_mixin.py:154} INFO - [2024-04-14T15:13:32.491+0000] {dag.py:3722} INFO - Setting next_dagrun for example_sla_dag to 2024-04-14T15:10:00+00:00, run_after=2024-04-14T15:12:00+00:00
[2024-04-14T15:13:32.499+0000] {processor.py:179} INFO - Processing /home/airflow/.local/lib/python3.10/site-packages/airflow/example_dags/example_sla_dag.py took 0.043 seconds
[2024-04-14T15:14:03.029+0000] {processor.py:157} INFO - Started process (PID=562) to work on /home/airflow/.local/lib/python3.10/site-packages/airflow/example_dags/example_sla_dag.py
[2024-04-14T15:14:03.029+0000] {processor.py:829} INFO - Processing file /home/airflow/.local/lib/python3.10/site-packages/airflow/example_dags/example_sla_dag.py for tasks to queue
[2024-04-14T15:14:03.030+0000] {logging_mixin.py:154} INFO - [2024-04-14T15:14:03.030+0000] {dagbag.py:536} INFO - Filling up the DagBag from /home/airflow/.local/lib/python3.10/site-packages/airflow/example_dags/example_sla_dag.py
[2024-04-14T15:14:03.035+0000] {processor.py:839} INFO - DAG(s) dict_keys(['example_sla_dag']) retrieved from /home/airflow/.local/lib/python3.10/site-packages/airflow/example_dags/example_sla_dag.py
[2024-04-14T15:14:03.047+0000] {logging_mixin.py:154} INFO - [2024-04-14T15:14:03.047+0000] {dag.py:2941} INFO - Sync 1 DAGs
[2024-04-14T15:14:03.061+0000] {logging_mixin.py:154} INFO - [2024-04-14T15:14:03.061+0000] {dag.py:3722} INFO - Setting next_dagrun for example_sla_dag to 2024-04-14T15:12:00+00:00, run_after=2024-04-14T15:14:00+00:00
[2024-04-14T15:14:03.069+0000] {processor.py:179} INFO - Processing /home/airflow/.local/lib/python3.10/site-packages/airflow/example_dags/example_sla_dag.py took 0.042 seconds
[2024-04-14T15:14:33.729+0000] {processor.py:157} INFO - Started process (PID=616) to work on /home/airflow/.local/lib/python3.10/site-packages/airflow/example_dags/example_sla_dag.py
[2024-04-14T15:14:33.729+0000] {processor.py:829} INFO - Processing file /home/airflow/.local/lib/python3.10/site-packages/airflow/example_dags/example_sla_dag.py for tasks to queue
[2024-04-14T15:14:33.730+0000] {logging_mixin.py:154} INFO - [2024-04-14T15:14:33.730+0000] {dagbag.py:536} INFO - Filling up the DagBag from /home/airflow/.local/lib/python3.10/site-packages/airflow/example_dags/example_sla_dag.py
[2024-04-14T15:14:33.735+0000] {processor.py:839} INFO - DAG(s) dict_keys(['example_sla_dag']) retrieved from /home/airflow/.local/lib/python3.10/site-packages/airflow/example_dags/example_sla_dag.py
[2024-04-14T15:14:33.747+0000] {logging_mixin.py:154} INFO - [2024-04-14T15:14:33.747+0000] {dag.py:2941} INFO - Sync 1 DAGs
[2024-04-14T15:14:33.760+0000] {logging_mixin.py:154} INFO - [2024-04-14T15:14:33.760+0000] {dag.py:3722} INFO - Setting next_dagrun for example_sla_dag to 2024-04-14T15:12:00+00:00, run_after=2024-04-14T15:14:00+00:00
[2024-04-14T15:14:33.769+0000] {processor.py:179} INFO - Processing /home/airflow/.local/lib/python3.10/site-packages/airflow/example_dags/example_sla_dag.py took 0.042 seconds
[2024-04-14T15:15:04.413+0000] {processor.py:157} INFO - Started process (PID=670) to work on /home/airflow/.local/lib/python3.10/site-packages/airflow/example_dags/example_sla_dag.py
[2024-04-14T15:15:04.414+0000] {processor.py:829} INFO - Processing file /home/airflow/.local/lib/python3.10/site-packages/airflow/example_dags/example_sla_dag.py for tasks to queue
[2024-04-14T15:15:04.415+0000] {logging_mixin.py:154} INFO - [2024-04-14T15:15:04.415+0000] {dagbag.py:536} INFO - Filling up the DagBag from /home/airflow/.local/lib/python3.10/site-packages/airflow/example_dags/example_sla_dag.py
[2024-04-14T15:15:04.420+0000] {processor.py:839} INFO - DAG(s) dict_keys(['example_sla_dag']) retrieved from /home/airflow/.local/lib/python3.10/site-packages/airflow/example_dags/example_sla_dag.py
[2024-04-14T15:15:04.432+0000] {logging_mixin.py:154} INFO - [2024-04-14T15:15:04.432+0000] {dag.py:2941} INFO - Sync 1 DAGs
[2024-04-14T15:15:04.445+0000] {logging_mixin.py:154} INFO - [2024-04-14T15:15:04.445+0000] {dag.py:3722} INFO - Setting next_dagrun for example_sla_dag to 2024-04-14T15:12:00+00:00, run_after=2024-04-14T15:14:00+00:00
[2024-04-14T15:15:04.453+0000] {processor.py:179} INFO - Processing /home/airflow/.local/lib/python3.10/site-packages/airflow/example_dags/example_sla_dag.py took 0.043 seconds
[2024-04-14T15:15:35.001+0000] {processor.py:157} INFO - Started process (PID=724) to work on /home/airflow/.local/lib/python3.10/site-packages/airflow/example_dags/example_sla_dag.py
[2024-04-14T15:15:35.001+0000] {processor.py:829} INFO - Processing file /home/airflow/.local/lib/python3.10/site-packages/airflow/example_dags/example_sla_dag.py for tasks to queue
[2024-04-14T15:15:35.002+0000] {logging_mixin.py:154} INFO - [2024-04-14T15:15:35.002+0000] {dagbag.py:536} INFO - Filling up the DagBag from /home/airflow/.local/lib/python3.10/site-packages/airflow/example_dags/example_sla_dag.py
[2024-04-14T15:15:35.008+0000] {processor.py:839} INFO - DAG(s) dict_keys(['example_sla_dag']) retrieved from /home/airflow/.local/lib/python3.10/site-packages/airflow/example_dags/example_sla_dag.py
[2024-04-14T15:15:35.020+0000] {logging_mixin.py:154} INFO - [2024-04-14T15:15:35.020+0000] {dag.py:2941} INFO - Sync 1 DAGs
[2024-04-14T15:15:35.034+0000] {logging_mixin.py:154} INFO - [2024-04-14T15:15:35.034+0000] {dag.py:3722} INFO - Setting next_dagrun for example_sla_dag to 2024-04-14T15:12:00+00:00, run_after=2024-04-14T15:14:00+00:00
[2024-04-14T15:15:35.043+0000] {processor.py:179} INFO - Processing /home/airflow/.local/lib/python3.10/site-packages/airflow/example_dags/example_sla_dag.py took 0.045 seconds
[2024-04-14T15:16:05.721+0000] {processor.py:157} INFO - Started process (PID=778) to work on /home/airflow/.local/lib/python3.10/site-packages/airflow/example_dags/example_sla_dag.py
[2024-04-14T15:16:05.721+0000] {processor.py:829} INFO - Processing file /home/airflow/.local/lib/python3.10/site-packages/airflow/example_dags/example_sla_dag.py for tasks to queue
[2024-04-14T15:16:05.722+0000] {logging_mixin.py:154} INFO - [2024-04-14T15:16:05.722+0000] {dagbag.py:536} INFO - Filling up the DagBag from /home/airflow/.local/lib/python3.10/site-packages/airflow/example_dags/example_sla_dag.py
[2024-04-14T15:16:05.727+0000] {processor.py:839} INFO - DAG(s) dict_keys(['example_sla_dag']) retrieved from /home/airflow/.local/lib/python3.10/site-packages/airflow/example_dags/example_sla_dag.py
[2024-04-14T15:16:05.739+0000] {logging_mixin.py:154} INFO - [2024-04-14T15:16:05.739+0000] {dag.py:2941} INFO - Sync 1 DAGs
[2024-04-14T15:16:05.753+0000] {logging_mixin.py:154} INFO - [2024-04-14T15:16:05.753+0000] {dag.py:3722} INFO - Setting next_dagrun for example_sla_dag to 2024-04-14T15:14:00+00:00, run_after=2024-04-14T15:16:00+00:00
[2024-04-14T15:16:05.761+0000] {processor.py:179} INFO - Processing /home/airflow/.local/lib/python3.10/site-packages/airflow/example_dags/example_sla_dag.py took 0.043 seconds
[2024-04-14T15:16:36.491+0000] {processor.py:157} INFO - Started process (PID=832) to work on /home/airflow/.local/lib/python3.10/site-packages/airflow/example_dags/example_sla_dag.py
[2024-04-14T15:16:36.492+0000] {processor.py:829} INFO - Processing file /home/airflow/.local/lib/python3.10/site-packages/airflow/example_dags/example_sla_dag.py for tasks to queue
[2024-04-14T15:16:36.493+0000] {logging_mixin.py:154} INFO - [2024-04-14T15:16:36.492+0000] {dagbag.py:536} INFO - Filling up the DagBag from /home/airflow/.local/lib/python3.10/site-packages/airflow/example_dags/example_sla_dag.py
[2024-04-14T15:16:36.498+0000] {processor.py:839} INFO - DAG(s) dict_keys(['example_sla_dag']) retrieved from /home/airflow/.local/lib/python3.10/site-packages/airflow/example_dags/example_sla_dag.py
[2024-04-14T15:16:36.509+0000] {logging_mixin.py:154} INFO - [2024-04-14T15:16:36.509+0000] {dag.py:2941} INFO - Sync 1 DAGs
[2024-04-14T15:16:36.523+0000] {logging_mixin.py:154} INFO - [2024-04-14T15:16:36.523+0000] {dag.py:3722} INFO - Setting next_dagrun for example_sla_dag to 2024-04-14T15:14:00+00:00, run_after=2024-04-14T15:16:00+00:00
[2024-04-14T15:16:36.531+0000] {processor.py:179} INFO - Processing /home/airflow/.local/lib/python3.10/site-packages/airflow/example_dags/example_sla_dag.py took 0.042 seconds
[2024-04-14T15:17:07.112+0000] {processor.py:157} INFO - Started process (PID=886) to work on /home/airflow/.local/lib/python3.10/site-packages/airflow/example_dags/example_sla_dag.py
[2024-04-14T15:17:07.112+0000] {processor.py:829} INFO - Processing file /home/airflow/.local/lib/python3.10/site-packages/airflow/example_dags/example_sla_dag.py for tasks to queue
[2024-04-14T15:17:07.113+0000] {logging_mixin.py:154} INFO - [2024-04-14T15:17:07.113+0000] {dagbag.py:536} INFO - Filling up the DagBag from /home/airflow/.local/lib/python3.10/site-packages/airflow/example_dags/example_sla_dag.py
[2024-04-14T15:17:07.119+0000] {processor.py:839} INFO - DAG(s) dict_keys(['example_sla_dag']) retrieved from /home/airflow/.local/lib/python3.10/site-packages/airflow/example_dags/example_sla_dag.py
[2024-04-14T15:17:07.130+0000] {logging_mixin.py:154} INFO - [2024-04-14T15:17:07.130+0000] {dag.py:2941} INFO - Sync 1 DAGs
[2024-04-14T15:17:07.144+0000] {logging_mixin.py:154} INFO - [2024-04-14T15:17:07.144+0000] {dag.py:3722} INFO - Setting next_dagrun for example_sla_dag to 2024-04-14T15:14:00+00:00, run_after=2024-04-14T15:16:00+00:00
[2024-04-14T15:17:07.152+0000] {processor.py:179} INFO - Processing /home/airflow/.local/lib/python3.10/site-packages/airflow/example_dags/example_sla_dag.py took 0.042 seconds
[2024-04-14T15:17:37.743+0000] {processor.py:157} INFO - Started process (PID=940) to work on /home/airflow/.local/lib/python3.10/site-packages/airflow/example_dags/example_sla_dag.py
[2024-04-14T15:17:37.744+0000] {processor.py:829} INFO - Processing file /home/airflow/.local/lib/python3.10/site-packages/airflow/example_dags/example_sla_dag.py for tasks to queue
[2024-04-14T15:17:37.745+0000] {logging_mixin.py:154} INFO - [2024-04-14T15:17:37.744+0000] {dagbag.py:536} INFO - Filling up the DagBag from /home/airflow/.local/lib/python3.10/site-packages/airflow/example_dags/example_sla_dag.py
[2024-04-14T15:17:37.750+0000] {processor.py:839} INFO - DAG(s) dict_keys(['example_sla_dag']) retrieved from /home/airflow/.local/lib/python3.10/site-packages/airflow/example_dags/example_sla_dag.py
[2024-04-14T15:17:37.761+0000] {logging_mixin.py:154} INFO - [2024-04-14T15:17:37.761+0000] {dag.py:2941} INFO - Sync 1 DAGs
[2024-04-14T15:17:37.775+0000] {logging_mixin.py:154} INFO - [2024-04-14T15:17:37.775+0000] {dag.py:3722} INFO - Setting next_dagrun for example_sla_dag to 2024-04-14T15:14:00+00:00, run_after=2024-04-14T15:16:00+00:00
[2024-04-14T15:17:37.784+0000] {processor.py:179} INFO - Processing /home/airflow/.local/lib/python3.10/site-packages/airflow/example_dags/example_sla_dag.py took 0.043 seconds
[2024-04-14T15:18:08.366+0000] {processor.py:157} INFO - Started process (PID=994) to work on /home/airflow/.local/lib/python3.10/site-packages/airflow/example_dags/example_sla_dag.py
[2024-04-14T15:18:08.366+0000] {processor.py:829} INFO - Processing file /home/airflow/.local/lib/python3.10/site-packages/airflow/example_dags/example_sla_dag.py for tasks to queue
[2024-04-14T15:18:08.367+0000] {logging_mixin.py:154} INFO - [2024-04-14T15:18:08.367+0000] {dagbag.py:536} INFO - Filling up the DagBag from /home/airflow/.local/lib/python3.10/site-packages/airflow/example_dags/example_sla_dag.py
[2024-04-14T15:18:08.372+0000] {processor.py:839} INFO - DAG(s) dict_keys(['example_sla_dag']) retrieved from /home/airflow/.local/lib/python3.10/site-packages/airflow/example_dags/example_sla_dag.py
[2024-04-14T15:18:08.384+0000] {logging_mixin.py:154} INFO - [2024-04-14T15:18:08.384+0000] {dag.py:2941} INFO - Sync 1 DAGs
[2024-04-14T15:18:08.397+0000] {logging_mixin.py:154} INFO - [2024-04-14T15:18:08.397+0000] {dag.py:3722} INFO - Setting next_dagrun for example_sla_dag to 2024-04-14T15:16:00+00:00, run_after=2024-04-14T15:18:00+00:00
[2024-04-14T15:18:08.405+0000] {processor.py:179} INFO - Processing /home/airflow/.local/lib/python3.10/site-packages/airflow/example_dags/example_sla_dag.py took 0.042 seconds
[2024-04-14T15:18:39.150+0000] {processor.py:157} INFO - Started process (PID=1048) to work on /home/airflow/.local/lib/python3.10/site-packages/airflow/example_dags/example_sla_dag.py
[2024-04-14T15:18:39.151+0000] {processor.py:829} INFO - Processing file /home/airflow/.local/lib/python3.10/site-packages/airflow/example_dags/example_sla_dag.py for tasks to queue
[2024-04-14T15:18:39.152+0000] {logging_mixin.py:154} INFO - [2024-04-14T15:18:39.152+0000] {dagbag.py:536} INFO - Filling up the DagBag from /home/airflow/.local/lib/python3.10/site-packages/airflow/example_dags/example_sla_dag.py
[2024-04-14T15:18:39.157+0000] {processor.py:839} INFO - DAG(s) dict_keys(['example_sla_dag']) retrieved from /home/airflow/.local/lib/python3.10/site-packages/airflow/example_dags/example_sla_dag.py
[2024-04-14T15:18:39.169+0000] {logging_mixin.py:154} INFO - [2024-04-14T15:18:39.169+0000] {dag.py:2941} INFO - Sync 1 DAGs
[2024-04-14T15:18:39.183+0000] {logging_mixin.py:154} INFO - [2024-04-14T15:18:39.183+0000] {dag.py:3722} INFO - Setting next_dagrun for example_sla_dag to 2024-04-14T15:16:00+00:00, run_after=2024-04-14T15:18:00+00:00
[2024-04-14T15:18:39.191+0000] {processor.py:179} INFO - Processing /home/airflow/.local/lib/python3.10/site-packages/airflow/example_dags/example_sla_dag.py took 0.043 seconds
[2024-04-14T15:19:09.766+0000] {processor.py:157} INFO - Started process (PID=1102) to work on /home/airflow/.local/lib/python3.10/site-packages/airflow/example_dags/example_sla_dag.py
[2024-04-14T15:19:09.767+0000] {processor.py:829} INFO - Processing file /home/airflow/.local/lib/python3.10/site-packages/airflow/example_dags/example_sla_dag.py for tasks to queue
[2024-04-14T15:19:09.768+0000] {logging_mixin.py:154} INFO - [2024-04-14T15:19:09.768+0000] {dagbag.py:536} INFO - Filling up the DagBag from /home/airflow/.local/lib/python3.10/site-packages/airflow/example_dags/example_sla_dag.py
[2024-04-14T15:19:09.773+0000] {processor.py:839} INFO - DAG(s) dict_keys(['example_sla_dag']) retrieved from /home/airflow/.local/lib/python3.10/site-packages/airflow/example_dags/example_sla_dag.py
[2024-04-14T15:19:09.785+0000] {logging_mixin.py:154} INFO - [2024-04-14T15:19:09.785+0000] {dag.py:2941} INFO - Sync 1 DAGs
[2024-04-14T15:19:09.799+0000] {logging_mixin.py:154} INFO - [2024-04-14T15:19:09.799+0000] {dag.py:3722} INFO - Setting next_dagrun for example_sla_dag to 2024-04-14T15:16:00+00:00, run_after=2024-04-14T15:18:00+00:00
[2024-04-14T15:19:09.807+0000] {processor.py:179} INFO - Processing /home/airflow/.local/lib/python3.10/site-packages/airflow/example_dags/example_sla_dag.py took 0.042 seconds
[2024-04-14T15:19:40.412+0000] {processor.py:157} INFO - Started process (PID=1156) to work on /home/airflow/.local/lib/python3.10/site-packages/airflow/example_dags/example_sla_dag.py
[2024-04-14T15:19:40.412+0000] {processor.py:829} INFO - Processing file /home/airflow/.local/lib/python3.10/site-packages/airflow/example_dags/example_sla_dag.py for tasks to queue
[2024-04-14T15:19:40.413+0000] {logging_mixin.py:154} INFO - [2024-04-14T15:19:40.413+0000] {dagbag.py:536} INFO - Filling up the DagBag from /home/airflow/.local/lib/python3.10/site-packages/airflow/example_dags/example_sla_dag.py
[2024-04-14T15:19:40.418+0000] {processor.py:839} INFO - DAG(s) dict_keys(['example_sla_dag']) retrieved from /home/airflow/.local/lib/python3.10/site-packages/airflow/example_dags/example_sla_dag.py
[2024-04-14T15:19:40.430+0000] {logging_mixin.py:154} INFO - [2024-04-14T15:19:40.429+0000] {dag.py:2941} INFO - Sync 1 DAGs
[2024-04-14T15:19:40.443+0000] {logging_mixin.py:154} INFO - [2024-04-14T15:19:40.442+0000] {dag.py:3722} INFO - Setting next_dagrun for example_sla_dag to 2024-04-14T15:16:00+00:00, run_after=2024-04-14T15:18:00+00:00
[2024-04-14T15:19:40.450+0000] {processor.py:179} INFO - Processing /home/airflow/.local/lib/python3.10/site-packages/airflow/example_dags/example_sla_dag.py took 0.041 seconds
[2024-04-14T15:20:11.184+0000] {processor.py:157} INFO - Started process (PID=1210) to work on /home/airflow/.local/lib/python3.10/site-packages/airflow/example_dags/example_sla_dag.py
[2024-04-14T15:20:11.184+0000] {processor.py:829} INFO - Processing file /home/airflow/.local/lib/python3.10/site-packages/airflow/example_dags/example_sla_dag.py for tasks to queue
[2024-04-14T15:20:11.185+0000] {logging_mixin.py:154} INFO - [2024-04-14T15:20:11.185+0000] {dagbag.py:536} INFO - Filling up the DagBag from /home/airflow/.local/lib/python3.10/site-packages/airflow/example_dags/example_sla_dag.py
[2024-04-14T15:20:11.190+0000] {processor.py:839} INFO - DAG(s) dict_keys(['example_sla_dag']) retrieved from /home/airflow/.local/lib/python3.10/site-packages/airflow/example_dags/example_sla_dag.py
[2024-04-14T15:20:11.202+0000] {logging_mixin.py:154} INFO - [2024-04-14T15:20:11.202+0000] {dag.py:2941} INFO - Sync 1 DAGs
[2024-04-14T15:20:11.216+0000] {logging_mixin.py:154} INFO - [2024-04-14T15:20:11.216+0000] {dag.py:3722} INFO - Setting next_dagrun for example_sla_dag to 2024-04-14T15:18:00+00:00, run_after=2024-04-14T15:20:00+00:00
[2024-04-14T15:20:11.225+0000] {processor.py:179} INFO - Processing /home/airflow/.local/lib/python3.10/site-packages/airflow/example_dags/example_sla_dag.py took 0.043 seconds
[2024-04-14T15:20:41.757+0000] {processor.py:157} INFO - Started process (PID=1264) to work on /home/airflow/.local/lib/python3.10/site-packages/airflow/example_dags/example_sla_dag.py
[2024-04-14T15:20:41.758+0000] {processor.py:829} INFO - Processing file /home/airflow/.local/lib/python3.10/site-packages/airflow/example_dags/example_sla_dag.py for tasks to queue
[2024-04-14T15:20:41.759+0000] {logging_mixin.py:154} INFO - [2024-04-14T15:20:41.759+0000] {dagbag.py:536} INFO - Filling up the DagBag from /home/airflow/.local/lib/python3.10/site-packages/airflow/example_dags/example_sla_dag.py
[2024-04-14T15:20:41.764+0000] {processor.py:839} INFO - DAG(s) dict_keys(['example_sla_dag']) retrieved from /home/airflow/.local/lib/python3.10/site-packages/airflow/example_dags/example_sla_dag.py
[2024-04-14T15:20:41.776+0000] {logging_mixin.py:154} INFO - [2024-04-14T15:20:41.776+0000] {dag.py:2941} INFO - Sync 1 DAGs
[2024-04-14T15:20:41.789+0000] {logging_mixin.py:154} INFO - [2024-04-14T15:20:41.789+0000] {dag.py:3722} INFO - Setting next_dagrun for example_sla_dag to 2024-04-14T15:18:00+00:00, run_after=2024-04-14T15:20:00+00:00
[2024-04-14T15:20:41.797+0000] {processor.py:179} INFO - Processing /home/airflow/.local/lib/python3.10/site-packages/airflow/example_dags/example_sla_dag.py took 0.042 seconds
[2024-04-14T15:21:12.465+0000] {processor.py:157} INFO - Started process (PID=1318) to work on /home/airflow/.local/lib/python3.10/site-packages/airflow/example_dags/example_sla_dag.py
[2024-04-14T15:21:12.466+0000] {processor.py:829} INFO - Processing file /home/airflow/.local/lib/python3.10/site-packages/airflow/example_dags/example_sla_dag.py for tasks to queue
[2024-04-14T15:21:12.468+0000] {logging_mixin.py:154} INFO - [2024-04-14T15:21:12.467+0000] {dagbag.py:536} INFO - Filling up the DagBag from /home/airflow/.local/lib/python3.10/site-packages/airflow/example_dags/example_sla_dag.py
[2024-04-14T15:21:12.473+0000] {processor.py:839} INFO - DAG(s) dict_keys(['example_sla_dag']) retrieved from /home/airflow/.local/lib/python3.10/site-packages/airflow/example_dags/example_sla_dag.py
[2024-04-14T15:21:12.485+0000] {logging_mixin.py:154} INFO - [2024-04-14T15:21:12.485+0000] {dag.py:2941} INFO - Sync 1 DAGs
[2024-04-14T15:21:12.500+0000] {logging_mixin.py:154} INFO - [2024-04-14T15:21:12.500+0000] {dag.py:3722} INFO - Setting next_dagrun for example_sla_dag to 2024-04-14T15:18:00+00:00, run_after=2024-04-14T15:20:00+00:00
[2024-04-14T15:21:12.508+0000] {processor.py:179} INFO - Processing /home/airflow/.local/lib/python3.10/site-packages/airflow/example_dags/example_sla_dag.py took 0.045 seconds
[2024-04-14T15:21:43.214+0000] {processor.py:157} INFO - Started process (PID=1372) to work on /home/airflow/.local/lib/python3.10/site-packages/airflow/example_dags/example_sla_dag.py
[2024-04-14T15:21:43.215+0000] {processor.py:829} INFO - Processing file /home/airflow/.local/lib/python3.10/site-packages/airflow/example_dags/example_sla_dag.py for tasks to queue
[2024-04-14T15:21:43.216+0000] {logging_mixin.py:154} INFO - [2024-04-14T15:21:43.216+0000] {dagbag.py:536} INFO - Filling up the DagBag from /home/airflow/.local/lib/python3.10/site-packages/airflow/example_dags/example_sla_dag.py
[2024-04-14T15:21:43.221+0000] {processor.py:839} INFO - DAG(s) dict_keys(['example_sla_dag']) retrieved from /home/airflow/.local/lib/python3.10/site-packages/airflow/example_dags/example_sla_dag.py
[2024-04-14T15:21:43.233+0000] {logging_mixin.py:154} INFO - [2024-04-14T15:21:43.233+0000] {dag.py:2941} INFO - Sync 1 DAGs
[2024-04-14T15:21:43.247+0000] {logging_mixin.py:154} INFO - [2024-04-14T15:21:43.247+0000] {dag.py:3722} INFO - Setting next_dagrun for example_sla_dag to 2024-04-14T15:18:00+00:00, run_after=2024-04-14T15:20:00+00:00
[2024-04-14T15:21:43.255+0000] {processor.py:179} INFO - Processing /home/airflow/.local/lib/python3.10/site-packages/airflow/example_dags/example_sla_dag.py took 0.044 seconds
[2024-04-14T15:22:13.829+0000] {processor.py:157} INFO - Started process (PID=1426) to work on /home/airflow/.local/lib/python3.10/site-packages/airflow/example_dags/example_sla_dag.py
[2024-04-14T15:22:13.829+0000] {processor.py:829} INFO - Processing file /home/airflow/.local/lib/python3.10/site-packages/airflow/example_dags/example_sla_dag.py for tasks to queue
[2024-04-14T15:22:13.830+0000] {logging_mixin.py:154} INFO - [2024-04-14T15:22:13.830+0000] {dagbag.py:536} INFO - Filling up the DagBag from /home/airflow/.local/lib/python3.10/site-packages/airflow/example_dags/example_sla_dag.py
[2024-04-14T15:22:13.835+0000] {processor.py:839} INFO - DAG(s) dict_keys(['example_sla_dag']) retrieved from /home/airflow/.local/lib/python3.10/site-packages/airflow/example_dags/example_sla_dag.py
[2024-04-14T15:22:13.847+0000] {logging_mixin.py:154} INFO - [2024-04-14T15:22:13.847+0000] {dag.py:2941} INFO - Sync 1 DAGs
[2024-04-14T15:22:13.862+0000] {logging_mixin.py:154} INFO - [2024-04-14T15:22:13.862+0000] {dag.py:3722} INFO - Setting next_dagrun for example_sla_dag to 2024-04-14T15:20:00+00:00, run_after=2024-04-14T15:22:00+00:00
[2024-04-14T15:22:13.870+0000] {processor.py:179} INFO - Processing /home/airflow/.local/lib/python3.10/site-packages/airflow/example_dags/example_sla_dag.py took 0.044 seconds
[2024-04-14T15:22:44.633+0000] {processor.py:157} INFO - Started process (PID=1480) to work on /home/airflow/.local/lib/python3.10/site-packages/airflow/example_dags/example_sla_dag.py
[2024-04-14T15:22:44.633+0000] {processor.py:829} INFO - Processing file /home/airflow/.local/lib/python3.10/site-packages/airflow/example_dags/example_sla_dag.py for tasks to queue
[2024-04-14T15:22:44.634+0000] {logging_mixin.py:154} INFO - [2024-04-14T15:22:44.634+0000] {dagbag.py:536} INFO - Filling up the DagBag from /home/airflow/.local/lib/python3.10/site-packages/airflow/example_dags/example_sla_dag.py
[2024-04-14T15:22:44.639+0000] {processor.py:839} INFO - DAG(s) dict_keys(['example_sla_dag']) retrieved from /home/airflow/.local/lib/python3.10/site-packages/airflow/example_dags/example_sla_dag.py
[2024-04-14T15:22:44.651+0000] {logging_mixin.py:154} INFO - [2024-04-14T15:22:44.651+0000] {dag.py:2941} INFO - Sync 1 DAGs
[2024-04-14T15:22:44.665+0000] {logging_mixin.py:154} INFO - [2024-04-14T15:22:44.665+0000] {dag.py:3722} INFO - Setting next_dagrun for example_sla_dag to 2024-04-14T15:20:00+00:00, run_after=2024-04-14T15:22:00+00:00
[2024-04-14T15:22:44.674+0000] {processor.py:179} INFO - Processing /home/airflow/.local/lib/python3.10/site-packages/airflow/example_dags/example_sla_dag.py took 0.043 seconds
[2024-04-14T15:23:15.361+0000] {processor.py:157} INFO - Started process (PID=1534) to work on /home/airflow/.local/lib/python3.10/site-packages/airflow/example_dags/example_sla_dag.py
[2024-04-14T15:23:15.361+0000] {processor.py:829} INFO - Processing file /home/airflow/.local/lib/python3.10/site-packages/airflow/example_dags/example_sla_dag.py for tasks to queue
[2024-04-14T15:23:15.362+0000] {logging_mixin.py:154} INFO - [2024-04-14T15:23:15.362+0000] {dagbag.py:536} INFO - Filling up the DagBag from /home/airflow/.local/lib/python3.10/site-packages/airflow/example_dags/example_sla_dag.py
[2024-04-14T15:23:15.368+0000] {processor.py:839} INFO - DAG(s) dict_keys(['example_sla_dag']) retrieved from /home/airflow/.local/lib/python3.10/site-packages/airflow/example_dags/example_sla_dag.py
[2024-04-14T15:23:15.381+0000] {logging_mixin.py:154} INFO - [2024-04-14T15:23:15.381+0000] {dag.py:2941} INFO - Sync 1 DAGs
[2024-04-14T15:23:15.395+0000] {logging_mixin.py:154} INFO - [2024-04-14T15:23:15.395+0000] {dag.py:3722} INFO - Setting next_dagrun for example_sla_dag to 2024-04-14T15:20:00+00:00, run_after=2024-04-14T15:22:00+00:00
[2024-04-14T15:23:15.404+0000] {processor.py:179} INFO - Processing /home/airflow/.local/lib/python3.10/site-packages/airflow/example_dags/example_sla_dag.py took 0.045 seconds
[2024-04-14T15:23:46.170+0000] {processor.py:157} INFO - Started process (PID=1588) to work on /home/airflow/.local/lib/python3.10/site-packages/airflow/example_dags/example_sla_dag.py
[2024-04-14T15:23:46.171+0000] {processor.py:829} INFO - Processing file /home/airflow/.local/lib/python3.10/site-packages/airflow/example_dags/example_sla_dag.py for tasks to queue
[2024-04-14T15:23:46.172+0000] {logging_mixin.py:154} INFO - [2024-04-14T15:23:46.172+0000] {dagbag.py:536} INFO - Filling up the DagBag from /home/airflow/.local/lib/python3.10/site-packages/airflow/example_dags/example_sla_dag.py
[2024-04-14T15:23:46.177+0000] {processor.py:839} INFO - DAG(s) dict_keys(['example_sla_dag']) retrieved from /home/airflow/.local/lib/python3.10/site-packages/airflow/example_dags/example_sla_dag.py
[2024-04-14T15:23:46.189+0000] {logging_mixin.py:154} INFO - [2024-04-14T15:23:46.189+0000] {dag.py:2941} INFO - Sync 1 DAGs
[2024-04-14T15:23:46.203+0000] {logging_mixin.py:154} INFO - [2024-04-14T15:23:46.203+0000] {dag.py:3722} INFO - Setting next_dagrun for example_sla_dag to 2024-04-14T15:20:00+00:00, run_after=2024-04-14T15:22:00+00:00
[2024-04-14T15:23:46.211+0000] {processor.py:179} INFO - Processing /home/airflow/.local/lib/python3.10/site-packages/airflow/example_dags/example_sla_dag.py took 0.043 seconds
[2024-04-14T15:24:17.008+0000] {processor.py:157} INFO - Started process (PID=1642) to work on /home/airflow/.local/lib/python3.10/site-packages/airflow/example_dags/example_sla_dag.py
[2024-04-14T15:24:17.008+0000] {processor.py:829} INFO - Processing file /home/airflow/.local/lib/python3.10/site-packages/airflow/example_dags/example_sla_dag.py for tasks to queue
[2024-04-14T15:24:17.009+0000] {logging_mixin.py:154} INFO - [2024-04-14T15:24:17.009+0000] {dagbag.py:536} INFO - Filling up the DagBag from /home/airflow/.local/lib/python3.10/site-packages/airflow/example_dags/example_sla_dag.py
[2024-04-14T15:24:17.014+0000] {processor.py:839} INFO - DAG(s) dict_keys(['example_sla_dag']) retrieved from /home/airflow/.local/lib/python3.10/site-packages/airflow/example_dags/example_sla_dag.py
[2024-04-14T15:24:17.026+0000] {logging_mixin.py:154} INFO - [2024-04-14T15:24:17.026+0000] {dag.py:2941} INFO - Sync 1 DAGs
[2024-04-14T15:24:17.039+0000] {logging_mixin.py:154} INFO - [2024-04-14T15:24:17.039+0000] {dag.py:3722} INFO - Setting next_dagrun for example_sla_dag to 2024-04-14T15:22:00+00:00, run_after=2024-04-14T15:24:00+00:00
[2024-04-14T15:24:17.048+0000] {processor.py:179} INFO - Processing /home/airflow/.local/lib/python3.10/site-packages/airflow/example_dags/example_sla_dag.py took 0.042 seconds
[2024-04-14T15:24:47.675+0000] {processor.py:157} INFO - Started process (PID=1696) to work on /home/airflow/.local/lib/python3.10/site-packages/airflow/example_dags/example_sla_dag.py
[2024-04-14T15:24:47.676+0000] {processor.py:829} INFO - Processing file /home/airflow/.local/lib/python3.10/site-packages/airflow/example_dags/example_sla_dag.py for tasks to queue
[2024-04-14T15:24:47.677+0000] {logging_mixin.py:154} INFO - [2024-04-14T15:24:47.677+0000] {dagbag.py:536} INFO - Filling up the DagBag from /home/airflow/.local/lib/python3.10/site-packages/airflow/example_dags/example_sla_dag.py
[2024-04-14T15:24:47.682+0000] {processor.py:839} INFO - DAG(s) dict_keys(['example_sla_dag']) retrieved from /home/airflow/.local/lib/python3.10/site-packages/airflow/example_dags/example_sla_dag.py
[2024-04-14T15:24:47.694+0000] {logging_mixin.py:154} INFO - [2024-04-14T15:24:47.694+0000] {dag.py:2941} INFO - Sync 1 DAGs
[2024-04-14T15:24:47.707+0000] {logging_mixin.py:154} INFO - [2024-04-14T15:24:47.707+0000] {dag.py:3722} INFO - Setting next_dagrun for example_sla_dag to 2024-04-14T15:22:00+00:00, run_after=2024-04-14T15:24:00+00:00
[2024-04-14T15:24:47.715+0000] {processor.py:179} INFO - Processing /home/airflow/.local/lib/python3.10/site-packages/airflow/example_dags/example_sla_dag.py took 0.042 seconds
[2024-04-14T15:25:18.384+0000] {processor.py:157} INFO - Started process (PID=1750) to work on /home/airflow/.local/lib/python3.10/site-packages/airflow/example_dags/example_sla_dag.py
[2024-04-14T15:25:18.385+0000] {processor.py:829} INFO - Processing file /home/airflow/.local/lib/python3.10/site-packages/airflow/example_dags/example_sla_dag.py for tasks to queue
[2024-04-14T15:25:18.386+0000] {logging_mixin.py:154} INFO - [2024-04-14T15:25:18.386+0000] {dagbag.py:536} INFO - Filling up the DagBag from /home/airflow/.local/lib/python3.10/site-packages/airflow/example_dags/example_sla_dag.py
[2024-04-14T15:25:18.391+0000] {processor.py:839} INFO - DAG(s) dict_keys(['example_sla_dag']) retrieved from /home/airflow/.local/lib/python3.10/site-packages/airflow/example_dags/example_sla_dag.py
[2024-04-14T15:25:18.405+0000] {logging_mixin.py:154} INFO - [2024-04-14T15:25:18.405+0000] {dag.py:2941} INFO - Sync 1 DAGs
[2024-04-14T15:25:18.420+0000] {logging_mixin.py:154} INFO - [2024-04-14T15:25:18.420+0000] {dag.py:3722} INFO - Setting next_dagrun for example_sla_dag to 2024-04-14T15:22:00+00:00, run_after=2024-04-14T15:24:00+00:00
[2024-04-14T15:25:18.430+0000] {processor.py:179} INFO - Processing /home/airflow/.local/lib/python3.10/site-packages/airflow/example_dags/example_sla_dag.py took 0.048 seconds
[2024-04-14T15:25:49.127+0000] {processor.py:157} INFO - Started process (PID=1804) to work on /home/airflow/.local/lib/python3.10/site-packages/airflow/example_dags/example_sla_dag.py
[2024-04-14T15:25:49.128+0000] {processor.py:829} INFO - Processing file /home/airflow/.local/lib/python3.10/site-packages/airflow/example_dags/example_sla_dag.py for tasks to queue
[2024-04-14T15:25:49.129+0000] {logging_mixin.py:154} INFO - [2024-04-14T15:25:49.129+0000] {dagbag.py:536} INFO - Filling up the DagBag from /home/airflow/.local/lib/python3.10/site-packages/airflow/example_dags/example_sla_dag.py
[2024-04-14T15:25:49.134+0000] {processor.py:839} INFO - DAG(s) dict_keys(['example_sla_dag']) retrieved from /home/airflow/.local/lib/python3.10/site-packages/airflow/example_dags/example_sla_dag.py
[2024-04-14T15:25:49.146+0000] {logging_mixin.py:154} INFO - [2024-04-14T15:25:49.146+0000] {dag.py:2941} INFO - Sync 1 DAGs
[2024-04-14T15:25:49.161+0000] {logging_mixin.py:154} INFO - [2024-04-14T15:25:49.161+0000] {dag.py:3722} INFO - Setting next_dagrun for example_sla_dag to 2024-04-14T15:22:00+00:00, run_after=2024-04-14T15:24:00+00:00
[2024-04-14T15:25:49.169+0000] {processor.py:179} INFO - Processing /home/airflow/.local/lib/python3.10/site-packages/airflow/example_dags/example_sla_dag.py took 0.044 seconds
[2024-04-14T15:26:19.844+0000] {processor.py:157} INFO - Started process (PID=1865) to work on /home/airflow/.local/lib/python3.10/site-packages/airflow/example_dags/example_sla_dag.py
[2024-04-14T15:26:19.844+0000] {processor.py:829} INFO - Processing file /home/airflow/.local/lib/python3.10/site-packages/airflow/example_dags/example_sla_dag.py for tasks to queue
[2024-04-14T15:26:19.845+0000] {logging_mixin.py:154} INFO - [2024-04-14T15:26:19.845+0000] {dagbag.py:536} INFO - Filling up the DagBag from /home/airflow/.local/lib/python3.10/site-packages/airflow/example_dags/example_sla_dag.py
[2024-04-14T15:26:19.851+0000] {processor.py:839} INFO - DAG(s) dict_keys(['example_sla_dag']) retrieved from /home/airflow/.local/lib/python3.10/site-packages/airflow/example_dags/example_sla_dag.py
[2024-04-14T15:26:19.864+0000] {logging_mixin.py:154} INFO - [2024-04-14T15:26:19.863+0000] {dag.py:2941} INFO - Sync 1 DAGs
[2024-04-14T15:26:19.878+0000] {logging_mixin.py:154} INFO - [2024-04-14T15:26:19.878+0000] {dag.py:3722} INFO - Setting next_dagrun for example_sla_dag to 2024-04-14T15:24:00+00:00, run_after=2024-04-14T15:26:00+00:00
[2024-04-14T15:26:19.887+0000] {processor.py:179} INFO - Processing /home/airflow/.local/lib/python3.10/site-packages/airflow/example_dags/example_sla_dag.py took 0.046 seconds
[2024-04-14T15:26:50.598+0000] {processor.py:157} INFO - Started process (PID=1919) to work on /home/airflow/.local/lib/python3.10/site-packages/airflow/example_dags/example_sla_dag.py
[2024-04-14T15:26:50.598+0000] {processor.py:829} INFO - Processing file /home/airflow/.local/lib/python3.10/site-packages/airflow/example_dags/example_sla_dag.py for tasks to queue
[2024-04-14T15:26:50.599+0000] {logging_mixin.py:154} INFO - [2024-04-14T15:26:50.599+0000] {dagbag.py:536} INFO - Filling up the DagBag from /home/airflow/.local/lib/python3.10/site-packages/airflow/example_dags/example_sla_dag.py
[2024-04-14T15:26:50.606+0000] {processor.py:839} INFO - DAG(s) dict_keys(['example_sla_dag']) retrieved from /home/airflow/.local/lib/python3.10/site-packages/airflow/example_dags/example_sla_dag.py
[2024-04-14T15:26:50.619+0000] {logging_mixin.py:154} INFO - [2024-04-14T15:26:50.619+0000] {dag.py:2941} INFO - Sync 1 DAGs
[2024-04-14T15:26:50.634+0000] {logging_mixin.py:154} INFO - [2024-04-14T15:26:50.634+0000] {dag.py:3722} INFO - Setting next_dagrun for example_sla_dag to 2024-04-14T15:24:00+00:00, run_after=2024-04-14T15:26:00+00:00
[2024-04-14T15:26:50.643+0000] {processor.py:179} INFO - Processing /home/airflow/.local/lib/python3.10/site-packages/airflow/example_dags/example_sla_dag.py took 0.048 seconds
[2024-04-14T15:27:21.329+0000] {processor.py:157} INFO - Started process (PID=1973) to work on /home/airflow/.local/lib/python3.10/site-packages/airflow/example_dags/example_sla_dag.py
[2024-04-14T15:27:21.330+0000] {processor.py:829} INFO - Processing file /home/airflow/.local/lib/python3.10/site-packages/airflow/example_dags/example_sla_dag.py for tasks to queue
[2024-04-14T15:27:21.331+0000] {logging_mixin.py:154} INFO - [2024-04-14T15:27:21.331+0000] {dagbag.py:536} INFO - Filling up the DagBag from /home/airflow/.local/lib/python3.10/site-packages/airflow/example_dags/example_sla_dag.py
[2024-04-14T15:27:21.336+0000] {processor.py:839} INFO - DAG(s) dict_keys(['example_sla_dag']) retrieved from /home/airflow/.local/lib/python3.10/site-packages/airflow/example_dags/example_sla_dag.py
[2024-04-14T15:27:21.348+0000] {logging_mixin.py:154} INFO - [2024-04-14T15:27:21.348+0000] {dag.py:2941} INFO - Sync 1 DAGs
[2024-04-14T15:27:21.362+0000] {logging_mixin.py:154} INFO - [2024-04-14T15:27:21.362+0000] {dag.py:3722} INFO - Setting next_dagrun for example_sla_dag to 2024-04-14T15:24:00+00:00, run_after=2024-04-14T15:26:00+00:00
[2024-04-14T15:27:21.371+0000] {processor.py:179} INFO - Processing /home/airflow/.local/lib/python3.10/site-packages/airflow/example_dags/example_sla_dag.py took 0.044 seconds
[2024-04-14T15:27:52.096+0000] {processor.py:157} INFO - Started process (PID=2027) to work on /home/airflow/.local/lib/python3.10/site-packages/airflow/example_dags/example_sla_dag.py
[2024-04-14T15:27:52.097+0000] {processor.py:829} INFO - Processing file /home/airflow/.local/lib/python3.10/site-packages/airflow/example_dags/example_sla_dag.py for tasks to queue
[2024-04-14T15:27:52.098+0000] {logging_mixin.py:154} INFO - [2024-04-14T15:27:52.098+0000] {dagbag.py:536} INFO - Filling up the DagBag from /home/airflow/.local/lib/python3.10/site-packages/airflow/example_dags/example_sla_dag.py
[2024-04-14T15:27:52.104+0000] {processor.py:839} INFO - DAG(s) dict_keys(['example_sla_dag']) retrieved from /home/airflow/.local/lib/python3.10/site-packages/airflow/example_dags/example_sla_dag.py
[2024-04-14T15:27:52.117+0000] {logging_mixin.py:154} INFO - [2024-04-14T15:27:52.117+0000] {dag.py:2941} INFO - Sync 1 DAGs
[2024-04-14T15:27:52.132+0000] {logging_mixin.py:154} INFO - [2024-04-14T15:27:52.131+0000] {dag.py:3722} INFO - Setting next_dagrun for example_sla_dag to 2024-04-14T15:24:00+00:00, run_after=2024-04-14T15:26:00+00:00
[2024-04-14T15:27:52.142+0000] {processor.py:179} INFO - Processing /home/airflow/.local/lib/python3.10/site-packages/airflow/example_dags/example_sla_dag.py took 0.048 seconds
[2024-04-14T15:28:22.811+0000] {processor.py:157} INFO - Started process (PID=2081) to work on /home/airflow/.local/lib/python3.10/site-packages/airflow/example_dags/example_sla_dag.py
[2024-04-14T15:28:22.811+0000] {processor.py:829} INFO - Processing file /home/airflow/.local/lib/python3.10/site-packages/airflow/example_dags/example_sla_dag.py for tasks to queue
[2024-04-14T15:28:22.812+0000] {logging_mixin.py:154} INFO - [2024-04-14T15:28:22.812+0000] {dagbag.py:536} INFO - Filling up the DagBag from /home/airflow/.local/lib/python3.10/site-packages/airflow/example_dags/example_sla_dag.py
[2024-04-14T15:28:22.818+0000] {processor.py:839} INFO - DAG(s) dict_keys(['example_sla_dag']) retrieved from /home/airflow/.local/lib/python3.10/site-packages/airflow/example_dags/example_sla_dag.py
[2024-04-14T15:28:22.831+0000] {logging_mixin.py:154} INFO - [2024-04-14T15:28:22.831+0000] {dag.py:2941} INFO - Sync 1 DAGs
[2024-04-14T15:28:22.846+0000] {logging_mixin.py:154} INFO - [2024-04-14T15:28:22.846+0000] {dag.py:3722} INFO - Setting next_dagrun for example_sla_dag to 2024-04-14T15:26:00+00:00, run_after=2024-04-14T15:28:00+00:00
[2024-04-14T15:28:22.855+0000] {processor.py:179} INFO - Processing /home/airflow/.local/lib/python3.10/site-packages/airflow/example_dags/example_sla_dag.py took 0.046 seconds
[2024-04-14T15:28:53.465+0000] {processor.py:157} INFO - Started process (PID=2135) to work on /home/airflow/.local/lib/python3.10/site-packages/airflow/example_dags/example_sla_dag.py
[2024-04-14T15:28:53.466+0000] {processor.py:829} INFO - Processing file /home/airflow/.local/lib/python3.10/site-packages/airflow/example_dags/example_sla_dag.py for tasks to queue
[2024-04-14T15:28:53.468+0000] {logging_mixin.py:154} INFO - [2024-04-14T15:28:53.467+0000] {dagbag.py:536} INFO - Filling up the DagBag from /home/airflow/.local/lib/python3.10/site-packages/airflow/example_dags/example_sla_dag.py
[2024-04-14T15:28:53.473+0000] {processor.py:839} INFO - DAG(s) dict_keys(['example_sla_dag']) retrieved from /home/airflow/.local/lib/python3.10/site-packages/airflow/example_dags/example_sla_dag.py
[2024-04-14T15:28:53.486+0000] {logging_mixin.py:154} INFO - [2024-04-14T15:28:53.486+0000] {dag.py:2941} INFO - Sync 1 DAGs
[2024-04-14T15:28:53.500+0000] {logging_mixin.py:154} INFO - [2024-04-14T15:28:53.500+0000] {dag.py:3722} INFO - Setting next_dagrun for example_sla_dag to 2024-04-14T15:26:00+00:00, run_after=2024-04-14T15:28:00+00:00
[2024-04-14T15:28:53.509+0000] {processor.py:179} INFO - Processing /home/airflow/.local/lib/python3.10/site-packages/airflow/example_dags/example_sla_dag.py took 0.046 seconds
[2024-04-14T15:29:24.291+0000] {processor.py:157} INFO - Started process (PID=2189) to work on /home/airflow/.local/lib/python3.10/site-packages/airflow/example_dags/example_sla_dag.py
[2024-04-14T15:29:24.292+0000] {processor.py:829} INFO - Processing file /home/airflow/.local/lib/python3.10/site-packages/airflow/example_dags/example_sla_dag.py for tasks to queue
[2024-04-14T15:29:24.293+0000] {logging_mixin.py:154} INFO - [2024-04-14T15:29:24.293+0000] {dagbag.py:536} INFO - Filling up the DagBag from /home/airflow/.local/lib/python3.10/site-packages/airflow/example_dags/example_sla_dag.py
[2024-04-14T15:29:24.298+0000] {processor.py:839} INFO - DAG(s) dict_keys(['example_sla_dag']) retrieved from /home/airflow/.local/lib/python3.10/site-packages/airflow/example_dags/example_sla_dag.py
[2024-04-14T15:29:24.311+0000] {logging_mixin.py:154} INFO - [2024-04-14T15:29:24.311+0000] {dag.py:2941} INFO - Sync 1 DAGs
[2024-04-14T15:29:24.326+0000] {logging_mixin.py:154} INFO - [2024-04-14T15:29:24.326+0000] {dag.py:3722} INFO - Setting next_dagrun for example_sla_dag to 2024-04-14T15:26:00+00:00, run_after=2024-04-14T15:28:00+00:00
[2024-04-14T15:29:24.339+0000] {processor.py:179} INFO - Processing /home/airflow/.local/lib/python3.10/site-packages/airflow/example_dags/example_sla_dag.py took 0.050 seconds
[2024-04-14T15:29:55.080+0000] {processor.py:157} INFO - Started process (PID=2243) to work on /home/airflow/.local/lib/python3.10/site-packages/airflow/example_dags/example_sla_dag.py
[2024-04-14T15:29:55.081+0000] {processor.py:829} INFO - Processing file /home/airflow/.local/lib/python3.10/site-packages/airflow/example_dags/example_sla_dag.py for tasks to queue
[2024-04-14T15:29:55.082+0000] {logging_mixin.py:154} INFO - [2024-04-14T15:29:55.082+0000] {dagbag.py:536} INFO - Filling up the DagBag from /home/airflow/.local/lib/python3.10/site-packages/airflow/example_dags/example_sla_dag.py
[2024-04-14T15:29:55.087+0000] {processor.py:839} INFO - DAG(s) dict_keys(['example_sla_dag']) retrieved from /home/airflow/.local/lib/python3.10/site-packages/airflow/example_dags/example_sla_dag.py
[2024-04-14T15:29:55.099+0000] {logging_mixin.py:154} INFO - [2024-04-14T15:29:55.099+0000] {dag.py:2941} INFO - Sync 1 DAGs
[2024-04-14T15:29:55.113+0000] {logging_mixin.py:154} INFO - [2024-04-14T15:29:55.112+0000] {dag.py:3722} INFO - Setting next_dagrun for example_sla_dag to 2024-04-14T15:26:00+00:00, run_after=2024-04-14T15:28:00+00:00
[2024-04-14T15:29:55.123+0000] {processor.py:179} INFO - Processing /home/airflow/.local/lib/python3.10/site-packages/airflow/example_dags/example_sla_dag.py took 0.045 seconds
[2024-04-14T15:30:25.870+0000] {processor.py:157} INFO - Started process (PID=2297) to work on /home/airflow/.local/lib/python3.10/site-packages/airflow/example_dags/example_sla_dag.py
[2024-04-14T15:30:25.870+0000] {processor.py:829} INFO - Processing file /home/airflow/.local/lib/python3.10/site-packages/airflow/example_dags/example_sla_dag.py for tasks to queue
[2024-04-14T15:30:25.871+0000] {logging_mixin.py:154} INFO - [2024-04-14T15:30:25.871+0000] {dagbag.py:536} INFO - Filling up the DagBag from /home/airflow/.local/lib/python3.10/site-packages/airflow/example_dags/example_sla_dag.py
[2024-04-14T15:30:25.877+0000] {processor.py:839} INFO - DAG(s) dict_keys(['example_sla_dag']) retrieved from /home/airflow/.local/lib/python3.10/site-packages/airflow/example_dags/example_sla_dag.py
[2024-04-14T15:30:25.889+0000] {logging_mixin.py:154} INFO - [2024-04-14T15:30:25.889+0000] {dag.py:2941} INFO - Sync 1 DAGs
[2024-04-14T15:30:25.903+0000] {logging_mixin.py:154} INFO - [2024-04-14T15:30:25.903+0000] {dag.py:3722} INFO - Setting next_dagrun for example_sla_dag to 2024-04-14T15:28:00+00:00, run_after=2024-04-14T15:30:00+00:00
[2024-04-14T15:30:25.912+0000] {processor.py:179} INFO - Processing /home/airflow/.local/lib/python3.10/site-packages/airflow/example_dags/example_sla_dag.py took 0.044 seconds
[2024-04-14T15:30:56.540+0000] {processor.py:157} INFO - Started process (PID=2351) to work on /home/airflow/.local/lib/python3.10/site-packages/airflow/example_dags/example_sla_dag.py
[2024-04-14T15:30:56.541+0000] {processor.py:829} INFO - Processing file /home/airflow/.local/lib/python3.10/site-packages/airflow/example_dags/example_sla_dag.py for tasks to queue
[2024-04-14T15:30:56.542+0000] {logging_mixin.py:154} INFO - [2024-04-14T15:30:56.542+0000] {dagbag.py:536} INFO - Filling up the DagBag from /home/airflow/.local/lib/python3.10/site-packages/airflow/example_dags/example_sla_dag.py
[2024-04-14T15:30:56.547+0000] {processor.py:839} INFO - DAG(s) dict_keys(['example_sla_dag']) retrieved from /home/airflow/.local/lib/python3.10/site-packages/airflow/example_dags/example_sla_dag.py
[2024-04-14T15:30:56.559+0000] {logging_mixin.py:154} INFO - [2024-04-14T15:30:56.559+0000] {dag.py:2941} INFO - Sync 1 DAGs
[2024-04-14T15:30:56.573+0000] {logging_mixin.py:154} INFO - [2024-04-14T15:30:56.573+0000] {dag.py:3722} INFO - Setting next_dagrun for example_sla_dag to 2024-04-14T15:28:00+00:00, run_after=2024-04-14T15:30:00+00:00
[2024-04-14T15:30:56.583+0000] {processor.py:179} INFO - Processing /home/airflow/.local/lib/python3.10/site-packages/airflow/example_dags/example_sla_dag.py took 0.045 seconds
[2024-04-14T15:31:27.271+0000] {processor.py:157} INFO - Started process (PID=2405) to work on /home/airflow/.local/lib/python3.10/site-packages/airflow/example_dags/example_sla_dag.py
[2024-04-14T15:31:27.271+0000] {processor.py:829} INFO - Processing file /home/airflow/.local/lib/python3.10/site-packages/airflow/example_dags/example_sla_dag.py for tasks to queue
[2024-04-14T15:31:27.272+0000] {logging_mixin.py:154} INFO - [2024-04-14T15:31:27.272+0000] {dagbag.py:536} INFO - Filling up the DagBag from /home/airflow/.local/lib/python3.10/site-packages/airflow/example_dags/example_sla_dag.py
[2024-04-14T15:31:27.277+0000] {processor.py:839} INFO - DAG(s) dict_keys(['example_sla_dag']) retrieved from /home/airflow/.local/lib/python3.10/site-packages/airflow/example_dags/example_sla_dag.py
[2024-04-14T15:31:27.289+0000] {logging_mixin.py:154} INFO - [2024-04-14T15:31:27.289+0000] {dag.py:2941} INFO - Sync 1 DAGs
[2024-04-14T15:31:27.302+0000] {logging_mixin.py:154} INFO - [2024-04-14T15:31:27.302+0000] {dag.py:3722} INFO - Setting next_dagrun for example_sla_dag to 2024-04-14T15:28:00+00:00, run_after=2024-04-14T15:30:00+00:00
[2024-04-14T15:31:27.310+0000] {processor.py:179} INFO - Processing /home/airflow/.local/lib/python3.10/site-packages/airflow/example_dags/example_sla_dag.py took 0.042 seconds
[2024-04-14T15:31:57.937+0000] {processor.py:157} INFO - Started process (PID=2459) to work on /home/airflow/.local/lib/python3.10/site-packages/airflow/example_dags/example_sla_dag.py
[2024-04-14T15:31:57.937+0000] {processor.py:829} INFO - Processing file /home/airflow/.local/lib/python3.10/site-packages/airflow/example_dags/example_sla_dag.py for tasks to queue
[2024-04-14T15:31:57.939+0000] {logging_mixin.py:154} INFO - [2024-04-14T15:31:57.938+0000] {dagbag.py:536} INFO - Filling up the DagBag from /home/airflow/.local/lib/python3.10/site-packages/airflow/example_dags/example_sla_dag.py
[2024-04-14T15:31:57.944+0000] {processor.py:839} INFO - DAG(s) dict_keys(['example_sla_dag']) retrieved from /home/airflow/.local/lib/python3.10/site-packages/airflow/example_dags/example_sla_dag.py
[2024-04-14T15:31:57.955+0000] {logging_mixin.py:154} INFO - [2024-04-14T15:31:57.955+0000] {dag.py:2941} INFO - Sync 1 DAGs
[2024-04-14T15:31:57.969+0000] {logging_mixin.py:154} INFO - [2024-04-14T15:31:57.968+0000] {dag.py:3722} INFO - Setting next_dagrun for example_sla_dag to 2024-04-14T15:28:00+00:00, run_after=2024-04-14T15:30:00+00:00
[2024-04-14T15:31:57.976+0000] {processor.py:179} INFO - Processing /home/airflow/.local/lib/python3.10/site-packages/airflow/example_dags/example_sla_dag.py took 0.042 seconds
[2024-04-14T15:32:28.673+0000] {processor.py:157} INFO - Started process (PID=2513) to work on /home/airflow/.local/lib/python3.10/site-packages/airflow/example_dags/example_sla_dag.py
[2024-04-14T15:32:28.674+0000] {processor.py:829} INFO - Processing file /home/airflow/.local/lib/python3.10/site-packages/airflow/example_dags/example_sla_dag.py for tasks to queue
[2024-04-14T15:32:28.675+0000] {logging_mixin.py:154} INFO - [2024-04-14T15:32:28.675+0000] {dagbag.py:536} INFO - Filling up the DagBag from /home/airflow/.local/lib/python3.10/site-packages/airflow/example_dags/example_sla_dag.py
[2024-04-14T15:32:28.681+0000] {processor.py:839} INFO - DAG(s) dict_keys(['example_sla_dag']) retrieved from /home/airflow/.local/lib/python3.10/site-packages/airflow/example_dags/example_sla_dag.py
[2024-04-14T15:32:28.694+0000] {logging_mixin.py:154} INFO - [2024-04-14T15:32:28.694+0000] {dag.py:2941} INFO - Sync 1 DAGs
[2024-04-14T15:32:28.709+0000] {logging_mixin.py:154} INFO - [2024-04-14T15:32:28.709+0000] {dag.py:3722} INFO - Setting next_dagrun for example_sla_dag to 2024-04-14T15:30:00+00:00, run_after=2024-04-14T15:32:00+00:00
[2024-04-14T15:32:28.718+0000] {processor.py:179} INFO - Processing /home/airflow/.local/lib/python3.10/site-packages/airflow/example_dags/example_sla_dag.py took 0.047 seconds
[2024-04-14T15:32:59.344+0000] {processor.py:157} INFO - Started process (PID=2567) to work on /home/airflow/.local/lib/python3.10/site-packages/airflow/example_dags/example_sla_dag.py
[2024-04-14T15:32:59.344+0000] {processor.py:829} INFO - Processing file /home/airflow/.local/lib/python3.10/site-packages/airflow/example_dags/example_sla_dag.py for tasks to queue
[2024-04-14T15:32:59.345+0000] {logging_mixin.py:154} INFO - [2024-04-14T15:32:59.345+0000] {dagbag.py:536} INFO - Filling up the DagBag from /home/airflow/.local/lib/python3.10/site-packages/airflow/example_dags/example_sla_dag.py
[2024-04-14T15:32:59.351+0000] {processor.py:839} INFO - DAG(s) dict_keys(['example_sla_dag']) retrieved from /home/airflow/.local/lib/python3.10/site-packages/airflow/example_dags/example_sla_dag.py
[2024-04-14T15:32:59.363+0000] {logging_mixin.py:154} INFO - [2024-04-14T15:32:59.363+0000] {dag.py:2941} INFO - Sync 1 DAGs
[2024-04-14T15:32:59.377+0000] {logging_mixin.py:154} INFO - [2024-04-14T15:32:59.377+0000] {dag.py:3722} INFO - Setting next_dagrun for example_sla_dag to 2024-04-14T15:30:00+00:00, run_after=2024-04-14T15:32:00+00:00
[2024-04-14T15:32:59.386+0000] {processor.py:179} INFO - Processing /home/airflow/.local/lib/python3.10/site-packages/airflow/example_dags/example_sla_dag.py took 0.045 seconds
[2024-04-14T15:33:30.021+0000] {processor.py:157} INFO - Started process (PID=2621) to work on /home/airflow/.local/lib/python3.10/site-packages/airflow/example_dags/example_sla_dag.py
[2024-04-14T15:33:30.021+0000] {processor.py:829} INFO - Processing file /home/airflow/.local/lib/python3.10/site-packages/airflow/example_dags/example_sla_dag.py for tasks to queue
[2024-04-14T15:33:30.023+0000] {logging_mixin.py:154} INFO - [2024-04-14T15:33:30.022+0000] {dagbag.py:536} INFO - Filling up the DagBag from /home/airflow/.local/lib/python3.10/site-packages/airflow/example_dags/example_sla_dag.py
[2024-04-14T15:33:30.028+0000] {processor.py:839} INFO - DAG(s) dict_keys(['example_sla_dag']) retrieved from /home/airflow/.local/lib/python3.10/site-packages/airflow/example_dags/example_sla_dag.py
[2024-04-14T15:33:30.040+0000] {logging_mixin.py:154} INFO - [2024-04-14T15:33:30.040+0000] {dag.py:2941} INFO - Sync 1 DAGs
[2024-04-14T15:33:30.055+0000] {logging_mixin.py:154} INFO - [2024-04-14T15:33:30.055+0000] {dag.py:3722} INFO - Setting next_dagrun for example_sla_dag to 2024-04-14T15:30:00+00:00, run_after=2024-04-14T15:32:00+00:00
[2024-04-14T15:33:30.064+0000] {processor.py:179} INFO - Processing /home/airflow/.local/lib/python3.10/site-packages/airflow/example_dags/example_sla_dag.py took 0.046 seconds
[2024-04-14T15:34:00.661+0000] {processor.py:157} INFO - Started process (PID=2675) to work on /home/airflow/.local/lib/python3.10/site-packages/airflow/example_dags/example_sla_dag.py
[2024-04-14T15:34:00.661+0000] {processor.py:829} INFO - Processing file /home/airflow/.local/lib/python3.10/site-packages/airflow/example_dags/example_sla_dag.py for tasks to queue
[2024-04-14T15:34:00.663+0000] {logging_mixin.py:154} INFO - [2024-04-14T15:34:00.663+0000] {dagbag.py:536} INFO - Filling up the DagBag from /home/airflow/.local/lib/python3.10/site-packages/airflow/example_dags/example_sla_dag.py
[2024-04-14T15:34:00.668+0000] {processor.py:839} INFO - DAG(s) dict_keys(['example_sla_dag']) retrieved from /home/airflow/.local/lib/python3.10/site-packages/airflow/example_dags/example_sla_dag.py
[2024-04-14T15:34:00.680+0000] {logging_mixin.py:154} INFO - [2024-04-14T15:34:00.680+0000] {dag.py:2941} INFO - Sync 1 DAGs
[2024-04-14T15:34:00.694+0000] {logging_mixin.py:154} INFO - [2024-04-14T15:34:00.694+0000] {dag.py:3722} INFO - Setting next_dagrun for example_sla_dag to 2024-04-14T15:32:00+00:00, run_after=2024-04-14T15:34:00+00:00
[2024-04-14T15:34:00.702+0000] {processor.py:179} INFO - Processing /home/airflow/.local/lib/python3.10/site-packages/airflow/example_dags/example_sla_dag.py took 0.043 seconds
[2024-04-14T15:34:31.317+0000] {processor.py:157} INFO - Started process (PID=2729) to work on /home/airflow/.local/lib/python3.10/site-packages/airflow/example_dags/example_sla_dag.py
[2024-04-14T15:34:31.317+0000] {processor.py:829} INFO - Processing file /home/airflow/.local/lib/python3.10/site-packages/airflow/example_dags/example_sla_dag.py for tasks to queue
[2024-04-14T15:34:31.318+0000] {logging_mixin.py:154} INFO - [2024-04-14T15:34:31.318+0000] {dagbag.py:536} INFO - Filling up the DagBag from /home/airflow/.local/lib/python3.10/site-packages/airflow/example_dags/example_sla_dag.py
[2024-04-14T15:34:31.324+0000] {processor.py:839} INFO - DAG(s) dict_keys(['example_sla_dag']) retrieved from /home/airflow/.local/lib/python3.10/site-packages/airflow/example_dags/example_sla_dag.py
[2024-04-14T15:34:31.336+0000] {logging_mixin.py:154} INFO - [2024-04-14T15:34:31.336+0000] {dag.py:2941} INFO - Sync 1 DAGs
[2024-04-14T15:34:31.350+0000] {logging_mixin.py:154} INFO - [2024-04-14T15:34:31.350+0000] {dag.py:3722} INFO - Setting next_dagrun for example_sla_dag to 2024-04-14T15:32:00+00:00, run_after=2024-04-14T15:34:00+00:00
[2024-04-14T15:34:31.358+0000] {processor.py:179} INFO - Processing /home/airflow/.local/lib/python3.10/site-packages/airflow/example_dags/example_sla_dag.py took 0.044 seconds
[2024-04-14T15:35:02.016+0000] {processor.py:157} INFO - Started process (PID=2783) to work on /home/airflow/.local/lib/python3.10/site-packages/airflow/example_dags/example_sla_dag.py
[2024-04-14T15:35:02.016+0000] {processor.py:829} INFO - Processing file /home/airflow/.local/lib/python3.10/site-packages/airflow/example_dags/example_sla_dag.py for tasks to queue
[2024-04-14T15:35:02.017+0000] {logging_mixin.py:154} INFO - [2024-04-14T15:35:02.017+0000] {dagbag.py:536} INFO - Filling up the DagBag from /home/airflow/.local/lib/python3.10/site-packages/airflow/example_dags/example_sla_dag.py
[2024-04-14T15:35:02.023+0000] {processor.py:839} INFO - DAG(s) dict_keys(['example_sla_dag']) retrieved from /home/airflow/.local/lib/python3.10/site-packages/airflow/example_dags/example_sla_dag.py
[2024-04-14T15:35:02.035+0000] {logging_mixin.py:154} INFO - [2024-04-14T15:35:02.035+0000] {dag.py:2941} INFO - Sync 1 DAGs
[2024-04-14T15:35:02.050+0000] {logging_mixin.py:154} INFO - [2024-04-14T15:35:02.050+0000] {dag.py:3722} INFO - Setting next_dagrun for example_sla_dag to 2024-04-14T15:32:00+00:00, run_after=2024-04-14T15:34:00+00:00
[2024-04-14T15:35:02.059+0000] {processor.py:179} INFO - Processing /home/airflow/.local/lib/python3.10/site-packages/airflow/example_dags/example_sla_dag.py took 0.045 seconds
[2024-04-14T15:35:32.757+0000] {processor.py:157} INFO - Started process (PID=2837) to work on /home/airflow/.local/lib/python3.10/site-packages/airflow/example_dags/example_sla_dag.py
[2024-04-14T15:35:32.758+0000] {processor.py:829} INFO - Processing file /home/airflow/.local/lib/python3.10/site-packages/airflow/example_dags/example_sla_dag.py for tasks to queue
[2024-04-14T15:35:32.759+0000] {logging_mixin.py:154} INFO - [2024-04-14T15:35:32.759+0000] {dagbag.py:536} INFO - Filling up the DagBag from /home/airflow/.local/lib/python3.10/site-packages/airflow/example_dags/example_sla_dag.py
[2024-04-14T15:35:32.764+0000] {processor.py:839} INFO - DAG(s) dict_keys(['example_sla_dag']) retrieved from /home/airflow/.local/lib/python3.10/site-packages/airflow/example_dags/example_sla_dag.py
[2024-04-14T15:35:32.777+0000] {logging_mixin.py:154} INFO - [2024-04-14T15:35:32.777+0000] {dag.py:2941} INFO - Sync 1 DAGs
[2024-04-14T15:35:32.791+0000] {logging_mixin.py:154} INFO - [2024-04-14T15:35:32.791+0000] {dag.py:3722} INFO - Setting next_dagrun for example_sla_dag to 2024-04-14T15:32:00+00:00, run_after=2024-04-14T15:34:00+00:00
[2024-04-14T15:35:32.800+0000] {processor.py:179} INFO - Processing /home/airflow/.local/lib/python3.10/site-packages/airflow/example_dags/example_sla_dag.py took 0.045 seconds
[2024-04-14T15:36:03.492+0000] {processor.py:157} INFO - Started process (PID=2891) to work on /home/airflow/.local/lib/python3.10/site-packages/airflow/example_dags/example_sla_dag.py
[2024-04-14T15:36:03.493+0000] {processor.py:829} INFO - Processing file /home/airflow/.local/lib/python3.10/site-packages/airflow/example_dags/example_sla_dag.py for tasks to queue
[2024-04-14T15:36:03.494+0000] {logging_mixin.py:154} INFO - [2024-04-14T15:36:03.494+0000] {dagbag.py:536} INFO - Filling up the DagBag from /home/airflow/.local/lib/python3.10/site-packages/airflow/example_dags/example_sla_dag.py
[2024-04-14T15:36:03.499+0000] {processor.py:839} INFO - DAG(s) dict_keys(['example_sla_dag']) retrieved from /home/airflow/.local/lib/python3.10/site-packages/airflow/example_dags/example_sla_dag.py
[2024-04-14T15:36:03.512+0000] {logging_mixin.py:154} INFO - [2024-04-14T15:36:03.512+0000] {dag.py:2941} INFO - Sync 1 DAGs
[2024-04-14T15:36:03.526+0000] {logging_mixin.py:154} INFO - [2024-04-14T15:36:03.526+0000] {dag.py:3722} INFO - Setting next_dagrun for example_sla_dag to 2024-04-14T15:34:00+00:00, run_after=2024-04-14T15:36:00+00:00
[2024-04-14T15:36:03.535+0000] {processor.py:179} INFO - Processing /home/airflow/.local/lib/python3.10/site-packages/airflow/example_dags/example_sla_dag.py took 0.045 seconds
[2024-04-14T15:36:34.287+0000] {processor.py:157} INFO - Started process (PID=2945) to work on /home/airflow/.local/lib/python3.10/site-packages/airflow/example_dags/example_sla_dag.py
[2024-04-14T15:36:34.288+0000] {processor.py:829} INFO - Processing file /home/airflow/.local/lib/python3.10/site-packages/airflow/example_dags/example_sla_dag.py for tasks to queue
[2024-04-14T15:36:34.289+0000] {logging_mixin.py:154} INFO - [2024-04-14T15:36:34.289+0000] {dagbag.py:536} INFO - Filling up the DagBag from /home/airflow/.local/lib/python3.10/site-packages/airflow/example_dags/example_sla_dag.py
[2024-04-14T15:36:34.294+0000] {processor.py:839} INFO - DAG(s) dict_keys(['example_sla_dag']) retrieved from /home/airflow/.local/lib/python3.10/site-packages/airflow/example_dags/example_sla_dag.py
[2024-04-14T15:36:34.307+0000] {logging_mixin.py:154} INFO - [2024-04-14T15:36:34.307+0000] {dag.py:2941} INFO - Sync 1 DAGs
[2024-04-14T15:36:34.320+0000] {logging_mixin.py:154} INFO - [2024-04-14T15:36:34.320+0000] {dag.py:3722} INFO - Setting next_dagrun for example_sla_dag to 2024-04-14T15:34:00+00:00, run_after=2024-04-14T15:36:00+00:00
[2024-04-14T15:36:34.329+0000] {processor.py:179} INFO - Processing /home/airflow/.local/lib/python3.10/site-packages/airflow/example_dags/example_sla_dag.py took 0.044 seconds
[2024-04-14T15:37:05.049+0000] {processor.py:157} INFO - Started process (PID=2999) to work on /home/airflow/.local/lib/python3.10/site-packages/airflow/example_dags/example_sla_dag.py
[2024-04-14T15:37:05.050+0000] {processor.py:829} INFO - Processing file /home/airflow/.local/lib/python3.10/site-packages/airflow/example_dags/example_sla_dag.py for tasks to queue
[2024-04-14T15:37:05.051+0000] {logging_mixin.py:154} INFO - [2024-04-14T15:37:05.051+0000] {dagbag.py:536} INFO - Filling up the DagBag from /home/airflow/.local/lib/python3.10/site-packages/airflow/example_dags/example_sla_dag.py
[2024-04-14T15:37:05.056+0000] {processor.py:839} INFO - DAG(s) dict_keys(['example_sla_dag']) retrieved from /home/airflow/.local/lib/python3.10/site-packages/airflow/example_dags/example_sla_dag.py
[2024-04-14T15:37:05.069+0000] {logging_mixin.py:154} INFO - [2024-04-14T15:37:05.069+0000] {dag.py:2941} INFO - Sync 1 DAGs
[2024-04-14T15:37:05.084+0000] {logging_mixin.py:154} INFO - [2024-04-14T15:37:05.084+0000] {dag.py:3722} INFO - Setting next_dagrun for example_sla_dag to 2024-04-14T15:34:00+00:00, run_after=2024-04-14T15:36:00+00:00
[2024-04-14T15:37:05.093+0000] {processor.py:179} INFO - Processing /home/airflow/.local/lib/python3.10/site-packages/airflow/example_dags/example_sla_dag.py took 0.046 seconds
[2024-04-14T15:37:35.759+0000] {processor.py:157} INFO - Started process (PID=3053) to work on /home/airflow/.local/lib/python3.10/site-packages/airflow/example_dags/example_sla_dag.py
[2024-04-14T15:37:35.759+0000] {processor.py:829} INFO - Processing file /home/airflow/.local/lib/python3.10/site-packages/airflow/example_dags/example_sla_dag.py for tasks to queue
[2024-04-14T15:37:35.760+0000] {logging_mixin.py:154} INFO - [2024-04-14T15:37:35.760+0000] {dagbag.py:536} INFO - Filling up the DagBag from /home/airflow/.local/lib/python3.10/site-packages/airflow/example_dags/example_sla_dag.py
[2024-04-14T15:37:35.766+0000] {processor.py:839} INFO - DAG(s) dict_keys(['example_sla_dag']) retrieved from /home/airflow/.local/lib/python3.10/site-packages/airflow/example_dags/example_sla_dag.py
[2024-04-14T15:37:35.779+0000] {logging_mixin.py:154} INFO - [2024-04-14T15:37:35.778+0000] {dag.py:2941} INFO - Sync 1 DAGs
[2024-04-14T15:37:35.793+0000] {logging_mixin.py:154} INFO - [2024-04-14T15:37:35.793+0000] {dag.py:3722} INFO - Setting next_dagrun for example_sla_dag to 2024-04-14T15:34:00+00:00, run_after=2024-04-14T15:36:00+00:00
[2024-04-14T15:37:35.802+0000] {processor.py:179} INFO - Processing /home/airflow/.local/lib/python3.10/site-packages/airflow/example_dags/example_sla_dag.py took 0.046 seconds
[2024-04-14T15:38:06.636+0000] {processor.py:157} INFO - Started process (PID=3107) to work on /home/airflow/.local/lib/python3.10/site-packages/airflow/example_dags/example_sla_dag.py
[2024-04-14T15:38:06.637+0000] {processor.py:829} INFO - Processing file /home/airflow/.local/lib/python3.10/site-packages/airflow/example_dags/example_sla_dag.py for tasks to queue
[2024-04-14T15:38:06.638+0000] {logging_mixin.py:154} INFO - [2024-04-14T15:38:06.638+0000] {dagbag.py:536} INFO - Filling up the DagBag from /home/airflow/.local/lib/python3.10/site-packages/airflow/example_dags/example_sla_dag.py
[2024-04-14T15:38:06.643+0000] {processor.py:839} INFO - DAG(s) dict_keys(['example_sla_dag']) retrieved from /home/airflow/.local/lib/python3.10/site-packages/airflow/example_dags/example_sla_dag.py
[2024-04-14T15:38:06.656+0000] {logging_mixin.py:154} INFO - [2024-04-14T15:38:06.656+0000] {dag.py:2941} INFO - Sync 1 DAGs
[2024-04-14T15:38:06.671+0000] {logging_mixin.py:154} INFO - [2024-04-14T15:38:06.671+0000] {dag.py:3722} INFO - Setting next_dagrun for example_sla_dag to 2024-04-14T15:36:00+00:00, run_after=2024-04-14T15:38:00+00:00
[2024-04-14T15:38:06.680+0000] {processor.py:179} INFO - Processing /home/airflow/.local/lib/python3.10/site-packages/airflow/example_dags/example_sla_dag.py took 0.047 seconds
[2024-04-14T15:38:37.380+0000] {processor.py:157} INFO - Started process (PID=3161) to work on /home/airflow/.local/lib/python3.10/site-packages/airflow/example_dags/example_sla_dag.py
[2024-04-14T15:38:37.381+0000] {processor.py:829} INFO - Processing file /home/airflow/.local/lib/python3.10/site-packages/airflow/example_dags/example_sla_dag.py for tasks to queue
[2024-04-14T15:38:37.382+0000] {logging_mixin.py:154} INFO - [2024-04-14T15:38:37.382+0000] {dagbag.py:536} INFO - Filling up the DagBag from /home/airflow/.local/lib/python3.10/site-packages/airflow/example_dags/example_sla_dag.py
[2024-04-14T15:38:37.388+0000] {processor.py:839} INFO - DAG(s) dict_keys(['example_sla_dag']) retrieved from /home/airflow/.local/lib/python3.10/site-packages/airflow/example_dags/example_sla_dag.py
[2024-04-14T15:38:37.401+0000] {logging_mixin.py:154} INFO - [2024-04-14T15:38:37.401+0000] {dag.py:2941} INFO - Sync 1 DAGs
[2024-04-14T15:38:37.415+0000] {logging_mixin.py:154} INFO - [2024-04-14T15:38:37.415+0000] {dag.py:3722} INFO - Setting next_dagrun for example_sla_dag to 2024-04-14T15:36:00+00:00, run_after=2024-04-14T15:38:00+00:00
[2024-04-14T15:38:37.424+0000] {processor.py:179} INFO - Processing /home/airflow/.local/lib/python3.10/site-packages/airflow/example_dags/example_sla_dag.py took 0.046 seconds
[2024-04-14T15:39:08.423+0000] {processor.py:157} INFO - Started process (PID=3215) to work on /home/airflow/.local/lib/python3.10/site-packages/airflow/example_dags/example_sla_dag.py
[2024-04-14T15:39:08.423+0000] {processor.py:829} INFO - Processing file /home/airflow/.local/lib/python3.10/site-packages/airflow/example_dags/example_sla_dag.py for tasks to queue
[2024-04-14T15:39:08.425+0000] {logging_mixin.py:154} INFO - [2024-04-14T15:39:08.424+0000] {dagbag.py:536} INFO - Filling up the DagBag from /home/airflow/.local/lib/python3.10/site-packages/airflow/example_dags/example_sla_dag.py
[2024-04-14T15:39:08.430+0000] {processor.py:839} INFO - DAG(s) dict_keys(['example_sla_dag']) retrieved from /home/airflow/.local/lib/python3.10/site-packages/airflow/example_dags/example_sla_dag.py
[2024-04-14T15:39:08.445+0000] {logging_mixin.py:154} INFO - [2024-04-14T15:39:08.445+0000] {dag.py:2941} INFO - Sync 1 DAGs
[2024-04-14T15:39:08.465+0000] {logging_mixin.py:154} INFO - [2024-04-14T15:39:08.465+0000] {dag.py:3722} INFO - Setting next_dagrun for example_sla_dag to 2024-04-14T15:36:00+00:00, run_after=2024-04-14T15:38:00+00:00
[2024-04-14T15:39:08.477+0000] {processor.py:179} INFO - Processing /home/airflow/.local/lib/python3.10/site-packages/airflow/example_dags/example_sla_dag.py took 0.057 seconds
[2024-04-14T15:39:39.387+0000] {processor.py:157} INFO - Started process (PID=3269) to work on /home/airflow/.local/lib/python3.10/site-packages/airflow/example_dags/example_sla_dag.py
[2024-04-14T15:39:39.388+0000] {processor.py:829} INFO - Processing file /home/airflow/.local/lib/python3.10/site-packages/airflow/example_dags/example_sla_dag.py for tasks to queue
[2024-04-14T15:39:39.389+0000] {logging_mixin.py:154} INFO - [2024-04-14T15:39:39.389+0000] {dagbag.py:536} INFO - Filling up the DagBag from /home/airflow/.local/lib/python3.10/site-packages/airflow/example_dags/example_sla_dag.py
[2024-04-14T15:39:39.395+0000] {processor.py:839} INFO - DAG(s) dict_keys(['example_sla_dag']) retrieved from /home/airflow/.local/lib/python3.10/site-packages/airflow/example_dags/example_sla_dag.py
[2024-04-14T15:39:39.407+0000] {logging_mixin.py:154} INFO - [2024-04-14T15:39:39.407+0000] {dag.py:2941} INFO - Sync 1 DAGs
[2024-04-14T15:39:39.423+0000] {logging_mixin.py:154} INFO - [2024-04-14T15:39:39.422+0000] {dag.py:3722} INFO - Setting next_dagrun for example_sla_dag to 2024-04-14T15:36:00+00:00, run_after=2024-04-14T15:38:00+00:00
[2024-04-14T15:39:39.432+0000] {processor.py:179} INFO - Processing /home/airflow/.local/lib/python3.10/site-packages/airflow/example_dags/example_sla_dag.py took 0.047 seconds
[2024-04-14T15:40:10.317+0000] {processor.py:157} INFO - Started process (PID=3323) to work on /home/airflow/.local/lib/python3.10/site-packages/airflow/example_dags/example_sla_dag.py
[2024-04-14T15:40:10.318+0000] {processor.py:829} INFO - Processing file /home/airflow/.local/lib/python3.10/site-packages/airflow/example_dags/example_sla_dag.py for tasks to queue
[2024-04-14T15:40:10.319+0000] {logging_mixin.py:154} INFO - [2024-04-14T15:40:10.319+0000] {dagbag.py:536} INFO - Filling up the DagBag from /home/airflow/.local/lib/python3.10/site-packages/airflow/example_dags/example_sla_dag.py
[2024-04-14T15:40:10.324+0000] {processor.py:839} INFO - DAG(s) dict_keys(['example_sla_dag']) retrieved from /home/airflow/.local/lib/python3.10/site-packages/airflow/example_dags/example_sla_dag.py
[2024-04-14T15:40:10.337+0000] {logging_mixin.py:154} INFO - [2024-04-14T15:40:10.337+0000] {dag.py:2941} INFO - Sync 1 DAGs
[2024-04-14T15:40:10.352+0000] {logging_mixin.py:154} INFO - [2024-04-14T15:40:10.352+0000] {dag.py:3722} INFO - Setting next_dagrun for example_sla_dag to 2024-04-14T15:38:00+00:00, run_after=2024-04-14T15:40:00+00:00
[2024-04-14T15:40:10.361+0000] {processor.py:179} INFO - Processing /home/airflow/.local/lib/python3.10/site-packages/airflow/example_dags/example_sla_dag.py took 0.046 seconds
[2024-04-14T15:41:10.886+0000] {processor.py:157} INFO - Started process (PID=76) to work on /home/airflow/.local/lib/python3.10/site-packages/airflow/example_dags/example_sla_dag.py
[2024-04-14T15:41:10.887+0000] {processor.py:829} INFO - Processing file /home/airflow/.local/lib/python3.10/site-packages/airflow/example_dags/example_sla_dag.py for tasks to queue
[2024-04-14T15:41:10.888+0000] {logging_mixin.py:154} INFO - [2024-04-14T15:41:10.888+0000] {dagbag.py:536} INFO - Filling up the DagBag from /home/airflow/.local/lib/python3.10/site-packages/airflow/example_dags/example_sla_dag.py
[2024-04-14T15:41:10.893+0000] {processor.py:839} INFO - DAG(s) dict_keys(['example_sla_dag']) retrieved from /home/airflow/.local/lib/python3.10/site-packages/airflow/example_dags/example_sla_dag.py
[2024-04-14T15:41:10.902+0000] {logging_mixin.py:154} INFO - [2024-04-14T15:41:10.902+0000] {dag.py:2941} INFO - Sync 1 DAGs
[2024-04-14T15:41:10.920+0000] {logging_mixin.py:154} INFO - [2024-04-14T15:41:10.920+0000] {dag.py:3722} INFO - Setting next_dagrun for example_sla_dag to 2024-04-14T15:38:00+00:00, run_after=2024-04-14T15:40:00+00:00
[2024-04-14T15:41:10.930+0000] {processor.py:179} INFO - Processing /home/airflow/.local/lib/python3.10/site-packages/airflow/example_dags/example_sla_dag.py took 0.046 seconds
[2024-04-14T15:41:41.510+0000] {processor.py:157} INFO - Started process (PID=130) to work on /home/airflow/.local/lib/python3.10/site-packages/airflow/example_dags/example_sla_dag.py
[2024-04-14T15:41:41.511+0000] {processor.py:829} INFO - Processing file /home/airflow/.local/lib/python3.10/site-packages/airflow/example_dags/example_sla_dag.py for tasks to queue
[2024-04-14T15:41:41.512+0000] {logging_mixin.py:154} INFO - [2024-04-14T15:41:41.512+0000] {dagbag.py:536} INFO - Filling up the DagBag from /home/airflow/.local/lib/python3.10/site-packages/airflow/example_dags/example_sla_dag.py
[2024-04-14T15:41:41.517+0000] {processor.py:839} INFO - DAG(s) dict_keys(['example_sla_dag']) retrieved from /home/airflow/.local/lib/python3.10/site-packages/airflow/example_dags/example_sla_dag.py
[2024-04-14T15:41:41.528+0000] {logging_mixin.py:154} INFO - [2024-04-14T15:41:41.528+0000] {dag.py:2941} INFO - Sync 1 DAGs
[2024-04-14T15:41:41.542+0000] {logging_mixin.py:154} INFO - [2024-04-14T15:41:41.542+0000] {dag.py:3722} INFO - Setting next_dagrun for example_sla_dag to 2024-04-14T15:38:00+00:00, run_after=2024-04-14T15:40:00+00:00
[2024-04-14T15:41:41.550+0000] {processor.py:179} INFO - Processing /home/airflow/.local/lib/python3.10/site-packages/airflow/example_dags/example_sla_dag.py took 0.042 seconds
[2024-04-14T15:42:12.278+0000] {processor.py:157} INFO - Started process (PID=184) to work on /home/airflow/.local/lib/python3.10/site-packages/airflow/example_dags/example_sla_dag.py
[2024-04-14T15:42:12.278+0000] {processor.py:829} INFO - Processing file /home/airflow/.local/lib/python3.10/site-packages/airflow/example_dags/example_sla_dag.py for tasks to queue
[2024-04-14T15:42:12.279+0000] {logging_mixin.py:154} INFO - [2024-04-14T15:42:12.279+0000] {dagbag.py:536} INFO - Filling up the DagBag from /home/airflow/.local/lib/python3.10/site-packages/airflow/example_dags/example_sla_dag.py
[2024-04-14T15:42:12.284+0000] {processor.py:839} INFO - DAG(s) dict_keys(['example_sla_dag']) retrieved from /home/airflow/.local/lib/python3.10/site-packages/airflow/example_dags/example_sla_dag.py
[2024-04-14T15:42:12.296+0000] {logging_mixin.py:154} INFO - [2024-04-14T15:42:12.296+0000] {dag.py:2941} INFO - Sync 1 DAGs
[2024-04-14T15:42:12.311+0000] {logging_mixin.py:154} INFO - [2024-04-14T15:42:12.311+0000] {dag.py:3722} INFO - Setting next_dagrun for example_sla_dag to 2024-04-14T15:40:00+00:00, run_after=2024-04-14T15:42:00+00:00
[2024-04-14T15:42:12.320+0000] {processor.py:179} INFO - Processing /home/airflow/.local/lib/python3.10/site-packages/airflow/example_dags/example_sla_dag.py took 0.045 seconds
[2024-04-14T15:42:42.885+0000] {processor.py:157} INFO - Started process (PID=238) to work on /home/airflow/.local/lib/python3.10/site-packages/airflow/example_dags/example_sla_dag.py
[2024-04-14T15:42:42.886+0000] {processor.py:829} INFO - Processing file /home/airflow/.local/lib/python3.10/site-packages/airflow/example_dags/example_sla_dag.py for tasks to queue
[2024-04-14T15:42:42.886+0000] {logging_mixin.py:154} INFO - [2024-04-14T15:42:42.886+0000] {dagbag.py:536} INFO - Filling up the DagBag from /home/airflow/.local/lib/python3.10/site-packages/airflow/example_dags/example_sla_dag.py
[2024-04-14T15:42:42.891+0000] {processor.py:839} INFO - DAG(s) dict_keys(['example_sla_dag']) retrieved from /home/airflow/.local/lib/python3.10/site-packages/airflow/example_dags/example_sla_dag.py
[2024-04-14T15:42:42.904+0000] {logging_mixin.py:154} INFO - [2024-04-14T15:42:42.904+0000] {dag.py:2941} INFO - Sync 1 DAGs
[2024-04-14T15:42:42.919+0000] {logging_mixin.py:154} INFO - [2024-04-14T15:42:42.918+0000] {dag.py:3722} INFO - Setting next_dagrun for example_sla_dag to 2024-04-14T15:40:00+00:00, run_after=2024-04-14T15:42:00+00:00
[2024-04-14T15:42:42.927+0000] {processor.py:179} INFO - Processing /home/airflow/.local/lib/python3.10/site-packages/airflow/example_dags/example_sla_dag.py took 0.044 seconds
[2024-04-14T15:46:34.211+0000] {processor.py:157} INFO - Started process (PID=77) to work on /home/airflow/.local/lib/python3.10/site-packages/airflow/example_dags/example_sla_dag.py
[2024-04-14T15:46:34.212+0000] {processor.py:829} INFO - Processing file /home/airflow/.local/lib/python3.10/site-packages/airflow/example_dags/example_sla_dag.py for tasks to queue
[2024-04-14T15:46:34.213+0000] {logging_mixin.py:154} INFO - [2024-04-14T15:46:34.213+0000] {dagbag.py:536} INFO - Filling up the DagBag from /home/airflow/.local/lib/python3.10/site-packages/airflow/example_dags/example_sla_dag.py
[2024-04-14T15:46:34.219+0000] {processor.py:839} INFO - DAG(s) dict_keys(['example_sla_dag']) retrieved from /home/airflow/.local/lib/python3.10/site-packages/airflow/example_dags/example_sla_dag.py
[2024-04-14T15:46:34.227+0000] {logging_mixin.py:154} INFO - [2024-04-14T15:46:34.227+0000] {dag.py:2941} INFO - Sync 1 DAGs
[2024-04-14T15:46:34.244+0000] {logging_mixin.py:154} INFO - [2024-04-14T15:46:34.244+0000] {dag.py:3722} INFO - Setting next_dagrun for example_sla_dag to 2024-04-14T15:44:00+00:00, run_after=2024-04-14T15:46:00+00:00
[2024-04-14T15:46:34.254+0000] {processor.py:179} INFO - Processing /home/airflow/.local/lib/python3.10/site-packages/airflow/example_dags/example_sla_dag.py took 0.045 seconds
[2024-04-14T15:47:05.066+0000] {processor.py:157} INFO - Started process (PID=132) to work on /home/airflow/.local/lib/python3.10/site-packages/airflow/example_dags/example_sla_dag.py
[2024-04-14T15:47:05.066+0000] {processor.py:829} INFO - Processing file /home/airflow/.local/lib/python3.10/site-packages/airflow/example_dags/example_sla_dag.py for tasks to queue
[2024-04-14T15:47:05.068+0000] {logging_mixin.py:154} INFO - [2024-04-14T15:47:05.068+0000] {dagbag.py:536} INFO - Filling up the DagBag from /home/airflow/.local/lib/python3.10/site-packages/airflow/example_dags/example_sla_dag.py
[2024-04-14T15:47:05.074+0000] {processor.py:839} INFO - DAG(s) dict_keys(['example_sla_dag']) retrieved from /home/airflow/.local/lib/python3.10/site-packages/airflow/example_dags/example_sla_dag.py
[2024-04-14T15:47:05.087+0000] {logging_mixin.py:154} INFO - [2024-04-14T15:47:05.087+0000] {dag.py:2941} INFO - Sync 1 DAGs
[2024-04-14T15:47:05.102+0000] {logging_mixin.py:154} INFO - [2024-04-14T15:47:05.102+0000] {dag.py:3722} INFO - Setting next_dagrun for example_sla_dag to 2024-04-14T15:44:00+00:00, run_after=2024-04-14T15:46:00+00:00
[2024-04-14T15:47:05.110+0000] {processor.py:179} INFO - Processing /home/airflow/.local/lib/python3.10/site-packages/airflow/example_dags/example_sla_dag.py took 0.047 seconds
[2024-04-14T15:47:35.860+0000] {processor.py:157} INFO - Started process (PID=187) to work on /home/airflow/.local/lib/python3.10/site-packages/airflow/example_dags/example_sla_dag.py
[2024-04-14T15:47:35.861+0000] {processor.py:829} INFO - Processing file /home/airflow/.local/lib/python3.10/site-packages/airflow/example_dags/example_sla_dag.py for tasks to queue
[2024-04-14T15:47:35.862+0000] {logging_mixin.py:154} INFO - [2024-04-14T15:47:35.862+0000] {dagbag.py:536} INFO - Filling up the DagBag from /home/airflow/.local/lib/python3.10/site-packages/airflow/example_dags/example_sla_dag.py
[2024-04-14T15:47:35.867+0000] {processor.py:839} INFO - DAG(s) dict_keys(['example_sla_dag']) retrieved from /home/airflow/.local/lib/python3.10/site-packages/airflow/example_dags/example_sla_dag.py
[2024-04-14T15:47:35.879+0000] {logging_mixin.py:154} INFO - [2024-04-14T15:47:35.879+0000] {dag.py:2941} INFO - Sync 1 DAGs
[2024-04-14T15:47:35.892+0000] {logging_mixin.py:154} INFO - [2024-04-14T15:47:35.892+0000] {dag.py:3722} INFO - Setting next_dagrun for example_sla_dag to 2024-04-14T15:44:00+00:00, run_after=2024-04-14T15:46:00+00:00
[2024-04-14T15:47:35.900+0000] {processor.py:179} INFO - Processing /home/airflow/.local/lib/python3.10/site-packages/airflow/example_dags/example_sla_dag.py took 0.042 seconds
[2024-04-14T15:48:06.520+0000] {processor.py:157} INFO - Started process (PID=246) to work on /home/airflow/.local/lib/python3.10/site-packages/airflow/example_dags/example_sla_dag.py
[2024-04-14T15:48:06.520+0000] {processor.py:829} INFO - Processing file /home/airflow/.local/lib/python3.10/site-packages/airflow/example_dags/example_sla_dag.py for tasks to queue
[2024-04-14T15:48:06.521+0000] {logging_mixin.py:154} INFO - [2024-04-14T15:48:06.521+0000] {dagbag.py:536} INFO - Filling up the DagBag from /home/airflow/.local/lib/python3.10/site-packages/airflow/example_dags/example_sla_dag.py
[2024-04-14T15:48:06.526+0000] {processor.py:839} INFO - DAG(s) dict_keys(['example_sla_dag']) retrieved from /home/airflow/.local/lib/python3.10/site-packages/airflow/example_dags/example_sla_dag.py
[2024-04-14T15:48:06.539+0000] {logging_mixin.py:154} INFO - [2024-04-14T15:48:06.539+0000] {dag.py:2941} INFO - Sync 1 DAGs
[2024-04-14T15:48:06.553+0000] {logging_mixin.py:154} INFO - [2024-04-14T15:48:06.553+0000] {dag.py:3722} INFO - Setting next_dagrun for example_sla_dag to 2024-04-14T15:46:00+00:00, run_after=2024-04-14T15:48:00+00:00
[2024-04-14T15:48:06.561+0000] {processor.py:179} INFO - Processing /home/airflow/.local/lib/python3.10/site-packages/airflow/example_dags/example_sla_dag.py took 0.044 seconds
[2024-04-14T15:48:37.199+0000] {processor.py:157} INFO - Started process (PID=301) to work on /home/airflow/.local/lib/python3.10/site-packages/airflow/example_dags/example_sla_dag.py
[2024-04-14T15:48:37.200+0000] {processor.py:829} INFO - Processing file /home/airflow/.local/lib/python3.10/site-packages/airflow/example_dags/example_sla_dag.py for tasks to queue
[2024-04-14T15:48:37.201+0000] {logging_mixin.py:154} INFO - [2024-04-14T15:48:37.201+0000] {dagbag.py:536} INFO - Filling up the DagBag from /home/airflow/.local/lib/python3.10/site-packages/airflow/example_dags/example_sla_dag.py
[2024-04-14T15:48:37.206+0000] {processor.py:839} INFO - DAG(s) dict_keys(['example_sla_dag']) retrieved from /home/airflow/.local/lib/python3.10/site-packages/airflow/example_dags/example_sla_dag.py
[2024-04-14T15:48:37.218+0000] {logging_mixin.py:154} INFO - [2024-04-14T15:48:37.218+0000] {dag.py:2941} INFO - Sync 1 DAGs
[2024-04-14T15:48:37.231+0000] {logging_mixin.py:154} INFO - [2024-04-14T15:48:37.231+0000] {dag.py:3722} INFO - Setting next_dagrun for example_sla_dag to 2024-04-14T15:46:00+00:00, run_after=2024-04-14T15:48:00+00:00
[2024-04-14T15:48:37.240+0000] {processor.py:179} INFO - Processing /home/airflow/.local/lib/python3.10/site-packages/airflow/example_dags/example_sla_dag.py took 0.043 seconds
[2024-04-14T15:49:07.935+0000] {processor.py:157} INFO - Started process (PID=356) to work on /home/airflow/.local/lib/python3.10/site-packages/airflow/example_dags/example_sla_dag.py
[2024-04-14T15:49:07.936+0000] {processor.py:829} INFO - Processing file /home/airflow/.local/lib/python3.10/site-packages/airflow/example_dags/example_sla_dag.py for tasks to queue
[2024-04-14T15:49:07.937+0000] {logging_mixin.py:154} INFO - [2024-04-14T15:49:07.937+0000] {dagbag.py:536} INFO - Filling up the DagBag from /home/airflow/.local/lib/python3.10/site-packages/airflow/example_dags/example_sla_dag.py
[2024-04-14T15:49:07.942+0000] {processor.py:839} INFO - DAG(s) dict_keys(['example_sla_dag']) retrieved from /home/airflow/.local/lib/python3.10/site-packages/airflow/example_dags/example_sla_dag.py
[2024-04-14T15:49:07.955+0000] {logging_mixin.py:154} INFO - [2024-04-14T15:49:07.955+0000] {dag.py:2941} INFO - Sync 1 DAGs
[2024-04-14T15:49:07.970+0000] {logging_mixin.py:154} INFO - [2024-04-14T15:49:07.970+0000] {dag.py:3722} INFO - Setting next_dagrun for example_sla_dag to 2024-04-14T15:46:00+00:00, run_after=2024-04-14T15:48:00+00:00
[2024-04-14T15:49:07.979+0000] {processor.py:179} INFO - Processing /home/airflow/.local/lib/python3.10/site-packages/airflow/example_dags/example_sla_dag.py took 0.046 seconds
