[2024-04-14T15:09:25.606+0000] {processor.py:157} INFO - Started process (PID=45) to work on /home/airflow/.local/lib/python3.10/site-packages/airflow/example_dags/example_nested_branch_dag.py
[2024-04-14T15:09:25.606+0000] {processor.py:829} INFO - Processing file /home/airflow/.local/lib/python3.10/site-packages/airflow/example_dags/example_nested_branch_dag.py for tasks to queue
[2024-04-14T15:09:25.607+0000] {logging_mixin.py:154} INFO - [2024-04-14T15:09:25.607+0000] {dagbag.py:536} INFO - Filling up the DagBag from /home/airflow/.local/lib/python3.10/site-packages/airflow/example_dags/example_nested_branch_dag.py
[2024-04-14T15:09:25.615+0000] {processor.py:839} INFO - DAG(s) dict_keys(['example_nested_branch_dag']) retrieved from /home/airflow/.local/lib/python3.10/site-packages/airflow/example_dags/example_nested_branch_dag.py
[2024-04-14T15:09:25.622+0000] {logging_mixin.py:154} INFO - [2024-04-14T15:09:25.622+0000] {dag.py:2941} INFO - Sync 1 DAGs
[2024-04-14T15:09:25.637+0000] {logging_mixin.py:154} INFO - [2024-04-14T15:09:25.637+0000] {dag.py:3722} INFO - Setting next_dagrun for example_nested_branch_dag to 2024-04-13T00:00:00+00:00, run_after=2024-04-14T00:00:00+00:00
[2024-04-14T15:09:25.646+0000] {processor.py:179} INFO - Processing /home/airflow/.local/lib/python3.10/site-packages/airflow/example_dags/example_nested_branch_dag.py took 0.042 seconds
[2024-04-14T15:09:56.389+0000] {processor.py:157} INFO - Started process (PID=99) to work on /home/airflow/.local/lib/python3.10/site-packages/airflow/example_dags/example_nested_branch_dag.py
[2024-04-14T15:09:56.389+0000] {processor.py:829} INFO - Processing file /home/airflow/.local/lib/python3.10/site-packages/airflow/example_dags/example_nested_branch_dag.py for tasks to queue
[2024-04-14T15:09:56.390+0000] {logging_mixin.py:154} INFO - [2024-04-14T15:09:56.390+0000] {dagbag.py:536} INFO - Filling up the DagBag from /home/airflow/.local/lib/python3.10/site-packages/airflow/example_dags/example_nested_branch_dag.py
[2024-04-14T15:09:56.396+0000] {processor.py:839} INFO - DAG(s) dict_keys(['example_nested_branch_dag']) retrieved from /home/airflow/.local/lib/python3.10/site-packages/airflow/example_dags/example_nested_branch_dag.py
[2024-04-14T15:09:56.409+0000] {logging_mixin.py:154} INFO - [2024-04-14T15:09:56.409+0000] {dag.py:2941} INFO - Sync 1 DAGs
[2024-04-14T15:09:56.422+0000] {logging_mixin.py:154} INFO - [2024-04-14T15:09:56.422+0000] {dag.py:3722} INFO - Setting next_dagrun for example_nested_branch_dag to 2024-04-13T00:00:00+00:00, run_after=2024-04-14T00:00:00+00:00
[2024-04-14T15:09:56.430+0000] {processor.py:179} INFO - Processing /home/airflow/.local/lib/python3.10/site-packages/airflow/example_dags/example_nested_branch_dag.py took 0.043 seconds
[2024-04-14T15:10:27.094+0000] {processor.py:157} INFO - Started process (PID=153) to work on /home/airflow/.local/lib/python3.10/site-packages/airflow/example_dags/example_nested_branch_dag.py
[2024-04-14T15:10:27.095+0000] {processor.py:829} INFO - Processing file /home/airflow/.local/lib/python3.10/site-packages/airflow/example_dags/example_nested_branch_dag.py for tasks to queue
[2024-04-14T15:10:27.096+0000] {logging_mixin.py:154} INFO - [2024-04-14T15:10:27.096+0000] {dagbag.py:536} INFO - Filling up the DagBag from /home/airflow/.local/lib/python3.10/site-packages/airflow/example_dags/example_nested_branch_dag.py
[2024-04-14T15:10:27.102+0000] {processor.py:839} INFO - DAG(s) dict_keys(['example_nested_branch_dag']) retrieved from /home/airflow/.local/lib/python3.10/site-packages/airflow/example_dags/example_nested_branch_dag.py
[2024-04-14T15:10:27.115+0000] {logging_mixin.py:154} INFO - [2024-04-14T15:10:27.115+0000] {dag.py:2941} INFO - Sync 1 DAGs
[2024-04-14T15:10:27.127+0000] {logging_mixin.py:154} INFO - [2024-04-14T15:10:27.127+0000] {dag.py:3722} INFO - Setting next_dagrun for example_nested_branch_dag to 2024-04-13T00:00:00+00:00, run_after=2024-04-14T00:00:00+00:00
[2024-04-14T15:10:27.136+0000] {processor.py:179} INFO - Processing /home/airflow/.local/lib/python3.10/site-packages/airflow/example_dags/example_nested_branch_dag.py took 0.044 seconds
[2024-04-14T15:10:57.687+0000] {processor.py:157} INFO - Started process (PID=207) to work on /home/airflow/.local/lib/python3.10/site-packages/airflow/example_dags/example_nested_branch_dag.py
[2024-04-14T15:10:57.687+0000] {processor.py:829} INFO - Processing file /home/airflow/.local/lib/python3.10/site-packages/airflow/example_dags/example_nested_branch_dag.py for tasks to queue
[2024-04-14T15:10:57.688+0000] {logging_mixin.py:154} INFO - [2024-04-14T15:10:57.688+0000] {dagbag.py:536} INFO - Filling up the DagBag from /home/airflow/.local/lib/python3.10/site-packages/airflow/example_dags/example_nested_branch_dag.py
[2024-04-14T15:10:57.694+0000] {processor.py:839} INFO - DAG(s) dict_keys(['example_nested_branch_dag']) retrieved from /home/airflow/.local/lib/python3.10/site-packages/airflow/example_dags/example_nested_branch_dag.py
[2024-04-14T15:10:57.706+0000] {logging_mixin.py:154} INFO - [2024-04-14T15:10:57.706+0000] {dag.py:2941} INFO - Sync 1 DAGs
[2024-04-14T15:10:57.718+0000] {logging_mixin.py:154} INFO - [2024-04-14T15:10:57.718+0000] {dag.py:3722} INFO - Setting next_dagrun for example_nested_branch_dag to 2024-04-13T00:00:00+00:00, run_after=2024-04-14T00:00:00+00:00
[2024-04-14T15:10:57.727+0000] {processor.py:179} INFO - Processing /home/airflow/.local/lib/python3.10/site-packages/airflow/example_dags/example_nested_branch_dag.py took 0.042 seconds
[2024-04-14T15:11:28.307+0000] {processor.py:157} INFO - Started process (PID=261) to work on /home/airflow/.local/lib/python3.10/site-packages/airflow/example_dags/example_nested_branch_dag.py
[2024-04-14T15:11:28.307+0000] {processor.py:829} INFO - Processing file /home/airflow/.local/lib/python3.10/site-packages/airflow/example_dags/example_nested_branch_dag.py for tasks to queue
[2024-04-14T15:11:28.308+0000] {logging_mixin.py:154} INFO - [2024-04-14T15:11:28.308+0000] {dagbag.py:536} INFO - Filling up the DagBag from /home/airflow/.local/lib/python3.10/site-packages/airflow/example_dags/example_nested_branch_dag.py
[2024-04-14T15:11:28.314+0000] {processor.py:839} INFO - DAG(s) dict_keys(['example_nested_branch_dag']) retrieved from /home/airflow/.local/lib/python3.10/site-packages/airflow/example_dags/example_nested_branch_dag.py
[2024-04-14T15:11:28.327+0000] {logging_mixin.py:154} INFO - [2024-04-14T15:11:28.327+0000] {dag.py:2941} INFO - Sync 1 DAGs
[2024-04-14T15:11:28.340+0000] {logging_mixin.py:154} INFO - [2024-04-14T15:11:28.340+0000] {dag.py:3722} INFO - Setting next_dagrun for example_nested_branch_dag to 2024-04-13T00:00:00+00:00, run_after=2024-04-14T00:00:00+00:00
[2024-04-14T15:11:28.348+0000] {processor.py:179} INFO - Processing /home/airflow/.local/lib/python3.10/site-packages/airflow/example_dags/example_nested_branch_dag.py took 0.044 seconds
[2024-04-14T15:11:59.103+0000] {processor.py:157} INFO - Started process (PID=315) to work on /home/airflow/.local/lib/python3.10/site-packages/airflow/example_dags/example_nested_branch_dag.py
[2024-04-14T15:11:59.103+0000] {processor.py:829} INFO - Processing file /home/airflow/.local/lib/python3.10/site-packages/airflow/example_dags/example_nested_branch_dag.py for tasks to queue
[2024-04-14T15:11:59.104+0000] {logging_mixin.py:154} INFO - [2024-04-14T15:11:59.104+0000] {dagbag.py:536} INFO - Filling up the DagBag from /home/airflow/.local/lib/python3.10/site-packages/airflow/example_dags/example_nested_branch_dag.py
[2024-04-14T15:11:59.110+0000] {processor.py:839} INFO - DAG(s) dict_keys(['example_nested_branch_dag']) retrieved from /home/airflow/.local/lib/python3.10/site-packages/airflow/example_dags/example_nested_branch_dag.py
[2024-04-14T15:11:59.123+0000] {logging_mixin.py:154} INFO - [2024-04-14T15:11:59.123+0000] {dag.py:2941} INFO - Sync 1 DAGs
[2024-04-14T15:11:59.136+0000] {logging_mixin.py:154} INFO - [2024-04-14T15:11:59.136+0000] {dag.py:3722} INFO - Setting next_dagrun for example_nested_branch_dag to 2024-04-13T00:00:00+00:00, run_after=2024-04-14T00:00:00+00:00
[2024-04-14T15:11:59.144+0000] {processor.py:179} INFO - Processing /home/airflow/.local/lib/python3.10/site-packages/airflow/example_dags/example_nested_branch_dag.py took 0.044 seconds
[2024-04-14T15:12:29.808+0000] {processor.py:157} INFO - Started process (PID=369) to work on /home/airflow/.local/lib/python3.10/site-packages/airflow/example_dags/example_nested_branch_dag.py
[2024-04-14T15:12:29.808+0000] {processor.py:829} INFO - Processing file /home/airflow/.local/lib/python3.10/site-packages/airflow/example_dags/example_nested_branch_dag.py for tasks to queue
[2024-04-14T15:12:29.809+0000] {logging_mixin.py:154} INFO - [2024-04-14T15:12:29.809+0000] {dagbag.py:536} INFO - Filling up the DagBag from /home/airflow/.local/lib/python3.10/site-packages/airflow/example_dags/example_nested_branch_dag.py
[2024-04-14T15:12:29.815+0000] {processor.py:839} INFO - DAG(s) dict_keys(['example_nested_branch_dag']) retrieved from /home/airflow/.local/lib/python3.10/site-packages/airflow/example_dags/example_nested_branch_dag.py
[2024-04-14T15:12:29.827+0000] {logging_mixin.py:154} INFO - [2024-04-14T15:12:29.827+0000] {dag.py:2941} INFO - Sync 1 DAGs
[2024-04-14T15:12:29.840+0000] {logging_mixin.py:154} INFO - [2024-04-14T15:12:29.840+0000] {dag.py:3722} INFO - Setting next_dagrun for example_nested_branch_dag to 2024-04-13T00:00:00+00:00, run_after=2024-04-14T00:00:00+00:00
[2024-04-14T15:12:29.848+0000] {processor.py:179} INFO - Processing /home/airflow/.local/lib/python3.10/site-packages/airflow/example_dags/example_nested_branch_dag.py took 0.042 seconds
[2024-04-14T15:13:00.604+0000] {processor.py:157} INFO - Started process (PID=423) to work on /home/airflow/.local/lib/python3.10/site-packages/airflow/example_dags/example_nested_branch_dag.py
[2024-04-14T15:13:00.605+0000] {processor.py:829} INFO - Processing file /home/airflow/.local/lib/python3.10/site-packages/airflow/example_dags/example_nested_branch_dag.py for tasks to queue
[2024-04-14T15:13:00.606+0000] {logging_mixin.py:154} INFO - [2024-04-14T15:13:00.606+0000] {dagbag.py:536} INFO - Filling up the DagBag from /home/airflow/.local/lib/python3.10/site-packages/airflow/example_dags/example_nested_branch_dag.py
[2024-04-14T15:13:00.612+0000] {processor.py:839} INFO - DAG(s) dict_keys(['example_nested_branch_dag']) retrieved from /home/airflow/.local/lib/python3.10/site-packages/airflow/example_dags/example_nested_branch_dag.py
[2024-04-14T15:13:00.625+0000] {logging_mixin.py:154} INFO - [2024-04-14T15:13:00.625+0000] {dag.py:2941} INFO - Sync 1 DAGs
[2024-04-14T15:13:00.637+0000] {logging_mixin.py:154} INFO - [2024-04-14T15:13:00.637+0000] {dag.py:3722} INFO - Setting next_dagrun for example_nested_branch_dag to 2024-04-13T00:00:00+00:00, run_after=2024-04-14T00:00:00+00:00
[2024-04-14T15:13:00.646+0000] {processor.py:179} INFO - Processing /home/airflow/.local/lib/python3.10/site-packages/airflow/example_dags/example_nested_branch_dag.py took 0.044 seconds
[2024-04-14T15:13:31.369+0000] {processor.py:157} INFO - Started process (PID=477) to work on /home/airflow/.local/lib/python3.10/site-packages/airflow/example_dags/example_nested_branch_dag.py
[2024-04-14T15:13:31.369+0000] {processor.py:829} INFO - Processing file /home/airflow/.local/lib/python3.10/site-packages/airflow/example_dags/example_nested_branch_dag.py for tasks to queue
[2024-04-14T15:13:31.370+0000] {logging_mixin.py:154} INFO - [2024-04-14T15:13:31.370+0000] {dagbag.py:536} INFO - Filling up the DagBag from /home/airflow/.local/lib/python3.10/site-packages/airflow/example_dags/example_nested_branch_dag.py
[2024-04-14T15:13:31.376+0000] {processor.py:839} INFO - DAG(s) dict_keys(['example_nested_branch_dag']) retrieved from /home/airflow/.local/lib/python3.10/site-packages/airflow/example_dags/example_nested_branch_dag.py
[2024-04-14T15:13:31.389+0000] {logging_mixin.py:154} INFO - [2024-04-14T15:13:31.389+0000] {dag.py:2941} INFO - Sync 1 DAGs
[2024-04-14T15:13:31.401+0000] {logging_mixin.py:154} INFO - [2024-04-14T15:13:31.401+0000] {dag.py:3722} INFO - Setting next_dagrun for example_nested_branch_dag to 2024-04-13T00:00:00+00:00, run_after=2024-04-14T00:00:00+00:00
[2024-04-14T15:13:31.410+0000] {processor.py:179} INFO - Processing /home/airflow/.local/lib/python3.10/site-packages/airflow/example_dags/example_nested_branch_dag.py took 0.043 seconds
[2024-04-14T15:14:02.055+0000] {processor.py:157} INFO - Started process (PID=531) to work on /home/airflow/.local/lib/python3.10/site-packages/airflow/example_dags/example_nested_branch_dag.py
[2024-04-14T15:14:02.055+0000] {processor.py:829} INFO - Processing file /home/airflow/.local/lib/python3.10/site-packages/airflow/example_dags/example_nested_branch_dag.py for tasks to queue
[2024-04-14T15:14:02.056+0000] {logging_mixin.py:154} INFO - [2024-04-14T15:14:02.056+0000] {dagbag.py:536} INFO - Filling up the DagBag from /home/airflow/.local/lib/python3.10/site-packages/airflow/example_dags/example_nested_branch_dag.py
[2024-04-14T15:14:02.063+0000] {processor.py:839} INFO - DAG(s) dict_keys(['example_nested_branch_dag']) retrieved from /home/airflow/.local/lib/python3.10/site-packages/airflow/example_dags/example_nested_branch_dag.py
[2024-04-14T15:14:02.076+0000] {logging_mixin.py:154} INFO - [2024-04-14T15:14:02.076+0000] {dag.py:2941} INFO - Sync 1 DAGs
[2024-04-14T15:14:02.089+0000] {logging_mixin.py:154} INFO - [2024-04-14T15:14:02.089+0000] {dag.py:3722} INFO - Setting next_dagrun for example_nested_branch_dag to 2024-04-13T00:00:00+00:00, run_after=2024-04-14T00:00:00+00:00
[2024-04-14T15:14:02.097+0000] {processor.py:179} INFO - Processing /home/airflow/.local/lib/python3.10/site-packages/airflow/example_dags/example_nested_branch_dag.py took 0.045 seconds
[2024-04-14T15:14:32.649+0000] {processor.py:157} INFO - Started process (PID=585) to work on /home/airflow/.local/lib/python3.10/site-packages/airflow/example_dags/example_nested_branch_dag.py
[2024-04-14T15:14:32.649+0000] {processor.py:829} INFO - Processing file /home/airflow/.local/lib/python3.10/site-packages/airflow/example_dags/example_nested_branch_dag.py for tasks to queue
[2024-04-14T15:14:32.650+0000] {logging_mixin.py:154} INFO - [2024-04-14T15:14:32.650+0000] {dagbag.py:536} INFO - Filling up the DagBag from /home/airflow/.local/lib/python3.10/site-packages/airflow/example_dags/example_nested_branch_dag.py
[2024-04-14T15:14:32.656+0000] {processor.py:839} INFO - DAG(s) dict_keys(['example_nested_branch_dag']) retrieved from /home/airflow/.local/lib/python3.10/site-packages/airflow/example_dags/example_nested_branch_dag.py
[2024-04-14T15:14:32.669+0000] {logging_mixin.py:154} INFO - [2024-04-14T15:14:32.669+0000] {dag.py:2941} INFO - Sync 1 DAGs
[2024-04-14T15:14:32.681+0000] {logging_mixin.py:154} INFO - [2024-04-14T15:14:32.681+0000] {dag.py:3722} INFO - Setting next_dagrun for example_nested_branch_dag to 2024-04-13T00:00:00+00:00, run_after=2024-04-14T00:00:00+00:00
[2024-04-14T15:14:32.689+0000] {processor.py:179} INFO - Processing /home/airflow/.local/lib/python3.10/site-packages/airflow/example_dags/example_nested_branch_dag.py took 0.043 seconds
[2024-04-14T15:15:03.343+0000] {processor.py:157} INFO - Started process (PID=639) to work on /home/airflow/.local/lib/python3.10/site-packages/airflow/example_dags/example_nested_branch_dag.py
[2024-04-14T15:15:03.344+0000] {processor.py:829} INFO - Processing file /home/airflow/.local/lib/python3.10/site-packages/airflow/example_dags/example_nested_branch_dag.py for tasks to queue
[2024-04-14T15:15:03.345+0000] {logging_mixin.py:154} INFO - [2024-04-14T15:15:03.345+0000] {dagbag.py:536} INFO - Filling up the DagBag from /home/airflow/.local/lib/python3.10/site-packages/airflow/example_dags/example_nested_branch_dag.py
[2024-04-14T15:15:03.351+0000] {processor.py:839} INFO - DAG(s) dict_keys(['example_nested_branch_dag']) retrieved from /home/airflow/.local/lib/python3.10/site-packages/airflow/example_dags/example_nested_branch_dag.py
[2024-04-14T15:15:03.366+0000] {logging_mixin.py:154} INFO - [2024-04-14T15:15:03.366+0000] {dag.py:2941} INFO - Sync 1 DAGs
[2024-04-14T15:15:03.383+0000] {logging_mixin.py:154} INFO - [2024-04-14T15:15:03.382+0000] {dag.py:3722} INFO - Setting next_dagrun for example_nested_branch_dag to 2024-04-13T00:00:00+00:00, run_after=2024-04-14T00:00:00+00:00
[2024-04-14T15:15:03.392+0000] {processor.py:179} INFO - Processing /home/airflow/.local/lib/python3.10/site-packages/airflow/example_dags/example_nested_branch_dag.py took 0.051 seconds
[2024-04-14T15:15:33.941+0000] {processor.py:157} INFO - Started process (PID=693) to work on /home/airflow/.local/lib/python3.10/site-packages/airflow/example_dags/example_nested_branch_dag.py
[2024-04-14T15:15:33.942+0000] {processor.py:829} INFO - Processing file /home/airflow/.local/lib/python3.10/site-packages/airflow/example_dags/example_nested_branch_dag.py for tasks to queue
[2024-04-14T15:15:33.943+0000] {logging_mixin.py:154} INFO - [2024-04-14T15:15:33.943+0000] {dagbag.py:536} INFO - Filling up the DagBag from /home/airflow/.local/lib/python3.10/site-packages/airflow/example_dags/example_nested_branch_dag.py
[2024-04-14T15:15:33.949+0000] {processor.py:839} INFO - DAG(s) dict_keys(['example_nested_branch_dag']) retrieved from /home/airflow/.local/lib/python3.10/site-packages/airflow/example_dags/example_nested_branch_dag.py
[2024-04-14T15:15:33.963+0000] {logging_mixin.py:154} INFO - [2024-04-14T15:15:33.962+0000] {dag.py:2941} INFO - Sync 1 DAGs
[2024-04-14T15:15:33.976+0000] {logging_mixin.py:154} INFO - [2024-04-14T15:15:33.976+0000] {dag.py:3722} INFO - Setting next_dagrun for example_nested_branch_dag to 2024-04-13T00:00:00+00:00, run_after=2024-04-14T00:00:00+00:00
[2024-04-14T15:15:33.985+0000] {processor.py:179} INFO - Processing /home/airflow/.local/lib/python3.10/site-packages/airflow/example_dags/example_nested_branch_dag.py took 0.046 seconds
[2024-04-14T15:16:04.613+0000] {processor.py:157} INFO - Started process (PID=747) to work on /home/airflow/.local/lib/python3.10/site-packages/airflow/example_dags/example_nested_branch_dag.py
[2024-04-14T15:16:04.614+0000] {processor.py:829} INFO - Processing file /home/airflow/.local/lib/python3.10/site-packages/airflow/example_dags/example_nested_branch_dag.py for tasks to queue
[2024-04-14T15:16:04.615+0000] {logging_mixin.py:154} INFO - [2024-04-14T15:16:04.615+0000] {dagbag.py:536} INFO - Filling up the DagBag from /home/airflow/.local/lib/python3.10/site-packages/airflow/example_dags/example_nested_branch_dag.py
[2024-04-14T15:16:04.621+0000] {processor.py:839} INFO - DAG(s) dict_keys(['example_nested_branch_dag']) retrieved from /home/airflow/.local/lib/python3.10/site-packages/airflow/example_dags/example_nested_branch_dag.py
[2024-04-14T15:16:04.634+0000] {logging_mixin.py:154} INFO - [2024-04-14T15:16:04.634+0000] {dag.py:2941} INFO - Sync 1 DAGs
[2024-04-14T15:16:04.646+0000] {logging_mixin.py:154} INFO - [2024-04-14T15:16:04.646+0000] {dag.py:3722} INFO - Setting next_dagrun for example_nested_branch_dag to 2024-04-13T00:00:00+00:00, run_after=2024-04-14T00:00:00+00:00
[2024-04-14T15:16:04.654+0000] {processor.py:179} INFO - Processing /home/airflow/.local/lib/python3.10/site-packages/airflow/example_dags/example_nested_branch_dag.py took 0.043 seconds
[2024-04-14T15:16:35.326+0000] {processor.py:157} INFO - Started process (PID=801) to work on /home/airflow/.local/lib/python3.10/site-packages/airflow/example_dags/example_nested_branch_dag.py
[2024-04-14T15:16:35.326+0000] {processor.py:829} INFO - Processing file /home/airflow/.local/lib/python3.10/site-packages/airflow/example_dags/example_nested_branch_dag.py for tasks to queue
[2024-04-14T15:16:35.327+0000] {logging_mixin.py:154} INFO - [2024-04-14T15:16:35.327+0000] {dagbag.py:536} INFO - Filling up the DagBag from /home/airflow/.local/lib/python3.10/site-packages/airflow/example_dags/example_nested_branch_dag.py
[2024-04-14T15:16:35.334+0000] {processor.py:839} INFO - DAG(s) dict_keys(['example_nested_branch_dag']) retrieved from /home/airflow/.local/lib/python3.10/site-packages/airflow/example_dags/example_nested_branch_dag.py
[2024-04-14T15:16:35.348+0000] {logging_mixin.py:154} INFO - [2024-04-14T15:16:35.347+0000] {dag.py:2941} INFO - Sync 1 DAGs
[2024-04-14T15:16:35.361+0000] {logging_mixin.py:154} INFO - [2024-04-14T15:16:35.361+0000] {dag.py:3722} INFO - Setting next_dagrun for example_nested_branch_dag to 2024-04-13T00:00:00+00:00, run_after=2024-04-14T00:00:00+00:00
[2024-04-14T15:16:35.370+0000] {processor.py:179} INFO - Processing /home/airflow/.local/lib/python3.10/site-packages/airflow/example_dags/example_nested_branch_dag.py took 0.046 seconds
[2024-04-14T15:17:06.080+0000] {processor.py:157} INFO - Started process (PID=855) to work on /home/airflow/.local/lib/python3.10/site-packages/airflow/example_dags/example_nested_branch_dag.py
[2024-04-14T15:17:06.080+0000] {processor.py:829} INFO - Processing file /home/airflow/.local/lib/python3.10/site-packages/airflow/example_dags/example_nested_branch_dag.py for tasks to queue
[2024-04-14T15:17:06.081+0000] {logging_mixin.py:154} INFO - [2024-04-14T15:17:06.081+0000] {dagbag.py:536} INFO - Filling up the DagBag from /home/airflow/.local/lib/python3.10/site-packages/airflow/example_dags/example_nested_branch_dag.py
[2024-04-14T15:17:06.087+0000] {processor.py:839} INFO - DAG(s) dict_keys(['example_nested_branch_dag']) retrieved from /home/airflow/.local/lib/python3.10/site-packages/airflow/example_dags/example_nested_branch_dag.py
[2024-04-14T15:17:06.100+0000] {logging_mixin.py:154} INFO - [2024-04-14T15:17:06.100+0000] {dag.py:2941} INFO - Sync 1 DAGs
[2024-04-14T15:17:06.112+0000] {logging_mixin.py:154} INFO - [2024-04-14T15:17:06.112+0000] {dag.py:3722} INFO - Setting next_dagrun for example_nested_branch_dag to 2024-04-13T00:00:00+00:00, run_after=2024-04-14T00:00:00+00:00
[2024-04-14T15:17:06.120+0000] {processor.py:179} INFO - Processing /home/airflow/.local/lib/python3.10/site-packages/airflow/example_dags/example_nested_branch_dag.py took 0.043 seconds
[2024-04-14T15:17:36.702+0000] {processor.py:157} INFO - Started process (PID=909) to work on /home/airflow/.local/lib/python3.10/site-packages/airflow/example_dags/example_nested_branch_dag.py
[2024-04-14T15:17:36.702+0000] {processor.py:829} INFO - Processing file /home/airflow/.local/lib/python3.10/site-packages/airflow/example_dags/example_nested_branch_dag.py for tasks to queue
[2024-04-14T15:17:36.703+0000] {logging_mixin.py:154} INFO - [2024-04-14T15:17:36.703+0000] {dagbag.py:536} INFO - Filling up the DagBag from /home/airflow/.local/lib/python3.10/site-packages/airflow/example_dags/example_nested_branch_dag.py
[2024-04-14T15:17:36.709+0000] {processor.py:839} INFO - DAG(s) dict_keys(['example_nested_branch_dag']) retrieved from /home/airflow/.local/lib/python3.10/site-packages/airflow/example_dags/example_nested_branch_dag.py
[2024-04-14T15:17:36.722+0000] {logging_mixin.py:154} INFO - [2024-04-14T15:17:36.722+0000] {dag.py:2941} INFO - Sync 1 DAGs
[2024-04-14T15:17:36.736+0000] {logging_mixin.py:154} INFO - [2024-04-14T15:17:36.736+0000] {dag.py:3722} INFO - Setting next_dagrun for example_nested_branch_dag to 2024-04-13T00:00:00+00:00, run_after=2024-04-14T00:00:00+00:00
[2024-04-14T15:17:36.744+0000] {processor.py:179} INFO - Processing /home/airflow/.local/lib/python3.10/site-packages/airflow/example_dags/example_nested_branch_dag.py took 0.044 seconds
[2024-04-14T15:18:07.322+0000] {processor.py:157} INFO - Started process (PID=963) to work on /home/airflow/.local/lib/python3.10/site-packages/airflow/example_dags/example_nested_branch_dag.py
[2024-04-14T15:18:07.323+0000] {processor.py:829} INFO - Processing file /home/airflow/.local/lib/python3.10/site-packages/airflow/example_dags/example_nested_branch_dag.py for tasks to queue
[2024-04-14T15:18:07.324+0000] {logging_mixin.py:154} INFO - [2024-04-14T15:18:07.324+0000] {dagbag.py:536} INFO - Filling up the DagBag from /home/airflow/.local/lib/python3.10/site-packages/airflow/example_dags/example_nested_branch_dag.py
[2024-04-14T15:18:07.330+0000] {processor.py:839} INFO - DAG(s) dict_keys(['example_nested_branch_dag']) retrieved from /home/airflow/.local/lib/python3.10/site-packages/airflow/example_dags/example_nested_branch_dag.py
[2024-04-14T15:18:07.342+0000] {logging_mixin.py:154} INFO - [2024-04-14T15:18:07.342+0000] {dag.py:2941} INFO - Sync 1 DAGs
[2024-04-14T15:18:07.355+0000] {logging_mixin.py:154} INFO - [2024-04-14T15:18:07.355+0000] {dag.py:3722} INFO - Setting next_dagrun for example_nested_branch_dag to 2024-04-13T00:00:00+00:00, run_after=2024-04-14T00:00:00+00:00
[2024-04-14T15:18:07.363+0000] {processor.py:179} INFO - Processing /home/airflow/.local/lib/python3.10/site-packages/airflow/example_dags/example_nested_branch_dag.py took 0.042 seconds
[2024-04-14T15:18:37.956+0000] {processor.py:157} INFO - Started process (PID=1017) to work on /home/airflow/.local/lib/python3.10/site-packages/airflow/example_dags/example_nested_branch_dag.py
[2024-04-14T15:18:37.956+0000] {processor.py:829} INFO - Processing file /home/airflow/.local/lib/python3.10/site-packages/airflow/example_dags/example_nested_branch_dag.py for tasks to queue
[2024-04-14T15:18:37.957+0000] {logging_mixin.py:154} INFO - [2024-04-14T15:18:37.957+0000] {dagbag.py:536} INFO - Filling up the DagBag from /home/airflow/.local/lib/python3.10/site-packages/airflow/example_dags/example_nested_branch_dag.py
[2024-04-14T15:18:37.963+0000] {processor.py:839} INFO - DAG(s) dict_keys(['example_nested_branch_dag']) retrieved from /home/airflow/.local/lib/python3.10/site-packages/airflow/example_dags/example_nested_branch_dag.py
[2024-04-14T15:18:37.976+0000] {logging_mixin.py:154} INFO - [2024-04-14T15:18:37.976+0000] {dag.py:2941} INFO - Sync 1 DAGs
[2024-04-14T15:18:37.989+0000] {logging_mixin.py:154} INFO - [2024-04-14T15:18:37.989+0000] {dag.py:3722} INFO - Setting next_dagrun for example_nested_branch_dag to 2024-04-13T00:00:00+00:00, run_after=2024-04-14T00:00:00+00:00
[2024-04-14T15:18:37.997+0000] {processor.py:179} INFO - Processing /home/airflow/.local/lib/python3.10/site-packages/airflow/example_dags/example_nested_branch_dag.py took 0.044 seconds
[2024-04-14T15:19:08.740+0000] {processor.py:157} INFO - Started process (PID=1071) to work on /home/airflow/.local/lib/python3.10/site-packages/airflow/example_dags/example_nested_branch_dag.py
[2024-04-14T15:19:08.740+0000] {processor.py:829} INFO - Processing file /home/airflow/.local/lib/python3.10/site-packages/airflow/example_dags/example_nested_branch_dag.py for tasks to queue
[2024-04-14T15:19:08.741+0000] {logging_mixin.py:154} INFO - [2024-04-14T15:19:08.741+0000] {dagbag.py:536} INFO - Filling up the DagBag from /home/airflow/.local/lib/python3.10/site-packages/airflow/example_dags/example_nested_branch_dag.py
[2024-04-14T15:19:08.747+0000] {processor.py:839} INFO - DAG(s) dict_keys(['example_nested_branch_dag']) retrieved from /home/airflow/.local/lib/python3.10/site-packages/airflow/example_dags/example_nested_branch_dag.py
[2024-04-14T15:19:08.760+0000] {logging_mixin.py:154} INFO - [2024-04-14T15:19:08.760+0000] {dag.py:2941} INFO - Sync 1 DAGs
[2024-04-14T15:19:08.773+0000] {logging_mixin.py:154} INFO - [2024-04-14T15:19:08.773+0000] {dag.py:3722} INFO - Setting next_dagrun for example_nested_branch_dag to 2024-04-13T00:00:00+00:00, run_after=2024-04-14T00:00:00+00:00
[2024-04-14T15:19:08.781+0000] {processor.py:179} INFO - Processing /home/airflow/.local/lib/python3.10/site-packages/airflow/example_dags/example_nested_branch_dag.py took 0.043 seconds
[2024-04-14T15:19:39.445+0000] {processor.py:157} INFO - Started process (PID=1125) to work on /home/airflow/.local/lib/python3.10/site-packages/airflow/example_dags/example_nested_branch_dag.py
[2024-04-14T15:19:39.445+0000] {processor.py:829} INFO - Processing file /home/airflow/.local/lib/python3.10/site-packages/airflow/example_dags/example_nested_branch_dag.py for tasks to queue
[2024-04-14T15:19:39.446+0000] {logging_mixin.py:154} INFO - [2024-04-14T15:19:39.446+0000] {dagbag.py:536} INFO - Filling up the DagBag from /home/airflow/.local/lib/python3.10/site-packages/airflow/example_dags/example_nested_branch_dag.py
[2024-04-14T15:19:39.452+0000] {processor.py:839} INFO - DAG(s) dict_keys(['example_nested_branch_dag']) retrieved from /home/airflow/.local/lib/python3.10/site-packages/airflow/example_dags/example_nested_branch_dag.py
[2024-04-14T15:19:39.465+0000] {logging_mixin.py:154} INFO - [2024-04-14T15:19:39.465+0000] {dag.py:2941} INFO - Sync 1 DAGs
[2024-04-14T15:19:39.477+0000] {logging_mixin.py:154} INFO - [2024-04-14T15:19:39.477+0000] {dag.py:3722} INFO - Setting next_dagrun for example_nested_branch_dag to 2024-04-13T00:00:00+00:00, run_after=2024-04-14T00:00:00+00:00
[2024-04-14T15:19:39.485+0000] {processor.py:179} INFO - Processing /home/airflow/.local/lib/python3.10/site-packages/airflow/example_dags/example_nested_branch_dag.py took 0.043 seconds
[2024-04-14T15:20:10.017+0000] {processor.py:157} INFO - Started process (PID=1179) to work on /home/airflow/.local/lib/python3.10/site-packages/airflow/example_dags/example_nested_branch_dag.py
[2024-04-14T15:20:10.017+0000] {processor.py:829} INFO - Processing file /home/airflow/.local/lib/python3.10/site-packages/airflow/example_dags/example_nested_branch_dag.py for tasks to queue
[2024-04-14T15:20:10.018+0000] {logging_mixin.py:154} INFO - [2024-04-14T15:20:10.018+0000] {dagbag.py:536} INFO - Filling up the DagBag from /home/airflow/.local/lib/python3.10/site-packages/airflow/example_dags/example_nested_branch_dag.py
[2024-04-14T15:20:10.024+0000] {processor.py:839} INFO - DAG(s) dict_keys(['example_nested_branch_dag']) retrieved from /home/airflow/.local/lib/python3.10/site-packages/airflow/example_dags/example_nested_branch_dag.py
[2024-04-14T15:20:10.037+0000] {logging_mixin.py:154} INFO - [2024-04-14T15:20:10.037+0000] {dag.py:2941} INFO - Sync 1 DAGs
[2024-04-14T15:20:10.050+0000] {logging_mixin.py:154} INFO - [2024-04-14T15:20:10.050+0000] {dag.py:3722} INFO - Setting next_dagrun for example_nested_branch_dag to 2024-04-13T00:00:00+00:00, run_after=2024-04-14T00:00:00+00:00
[2024-04-14T15:20:10.058+0000] {processor.py:179} INFO - Processing /home/airflow/.local/lib/python3.10/site-packages/airflow/example_dags/example_nested_branch_dag.py took 0.043 seconds
[2024-04-14T15:20:40.777+0000] {processor.py:157} INFO - Started process (PID=1233) to work on /home/airflow/.local/lib/python3.10/site-packages/airflow/example_dags/example_nested_branch_dag.py
[2024-04-14T15:20:40.778+0000] {processor.py:829} INFO - Processing file /home/airflow/.local/lib/python3.10/site-packages/airflow/example_dags/example_nested_branch_dag.py for tasks to queue
[2024-04-14T15:20:40.779+0000] {logging_mixin.py:154} INFO - [2024-04-14T15:20:40.778+0000] {dagbag.py:536} INFO - Filling up the DagBag from /home/airflow/.local/lib/python3.10/site-packages/airflow/example_dags/example_nested_branch_dag.py
[2024-04-14T15:20:40.784+0000] {processor.py:839} INFO - DAG(s) dict_keys(['example_nested_branch_dag']) retrieved from /home/airflow/.local/lib/python3.10/site-packages/airflow/example_dags/example_nested_branch_dag.py
[2024-04-14T15:20:40.797+0000] {logging_mixin.py:154} INFO - [2024-04-14T15:20:40.797+0000] {dag.py:2941} INFO - Sync 1 DAGs
[2024-04-14T15:20:40.810+0000] {logging_mixin.py:154} INFO - [2024-04-14T15:20:40.810+0000] {dag.py:3722} INFO - Setting next_dagrun for example_nested_branch_dag to 2024-04-13T00:00:00+00:00, run_after=2024-04-14T00:00:00+00:00
[2024-04-14T15:20:40.818+0000] {processor.py:179} INFO - Processing /home/airflow/.local/lib/python3.10/site-packages/airflow/example_dags/example_nested_branch_dag.py took 0.043 seconds
[2024-04-14T15:21:11.415+0000] {processor.py:157} INFO - Started process (PID=1287) to work on /home/airflow/.local/lib/python3.10/site-packages/airflow/example_dags/example_nested_branch_dag.py
[2024-04-14T15:21:11.416+0000] {processor.py:829} INFO - Processing file /home/airflow/.local/lib/python3.10/site-packages/airflow/example_dags/example_nested_branch_dag.py for tasks to queue
[2024-04-14T15:21:11.417+0000] {logging_mixin.py:154} INFO - [2024-04-14T15:21:11.417+0000] {dagbag.py:536} INFO - Filling up the DagBag from /home/airflow/.local/lib/python3.10/site-packages/airflow/example_dags/example_nested_branch_dag.py
[2024-04-14T15:21:11.423+0000] {processor.py:839} INFO - DAG(s) dict_keys(['example_nested_branch_dag']) retrieved from /home/airflow/.local/lib/python3.10/site-packages/airflow/example_dags/example_nested_branch_dag.py
[2024-04-14T15:21:11.436+0000] {logging_mixin.py:154} INFO - [2024-04-14T15:21:11.436+0000] {dag.py:2941} INFO - Sync 1 DAGs
[2024-04-14T15:21:11.449+0000] {logging_mixin.py:154} INFO - [2024-04-14T15:21:11.449+0000] {dag.py:3722} INFO - Setting next_dagrun for example_nested_branch_dag to 2024-04-13T00:00:00+00:00, run_after=2024-04-14T00:00:00+00:00
[2024-04-14T15:21:11.457+0000] {processor.py:179} INFO - Processing /home/airflow/.local/lib/python3.10/site-packages/airflow/example_dags/example_nested_branch_dag.py took 0.043 seconds
[2024-04-14T15:21:42.005+0000] {processor.py:157} INFO - Started process (PID=1341) to work on /home/airflow/.local/lib/python3.10/site-packages/airflow/example_dags/example_nested_branch_dag.py
[2024-04-14T15:21:42.005+0000] {processor.py:829} INFO - Processing file /home/airflow/.local/lib/python3.10/site-packages/airflow/example_dags/example_nested_branch_dag.py for tasks to queue
[2024-04-14T15:21:42.006+0000] {logging_mixin.py:154} INFO - [2024-04-14T15:21:42.006+0000] {dagbag.py:536} INFO - Filling up the DagBag from /home/airflow/.local/lib/python3.10/site-packages/airflow/example_dags/example_nested_branch_dag.py
[2024-04-14T15:21:42.012+0000] {processor.py:839} INFO - DAG(s) dict_keys(['example_nested_branch_dag']) retrieved from /home/airflow/.local/lib/python3.10/site-packages/airflow/example_dags/example_nested_branch_dag.py
[2024-04-14T15:21:42.024+0000] {logging_mixin.py:154} INFO - [2024-04-14T15:21:42.024+0000] {dag.py:2941} INFO - Sync 1 DAGs
[2024-04-14T15:21:42.037+0000] {logging_mixin.py:154} INFO - [2024-04-14T15:21:42.037+0000] {dag.py:3722} INFO - Setting next_dagrun for example_nested_branch_dag to 2024-04-13T00:00:00+00:00, run_after=2024-04-14T00:00:00+00:00
[2024-04-14T15:21:42.045+0000] {processor.py:179} INFO - Processing /home/airflow/.local/lib/python3.10/site-packages/airflow/example_dags/example_nested_branch_dag.py took 0.042 seconds
[2024-04-14T15:22:12.761+0000] {processor.py:157} INFO - Started process (PID=1395) to work on /home/airflow/.local/lib/python3.10/site-packages/airflow/example_dags/example_nested_branch_dag.py
[2024-04-14T15:22:12.762+0000] {processor.py:829} INFO - Processing file /home/airflow/.local/lib/python3.10/site-packages/airflow/example_dags/example_nested_branch_dag.py for tasks to queue
[2024-04-14T15:22:12.763+0000] {logging_mixin.py:154} INFO - [2024-04-14T15:22:12.763+0000] {dagbag.py:536} INFO - Filling up the DagBag from /home/airflow/.local/lib/python3.10/site-packages/airflow/example_dags/example_nested_branch_dag.py
[2024-04-14T15:22:12.769+0000] {processor.py:839} INFO - DAG(s) dict_keys(['example_nested_branch_dag']) retrieved from /home/airflow/.local/lib/python3.10/site-packages/airflow/example_dags/example_nested_branch_dag.py
[2024-04-14T15:22:12.784+0000] {logging_mixin.py:154} INFO - [2024-04-14T15:22:12.784+0000] {dag.py:2941} INFO - Sync 1 DAGs
[2024-04-14T15:22:12.799+0000] {logging_mixin.py:154} INFO - [2024-04-14T15:22:12.799+0000] {dag.py:3722} INFO - Setting next_dagrun for example_nested_branch_dag to 2024-04-13T00:00:00+00:00, run_after=2024-04-14T00:00:00+00:00
[2024-04-14T15:22:12.808+0000] {processor.py:179} INFO - Processing /home/airflow/.local/lib/python3.10/site-packages/airflow/example_dags/example_nested_branch_dag.py took 0.049 seconds
[2024-04-14T15:22:43.417+0000] {processor.py:157} INFO - Started process (PID=1449) to work on /home/airflow/.local/lib/python3.10/site-packages/airflow/example_dags/example_nested_branch_dag.py
[2024-04-14T15:22:43.417+0000] {processor.py:829} INFO - Processing file /home/airflow/.local/lib/python3.10/site-packages/airflow/example_dags/example_nested_branch_dag.py for tasks to queue
[2024-04-14T15:22:43.418+0000] {logging_mixin.py:154} INFO - [2024-04-14T15:22:43.418+0000] {dagbag.py:536} INFO - Filling up the DagBag from /home/airflow/.local/lib/python3.10/site-packages/airflow/example_dags/example_nested_branch_dag.py
[2024-04-14T15:22:43.424+0000] {processor.py:839} INFO - DAG(s) dict_keys(['example_nested_branch_dag']) retrieved from /home/airflow/.local/lib/python3.10/site-packages/airflow/example_dags/example_nested_branch_dag.py
[2024-04-14T15:22:43.437+0000] {logging_mixin.py:154} INFO - [2024-04-14T15:22:43.437+0000] {dag.py:2941} INFO - Sync 1 DAGs
[2024-04-14T15:22:43.450+0000] {logging_mixin.py:154} INFO - [2024-04-14T15:22:43.450+0000] {dag.py:3722} INFO - Setting next_dagrun for example_nested_branch_dag to 2024-04-13T00:00:00+00:00, run_after=2024-04-14T00:00:00+00:00
[2024-04-14T15:22:43.458+0000] {processor.py:179} INFO - Processing /home/airflow/.local/lib/python3.10/site-packages/airflow/example_dags/example_nested_branch_dag.py took 0.044 seconds
[2024-04-14T15:23:14.223+0000] {processor.py:157} INFO - Started process (PID=1503) to work on /home/airflow/.local/lib/python3.10/site-packages/airflow/example_dags/example_nested_branch_dag.py
[2024-04-14T15:23:14.224+0000] {processor.py:829} INFO - Processing file /home/airflow/.local/lib/python3.10/site-packages/airflow/example_dags/example_nested_branch_dag.py for tasks to queue
[2024-04-14T15:23:14.225+0000] {logging_mixin.py:154} INFO - [2024-04-14T15:23:14.225+0000] {dagbag.py:536} INFO - Filling up the DagBag from /home/airflow/.local/lib/python3.10/site-packages/airflow/example_dags/example_nested_branch_dag.py
[2024-04-14T15:23:14.231+0000] {processor.py:839} INFO - DAG(s) dict_keys(['example_nested_branch_dag']) retrieved from /home/airflow/.local/lib/python3.10/site-packages/airflow/example_dags/example_nested_branch_dag.py
[2024-04-14T15:23:14.244+0000] {logging_mixin.py:154} INFO - [2024-04-14T15:23:14.244+0000] {dag.py:2941} INFO - Sync 1 DAGs
[2024-04-14T15:23:14.257+0000] {logging_mixin.py:154} INFO - [2024-04-14T15:23:14.257+0000] {dag.py:3722} INFO - Setting next_dagrun for example_nested_branch_dag to 2024-04-13T00:00:00+00:00, run_after=2024-04-14T00:00:00+00:00
[2024-04-14T15:23:14.265+0000] {processor.py:179} INFO - Processing /home/airflow/.local/lib/python3.10/site-packages/airflow/example_dags/example_nested_branch_dag.py took 0.044 seconds
[2024-04-14T15:23:45.042+0000] {processor.py:157} INFO - Started process (PID=1557) to work on /home/airflow/.local/lib/python3.10/site-packages/airflow/example_dags/example_nested_branch_dag.py
[2024-04-14T15:23:45.043+0000] {processor.py:829} INFO - Processing file /home/airflow/.local/lib/python3.10/site-packages/airflow/example_dags/example_nested_branch_dag.py for tasks to queue
[2024-04-14T15:23:45.044+0000] {logging_mixin.py:154} INFO - [2024-04-14T15:23:45.044+0000] {dagbag.py:536} INFO - Filling up the DagBag from /home/airflow/.local/lib/python3.10/site-packages/airflow/example_dags/example_nested_branch_dag.py
[2024-04-14T15:23:45.050+0000] {processor.py:839} INFO - DAG(s) dict_keys(['example_nested_branch_dag']) retrieved from /home/airflow/.local/lib/python3.10/site-packages/airflow/example_dags/example_nested_branch_dag.py
[2024-04-14T15:23:45.064+0000] {logging_mixin.py:154} INFO - [2024-04-14T15:23:45.064+0000] {dag.py:2941} INFO - Sync 1 DAGs
[2024-04-14T15:23:45.077+0000] {logging_mixin.py:154} INFO - [2024-04-14T15:23:45.077+0000] {dag.py:3722} INFO - Setting next_dagrun for example_nested_branch_dag to 2024-04-13T00:00:00+00:00, run_after=2024-04-14T00:00:00+00:00
[2024-04-14T15:23:45.085+0000] {processor.py:179} INFO - Processing /home/airflow/.local/lib/python3.10/site-packages/airflow/example_dags/example_nested_branch_dag.py took 0.045 seconds
[2024-04-14T15:24:15.859+0000] {processor.py:157} INFO - Started process (PID=1611) to work on /home/airflow/.local/lib/python3.10/site-packages/airflow/example_dags/example_nested_branch_dag.py
[2024-04-14T15:24:15.859+0000] {processor.py:829} INFO - Processing file /home/airflow/.local/lib/python3.10/site-packages/airflow/example_dags/example_nested_branch_dag.py for tasks to queue
[2024-04-14T15:24:15.860+0000] {logging_mixin.py:154} INFO - [2024-04-14T15:24:15.860+0000] {dagbag.py:536} INFO - Filling up the DagBag from /home/airflow/.local/lib/python3.10/site-packages/airflow/example_dags/example_nested_branch_dag.py
[2024-04-14T15:24:15.866+0000] {processor.py:839} INFO - DAG(s) dict_keys(['example_nested_branch_dag']) retrieved from /home/airflow/.local/lib/python3.10/site-packages/airflow/example_dags/example_nested_branch_dag.py
[2024-04-14T15:24:15.879+0000] {logging_mixin.py:154} INFO - [2024-04-14T15:24:15.879+0000] {dag.py:2941} INFO - Sync 1 DAGs
[2024-04-14T15:24:15.892+0000] {logging_mixin.py:154} INFO - [2024-04-14T15:24:15.892+0000] {dag.py:3722} INFO - Setting next_dagrun for example_nested_branch_dag to 2024-04-13T00:00:00+00:00, run_after=2024-04-14T00:00:00+00:00
[2024-04-14T15:24:15.900+0000] {processor.py:179} INFO - Processing /home/airflow/.local/lib/python3.10/site-packages/airflow/example_dags/example_nested_branch_dag.py took 0.043 seconds
[2024-04-14T15:24:46.617+0000] {processor.py:157} INFO - Started process (PID=1665) to work on /home/airflow/.local/lib/python3.10/site-packages/airflow/example_dags/example_nested_branch_dag.py
[2024-04-14T15:24:46.618+0000] {processor.py:829} INFO - Processing file /home/airflow/.local/lib/python3.10/site-packages/airflow/example_dags/example_nested_branch_dag.py for tasks to queue
[2024-04-14T15:24:46.619+0000] {logging_mixin.py:154} INFO - [2024-04-14T15:24:46.619+0000] {dagbag.py:536} INFO - Filling up the DagBag from /home/airflow/.local/lib/python3.10/site-packages/airflow/example_dags/example_nested_branch_dag.py
[2024-04-14T15:24:46.625+0000] {processor.py:839} INFO - DAG(s) dict_keys(['example_nested_branch_dag']) retrieved from /home/airflow/.local/lib/python3.10/site-packages/airflow/example_dags/example_nested_branch_dag.py
[2024-04-14T15:24:46.639+0000] {logging_mixin.py:154} INFO - [2024-04-14T15:24:46.639+0000] {dag.py:2941} INFO - Sync 1 DAGs
[2024-04-14T15:24:46.652+0000] {logging_mixin.py:154} INFO - [2024-04-14T15:24:46.652+0000] {dag.py:3722} INFO - Setting next_dagrun for example_nested_branch_dag to 2024-04-13T00:00:00+00:00, run_after=2024-04-14T00:00:00+00:00
[2024-04-14T15:24:46.660+0000] {processor.py:179} INFO - Processing /home/airflow/.local/lib/python3.10/site-packages/airflow/example_dags/example_nested_branch_dag.py took 0.046 seconds
[2024-04-14T15:25:17.290+0000] {processor.py:157} INFO - Started process (PID=1719) to work on /home/airflow/.local/lib/python3.10/site-packages/airflow/example_dags/example_nested_branch_dag.py
[2024-04-14T15:25:17.291+0000] {processor.py:829} INFO - Processing file /home/airflow/.local/lib/python3.10/site-packages/airflow/example_dags/example_nested_branch_dag.py for tasks to queue
[2024-04-14T15:25:17.292+0000] {logging_mixin.py:154} INFO - [2024-04-14T15:25:17.292+0000] {dagbag.py:536} INFO - Filling up the DagBag from /home/airflow/.local/lib/python3.10/site-packages/airflow/example_dags/example_nested_branch_dag.py
[2024-04-14T15:25:17.297+0000] {processor.py:839} INFO - DAG(s) dict_keys(['example_nested_branch_dag']) retrieved from /home/airflow/.local/lib/python3.10/site-packages/airflow/example_dags/example_nested_branch_dag.py
[2024-04-14T15:25:17.310+0000] {logging_mixin.py:154} INFO - [2024-04-14T15:25:17.310+0000] {dag.py:2941} INFO - Sync 1 DAGs
[2024-04-14T15:25:17.323+0000] {logging_mixin.py:154} INFO - [2024-04-14T15:25:17.322+0000] {dag.py:3722} INFO - Setting next_dagrun for example_nested_branch_dag to 2024-04-13T00:00:00+00:00, run_after=2024-04-14T00:00:00+00:00
[2024-04-14T15:25:17.331+0000] {processor.py:179} INFO - Processing /home/airflow/.local/lib/python3.10/site-packages/airflow/example_dags/example_nested_branch_dag.py took 0.043 seconds
[2024-04-14T15:25:48.028+0000] {processor.py:157} INFO - Started process (PID=1773) to work on /home/airflow/.local/lib/python3.10/site-packages/airflow/example_dags/example_nested_branch_dag.py
[2024-04-14T15:25:48.028+0000] {processor.py:829} INFO - Processing file /home/airflow/.local/lib/python3.10/site-packages/airflow/example_dags/example_nested_branch_dag.py for tasks to queue
[2024-04-14T15:25:48.029+0000] {logging_mixin.py:154} INFO - [2024-04-14T15:25:48.029+0000] {dagbag.py:536} INFO - Filling up the DagBag from /home/airflow/.local/lib/python3.10/site-packages/airflow/example_dags/example_nested_branch_dag.py
[2024-04-14T15:25:48.035+0000] {processor.py:839} INFO - DAG(s) dict_keys(['example_nested_branch_dag']) retrieved from /home/airflow/.local/lib/python3.10/site-packages/airflow/example_dags/example_nested_branch_dag.py
[2024-04-14T15:25:48.048+0000] {logging_mixin.py:154} INFO - [2024-04-14T15:25:48.048+0000] {dag.py:2941} INFO - Sync 1 DAGs
[2024-04-14T15:25:48.061+0000] {logging_mixin.py:154} INFO - [2024-04-14T15:25:48.061+0000] {dag.py:3722} INFO - Setting next_dagrun for example_nested_branch_dag to 2024-04-13T00:00:00+00:00, run_after=2024-04-14T00:00:00+00:00
[2024-04-14T15:25:48.070+0000] {processor.py:179} INFO - Processing /home/airflow/.local/lib/python3.10/site-packages/airflow/example_dags/example_nested_branch_dag.py took 0.044 seconds
[2024-04-14T15:26:18.773+0000] {processor.py:157} INFO - Started process (PID=1827) to work on /home/airflow/.local/lib/python3.10/site-packages/airflow/example_dags/example_nested_branch_dag.py
[2024-04-14T15:26:18.773+0000] {processor.py:829} INFO - Processing file /home/airflow/.local/lib/python3.10/site-packages/airflow/example_dags/example_nested_branch_dag.py for tasks to queue
[2024-04-14T15:26:18.774+0000] {logging_mixin.py:154} INFO - [2024-04-14T15:26:18.774+0000] {dagbag.py:536} INFO - Filling up the DagBag from /home/airflow/.local/lib/python3.10/site-packages/airflow/example_dags/example_nested_branch_dag.py
[2024-04-14T15:26:18.780+0000] {processor.py:839} INFO - DAG(s) dict_keys(['example_nested_branch_dag']) retrieved from /home/airflow/.local/lib/python3.10/site-packages/airflow/example_dags/example_nested_branch_dag.py
[2024-04-14T15:26:18.794+0000] {logging_mixin.py:154} INFO - [2024-04-14T15:26:18.794+0000] {dag.py:2941} INFO - Sync 1 DAGs
[2024-04-14T15:26:18.807+0000] {logging_mixin.py:154} INFO - [2024-04-14T15:26:18.806+0000] {dag.py:3722} INFO - Setting next_dagrun for example_nested_branch_dag to 2024-04-13T00:00:00+00:00, run_after=2024-04-14T00:00:00+00:00
[2024-04-14T15:26:18.815+0000] {processor.py:179} INFO - Processing /home/airflow/.local/lib/python3.10/site-packages/airflow/example_dags/example_nested_branch_dag.py took 0.044 seconds
[2024-04-14T15:26:49.410+0000] {processor.py:157} INFO - Started process (PID=1881) to work on /home/airflow/.local/lib/python3.10/site-packages/airflow/example_dags/example_nested_branch_dag.py
[2024-04-14T15:26:49.411+0000] {processor.py:829} INFO - Processing file /home/airflow/.local/lib/python3.10/site-packages/airflow/example_dags/example_nested_branch_dag.py for tasks to queue
[2024-04-14T15:26:49.412+0000] {logging_mixin.py:154} INFO - [2024-04-14T15:26:49.412+0000] {dagbag.py:536} INFO - Filling up the DagBag from /home/airflow/.local/lib/python3.10/site-packages/airflow/example_dags/example_nested_branch_dag.py
[2024-04-14T15:26:49.418+0000] {processor.py:839} INFO - DAG(s) dict_keys(['example_nested_branch_dag']) retrieved from /home/airflow/.local/lib/python3.10/site-packages/airflow/example_dags/example_nested_branch_dag.py
[2024-04-14T15:26:49.432+0000] {logging_mixin.py:154} INFO - [2024-04-14T15:26:49.432+0000] {dag.py:2941} INFO - Sync 1 DAGs
[2024-04-14T15:26:49.448+0000] {logging_mixin.py:154} INFO - [2024-04-14T15:26:49.448+0000] {dag.py:3722} INFO - Setting next_dagrun for example_nested_branch_dag to 2024-04-13T00:00:00+00:00, run_after=2024-04-14T00:00:00+00:00
[2024-04-14T15:26:49.458+0000] {processor.py:179} INFO - Processing /home/airflow/.local/lib/python3.10/site-packages/airflow/example_dags/example_nested_branch_dag.py took 0.050 seconds
[2024-04-14T15:27:20.223+0000] {processor.py:157} INFO - Started process (PID=1942) to work on /home/airflow/.local/lib/python3.10/site-packages/airflow/example_dags/example_nested_branch_dag.py
[2024-04-14T15:27:20.224+0000] {processor.py:829} INFO - Processing file /home/airflow/.local/lib/python3.10/site-packages/airflow/example_dags/example_nested_branch_dag.py for tasks to queue
[2024-04-14T15:27:20.225+0000] {logging_mixin.py:154} INFO - [2024-04-14T15:27:20.225+0000] {dagbag.py:536} INFO - Filling up the DagBag from /home/airflow/.local/lib/python3.10/site-packages/airflow/example_dags/example_nested_branch_dag.py
[2024-04-14T15:27:20.231+0000] {processor.py:839} INFO - DAG(s) dict_keys(['example_nested_branch_dag']) retrieved from /home/airflow/.local/lib/python3.10/site-packages/airflow/example_dags/example_nested_branch_dag.py
[2024-04-14T15:27:20.245+0000] {logging_mixin.py:154} INFO - [2024-04-14T15:27:20.245+0000] {dag.py:2941} INFO - Sync 1 DAGs
[2024-04-14T15:27:20.258+0000] {logging_mixin.py:154} INFO - [2024-04-14T15:27:20.258+0000] {dag.py:3722} INFO - Setting next_dagrun for example_nested_branch_dag to 2024-04-13T00:00:00+00:00, run_after=2024-04-14T00:00:00+00:00
[2024-04-14T15:27:20.267+0000] {processor.py:179} INFO - Processing /home/airflow/.local/lib/python3.10/site-packages/airflow/example_dags/example_nested_branch_dag.py took 0.046 seconds
[2024-04-14T15:27:50.968+0000] {processor.py:157} INFO - Started process (PID=1996) to work on /home/airflow/.local/lib/python3.10/site-packages/airflow/example_dags/example_nested_branch_dag.py
[2024-04-14T15:27:50.968+0000] {processor.py:829} INFO - Processing file /home/airflow/.local/lib/python3.10/site-packages/airflow/example_dags/example_nested_branch_dag.py for tasks to queue
[2024-04-14T15:27:50.970+0000] {logging_mixin.py:154} INFO - [2024-04-14T15:27:50.969+0000] {dagbag.py:536} INFO - Filling up the DagBag from /home/airflow/.local/lib/python3.10/site-packages/airflow/example_dags/example_nested_branch_dag.py
[2024-04-14T15:27:50.976+0000] {processor.py:839} INFO - DAG(s) dict_keys(['example_nested_branch_dag']) retrieved from /home/airflow/.local/lib/python3.10/site-packages/airflow/example_dags/example_nested_branch_dag.py
[2024-04-14T15:27:50.989+0000] {logging_mixin.py:154} INFO - [2024-04-14T15:27:50.989+0000] {dag.py:2941} INFO - Sync 1 DAGs
[2024-04-14T15:27:51.002+0000] {logging_mixin.py:154} INFO - [2024-04-14T15:27:51.002+0000] {dag.py:3722} INFO - Setting next_dagrun for example_nested_branch_dag to 2024-04-13T00:00:00+00:00, run_after=2024-04-14T00:00:00+00:00
[2024-04-14T15:27:51.010+0000] {processor.py:179} INFO - Processing /home/airflow/.local/lib/python3.10/site-packages/airflow/example_dags/example_nested_branch_dag.py took 0.044 seconds
[2024-04-14T15:28:21.741+0000] {processor.py:157} INFO - Started process (PID=2050) to work on /home/airflow/.local/lib/python3.10/site-packages/airflow/example_dags/example_nested_branch_dag.py
[2024-04-14T15:28:21.741+0000] {processor.py:829} INFO - Processing file /home/airflow/.local/lib/python3.10/site-packages/airflow/example_dags/example_nested_branch_dag.py for tasks to queue
[2024-04-14T15:28:21.743+0000] {logging_mixin.py:154} INFO - [2024-04-14T15:28:21.742+0000] {dagbag.py:536} INFO - Filling up the DagBag from /home/airflow/.local/lib/python3.10/site-packages/airflow/example_dags/example_nested_branch_dag.py
[2024-04-14T15:28:21.749+0000] {processor.py:839} INFO - DAG(s) dict_keys(['example_nested_branch_dag']) retrieved from /home/airflow/.local/lib/python3.10/site-packages/airflow/example_dags/example_nested_branch_dag.py
[2024-04-14T15:28:21.764+0000] {logging_mixin.py:154} INFO - [2024-04-14T15:28:21.764+0000] {dag.py:2941} INFO - Sync 1 DAGs
[2024-04-14T15:28:21.778+0000] {logging_mixin.py:154} INFO - [2024-04-14T15:28:21.778+0000] {dag.py:3722} INFO - Setting next_dagrun for example_nested_branch_dag to 2024-04-13T00:00:00+00:00, run_after=2024-04-14T00:00:00+00:00
[2024-04-14T15:28:21.788+0000] {processor.py:179} INFO - Processing /home/airflow/.local/lib/python3.10/site-packages/airflow/example_dags/example_nested_branch_dag.py took 0.049 seconds
[2024-04-14T15:28:52.433+0000] {processor.py:157} INFO - Started process (PID=2104) to work on /home/airflow/.local/lib/python3.10/site-packages/airflow/example_dags/example_nested_branch_dag.py
[2024-04-14T15:28:52.434+0000] {processor.py:829} INFO - Processing file /home/airflow/.local/lib/python3.10/site-packages/airflow/example_dags/example_nested_branch_dag.py for tasks to queue
[2024-04-14T15:28:52.435+0000] {logging_mixin.py:154} INFO - [2024-04-14T15:28:52.435+0000] {dagbag.py:536} INFO - Filling up the DagBag from /home/airflow/.local/lib/python3.10/site-packages/airflow/example_dags/example_nested_branch_dag.py
[2024-04-14T15:28:52.441+0000] {processor.py:839} INFO - DAG(s) dict_keys(['example_nested_branch_dag']) retrieved from /home/airflow/.local/lib/python3.10/site-packages/airflow/example_dags/example_nested_branch_dag.py
[2024-04-14T15:28:52.454+0000] {logging_mixin.py:154} INFO - [2024-04-14T15:28:52.454+0000] {dag.py:2941} INFO - Sync 1 DAGs
[2024-04-14T15:28:52.467+0000] {logging_mixin.py:154} INFO - [2024-04-14T15:28:52.467+0000] {dag.py:3722} INFO - Setting next_dagrun for example_nested_branch_dag to 2024-04-13T00:00:00+00:00, run_after=2024-04-14T00:00:00+00:00
[2024-04-14T15:28:52.476+0000] {processor.py:179} INFO - Processing /home/airflow/.local/lib/python3.10/site-packages/airflow/example_dags/example_nested_branch_dag.py took 0.045 seconds
[2024-04-14T15:29:23.114+0000] {processor.py:157} INFO - Started process (PID=2158) to work on /home/airflow/.local/lib/python3.10/site-packages/airflow/example_dags/example_nested_branch_dag.py
[2024-04-14T15:29:23.114+0000] {processor.py:829} INFO - Processing file /home/airflow/.local/lib/python3.10/site-packages/airflow/example_dags/example_nested_branch_dag.py for tasks to queue
[2024-04-14T15:29:23.116+0000] {logging_mixin.py:154} INFO - [2024-04-14T15:29:23.115+0000] {dagbag.py:536} INFO - Filling up the DagBag from /home/airflow/.local/lib/python3.10/site-packages/airflow/example_dags/example_nested_branch_dag.py
[2024-04-14T15:29:23.122+0000] {processor.py:839} INFO - DAG(s) dict_keys(['example_nested_branch_dag']) retrieved from /home/airflow/.local/lib/python3.10/site-packages/airflow/example_dags/example_nested_branch_dag.py
[2024-04-14T15:29:23.136+0000] {logging_mixin.py:154} INFO - [2024-04-14T15:29:23.136+0000] {dag.py:2941} INFO - Sync 1 DAGs
[2024-04-14T15:29:23.153+0000] {logging_mixin.py:154} INFO - [2024-04-14T15:29:23.153+0000] {dag.py:3722} INFO - Setting next_dagrun for example_nested_branch_dag to 2024-04-13T00:00:00+00:00, run_after=2024-04-14T00:00:00+00:00
[2024-04-14T15:29:23.164+0000] {processor.py:179} INFO - Processing /home/airflow/.local/lib/python3.10/site-packages/airflow/example_dags/example_nested_branch_dag.py took 0.053 seconds
[2024-04-14T15:29:54.033+0000] {processor.py:157} INFO - Started process (PID=2212) to work on /home/airflow/.local/lib/python3.10/site-packages/airflow/example_dags/example_nested_branch_dag.py
[2024-04-14T15:29:54.034+0000] {processor.py:829} INFO - Processing file /home/airflow/.local/lib/python3.10/site-packages/airflow/example_dags/example_nested_branch_dag.py for tasks to queue
[2024-04-14T15:29:54.035+0000] {logging_mixin.py:154} INFO - [2024-04-14T15:29:54.034+0000] {dagbag.py:536} INFO - Filling up the DagBag from /home/airflow/.local/lib/python3.10/site-packages/airflow/example_dags/example_nested_branch_dag.py
[2024-04-14T15:29:54.041+0000] {processor.py:839} INFO - DAG(s) dict_keys(['example_nested_branch_dag']) retrieved from /home/airflow/.local/lib/python3.10/site-packages/airflow/example_dags/example_nested_branch_dag.py
[2024-04-14T15:29:54.054+0000] {logging_mixin.py:154} INFO - [2024-04-14T15:29:54.054+0000] {dag.py:2941} INFO - Sync 1 DAGs
[2024-04-14T15:29:54.067+0000] {logging_mixin.py:154} INFO - [2024-04-14T15:29:54.066+0000] {dag.py:3722} INFO - Setting next_dagrun for example_nested_branch_dag to 2024-04-13T00:00:00+00:00, run_after=2024-04-14T00:00:00+00:00
[2024-04-14T15:29:54.075+0000] {processor.py:179} INFO - Processing /home/airflow/.local/lib/python3.10/site-packages/airflow/example_dags/example_nested_branch_dag.py took 0.044 seconds
[2024-04-14T15:30:24.702+0000] {processor.py:157} INFO - Started process (PID=2266) to work on /home/airflow/.local/lib/python3.10/site-packages/airflow/example_dags/example_nested_branch_dag.py
[2024-04-14T15:30:24.703+0000] {processor.py:829} INFO - Processing file /home/airflow/.local/lib/python3.10/site-packages/airflow/example_dags/example_nested_branch_dag.py for tasks to queue
[2024-04-14T15:30:24.704+0000] {logging_mixin.py:154} INFO - [2024-04-14T15:30:24.703+0000] {dagbag.py:536} INFO - Filling up the DagBag from /home/airflow/.local/lib/python3.10/site-packages/airflow/example_dags/example_nested_branch_dag.py
[2024-04-14T15:30:24.709+0000] {processor.py:839} INFO - DAG(s) dict_keys(['example_nested_branch_dag']) retrieved from /home/airflow/.local/lib/python3.10/site-packages/airflow/example_dags/example_nested_branch_dag.py
[2024-04-14T15:30:24.722+0000] {logging_mixin.py:154} INFO - [2024-04-14T15:30:24.722+0000] {dag.py:2941} INFO - Sync 1 DAGs
[2024-04-14T15:30:24.735+0000] {logging_mixin.py:154} INFO - [2024-04-14T15:30:24.735+0000] {dag.py:3722} INFO - Setting next_dagrun for example_nested_branch_dag to 2024-04-13T00:00:00+00:00, run_after=2024-04-14T00:00:00+00:00
[2024-04-14T15:30:24.743+0000] {processor.py:179} INFO - Processing /home/airflow/.local/lib/python3.10/site-packages/airflow/example_dags/example_nested_branch_dag.py took 0.043 seconds
[2024-04-14T15:30:55.482+0000] {processor.py:157} INFO - Started process (PID=2320) to work on /home/airflow/.local/lib/python3.10/site-packages/airflow/example_dags/example_nested_branch_dag.py
[2024-04-14T15:30:55.483+0000] {processor.py:829} INFO - Processing file /home/airflow/.local/lib/python3.10/site-packages/airflow/example_dags/example_nested_branch_dag.py for tasks to queue
[2024-04-14T15:30:55.484+0000] {logging_mixin.py:154} INFO - [2024-04-14T15:30:55.484+0000] {dagbag.py:536} INFO - Filling up the DagBag from /home/airflow/.local/lib/python3.10/site-packages/airflow/example_dags/example_nested_branch_dag.py
[2024-04-14T15:30:55.490+0000] {processor.py:839} INFO - DAG(s) dict_keys(['example_nested_branch_dag']) retrieved from /home/airflow/.local/lib/python3.10/site-packages/airflow/example_dags/example_nested_branch_dag.py
[2024-04-14T15:30:55.503+0000] {logging_mixin.py:154} INFO - [2024-04-14T15:30:55.503+0000] {dag.py:2941} INFO - Sync 1 DAGs
[2024-04-14T15:30:55.516+0000] {logging_mixin.py:154} INFO - [2024-04-14T15:30:55.516+0000] {dag.py:3722} INFO - Setting next_dagrun for example_nested_branch_dag to 2024-04-13T00:00:00+00:00, run_after=2024-04-14T00:00:00+00:00
[2024-04-14T15:30:55.525+0000] {processor.py:179} INFO - Processing /home/airflow/.local/lib/python3.10/site-packages/airflow/example_dags/example_nested_branch_dag.py took 0.044 seconds
[2024-04-14T15:31:26.139+0000] {processor.py:157} INFO - Started process (PID=2374) to work on /home/airflow/.local/lib/python3.10/site-packages/airflow/example_dags/example_nested_branch_dag.py
[2024-04-14T15:31:26.140+0000] {processor.py:829} INFO - Processing file /home/airflow/.local/lib/python3.10/site-packages/airflow/example_dags/example_nested_branch_dag.py for tasks to queue
[2024-04-14T15:31:26.141+0000] {logging_mixin.py:154} INFO - [2024-04-14T15:31:26.140+0000] {dagbag.py:536} INFO - Filling up the DagBag from /home/airflow/.local/lib/python3.10/site-packages/airflow/example_dags/example_nested_branch_dag.py
[2024-04-14T15:31:26.147+0000] {processor.py:839} INFO - DAG(s) dict_keys(['example_nested_branch_dag']) retrieved from /home/airflow/.local/lib/python3.10/site-packages/airflow/example_dags/example_nested_branch_dag.py
[2024-04-14T15:31:26.161+0000] {logging_mixin.py:154} INFO - [2024-04-14T15:31:26.160+0000] {dag.py:2941} INFO - Sync 1 DAGs
[2024-04-14T15:31:26.173+0000] {logging_mixin.py:154} INFO - [2024-04-14T15:31:26.173+0000] {dag.py:3722} INFO - Setting next_dagrun for example_nested_branch_dag to 2024-04-13T00:00:00+00:00, run_after=2024-04-14T00:00:00+00:00
[2024-04-14T15:31:26.182+0000] {processor.py:179} INFO - Processing /home/airflow/.local/lib/python3.10/site-packages/airflow/example_dags/example_nested_branch_dag.py took 0.045 seconds
[2024-04-14T15:31:56.872+0000] {processor.py:157} INFO - Started process (PID=2428) to work on /home/airflow/.local/lib/python3.10/site-packages/airflow/example_dags/example_nested_branch_dag.py
[2024-04-14T15:31:56.873+0000] {processor.py:829} INFO - Processing file /home/airflow/.local/lib/python3.10/site-packages/airflow/example_dags/example_nested_branch_dag.py for tasks to queue
[2024-04-14T15:31:56.874+0000] {logging_mixin.py:154} INFO - [2024-04-14T15:31:56.874+0000] {dagbag.py:536} INFO - Filling up the DagBag from /home/airflow/.local/lib/python3.10/site-packages/airflow/example_dags/example_nested_branch_dag.py
[2024-04-14T15:31:56.880+0000] {processor.py:839} INFO - DAG(s) dict_keys(['example_nested_branch_dag']) retrieved from /home/airflow/.local/lib/python3.10/site-packages/airflow/example_dags/example_nested_branch_dag.py
[2024-04-14T15:31:56.893+0000] {logging_mixin.py:154} INFO - [2024-04-14T15:31:56.893+0000] {dag.py:2941} INFO - Sync 1 DAGs
[2024-04-14T15:31:56.906+0000] {logging_mixin.py:154} INFO - [2024-04-14T15:31:56.906+0000] {dag.py:3722} INFO - Setting next_dagrun for example_nested_branch_dag to 2024-04-13T00:00:00+00:00, run_after=2024-04-14T00:00:00+00:00
[2024-04-14T15:31:56.915+0000] {processor.py:179} INFO - Processing /home/airflow/.local/lib/python3.10/site-packages/airflow/example_dags/example_nested_branch_dag.py took 0.045 seconds
[2024-04-14T15:32:27.542+0000] {processor.py:157} INFO - Started process (PID=2482) to work on /home/airflow/.local/lib/python3.10/site-packages/airflow/example_dags/example_nested_branch_dag.py
[2024-04-14T15:32:27.542+0000] {processor.py:829} INFO - Processing file /home/airflow/.local/lib/python3.10/site-packages/airflow/example_dags/example_nested_branch_dag.py for tasks to queue
[2024-04-14T15:32:27.543+0000] {logging_mixin.py:154} INFO - [2024-04-14T15:32:27.543+0000] {dagbag.py:536} INFO - Filling up the DagBag from /home/airflow/.local/lib/python3.10/site-packages/airflow/example_dags/example_nested_branch_dag.py
[2024-04-14T15:32:27.550+0000] {processor.py:839} INFO - DAG(s) dict_keys(['example_nested_branch_dag']) retrieved from /home/airflow/.local/lib/python3.10/site-packages/airflow/example_dags/example_nested_branch_dag.py
[2024-04-14T15:32:27.568+0000] {logging_mixin.py:154} INFO - [2024-04-14T15:32:27.568+0000] {dag.py:2941} INFO - Sync 1 DAGs
[2024-04-14T15:32:27.587+0000] {logging_mixin.py:154} INFO - [2024-04-14T15:32:27.587+0000] {dag.py:3722} INFO - Setting next_dagrun for example_nested_branch_dag to 2024-04-13T00:00:00+00:00, run_after=2024-04-14T00:00:00+00:00
[2024-04-14T15:32:27.599+0000] {processor.py:179} INFO - Processing /home/airflow/.local/lib/python3.10/site-packages/airflow/example_dags/example_nested_branch_dag.py took 0.060 seconds
[2024-04-14T15:32:58.292+0000] {processor.py:157} INFO - Started process (PID=2536) to work on /home/airflow/.local/lib/python3.10/site-packages/airflow/example_dags/example_nested_branch_dag.py
[2024-04-14T15:32:58.293+0000] {processor.py:829} INFO - Processing file /home/airflow/.local/lib/python3.10/site-packages/airflow/example_dags/example_nested_branch_dag.py for tasks to queue
[2024-04-14T15:32:58.294+0000] {logging_mixin.py:154} INFO - [2024-04-14T15:32:58.294+0000] {dagbag.py:536} INFO - Filling up the DagBag from /home/airflow/.local/lib/python3.10/site-packages/airflow/example_dags/example_nested_branch_dag.py
[2024-04-14T15:32:58.300+0000] {processor.py:839} INFO - DAG(s) dict_keys(['example_nested_branch_dag']) retrieved from /home/airflow/.local/lib/python3.10/site-packages/airflow/example_dags/example_nested_branch_dag.py
[2024-04-14T15:32:58.313+0000] {logging_mixin.py:154} INFO - [2024-04-14T15:32:58.313+0000] {dag.py:2941} INFO - Sync 1 DAGs
[2024-04-14T15:32:58.325+0000] {logging_mixin.py:154} INFO - [2024-04-14T15:32:58.325+0000] {dag.py:3722} INFO - Setting next_dagrun for example_nested_branch_dag to 2024-04-13T00:00:00+00:00, run_after=2024-04-14T00:00:00+00:00
[2024-04-14T15:32:58.333+0000] {processor.py:179} INFO - Processing /home/airflow/.local/lib/python3.10/site-packages/airflow/example_dags/example_nested_branch_dag.py took 0.043 seconds
[2024-04-14T15:33:28.957+0000] {processor.py:157} INFO - Started process (PID=2590) to work on /home/airflow/.local/lib/python3.10/site-packages/airflow/example_dags/example_nested_branch_dag.py
[2024-04-14T15:33:28.958+0000] {processor.py:829} INFO - Processing file /home/airflow/.local/lib/python3.10/site-packages/airflow/example_dags/example_nested_branch_dag.py for tasks to queue
[2024-04-14T15:33:28.959+0000] {logging_mixin.py:154} INFO - [2024-04-14T15:33:28.959+0000] {dagbag.py:536} INFO - Filling up the DagBag from /home/airflow/.local/lib/python3.10/site-packages/airflow/example_dags/example_nested_branch_dag.py
[2024-04-14T15:33:28.965+0000] {processor.py:839} INFO - DAG(s) dict_keys(['example_nested_branch_dag']) retrieved from /home/airflow/.local/lib/python3.10/site-packages/airflow/example_dags/example_nested_branch_dag.py
[2024-04-14T15:33:28.988+0000] {logging_mixin.py:154} INFO - [2024-04-14T15:33:28.987+0000] {dag.py:2941} INFO - Sync 1 DAGs
[2024-04-14T15:33:29.003+0000] {logging_mixin.py:154} INFO - [2024-04-14T15:33:29.003+0000] {dag.py:3722} INFO - Setting next_dagrun for example_nested_branch_dag to 2024-04-13T00:00:00+00:00, run_after=2024-04-14T00:00:00+00:00
[2024-04-14T15:33:29.012+0000] {processor.py:179} INFO - Processing /home/airflow/.local/lib/python3.10/site-packages/airflow/example_dags/example_nested_branch_dag.py took 0.057 seconds
[2024-04-14T15:33:59.617+0000] {processor.py:157} INFO - Started process (PID=2644) to work on /home/airflow/.local/lib/python3.10/site-packages/airflow/example_dags/example_nested_branch_dag.py
[2024-04-14T15:33:59.618+0000] {processor.py:829} INFO - Processing file /home/airflow/.local/lib/python3.10/site-packages/airflow/example_dags/example_nested_branch_dag.py for tasks to queue
[2024-04-14T15:33:59.619+0000] {logging_mixin.py:154} INFO - [2024-04-14T15:33:59.619+0000] {dagbag.py:536} INFO - Filling up the DagBag from /home/airflow/.local/lib/python3.10/site-packages/airflow/example_dags/example_nested_branch_dag.py
[2024-04-14T15:33:59.625+0000] {processor.py:839} INFO - DAG(s) dict_keys(['example_nested_branch_dag']) retrieved from /home/airflow/.local/lib/python3.10/site-packages/airflow/example_dags/example_nested_branch_dag.py
[2024-04-14T15:33:59.638+0000] {logging_mixin.py:154} INFO - [2024-04-14T15:33:59.638+0000] {dag.py:2941} INFO - Sync 1 DAGs
[2024-04-14T15:33:59.651+0000] {logging_mixin.py:154} INFO - [2024-04-14T15:33:59.651+0000] {dag.py:3722} INFO - Setting next_dagrun for example_nested_branch_dag to 2024-04-13T00:00:00+00:00, run_after=2024-04-14T00:00:00+00:00
[2024-04-14T15:33:59.661+0000] {processor.py:179} INFO - Processing /home/airflow/.local/lib/python3.10/site-packages/airflow/example_dags/example_nested_branch_dag.py took 0.045 seconds
[2024-04-14T15:34:30.285+0000] {processor.py:157} INFO - Started process (PID=2698) to work on /home/airflow/.local/lib/python3.10/site-packages/airflow/example_dags/example_nested_branch_dag.py
[2024-04-14T15:34:30.285+0000] {processor.py:829} INFO - Processing file /home/airflow/.local/lib/python3.10/site-packages/airflow/example_dags/example_nested_branch_dag.py for tasks to queue
[2024-04-14T15:34:30.286+0000] {logging_mixin.py:154} INFO - [2024-04-14T15:34:30.286+0000] {dagbag.py:536} INFO - Filling up the DagBag from /home/airflow/.local/lib/python3.10/site-packages/airflow/example_dags/example_nested_branch_dag.py
[2024-04-14T15:34:30.293+0000] {processor.py:839} INFO - DAG(s) dict_keys(['example_nested_branch_dag']) retrieved from /home/airflow/.local/lib/python3.10/site-packages/airflow/example_dags/example_nested_branch_dag.py
[2024-04-14T15:34:30.306+0000] {logging_mixin.py:154} INFO - [2024-04-14T15:34:30.306+0000] {dag.py:2941} INFO - Sync 1 DAGs
[2024-04-14T15:34:30.318+0000] {logging_mixin.py:154} INFO - [2024-04-14T15:34:30.318+0000] {dag.py:3722} INFO - Setting next_dagrun for example_nested_branch_dag to 2024-04-13T00:00:00+00:00, run_after=2024-04-14T00:00:00+00:00
[2024-04-14T15:34:30.327+0000] {processor.py:179} INFO - Processing /home/airflow/.local/lib/python3.10/site-packages/airflow/example_dags/example_nested_branch_dag.py took 0.044 seconds
[2024-04-14T15:35:00.929+0000] {processor.py:157} INFO - Started process (PID=2752) to work on /home/airflow/.local/lib/python3.10/site-packages/airflow/example_dags/example_nested_branch_dag.py
[2024-04-14T15:35:00.930+0000] {processor.py:829} INFO - Processing file /home/airflow/.local/lib/python3.10/site-packages/airflow/example_dags/example_nested_branch_dag.py for tasks to queue
[2024-04-14T15:35:00.931+0000] {logging_mixin.py:154} INFO - [2024-04-14T15:35:00.931+0000] {dagbag.py:536} INFO - Filling up the DagBag from /home/airflow/.local/lib/python3.10/site-packages/airflow/example_dags/example_nested_branch_dag.py
[2024-04-14T15:35:00.937+0000] {processor.py:839} INFO - DAG(s) dict_keys(['example_nested_branch_dag']) retrieved from /home/airflow/.local/lib/python3.10/site-packages/airflow/example_dags/example_nested_branch_dag.py
[2024-04-14T15:35:00.951+0000] {logging_mixin.py:154} INFO - [2024-04-14T15:35:00.951+0000] {dag.py:2941} INFO - Sync 1 DAGs
[2024-04-14T15:35:00.964+0000] {logging_mixin.py:154} INFO - [2024-04-14T15:35:00.964+0000] {dag.py:3722} INFO - Setting next_dagrun for example_nested_branch_dag to 2024-04-13T00:00:00+00:00, run_after=2024-04-14T00:00:00+00:00
[2024-04-14T15:35:00.973+0000] {processor.py:179} INFO - Processing /home/airflow/.local/lib/python3.10/site-packages/airflow/example_dags/example_nested_branch_dag.py took 0.046 seconds
[2024-04-14T15:35:31.630+0000] {processor.py:157} INFO - Started process (PID=2806) to work on /home/airflow/.local/lib/python3.10/site-packages/airflow/example_dags/example_nested_branch_dag.py
[2024-04-14T15:35:31.631+0000] {processor.py:829} INFO - Processing file /home/airflow/.local/lib/python3.10/site-packages/airflow/example_dags/example_nested_branch_dag.py for tasks to queue
[2024-04-14T15:35:31.632+0000] {logging_mixin.py:154} INFO - [2024-04-14T15:35:31.632+0000] {dagbag.py:536} INFO - Filling up the DagBag from /home/airflow/.local/lib/python3.10/site-packages/airflow/example_dags/example_nested_branch_dag.py
[2024-04-14T15:35:31.638+0000] {processor.py:839} INFO - DAG(s) dict_keys(['example_nested_branch_dag']) retrieved from /home/airflow/.local/lib/python3.10/site-packages/airflow/example_dags/example_nested_branch_dag.py
[2024-04-14T15:35:31.654+0000] {logging_mixin.py:154} INFO - [2024-04-14T15:35:31.654+0000] {dag.py:2941} INFO - Sync 1 DAGs
[2024-04-14T15:35:31.672+0000] {logging_mixin.py:154} INFO - [2024-04-14T15:35:31.672+0000] {dag.py:3722} INFO - Setting next_dagrun for example_nested_branch_dag to 2024-04-13T00:00:00+00:00, run_after=2024-04-14T00:00:00+00:00
[2024-04-14T15:35:31.682+0000] {processor.py:179} INFO - Processing /home/airflow/.local/lib/python3.10/site-packages/airflow/example_dags/example_nested_branch_dag.py took 0.054 seconds
[2024-04-14T15:36:02.373+0000] {processor.py:157} INFO - Started process (PID=2860) to work on /home/airflow/.local/lib/python3.10/site-packages/airflow/example_dags/example_nested_branch_dag.py
[2024-04-14T15:36:02.374+0000] {processor.py:829} INFO - Processing file /home/airflow/.local/lib/python3.10/site-packages/airflow/example_dags/example_nested_branch_dag.py for tasks to queue
[2024-04-14T15:36:02.375+0000] {logging_mixin.py:154} INFO - [2024-04-14T15:36:02.375+0000] {dagbag.py:536} INFO - Filling up the DagBag from /home/airflow/.local/lib/python3.10/site-packages/airflow/example_dags/example_nested_branch_dag.py
[2024-04-14T15:36:02.381+0000] {processor.py:839} INFO - DAG(s) dict_keys(['example_nested_branch_dag']) retrieved from /home/airflow/.local/lib/python3.10/site-packages/airflow/example_dags/example_nested_branch_dag.py
[2024-04-14T15:36:02.395+0000] {logging_mixin.py:154} INFO - [2024-04-14T15:36:02.395+0000] {dag.py:2941} INFO - Sync 1 DAGs
[2024-04-14T15:36:02.408+0000] {logging_mixin.py:154} INFO - [2024-04-14T15:36:02.408+0000] {dag.py:3722} INFO - Setting next_dagrun for example_nested_branch_dag to 2024-04-13T00:00:00+00:00, run_after=2024-04-14T00:00:00+00:00
[2024-04-14T15:36:02.416+0000] {processor.py:179} INFO - Processing /home/airflow/.local/lib/python3.10/site-packages/airflow/example_dags/example_nested_branch_dag.py took 0.045 seconds
[2024-04-14T15:36:33.104+0000] {processor.py:157} INFO - Started process (PID=2914) to work on /home/airflow/.local/lib/python3.10/site-packages/airflow/example_dags/example_nested_branch_dag.py
[2024-04-14T15:36:33.105+0000] {processor.py:829} INFO - Processing file /home/airflow/.local/lib/python3.10/site-packages/airflow/example_dags/example_nested_branch_dag.py for tasks to queue
[2024-04-14T15:36:33.106+0000] {logging_mixin.py:154} INFO - [2024-04-14T15:36:33.106+0000] {dagbag.py:536} INFO - Filling up the DagBag from /home/airflow/.local/lib/python3.10/site-packages/airflow/example_dags/example_nested_branch_dag.py
[2024-04-14T15:36:33.112+0000] {processor.py:839} INFO - DAG(s) dict_keys(['example_nested_branch_dag']) retrieved from /home/airflow/.local/lib/python3.10/site-packages/airflow/example_dags/example_nested_branch_dag.py
[2024-04-14T15:36:33.126+0000] {logging_mixin.py:154} INFO - [2024-04-14T15:36:33.126+0000] {dag.py:2941} INFO - Sync 1 DAGs
[2024-04-14T15:36:33.139+0000] {logging_mixin.py:154} INFO - [2024-04-14T15:36:33.139+0000] {dag.py:3722} INFO - Setting next_dagrun for example_nested_branch_dag to 2024-04-13T00:00:00+00:00, run_after=2024-04-14T00:00:00+00:00
[2024-04-14T15:36:33.148+0000] {processor.py:179} INFO - Processing /home/airflow/.local/lib/python3.10/site-packages/airflow/example_dags/example_nested_branch_dag.py took 0.046 seconds
[2024-04-14T15:37:03.927+0000] {processor.py:157} INFO - Started process (PID=2968) to work on /home/airflow/.local/lib/python3.10/site-packages/airflow/example_dags/example_nested_branch_dag.py
[2024-04-14T15:37:03.927+0000] {processor.py:829} INFO - Processing file /home/airflow/.local/lib/python3.10/site-packages/airflow/example_dags/example_nested_branch_dag.py for tasks to queue
[2024-04-14T15:37:03.928+0000] {logging_mixin.py:154} INFO - [2024-04-14T15:37:03.928+0000] {dagbag.py:536} INFO - Filling up the DagBag from /home/airflow/.local/lib/python3.10/site-packages/airflow/example_dags/example_nested_branch_dag.py
[2024-04-14T15:37:03.934+0000] {processor.py:839} INFO - DAG(s) dict_keys(['example_nested_branch_dag']) retrieved from /home/airflow/.local/lib/python3.10/site-packages/airflow/example_dags/example_nested_branch_dag.py
[2024-04-14T15:37:03.948+0000] {logging_mixin.py:154} INFO - [2024-04-14T15:37:03.948+0000] {dag.py:2941} INFO - Sync 1 DAGs
[2024-04-14T15:37:03.961+0000] {logging_mixin.py:154} INFO - [2024-04-14T15:37:03.961+0000] {dag.py:3722} INFO - Setting next_dagrun for example_nested_branch_dag to 2024-04-13T00:00:00+00:00, run_after=2024-04-14T00:00:00+00:00
[2024-04-14T15:37:03.971+0000] {processor.py:179} INFO - Processing /home/airflow/.local/lib/python3.10/site-packages/airflow/example_dags/example_nested_branch_dag.py took 0.046 seconds
[2024-04-14T15:37:34.673+0000] {processor.py:157} INFO - Started process (PID=3022) to work on /home/airflow/.local/lib/python3.10/site-packages/airflow/example_dags/example_nested_branch_dag.py
[2024-04-14T15:37:34.674+0000] {processor.py:829} INFO - Processing file /home/airflow/.local/lib/python3.10/site-packages/airflow/example_dags/example_nested_branch_dag.py for tasks to queue
[2024-04-14T15:37:34.675+0000] {logging_mixin.py:154} INFO - [2024-04-14T15:37:34.675+0000] {dagbag.py:536} INFO - Filling up the DagBag from /home/airflow/.local/lib/python3.10/site-packages/airflow/example_dags/example_nested_branch_dag.py
[2024-04-14T15:37:34.681+0000] {processor.py:839} INFO - DAG(s) dict_keys(['example_nested_branch_dag']) retrieved from /home/airflow/.local/lib/python3.10/site-packages/airflow/example_dags/example_nested_branch_dag.py
[2024-04-14T15:37:34.696+0000] {logging_mixin.py:154} INFO - [2024-04-14T15:37:34.696+0000] {dag.py:2941} INFO - Sync 1 DAGs
[2024-04-14T15:37:34.711+0000] {logging_mixin.py:154} INFO - [2024-04-14T15:37:34.711+0000] {dag.py:3722} INFO - Setting next_dagrun for example_nested_branch_dag to 2024-04-13T00:00:00+00:00, run_after=2024-04-14T00:00:00+00:00
[2024-04-14T15:37:34.720+0000] {processor.py:179} INFO - Processing /home/airflow/.local/lib/python3.10/site-packages/airflow/example_dags/example_nested_branch_dag.py took 0.049 seconds
[2024-04-14T15:38:05.424+0000] {processor.py:157} INFO - Started process (PID=3076) to work on /home/airflow/.local/lib/python3.10/site-packages/airflow/example_dags/example_nested_branch_dag.py
[2024-04-14T15:38:05.425+0000] {processor.py:829} INFO - Processing file /home/airflow/.local/lib/python3.10/site-packages/airflow/example_dags/example_nested_branch_dag.py for tasks to queue
[2024-04-14T15:38:05.426+0000] {logging_mixin.py:154} INFO - [2024-04-14T15:38:05.426+0000] {dagbag.py:536} INFO - Filling up the DagBag from /home/airflow/.local/lib/python3.10/site-packages/airflow/example_dags/example_nested_branch_dag.py
[2024-04-14T15:38:05.432+0000] {processor.py:839} INFO - DAG(s) dict_keys(['example_nested_branch_dag']) retrieved from /home/airflow/.local/lib/python3.10/site-packages/airflow/example_dags/example_nested_branch_dag.py
[2024-04-14T15:38:05.446+0000] {logging_mixin.py:154} INFO - [2024-04-14T15:38:05.446+0000] {dag.py:2941} INFO - Sync 1 DAGs
[2024-04-14T15:38:05.460+0000] {logging_mixin.py:154} INFO - [2024-04-14T15:38:05.460+0000] {dag.py:3722} INFO - Setting next_dagrun for example_nested_branch_dag to 2024-04-13T00:00:00+00:00, run_after=2024-04-14T00:00:00+00:00
[2024-04-14T15:38:05.470+0000] {processor.py:179} INFO - Processing /home/airflow/.local/lib/python3.10/site-packages/airflow/example_dags/example_nested_branch_dag.py took 0.048 seconds
[2024-04-14T15:38:36.296+0000] {processor.py:157} INFO - Started process (PID=3130) to work on /home/airflow/.local/lib/python3.10/site-packages/airflow/example_dags/example_nested_branch_dag.py
[2024-04-14T15:38:36.297+0000] {processor.py:829} INFO - Processing file /home/airflow/.local/lib/python3.10/site-packages/airflow/example_dags/example_nested_branch_dag.py for tasks to queue
[2024-04-14T15:38:36.298+0000] {logging_mixin.py:154} INFO - [2024-04-14T15:38:36.298+0000] {dagbag.py:536} INFO - Filling up the DagBag from /home/airflow/.local/lib/python3.10/site-packages/airflow/example_dags/example_nested_branch_dag.py
[2024-04-14T15:38:36.304+0000] {processor.py:839} INFO - DAG(s) dict_keys(['example_nested_branch_dag']) retrieved from /home/airflow/.local/lib/python3.10/site-packages/airflow/example_dags/example_nested_branch_dag.py
[2024-04-14T15:38:36.318+0000] {logging_mixin.py:154} INFO - [2024-04-14T15:38:36.318+0000] {dag.py:2941} INFO - Sync 1 DAGs
[2024-04-14T15:38:36.333+0000] {logging_mixin.py:154} INFO - [2024-04-14T15:38:36.333+0000] {dag.py:3722} INFO - Setting next_dagrun for example_nested_branch_dag to 2024-04-13T00:00:00+00:00, run_after=2024-04-14T00:00:00+00:00
[2024-04-14T15:38:36.342+0000] {processor.py:179} INFO - Processing /home/airflow/.local/lib/python3.10/site-packages/airflow/example_dags/example_nested_branch_dag.py took 0.049 seconds
[2024-04-14T15:39:07.083+0000] {processor.py:157} INFO - Started process (PID=3184) to work on /home/airflow/.local/lib/python3.10/site-packages/airflow/example_dags/example_nested_branch_dag.py
[2024-04-14T15:39:07.084+0000] {processor.py:829} INFO - Processing file /home/airflow/.local/lib/python3.10/site-packages/airflow/example_dags/example_nested_branch_dag.py for tasks to queue
[2024-04-14T15:39:07.085+0000] {logging_mixin.py:154} INFO - [2024-04-14T15:39:07.085+0000] {dagbag.py:536} INFO - Filling up the DagBag from /home/airflow/.local/lib/python3.10/site-packages/airflow/example_dags/example_nested_branch_dag.py
[2024-04-14T15:39:07.092+0000] {processor.py:839} INFO - DAG(s) dict_keys(['example_nested_branch_dag']) retrieved from /home/airflow/.local/lib/python3.10/site-packages/airflow/example_dags/example_nested_branch_dag.py
[2024-04-14T15:39:07.106+0000] {logging_mixin.py:154} INFO - [2024-04-14T15:39:07.106+0000] {dag.py:2941} INFO - Sync 1 DAGs
[2024-04-14T15:39:07.120+0000] {logging_mixin.py:154} INFO - [2024-04-14T15:39:07.119+0000] {dag.py:3722} INFO - Setting next_dagrun for example_nested_branch_dag to 2024-04-13T00:00:00+00:00, run_after=2024-04-14T00:00:00+00:00
[2024-04-14T15:39:07.129+0000] {processor.py:179} INFO - Processing /home/airflow/.local/lib/python3.10/site-packages/airflow/example_dags/example_nested_branch_dag.py took 0.048 seconds
[2024-04-14T15:39:38.077+0000] {processor.py:157} INFO - Started process (PID=3238) to work on /home/airflow/.local/lib/python3.10/site-packages/airflow/example_dags/example_nested_branch_dag.py
[2024-04-14T15:39:38.077+0000] {processor.py:829} INFO - Processing file /home/airflow/.local/lib/python3.10/site-packages/airflow/example_dags/example_nested_branch_dag.py for tasks to queue
[2024-04-14T15:39:38.079+0000] {logging_mixin.py:154} INFO - [2024-04-14T15:39:38.078+0000] {dagbag.py:536} INFO - Filling up the DagBag from /home/airflow/.local/lib/python3.10/site-packages/airflow/example_dags/example_nested_branch_dag.py
[2024-04-14T15:39:38.085+0000] {processor.py:839} INFO - DAG(s) dict_keys(['example_nested_branch_dag']) retrieved from /home/airflow/.local/lib/python3.10/site-packages/airflow/example_dags/example_nested_branch_dag.py
[2024-04-14T15:39:38.099+0000] {logging_mixin.py:154} INFO - [2024-04-14T15:39:38.099+0000] {dag.py:2941} INFO - Sync 1 DAGs
[2024-04-14T15:39:38.113+0000] {logging_mixin.py:154} INFO - [2024-04-14T15:39:38.113+0000] {dag.py:3722} INFO - Setting next_dagrun for example_nested_branch_dag to 2024-04-13T00:00:00+00:00, run_after=2024-04-14T00:00:00+00:00
[2024-04-14T15:39:38.122+0000] {processor.py:179} INFO - Processing /home/airflow/.local/lib/python3.10/site-packages/airflow/example_dags/example_nested_branch_dag.py took 0.048 seconds
[2024-04-14T15:40:09.018+0000] {processor.py:157} INFO - Started process (PID=3292) to work on /home/airflow/.local/lib/python3.10/site-packages/airflow/example_dags/example_nested_branch_dag.py
[2024-04-14T15:40:09.019+0000] {processor.py:829} INFO - Processing file /home/airflow/.local/lib/python3.10/site-packages/airflow/example_dags/example_nested_branch_dag.py for tasks to queue
[2024-04-14T15:40:09.020+0000] {logging_mixin.py:154} INFO - [2024-04-14T15:40:09.020+0000] {dagbag.py:536} INFO - Filling up the DagBag from /home/airflow/.local/lib/python3.10/site-packages/airflow/example_dags/example_nested_branch_dag.py
[2024-04-14T15:40:09.026+0000] {processor.py:839} INFO - DAG(s) dict_keys(['example_nested_branch_dag']) retrieved from /home/airflow/.local/lib/python3.10/site-packages/airflow/example_dags/example_nested_branch_dag.py
[2024-04-14T15:40:09.040+0000] {logging_mixin.py:154} INFO - [2024-04-14T15:40:09.039+0000] {dag.py:2941} INFO - Sync 1 DAGs
[2024-04-14T15:40:09.054+0000] {logging_mixin.py:154} INFO - [2024-04-14T15:40:09.054+0000] {dag.py:3722} INFO - Setting next_dagrun for example_nested_branch_dag to 2024-04-13T00:00:00+00:00, run_after=2024-04-14T00:00:00+00:00
[2024-04-14T15:40:09.063+0000] {processor.py:179} INFO - Processing /home/airflow/.local/lib/python3.10/site-packages/airflow/example_dags/example_nested_branch_dag.py took 0.047 seconds
[2024-04-14T15:41:09.895+0000] {processor.py:157} INFO - Started process (PID=45) to work on /home/airflow/.local/lib/python3.10/site-packages/airflow/example_dags/example_nested_branch_dag.py
[2024-04-14T15:41:09.896+0000] {processor.py:829} INFO - Processing file /home/airflow/.local/lib/python3.10/site-packages/airflow/example_dags/example_nested_branch_dag.py for tasks to queue
[2024-04-14T15:41:09.897+0000] {logging_mixin.py:154} INFO - [2024-04-14T15:41:09.897+0000] {dagbag.py:536} INFO - Filling up the DagBag from /home/airflow/.local/lib/python3.10/site-packages/airflow/example_dags/example_nested_branch_dag.py
[2024-04-14T15:41:09.905+0000] {processor.py:839} INFO - DAG(s) dict_keys(['example_nested_branch_dag']) retrieved from /home/airflow/.local/lib/python3.10/site-packages/airflow/example_dags/example_nested_branch_dag.py
[2024-04-14T15:41:09.913+0000] {logging_mixin.py:154} INFO - [2024-04-14T15:41:09.912+0000] {dag.py:2941} INFO - Sync 1 DAGs
[2024-04-14T15:41:09.929+0000] {logging_mixin.py:154} INFO - [2024-04-14T15:41:09.929+0000] {dag.py:3722} INFO - Setting next_dagrun for example_nested_branch_dag to 2024-04-13T00:00:00+00:00, run_after=2024-04-14T00:00:00+00:00
[2024-04-14T15:41:09.939+0000] {processor.py:179} INFO - Processing /home/airflow/.local/lib/python3.10/site-packages/airflow/example_dags/example_nested_branch_dag.py took 0.046 seconds
[2024-04-14T15:41:40.460+0000] {processor.py:157} INFO - Started process (PID=99) to work on /home/airflow/.local/lib/python3.10/site-packages/airflow/example_dags/example_nested_branch_dag.py
[2024-04-14T15:41:40.461+0000] {processor.py:829} INFO - Processing file /home/airflow/.local/lib/python3.10/site-packages/airflow/example_dags/example_nested_branch_dag.py for tasks to queue
[2024-04-14T15:41:40.462+0000] {logging_mixin.py:154} INFO - [2024-04-14T15:41:40.462+0000] {dagbag.py:536} INFO - Filling up the DagBag from /home/airflow/.local/lib/python3.10/site-packages/airflow/example_dags/example_nested_branch_dag.py
[2024-04-14T15:41:40.468+0000] {processor.py:839} INFO - DAG(s) dict_keys(['example_nested_branch_dag']) retrieved from /home/airflow/.local/lib/python3.10/site-packages/airflow/example_dags/example_nested_branch_dag.py
[2024-04-14T15:41:40.482+0000] {logging_mixin.py:154} INFO - [2024-04-14T15:41:40.482+0000] {dag.py:2941} INFO - Sync 1 DAGs
[2024-04-14T15:41:40.497+0000] {logging_mixin.py:154} INFO - [2024-04-14T15:41:40.497+0000] {dag.py:3722} INFO - Setting next_dagrun for example_nested_branch_dag to 2024-04-13T00:00:00+00:00, run_after=2024-04-14T00:00:00+00:00
[2024-04-14T15:41:40.506+0000] {processor.py:179} INFO - Processing /home/airflow/.local/lib/python3.10/site-packages/airflow/example_dags/example_nested_branch_dag.py took 0.048 seconds
[2024-04-14T15:42:11.044+0000] {processor.py:157} INFO - Started process (PID=153) to work on /home/airflow/.local/lib/python3.10/site-packages/airflow/example_dags/example_nested_branch_dag.py
[2024-04-14T15:42:11.045+0000] {processor.py:829} INFO - Processing file /home/airflow/.local/lib/python3.10/site-packages/airflow/example_dags/example_nested_branch_dag.py for tasks to queue
[2024-04-14T15:42:11.045+0000] {logging_mixin.py:154} INFO - [2024-04-14T15:42:11.045+0000] {dagbag.py:536} INFO - Filling up the DagBag from /home/airflow/.local/lib/python3.10/site-packages/airflow/example_dags/example_nested_branch_dag.py
[2024-04-14T15:42:11.051+0000] {processor.py:839} INFO - DAG(s) dict_keys(['example_nested_branch_dag']) retrieved from /home/airflow/.local/lib/python3.10/site-packages/airflow/example_dags/example_nested_branch_dag.py
[2024-04-14T15:42:11.065+0000] {logging_mixin.py:154} INFO - [2024-04-14T15:42:11.065+0000] {dag.py:2941} INFO - Sync 1 DAGs
[2024-04-14T15:42:11.078+0000] {logging_mixin.py:154} INFO - [2024-04-14T15:42:11.078+0000] {dag.py:3722} INFO - Setting next_dagrun for example_nested_branch_dag to 2024-04-13T00:00:00+00:00, run_after=2024-04-14T00:00:00+00:00
[2024-04-14T15:42:11.087+0000] {processor.py:179} INFO - Processing /home/airflow/.local/lib/python3.10/site-packages/airflow/example_dags/example_nested_branch_dag.py took 0.045 seconds
[2024-04-14T15:42:41.815+0000] {processor.py:157} INFO - Started process (PID=207) to work on /home/airflow/.local/lib/python3.10/site-packages/airflow/example_dags/example_nested_branch_dag.py
[2024-04-14T15:42:41.815+0000] {processor.py:829} INFO - Processing file /home/airflow/.local/lib/python3.10/site-packages/airflow/example_dags/example_nested_branch_dag.py for tasks to queue
[2024-04-14T15:42:41.816+0000] {logging_mixin.py:154} INFO - [2024-04-14T15:42:41.816+0000] {dagbag.py:536} INFO - Filling up the DagBag from /home/airflow/.local/lib/python3.10/site-packages/airflow/example_dags/example_nested_branch_dag.py
[2024-04-14T15:42:41.822+0000] {processor.py:839} INFO - DAG(s) dict_keys(['example_nested_branch_dag']) retrieved from /home/airflow/.local/lib/python3.10/site-packages/airflow/example_dags/example_nested_branch_dag.py
[2024-04-14T15:42:41.835+0000] {logging_mixin.py:154} INFO - [2024-04-14T15:42:41.835+0000] {dag.py:2941} INFO - Sync 1 DAGs
[2024-04-14T15:42:41.848+0000] {logging_mixin.py:154} INFO - [2024-04-14T15:42:41.848+0000] {dag.py:3722} INFO - Setting next_dagrun for example_nested_branch_dag to 2024-04-13T00:00:00+00:00, run_after=2024-04-14T00:00:00+00:00
[2024-04-14T15:42:41.857+0000] {processor.py:179} INFO - Processing /home/airflow/.local/lib/python3.10/site-packages/airflow/example_dags/example_nested_branch_dag.py took 0.044 seconds
[2024-04-14T15:46:32.967+0000] {processor.py:157} INFO - Started process (PID=46) to work on /home/airflow/.local/lib/python3.10/site-packages/airflow/example_dags/example_nested_branch_dag.py
[2024-04-14T15:46:32.967+0000] {processor.py:829} INFO - Processing file /home/airflow/.local/lib/python3.10/site-packages/airflow/example_dags/example_nested_branch_dag.py for tasks to queue
[2024-04-14T15:46:32.969+0000] {logging_mixin.py:154} INFO - [2024-04-14T15:46:32.968+0000] {dagbag.py:536} INFO - Filling up the DagBag from /home/airflow/.local/lib/python3.10/site-packages/airflow/example_dags/example_nested_branch_dag.py
[2024-04-14T15:46:32.977+0000] {processor.py:839} INFO - DAG(s) dict_keys(['example_nested_branch_dag']) retrieved from /home/airflow/.local/lib/python3.10/site-packages/airflow/example_dags/example_nested_branch_dag.py
[2024-04-14T15:46:32.986+0000] {logging_mixin.py:154} INFO - [2024-04-14T15:46:32.986+0000] {dag.py:2941} INFO - Sync 1 DAGs
[2024-04-14T15:46:33.003+0000] {logging_mixin.py:154} INFO - [2024-04-14T15:46:33.002+0000] {dag.py:3722} INFO - Setting next_dagrun for example_nested_branch_dag to 2024-04-13T00:00:00+00:00, run_after=2024-04-14T00:00:00+00:00
[2024-04-14T15:46:33.012+0000] {processor.py:179} INFO - Processing /home/airflow/.local/lib/python3.10/site-packages/airflow/example_dags/example_nested_branch_dag.py took 0.047 seconds
[2024-04-14T15:47:03.862+0000] {processor.py:157} INFO - Started process (PID=101) to work on /home/airflow/.local/lib/python3.10/site-packages/airflow/example_dags/example_nested_branch_dag.py
[2024-04-14T15:47:03.862+0000] {processor.py:829} INFO - Processing file /home/airflow/.local/lib/python3.10/site-packages/airflow/example_dags/example_nested_branch_dag.py for tasks to queue
[2024-04-14T15:47:03.863+0000] {logging_mixin.py:154} INFO - [2024-04-14T15:47:03.863+0000] {dagbag.py:536} INFO - Filling up the DagBag from /home/airflow/.local/lib/python3.10/site-packages/airflow/example_dags/example_nested_branch_dag.py
[2024-04-14T15:47:03.869+0000] {processor.py:839} INFO - DAG(s) dict_keys(['example_nested_branch_dag']) retrieved from /home/airflow/.local/lib/python3.10/site-packages/airflow/example_dags/example_nested_branch_dag.py
[2024-04-14T15:47:03.881+0000] {logging_mixin.py:154} INFO - [2024-04-14T15:47:03.881+0000] {dag.py:2941} INFO - Sync 1 DAGs
[2024-04-14T15:47:03.894+0000] {logging_mixin.py:154} INFO - [2024-04-14T15:47:03.894+0000] {dag.py:3722} INFO - Setting next_dagrun for example_nested_branch_dag to 2024-04-13T00:00:00+00:00, run_after=2024-04-14T00:00:00+00:00
[2024-04-14T15:47:03.902+0000] {processor.py:179} INFO - Processing /home/airflow/.local/lib/python3.10/site-packages/airflow/example_dags/example_nested_branch_dag.py took 0.043 seconds
[2024-04-14T15:47:34.691+0000] {processor.py:157} INFO - Started process (PID=156) to work on /home/airflow/.local/lib/python3.10/site-packages/airflow/example_dags/example_nested_branch_dag.py
[2024-04-14T15:47:34.691+0000] {processor.py:829} INFO - Processing file /home/airflow/.local/lib/python3.10/site-packages/airflow/example_dags/example_nested_branch_dag.py for tasks to queue
[2024-04-14T15:47:34.693+0000] {logging_mixin.py:154} INFO - [2024-04-14T15:47:34.692+0000] {dagbag.py:536} INFO - Filling up the DagBag from /home/airflow/.local/lib/python3.10/site-packages/airflow/example_dags/example_nested_branch_dag.py
[2024-04-14T15:47:34.699+0000] {processor.py:839} INFO - DAG(s) dict_keys(['example_nested_branch_dag']) retrieved from /home/airflow/.local/lib/python3.10/site-packages/airflow/example_dags/example_nested_branch_dag.py
[2024-04-14T15:47:34.712+0000] {logging_mixin.py:154} INFO - [2024-04-14T15:47:34.711+0000] {dag.py:2941} INFO - Sync 1 DAGs
[2024-04-14T15:47:34.724+0000] {logging_mixin.py:154} INFO - [2024-04-14T15:47:34.724+0000] {dag.py:3722} INFO - Setting next_dagrun for example_nested_branch_dag to 2024-04-13T00:00:00+00:00, run_after=2024-04-14T00:00:00+00:00
[2024-04-14T15:47:34.733+0000] {processor.py:179} INFO - Processing /home/airflow/.local/lib/python3.10/site-packages/airflow/example_dags/example_nested_branch_dag.py took 0.044 seconds
[2024-04-14T15:48:05.468+0000] {processor.py:157} INFO - Started process (PID=215) to work on /home/airflow/.local/lib/python3.10/site-packages/airflow/example_dags/example_nested_branch_dag.py
[2024-04-14T15:48:05.468+0000] {processor.py:829} INFO - Processing file /home/airflow/.local/lib/python3.10/site-packages/airflow/example_dags/example_nested_branch_dag.py for tasks to queue
[2024-04-14T15:48:05.469+0000] {logging_mixin.py:154} INFO - [2024-04-14T15:48:05.469+0000] {dagbag.py:536} INFO - Filling up the DagBag from /home/airflow/.local/lib/python3.10/site-packages/airflow/example_dags/example_nested_branch_dag.py
[2024-04-14T15:48:05.475+0000] {processor.py:839} INFO - DAG(s) dict_keys(['example_nested_branch_dag']) retrieved from /home/airflow/.local/lib/python3.10/site-packages/airflow/example_dags/example_nested_branch_dag.py
[2024-04-14T15:48:05.488+0000] {logging_mixin.py:154} INFO - [2024-04-14T15:48:05.488+0000] {dag.py:2941} INFO - Sync 1 DAGs
[2024-04-14T15:48:05.501+0000] {logging_mixin.py:154} INFO - [2024-04-14T15:48:05.500+0000] {dag.py:3722} INFO - Setting next_dagrun for example_nested_branch_dag to 2024-04-13T00:00:00+00:00, run_after=2024-04-14T00:00:00+00:00
[2024-04-14T15:48:05.509+0000] {processor.py:179} INFO - Processing /home/airflow/.local/lib/python3.10/site-packages/airflow/example_dags/example_nested_branch_dag.py took 0.043 seconds
[2024-04-14T15:48:36.141+0000] {processor.py:157} INFO - Started process (PID=270) to work on /home/airflow/.local/lib/python3.10/site-packages/airflow/example_dags/example_nested_branch_dag.py
[2024-04-14T15:48:36.142+0000] {processor.py:829} INFO - Processing file /home/airflow/.local/lib/python3.10/site-packages/airflow/example_dags/example_nested_branch_dag.py for tasks to queue
[2024-04-14T15:48:36.143+0000] {logging_mixin.py:154} INFO - [2024-04-14T15:48:36.143+0000] {dagbag.py:536} INFO - Filling up the DagBag from /home/airflow/.local/lib/python3.10/site-packages/airflow/example_dags/example_nested_branch_dag.py
[2024-04-14T15:48:36.149+0000] {processor.py:839} INFO - DAG(s) dict_keys(['example_nested_branch_dag']) retrieved from /home/airflow/.local/lib/python3.10/site-packages/airflow/example_dags/example_nested_branch_dag.py
[2024-04-14T15:48:36.161+0000] {logging_mixin.py:154} INFO - [2024-04-14T15:48:36.161+0000] {dag.py:2941} INFO - Sync 1 DAGs
[2024-04-14T15:48:36.174+0000] {logging_mixin.py:154} INFO - [2024-04-14T15:48:36.173+0000] {dag.py:3722} INFO - Setting next_dagrun for example_nested_branch_dag to 2024-04-13T00:00:00+00:00, run_after=2024-04-14T00:00:00+00:00
[2024-04-14T15:48:36.182+0000] {processor.py:179} INFO - Processing /home/airflow/.local/lib/python3.10/site-packages/airflow/example_dags/example_nested_branch_dag.py took 0.042 seconds
[2024-04-14T15:49:06.806+0000] {processor.py:157} INFO - Started process (PID=325) to work on /home/airflow/.local/lib/python3.10/site-packages/airflow/example_dags/example_nested_branch_dag.py
[2024-04-14T15:49:06.806+0000] {processor.py:829} INFO - Processing file /home/airflow/.local/lib/python3.10/site-packages/airflow/example_dags/example_nested_branch_dag.py for tasks to queue
[2024-04-14T15:49:06.808+0000] {logging_mixin.py:154} INFO - [2024-04-14T15:49:06.807+0000] {dagbag.py:536} INFO - Filling up the DagBag from /home/airflow/.local/lib/python3.10/site-packages/airflow/example_dags/example_nested_branch_dag.py
[2024-04-14T15:49:06.813+0000] {processor.py:839} INFO - DAG(s) dict_keys(['example_nested_branch_dag']) retrieved from /home/airflow/.local/lib/python3.10/site-packages/airflow/example_dags/example_nested_branch_dag.py
[2024-04-14T15:49:06.826+0000] {logging_mixin.py:154} INFO - [2024-04-14T15:49:06.826+0000] {dag.py:2941} INFO - Sync 1 DAGs
[2024-04-14T15:49:06.839+0000] {logging_mixin.py:154} INFO - [2024-04-14T15:49:06.839+0000] {dag.py:3722} INFO - Setting next_dagrun for example_nested_branch_dag to 2024-04-13T00:00:00+00:00, run_after=2024-04-14T00:00:00+00:00
[2024-04-14T15:49:06.847+0000] {processor.py:179} INFO - Processing /home/airflow/.local/lib/python3.10/site-packages/airflow/example_dags/example_nested_branch_dag.py took 0.043 seconds
