[2024-04-14T15:09:25.653+0000] {processor.py:157} INFO - Started process (PID=46) to work on /home/airflow/.local/lib/python3.10/site-packages/airflow/example_dags/example_branch_labels.py
[2024-04-14T15:09:25.654+0000] {processor.py:829} INFO - Processing file /home/airflow/.local/lib/python3.10/site-packages/airflow/example_dags/example_branch_labels.py for tasks to queue
[2024-04-14T15:09:25.655+0000] {logging_mixin.py:154} INFO - [2024-04-14T15:09:25.655+0000] {dagbag.py:536} INFO - Filling up the DagBag from /home/airflow/.local/lib/python3.10/site-packages/airflow/example_dags/example_branch_labels.py
[2024-04-14T15:09:25.661+0000] {processor.py:839} INFO - DAG(s) dict_keys(['example_branch_labels']) retrieved from /home/airflow/.local/lib/python3.10/site-packages/airflow/example_dags/example_branch_labels.py
[2024-04-14T15:09:25.670+0000] {logging_mixin.py:154} INFO - [2024-04-14T15:09:25.670+0000] {dag.py:2941} INFO - Sync 1 DAGs
[2024-04-14T15:09:25.686+0000] {logging_mixin.py:154} INFO - [2024-04-14T15:09:25.686+0000] {dag.py:3722} INFO - Setting next_dagrun for example_branch_labels to 2024-04-13T00:00:00+00:00, run_after=2024-04-14T00:00:00+00:00
[2024-04-14T15:09:25.695+0000] {processor.py:179} INFO - Processing /home/airflow/.local/lib/python3.10/site-packages/airflow/example_dags/example_branch_labels.py took 0.044 seconds
[2024-04-14T15:09:56.394+0000] {processor.py:157} INFO - Started process (PID=100) to work on /home/airflow/.local/lib/python3.10/site-packages/airflow/example_dags/example_branch_labels.py
[2024-04-14T15:09:56.395+0000] {processor.py:829} INFO - Processing file /home/airflow/.local/lib/python3.10/site-packages/airflow/example_dags/example_branch_labels.py for tasks to queue
[2024-04-14T15:09:56.396+0000] {logging_mixin.py:154} INFO - [2024-04-14T15:09:56.395+0000] {dagbag.py:536} INFO - Filling up the DagBag from /home/airflow/.local/lib/python3.10/site-packages/airflow/example_dags/example_branch_labels.py
[2024-04-14T15:09:56.400+0000] {processor.py:839} INFO - DAG(s) dict_keys(['example_branch_labels']) retrieved from /home/airflow/.local/lib/python3.10/site-packages/airflow/example_dags/example_branch_labels.py
[2024-04-14T15:09:56.412+0000] {logging_mixin.py:154} INFO - [2024-04-14T15:09:56.412+0000] {dag.py:2941} INFO - Sync 1 DAGs
[2024-04-14T15:09:56.425+0000] {logging_mixin.py:154} INFO - [2024-04-14T15:09:56.425+0000] {dag.py:3722} INFO - Setting next_dagrun for example_branch_labels to 2024-04-13T00:00:00+00:00, run_after=2024-04-14T00:00:00+00:00
[2024-04-14T15:09:56.433+0000] {processor.py:179} INFO - Processing /home/airflow/.local/lib/python3.10/site-packages/airflow/example_dags/example_branch_labels.py took 0.041 seconds
[2024-04-14T15:10:27.100+0000] {processor.py:157} INFO - Started process (PID=154) to work on /home/airflow/.local/lib/python3.10/site-packages/airflow/example_dags/example_branch_labels.py
[2024-04-14T15:10:27.101+0000] {processor.py:829} INFO - Processing file /home/airflow/.local/lib/python3.10/site-packages/airflow/example_dags/example_branch_labels.py for tasks to queue
[2024-04-14T15:10:27.102+0000] {logging_mixin.py:154} INFO - [2024-04-14T15:10:27.102+0000] {dagbag.py:536} INFO - Filling up the DagBag from /home/airflow/.local/lib/python3.10/site-packages/airflow/example_dags/example_branch_labels.py
[2024-04-14T15:10:27.106+0000] {processor.py:839} INFO - DAG(s) dict_keys(['example_branch_labels']) retrieved from /home/airflow/.local/lib/python3.10/site-packages/airflow/example_dags/example_branch_labels.py
[2024-04-14T15:10:27.118+0000] {logging_mixin.py:154} INFO - [2024-04-14T15:10:27.118+0000] {dag.py:2941} INFO - Sync 1 DAGs
[2024-04-14T15:10:27.130+0000] {logging_mixin.py:154} INFO - [2024-04-14T15:10:27.130+0000] {dag.py:3722} INFO - Setting next_dagrun for example_branch_labels to 2024-04-13T00:00:00+00:00, run_after=2024-04-14T00:00:00+00:00
[2024-04-14T15:10:27.139+0000] {processor.py:179} INFO - Processing /home/airflow/.local/lib/python3.10/site-packages/airflow/example_dags/example_branch_labels.py took 0.040 seconds
[2024-04-14T15:10:57.744+0000] {processor.py:157} INFO - Started process (PID=208) to work on /home/airflow/.local/lib/python3.10/site-packages/airflow/example_dags/example_branch_labels.py
[2024-04-14T15:10:57.744+0000] {processor.py:829} INFO - Processing file /home/airflow/.local/lib/python3.10/site-packages/airflow/example_dags/example_branch_labels.py for tasks to queue
[2024-04-14T15:10:57.745+0000] {logging_mixin.py:154} INFO - [2024-04-14T15:10:57.745+0000] {dagbag.py:536} INFO - Filling up the DagBag from /home/airflow/.local/lib/python3.10/site-packages/airflow/example_dags/example_branch_labels.py
[2024-04-14T15:10:57.750+0000] {processor.py:839} INFO - DAG(s) dict_keys(['example_branch_labels']) retrieved from /home/airflow/.local/lib/python3.10/site-packages/airflow/example_dags/example_branch_labels.py
[2024-04-14T15:10:57.763+0000] {logging_mixin.py:154} INFO - [2024-04-14T15:10:57.763+0000] {dag.py:2941} INFO - Sync 1 DAGs
[2024-04-14T15:10:57.776+0000] {logging_mixin.py:154} INFO - [2024-04-14T15:10:57.776+0000] {dag.py:3722} INFO - Setting next_dagrun for example_branch_labels to 2024-04-13T00:00:00+00:00, run_after=2024-04-14T00:00:00+00:00
[2024-04-14T15:10:57.783+0000] {processor.py:179} INFO - Processing /home/airflow/.local/lib/python3.10/site-packages/airflow/example_dags/example_branch_labels.py took 0.042 seconds
[2024-04-14T15:11:28.313+0000] {processor.py:157} INFO - Started process (PID=262) to work on /home/airflow/.local/lib/python3.10/site-packages/airflow/example_dags/example_branch_labels.py
[2024-04-14T15:11:28.313+0000] {processor.py:829} INFO - Processing file /home/airflow/.local/lib/python3.10/site-packages/airflow/example_dags/example_branch_labels.py for tasks to queue
[2024-04-14T15:11:28.315+0000] {logging_mixin.py:154} INFO - [2024-04-14T15:11:28.314+0000] {dagbag.py:536} INFO - Filling up the DagBag from /home/airflow/.local/lib/python3.10/site-packages/airflow/example_dags/example_branch_labels.py
[2024-04-14T15:11:28.319+0000] {processor.py:839} INFO - DAG(s) dict_keys(['example_branch_labels']) retrieved from /home/airflow/.local/lib/python3.10/site-packages/airflow/example_dags/example_branch_labels.py
[2024-04-14T15:11:28.331+0000] {logging_mixin.py:154} INFO - [2024-04-14T15:11:28.331+0000] {dag.py:2941} INFO - Sync 1 DAGs
[2024-04-14T15:11:28.343+0000] {logging_mixin.py:154} INFO - [2024-04-14T15:11:28.343+0000] {dag.py:3722} INFO - Setting next_dagrun for example_branch_labels to 2024-04-13T00:00:00+00:00, run_after=2024-04-14T00:00:00+00:00
[2024-04-14T15:11:28.351+0000] {processor.py:179} INFO - Processing /home/airflow/.local/lib/python3.10/site-packages/airflow/example_dags/example_branch_labels.py took 0.040 seconds
[2024-04-14T15:11:59.109+0000] {processor.py:157} INFO - Started process (PID=316) to work on /home/airflow/.local/lib/python3.10/site-packages/airflow/example_dags/example_branch_labels.py
[2024-04-14T15:11:59.109+0000] {processor.py:829} INFO - Processing file /home/airflow/.local/lib/python3.10/site-packages/airflow/example_dags/example_branch_labels.py for tasks to queue
[2024-04-14T15:11:59.110+0000] {logging_mixin.py:154} INFO - [2024-04-14T15:11:59.110+0000] {dagbag.py:536} INFO - Filling up the DagBag from /home/airflow/.local/lib/python3.10/site-packages/airflow/example_dags/example_branch_labels.py
[2024-04-14T15:11:59.115+0000] {processor.py:839} INFO - DAG(s) dict_keys(['example_branch_labels']) retrieved from /home/airflow/.local/lib/python3.10/site-packages/airflow/example_dags/example_branch_labels.py
[2024-04-14T15:11:59.127+0000] {logging_mixin.py:154} INFO - [2024-04-14T15:11:59.127+0000] {dag.py:2941} INFO - Sync 1 DAGs
[2024-04-14T15:11:59.140+0000] {logging_mixin.py:154} INFO - [2024-04-14T15:11:59.140+0000] {dag.py:3722} INFO - Setting next_dagrun for example_branch_labels to 2024-04-13T00:00:00+00:00, run_after=2024-04-14T00:00:00+00:00
[2024-04-14T15:11:59.149+0000] {processor.py:179} INFO - Processing /home/airflow/.local/lib/python3.10/site-packages/airflow/example_dags/example_branch_labels.py took 0.042 seconds
[2024-04-14T15:12:29.867+0000] {processor.py:157} INFO - Started process (PID=370) to work on /home/airflow/.local/lib/python3.10/site-packages/airflow/example_dags/example_branch_labels.py
[2024-04-14T15:12:29.867+0000] {processor.py:829} INFO - Processing file /home/airflow/.local/lib/python3.10/site-packages/airflow/example_dags/example_branch_labels.py for tasks to queue
[2024-04-14T15:12:29.868+0000] {logging_mixin.py:154} INFO - [2024-04-14T15:12:29.868+0000] {dagbag.py:536} INFO - Filling up the DagBag from /home/airflow/.local/lib/python3.10/site-packages/airflow/example_dags/example_branch_labels.py
[2024-04-14T15:12:29.873+0000] {processor.py:839} INFO - DAG(s) dict_keys(['example_branch_labels']) retrieved from /home/airflow/.local/lib/python3.10/site-packages/airflow/example_dags/example_branch_labels.py
[2024-04-14T15:12:29.885+0000] {logging_mixin.py:154} INFO - [2024-04-14T15:12:29.885+0000] {dag.py:2941} INFO - Sync 1 DAGs
[2024-04-14T15:12:29.897+0000] {logging_mixin.py:154} INFO - [2024-04-14T15:12:29.897+0000] {dag.py:3722} INFO - Setting next_dagrun for example_branch_labels to 2024-04-13T00:00:00+00:00, run_after=2024-04-14T00:00:00+00:00
[2024-04-14T15:12:29.905+0000] {processor.py:179} INFO - Processing /home/airflow/.local/lib/python3.10/site-packages/airflow/example_dags/example_branch_labels.py took 0.041 seconds
[2024-04-14T15:13:00.610+0000] {processor.py:157} INFO - Started process (PID=424) to work on /home/airflow/.local/lib/python3.10/site-packages/airflow/example_dags/example_branch_labels.py
[2024-04-14T15:13:00.611+0000] {processor.py:829} INFO - Processing file /home/airflow/.local/lib/python3.10/site-packages/airflow/example_dags/example_branch_labels.py for tasks to queue
[2024-04-14T15:13:00.612+0000] {logging_mixin.py:154} INFO - [2024-04-14T15:13:00.612+0000] {dagbag.py:536} INFO - Filling up the DagBag from /home/airflow/.local/lib/python3.10/site-packages/airflow/example_dags/example_branch_labels.py
[2024-04-14T15:13:00.617+0000] {processor.py:839} INFO - DAG(s) dict_keys(['example_branch_labels']) retrieved from /home/airflow/.local/lib/python3.10/site-packages/airflow/example_dags/example_branch_labels.py
[2024-04-14T15:13:00.629+0000] {logging_mixin.py:154} INFO - [2024-04-14T15:13:00.629+0000] {dag.py:2941} INFO - Sync 1 DAGs
[2024-04-14T15:13:00.642+0000] {logging_mixin.py:154} INFO - [2024-04-14T15:13:00.642+0000] {dag.py:3722} INFO - Setting next_dagrun for example_branch_labels to 2024-04-13T00:00:00+00:00, run_after=2024-04-14T00:00:00+00:00
[2024-04-14T15:13:00.650+0000] {processor.py:179} INFO - Processing /home/airflow/.local/lib/python3.10/site-packages/airflow/example_dags/example_branch_labels.py took 0.042 seconds
[2024-04-14T15:13:31.374+0000] {processor.py:157} INFO - Started process (PID=478) to work on /home/airflow/.local/lib/python3.10/site-packages/airflow/example_dags/example_branch_labels.py
[2024-04-14T15:13:31.375+0000] {processor.py:829} INFO - Processing file /home/airflow/.local/lib/python3.10/site-packages/airflow/example_dags/example_branch_labels.py for tasks to queue
[2024-04-14T15:13:31.376+0000] {logging_mixin.py:154} INFO - [2024-04-14T15:13:31.376+0000] {dagbag.py:536} INFO - Filling up the DagBag from /home/airflow/.local/lib/python3.10/site-packages/airflow/example_dags/example_branch_labels.py
[2024-04-14T15:13:31.380+0000] {processor.py:839} INFO - DAG(s) dict_keys(['example_branch_labels']) retrieved from /home/airflow/.local/lib/python3.10/site-packages/airflow/example_dags/example_branch_labels.py
[2024-04-14T15:13:31.393+0000] {logging_mixin.py:154} INFO - [2024-04-14T15:13:31.393+0000] {dag.py:2941} INFO - Sync 1 DAGs
[2024-04-14T15:13:31.405+0000] {logging_mixin.py:154} INFO - [2024-04-14T15:13:31.405+0000] {dag.py:3722} INFO - Setting next_dagrun for example_branch_labels to 2024-04-13T00:00:00+00:00, run_after=2024-04-14T00:00:00+00:00
[2024-04-14T15:13:31.413+0000] {processor.py:179} INFO - Processing /home/airflow/.local/lib/python3.10/site-packages/airflow/example_dags/example_branch_labels.py took 0.041 seconds
[2024-04-14T15:14:02.060+0000] {processor.py:157} INFO - Started process (PID=532) to work on /home/airflow/.local/lib/python3.10/site-packages/airflow/example_dags/example_branch_labels.py
[2024-04-14T15:14:02.061+0000] {processor.py:829} INFO - Processing file /home/airflow/.local/lib/python3.10/site-packages/airflow/example_dags/example_branch_labels.py for tasks to queue
[2024-04-14T15:14:02.062+0000] {logging_mixin.py:154} INFO - [2024-04-14T15:14:02.062+0000] {dagbag.py:536} INFO - Filling up the DagBag from /home/airflow/.local/lib/python3.10/site-packages/airflow/example_dags/example_branch_labels.py
[2024-04-14T15:14:02.066+0000] {processor.py:839} INFO - DAG(s) dict_keys(['example_branch_labels']) retrieved from /home/airflow/.local/lib/python3.10/site-packages/airflow/example_dags/example_branch_labels.py
[2024-04-14T15:14:02.078+0000] {logging_mixin.py:154} INFO - [2024-04-14T15:14:02.078+0000] {dag.py:2941} INFO - Sync 1 DAGs
[2024-04-14T15:14:02.090+0000] {logging_mixin.py:154} INFO - [2024-04-14T15:14:02.090+0000] {dag.py:3722} INFO - Setting next_dagrun for example_branch_labels to 2024-04-13T00:00:00+00:00, run_after=2024-04-14T00:00:00+00:00
[2024-04-14T15:14:02.098+0000] {processor.py:179} INFO - Processing /home/airflow/.local/lib/python3.10/site-packages/airflow/example_dags/example_branch_labels.py took 0.040 seconds
[2024-04-14T15:14:32.654+0000] {processor.py:157} INFO - Started process (PID=586) to work on /home/airflow/.local/lib/python3.10/site-packages/airflow/example_dags/example_branch_labels.py
[2024-04-14T15:14:32.655+0000] {processor.py:829} INFO - Processing file /home/airflow/.local/lib/python3.10/site-packages/airflow/example_dags/example_branch_labels.py for tasks to queue
[2024-04-14T15:14:32.656+0000] {logging_mixin.py:154} INFO - [2024-04-14T15:14:32.656+0000] {dagbag.py:536} INFO - Filling up the DagBag from /home/airflow/.local/lib/python3.10/site-packages/airflow/example_dags/example_branch_labels.py
[2024-04-14T15:14:32.661+0000] {processor.py:839} INFO - DAG(s) dict_keys(['example_branch_labels']) retrieved from /home/airflow/.local/lib/python3.10/site-packages/airflow/example_dags/example_branch_labels.py
[2024-04-14T15:14:32.673+0000] {logging_mixin.py:154} INFO - [2024-04-14T15:14:32.672+0000] {dag.py:2941} INFO - Sync 1 DAGs
[2024-04-14T15:14:32.685+0000] {logging_mixin.py:154} INFO - [2024-04-14T15:14:32.685+0000] {dag.py:3722} INFO - Setting next_dagrun for example_branch_labels to 2024-04-13T00:00:00+00:00, run_after=2024-04-14T00:00:00+00:00
[2024-04-14T15:14:32.693+0000] {processor.py:179} INFO - Processing /home/airflow/.local/lib/python3.10/site-packages/airflow/example_dags/example_branch_labels.py took 0.041 seconds
[2024-04-14T15:15:03.349+0000] {processor.py:157} INFO - Started process (PID=640) to work on /home/airflow/.local/lib/python3.10/site-packages/airflow/example_dags/example_branch_labels.py
[2024-04-14T15:15:03.349+0000] {processor.py:829} INFO - Processing file /home/airflow/.local/lib/python3.10/site-packages/airflow/example_dags/example_branch_labels.py for tasks to queue
[2024-04-14T15:15:03.351+0000] {logging_mixin.py:154} INFO - [2024-04-14T15:15:03.350+0000] {dagbag.py:536} INFO - Filling up the DagBag from /home/airflow/.local/lib/python3.10/site-packages/airflow/example_dags/example_branch_labels.py
[2024-04-14T15:15:03.355+0000] {processor.py:839} INFO - DAG(s) dict_keys(['example_branch_labels']) retrieved from /home/airflow/.local/lib/python3.10/site-packages/airflow/example_dags/example_branch_labels.py
[2024-04-14T15:15:03.370+0000] {logging_mixin.py:154} INFO - [2024-04-14T15:15:03.370+0000] {dag.py:2941} INFO - Sync 1 DAGs
[2024-04-14T15:15:03.386+0000] {logging_mixin.py:154} INFO - [2024-04-14T15:15:03.386+0000] {dag.py:3722} INFO - Setting next_dagrun for example_branch_labels to 2024-04-13T00:00:00+00:00, run_after=2024-04-14T00:00:00+00:00
[2024-04-14T15:15:03.394+0000] {processor.py:179} INFO - Processing /home/airflow/.local/lib/python3.10/site-packages/airflow/example_dags/example_branch_labels.py took 0.047 seconds
[2024-04-14T15:15:33.966+0000] {processor.py:157} INFO - Started process (PID=694) to work on /home/airflow/.local/lib/python3.10/site-packages/airflow/example_dags/example_branch_labels.py
[2024-04-14T15:15:33.967+0000] {processor.py:829} INFO - Processing file /home/airflow/.local/lib/python3.10/site-packages/airflow/example_dags/example_branch_labels.py for tasks to queue
[2024-04-14T15:15:33.968+0000] {logging_mixin.py:154} INFO - [2024-04-14T15:15:33.968+0000] {dagbag.py:536} INFO - Filling up the DagBag from /home/airflow/.local/lib/python3.10/site-packages/airflow/example_dags/example_branch_labels.py
[2024-04-14T15:15:33.973+0000] {processor.py:839} INFO - DAG(s) dict_keys(['example_branch_labels']) retrieved from /home/airflow/.local/lib/python3.10/site-packages/airflow/example_dags/example_branch_labels.py
[2024-04-14T15:15:33.986+0000] {logging_mixin.py:154} INFO - [2024-04-14T15:15:33.985+0000] {dag.py:2941} INFO - Sync 1 DAGs
[2024-04-14T15:15:33.998+0000] {logging_mixin.py:154} INFO - [2024-04-14T15:15:33.998+0000] {dag.py:3722} INFO - Setting next_dagrun for example_branch_labels to 2024-04-13T00:00:00+00:00, run_after=2024-04-14T00:00:00+00:00
[2024-04-14T15:15:34.007+0000] {processor.py:179} INFO - Processing /home/airflow/.local/lib/python3.10/site-packages/airflow/example_dags/example_branch_labels.py took 0.043 seconds
[2024-04-14T15:16:04.619+0000] {processor.py:157} INFO - Started process (PID=748) to work on /home/airflow/.local/lib/python3.10/site-packages/airflow/example_dags/example_branch_labels.py
[2024-04-14T15:16:04.619+0000] {processor.py:829} INFO - Processing file /home/airflow/.local/lib/python3.10/site-packages/airflow/example_dags/example_branch_labels.py for tasks to queue
[2024-04-14T15:16:04.620+0000] {logging_mixin.py:154} INFO - [2024-04-14T15:16:04.620+0000] {dagbag.py:536} INFO - Filling up the DagBag from /home/airflow/.local/lib/python3.10/site-packages/airflow/example_dags/example_branch_labels.py
[2024-04-14T15:16:04.625+0000] {processor.py:839} INFO - DAG(s) dict_keys(['example_branch_labels']) retrieved from /home/airflow/.local/lib/python3.10/site-packages/airflow/example_dags/example_branch_labels.py
[2024-04-14T15:16:04.637+0000] {logging_mixin.py:154} INFO - [2024-04-14T15:16:04.637+0000] {dag.py:2941} INFO - Sync 1 DAGs
[2024-04-14T15:16:04.649+0000] {logging_mixin.py:154} INFO - [2024-04-14T15:16:04.649+0000] {dag.py:3722} INFO - Setting next_dagrun for example_branch_labels to 2024-04-13T00:00:00+00:00, run_after=2024-04-14T00:00:00+00:00
[2024-04-14T15:16:04.657+0000] {processor.py:179} INFO - Processing /home/airflow/.local/lib/python3.10/site-packages/airflow/example_dags/example_branch_labels.py took 0.040 seconds
[2024-04-14T15:16:35.333+0000] {processor.py:157} INFO - Started process (PID=802) to work on /home/airflow/.local/lib/python3.10/site-packages/airflow/example_dags/example_branch_labels.py
[2024-04-14T15:16:35.334+0000] {processor.py:829} INFO - Processing file /home/airflow/.local/lib/python3.10/site-packages/airflow/example_dags/example_branch_labels.py for tasks to queue
[2024-04-14T15:16:35.335+0000] {logging_mixin.py:154} INFO - [2024-04-14T15:16:35.334+0000] {dagbag.py:536} INFO - Filling up the DagBag from /home/airflow/.local/lib/python3.10/site-packages/airflow/example_dags/example_branch_labels.py
[2024-04-14T15:16:35.339+0000] {processor.py:839} INFO - DAG(s) dict_keys(['example_branch_labels']) retrieved from /home/airflow/.local/lib/python3.10/site-packages/airflow/example_dags/example_branch_labels.py
[2024-04-14T15:16:35.352+0000] {logging_mixin.py:154} INFO - [2024-04-14T15:16:35.352+0000] {dag.py:2941} INFO - Sync 1 DAGs
[2024-04-14T15:16:35.365+0000] {logging_mixin.py:154} INFO - [2024-04-14T15:16:35.365+0000] {dag.py:3722} INFO - Setting next_dagrun for example_branch_labels to 2024-04-13T00:00:00+00:00, run_after=2024-04-14T00:00:00+00:00
[2024-04-14T15:16:35.373+0000] {processor.py:179} INFO - Processing /home/airflow/.local/lib/python3.10/site-packages/airflow/example_dags/example_branch_labels.py took 0.043 seconds
[2024-04-14T15:17:06.085+0000] {processor.py:157} INFO - Started process (PID=856) to work on /home/airflow/.local/lib/python3.10/site-packages/airflow/example_dags/example_branch_labels.py
[2024-04-14T15:17:06.086+0000] {processor.py:829} INFO - Processing file /home/airflow/.local/lib/python3.10/site-packages/airflow/example_dags/example_branch_labels.py for tasks to queue
[2024-04-14T15:17:06.087+0000] {logging_mixin.py:154} INFO - [2024-04-14T15:17:06.087+0000] {dagbag.py:536} INFO - Filling up the DagBag from /home/airflow/.local/lib/python3.10/site-packages/airflow/example_dags/example_branch_labels.py
[2024-04-14T15:17:06.091+0000] {processor.py:839} INFO - DAG(s) dict_keys(['example_branch_labels']) retrieved from /home/airflow/.local/lib/python3.10/site-packages/airflow/example_dags/example_branch_labels.py
[2024-04-14T15:17:06.103+0000] {logging_mixin.py:154} INFO - [2024-04-14T15:17:06.103+0000] {dag.py:2941} INFO - Sync 1 DAGs
[2024-04-14T15:17:06.115+0000] {logging_mixin.py:154} INFO - [2024-04-14T15:17:06.115+0000] {dag.py:3722} INFO - Setting next_dagrun for example_branch_labels to 2024-04-13T00:00:00+00:00, run_after=2024-04-14T00:00:00+00:00
[2024-04-14T15:17:06.123+0000] {processor.py:179} INFO - Processing /home/airflow/.local/lib/python3.10/site-packages/airflow/example_dags/example_branch_labels.py took 0.040 seconds
[2024-04-14T15:17:36.708+0000] {processor.py:157} INFO - Started process (PID=910) to work on /home/airflow/.local/lib/python3.10/site-packages/airflow/example_dags/example_branch_labels.py
[2024-04-14T15:17:36.709+0000] {processor.py:829} INFO - Processing file /home/airflow/.local/lib/python3.10/site-packages/airflow/example_dags/example_branch_labels.py for tasks to queue
[2024-04-14T15:17:36.710+0000] {logging_mixin.py:154} INFO - [2024-04-14T15:17:36.710+0000] {dagbag.py:536} INFO - Filling up the DagBag from /home/airflow/.local/lib/python3.10/site-packages/airflow/example_dags/example_branch_labels.py
[2024-04-14T15:17:36.715+0000] {processor.py:839} INFO - DAG(s) dict_keys(['example_branch_labels']) retrieved from /home/airflow/.local/lib/python3.10/site-packages/airflow/example_dags/example_branch_labels.py
[2024-04-14T15:17:36.727+0000] {logging_mixin.py:154} INFO - [2024-04-14T15:17:36.727+0000] {dag.py:2941} INFO - Sync 1 DAGs
[2024-04-14T15:17:36.739+0000] {logging_mixin.py:154} INFO - [2024-04-14T15:17:36.739+0000] {dag.py:3722} INFO - Setting next_dagrun for example_branch_labels to 2024-04-13T00:00:00+00:00, run_after=2024-04-14T00:00:00+00:00
[2024-04-14T15:17:36.747+0000] {processor.py:179} INFO - Processing /home/airflow/.local/lib/python3.10/site-packages/airflow/example_dags/example_branch_labels.py took 0.041 seconds
[2024-04-14T15:18:07.327+0000] {processor.py:157} INFO - Started process (PID=964) to work on /home/airflow/.local/lib/python3.10/site-packages/airflow/example_dags/example_branch_labels.py
[2024-04-14T15:18:07.328+0000] {processor.py:829} INFO - Processing file /home/airflow/.local/lib/python3.10/site-packages/airflow/example_dags/example_branch_labels.py for tasks to queue
[2024-04-14T15:18:07.329+0000] {logging_mixin.py:154} INFO - [2024-04-14T15:18:07.329+0000] {dagbag.py:536} INFO - Filling up the DagBag from /home/airflow/.local/lib/python3.10/site-packages/airflow/example_dags/example_branch_labels.py
[2024-04-14T15:18:07.333+0000] {processor.py:839} INFO - DAG(s) dict_keys(['example_branch_labels']) retrieved from /home/airflow/.local/lib/python3.10/site-packages/airflow/example_dags/example_branch_labels.py
[2024-04-14T15:18:07.345+0000] {logging_mixin.py:154} INFO - [2024-04-14T15:18:07.345+0000] {dag.py:2941} INFO - Sync 1 DAGs
[2024-04-14T15:18:07.357+0000] {logging_mixin.py:154} INFO - [2024-04-14T15:18:07.357+0000] {dag.py:3722} INFO - Setting next_dagrun for example_branch_labels to 2024-04-13T00:00:00+00:00, run_after=2024-04-14T00:00:00+00:00
[2024-04-14T15:18:07.364+0000] {processor.py:179} INFO - Processing /home/airflow/.local/lib/python3.10/site-packages/airflow/example_dags/example_branch_labels.py took 0.039 seconds
[2024-04-14T15:18:37.961+0000] {processor.py:157} INFO - Started process (PID=1018) to work on /home/airflow/.local/lib/python3.10/site-packages/airflow/example_dags/example_branch_labels.py
[2024-04-14T15:18:37.962+0000] {processor.py:829} INFO - Processing file /home/airflow/.local/lib/python3.10/site-packages/airflow/example_dags/example_branch_labels.py for tasks to queue
[2024-04-14T15:18:37.963+0000] {logging_mixin.py:154} INFO - [2024-04-14T15:18:37.963+0000] {dagbag.py:536} INFO - Filling up the DagBag from /home/airflow/.local/lib/python3.10/site-packages/airflow/example_dags/example_branch_labels.py
[2024-04-14T15:18:37.967+0000] {processor.py:839} INFO - DAG(s) dict_keys(['example_branch_labels']) retrieved from /home/airflow/.local/lib/python3.10/site-packages/airflow/example_dags/example_branch_labels.py
[2024-04-14T15:18:37.979+0000] {logging_mixin.py:154} INFO - [2024-04-14T15:18:37.979+0000] {dag.py:2941} INFO - Sync 1 DAGs
[2024-04-14T15:18:37.990+0000] {logging_mixin.py:154} INFO - [2024-04-14T15:18:37.990+0000] {dag.py:3722} INFO - Setting next_dagrun for example_branch_labels to 2024-04-13T00:00:00+00:00, run_after=2024-04-14T00:00:00+00:00
[2024-04-14T15:18:37.999+0000] {processor.py:179} INFO - Processing /home/airflow/.local/lib/python3.10/site-packages/airflow/example_dags/example_branch_labels.py took 0.039 seconds
[2024-04-14T15:19:08.746+0000] {processor.py:157} INFO - Started process (PID=1072) to work on /home/airflow/.local/lib/python3.10/site-packages/airflow/example_dags/example_branch_labels.py
[2024-04-14T15:19:08.746+0000] {processor.py:829} INFO - Processing file /home/airflow/.local/lib/python3.10/site-packages/airflow/example_dags/example_branch_labels.py for tasks to queue
[2024-04-14T15:19:08.748+0000] {logging_mixin.py:154} INFO - [2024-04-14T15:19:08.747+0000] {dagbag.py:536} INFO - Filling up the DagBag from /home/airflow/.local/lib/python3.10/site-packages/airflow/example_dags/example_branch_labels.py
[2024-04-14T15:19:08.752+0000] {processor.py:839} INFO - DAG(s) dict_keys(['example_branch_labels']) retrieved from /home/airflow/.local/lib/python3.10/site-packages/airflow/example_dags/example_branch_labels.py
[2024-04-14T15:19:08.764+0000] {logging_mixin.py:154} INFO - [2024-04-14T15:19:08.763+0000] {dag.py:2941} INFO - Sync 1 DAGs
[2024-04-14T15:19:08.775+0000] {logging_mixin.py:154} INFO - [2024-04-14T15:19:08.775+0000] {dag.py:3722} INFO - Setting next_dagrun for example_branch_labels to 2024-04-13T00:00:00+00:00, run_after=2024-04-14T00:00:00+00:00
[2024-04-14T15:19:08.783+0000] {processor.py:179} INFO - Processing /home/airflow/.local/lib/python3.10/site-packages/airflow/example_dags/example_branch_labels.py took 0.039 seconds
[2024-04-14T15:19:39.451+0000] {processor.py:157} INFO - Started process (PID=1126) to work on /home/airflow/.local/lib/python3.10/site-packages/airflow/example_dags/example_branch_labels.py
[2024-04-14T15:19:39.452+0000] {processor.py:829} INFO - Processing file /home/airflow/.local/lib/python3.10/site-packages/airflow/example_dags/example_branch_labels.py for tasks to queue
[2024-04-14T15:19:39.453+0000] {logging_mixin.py:154} INFO - [2024-04-14T15:19:39.452+0000] {dagbag.py:536} INFO - Filling up the DagBag from /home/airflow/.local/lib/python3.10/site-packages/airflow/example_dags/example_branch_labels.py
[2024-04-14T15:19:39.457+0000] {processor.py:839} INFO - DAG(s) dict_keys(['example_branch_labels']) retrieved from /home/airflow/.local/lib/python3.10/site-packages/airflow/example_dags/example_branch_labels.py
[2024-04-14T15:19:39.469+0000] {logging_mixin.py:154} INFO - [2024-04-14T15:19:39.469+0000] {dag.py:2941} INFO - Sync 1 DAGs
[2024-04-14T15:19:39.481+0000] {logging_mixin.py:154} INFO - [2024-04-14T15:19:39.481+0000] {dag.py:3722} INFO - Setting next_dagrun for example_branch_labels to 2024-04-13T00:00:00+00:00, run_after=2024-04-14T00:00:00+00:00
[2024-04-14T15:19:39.488+0000] {processor.py:179} INFO - Processing /home/airflow/.local/lib/python3.10/site-packages/airflow/example_dags/example_branch_labels.py took 0.039 seconds
[2024-04-14T15:20:10.022+0000] {processor.py:157} INFO - Started process (PID=1180) to work on /home/airflow/.local/lib/python3.10/site-packages/airflow/example_dags/example_branch_labels.py
[2024-04-14T15:20:10.022+0000] {processor.py:829} INFO - Processing file /home/airflow/.local/lib/python3.10/site-packages/airflow/example_dags/example_branch_labels.py for tasks to queue
[2024-04-14T15:20:10.024+0000] {logging_mixin.py:154} INFO - [2024-04-14T15:20:10.023+0000] {dagbag.py:536} INFO - Filling up the DagBag from /home/airflow/.local/lib/python3.10/site-packages/airflow/example_dags/example_branch_labels.py
[2024-04-14T15:20:10.028+0000] {processor.py:839} INFO - DAG(s) dict_keys(['example_branch_labels']) retrieved from /home/airflow/.local/lib/python3.10/site-packages/airflow/example_dags/example_branch_labels.py
[2024-04-14T15:20:10.040+0000] {logging_mixin.py:154} INFO - [2024-04-14T15:20:10.040+0000] {dag.py:2941} INFO - Sync 1 DAGs
[2024-04-14T15:20:10.052+0000] {logging_mixin.py:154} INFO - [2024-04-14T15:20:10.052+0000] {dag.py:3722} INFO - Setting next_dagrun for example_branch_labels to 2024-04-13T00:00:00+00:00, run_after=2024-04-14T00:00:00+00:00
[2024-04-14T15:20:10.059+0000] {processor.py:179} INFO - Processing /home/airflow/.local/lib/python3.10/site-packages/airflow/example_dags/example_branch_labels.py took 0.040 seconds
[2024-04-14T15:20:40.783+0000] {processor.py:157} INFO - Started process (PID=1234) to work on /home/airflow/.local/lib/python3.10/site-packages/airflow/example_dags/example_branch_labels.py
[2024-04-14T15:20:40.784+0000] {processor.py:829} INFO - Processing file /home/airflow/.local/lib/python3.10/site-packages/airflow/example_dags/example_branch_labels.py for tasks to queue
[2024-04-14T15:20:40.785+0000] {logging_mixin.py:154} INFO - [2024-04-14T15:20:40.784+0000] {dagbag.py:536} INFO - Filling up the DagBag from /home/airflow/.local/lib/python3.10/site-packages/airflow/example_dags/example_branch_labels.py
[2024-04-14T15:20:40.789+0000] {processor.py:839} INFO - DAG(s) dict_keys(['example_branch_labels']) retrieved from /home/airflow/.local/lib/python3.10/site-packages/airflow/example_dags/example_branch_labels.py
[2024-04-14T15:20:40.800+0000] {logging_mixin.py:154} INFO - [2024-04-14T15:20:40.800+0000] {dag.py:2941} INFO - Sync 1 DAGs
[2024-04-14T15:20:40.813+0000] {logging_mixin.py:154} INFO - [2024-04-14T15:20:40.812+0000] {dag.py:3722} INFO - Setting next_dagrun for example_branch_labels to 2024-04-13T00:00:00+00:00, run_after=2024-04-14T00:00:00+00:00
[2024-04-14T15:20:40.820+0000] {processor.py:179} INFO - Processing /home/airflow/.local/lib/python3.10/site-packages/airflow/example_dags/example_branch_labels.py took 0.040 seconds
[2024-04-14T15:21:11.421+0000] {processor.py:157} INFO - Started process (PID=1288) to work on /home/airflow/.local/lib/python3.10/site-packages/airflow/example_dags/example_branch_labels.py
[2024-04-14T15:21:11.421+0000] {processor.py:829} INFO - Processing file /home/airflow/.local/lib/python3.10/site-packages/airflow/example_dags/example_branch_labels.py for tasks to queue
[2024-04-14T15:21:11.422+0000] {logging_mixin.py:154} INFO - [2024-04-14T15:21:11.422+0000] {dagbag.py:536} INFO - Filling up the DagBag from /home/airflow/.local/lib/python3.10/site-packages/airflow/example_dags/example_branch_labels.py
[2024-04-14T15:21:11.427+0000] {processor.py:839} INFO - DAG(s) dict_keys(['example_branch_labels']) retrieved from /home/airflow/.local/lib/python3.10/site-packages/airflow/example_dags/example_branch_labels.py
[2024-04-14T15:21:11.439+0000] {logging_mixin.py:154} INFO - [2024-04-14T15:21:11.439+0000] {dag.py:2941} INFO - Sync 1 DAGs
[2024-04-14T15:21:11.450+0000] {logging_mixin.py:154} INFO - [2024-04-14T15:21:11.450+0000] {dag.py:3722} INFO - Setting next_dagrun for example_branch_labels to 2024-04-13T00:00:00+00:00, run_after=2024-04-14T00:00:00+00:00
[2024-04-14T15:21:11.458+0000] {processor.py:179} INFO - Processing /home/airflow/.local/lib/python3.10/site-packages/airflow/example_dags/example_branch_labels.py took 0.039 seconds
[2024-04-14T15:21:42.062+0000] {processor.py:157} INFO - Started process (PID=1342) to work on /home/airflow/.local/lib/python3.10/site-packages/airflow/example_dags/example_branch_labels.py
[2024-04-14T15:21:42.062+0000] {processor.py:829} INFO - Processing file /home/airflow/.local/lib/python3.10/site-packages/airflow/example_dags/example_branch_labels.py for tasks to queue
[2024-04-14T15:21:42.064+0000] {logging_mixin.py:154} INFO - [2024-04-14T15:21:42.063+0000] {dagbag.py:536} INFO - Filling up the DagBag from /home/airflow/.local/lib/python3.10/site-packages/airflow/example_dags/example_branch_labels.py
[2024-04-14T15:21:42.068+0000] {processor.py:839} INFO - DAG(s) dict_keys(['example_branch_labels']) retrieved from /home/airflow/.local/lib/python3.10/site-packages/airflow/example_dags/example_branch_labels.py
[2024-04-14T15:21:42.081+0000] {logging_mixin.py:154} INFO - [2024-04-14T15:21:42.080+0000] {dag.py:2941} INFO - Sync 1 DAGs
[2024-04-14T15:21:42.093+0000] {logging_mixin.py:154} INFO - [2024-04-14T15:21:42.093+0000] {dag.py:3722} INFO - Setting next_dagrun for example_branch_labels to 2024-04-13T00:00:00+00:00, run_after=2024-04-14T00:00:00+00:00
[2024-04-14T15:21:42.101+0000] {processor.py:179} INFO - Processing /home/airflow/.local/lib/python3.10/site-packages/airflow/example_dags/example_branch_labels.py took 0.041 seconds
[2024-04-14T15:22:12.789+0000] {processor.py:157} INFO - Started process (PID=1396) to work on /home/airflow/.local/lib/python3.10/site-packages/airflow/example_dags/example_branch_labels.py
[2024-04-14T15:22:12.789+0000] {processor.py:829} INFO - Processing file /home/airflow/.local/lib/python3.10/site-packages/airflow/example_dags/example_branch_labels.py for tasks to queue
[2024-04-14T15:22:12.790+0000] {logging_mixin.py:154} INFO - [2024-04-14T15:22:12.790+0000] {dagbag.py:536} INFO - Filling up the DagBag from /home/airflow/.local/lib/python3.10/site-packages/airflow/example_dags/example_branch_labels.py
[2024-04-14T15:22:12.795+0000] {processor.py:839} INFO - DAG(s) dict_keys(['example_branch_labels']) retrieved from /home/airflow/.local/lib/python3.10/site-packages/airflow/example_dags/example_branch_labels.py
[2024-04-14T15:22:12.808+0000] {logging_mixin.py:154} INFO - [2024-04-14T15:22:12.808+0000] {dag.py:2941} INFO - Sync 1 DAGs
[2024-04-14T15:22:12.822+0000] {logging_mixin.py:154} INFO - [2024-04-14T15:22:12.822+0000] {dag.py:3722} INFO - Setting next_dagrun for example_branch_labels to 2024-04-13T00:00:00+00:00, run_after=2024-04-14T00:00:00+00:00
[2024-04-14T15:22:12.832+0000] {processor.py:179} INFO - Processing /home/airflow/.local/lib/python3.10/site-packages/airflow/example_dags/example_branch_labels.py took 0.045 seconds
[2024-04-14T15:22:43.423+0000] {processor.py:157} INFO - Started process (PID=1450) to work on /home/airflow/.local/lib/python3.10/site-packages/airflow/example_dags/example_branch_labels.py
[2024-04-14T15:22:43.424+0000] {processor.py:829} INFO - Processing file /home/airflow/.local/lib/python3.10/site-packages/airflow/example_dags/example_branch_labels.py for tasks to queue
[2024-04-14T15:22:43.425+0000] {logging_mixin.py:154} INFO - [2024-04-14T15:22:43.425+0000] {dagbag.py:536} INFO - Filling up the DagBag from /home/airflow/.local/lib/python3.10/site-packages/airflow/example_dags/example_branch_labels.py
[2024-04-14T15:22:43.430+0000] {processor.py:839} INFO - DAG(s) dict_keys(['example_branch_labels']) retrieved from /home/airflow/.local/lib/python3.10/site-packages/airflow/example_dags/example_branch_labels.py
[2024-04-14T15:22:43.442+0000] {logging_mixin.py:154} INFO - [2024-04-14T15:22:43.441+0000] {dag.py:2941} INFO - Sync 1 DAGs
[2024-04-14T15:22:43.454+0000] {logging_mixin.py:154} INFO - [2024-04-14T15:22:43.454+0000] {dag.py:3722} INFO - Setting next_dagrun for example_branch_labels to 2024-04-13T00:00:00+00:00, run_after=2024-04-14T00:00:00+00:00
[2024-04-14T15:22:43.462+0000] {processor.py:179} INFO - Processing /home/airflow/.local/lib/python3.10/site-packages/airflow/example_dags/example_branch_labels.py took 0.041 seconds
[2024-04-14T15:23:14.230+0000] {processor.py:157} INFO - Started process (PID=1504) to work on /home/airflow/.local/lib/python3.10/site-packages/airflow/example_dags/example_branch_labels.py
[2024-04-14T15:23:14.230+0000] {processor.py:829} INFO - Processing file /home/airflow/.local/lib/python3.10/site-packages/airflow/example_dags/example_branch_labels.py for tasks to queue
[2024-04-14T15:23:14.232+0000] {logging_mixin.py:154} INFO - [2024-04-14T15:23:14.231+0000] {dagbag.py:536} INFO - Filling up the DagBag from /home/airflow/.local/lib/python3.10/site-packages/airflow/example_dags/example_branch_labels.py
[2024-04-14T15:23:14.236+0000] {processor.py:839} INFO - DAG(s) dict_keys(['example_branch_labels']) retrieved from /home/airflow/.local/lib/python3.10/site-packages/airflow/example_dags/example_branch_labels.py
[2024-04-14T15:23:14.248+0000] {logging_mixin.py:154} INFO - [2024-04-14T15:23:14.248+0000] {dag.py:2941} INFO - Sync 1 DAGs
[2024-04-14T15:23:14.260+0000] {logging_mixin.py:154} INFO - [2024-04-14T15:23:14.260+0000] {dag.py:3722} INFO - Setting next_dagrun for example_branch_labels to 2024-04-13T00:00:00+00:00, run_after=2024-04-14T00:00:00+00:00
[2024-04-14T15:23:14.268+0000] {processor.py:179} INFO - Processing /home/airflow/.local/lib/python3.10/site-packages/airflow/example_dags/example_branch_labels.py took 0.040 seconds
[2024-04-14T15:23:45.049+0000] {processor.py:157} INFO - Started process (PID=1558) to work on /home/airflow/.local/lib/python3.10/site-packages/airflow/example_dags/example_branch_labels.py
[2024-04-14T15:23:45.050+0000] {processor.py:829} INFO - Processing file /home/airflow/.local/lib/python3.10/site-packages/airflow/example_dags/example_branch_labels.py for tasks to queue
[2024-04-14T15:23:45.051+0000] {logging_mixin.py:154} INFO - [2024-04-14T15:23:45.051+0000] {dagbag.py:536} INFO - Filling up the DagBag from /home/airflow/.local/lib/python3.10/site-packages/airflow/example_dags/example_branch_labels.py
[2024-04-14T15:23:45.056+0000] {processor.py:839} INFO - DAG(s) dict_keys(['example_branch_labels']) retrieved from /home/airflow/.local/lib/python3.10/site-packages/airflow/example_dags/example_branch_labels.py
[2024-04-14T15:23:45.068+0000] {logging_mixin.py:154} INFO - [2024-04-14T15:23:45.068+0000] {dag.py:2941} INFO - Sync 1 DAGs
[2024-04-14T15:23:45.080+0000] {logging_mixin.py:154} INFO - [2024-04-14T15:23:45.080+0000] {dag.py:3722} INFO - Setting next_dagrun for example_branch_labels to 2024-04-13T00:00:00+00:00, run_after=2024-04-14T00:00:00+00:00
[2024-04-14T15:23:45.088+0000] {processor.py:179} INFO - Processing /home/airflow/.local/lib/python3.10/site-packages/airflow/example_dags/example_branch_labels.py took 0.041 seconds
[2024-04-14T15:24:15.865+0000] {processor.py:157} INFO - Started process (PID=1612) to work on /home/airflow/.local/lib/python3.10/site-packages/airflow/example_dags/example_branch_labels.py
[2024-04-14T15:24:15.865+0000] {processor.py:829} INFO - Processing file /home/airflow/.local/lib/python3.10/site-packages/airflow/example_dags/example_branch_labels.py for tasks to queue
[2024-04-14T15:24:15.866+0000] {logging_mixin.py:154} INFO - [2024-04-14T15:24:15.866+0000] {dagbag.py:536} INFO - Filling up the DagBag from /home/airflow/.local/lib/python3.10/site-packages/airflow/example_dags/example_branch_labels.py
[2024-04-14T15:24:15.871+0000] {processor.py:839} INFO - DAG(s) dict_keys(['example_branch_labels']) retrieved from /home/airflow/.local/lib/python3.10/site-packages/airflow/example_dags/example_branch_labels.py
[2024-04-14T15:24:15.883+0000] {logging_mixin.py:154} INFO - [2024-04-14T15:24:15.883+0000] {dag.py:2941} INFO - Sync 1 DAGs
[2024-04-14T15:24:15.895+0000] {logging_mixin.py:154} INFO - [2024-04-14T15:24:15.895+0000] {dag.py:3722} INFO - Setting next_dagrun for example_branch_labels to 2024-04-13T00:00:00+00:00, run_after=2024-04-14T00:00:00+00:00
[2024-04-14T15:24:15.902+0000] {processor.py:179} INFO - Processing /home/airflow/.local/lib/python3.10/site-packages/airflow/example_dags/example_branch_labels.py took 0.040 seconds
[2024-04-14T15:24:46.622+0000] {processor.py:157} INFO - Started process (PID=1666) to work on /home/airflow/.local/lib/python3.10/site-packages/airflow/example_dags/example_branch_labels.py
[2024-04-14T15:24:46.623+0000] {processor.py:829} INFO - Processing file /home/airflow/.local/lib/python3.10/site-packages/airflow/example_dags/example_branch_labels.py for tasks to queue
[2024-04-14T15:24:46.624+0000] {logging_mixin.py:154} INFO - [2024-04-14T15:24:46.624+0000] {dagbag.py:536} INFO - Filling up the DagBag from /home/airflow/.local/lib/python3.10/site-packages/airflow/example_dags/example_branch_labels.py
[2024-04-14T15:24:46.629+0000] {processor.py:839} INFO - DAG(s) dict_keys(['example_branch_labels']) retrieved from /home/airflow/.local/lib/python3.10/site-packages/airflow/example_dags/example_branch_labels.py
[2024-04-14T15:24:46.642+0000] {logging_mixin.py:154} INFO - [2024-04-14T15:24:46.642+0000] {dag.py:2941} INFO - Sync 1 DAGs
[2024-04-14T15:24:46.656+0000] {logging_mixin.py:154} INFO - [2024-04-14T15:24:46.655+0000] {dag.py:3722} INFO - Setting next_dagrun for example_branch_labels to 2024-04-13T00:00:00+00:00, run_after=2024-04-14T00:00:00+00:00
[2024-04-14T15:24:46.664+0000] {processor.py:179} INFO - Processing /home/airflow/.local/lib/python3.10/site-packages/airflow/example_dags/example_branch_labels.py took 0.044 seconds
[2024-04-14T15:25:17.296+0000] {processor.py:157} INFO - Started process (PID=1720) to work on /home/airflow/.local/lib/python3.10/site-packages/airflow/example_dags/example_branch_labels.py
[2024-04-14T15:25:17.296+0000] {processor.py:829} INFO - Processing file /home/airflow/.local/lib/python3.10/site-packages/airflow/example_dags/example_branch_labels.py for tasks to queue
[2024-04-14T15:25:17.297+0000] {logging_mixin.py:154} INFO - [2024-04-14T15:25:17.297+0000] {dagbag.py:536} INFO - Filling up the DagBag from /home/airflow/.local/lib/python3.10/site-packages/airflow/example_dags/example_branch_labels.py
[2024-04-14T15:25:17.302+0000] {processor.py:839} INFO - DAG(s) dict_keys(['example_branch_labels']) retrieved from /home/airflow/.local/lib/python3.10/site-packages/airflow/example_dags/example_branch_labels.py
[2024-04-14T15:25:17.313+0000] {logging_mixin.py:154} INFO - [2024-04-14T15:25:17.313+0000] {dag.py:2941} INFO - Sync 1 DAGs
[2024-04-14T15:25:17.325+0000] {logging_mixin.py:154} INFO - [2024-04-14T15:25:17.325+0000] {dag.py:3722} INFO - Setting next_dagrun for example_branch_labels to 2024-04-13T00:00:00+00:00, run_after=2024-04-14T00:00:00+00:00
[2024-04-14T15:25:17.333+0000] {processor.py:179} INFO - Processing /home/airflow/.local/lib/python3.10/site-packages/airflow/example_dags/example_branch_labels.py took 0.040 seconds
[2024-04-14T15:25:48.034+0000] {processor.py:157} INFO - Started process (PID=1774) to work on /home/airflow/.local/lib/python3.10/site-packages/airflow/example_dags/example_branch_labels.py
[2024-04-14T15:25:48.035+0000] {processor.py:829} INFO - Processing file /home/airflow/.local/lib/python3.10/site-packages/airflow/example_dags/example_branch_labels.py for tasks to queue
[2024-04-14T15:25:48.036+0000] {logging_mixin.py:154} INFO - [2024-04-14T15:25:48.036+0000] {dagbag.py:536} INFO - Filling up the DagBag from /home/airflow/.local/lib/python3.10/site-packages/airflow/example_dags/example_branch_labels.py
[2024-04-14T15:25:48.041+0000] {processor.py:839} INFO - DAG(s) dict_keys(['example_branch_labels']) retrieved from /home/airflow/.local/lib/python3.10/site-packages/airflow/example_dags/example_branch_labels.py
[2024-04-14T15:25:48.053+0000] {logging_mixin.py:154} INFO - [2024-04-14T15:25:48.053+0000] {dag.py:2941} INFO - Sync 1 DAGs
[2024-04-14T15:25:48.066+0000] {logging_mixin.py:154} INFO - [2024-04-14T15:25:48.066+0000] {dag.py:3722} INFO - Setting next_dagrun for example_branch_labels to 2024-04-13T00:00:00+00:00, run_after=2024-04-14T00:00:00+00:00
[2024-04-14T15:25:48.076+0000] {processor.py:179} INFO - Processing /home/airflow/.local/lib/python3.10/site-packages/airflow/example_dags/example_branch_labels.py took 0.043 seconds
[2024-04-14T15:26:18.779+0000] {processor.py:157} INFO - Started process (PID=1828) to work on /home/airflow/.local/lib/python3.10/site-packages/airflow/example_dags/example_branch_labels.py
[2024-04-14T15:26:18.779+0000] {processor.py:829} INFO - Processing file /home/airflow/.local/lib/python3.10/site-packages/airflow/example_dags/example_branch_labels.py for tasks to queue
[2024-04-14T15:26:18.780+0000] {logging_mixin.py:154} INFO - [2024-04-14T15:26:18.780+0000] {dagbag.py:536} INFO - Filling up the DagBag from /home/airflow/.local/lib/python3.10/site-packages/airflow/example_dags/example_branch_labels.py
[2024-04-14T15:26:18.785+0000] {processor.py:839} INFO - DAG(s) dict_keys(['example_branch_labels']) retrieved from /home/airflow/.local/lib/python3.10/site-packages/airflow/example_dags/example_branch_labels.py
[2024-04-14T15:26:18.799+0000] {logging_mixin.py:154} INFO - [2024-04-14T15:26:18.798+0000] {dag.py:2941} INFO - Sync 1 DAGs
[2024-04-14T15:26:18.811+0000] {logging_mixin.py:154} INFO - [2024-04-14T15:26:18.811+0000] {dag.py:3722} INFO - Setting next_dagrun for example_branch_labels to 2024-04-13T00:00:00+00:00, run_after=2024-04-14T00:00:00+00:00
[2024-04-14T15:26:18.820+0000] {processor.py:179} INFO - Processing /home/airflow/.local/lib/python3.10/site-packages/airflow/example_dags/example_branch_labels.py took 0.043 seconds
[2024-04-14T15:26:49.478+0000] {processor.py:157} INFO - Started process (PID=1882) to work on /home/airflow/.local/lib/python3.10/site-packages/airflow/example_dags/example_branch_labels.py
[2024-04-14T15:26:49.479+0000] {processor.py:829} INFO - Processing file /home/airflow/.local/lib/python3.10/site-packages/airflow/example_dags/example_branch_labels.py for tasks to queue
[2024-04-14T15:26:49.480+0000] {logging_mixin.py:154} INFO - [2024-04-14T15:26:49.479+0000] {dagbag.py:536} INFO - Filling up the DagBag from /home/airflow/.local/lib/python3.10/site-packages/airflow/example_dags/example_branch_labels.py
[2024-04-14T15:26:49.485+0000] {processor.py:839} INFO - DAG(s) dict_keys(['example_branch_labels']) retrieved from /home/airflow/.local/lib/python3.10/site-packages/airflow/example_dags/example_branch_labels.py
[2024-04-14T15:26:49.500+0000] {logging_mixin.py:154} INFO - [2024-04-14T15:26:49.500+0000] {dag.py:2941} INFO - Sync 1 DAGs
[2024-04-14T15:26:49.514+0000] {logging_mixin.py:154} INFO - [2024-04-14T15:26:49.514+0000] {dag.py:3722} INFO - Setting next_dagrun for example_branch_labels to 2024-04-13T00:00:00+00:00, run_after=2024-04-14T00:00:00+00:00
[2024-04-14T15:26:49.523+0000] {processor.py:179} INFO - Processing /home/airflow/.local/lib/python3.10/site-packages/airflow/example_dags/example_branch_labels.py took 0.047 seconds
[2024-04-14T15:27:20.230+0000] {processor.py:157} INFO - Started process (PID=1943) to work on /home/airflow/.local/lib/python3.10/site-packages/airflow/example_dags/example_branch_labels.py
[2024-04-14T15:27:20.230+0000] {processor.py:829} INFO - Processing file /home/airflow/.local/lib/python3.10/site-packages/airflow/example_dags/example_branch_labels.py for tasks to queue
[2024-04-14T15:27:20.232+0000] {logging_mixin.py:154} INFO - [2024-04-14T15:27:20.231+0000] {dagbag.py:536} INFO - Filling up the DagBag from /home/airflow/.local/lib/python3.10/site-packages/airflow/example_dags/example_branch_labels.py
[2024-04-14T15:27:20.236+0000] {processor.py:839} INFO - DAG(s) dict_keys(['example_branch_labels']) retrieved from /home/airflow/.local/lib/python3.10/site-packages/airflow/example_dags/example_branch_labels.py
[2024-04-14T15:27:20.250+0000] {logging_mixin.py:154} INFO - [2024-04-14T15:27:20.250+0000] {dag.py:2941} INFO - Sync 1 DAGs
[2024-04-14T15:27:20.263+0000] {logging_mixin.py:154} INFO - [2024-04-14T15:27:20.263+0000] {dag.py:3722} INFO - Setting next_dagrun for example_branch_labels to 2024-04-13T00:00:00+00:00, run_after=2024-04-14T00:00:00+00:00
[2024-04-14T15:27:20.272+0000] {processor.py:179} INFO - Processing /home/airflow/.local/lib/python3.10/site-packages/airflow/example_dags/example_branch_labels.py took 0.044 seconds
[2024-04-14T15:27:50.974+0000] {processor.py:157} INFO - Started process (PID=1997) to work on /home/airflow/.local/lib/python3.10/site-packages/airflow/example_dags/example_branch_labels.py
[2024-04-14T15:27:50.975+0000] {processor.py:829} INFO - Processing file /home/airflow/.local/lib/python3.10/site-packages/airflow/example_dags/example_branch_labels.py for tasks to queue
[2024-04-14T15:27:50.976+0000] {logging_mixin.py:154} INFO - [2024-04-14T15:27:50.976+0000] {dagbag.py:536} INFO - Filling up the DagBag from /home/airflow/.local/lib/python3.10/site-packages/airflow/example_dags/example_branch_labels.py
[2024-04-14T15:27:50.981+0000] {processor.py:839} INFO - DAG(s) dict_keys(['example_branch_labels']) retrieved from /home/airflow/.local/lib/python3.10/site-packages/airflow/example_dags/example_branch_labels.py
[2024-04-14T15:27:50.994+0000] {logging_mixin.py:154} INFO - [2024-04-14T15:27:50.994+0000] {dag.py:2941} INFO - Sync 1 DAGs
[2024-04-14T15:27:51.007+0000] {logging_mixin.py:154} INFO - [2024-04-14T15:27:51.007+0000] {dag.py:3722} INFO - Setting next_dagrun for example_branch_labels to 2024-04-13T00:00:00+00:00, run_after=2024-04-14T00:00:00+00:00
[2024-04-14T15:27:51.016+0000] {processor.py:179} INFO - Processing /home/airflow/.local/lib/python3.10/site-packages/airflow/example_dags/example_branch_labels.py took 0.044 seconds
[2024-04-14T15:28:21.747+0000] {processor.py:157} INFO - Started process (PID=2051) to work on /home/airflow/.local/lib/python3.10/site-packages/airflow/example_dags/example_branch_labels.py
[2024-04-14T15:28:21.747+0000] {processor.py:829} INFO - Processing file /home/airflow/.local/lib/python3.10/site-packages/airflow/example_dags/example_branch_labels.py for tasks to queue
[2024-04-14T15:28:21.749+0000] {logging_mixin.py:154} INFO - [2024-04-14T15:28:21.748+0000] {dagbag.py:536} INFO - Filling up the DagBag from /home/airflow/.local/lib/python3.10/site-packages/airflow/example_dags/example_branch_labels.py
[2024-04-14T15:28:21.754+0000] {processor.py:839} INFO - DAG(s) dict_keys(['example_branch_labels']) retrieved from /home/airflow/.local/lib/python3.10/site-packages/airflow/example_dags/example_branch_labels.py
[2024-04-14T15:28:21.767+0000] {logging_mixin.py:154} INFO - [2024-04-14T15:28:21.767+0000] {dag.py:2941} INFO - Sync 1 DAGs
[2024-04-14T15:28:21.780+0000] {logging_mixin.py:154} INFO - [2024-04-14T15:28:21.780+0000] {dag.py:3722} INFO - Setting next_dagrun for example_branch_labels to 2024-04-13T00:00:00+00:00, run_after=2024-04-14T00:00:00+00:00
[2024-04-14T15:28:21.789+0000] {processor.py:179} INFO - Processing /home/airflow/.local/lib/python3.10/site-packages/airflow/example_dags/example_branch_labels.py took 0.044 seconds
[2024-04-14T15:28:52.440+0000] {processor.py:157} INFO - Started process (PID=2105) to work on /home/airflow/.local/lib/python3.10/site-packages/airflow/example_dags/example_branch_labels.py
[2024-04-14T15:28:52.440+0000] {processor.py:829} INFO - Processing file /home/airflow/.local/lib/python3.10/site-packages/airflow/example_dags/example_branch_labels.py for tasks to queue
[2024-04-14T15:28:52.441+0000] {logging_mixin.py:154} INFO - [2024-04-14T15:28:52.441+0000] {dagbag.py:536} INFO - Filling up the DagBag from /home/airflow/.local/lib/python3.10/site-packages/airflow/example_dags/example_branch_labels.py
[2024-04-14T15:28:52.447+0000] {processor.py:839} INFO - DAG(s) dict_keys(['example_branch_labels']) retrieved from /home/airflow/.local/lib/python3.10/site-packages/airflow/example_dags/example_branch_labels.py
[2024-04-14T15:28:52.460+0000] {logging_mixin.py:154} INFO - [2024-04-14T15:28:52.460+0000] {dag.py:2941} INFO - Sync 1 DAGs
[2024-04-14T15:28:52.474+0000] {logging_mixin.py:154} INFO - [2024-04-14T15:28:52.473+0000] {dag.py:3722} INFO - Setting next_dagrun for example_branch_labels to 2024-04-13T00:00:00+00:00, run_after=2024-04-14T00:00:00+00:00
[2024-04-14T15:28:52.484+0000] {processor.py:179} INFO - Processing /home/airflow/.local/lib/python3.10/site-packages/airflow/example_dags/example_branch_labels.py took 0.047 seconds
[2024-04-14T15:29:23.121+0000] {processor.py:157} INFO - Started process (PID=2159) to work on /home/airflow/.local/lib/python3.10/site-packages/airflow/example_dags/example_branch_labels.py
[2024-04-14T15:29:23.121+0000] {processor.py:829} INFO - Processing file /home/airflow/.local/lib/python3.10/site-packages/airflow/example_dags/example_branch_labels.py for tasks to queue
[2024-04-14T15:29:23.122+0000] {logging_mixin.py:154} INFO - [2024-04-14T15:29:23.122+0000] {dagbag.py:536} INFO - Filling up the DagBag from /home/airflow/.local/lib/python3.10/site-packages/airflow/example_dags/example_branch_labels.py
[2024-04-14T15:29:23.127+0000] {processor.py:839} INFO - DAG(s) dict_keys(['example_branch_labels']) retrieved from /home/airflow/.local/lib/python3.10/site-packages/airflow/example_dags/example_branch_labels.py
[2024-04-14T15:29:23.140+0000] {logging_mixin.py:154} INFO - [2024-04-14T15:29:23.140+0000] {dag.py:2941} INFO - Sync 1 DAGs
[2024-04-14T15:29:23.156+0000] {logging_mixin.py:154} INFO - [2024-04-14T15:29:23.156+0000] {dag.py:3722} INFO - Setting next_dagrun for example_branch_labels to 2024-04-13T00:00:00+00:00, run_after=2024-04-14T00:00:00+00:00
[2024-04-14T15:29:23.166+0000] {processor.py:179} INFO - Processing /home/airflow/.local/lib/python3.10/site-packages/airflow/example_dags/example_branch_labels.py took 0.048 seconds
[2024-04-14T15:29:54.040+0000] {processor.py:157} INFO - Started process (PID=2213) to work on /home/airflow/.local/lib/python3.10/site-packages/airflow/example_dags/example_branch_labels.py
[2024-04-14T15:29:54.041+0000] {processor.py:829} INFO - Processing file /home/airflow/.local/lib/python3.10/site-packages/airflow/example_dags/example_branch_labels.py for tasks to queue
[2024-04-14T15:29:54.042+0000] {logging_mixin.py:154} INFO - [2024-04-14T15:29:54.042+0000] {dagbag.py:536} INFO - Filling up the DagBag from /home/airflow/.local/lib/python3.10/site-packages/airflow/example_dags/example_branch_labels.py
[2024-04-14T15:29:54.047+0000] {processor.py:839} INFO - DAG(s) dict_keys(['example_branch_labels']) retrieved from /home/airflow/.local/lib/python3.10/site-packages/airflow/example_dags/example_branch_labels.py
[2024-04-14T15:29:54.060+0000] {logging_mixin.py:154} INFO - [2024-04-14T15:29:54.059+0000] {dag.py:2941} INFO - Sync 1 DAGs
[2024-04-14T15:29:54.072+0000] {logging_mixin.py:154} INFO - [2024-04-14T15:29:54.072+0000] {dag.py:3722} INFO - Setting next_dagrun for example_branch_labels to 2024-04-13T00:00:00+00:00, run_after=2024-04-14T00:00:00+00:00
[2024-04-14T15:29:54.081+0000] {processor.py:179} INFO - Processing /home/airflow/.local/lib/python3.10/site-packages/airflow/example_dags/example_branch_labels.py took 0.043 seconds
[2024-04-14T15:30:24.709+0000] {processor.py:157} INFO - Started process (PID=2267) to work on /home/airflow/.local/lib/python3.10/site-packages/airflow/example_dags/example_branch_labels.py
[2024-04-14T15:30:24.709+0000] {processor.py:829} INFO - Processing file /home/airflow/.local/lib/python3.10/site-packages/airflow/example_dags/example_branch_labels.py for tasks to queue
[2024-04-14T15:30:24.710+0000] {logging_mixin.py:154} INFO - [2024-04-14T15:30:24.710+0000] {dagbag.py:536} INFO - Filling up the DagBag from /home/airflow/.local/lib/python3.10/site-packages/airflow/example_dags/example_branch_labels.py
[2024-04-14T15:30:24.715+0000] {processor.py:839} INFO - DAG(s) dict_keys(['example_branch_labels']) retrieved from /home/airflow/.local/lib/python3.10/site-packages/airflow/example_dags/example_branch_labels.py
[2024-04-14T15:30:24.727+0000] {logging_mixin.py:154} INFO - [2024-04-14T15:30:24.727+0000] {dag.py:2941} INFO - Sync 1 DAGs
[2024-04-14T15:30:24.739+0000] {logging_mixin.py:154} INFO - [2024-04-14T15:30:24.739+0000] {dag.py:3722} INFO - Setting next_dagrun for example_branch_labels to 2024-04-13T00:00:00+00:00, run_after=2024-04-14T00:00:00+00:00
[2024-04-14T15:30:24.748+0000] {processor.py:179} INFO - Processing /home/airflow/.local/lib/python3.10/site-packages/airflow/example_dags/example_branch_labels.py took 0.041 seconds
[2024-04-14T15:30:55.488+0000] {processor.py:157} INFO - Started process (PID=2321) to work on /home/airflow/.local/lib/python3.10/site-packages/airflow/example_dags/example_branch_labels.py
[2024-04-14T15:30:55.489+0000] {processor.py:829} INFO - Processing file /home/airflow/.local/lib/python3.10/site-packages/airflow/example_dags/example_branch_labels.py for tasks to queue
[2024-04-14T15:30:55.490+0000] {logging_mixin.py:154} INFO - [2024-04-14T15:30:55.490+0000] {dagbag.py:536} INFO - Filling up the DagBag from /home/airflow/.local/lib/python3.10/site-packages/airflow/example_dags/example_branch_labels.py
[2024-04-14T15:30:55.494+0000] {processor.py:839} INFO - DAG(s) dict_keys(['example_branch_labels']) retrieved from /home/airflow/.local/lib/python3.10/site-packages/airflow/example_dags/example_branch_labels.py
[2024-04-14T15:30:55.507+0000] {logging_mixin.py:154} INFO - [2024-04-14T15:30:55.507+0000] {dag.py:2941} INFO - Sync 1 DAGs
[2024-04-14T15:30:55.520+0000] {logging_mixin.py:154} INFO - [2024-04-14T15:30:55.520+0000] {dag.py:3722} INFO - Setting next_dagrun for example_branch_labels to 2024-04-13T00:00:00+00:00, run_after=2024-04-14T00:00:00+00:00
[2024-04-14T15:30:55.528+0000] {processor.py:179} INFO - Processing /home/airflow/.local/lib/python3.10/site-packages/airflow/example_dags/example_branch_labels.py took 0.041 seconds
[2024-04-14T15:31:26.145+0000] {processor.py:157} INFO - Started process (PID=2375) to work on /home/airflow/.local/lib/python3.10/site-packages/airflow/example_dags/example_branch_labels.py
[2024-04-14T15:31:26.145+0000] {processor.py:829} INFO - Processing file /home/airflow/.local/lib/python3.10/site-packages/airflow/example_dags/example_branch_labels.py for tasks to queue
[2024-04-14T15:31:26.146+0000] {logging_mixin.py:154} INFO - [2024-04-14T15:31:26.146+0000] {dagbag.py:536} INFO - Filling up the DagBag from /home/airflow/.local/lib/python3.10/site-packages/airflow/example_dags/example_branch_labels.py
[2024-04-14T15:31:26.151+0000] {processor.py:839} INFO - DAG(s) dict_keys(['example_branch_labels']) retrieved from /home/airflow/.local/lib/python3.10/site-packages/airflow/example_dags/example_branch_labels.py
[2024-04-14T15:31:26.164+0000] {logging_mixin.py:154} INFO - [2024-04-14T15:31:26.164+0000] {dag.py:2941} INFO - Sync 1 DAGs
[2024-04-14T15:31:26.177+0000] {logging_mixin.py:154} INFO - [2024-04-14T15:31:26.176+0000] {dag.py:3722} INFO - Setting next_dagrun for example_branch_labels to 2024-04-13T00:00:00+00:00, run_after=2024-04-14T00:00:00+00:00
[2024-04-14T15:31:26.185+0000] {processor.py:179} INFO - Processing /home/airflow/.local/lib/python3.10/site-packages/airflow/example_dags/example_branch_labels.py took 0.042 seconds
[2024-04-14T15:31:56.878+0000] {processor.py:157} INFO - Started process (PID=2429) to work on /home/airflow/.local/lib/python3.10/site-packages/airflow/example_dags/example_branch_labels.py
[2024-04-14T15:31:56.878+0000] {processor.py:829} INFO - Processing file /home/airflow/.local/lib/python3.10/site-packages/airflow/example_dags/example_branch_labels.py for tasks to queue
[2024-04-14T15:31:56.879+0000] {logging_mixin.py:154} INFO - [2024-04-14T15:31:56.879+0000] {dagbag.py:536} INFO - Filling up the DagBag from /home/airflow/.local/lib/python3.10/site-packages/airflow/example_dags/example_branch_labels.py
[2024-04-14T15:31:56.884+0000] {processor.py:839} INFO - DAG(s) dict_keys(['example_branch_labels']) retrieved from /home/airflow/.local/lib/python3.10/site-packages/airflow/example_dags/example_branch_labels.py
[2024-04-14T15:31:56.896+0000] {logging_mixin.py:154} INFO - [2024-04-14T15:31:56.896+0000] {dag.py:2941} INFO - Sync 1 DAGs
[2024-04-14T15:31:56.908+0000] {logging_mixin.py:154} INFO - [2024-04-14T15:31:56.908+0000] {dag.py:3722} INFO - Setting next_dagrun for example_branch_labels to 2024-04-13T00:00:00+00:00, run_after=2024-04-14T00:00:00+00:00
[2024-04-14T15:31:56.916+0000] {processor.py:179} INFO - Processing /home/airflow/.local/lib/python3.10/site-packages/airflow/example_dags/example_branch_labels.py took 0.040 seconds
[2024-04-14T15:32:27.549+0000] {processor.py:157} INFO - Started process (PID=2483) to work on /home/airflow/.local/lib/python3.10/site-packages/airflow/example_dags/example_branch_labels.py
[2024-04-14T15:32:27.550+0000] {processor.py:829} INFO - Processing file /home/airflow/.local/lib/python3.10/site-packages/airflow/example_dags/example_branch_labels.py for tasks to queue
[2024-04-14T15:32:27.551+0000] {logging_mixin.py:154} INFO - [2024-04-14T15:32:27.551+0000] {dagbag.py:536} INFO - Filling up the DagBag from /home/airflow/.local/lib/python3.10/site-packages/airflow/example_dags/example_branch_labels.py
[2024-04-14T15:32:27.556+0000] {processor.py:839} INFO - DAG(s) dict_keys(['example_branch_labels']) retrieved from /home/airflow/.local/lib/python3.10/site-packages/airflow/example_dags/example_branch_labels.py
[2024-04-14T15:32:27.573+0000] {logging_mixin.py:154} INFO - [2024-04-14T15:32:27.573+0000] {dag.py:2941} INFO - Sync 1 DAGs
[2024-04-14T15:32:27.590+0000] {logging_mixin.py:154} INFO - [2024-04-14T15:32:27.590+0000] {dag.py:3722} INFO - Setting next_dagrun for example_branch_labels to 2024-04-13T00:00:00+00:00, run_after=2024-04-14T00:00:00+00:00
[2024-04-14T15:32:27.602+0000] {processor.py:179} INFO - Processing /home/airflow/.local/lib/python3.10/site-packages/airflow/example_dags/example_branch_labels.py took 0.055 seconds
[2024-04-14T15:32:58.298+0000] {processor.py:157} INFO - Started process (PID=2537) to work on /home/airflow/.local/lib/python3.10/site-packages/airflow/example_dags/example_branch_labels.py
[2024-04-14T15:32:58.299+0000] {processor.py:829} INFO - Processing file /home/airflow/.local/lib/python3.10/site-packages/airflow/example_dags/example_branch_labels.py for tasks to queue
[2024-04-14T15:32:58.300+0000] {logging_mixin.py:154} INFO - [2024-04-14T15:32:58.300+0000] {dagbag.py:536} INFO - Filling up the DagBag from /home/airflow/.local/lib/python3.10/site-packages/airflow/example_dags/example_branch_labels.py
[2024-04-14T15:32:58.305+0000] {processor.py:839} INFO - DAG(s) dict_keys(['example_branch_labels']) retrieved from /home/airflow/.local/lib/python3.10/site-packages/airflow/example_dags/example_branch_labels.py
[2024-04-14T15:32:58.317+0000] {logging_mixin.py:154} INFO - [2024-04-14T15:32:58.317+0000] {dag.py:2941} INFO - Sync 1 DAGs
[2024-04-14T15:32:58.329+0000] {logging_mixin.py:154} INFO - [2024-04-14T15:32:58.329+0000] {dag.py:3722} INFO - Setting next_dagrun for example_branch_labels to 2024-04-13T00:00:00+00:00, run_after=2024-04-14T00:00:00+00:00
[2024-04-14T15:32:58.338+0000] {processor.py:179} INFO - Processing /home/airflow/.local/lib/python3.10/site-packages/airflow/example_dags/example_branch_labels.py took 0.042 seconds
[2024-04-14T15:33:28.964+0000] {processor.py:157} INFO - Started process (PID=2591) to work on /home/airflow/.local/lib/python3.10/site-packages/airflow/example_dags/example_branch_labels.py
[2024-04-14T15:33:28.964+0000] {processor.py:829} INFO - Processing file /home/airflow/.local/lib/python3.10/site-packages/airflow/example_dags/example_branch_labels.py for tasks to queue
[2024-04-14T15:33:28.965+0000] {logging_mixin.py:154} INFO - [2024-04-14T15:33:28.965+0000] {dagbag.py:536} INFO - Filling up the DagBag from /home/airflow/.local/lib/python3.10/site-packages/airflow/example_dags/example_branch_labels.py
[2024-04-14T15:33:28.973+0000] {processor.py:839} INFO - DAG(s) dict_keys(['example_branch_labels']) retrieved from /home/airflow/.local/lib/python3.10/site-packages/airflow/example_dags/example_branch_labels.py
[2024-04-14T15:33:28.995+0000] {logging_mixin.py:154} INFO - [2024-04-14T15:33:28.995+0000] {dag.py:2941} INFO - Sync 1 DAGs
[2024-04-14T15:33:29.008+0000] {logging_mixin.py:154} INFO - [2024-04-14T15:33:29.008+0000] {dag.py:3722} INFO - Setting next_dagrun for example_branch_labels to 2024-04-13T00:00:00+00:00, run_after=2024-04-14T00:00:00+00:00
[2024-04-14T15:33:29.017+0000] {processor.py:179} INFO - Processing /home/airflow/.local/lib/python3.10/site-packages/airflow/example_dags/example_branch_labels.py took 0.055 seconds
[2024-04-14T15:33:59.623+0000] {processor.py:157} INFO - Started process (PID=2645) to work on /home/airflow/.local/lib/python3.10/site-packages/airflow/example_dags/example_branch_labels.py
[2024-04-14T15:33:59.624+0000] {processor.py:829} INFO - Processing file /home/airflow/.local/lib/python3.10/site-packages/airflow/example_dags/example_branch_labels.py for tasks to queue
[2024-04-14T15:33:59.625+0000] {logging_mixin.py:154} INFO - [2024-04-14T15:33:59.625+0000] {dagbag.py:536} INFO - Filling up the DagBag from /home/airflow/.local/lib/python3.10/site-packages/airflow/example_dags/example_branch_labels.py
[2024-04-14T15:33:59.630+0000] {processor.py:839} INFO - DAG(s) dict_keys(['example_branch_labels']) retrieved from /home/airflow/.local/lib/python3.10/site-packages/airflow/example_dags/example_branch_labels.py
[2024-04-14T15:33:59.643+0000] {logging_mixin.py:154} INFO - [2024-04-14T15:33:59.643+0000] {dag.py:2941} INFO - Sync 1 DAGs
[2024-04-14T15:33:59.656+0000] {logging_mixin.py:154} INFO - [2024-04-14T15:33:59.656+0000] {dag.py:3722} INFO - Setting next_dagrun for example_branch_labels to 2024-04-13T00:00:00+00:00, run_after=2024-04-14T00:00:00+00:00
[2024-04-14T15:33:59.665+0000] {processor.py:179} INFO - Processing /home/airflow/.local/lib/python3.10/site-packages/airflow/example_dags/example_branch_labels.py took 0.044 seconds
[2024-04-14T15:34:30.291+0000] {processor.py:157} INFO - Started process (PID=2699) to work on /home/airflow/.local/lib/python3.10/site-packages/airflow/example_dags/example_branch_labels.py
[2024-04-14T15:34:30.291+0000] {processor.py:829} INFO - Processing file /home/airflow/.local/lib/python3.10/site-packages/airflow/example_dags/example_branch_labels.py for tasks to queue
[2024-04-14T15:34:30.292+0000] {logging_mixin.py:154} INFO - [2024-04-14T15:34:30.292+0000] {dagbag.py:536} INFO - Filling up the DagBag from /home/airflow/.local/lib/python3.10/site-packages/airflow/example_dags/example_branch_labels.py
[2024-04-14T15:34:30.297+0000] {processor.py:839} INFO - DAG(s) dict_keys(['example_branch_labels']) retrieved from /home/airflow/.local/lib/python3.10/site-packages/airflow/example_dags/example_branch_labels.py
[2024-04-14T15:34:30.309+0000] {logging_mixin.py:154} INFO - [2024-04-14T15:34:30.309+0000] {dag.py:2941} INFO - Sync 1 DAGs
[2024-04-14T15:34:30.321+0000] {logging_mixin.py:154} INFO - [2024-04-14T15:34:30.321+0000] {dag.py:3722} INFO - Setting next_dagrun for example_branch_labels to 2024-04-13T00:00:00+00:00, run_after=2024-04-14T00:00:00+00:00
[2024-04-14T15:34:30.328+0000] {processor.py:179} INFO - Processing /home/airflow/.local/lib/python3.10/site-packages/airflow/example_dags/example_branch_labels.py took 0.040 seconds
[2024-04-14T15:35:00.936+0000] {processor.py:157} INFO - Started process (PID=2753) to work on /home/airflow/.local/lib/python3.10/site-packages/airflow/example_dags/example_branch_labels.py
[2024-04-14T15:35:00.937+0000] {processor.py:829} INFO - Processing file /home/airflow/.local/lib/python3.10/site-packages/airflow/example_dags/example_branch_labels.py for tasks to queue
[2024-04-14T15:35:00.938+0000] {logging_mixin.py:154} INFO - [2024-04-14T15:35:00.938+0000] {dagbag.py:536} INFO - Filling up the DagBag from /home/airflow/.local/lib/python3.10/site-packages/airflow/example_dags/example_branch_labels.py
[2024-04-14T15:35:00.943+0000] {processor.py:839} INFO - DAG(s) dict_keys(['example_branch_labels']) retrieved from /home/airflow/.local/lib/python3.10/site-packages/airflow/example_dags/example_branch_labels.py
[2024-04-14T15:35:00.955+0000] {logging_mixin.py:154} INFO - [2024-04-14T15:35:00.955+0000] {dag.py:2941} INFO - Sync 1 DAGs
[2024-04-14T15:35:00.969+0000] {logging_mixin.py:154} INFO - [2024-04-14T15:35:00.969+0000] {dag.py:3722} INFO - Setting next_dagrun for example_branch_labels to 2024-04-13T00:00:00+00:00, run_after=2024-04-14T00:00:00+00:00
[2024-04-14T15:35:00.977+0000] {processor.py:179} INFO - Processing /home/airflow/.local/lib/python3.10/site-packages/airflow/example_dags/example_branch_labels.py took 0.044 seconds
[2024-04-14T15:35:31.638+0000] {processor.py:157} INFO - Started process (PID=2807) to work on /home/airflow/.local/lib/python3.10/site-packages/airflow/example_dags/example_branch_labels.py
[2024-04-14T15:35:31.639+0000] {processor.py:829} INFO - Processing file /home/airflow/.local/lib/python3.10/site-packages/airflow/example_dags/example_branch_labels.py for tasks to queue
[2024-04-14T15:35:31.640+0000] {logging_mixin.py:154} INFO - [2024-04-14T15:35:31.640+0000] {dagbag.py:536} INFO - Filling up the DagBag from /home/airflow/.local/lib/python3.10/site-packages/airflow/example_dags/example_branch_labels.py
[2024-04-14T15:35:31.645+0000] {processor.py:839} INFO - DAG(s) dict_keys(['example_branch_labels']) retrieved from /home/airflow/.local/lib/python3.10/site-packages/airflow/example_dags/example_branch_labels.py
[2024-04-14T15:35:31.661+0000] {logging_mixin.py:154} INFO - [2024-04-14T15:35:31.661+0000] {dag.py:2941} INFO - Sync 1 DAGs
[2024-04-14T15:35:31.677+0000] {logging_mixin.py:154} INFO - [2024-04-14T15:35:31.677+0000] {dag.py:3722} INFO - Setting next_dagrun for example_branch_labels to 2024-04-13T00:00:00+00:00, run_after=2024-04-14T00:00:00+00:00
[2024-04-14T15:35:31.686+0000] {processor.py:179} INFO - Processing /home/airflow/.local/lib/python3.10/site-packages/airflow/example_dags/example_branch_labels.py took 0.050 seconds
[2024-04-14T15:36:02.379+0000] {processor.py:157} INFO - Started process (PID=2861) to work on /home/airflow/.local/lib/python3.10/site-packages/airflow/example_dags/example_branch_labels.py
[2024-04-14T15:36:02.380+0000] {processor.py:829} INFO - Processing file /home/airflow/.local/lib/python3.10/site-packages/airflow/example_dags/example_branch_labels.py for tasks to queue
[2024-04-14T15:36:02.381+0000] {logging_mixin.py:154} INFO - [2024-04-14T15:36:02.381+0000] {dagbag.py:536} INFO - Filling up the DagBag from /home/airflow/.local/lib/python3.10/site-packages/airflow/example_dags/example_branch_labels.py
[2024-04-14T15:36:02.386+0000] {processor.py:839} INFO - DAG(s) dict_keys(['example_branch_labels']) retrieved from /home/airflow/.local/lib/python3.10/site-packages/airflow/example_dags/example_branch_labels.py
[2024-04-14T15:36:02.399+0000] {logging_mixin.py:154} INFO - [2024-04-14T15:36:02.398+0000] {dag.py:2941} INFO - Sync 1 DAGs
[2024-04-14T15:36:02.412+0000] {logging_mixin.py:154} INFO - [2024-04-14T15:36:02.411+0000] {dag.py:3722} INFO - Setting next_dagrun for example_branch_labels to 2024-04-13T00:00:00+00:00, run_after=2024-04-14T00:00:00+00:00
[2024-04-14T15:36:02.420+0000] {processor.py:179} INFO - Processing /home/airflow/.local/lib/python3.10/site-packages/airflow/example_dags/example_branch_labels.py took 0.043 seconds
[2024-04-14T15:36:33.110+0000] {processor.py:157} INFO - Started process (PID=2915) to work on /home/airflow/.local/lib/python3.10/site-packages/airflow/example_dags/example_branch_labels.py
[2024-04-14T15:36:33.111+0000] {processor.py:829} INFO - Processing file /home/airflow/.local/lib/python3.10/site-packages/airflow/example_dags/example_branch_labels.py for tasks to queue
[2024-04-14T15:36:33.112+0000] {logging_mixin.py:154} INFO - [2024-04-14T15:36:33.112+0000] {dagbag.py:536} INFO - Filling up the DagBag from /home/airflow/.local/lib/python3.10/site-packages/airflow/example_dags/example_branch_labels.py
[2024-04-14T15:36:33.116+0000] {processor.py:839} INFO - DAG(s) dict_keys(['example_branch_labels']) retrieved from /home/airflow/.local/lib/python3.10/site-packages/airflow/example_dags/example_branch_labels.py
[2024-04-14T15:36:33.129+0000] {logging_mixin.py:154} INFO - [2024-04-14T15:36:33.128+0000] {dag.py:2941} INFO - Sync 1 DAGs
[2024-04-14T15:36:33.141+0000] {logging_mixin.py:154} INFO - [2024-04-14T15:36:33.141+0000] {dag.py:3722} INFO - Setting next_dagrun for example_branch_labels to 2024-04-13T00:00:00+00:00, run_after=2024-04-14T00:00:00+00:00
[2024-04-14T15:36:33.150+0000] {processor.py:179} INFO - Processing /home/airflow/.local/lib/python3.10/site-packages/airflow/example_dags/example_branch_labels.py took 0.042 seconds
[2024-04-14T15:37:03.934+0000] {processor.py:157} INFO - Started process (PID=2969) to work on /home/airflow/.local/lib/python3.10/site-packages/airflow/example_dags/example_branch_labels.py
[2024-04-14T15:37:03.934+0000] {processor.py:829} INFO - Processing file /home/airflow/.local/lib/python3.10/site-packages/airflow/example_dags/example_branch_labels.py for tasks to queue
[2024-04-14T15:37:03.935+0000] {logging_mixin.py:154} INFO - [2024-04-14T15:37:03.935+0000] {dagbag.py:536} INFO - Filling up the DagBag from /home/airflow/.local/lib/python3.10/site-packages/airflow/example_dags/example_branch_labels.py
[2024-04-14T15:37:03.940+0000] {processor.py:839} INFO - DAG(s) dict_keys(['example_branch_labels']) retrieved from /home/airflow/.local/lib/python3.10/site-packages/airflow/example_dags/example_branch_labels.py
[2024-04-14T15:37:03.953+0000] {logging_mixin.py:154} INFO - [2024-04-14T15:37:03.953+0000] {dag.py:2941} INFO - Sync 1 DAGs
[2024-04-14T15:37:03.967+0000] {logging_mixin.py:154} INFO - [2024-04-14T15:37:03.966+0000] {dag.py:3722} INFO - Setting next_dagrun for example_branch_labels to 2024-04-13T00:00:00+00:00, run_after=2024-04-14T00:00:00+00:00
[2024-04-14T15:37:03.975+0000] {processor.py:179} INFO - Processing /home/airflow/.local/lib/python3.10/site-packages/airflow/example_dags/example_branch_labels.py took 0.044 seconds
[2024-04-14T15:37:34.679+0000] {processor.py:157} INFO - Started process (PID=3023) to work on /home/airflow/.local/lib/python3.10/site-packages/airflow/example_dags/example_branch_labels.py
[2024-04-14T15:37:34.680+0000] {processor.py:829} INFO - Processing file /home/airflow/.local/lib/python3.10/site-packages/airflow/example_dags/example_branch_labels.py for tasks to queue
[2024-04-14T15:37:34.681+0000] {logging_mixin.py:154} INFO - [2024-04-14T15:37:34.681+0000] {dagbag.py:536} INFO - Filling up the DagBag from /home/airflow/.local/lib/python3.10/site-packages/airflow/example_dags/example_branch_labels.py
[2024-04-14T15:37:34.687+0000] {processor.py:839} INFO - DAG(s) dict_keys(['example_branch_labels']) retrieved from /home/airflow/.local/lib/python3.10/site-packages/airflow/example_dags/example_branch_labels.py
[2024-04-14T15:37:34.702+0000] {logging_mixin.py:154} INFO - [2024-04-14T15:37:34.702+0000] {dag.py:2941} INFO - Sync 1 DAGs
[2024-04-14T15:37:34.715+0000] {logging_mixin.py:154} INFO - [2024-04-14T15:37:34.715+0000] {dag.py:3722} INFO - Setting next_dagrun for example_branch_labels to 2024-04-13T00:00:00+00:00, run_after=2024-04-14T00:00:00+00:00
[2024-04-14T15:37:34.724+0000] {processor.py:179} INFO - Processing /home/airflow/.local/lib/python3.10/site-packages/airflow/example_dags/example_branch_labels.py took 0.047 seconds
[2024-04-14T15:38:05.448+0000] {processor.py:157} INFO - Started process (PID=3077) to work on /home/airflow/.local/lib/python3.10/site-packages/airflow/example_dags/example_branch_labels.py
[2024-04-14T15:38:05.449+0000] {processor.py:829} INFO - Processing file /home/airflow/.local/lib/python3.10/site-packages/airflow/example_dags/example_branch_labels.py for tasks to queue
[2024-04-14T15:38:05.450+0000] {logging_mixin.py:154} INFO - [2024-04-14T15:38:05.449+0000] {dagbag.py:536} INFO - Filling up the DagBag from /home/airflow/.local/lib/python3.10/site-packages/airflow/example_dags/example_branch_labels.py
[2024-04-14T15:38:05.455+0000] {processor.py:839} INFO - DAG(s) dict_keys(['example_branch_labels']) retrieved from /home/airflow/.local/lib/python3.10/site-packages/airflow/example_dags/example_branch_labels.py
[2024-04-14T15:38:05.468+0000] {logging_mixin.py:154} INFO - [2024-04-14T15:38:05.468+0000] {dag.py:2941} INFO - Sync 1 DAGs
[2024-04-14T15:38:05.482+0000] {logging_mixin.py:154} INFO - [2024-04-14T15:38:05.482+0000] {dag.py:3722} INFO - Setting next_dagrun for example_branch_labels to 2024-04-13T00:00:00+00:00, run_after=2024-04-14T00:00:00+00:00
[2024-04-14T15:38:05.490+0000] {processor.py:179} INFO - Processing /home/airflow/.local/lib/python3.10/site-packages/airflow/example_dags/example_branch_labels.py took 0.045 seconds
[2024-04-14T15:38:36.303+0000] {processor.py:157} INFO - Started process (PID=3131) to work on /home/airflow/.local/lib/python3.10/site-packages/airflow/example_dags/example_branch_labels.py
[2024-04-14T15:38:36.303+0000] {processor.py:829} INFO - Processing file /home/airflow/.local/lib/python3.10/site-packages/airflow/example_dags/example_branch_labels.py for tasks to queue
[2024-04-14T15:38:36.304+0000] {logging_mixin.py:154} INFO - [2024-04-14T15:38:36.304+0000] {dagbag.py:536} INFO - Filling up the DagBag from /home/airflow/.local/lib/python3.10/site-packages/airflow/example_dags/example_branch_labels.py
[2024-04-14T15:38:36.309+0000] {processor.py:839} INFO - DAG(s) dict_keys(['example_branch_labels']) retrieved from /home/airflow/.local/lib/python3.10/site-packages/airflow/example_dags/example_branch_labels.py
[2024-04-14T15:38:36.322+0000] {logging_mixin.py:154} INFO - [2024-04-14T15:38:36.322+0000] {dag.py:2941} INFO - Sync 1 DAGs
[2024-04-14T15:38:36.335+0000] {logging_mixin.py:154} INFO - [2024-04-14T15:38:36.335+0000] {dag.py:3722} INFO - Setting next_dagrun for example_branch_labels to 2024-04-13T00:00:00+00:00, run_after=2024-04-14T00:00:00+00:00
[2024-04-14T15:38:36.344+0000] {processor.py:179} INFO - Processing /home/airflow/.local/lib/python3.10/site-packages/airflow/example_dags/example_branch_labels.py took 0.043 seconds
[2024-04-14T15:39:07.090+0000] {processor.py:157} INFO - Started process (PID=3185) to work on /home/airflow/.local/lib/python3.10/site-packages/airflow/example_dags/example_branch_labels.py
[2024-04-14T15:39:07.091+0000] {processor.py:829} INFO - Processing file /home/airflow/.local/lib/python3.10/site-packages/airflow/example_dags/example_branch_labels.py for tasks to queue
[2024-04-14T15:39:07.092+0000] {logging_mixin.py:154} INFO - [2024-04-14T15:39:07.092+0000] {dagbag.py:536} INFO - Filling up the DagBag from /home/airflow/.local/lib/python3.10/site-packages/airflow/example_dags/example_branch_labels.py
[2024-04-14T15:39:07.097+0000] {processor.py:839} INFO - DAG(s) dict_keys(['example_branch_labels']) retrieved from /home/airflow/.local/lib/python3.10/site-packages/airflow/example_dags/example_branch_labels.py
[2024-04-14T15:39:07.110+0000] {logging_mixin.py:154} INFO - [2024-04-14T15:39:07.110+0000] {dag.py:2941} INFO - Sync 1 DAGs
[2024-04-14T15:39:07.123+0000] {logging_mixin.py:154} INFO - [2024-04-14T15:39:07.123+0000] {dag.py:3722} INFO - Setting next_dagrun for example_branch_labels to 2024-04-13T00:00:00+00:00, run_after=2024-04-14T00:00:00+00:00
[2024-04-14T15:39:07.132+0000] {processor.py:179} INFO - Processing /home/airflow/.local/lib/python3.10/site-packages/airflow/example_dags/example_branch_labels.py took 0.045 seconds
[2024-04-14T15:39:38.083+0000] {processor.py:157} INFO - Started process (PID=3239) to work on /home/airflow/.local/lib/python3.10/site-packages/airflow/example_dags/example_branch_labels.py
[2024-04-14T15:39:38.083+0000] {processor.py:829} INFO - Processing file /home/airflow/.local/lib/python3.10/site-packages/airflow/example_dags/example_branch_labels.py for tasks to queue
[2024-04-14T15:39:38.085+0000] {logging_mixin.py:154} INFO - [2024-04-14T15:39:38.084+0000] {dagbag.py:536} INFO - Filling up the DagBag from /home/airflow/.local/lib/python3.10/site-packages/airflow/example_dags/example_branch_labels.py
[2024-04-14T15:39:38.090+0000] {processor.py:839} INFO - DAG(s) dict_keys(['example_branch_labels']) retrieved from /home/airflow/.local/lib/python3.10/site-packages/airflow/example_dags/example_branch_labels.py
[2024-04-14T15:39:38.103+0000] {logging_mixin.py:154} INFO - [2024-04-14T15:39:38.103+0000] {dag.py:2941} INFO - Sync 1 DAGs
[2024-04-14T15:39:38.116+0000] {logging_mixin.py:154} INFO - [2024-04-14T15:39:38.115+0000] {dag.py:3722} INFO - Setting next_dagrun for example_branch_labels to 2024-04-13T00:00:00+00:00, run_after=2024-04-14T00:00:00+00:00
[2024-04-14T15:39:38.124+0000] {processor.py:179} INFO - Processing /home/airflow/.local/lib/python3.10/site-packages/airflow/example_dags/example_branch_labels.py took 0.043 seconds
[2024-04-14T15:40:09.025+0000] {processor.py:157} INFO - Started process (PID=3293) to work on /home/airflow/.local/lib/python3.10/site-packages/airflow/example_dags/example_branch_labels.py
[2024-04-14T15:40:09.026+0000] {processor.py:829} INFO - Processing file /home/airflow/.local/lib/python3.10/site-packages/airflow/example_dags/example_branch_labels.py for tasks to queue
[2024-04-14T15:40:09.027+0000] {logging_mixin.py:154} INFO - [2024-04-14T15:40:09.027+0000] {dagbag.py:536} INFO - Filling up the DagBag from /home/airflow/.local/lib/python3.10/site-packages/airflow/example_dags/example_branch_labels.py
[2024-04-14T15:40:09.032+0000] {processor.py:839} INFO - DAG(s) dict_keys(['example_branch_labels']) retrieved from /home/airflow/.local/lib/python3.10/site-packages/airflow/example_dags/example_branch_labels.py
[2024-04-14T15:40:09.045+0000] {logging_mixin.py:154} INFO - [2024-04-14T15:40:09.044+0000] {dag.py:2941} INFO - Sync 1 DAGs
[2024-04-14T15:40:09.058+0000] {logging_mixin.py:154} INFO - [2024-04-14T15:40:09.058+0000] {dag.py:3722} INFO - Setting next_dagrun for example_branch_labels to 2024-04-13T00:00:00+00:00, run_after=2024-04-14T00:00:00+00:00
[2024-04-14T15:40:09.066+0000] {processor.py:179} INFO - Processing /home/airflow/.local/lib/python3.10/site-packages/airflow/example_dags/example_branch_labels.py took 0.043 seconds
[2024-04-14T15:41:09.929+0000] {processor.py:157} INFO - Started process (PID=46) to work on /home/airflow/.local/lib/python3.10/site-packages/airflow/example_dags/example_branch_labels.py
[2024-04-14T15:41:09.930+0000] {processor.py:829} INFO - Processing file /home/airflow/.local/lib/python3.10/site-packages/airflow/example_dags/example_branch_labels.py for tasks to queue
[2024-04-14T15:41:09.931+0000] {logging_mixin.py:154} INFO - [2024-04-14T15:41:09.931+0000] {dagbag.py:536} INFO - Filling up the DagBag from /home/airflow/.local/lib/python3.10/site-packages/airflow/example_dags/example_branch_labels.py
[2024-04-14T15:41:09.938+0000] {processor.py:839} INFO - DAG(s) dict_keys(['example_branch_labels']) retrieved from /home/airflow/.local/lib/python3.10/site-packages/airflow/example_dags/example_branch_labels.py
[2024-04-14T15:41:09.946+0000] {logging_mixin.py:154} INFO - [2024-04-14T15:41:09.945+0000] {dag.py:2941} INFO - Sync 1 DAGs
[2024-04-14T15:41:09.962+0000] {logging_mixin.py:154} INFO - [2024-04-14T15:41:09.962+0000] {dag.py:3722} INFO - Setting next_dagrun for example_branch_labels to 2024-04-13T00:00:00+00:00, run_after=2024-04-14T00:00:00+00:00
[2024-04-14T15:41:09.971+0000] {processor.py:179} INFO - Processing /home/airflow/.local/lib/python3.10/site-packages/airflow/example_dags/example_branch_labels.py took 0.044 seconds
[2024-04-14T15:41:40.493+0000] {processor.py:157} INFO - Started process (PID=100) to work on /home/airflow/.local/lib/python3.10/site-packages/airflow/example_dags/example_branch_labels.py
[2024-04-14T15:41:40.494+0000] {processor.py:829} INFO - Processing file /home/airflow/.local/lib/python3.10/site-packages/airflow/example_dags/example_branch_labels.py for tasks to queue
[2024-04-14T15:41:40.495+0000] {logging_mixin.py:154} INFO - [2024-04-14T15:41:40.495+0000] {dagbag.py:536} INFO - Filling up the DagBag from /home/airflow/.local/lib/python3.10/site-packages/airflow/example_dags/example_branch_labels.py
[2024-04-14T15:41:40.500+0000] {processor.py:839} INFO - DAG(s) dict_keys(['example_branch_labels']) retrieved from /home/airflow/.local/lib/python3.10/site-packages/airflow/example_dags/example_branch_labels.py
[2024-04-14T15:41:40.512+0000] {logging_mixin.py:154} INFO - [2024-04-14T15:41:40.512+0000] {dag.py:2941} INFO - Sync 1 DAGs
[2024-04-14T15:41:40.526+0000] {logging_mixin.py:154} INFO - [2024-04-14T15:41:40.525+0000] {dag.py:3722} INFO - Setting next_dagrun for example_branch_labels to 2024-04-13T00:00:00+00:00, run_after=2024-04-14T00:00:00+00:00
[2024-04-14T15:41:40.534+0000] {processor.py:179} INFO - Processing /home/airflow/.local/lib/python3.10/site-packages/airflow/example_dags/example_branch_labels.py took 0.043 seconds
[2024-04-14T15:42:11.091+0000] {processor.py:157} INFO - Started process (PID=154) to work on /home/airflow/.local/lib/python3.10/site-packages/airflow/example_dags/example_branch_labels.py
[2024-04-14T15:42:11.092+0000] {processor.py:829} INFO - Processing file /home/airflow/.local/lib/python3.10/site-packages/airflow/example_dags/example_branch_labels.py for tasks to queue
[2024-04-14T15:42:11.092+0000] {logging_mixin.py:154} INFO - [2024-04-14T15:42:11.092+0000] {dagbag.py:536} INFO - Filling up the DagBag from /home/airflow/.local/lib/python3.10/site-packages/airflow/example_dags/example_branch_labels.py
[2024-04-14T15:42:11.098+0000] {processor.py:839} INFO - DAG(s) dict_keys(['example_branch_labels']) retrieved from /home/airflow/.local/lib/python3.10/site-packages/airflow/example_dags/example_branch_labels.py
[2024-04-14T15:42:11.114+0000] {logging_mixin.py:154} INFO - [2024-04-14T15:42:11.114+0000] {dag.py:2941} INFO - Sync 1 DAGs
[2024-04-14T15:42:11.131+0000] {logging_mixin.py:154} INFO - [2024-04-14T15:42:11.131+0000] {dag.py:3722} INFO - Setting next_dagrun for example_branch_labels to 2024-04-13T00:00:00+00:00, run_after=2024-04-14T00:00:00+00:00
[2024-04-14T15:42:11.143+0000] {processor.py:179} INFO - Processing /home/airflow/.local/lib/python3.10/site-packages/airflow/example_dags/example_branch_labels.py took 0.054 seconds
[2024-04-14T15:42:41.849+0000] {processor.py:157} INFO - Started process (PID=208) to work on /home/airflow/.local/lib/python3.10/site-packages/airflow/example_dags/example_branch_labels.py
[2024-04-14T15:42:41.849+0000] {processor.py:829} INFO - Processing file /home/airflow/.local/lib/python3.10/site-packages/airflow/example_dags/example_branch_labels.py for tasks to queue
[2024-04-14T15:42:41.850+0000] {logging_mixin.py:154} INFO - [2024-04-14T15:42:41.849+0000] {dagbag.py:536} INFO - Filling up the DagBag from /home/airflow/.local/lib/python3.10/site-packages/airflow/example_dags/example_branch_labels.py
[2024-04-14T15:42:41.854+0000] {processor.py:839} INFO - DAG(s) dict_keys(['example_branch_labels']) retrieved from /home/airflow/.local/lib/python3.10/site-packages/airflow/example_dags/example_branch_labels.py
[2024-04-14T15:42:41.867+0000] {logging_mixin.py:154} INFO - [2024-04-14T15:42:41.867+0000] {dag.py:2941} INFO - Sync 1 DAGs
[2024-04-14T15:42:41.879+0000] {logging_mixin.py:154} INFO - [2024-04-14T15:42:41.879+0000] {dag.py:3722} INFO - Setting next_dagrun for example_branch_labels to 2024-04-13T00:00:00+00:00, run_after=2024-04-14T00:00:00+00:00
[2024-04-14T15:42:41.887+0000] {processor.py:179} INFO - Processing /home/airflow/.local/lib/python3.10/site-packages/airflow/example_dags/example_branch_labels.py took 0.041 seconds
[2024-04-14T15:46:33.021+0000] {processor.py:157} INFO - Started process (PID=47) to work on /home/airflow/.local/lib/python3.10/site-packages/airflow/example_dags/example_branch_labels.py
[2024-04-14T15:46:33.021+0000] {processor.py:829} INFO - Processing file /home/airflow/.local/lib/python3.10/site-packages/airflow/example_dags/example_branch_labels.py for tasks to queue
[2024-04-14T15:46:33.023+0000] {logging_mixin.py:154} INFO - [2024-04-14T15:46:33.022+0000] {dagbag.py:536} INFO - Filling up the DagBag from /home/airflow/.local/lib/python3.10/site-packages/airflow/example_dags/example_branch_labels.py
[2024-04-14T15:46:33.029+0000] {processor.py:839} INFO - DAG(s) dict_keys(['example_branch_labels']) retrieved from /home/airflow/.local/lib/python3.10/site-packages/airflow/example_dags/example_branch_labels.py
[2024-04-14T15:46:33.037+0000] {logging_mixin.py:154} INFO - [2024-04-14T15:46:33.037+0000] {dag.py:2941} INFO - Sync 1 DAGs
[2024-04-14T15:46:33.052+0000] {logging_mixin.py:154} INFO - [2024-04-14T15:46:33.052+0000] {dag.py:3722} INFO - Setting next_dagrun for example_branch_labels to 2024-04-13T00:00:00+00:00, run_after=2024-04-14T00:00:00+00:00
[2024-04-14T15:46:33.063+0000] {processor.py:179} INFO - Processing /home/airflow/.local/lib/python3.10/site-packages/airflow/example_dags/example_branch_labels.py took 0.044 seconds
[2024-04-14T15:47:03.920+0000] {processor.py:157} INFO - Started process (PID=102) to work on /home/airflow/.local/lib/python3.10/site-packages/airflow/example_dags/example_branch_labels.py
[2024-04-14T15:47:03.920+0000] {processor.py:829} INFO - Processing file /home/airflow/.local/lib/python3.10/site-packages/airflow/example_dags/example_branch_labels.py for tasks to queue
[2024-04-14T15:47:03.922+0000] {logging_mixin.py:154} INFO - [2024-04-14T15:47:03.921+0000] {dagbag.py:536} INFO - Filling up the DagBag from /home/airflow/.local/lib/python3.10/site-packages/airflow/example_dags/example_branch_labels.py
[2024-04-14T15:47:03.926+0000] {processor.py:839} INFO - DAG(s) dict_keys(['example_branch_labels']) retrieved from /home/airflow/.local/lib/python3.10/site-packages/airflow/example_dags/example_branch_labels.py
[2024-04-14T15:47:03.938+0000] {logging_mixin.py:154} INFO - [2024-04-14T15:47:03.938+0000] {dag.py:2941} INFO - Sync 1 DAGs
[2024-04-14T15:47:03.951+0000] {logging_mixin.py:154} INFO - [2024-04-14T15:47:03.951+0000] {dag.py:3722} INFO - Setting next_dagrun for example_branch_labels to 2024-04-13T00:00:00+00:00, run_after=2024-04-14T00:00:00+00:00
[2024-04-14T15:47:03.959+0000] {processor.py:179} INFO - Processing /home/airflow/.local/lib/python3.10/site-packages/airflow/example_dags/example_branch_labels.py took 0.041 seconds
[2024-04-14T15:47:34.751+0000] {processor.py:157} INFO - Started process (PID=157) to work on /home/airflow/.local/lib/python3.10/site-packages/airflow/example_dags/example_branch_labels.py
[2024-04-14T15:47:34.752+0000] {processor.py:829} INFO - Processing file /home/airflow/.local/lib/python3.10/site-packages/airflow/example_dags/example_branch_labels.py for tasks to queue
[2024-04-14T15:47:34.753+0000] {logging_mixin.py:154} INFO - [2024-04-14T15:47:34.753+0000] {dagbag.py:536} INFO - Filling up the DagBag from /home/airflow/.local/lib/python3.10/site-packages/airflow/example_dags/example_branch_labels.py
[2024-04-14T15:47:34.757+0000] {processor.py:839} INFO - DAG(s) dict_keys(['example_branch_labels']) retrieved from /home/airflow/.local/lib/python3.10/site-packages/airflow/example_dags/example_branch_labels.py
[2024-04-14T15:47:34.770+0000] {logging_mixin.py:154} INFO - [2024-04-14T15:47:34.769+0000] {dag.py:2941} INFO - Sync 1 DAGs
[2024-04-14T15:47:34.783+0000] {logging_mixin.py:154} INFO - [2024-04-14T15:47:34.783+0000] {dag.py:3722} INFO - Setting next_dagrun for example_branch_labels to 2024-04-13T00:00:00+00:00, run_after=2024-04-14T00:00:00+00:00
[2024-04-14T15:47:34.793+0000] {processor.py:179} INFO - Processing /home/airflow/.local/lib/python3.10/site-packages/airflow/example_dags/example_branch_labels.py took 0.043 seconds
[2024-04-14T15:48:05.528+0000] {processor.py:157} INFO - Started process (PID=216) to work on /home/airflow/.local/lib/python3.10/site-packages/airflow/example_dags/example_branch_labels.py
[2024-04-14T15:48:05.528+0000] {processor.py:829} INFO - Processing file /home/airflow/.local/lib/python3.10/site-packages/airflow/example_dags/example_branch_labels.py for tasks to queue
[2024-04-14T15:48:05.530+0000] {logging_mixin.py:154} INFO - [2024-04-14T15:48:05.529+0000] {dagbag.py:536} INFO - Filling up the DagBag from /home/airflow/.local/lib/python3.10/site-packages/airflow/example_dags/example_branch_labels.py
[2024-04-14T15:48:05.535+0000] {processor.py:839} INFO - DAG(s) dict_keys(['example_branch_labels']) retrieved from /home/airflow/.local/lib/python3.10/site-packages/airflow/example_dags/example_branch_labels.py
[2024-04-14T15:48:05.547+0000] {logging_mixin.py:154} INFO - [2024-04-14T15:48:05.547+0000] {dag.py:2941} INFO - Sync 1 DAGs
[2024-04-14T15:48:05.559+0000] {logging_mixin.py:154} INFO - [2024-04-14T15:48:05.559+0000] {dag.py:3722} INFO - Setting next_dagrun for example_branch_labels to 2024-04-13T00:00:00+00:00, run_after=2024-04-14T00:00:00+00:00
[2024-04-14T15:48:05.567+0000] {processor.py:179} INFO - Processing /home/airflow/.local/lib/python3.10/site-packages/airflow/example_dags/example_branch_labels.py took 0.041 seconds
[2024-04-14T15:48:36.201+0000] {processor.py:157} INFO - Started process (PID=271) to work on /home/airflow/.local/lib/python3.10/site-packages/airflow/example_dags/example_branch_labels.py
[2024-04-14T15:48:36.201+0000] {processor.py:829} INFO - Processing file /home/airflow/.local/lib/python3.10/site-packages/airflow/example_dags/example_branch_labels.py for tasks to queue
[2024-04-14T15:48:36.202+0000] {logging_mixin.py:154} INFO - [2024-04-14T15:48:36.202+0000] {dagbag.py:536} INFO - Filling up the DagBag from /home/airflow/.local/lib/python3.10/site-packages/airflow/example_dags/example_branch_labels.py
[2024-04-14T15:48:36.207+0000] {processor.py:839} INFO - DAG(s) dict_keys(['example_branch_labels']) retrieved from /home/airflow/.local/lib/python3.10/site-packages/airflow/example_dags/example_branch_labels.py
[2024-04-14T15:48:36.220+0000] {logging_mixin.py:154} INFO - [2024-04-14T15:48:36.220+0000] {dag.py:2941} INFO - Sync 1 DAGs
[2024-04-14T15:48:36.232+0000] {logging_mixin.py:154} INFO - [2024-04-14T15:48:36.232+0000] {dag.py:3722} INFO - Setting next_dagrun for example_branch_labels to 2024-04-13T00:00:00+00:00, run_after=2024-04-14T00:00:00+00:00
[2024-04-14T15:48:36.240+0000] {processor.py:179} INFO - Processing /home/airflow/.local/lib/python3.10/site-packages/airflow/example_dags/example_branch_labels.py took 0.041 seconds
[2024-04-14T15:49:06.866+0000] {processor.py:157} INFO - Started process (PID=326) to work on /home/airflow/.local/lib/python3.10/site-packages/airflow/example_dags/example_branch_labels.py
[2024-04-14T15:49:06.866+0000] {processor.py:829} INFO - Processing file /home/airflow/.local/lib/python3.10/site-packages/airflow/example_dags/example_branch_labels.py for tasks to queue
[2024-04-14T15:49:06.867+0000] {logging_mixin.py:154} INFO - [2024-04-14T15:49:06.867+0000] {dagbag.py:536} INFO - Filling up the DagBag from /home/airflow/.local/lib/python3.10/site-packages/airflow/example_dags/example_branch_labels.py
[2024-04-14T15:49:06.872+0000] {processor.py:839} INFO - DAG(s) dict_keys(['example_branch_labels']) retrieved from /home/airflow/.local/lib/python3.10/site-packages/airflow/example_dags/example_branch_labels.py
[2024-04-14T15:49:06.884+0000] {logging_mixin.py:154} INFO - [2024-04-14T15:49:06.884+0000] {dag.py:2941} INFO - Sync 1 DAGs
[2024-04-14T15:49:06.897+0000] {logging_mixin.py:154} INFO - [2024-04-14T15:49:06.897+0000] {dag.py:3722} INFO - Setting next_dagrun for example_branch_labels to 2024-04-13T00:00:00+00:00, run_after=2024-04-14T00:00:00+00:00
[2024-04-14T15:49:06.905+0000] {processor.py:179} INFO - Processing /home/airflow/.local/lib/python3.10/site-packages/airflow/example_dags/example_branch_labels.py took 0.041 seconds
