[2024-04-14T15:09:26.737+0000] {processor.py:157} INFO - Started process (PID=75) to work on /home/airflow/.local/lib/python3.10/site-packages/airflow/example_dags/example_local_kubernetes_executor.py
[2024-04-14T15:09:26.737+0000] {processor.py:829} INFO - Processing file /home/airflow/.local/lib/python3.10/site-packages/airflow/example_dags/example_local_kubernetes_executor.py for tasks to queue
[2024-04-14T15:09:26.738+0000] {logging_mixin.py:154} INFO - [2024-04-14T15:09:26.738+0000] {dagbag.py:536} INFO - Filling up the DagBag from /home/airflow/.local/lib/python3.10/site-packages/airflow/example_dags/example_local_kubernetes_executor.py
[2024-04-14T15:09:26.743+0000] {processor.py:839} INFO - DAG(s) dict_keys(['example_local_kubernetes_executor']) retrieved from /home/airflow/.local/lib/python3.10/site-packages/airflow/example_dags/example_local_kubernetes_executor.py
[2024-04-14T15:09:26.751+0000] {logging_mixin.py:154} INFO - [2024-04-14T15:09:26.751+0000] {dag.py:2941} INFO - Sync 1 DAGs
[2024-04-14T15:09:26.759+0000] {logging_mixin.py:154} INFO - [2024-04-14T15:09:26.759+0000] {dag.py:3722} INFO - Setting next_dagrun for example_local_kubernetes_executor to None, run_after=None
[2024-04-14T15:09:26.769+0000] {processor.py:179} INFO - Processing /home/airflow/.local/lib/python3.10/site-packages/airflow/example_dags/example_local_kubernetes_executor.py took 0.035 seconds
[2024-04-14T15:09:57.428+0000] {processor.py:157} INFO - Started process (PID=129) to work on /home/airflow/.local/lib/python3.10/site-packages/airflow/example_dags/example_local_kubernetes_executor.py
[2024-04-14T15:09:57.429+0000] {processor.py:829} INFO - Processing file /home/airflow/.local/lib/python3.10/site-packages/airflow/example_dags/example_local_kubernetes_executor.py for tasks to queue
[2024-04-14T15:09:57.431+0000] {logging_mixin.py:154} INFO - [2024-04-14T15:09:57.430+0000] {dagbag.py:536} INFO - Filling up the DagBag from /home/airflow/.local/lib/python3.10/site-packages/airflow/example_dags/example_local_kubernetes_executor.py
[2024-04-14T15:09:57.437+0000] {processor.py:839} INFO - DAG(s) dict_keys(['example_local_kubernetes_executor']) retrieved from /home/airflow/.local/lib/python3.10/site-packages/airflow/example_dags/example_local_kubernetes_executor.py
[2024-04-14T15:09:57.460+0000] {logging_mixin.py:154} INFO - [2024-04-14T15:09:57.460+0000] {dag.py:2941} INFO - Sync 1 DAGs
[2024-04-14T15:09:57.468+0000] {logging_mixin.py:154} INFO - [2024-04-14T15:09:57.468+0000] {dag.py:3722} INFO - Setting next_dagrun for example_local_kubernetes_executor to None, run_after=None
[2024-04-14T15:09:57.477+0000] {processor.py:179} INFO - Processing /home/airflow/.local/lib/python3.10/site-packages/airflow/example_dags/example_local_kubernetes_executor.py took 0.051 seconds
[2024-04-14T15:10:28.133+0000] {processor.py:157} INFO - Started process (PID=183) to work on /home/airflow/.local/lib/python3.10/site-packages/airflow/example_dags/example_local_kubernetes_executor.py
[2024-04-14T15:10:28.134+0000] {processor.py:829} INFO - Processing file /home/airflow/.local/lib/python3.10/site-packages/airflow/example_dags/example_local_kubernetes_executor.py for tasks to queue
[2024-04-14T15:10:28.135+0000] {logging_mixin.py:154} INFO - [2024-04-14T15:10:28.135+0000] {dagbag.py:536} INFO - Filling up the DagBag from /home/airflow/.local/lib/python3.10/site-packages/airflow/example_dags/example_local_kubernetes_executor.py
[2024-04-14T15:10:28.140+0000] {processor.py:839} INFO - DAG(s) dict_keys(['example_local_kubernetes_executor']) retrieved from /home/airflow/.local/lib/python3.10/site-packages/airflow/example_dags/example_local_kubernetes_executor.py
[2024-04-14T15:10:28.160+0000] {logging_mixin.py:154} INFO - [2024-04-14T15:10:28.160+0000] {dag.py:2941} INFO - Sync 1 DAGs
[2024-04-14T15:10:28.167+0000] {logging_mixin.py:154} INFO - [2024-04-14T15:10:28.167+0000] {dag.py:3722} INFO - Setting next_dagrun for example_local_kubernetes_executor to None, run_after=None
[2024-04-14T15:10:28.175+0000] {processor.py:179} INFO - Processing /home/airflow/.local/lib/python3.10/site-packages/airflow/example_dags/example_local_kubernetes_executor.py took 0.045 seconds
[2024-04-14T15:10:58.669+0000] {processor.py:157} INFO - Started process (PID=237) to work on /home/airflow/.local/lib/python3.10/site-packages/airflow/example_dags/example_local_kubernetes_executor.py
[2024-04-14T15:10:58.670+0000] {processor.py:829} INFO - Processing file /home/airflow/.local/lib/python3.10/site-packages/airflow/example_dags/example_local_kubernetes_executor.py for tasks to queue
[2024-04-14T15:10:58.671+0000] {logging_mixin.py:154} INFO - [2024-04-14T15:10:58.671+0000] {dagbag.py:536} INFO - Filling up the DagBag from /home/airflow/.local/lib/python3.10/site-packages/airflow/example_dags/example_local_kubernetes_executor.py
[2024-04-14T15:10:58.676+0000] {processor.py:839} INFO - DAG(s) dict_keys(['example_local_kubernetes_executor']) retrieved from /home/airflow/.local/lib/python3.10/site-packages/airflow/example_dags/example_local_kubernetes_executor.py
[2024-04-14T15:10:58.696+0000] {logging_mixin.py:154} INFO - [2024-04-14T15:10:58.696+0000] {dag.py:2941} INFO - Sync 1 DAGs
[2024-04-14T15:10:58.704+0000] {logging_mixin.py:154} INFO - [2024-04-14T15:10:58.704+0000] {dag.py:3722} INFO - Setting next_dagrun for example_local_kubernetes_executor to None, run_after=None
[2024-04-14T15:10:58.713+0000] {processor.py:179} INFO - Processing /home/airflow/.local/lib/python3.10/site-packages/airflow/example_dags/example_local_kubernetes_executor.py took 0.046 seconds
[2024-04-14T15:11:29.481+0000] {processor.py:157} INFO - Started process (PID=291) to work on /home/airflow/.local/lib/python3.10/site-packages/airflow/example_dags/example_local_kubernetes_executor.py
[2024-04-14T15:11:29.482+0000] {processor.py:829} INFO - Processing file /home/airflow/.local/lib/python3.10/site-packages/airflow/example_dags/example_local_kubernetes_executor.py for tasks to queue
[2024-04-14T15:11:29.483+0000] {logging_mixin.py:154} INFO - [2024-04-14T15:11:29.483+0000] {dagbag.py:536} INFO - Filling up the DagBag from /home/airflow/.local/lib/python3.10/site-packages/airflow/example_dags/example_local_kubernetes_executor.py
[2024-04-14T15:11:29.487+0000] {processor.py:839} INFO - DAG(s) dict_keys(['example_local_kubernetes_executor']) retrieved from /home/airflow/.local/lib/python3.10/site-packages/airflow/example_dags/example_local_kubernetes_executor.py
[2024-04-14T15:11:29.509+0000] {logging_mixin.py:154} INFO - [2024-04-14T15:11:29.509+0000] {dag.py:2941} INFO - Sync 1 DAGs
[2024-04-14T15:11:29.516+0000] {logging_mixin.py:154} INFO - [2024-04-14T15:11:29.516+0000] {dag.py:3722} INFO - Setting next_dagrun for example_local_kubernetes_executor to None, run_after=None
[2024-04-14T15:11:29.524+0000] {processor.py:179} INFO - Processing /home/airflow/.local/lib/python3.10/site-packages/airflow/example_dags/example_local_kubernetes_executor.py took 0.045 seconds
[2024-04-14T15:12:00.253+0000] {processor.py:157} INFO - Started process (PID=345) to work on /home/airflow/.local/lib/python3.10/site-packages/airflow/example_dags/example_local_kubernetes_executor.py
[2024-04-14T15:12:00.254+0000] {processor.py:829} INFO - Processing file /home/airflow/.local/lib/python3.10/site-packages/airflow/example_dags/example_local_kubernetes_executor.py for tasks to queue
[2024-04-14T15:12:00.255+0000] {logging_mixin.py:154} INFO - [2024-04-14T15:12:00.254+0000] {dagbag.py:536} INFO - Filling up the DagBag from /home/airflow/.local/lib/python3.10/site-packages/airflow/example_dags/example_local_kubernetes_executor.py
[2024-04-14T15:12:00.259+0000] {processor.py:839} INFO - DAG(s) dict_keys(['example_local_kubernetes_executor']) retrieved from /home/airflow/.local/lib/python3.10/site-packages/airflow/example_dags/example_local_kubernetes_executor.py
[2024-04-14T15:12:00.280+0000] {logging_mixin.py:154} INFO - [2024-04-14T15:12:00.280+0000] {dag.py:2941} INFO - Sync 1 DAGs
[2024-04-14T15:12:00.287+0000] {logging_mixin.py:154} INFO - [2024-04-14T15:12:00.287+0000] {dag.py:3722} INFO - Setting next_dagrun for example_local_kubernetes_executor to None, run_after=None
[2024-04-14T15:12:00.296+0000] {processor.py:179} INFO - Processing /home/airflow/.local/lib/python3.10/site-packages/airflow/example_dags/example_local_kubernetes_executor.py took 0.045 seconds
[2024-04-14T15:12:30.897+0000] {processor.py:157} INFO - Started process (PID=399) to work on /home/airflow/.local/lib/python3.10/site-packages/airflow/example_dags/example_local_kubernetes_executor.py
[2024-04-14T15:12:30.897+0000] {processor.py:829} INFO - Processing file /home/airflow/.local/lib/python3.10/site-packages/airflow/example_dags/example_local_kubernetes_executor.py for tasks to queue
[2024-04-14T15:12:30.899+0000] {logging_mixin.py:154} INFO - [2024-04-14T15:12:30.898+0000] {dagbag.py:536} INFO - Filling up the DagBag from /home/airflow/.local/lib/python3.10/site-packages/airflow/example_dags/example_local_kubernetes_executor.py
[2024-04-14T15:12:30.903+0000] {processor.py:839} INFO - DAG(s) dict_keys(['example_local_kubernetes_executor']) retrieved from /home/airflow/.local/lib/python3.10/site-packages/airflow/example_dags/example_local_kubernetes_executor.py
[2024-04-14T15:12:30.926+0000] {logging_mixin.py:154} INFO - [2024-04-14T15:12:30.926+0000] {dag.py:2941} INFO - Sync 1 DAGs
[2024-04-14T15:12:30.934+0000] {logging_mixin.py:154} INFO - [2024-04-14T15:12:30.934+0000] {dag.py:3722} INFO - Setting next_dagrun for example_local_kubernetes_executor to None, run_after=None
[2024-04-14T15:12:30.943+0000] {processor.py:179} INFO - Processing /home/airflow/.local/lib/python3.10/site-packages/airflow/example_dags/example_local_kubernetes_executor.py took 0.048 seconds
[2024-04-14T15:13:01.770+0000] {processor.py:157} INFO - Started process (PID=453) to work on /home/airflow/.local/lib/python3.10/site-packages/airflow/example_dags/example_local_kubernetes_executor.py
[2024-04-14T15:13:01.770+0000] {processor.py:829} INFO - Processing file /home/airflow/.local/lib/python3.10/site-packages/airflow/example_dags/example_local_kubernetes_executor.py for tasks to queue
[2024-04-14T15:13:01.771+0000] {logging_mixin.py:154} INFO - [2024-04-14T15:13:01.771+0000] {dagbag.py:536} INFO - Filling up the DagBag from /home/airflow/.local/lib/python3.10/site-packages/airflow/example_dags/example_local_kubernetes_executor.py
[2024-04-14T15:13:01.776+0000] {processor.py:839} INFO - DAG(s) dict_keys(['example_local_kubernetes_executor']) retrieved from /home/airflow/.local/lib/python3.10/site-packages/airflow/example_dags/example_local_kubernetes_executor.py
[2024-04-14T15:13:01.797+0000] {logging_mixin.py:154} INFO - [2024-04-14T15:13:01.797+0000] {dag.py:2941} INFO - Sync 1 DAGs
[2024-04-14T15:13:01.804+0000] {logging_mixin.py:154} INFO - [2024-04-14T15:13:01.804+0000] {dag.py:3722} INFO - Setting next_dagrun for example_local_kubernetes_executor to None, run_after=None
[2024-04-14T15:13:01.812+0000] {processor.py:179} INFO - Processing /home/airflow/.local/lib/python3.10/site-packages/airflow/example_dags/example_local_kubernetes_executor.py took 0.045 seconds
[2024-04-14T15:13:32.397+0000] {processor.py:157} INFO - Started process (PID=507) to work on /home/airflow/.local/lib/python3.10/site-packages/airflow/example_dags/example_local_kubernetes_executor.py
[2024-04-14T15:13:32.398+0000] {processor.py:829} INFO - Processing file /home/airflow/.local/lib/python3.10/site-packages/airflow/example_dags/example_local_kubernetes_executor.py for tasks to queue
[2024-04-14T15:13:32.399+0000] {logging_mixin.py:154} INFO - [2024-04-14T15:13:32.399+0000] {dagbag.py:536} INFO - Filling up the DagBag from /home/airflow/.local/lib/python3.10/site-packages/airflow/example_dags/example_local_kubernetes_executor.py
[2024-04-14T15:13:32.404+0000] {processor.py:839} INFO - DAG(s) dict_keys(['example_local_kubernetes_executor']) retrieved from /home/airflow/.local/lib/python3.10/site-packages/airflow/example_dags/example_local_kubernetes_executor.py
[2024-04-14T15:13:32.425+0000] {logging_mixin.py:154} INFO - [2024-04-14T15:13:32.425+0000] {dag.py:2941} INFO - Sync 1 DAGs
[2024-04-14T15:13:32.431+0000] {logging_mixin.py:154} INFO - [2024-04-14T15:13:32.431+0000] {dag.py:3722} INFO - Setting next_dagrun for example_local_kubernetes_executor to None, run_after=None
[2024-04-14T15:13:32.439+0000] {processor.py:179} INFO - Processing /home/airflow/.local/lib/python3.10/site-packages/airflow/example_dags/example_local_kubernetes_executor.py took 0.044 seconds
[2024-04-14T15:14:03.012+0000] {processor.py:157} INFO - Started process (PID=561) to work on /home/airflow/.local/lib/python3.10/site-packages/airflow/example_dags/example_local_kubernetes_executor.py
[2024-04-14T15:14:03.013+0000] {processor.py:829} INFO - Processing file /home/airflow/.local/lib/python3.10/site-packages/airflow/example_dags/example_local_kubernetes_executor.py for tasks to queue
[2024-04-14T15:14:03.014+0000] {logging_mixin.py:154} INFO - [2024-04-14T15:14:03.014+0000] {dagbag.py:536} INFO - Filling up the DagBag from /home/airflow/.local/lib/python3.10/site-packages/airflow/example_dags/example_local_kubernetes_executor.py
[2024-04-14T15:14:03.019+0000] {processor.py:839} INFO - DAG(s) dict_keys(['example_local_kubernetes_executor']) retrieved from /home/airflow/.local/lib/python3.10/site-packages/airflow/example_dags/example_local_kubernetes_executor.py
[2024-04-14T15:14:03.039+0000] {logging_mixin.py:154} INFO - [2024-04-14T15:14:03.039+0000] {dag.py:2941} INFO - Sync 1 DAGs
[2024-04-14T15:14:03.047+0000] {logging_mixin.py:154} INFO - [2024-04-14T15:14:03.047+0000] {dag.py:3722} INFO - Setting next_dagrun for example_local_kubernetes_executor to None, run_after=None
[2024-04-14T15:14:03.055+0000] {processor.py:179} INFO - Processing /home/airflow/.local/lib/python3.10/site-packages/airflow/example_dags/example_local_kubernetes_executor.py took 0.045 seconds
[2024-04-14T15:14:33.670+0000] {processor.py:157} INFO - Started process (PID=615) to work on /home/airflow/.local/lib/python3.10/site-packages/airflow/example_dags/example_local_kubernetes_executor.py
[2024-04-14T15:14:33.670+0000] {processor.py:829} INFO - Processing file /home/airflow/.local/lib/python3.10/site-packages/airflow/example_dags/example_local_kubernetes_executor.py for tasks to queue
[2024-04-14T15:14:33.671+0000] {logging_mixin.py:154} INFO - [2024-04-14T15:14:33.671+0000] {dagbag.py:536} INFO - Filling up the DagBag from /home/airflow/.local/lib/python3.10/site-packages/airflow/example_dags/example_local_kubernetes_executor.py
[2024-04-14T15:14:33.676+0000] {processor.py:839} INFO - DAG(s) dict_keys(['example_local_kubernetes_executor']) retrieved from /home/airflow/.local/lib/python3.10/site-packages/airflow/example_dags/example_local_kubernetes_executor.py
[2024-04-14T15:14:33.697+0000] {logging_mixin.py:154} INFO - [2024-04-14T15:14:33.696+0000] {dag.py:2941} INFO - Sync 1 DAGs
[2024-04-14T15:14:33.703+0000] {logging_mixin.py:154} INFO - [2024-04-14T15:14:33.703+0000] {dag.py:3722} INFO - Setting next_dagrun for example_local_kubernetes_executor to None, run_after=None
[2024-04-14T15:14:33.711+0000] {processor.py:179} INFO - Processing /home/airflow/.local/lib/python3.10/site-packages/airflow/example_dags/example_local_kubernetes_executor.py took 0.044 seconds
[2024-04-14T15:15:04.401+0000] {processor.py:157} INFO - Started process (PID=669) to work on /home/airflow/.local/lib/python3.10/site-packages/airflow/example_dags/example_local_kubernetes_executor.py
[2024-04-14T15:15:04.402+0000] {processor.py:829} INFO - Processing file /home/airflow/.local/lib/python3.10/site-packages/airflow/example_dags/example_local_kubernetes_executor.py for tasks to queue
[2024-04-14T15:15:04.403+0000] {logging_mixin.py:154} INFO - [2024-04-14T15:15:04.403+0000] {dagbag.py:536} INFO - Filling up the DagBag from /home/airflow/.local/lib/python3.10/site-packages/airflow/example_dags/example_local_kubernetes_executor.py
[2024-04-14T15:15:04.407+0000] {processor.py:839} INFO - DAG(s) dict_keys(['example_local_kubernetes_executor']) retrieved from /home/airflow/.local/lib/python3.10/site-packages/airflow/example_dags/example_local_kubernetes_executor.py
[2024-04-14T15:15:04.428+0000] {logging_mixin.py:154} INFO - [2024-04-14T15:15:04.428+0000] {dag.py:2941} INFO - Sync 1 DAGs
[2024-04-14T15:15:04.435+0000] {logging_mixin.py:154} INFO - [2024-04-14T15:15:04.435+0000] {dag.py:3722} INFO - Setting next_dagrun for example_local_kubernetes_executor to None, run_after=None
[2024-04-14T15:15:04.443+0000] {processor.py:179} INFO - Processing /home/airflow/.local/lib/python3.10/site-packages/airflow/example_dags/example_local_kubernetes_executor.py took 0.044 seconds
[2024-04-14T15:15:34.982+0000] {processor.py:157} INFO - Started process (PID=723) to work on /home/airflow/.local/lib/python3.10/site-packages/airflow/example_dags/example_local_kubernetes_executor.py
[2024-04-14T15:15:34.983+0000] {processor.py:829} INFO - Processing file /home/airflow/.local/lib/python3.10/site-packages/airflow/example_dags/example_local_kubernetes_executor.py for tasks to queue
[2024-04-14T15:15:34.984+0000] {logging_mixin.py:154} INFO - [2024-04-14T15:15:34.984+0000] {dagbag.py:536} INFO - Filling up the DagBag from /home/airflow/.local/lib/python3.10/site-packages/airflow/example_dags/example_local_kubernetes_executor.py
[2024-04-14T15:15:34.989+0000] {processor.py:839} INFO - DAG(s) dict_keys(['example_local_kubernetes_executor']) retrieved from /home/airflow/.local/lib/python3.10/site-packages/airflow/example_dags/example_local_kubernetes_executor.py
[2024-04-14T15:15:35.010+0000] {logging_mixin.py:154} INFO - [2024-04-14T15:15:35.010+0000] {dag.py:2941} INFO - Sync 1 DAGs
[2024-04-14T15:15:35.017+0000] {logging_mixin.py:154} INFO - [2024-04-14T15:15:35.017+0000] {dag.py:3722} INFO - Setting next_dagrun for example_local_kubernetes_executor to None, run_after=None
[2024-04-14T15:15:35.025+0000] {processor.py:179} INFO - Processing /home/airflow/.local/lib/python3.10/site-packages/airflow/example_dags/example_local_kubernetes_executor.py took 0.045 seconds
[2024-04-14T15:16:05.704+0000] {processor.py:157} INFO - Started process (PID=777) to work on /home/airflow/.local/lib/python3.10/site-packages/airflow/example_dags/example_local_kubernetes_executor.py
[2024-04-14T15:16:05.704+0000] {processor.py:829} INFO - Processing file /home/airflow/.local/lib/python3.10/site-packages/airflow/example_dags/example_local_kubernetes_executor.py for tasks to queue
[2024-04-14T15:16:05.706+0000] {logging_mixin.py:154} INFO - [2024-04-14T15:16:05.705+0000] {dagbag.py:536} INFO - Filling up the DagBag from /home/airflow/.local/lib/python3.10/site-packages/airflow/example_dags/example_local_kubernetes_executor.py
[2024-04-14T15:16:05.710+0000] {processor.py:839} INFO - DAG(s) dict_keys(['example_local_kubernetes_executor']) retrieved from /home/airflow/.local/lib/python3.10/site-packages/airflow/example_dags/example_local_kubernetes_executor.py
[2024-04-14T15:16:05.730+0000] {logging_mixin.py:154} INFO - [2024-04-14T15:16:05.730+0000] {dag.py:2941} INFO - Sync 1 DAGs
[2024-04-14T15:16:05.737+0000] {logging_mixin.py:154} INFO - [2024-04-14T15:16:05.737+0000] {dag.py:3722} INFO - Setting next_dagrun for example_local_kubernetes_executor to None, run_after=None
[2024-04-14T15:16:05.746+0000] {processor.py:179} INFO - Processing /home/airflow/.local/lib/python3.10/site-packages/airflow/example_dags/example_local_kubernetes_executor.py took 0.044 seconds
[2024-04-14T15:16:36.466+0000] {processor.py:157} INFO - Started process (PID=831) to work on /home/airflow/.local/lib/python3.10/site-packages/airflow/example_dags/example_local_kubernetes_executor.py
[2024-04-14T15:16:36.467+0000] {processor.py:829} INFO - Processing file /home/airflow/.local/lib/python3.10/site-packages/airflow/example_dags/example_local_kubernetes_executor.py for tasks to queue
[2024-04-14T15:16:36.468+0000] {logging_mixin.py:154} INFO - [2024-04-14T15:16:36.468+0000] {dagbag.py:536} INFO - Filling up the DagBag from /home/airflow/.local/lib/python3.10/site-packages/airflow/example_dags/example_local_kubernetes_executor.py
[2024-04-14T15:16:36.472+0000] {processor.py:839} INFO - DAG(s) dict_keys(['example_local_kubernetes_executor']) retrieved from /home/airflow/.local/lib/python3.10/site-packages/airflow/example_dags/example_local_kubernetes_executor.py
[2024-04-14T15:16:36.493+0000] {logging_mixin.py:154} INFO - [2024-04-14T15:16:36.493+0000] {dag.py:2941} INFO - Sync 1 DAGs
[2024-04-14T15:16:36.500+0000] {logging_mixin.py:154} INFO - [2024-04-14T15:16:36.500+0000] {dag.py:3722} INFO - Setting next_dagrun for example_local_kubernetes_executor to None, run_after=None
[2024-04-14T15:16:36.508+0000] {processor.py:179} INFO - Processing /home/airflow/.local/lib/python3.10/site-packages/airflow/example_dags/example_local_kubernetes_executor.py took 0.044 seconds
[2024-04-14T15:17:07.067+0000] {processor.py:157} INFO - Started process (PID=885) to work on /home/airflow/.local/lib/python3.10/site-packages/airflow/example_dags/example_local_kubernetes_executor.py
[2024-04-14T15:17:07.067+0000] {processor.py:829} INFO - Processing file /home/airflow/.local/lib/python3.10/site-packages/airflow/example_dags/example_local_kubernetes_executor.py for tasks to queue
[2024-04-14T15:17:07.068+0000] {logging_mixin.py:154} INFO - [2024-04-14T15:17:07.068+0000] {dagbag.py:536} INFO - Filling up the DagBag from /home/airflow/.local/lib/python3.10/site-packages/airflow/example_dags/example_local_kubernetes_executor.py
[2024-04-14T15:17:07.073+0000] {processor.py:839} INFO - DAG(s) dict_keys(['example_local_kubernetes_executor']) retrieved from /home/airflow/.local/lib/python3.10/site-packages/airflow/example_dags/example_local_kubernetes_executor.py
[2024-04-14T15:17:07.094+0000] {logging_mixin.py:154} INFO - [2024-04-14T15:17:07.094+0000] {dag.py:2941} INFO - Sync 1 DAGs
[2024-04-14T15:17:07.101+0000] {logging_mixin.py:154} INFO - [2024-04-14T15:17:07.101+0000] {dag.py:3722} INFO - Setting next_dagrun for example_local_kubernetes_executor to None, run_after=None
[2024-04-14T15:17:07.110+0000] {processor.py:179} INFO - Processing /home/airflow/.local/lib/python3.10/site-packages/airflow/example_dags/example_local_kubernetes_executor.py took 0.045 seconds
[2024-04-14T15:17:37.695+0000] {processor.py:157} INFO - Started process (PID=939) to work on /home/airflow/.local/lib/python3.10/site-packages/airflow/example_dags/example_local_kubernetes_executor.py
[2024-04-14T15:17:37.696+0000] {processor.py:829} INFO - Processing file /home/airflow/.local/lib/python3.10/site-packages/airflow/example_dags/example_local_kubernetes_executor.py for tasks to queue
[2024-04-14T15:17:37.697+0000] {logging_mixin.py:154} INFO - [2024-04-14T15:17:37.696+0000] {dagbag.py:536} INFO - Filling up the DagBag from /home/airflow/.local/lib/python3.10/site-packages/airflow/example_dags/example_local_kubernetes_executor.py
[2024-04-14T15:17:37.701+0000] {processor.py:839} INFO - DAG(s) dict_keys(['example_local_kubernetes_executor']) retrieved from /home/airflow/.local/lib/python3.10/site-packages/airflow/example_dags/example_local_kubernetes_executor.py
[2024-04-14T15:17:37.721+0000] {logging_mixin.py:154} INFO - [2024-04-14T15:17:37.721+0000] {dag.py:2941} INFO - Sync 1 DAGs
[2024-04-14T15:17:37.730+0000] {logging_mixin.py:154} INFO - [2024-04-14T15:17:37.730+0000] {dag.py:3722} INFO - Setting next_dagrun for example_local_kubernetes_executor to None, run_after=None
[2024-04-14T15:17:37.740+0000] {processor.py:179} INFO - Processing /home/airflow/.local/lib/python3.10/site-packages/airflow/example_dags/example_local_kubernetes_executor.py took 0.047 seconds
[2024-04-14T15:18:08.349+0000] {processor.py:157} INFO - Started process (PID=993) to work on /home/airflow/.local/lib/python3.10/site-packages/airflow/example_dags/example_local_kubernetes_executor.py
[2024-04-14T15:18:08.349+0000] {processor.py:829} INFO - Processing file /home/airflow/.local/lib/python3.10/site-packages/airflow/example_dags/example_local_kubernetes_executor.py for tasks to queue
[2024-04-14T15:18:08.350+0000] {logging_mixin.py:154} INFO - [2024-04-14T15:18:08.350+0000] {dagbag.py:536} INFO - Filling up the DagBag from /home/airflow/.local/lib/python3.10/site-packages/airflow/example_dags/example_local_kubernetes_executor.py
[2024-04-14T15:18:08.355+0000] {processor.py:839} INFO - DAG(s) dict_keys(['example_local_kubernetes_executor']) retrieved from /home/airflow/.local/lib/python3.10/site-packages/airflow/example_dags/example_local_kubernetes_executor.py
[2024-04-14T15:18:08.376+0000] {logging_mixin.py:154} INFO - [2024-04-14T15:18:08.375+0000] {dag.py:2941} INFO - Sync 1 DAGs
[2024-04-14T15:18:08.382+0000] {logging_mixin.py:154} INFO - [2024-04-14T15:18:08.382+0000] {dag.py:3722} INFO - Setting next_dagrun for example_local_kubernetes_executor to None, run_after=None
[2024-04-14T15:18:08.391+0000] {processor.py:179} INFO - Processing /home/airflow/.local/lib/python3.10/site-packages/airflow/example_dags/example_local_kubernetes_executor.py took 0.044 seconds
[2024-04-14T15:18:39.131+0000] {processor.py:157} INFO - Started process (PID=1047) to work on /home/airflow/.local/lib/python3.10/site-packages/airflow/example_dags/example_local_kubernetes_executor.py
[2024-04-14T15:18:39.131+0000] {processor.py:829} INFO - Processing file /home/airflow/.local/lib/python3.10/site-packages/airflow/example_dags/example_local_kubernetes_executor.py for tasks to queue
[2024-04-14T15:18:39.132+0000] {logging_mixin.py:154} INFO - [2024-04-14T15:18:39.132+0000] {dagbag.py:536} INFO - Filling up the DagBag from /home/airflow/.local/lib/python3.10/site-packages/airflow/example_dags/example_local_kubernetes_executor.py
[2024-04-14T15:18:39.137+0000] {processor.py:839} INFO - DAG(s) dict_keys(['example_local_kubernetes_executor']) retrieved from /home/airflow/.local/lib/python3.10/site-packages/airflow/example_dags/example_local_kubernetes_executor.py
[2024-04-14T15:18:39.158+0000] {logging_mixin.py:154} INFO - [2024-04-14T15:18:39.158+0000] {dag.py:2941} INFO - Sync 1 DAGs
[2024-04-14T15:18:39.165+0000] {logging_mixin.py:154} INFO - [2024-04-14T15:18:39.165+0000] {dag.py:3722} INFO - Setting next_dagrun for example_local_kubernetes_executor to None, run_after=None
[2024-04-14T15:18:39.173+0000] {processor.py:179} INFO - Processing /home/airflow/.local/lib/python3.10/site-packages/airflow/example_dags/example_local_kubernetes_executor.py took 0.044 seconds
[2024-04-14T15:19:09.756+0000] {processor.py:157} INFO - Started process (PID=1101) to work on /home/airflow/.local/lib/python3.10/site-packages/airflow/example_dags/example_local_kubernetes_executor.py
[2024-04-14T15:19:09.756+0000] {processor.py:829} INFO - Processing file /home/airflow/.local/lib/python3.10/site-packages/airflow/example_dags/example_local_kubernetes_executor.py for tasks to queue
[2024-04-14T15:19:09.757+0000] {logging_mixin.py:154} INFO - [2024-04-14T15:19:09.757+0000] {dagbag.py:536} INFO - Filling up the DagBag from /home/airflow/.local/lib/python3.10/site-packages/airflow/example_dags/example_local_kubernetes_executor.py
[2024-04-14T15:19:09.762+0000] {processor.py:839} INFO - DAG(s) dict_keys(['example_local_kubernetes_executor']) retrieved from /home/airflow/.local/lib/python3.10/site-packages/airflow/example_dags/example_local_kubernetes_executor.py
[2024-04-14T15:19:09.782+0000] {logging_mixin.py:154} INFO - [2024-04-14T15:19:09.782+0000] {dag.py:2941} INFO - Sync 1 DAGs
[2024-04-14T15:19:09.790+0000] {logging_mixin.py:154} INFO - [2024-04-14T15:19:09.789+0000] {dag.py:3722} INFO - Setting next_dagrun for example_local_kubernetes_executor to None, run_after=None
[2024-04-14T15:19:09.798+0000] {processor.py:179} INFO - Processing /home/airflow/.local/lib/python3.10/site-packages/airflow/example_dags/example_local_kubernetes_executor.py took 0.044 seconds
[2024-04-14T15:19:40.394+0000] {processor.py:157} INFO - Started process (PID=1155) to work on /home/airflow/.local/lib/python3.10/site-packages/airflow/example_dags/example_local_kubernetes_executor.py
[2024-04-14T15:19:40.395+0000] {processor.py:829} INFO - Processing file /home/airflow/.local/lib/python3.10/site-packages/airflow/example_dags/example_local_kubernetes_executor.py for tasks to queue
[2024-04-14T15:19:40.396+0000] {logging_mixin.py:154} INFO - [2024-04-14T15:19:40.396+0000] {dagbag.py:536} INFO - Filling up the DagBag from /home/airflow/.local/lib/python3.10/site-packages/airflow/example_dags/example_local_kubernetes_executor.py
[2024-04-14T15:19:40.401+0000] {processor.py:839} INFO - DAG(s) dict_keys(['example_local_kubernetes_executor']) retrieved from /home/airflow/.local/lib/python3.10/site-packages/airflow/example_dags/example_local_kubernetes_executor.py
[2024-04-14T15:19:40.421+0000] {logging_mixin.py:154} INFO - [2024-04-14T15:19:40.421+0000] {dag.py:2941} INFO - Sync 1 DAGs
[2024-04-14T15:19:40.427+0000] {logging_mixin.py:154} INFO - [2024-04-14T15:19:40.427+0000] {dag.py:3722} INFO - Setting next_dagrun for example_local_kubernetes_executor to None, run_after=None
[2024-04-14T15:19:40.436+0000] {processor.py:179} INFO - Processing /home/airflow/.local/lib/python3.10/site-packages/airflow/example_dags/example_local_kubernetes_executor.py took 0.043 seconds
[2024-04-14T15:20:11.157+0000] {processor.py:157} INFO - Started process (PID=1209) to work on /home/airflow/.local/lib/python3.10/site-packages/airflow/example_dags/example_local_kubernetes_executor.py
[2024-04-14T15:20:11.158+0000] {processor.py:829} INFO - Processing file /home/airflow/.local/lib/python3.10/site-packages/airflow/example_dags/example_local_kubernetes_executor.py for tasks to queue
[2024-04-14T15:20:11.159+0000] {logging_mixin.py:154} INFO - [2024-04-14T15:20:11.159+0000] {dagbag.py:536} INFO - Filling up the DagBag from /home/airflow/.local/lib/python3.10/site-packages/airflow/example_dags/example_local_kubernetes_executor.py
[2024-04-14T15:20:11.164+0000] {processor.py:839} INFO - DAG(s) dict_keys(['example_local_kubernetes_executor']) retrieved from /home/airflow/.local/lib/python3.10/site-packages/airflow/example_dags/example_local_kubernetes_executor.py
[2024-04-14T15:20:11.185+0000] {logging_mixin.py:154} INFO - [2024-04-14T15:20:11.185+0000] {dag.py:2941} INFO - Sync 1 DAGs
[2024-04-14T15:20:11.192+0000] {logging_mixin.py:154} INFO - [2024-04-14T15:20:11.192+0000] {dag.py:3722} INFO - Setting next_dagrun for example_local_kubernetes_executor to None, run_after=None
[2024-04-14T15:20:11.200+0000] {processor.py:179} INFO - Processing /home/airflow/.local/lib/python3.10/site-packages/airflow/example_dags/example_local_kubernetes_executor.py took 0.045 seconds
[2024-04-14T15:20:41.747+0000] {processor.py:157} INFO - Started process (PID=1263) to work on /home/airflow/.local/lib/python3.10/site-packages/airflow/example_dags/example_local_kubernetes_executor.py
[2024-04-14T15:20:41.747+0000] {processor.py:829} INFO - Processing file /home/airflow/.local/lib/python3.10/site-packages/airflow/example_dags/example_local_kubernetes_executor.py for tasks to queue
[2024-04-14T15:20:41.748+0000] {logging_mixin.py:154} INFO - [2024-04-14T15:20:41.748+0000] {dagbag.py:536} INFO - Filling up the DagBag from /home/airflow/.local/lib/python3.10/site-packages/airflow/example_dags/example_local_kubernetes_executor.py
[2024-04-14T15:20:41.753+0000] {processor.py:839} INFO - DAG(s) dict_keys(['example_local_kubernetes_executor']) retrieved from /home/airflow/.local/lib/python3.10/site-packages/airflow/example_dags/example_local_kubernetes_executor.py
[2024-04-14T15:20:41.774+0000] {logging_mixin.py:154} INFO - [2024-04-14T15:20:41.774+0000] {dag.py:2941} INFO - Sync 1 DAGs
[2024-04-14T15:20:41.782+0000] {logging_mixin.py:154} INFO - [2024-04-14T15:20:41.782+0000] {dag.py:3722} INFO - Setting next_dagrun for example_local_kubernetes_executor to None, run_after=None
[2024-04-14T15:20:41.790+0000] {processor.py:179} INFO - Processing /home/airflow/.local/lib/python3.10/site-packages/airflow/example_dags/example_local_kubernetes_executor.py took 0.046 seconds
[2024-04-14T15:21:12.417+0000] {processor.py:157} INFO - Started process (PID=1317) to work on /home/airflow/.local/lib/python3.10/site-packages/airflow/example_dags/example_local_kubernetes_executor.py
[2024-04-14T15:21:12.418+0000] {processor.py:829} INFO - Processing file /home/airflow/.local/lib/python3.10/site-packages/airflow/example_dags/example_local_kubernetes_executor.py for tasks to queue
[2024-04-14T15:21:12.419+0000] {logging_mixin.py:154} INFO - [2024-04-14T15:21:12.419+0000] {dagbag.py:536} INFO - Filling up the DagBag from /home/airflow/.local/lib/python3.10/site-packages/airflow/example_dags/example_local_kubernetes_executor.py
[2024-04-14T15:21:12.424+0000] {processor.py:839} INFO - DAG(s) dict_keys(['example_local_kubernetes_executor']) retrieved from /home/airflow/.local/lib/python3.10/site-packages/airflow/example_dags/example_local_kubernetes_executor.py
[2024-04-14T15:21:12.444+0000] {logging_mixin.py:154} INFO - [2024-04-14T15:21:12.444+0000] {dag.py:2941} INFO - Sync 1 DAGs
[2024-04-14T15:21:12.451+0000] {logging_mixin.py:154} INFO - [2024-04-14T15:21:12.451+0000] {dag.py:3722} INFO - Setting next_dagrun for example_local_kubernetes_executor to None, run_after=None
[2024-04-14T15:21:12.459+0000] {processor.py:179} INFO - Processing /home/airflow/.local/lib/python3.10/site-packages/airflow/example_dags/example_local_kubernetes_executor.py took 0.044 seconds
[2024-04-14T15:21:43.189+0000] {processor.py:157} INFO - Started process (PID=1371) to work on /home/airflow/.local/lib/python3.10/site-packages/airflow/example_dags/example_local_kubernetes_executor.py
[2024-04-14T15:21:43.190+0000] {processor.py:829} INFO - Processing file /home/airflow/.local/lib/python3.10/site-packages/airflow/example_dags/example_local_kubernetes_executor.py for tasks to queue
[2024-04-14T15:21:43.191+0000] {logging_mixin.py:154} INFO - [2024-04-14T15:21:43.191+0000] {dagbag.py:536} INFO - Filling up the DagBag from /home/airflow/.local/lib/python3.10/site-packages/airflow/example_dags/example_local_kubernetes_executor.py
[2024-04-14T15:21:43.196+0000] {processor.py:839} INFO - DAG(s) dict_keys(['example_local_kubernetes_executor']) retrieved from /home/airflow/.local/lib/python3.10/site-packages/airflow/example_dags/example_local_kubernetes_executor.py
[2024-04-14T15:21:43.217+0000] {logging_mixin.py:154} INFO - [2024-04-14T15:21:43.217+0000] {dag.py:2941} INFO - Sync 1 DAGs
[2024-04-14T15:21:43.224+0000] {logging_mixin.py:154} INFO - [2024-04-14T15:21:43.224+0000] {dag.py:3722} INFO - Setting next_dagrun for example_local_kubernetes_executor to None, run_after=None
[2024-04-14T15:21:43.233+0000] {processor.py:179} INFO - Processing /home/airflow/.local/lib/python3.10/site-packages/airflow/example_dags/example_local_kubernetes_executor.py took 0.046 seconds
[2024-04-14T15:22:13.810+0000] {processor.py:157} INFO - Started process (PID=1425) to work on /home/airflow/.local/lib/python3.10/site-packages/airflow/example_dags/example_local_kubernetes_executor.py
[2024-04-14T15:22:13.811+0000] {processor.py:829} INFO - Processing file /home/airflow/.local/lib/python3.10/site-packages/airflow/example_dags/example_local_kubernetes_executor.py for tasks to queue
[2024-04-14T15:22:13.812+0000] {logging_mixin.py:154} INFO - [2024-04-14T15:22:13.812+0000] {dagbag.py:536} INFO - Filling up the DagBag from /home/airflow/.local/lib/python3.10/site-packages/airflow/example_dags/example_local_kubernetes_executor.py
[2024-04-14T15:22:13.817+0000] {processor.py:839} INFO - DAG(s) dict_keys(['example_local_kubernetes_executor']) retrieved from /home/airflow/.local/lib/python3.10/site-packages/airflow/example_dags/example_local_kubernetes_executor.py
[2024-04-14T15:22:13.837+0000] {logging_mixin.py:154} INFO - [2024-04-14T15:22:13.837+0000] {dag.py:2941} INFO - Sync 1 DAGs
[2024-04-14T15:22:13.844+0000] {logging_mixin.py:154} INFO - [2024-04-14T15:22:13.844+0000] {dag.py:3722} INFO - Setting next_dagrun for example_local_kubernetes_executor to None, run_after=None
[2024-04-14T15:22:13.852+0000] {processor.py:179} INFO - Processing /home/airflow/.local/lib/python3.10/site-packages/airflow/example_dags/example_local_kubernetes_executor.py took 0.044 seconds
[2024-04-14T15:22:44.603+0000] {processor.py:157} INFO - Started process (PID=1479) to work on /home/airflow/.local/lib/python3.10/site-packages/airflow/example_dags/example_local_kubernetes_executor.py
[2024-04-14T15:22:44.604+0000] {processor.py:829} INFO - Processing file /home/airflow/.local/lib/python3.10/site-packages/airflow/example_dags/example_local_kubernetes_executor.py for tasks to queue
[2024-04-14T15:22:44.605+0000] {logging_mixin.py:154} INFO - [2024-04-14T15:22:44.605+0000] {dagbag.py:536} INFO - Filling up the DagBag from /home/airflow/.local/lib/python3.10/site-packages/airflow/example_dags/example_local_kubernetes_executor.py
[2024-04-14T15:22:44.609+0000] {processor.py:839} INFO - DAG(s) dict_keys(['example_local_kubernetes_executor']) retrieved from /home/airflow/.local/lib/python3.10/site-packages/airflow/example_dags/example_local_kubernetes_executor.py
[2024-04-14T15:22:44.631+0000] {logging_mixin.py:154} INFO - [2024-04-14T15:22:44.630+0000] {dag.py:2941} INFO - Sync 1 DAGs
[2024-04-14T15:22:44.638+0000] {logging_mixin.py:154} INFO - [2024-04-14T15:22:44.637+0000] {dag.py:3722} INFO - Setting next_dagrun for example_local_kubernetes_executor to None, run_after=None
[2024-04-14T15:22:44.646+0000] {processor.py:179} INFO - Processing /home/airflow/.local/lib/python3.10/site-packages/airflow/example_dags/example_local_kubernetes_executor.py took 0.045 seconds
[2024-04-14T15:23:15.295+0000] {processor.py:157} INFO - Started process (PID=1533) to work on /home/airflow/.local/lib/python3.10/site-packages/airflow/example_dags/example_local_kubernetes_executor.py
[2024-04-14T15:23:15.296+0000] {processor.py:829} INFO - Processing file /home/airflow/.local/lib/python3.10/site-packages/airflow/example_dags/example_local_kubernetes_executor.py for tasks to queue
[2024-04-14T15:23:15.297+0000] {logging_mixin.py:154} INFO - [2024-04-14T15:23:15.297+0000] {dagbag.py:536} INFO - Filling up the DagBag from /home/airflow/.local/lib/python3.10/site-packages/airflow/example_dags/example_local_kubernetes_executor.py
[2024-04-14T15:23:15.302+0000] {processor.py:839} INFO - DAG(s) dict_keys(['example_local_kubernetes_executor']) retrieved from /home/airflow/.local/lib/python3.10/site-packages/airflow/example_dags/example_local_kubernetes_executor.py
[2024-04-14T15:23:15.324+0000] {logging_mixin.py:154} INFO - [2024-04-14T15:23:15.324+0000] {dag.py:2941} INFO - Sync 1 DAGs
[2024-04-14T15:23:15.332+0000] {logging_mixin.py:154} INFO - [2024-04-14T15:23:15.331+0000] {dag.py:3722} INFO - Setting next_dagrun for example_local_kubernetes_executor to None, run_after=None
[2024-04-14T15:23:15.341+0000] {processor.py:179} INFO - Processing /home/airflow/.local/lib/python3.10/site-packages/airflow/example_dags/example_local_kubernetes_executor.py took 0.048 seconds
[2024-04-14T15:23:46.105+0000] {processor.py:157} INFO - Started process (PID=1587) to work on /home/airflow/.local/lib/python3.10/site-packages/airflow/example_dags/example_local_kubernetes_executor.py
[2024-04-14T15:23:46.106+0000] {processor.py:829} INFO - Processing file /home/airflow/.local/lib/python3.10/site-packages/airflow/example_dags/example_local_kubernetes_executor.py for tasks to queue
[2024-04-14T15:23:46.107+0000] {logging_mixin.py:154} INFO - [2024-04-14T15:23:46.107+0000] {dagbag.py:536} INFO - Filling up the DagBag from /home/airflow/.local/lib/python3.10/site-packages/airflow/example_dags/example_local_kubernetes_executor.py
[2024-04-14T15:23:46.113+0000] {processor.py:839} INFO - DAG(s) dict_keys(['example_local_kubernetes_executor']) retrieved from /home/airflow/.local/lib/python3.10/site-packages/airflow/example_dags/example_local_kubernetes_executor.py
[2024-04-14T15:23:46.136+0000] {logging_mixin.py:154} INFO - [2024-04-14T15:23:46.136+0000] {dag.py:2941} INFO - Sync 1 DAGs
[2024-04-14T15:23:46.144+0000] {logging_mixin.py:154} INFO - [2024-04-14T15:23:46.144+0000] {dag.py:3722} INFO - Setting next_dagrun for example_local_kubernetes_executor to None, run_after=None
[2024-04-14T15:23:46.153+0000] {processor.py:179} INFO - Processing /home/airflow/.local/lib/python3.10/site-packages/airflow/example_dags/example_local_kubernetes_executor.py took 0.050 seconds
[2024-04-14T15:24:16.988+0000] {processor.py:157} INFO - Started process (PID=1641) to work on /home/airflow/.local/lib/python3.10/site-packages/airflow/example_dags/example_local_kubernetes_executor.py
[2024-04-14T15:24:16.989+0000] {processor.py:829} INFO - Processing file /home/airflow/.local/lib/python3.10/site-packages/airflow/example_dags/example_local_kubernetes_executor.py for tasks to queue
[2024-04-14T15:24:16.990+0000] {logging_mixin.py:154} INFO - [2024-04-14T15:24:16.990+0000] {dagbag.py:536} INFO - Filling up the DagBag from /home/airflow/.local/lib/python3.10/site-packages/airflow/example_dags/example_local_kubernetes_executor.py
[2024-04-14T15:24:16.994+0000] {processor.py:839} INFO - DAG(s) dict_keys(['example_local_kubernetes_executor']) retrieved from /home/airflow/.local/lib/python3.10/site-packages/airflow/example_dags/example_local_kubernetes_executor.py
[2024-04-14T15:24:17.016+0000] {logging_mixin.py:154} INFO - [2024-04-14T15:24:17.016+0000] {dag.py:2941} INFO - Sync 1 DAGs
[2024-04-14T15:24:17.023+0000] {logging_mixin.py:154} INFO - [2024-04-14T15:24:17.023+0000] {dag.py:3722} INFO - Setting next_dagrun for example_local_kubernetes_executor to None, run_after=None
[2024-04-14T15:24:17.031+0000] {processor.py:179} INFO - Processing /home/airflow/.local/lib/python3.10/site-packages/airflow/example_dags/example_local_kubernetes_executor.py took 0.045 seconds
[2024-04-14T15:24:47.662+0000] {processor.py:157} INFO - Started process (PID=1695) to work on /home/airflow/.local/lib/python3.10/site-packages/airflow/example_dags/example_local_kubernetes_executor.py
[2024-04-14T15:24:47.662+0000] {processor.py:829} INFO - Processing file /home/airflow/.local/lib/python3.10/site-packages/airflow/example_dags/example_local_kubernetes_executor.py for tasks to queue
[2024-04-14T15:24:47.663+0000] {logging_mixin.py:154} INFO - [2024-04-14T15:24:47.663+0000] {dagbag.py:536} INFO - Filling up the DagBag from /home/airflow/.local/lib/python3.10/site-packages/airflow/example_dags/example_local_kubernetes_executor.py
[2024-04-14T15:24:47.668+0000] {processor.py:839} INFO - DAG(s) dict_keys(['example_local_kubernetes_executor']) retrieved from /home/airflow/.local/lib/python3.10/site-packages/airflow/example_dags/example_local_kubernetes_executor.py
[2024-04-14T15:24:47.688+0000] {logging_mixin.py:154} INFO - [2024-04-14T15:24:47.688+0000] {dag.py:2941} INFO - Sync 1 DAGs
[2024-04-14T15:24:47.695+0000] {logging_mixin.py:154} INFO - [2024-04-14T15:24:47.695+0000] {dag.py:3722} INFO - Setting next_dagrun for example_local_kubernetes_executor to None, run_after=None
[2024-04-14T15:24:47.703+0000] {processor.py:179} INFO - Processing /home/airflow/.local/lib/python3.10/site-packages/airflow/example_dags/example_local_kubernetes_executor.py took 0.043 seconds
[2024-04-14T15:25:18.321+0000] {processor.py:157} INFO - Started process (PID=1749) to work on /home/airflow/.local/lib/python3.10/site-packages/airflow/example_dags/example_local_kubernetes_executor.py
[2024-04-14T15:25:18.321+0000] {processor.py:829} INFO - Processing file /home/airflow/.local/lib/python3.10/site-packages/airflow/example_dags/example_local_kubernetes_executor.py for tasks to queue
[2024-04-14T15:25:18.322+0000] {logging_mixin.py:154} INFO - [2024-04-14T15:25:18.322+0000] {dagbag.py:536} INFO - Filling up the DagBag from /home/airflow/.local/lib/python3.10/site-packages/airflow/example_dags/example_local_kubernetes_executor.py
[2024-04-14T15:25:18.327+0000] {processor.py:839} INFO - DAG(s) dict_keys(['example_local_kubernetes_executor']) retrieved from /home/airflow/.local/lib/python3.10/site-packages/airflow/example_dags/example_local_kubernetes_executor.py
[2024-04-14T15:25:18.349+0000] {logging_mixin.py:154} INFO - [2024-04-14T15:25:18.349+0000] {dag.py:2941} INFO - Sync 1 DAGs
[2024-04-14T15:25:18.356+0000] {logging_mixin.py:154} INFO - [2024-04-14T15:25:18.356+0000] {dag.py:3722} INFO - Setting next_dagrun for example_local_kubernetes_executor to None, run_after=None
[2024-04-14T15:25:18.365+0000] {processor.py:179} INFO - Processing /home/airflow/.local/lib/python3.10/site-packages/airflow/example_dags/example_local_kubernetes_executor.py took 0.046 seconds
[2024-04-14T15:25:49.114+0000] {processor.py:157} INFO - Started process (PID=1803) to work on /home/airflow/.local/lib/python3.10/site-packages/airflow/example_dags/example_local_kubernetes_executor.py
[2024-04-14T15:25:49.115+0000] {processor.py:829} INFO - Processing file /home/airflow/.local/lib/python3.10/site-packages/airflow/example_dags/example_local_kubernetes_executor.py for tasks to queue
[2024-04-14T15:25:49.116+0000] {logging_mixin.py:154} INFO - [2024-04-14T15:25:49.116+0000] {dagbag.py:536} INFO - Filling up the DagBag from /home/airflow/.local/lib/python3.10/site-packages/airflow/example_dags/example_local_kubernetes_executor.py
[2024-04-14T15:25:49.121+0000] {processor.py:839} INFO - DAG(s) dict_keys(['example_local_kubernetes_executor']) retrieved from /home/airflow/.local/lib/python3.10/site-packages/airflow/example_dags/example_local_kubernetes_executor.py
[2024-04-14T15:25:49.142+0000] {logging_mixin.py:154} INFO - [2024-04-14T15:25:49.142+0000] {dag.py:2941} INFO - Sync 1 DAGs
[2024-04-14T15:25:49.150+0000] {logging_mixin.py:154} INFO - [2024-04-14T15:25:49.150+0000] {dag.py:3722} INFO - Setting next_dagrun for example_local_kubernetes_executor to None, run_after=None
[2024-04-14T15:25:49.158+0000] {processor.py:179} INFO - Processing /home/airflow/.local/lib/python3.10/site-packages/airflow/example_dags/example_local_kubernetes_executor.py took 0.046 seconds
[2024-04-14T15:26:19.833+0000] {processor.py:157} INFO - Started process (PID=1864) to work on /home/airflow/.local/lib/python3.10/site-packages/airflow/example_dags/example_local_kubernetes_executor.py
[2024-04-14T15:26:19.834+0000] {processor.py:829} INFO - Processing file /home/airflow/.local/lib/python3.10/site-packages/airflow/example_dags/example_local_kubernetes_executor.py for tasks to queue
[2024-04-14T15:26:19.835+0000] {logging_mixin.py:154} INFO - [2024-04-14T15:26:19.835+0000] {dagbag.py:536} INFO - Filling up the DagBag from /home/airflow/.local/lib/python3.10/site-packages/airflow/example_dags/example_local_kubernetes_executor.py
[2024-04-14T15:26:19.840+0000] {processor.py:839} INFO - DAG(s) dict_keys(['example_local_kubernetes_executor']) retrieved from /home/airflow/.local/lib/python3.10/site-packages/airflow/example_dags/example_local_kubernetes_executor.py
[2024-04-14T15:26:19.862+0000] {logging_mixin.py:154} INFO - [2024-04-14T15:26:19.862+0000] {dag.py:2941} INFO - Sync 1 DAGs
[2024-04-14T15:26:19.869+0000] {logging_mixin.py:154} INFO - [2024-04-14T15:26:19.869+0000] {dag.py:3722} INFO - Setting next_dagrun for example_local_kubernetes_executor to None, run_after=None
[2024-04-14T15:26:19.878+0000] {processor.py:179} INFO - Processing /home/airflow/.local/lib/python3.10/site-packages/airflow/example_dags/example_local_kubernetes_executor.py took 0.046 seconds
[2024-04-14T15:26:50.578+0000] {processor.py:157} INFO - Started process (PID=1918) to work on /home/airflow/.local/lib/python3.10/site-packages/airflow/example_dags/example_local_kubernetes_executor.py
[2024-04-14T15:26:50.579+0000] {processor.py:829} INFO - Processing file /home/airflow/.local/lib/python3.10/site-packages/airflow/example_dags/example_local_kubernetes_executor.py for tasks to queue
[2024-04-14T15:26:50.580+0000] {logging_mixin.py:154} INFO - [2024-04-14T15:26:50.580+0000] {dagbag.py:536} INFO - Filling up the DagBag from /home/airflow/.local/lib/python3.10/site-packages/airflow/example_dags/example_local_kubernetes_executor.py
[2024-04-14T15:26:50.586+0000] {processor.py:839} INFO - DAG(s) dict_keys(['example_local_kubernetes_executor']) retrieved from /home/airflow/.local/lib/python3.10/site-packages/airflow/example_dags/example_local_kubernetes_executor.py
[2024-04-14T15:26:50.610+0000] {logging_mixin.py:154} INFO - [2024-04-14T15:26:50.609+0000] {dag.py:2941} INFO - Sync 1 DAGs
[2024-04-14T15:26:50.617+0000] {logging_mixin.py:154} INFO - [2024-04-14T15:26:50.617+0000] {dag.py:3722} INFO - Setting next_dagrun for example_local_kubernetes_executor to None, run_after=None
[2024-04-14T15:26:50.627+0000] {processor.py:179} INFO - Processing /home/airflow/.local/lib/python3.10/site-packages/airflow/example_dags/example_local_kubernetes_executor.py took 0.051 seconds
[2024-04-14T15:27:21.268+0000] {processor.py:157} INFO - Started process (PID=1972) to work on /home/airflow/.local/lib/python3.10/site-packages/airflow/example_dags/example_local_kubernetes_executor.py
[2024-04-14T15:27:21.269+0000] {processor.py:829} INFO - Processing file /home/airflow/.local/lib/python3.10/site-packages/airflow/example_dags/example_local_kubernetes_executor.py for tasks to queue
[2024-04-14T15:27:21.270+0000] {logging_mixin.py:154} INFO - [2024-04-14T15:27:21.269+0000] {dagbag.py:536} INFO - Filling up the DagBag from /home/airflow/.local/lib/python3.10/site-packages/airflow/example_dags/example_local_kubernetes_executor.py
[2024-04-14T15:27:21.274+0000] {processor.py:839} INFO - DAG(s) dict_keys(['example_local_kubernetes_executor']) retrieved from /home/airflow/.local/lib/python3.10/site-packages/airflow/example_dags/example_local_kubernetes_executor.py
[2024-04-14T15:27:21.296+0000] {logging_mixin.py:154} INFO - [2024-04-14T15:27:21.296+0000] {dag.py:2941} INFO - Sync 1 DAGs
[2024-04-14T15:27:21.303+0000] {logging_mixin.py:154} INFO - [2024-04-14T15:27:21.303+0000] {dag.py:3722} INFO - Setting next_dagrun for example_local_kubernetes_executor to None, run_after=None
[2024-04-14T15:27:21.311+0000] {processor.py:179} INFO - Processing /home/airflow/.local/lib/python3.10/site-packages/airflow/example_dags/example_local_kubernetes_executor.py took 0.045 seconds
[2024-04-14T15:27:52.086+0000] {processor.py:157} INFO - Started process (PID=2026) to work on /home/airflow/.local/lib/python3.10/site-packages/airflow/example_dags/example_local_kubernetes_executor.py
[2024-04-14T15:27:52.087+0000] {processor.py:829} INFO - Processing file /home/airflow/.local/lib/python3.10/site-packages/airflow/example_dags/example_local_kubernetes_executor.py for tasks to queue
[2024-04-14T15:27:52.088+0000] {logging_mixin.py:154} INFO - [2024-04-14T15:27:52.088+0000] {dagbag.py:536} INFO - Filling up the DagBag from /home/airflow/.local/lib/python3.10/site-packages/airflow/example_dags/example_local_kubernetes_executor.py
[2024-04-14T15:27:52.093+0000] {processor.py:839} INFO - DAG(s) dict_keys(['example_local_kubernetes_executor']) retrieved from /home/airflow/.local/lib/python3.10/site-packages/airflow/example_dags/example_local_kubernetes_executor.py
[2024-04-14T15:27:52.115+0000] {logging_mixin.py:154} INFO - [2024-04-14T15:27:52.115+0000] {dag.py:2941} INFO - Sync 1 DAGs
[2024-04-14T15:27:52.124+0000] {logging_mixin.py:154} INFO - [2024-04-14T15:27:52.124+0000] {dag.py:3722} INFO - Setting next_dagrun for example_local_kubernetes_executor to None, run_after=None
[2024-04-14T15:27:52.132+0000] {processor.py:179} INFO - Processing /home/airflow/.local/lib/python3.10/site-packages/airflow/example_dags/example_local_kubernetes_executor.py took 0.049 seconds
[2024-04-14T15:28:22.746+0000] {processor.py:157} INFO - Started process (PID=2080) to work on /home/airflow/.local/lib/python3.10/site-packages/airflow/example_dags/example_local_kubernetes_executor.py
[2024-04-14T15:28:22.746+0000] {processor.py:829} INFO - Processing file /home/airflow/.local/lib/python3.10/site-packages/airflow/example_dags/example_local_kubernetes_executor.py for tasks to queue
[2024-04-14T15:28:22.747+0000] {logging_mixin.py:154} INFO - [2024-04-14T15:28:22.747+0000] {dagbag.py:536} INFO - Filling up the DagBag from /home/airflow/.local/lib/python3.10/site-packages/airflow/example_dags/example_local_kubernetes_executor.py
[2024-04-14T15:28:22.752+0000] {processor.py:839} INFO - DAG(s) dict_keys(['example_local_kubernetes_executor']) retrieved from /home/airflow/.local/lib/python3.10/site-packages/airflow/example_dags/example_local_kubernetes_executor.py
[2024-04-14T15:28:22.775+0000] {logging_mixin.py:154} INFO - [2024-04-14T15:28:22.775+0000] {dag.py:2941} INFO - Sync 1 DAGs
[2024-04-14T15:28:22.783+0000] {logging_mixin.py:154} INFO - [2024-04-14T15:28:22.782+0000] {dag.py:3722} INFO - Setting next_dagrun for example_local_kubernetes_executor to None, run_after=None
[2024-04-14T15:28:22.792+0000] {processor.py:179} INFO - Processing /home/airflow/.local/lib/python3.10/site-packages/airflow/example_dags/example_local_kubernetes_executor.py took 0.048 seconds
[2024-04-14T15:28:53.450+0000] {processor.py:157} INFO - Started process (PID=2134) to work on /home/airflow/.local/lib/python3.10/site-packages/airflow/example_dags/example_local_kubernetes_executor.py
[2024-04-14T15:28:53.451+0000] {processor.py:829} INFO - Processing file /home/airflow/.local/lib/python3.10/site-packages/airflow/example_dags/example_local_kubernetes_executor.py for tasks to queue
[2024-04-14T15:28:53.452+0000] {logging_mixin.py:154} INFO - [2024-04-14T15:28:53.452+0000] {dagbag.py:536} INFO - Filling up the DagBag from /home/airflow/.local/lib/python3.10/site-packages/airflow/example_dags/example_local_kubernetes_executor.py
[2024-04-14T15:28:53.456+0000] {processor.py:839} INFO - DAG(s) dict_keys(['example_local_kubernetes_executor']) retrieved from /home/airflow/.local/lib/python3.10/site-packages/airflow/example_dags/example_local_kubernetes_executor.py
[2024-04-14T15:28:53.478+0000] {logging_mixin.py:154} INFO - [2024-04-14T15:28:53.478+0000] {dag.py:2941} INFO - Sync 1 DAGs
[2024-04-14T15:28:53.485+0000] {logging_mixin.py:154} INFO - [2024-04-14T15:28:53.485+0000] {dag.py:3722} INFO - Setting next_dagrun for example_local_kubernetes_executor to None, run_after=None
[2024-04-14T15:28:53.494+0000] {processor.py:179} INFO - Processing /home/airflow/.local/lib/python3.10/site-packages/airflow/example_dags/example_local_kubernetes_executor.py took 0.046 seconds
[2024-04-14T15:29:24.284+0000] {processor.py:157} INFO - Started process (PID=2188) to work on /home/airflow/.local/lib/python3.10/site-packages/airflow/example_dags/example_local_kubernetes_executor.py
[2024-04-14T15:29:24.285+0000] {processor.py:829} INFO - Processing file /home/airflow/.local/lib/python3.10/site-packages/airflow/example_dags/example_local_kubernetes_executor.py for tasks to queue
[2024-04-14T15:29:24.286+0000] {logging_mixin.py:154} INFO - [2024-04-14T15:29:24.286+0000] {dagbag.py:536} INFO - Filling up the DagBag from /home/airflow/.local/lib/python3.10/site-packages/airflow/example_dags/example_local_kubernetes_executor.py
[2024-04-14T15:29:24.291+0000] {processor.py:839} INFO - DAG(s) dict_keys(['example_local_kubernetes_executor']) retrieved from /home/airflow/.local/lib/python3.10/site-packages/airflow/example_dags/example_local_kubernetes_executor.py
[2024-04-14T15:29:24.314+0000] {logging_mixin.py:154} INFO - [2024-04-14T15:29:24.314+0000] {dag.py:2941} INFO - Sync 1 DAGs
[2024-04-14T15:29:24.322+0000] {logging_mixin.py:154} INFO - [2024-04-14T15:29:24.322+0000] {dag.py:3722} INFO - Setting next_dagrun for example_local_kubernetes_executor to None, run_after=None
[2024-04-14T15:29:24.333+0000] {processor.py:179} INFO - Processing /home/airflow/.local/lib/python3.10/site-packages/airflow/example_dags/example_local_kubernetes_executor.py took 0.051 seconds
[2024-04-14T15:29:55.021+0000] {processor.py:157} INFO - Started process (PID=2242) to work on /home/airflow/.local/lib/python3.10/site-packages/airflow/example_dags/example_local_kubernetes_executor.py
[2024-04-14T15:29:55.022+0000] {processor.py:829} INFO - Processing file /home/airflow/.local/lib/python3.10/site-packages/airflow/example_dags/example_local_kubernetes_executor.py for tasks to queue
[2024-04-14T15:29:55.023+0000] {logging_mixin.py:154} INFO - [2024-04-14T15:29:55.023+0000] {dagbag.py:536} INFO - Filling up the DagBag from /home/airflow/.local/lib/python3.10/site-packages/airflow/example_dags/example_local_kubernetes_executor.py
[2024-04-14T15:29:55.027+0000] {processor.py:839} INFO - DAG(s) dict_keys(['example_local_kubernetes_executor']) retrieved from /home/airflow/.local/lib/python3.10/site-packages/airflow/example_dags/example_local_kubernetes_executor.py
[2024-04-14T15:29:55.048+0000] {logging_mixin.py:154} INFO - [2024-04-14T15:29:55.048+0000] {dag.py:2941} INFO - Sync 1 DAGs
[2024-04-14T15:29:55.055+0000] {logging_mixin.py:154} INFO - [2024-04-14T15:29:55.055+0000] {dag.py:3722} INFO - Setting next_dagrun for example_local_kubernetes_executor to None, run_after=None
[2024-04-14T15:29:55.063+0000] {processor.py:179} INFO - Processing /home/airflow/.local/lib/python3.10/site-packages/airflow/example_dags/example_local_kubernetes_executor.py took 0.044 seconds
[2024-04-14T15:30:25.820+0000] {processor.py:157} INFO - Started process (PID=2296) to work on /home/airflow/.local/lib/python3.10/site-packages/airflow/example_dags/example_local_kubernetes_executor.py
[2024-04-14T15:30:25.821+0000] {processor.py:829} INFO - Processing file /home/airflow/.local/lib/python3.10/site-packages/airflow/example_dags/example_local_kubernetes_executor.py for tasks to queue
[2024-04-14T15:30:25.822+0000] {logging_mixin.py:154} INFO - [2024-04-14T15:30:25.822+0000] {dagbag.py:536} INFO - Filling up the DagBag from /home/airflow/.local/lib/python3.10/site-packages/airflow/example_dags/example_local_kubernetes_executor.py
[2024-04-14T15:30:25.827+0000] {processor.py:839} INFO - DAG(s) dict_keys(['example_local_kubernetes_executor']) retrieved from /home/airflow/.local/lib/python3.10/site-packages/airflow/example_dags/example_local_kubernetes_executor.py
[2024-04-14T15:30:25.849+0000] {logging_mixin.py:154} INFO - [2024-04-14T15:30:25.849+0000] {dag.py:2941} INFO - Sync 1 DAGs
[2024-04-14T15:30:25.856+0000] {logging_mixin.py:154} INFO - [2024-04-14T15:30:25.856+0000] {dag.py:3722} INFO - Setting next_dagrun for example_local_kubernetes_executor to None, run_after=None
[2024-04-14T15:30:25.865+0000] {processor.py:179} INFO - Processing /home/airflow/.local/lib/python3.10/site-packages/airflow/example_dags/example_local_kubernetes_executor.py took 0.047 seconds
[2024-04-14T15:30:56.491+0000] {processor.py:157} INFO - Started process (PID=2350) to work on /home/airflow/.local/lib/python3.10/site-packages/airflow/example_dags/example_local_kubernetes_executor.py
[2024-04-14T15:30:56.491+0000] {processor.py:829} INFO - Processing file /home/airflow/.local/lib/python3.10/site-packages/airflow/example_dags/example_local_kubernetes_executor.py for tasks to queue
[2024-04-14T15:30:56.492+0000] {logging_mixin.py:154} INFO - [2024-04-14T15:30:56.492+0000] {dagbag.py:536} INFO - Filling up the DagBag from /home/airflow/.local/lib/python3.10/site-packages/airflow/example_dags/example_local_kubernetes_executor.py
[2024-04-14T15:30:56.497+0000] {processor.py:839} INFO - DAG(s) dict_keys(['example_local_kubernetes_executor']) retrieved from /home/airflow/.local/lib/python3.10/site-packages/airflow/example_dags/example_local_kubernetes_executor.py
[2024-04-14T15:30:56.519+0000] {logging_mixin.py:154} INFO - [2024-04-14T15:30:56.519+0000] {dag.py:2941} INFO - Sync 1 DAGs
[2024-04-14T15:30:56.527+0000] {logging_mixin.py:154} INFO - [2024-04-14T15:30:56.527+0000] {dag.py:3722} INFO - Setting next_dagrun for example_local_kubernetes_executor to None, run_after=None
[2024-04-14T15:30:56.535+0000] {processor.py:179} INFO - Processing /home/airflow/.local/lib/python3.10/site-packages/airflow/example_dags/example_local_kubernetes_executor.py took 0.047 seconds
[2024-04-14T15:31:27.248+0000] {processor.py:157} INFO - Started process (PID=2404) to work on /home/airflow/.local/lib/python3.10/site-packages/airflow/example_dags/example_local_kubernetes_executor.py
[2024-04-14T15:31:27.249+0000] {processor.py:829} INFO - Processing file /home/airflow/.local/lib/python3.10/site-packages/airflow/example_dags/example_local_kubernetes_executor.py for tasks to queue
[2024-04-14T15:31:27.250+0000] {logging_mixin.py:154} INFO - [2024-04-14T15:31:27.249+0000] {dagbag.py:536} INFO - Filling up the DagBag from /home/airflow/.local/lib/python3.10/site-packages/airflow/example_dags/example_local_kubernetes_executor.py
[2024-04-14T15:31:27.254+0000] {processor.py:839} INFO - DAG(s) dict_keys(['example_local_kubernetes_executor']) retrieved from /home/airflow/.local/lib/python3.10/site-packages/airflow/example_dags/example_local_kubernetes_executor.py
[2024-04-14T15:31:27.275+0000] {logging_mixin.py:154} INFO - [2024-04-14T15:31:27.275+0000] {dag.py:2941} INFO - Sync 1 DAGs
[2024-04-14T15:31:27.282+0000] {logging_mixin.py:154} INFO - [2024-04-14T15:31:27.282+0000] {dag.py:3722} INFO - Setting next_dagrun for example_local_kubernetes_executor to None, run_after=None
[2024-04-14T15:31:27.290+0000] {processor.py:179} INFO - Processing /home/airflow/.local/lib/python3.10/site-packages/airflow/example_dags/example_local_kubernetes_executor.py took 0.045 seconds
[2024-04-14T15:31:57.892+0000] {processor.py:157} INFO - Started process (PID=2458) to work on /home/airflow/.local/lib/python3.10/site-packages/airflow/example_dags/example_local_kubernetes_executor.py
[2024-04-14T15:31:57.892+0000] {processor.py:829} INFO - Processing file /home/airflow/.local/lib/python3.10/site-packages/airflow/example_dags/example_local_kubernetes_executor.py for tasks to queue
[2024-04-14T15:31:57.894+0000] {logging_mixin.py:154} INFO - [2024-04-14T15:31:57.893+0000] {dagbag.py:536} INFO - Filling up the DagBag from /home/airflow/.local/lib/python3.10/site-packages/airflow/example_dags/example_local_kubernetes_executor.py
[2024-04-14T15:31:57.899+0000] {processor.py:839} INFO - DAG(s) dict_keys(['example_local_kubernetes_executor']) retrieved from /home/airflow/.local/lib/python3.10/site-packages/airflow/example_dags/example_local_kubernetes_executor.py
[2024-04-14T15:31:57.920+0000] {logging_mixin.py:154} INFO - [2024-04-14T15:31:57.920+0000] {dag.py:2941} INFO - Sync 1 DAGs
[2024-04-14T15:31:57.927+0000] {logging_mixin.py:154} INFO - [2024-04-14T15:31:57.927+0000] {dag.py:3722} INFO - Setting next_dagrun for example_local_kubernetes_executor to None, run_after=None
[2024-04-14T15:31:57.936+0000] {processor.py:179} INFO - Processing /home/airflow/.local/lib/python3.10/site-packages/airflow/example_dags/example_local_kubernetes_executor.py took 0.047 seconds
[2024-04-14T15:32:28.625+0000] {processor.py:157} INFO - Started process (PID=2512) to work on /home/airflow/.local/lib/python3.10/site-packages/airflow/example_dags/example_local_kubernetes_executor.py
[2024-04-14T15:32:28.625+0000] {processor.py:829} INFO - Processing file /home/airflow/.local/lib/python3.10/site-packages/airflow/example_dags/example_local_kubernetes_executor.py for tasks to queue
[2024-04-14T15:32:28.627+0000] {logging_mixin.py:154} INFO - [2024-04-14T15:32:28.627+0000] {dagbag.py:536} INFO - Filling up the DagBag from /home/airflow/.local/lib/python3.10/site-packages/airflow/example_dags/example_local_kubernetes_executor.py
[2024-04-14T15:32:28.632+0000] {processor.py:839} INFO - DAG(s) dict_keys(['example_local_kubernetes_executor']) retrieved from /home/airflow/.local/lib/python3.10/site-packages/airflow/example_dags/example_local_kubernetes_executor.py
[2024-04-14T15:32:28.654+0000] {logging_mixin.py:154} INFO - [2024-04-14T15:32:28.654+0000] {dag.py:2941} INFO - Sync 1 DAGs
[2024-04-14T15:32:28.662+0000] {logging_mixin.py:154} INFO - [2024-04-14T15:32:28.662+0000] {dag.py:3722} INFO - Setting next_dagrun for example_local_kubernetes_executor to None, run_after=None
[2024-04-14T15:32:28.671+0000] {processor.py:179} INFO - Processing /home/airflow/.local/lib/python3.10/site-packages/airflow/example_dags/example_local_kubernetes_executor.py took 0.049 seconds
[2024-04-14T15:32:59.328+0000] {processor.py:157} INFO - Started process (PID=2566) to work on /home/airflow/.local/lib/python3.10/site-packages/airflow/example_dags/example_local_kubernetes_executor.py
[2024-04-14T15:32:59.329+0000] {processor.py:829} INFO - Processing file /home/airflow/.local/lib/python3.10/site-packages/airflow/example_dags/example_local_kubernetes_executor.py for tasks to queue
[2024-04-14T15:32:59.330+0000] {logging_mixin.py:154} INFO - [2024-04-14T15:32:59.330+0000] {dagbag.py:536} INFO - Filling up the DagBag from /home/airflow/.local/lib/python3.10/site-packages/airflow/example_dags/example_local_kubernetes_executor.py
[2024-04-14T15:32:59.335+0000] {processor.py:839} INFO - DAG(s) dict_keys(['example_local_kubernetes_executor']) retrieved from /home/airflow/.local/lib/python3.10/site-packages/airflow/example_dags/example_local_kubernetes_executor.py
[2024-04-14T15:32:59.355+0000] {logging_mixin.py:154} INFO - [2024-04-14T15:32:59.355+0000] {dag.py:2941} INFO - Sync 1 DAGs
[2024-04-14T15:32:59.363+0000] {logging_mixin.py:154} INFO - [2024-04-14T15:32:59.363+0000] {dag.py:3722} INFO - Setting next_dagrun for example_local_kubernetes_executor to None, run_after=None
[2024-04-14T15:32:59.371+0000] {processor.py:179} INFO - Processing /home/airflow/.local/lib/python3.10/site-packages/airflow/example_dags/example_local_kubernetes_executor.py took 0.045 seconds
[2024-04-14T15:33:29.976+0000] {processor.py:157} INFO - Started process (PID=2620) to work on /home/airflow/.local/lib/python3.10/site-packages/airflow/example_dags/example_local_kubernetes_executor.py
[2024-04-14T15:33:29.976+0000] {processor.py:829} INFO - Processing file /home/airflow/.local/lib/python3.10/site-packages/airflow/example_dags/example_local_kubernetes_executor.py for tasks to queue
[2024-04-14T15:33:29.977+0000] {logging_mixin.py:154} INFO - [2024-04-14T15:33:29.977+0000] {dagbag.py:536} INFO - Filling up the DagBag from /home/airflow/.local/lib/python3.10/site-packages/airflow/example_dags/example_local_kubernetes_executor.py
[2024-04-14T15:33:29.982+0000] {processor.py:839} INFO - DAG(s) dict_keys(['example_local_kubernetes_executor']) retrieved from /home/airflow/.local/lib/python3.10/site-packages/airflow/example_dags/example_local_kubernetes_executor.py
[2024-04-14T15:33:30.004+0000] {logging_mixin.py:154} INFO - [2024-04-14T15:33:30.004+0000] {dag.py:2941} INFO - Sync 1 DAGs
[2024-04-14T15:33:30.012+0000] {logging_mixin.py:154} INFO - [2024-04-14T15:33:30.011+0000] {dag.py:3722} INFO - Setting next_dagrun for example_local_kubernetes_executor to None, run_after=None
[2024-04-14T15:33:30.020+0000] {processor.py:179} INFO - Processing /home/airflow/.local/lib/python3.10/site-packages/airflow/example_dags/example_local_kubernetes_executor.py took 0.047 seconds
[2024-04-14T15:34:00.616+0000] {processor.py:157} INFO - Started process (PID=2674) to work on /home/airflow/.local/lib/python3.10/site-packages/airflow/example_dags/example_local_kubernetes_executor.py
[2024-04-14T15:34:00.616+0000] {processor.py:829} INFO - Processing file /home/airflow/.local/lib/python3.10/site-packages/airflow/example_dags/example_local_kubernetes_executor.py for tasks to queue
[2024-04-14T15:34:00.617+0000] {logging_mixin.py:154} INFO - [2024-04-14T15:34:00.617+0000] {dagbag.py:536} INFO - Filling up the DagBag from /home/airflow/.local/lib/python3.10/site-packages/airflow/example_dags/example_local_kubernetes_executor.py
[2024-04-14T15:34:00.622+0000] {processor.py:839} INFO - DAG(s) dict_keys(['example_local_kubernetes_executor']) retrieved from /home/airflow/.local/lib/python3.10/site-packages/airflow/example_dags/example_local_kubernetes_executor.py
[2024-04-14T15:34:00.644+0000] {logging_mixin.py:154} INFO - [2024-04-14T15:34:00.644+0000] {dag.py:2941} INFO - Sync 1 DAGs
[2024-04-14T15:34:00.651+0000] {logging_mixin.py:154} INFO - [2024-04-14T15:34:00.651+0000] {dag.py:3722} INFO - Setting next_dagrun for example_local_kubernetes_executor to None, run_after=None
[2024-04-14T15:34:00.660+0000] {processor.py:179} INFO - Processing /home/airflow/.local/lib/python3.10/site-packages/airflow/example_dags/example_local_kubernetes_executor.py took 0.047 seconds
[2024-04-14T15:34:31.300+0000] {processor.py:157} INFO - Started process (PID=2728) to work on /home/airflow/.local/lib/python3.10/site-packages/airflow/example_dags/example_local_kubernetes_executor.py
[2024-04-14T15:34:31.300+0000] {processor.py:829} INFO - Processing file /home/airflow/.local/lib/python3.10/site-packages/airflow/example_dags/example_local_kubernetes_executor.py for tasks to queue
[2024-04-14T15:34:31.301+0000] {logging_mixin.py:154} INFO - [2024-04-14T15:34:31.301+0000] {dagbag.py:536} INFO - Filling up the DagBag from /home/airflow/.local/lib/python3.10/site-packages/airflow/example_dags/example_local_kubernetes_executor.py
[2024-04-14T15:34:31.307+0000] {processor.py:839} INFO - DAG(s) dict_keys(['example_local_kubernetes_executor']) retrieved from /home/airflow/.local/lib/python3.10/site-packages/airflow/example_dags/example_local_kubernetes_executor.py
[2024-04-14T15:34:31.328+0000] {logging_mixin.py:154} INFO - [2024-04-14T15:34:31.328+0000] {dag.py:2941} INFO - Sync 1 DAGs
[2024-04-14T15:34:31.336+0000] {logging_mixin.py:154} INFO - [2024-04-14T15:34:31.336+0000] {dag.py:3722} INFO - Setting next_dagrun for example_local_kubernetes_executor to None, run_after=None
[2024-04-14T15:34:31.344+0000] {processor.py:179} INFO - Processing /home/airflow/.local/lib/python3.10/site-packages/airflow/example_dags/example_local_kubernetes_executor.py took 0.047 seconds
[2024-04-14T15:35:01.966+0000] {processor.py:157} INFO - Started process (PID=2782) to work on /home/airflow/.local/lib/python3.10/site-packages/airflow/example_dags/example_local_kubernetes_executor.py
[2024-04-14T15:35:01.967+0000] {processor.py:829} INFO - Processing file /home/airflow/.local/lib/python3.10/site-packages/airflow/example_dags/example_local_kubernetes_executor.py for tasks to queue
[2024-04-14T15:35:01.968+0000] {logging_mixin.py:154} INFO - [2024-04-14T15:35:01.968+0000] {dagbag.py:536} INFO - Filling up the DagBag from /home/airflow/.local/lib/python3.10/site-packages/airflow/example_dags/example_local_kubernetes_executor.py
[2024-04-14T15:35:01.973+0000] {processor.py:839} INFO - DAG(s) dict_keys(['example_local_kubernetes_executor']) retrieved from /home/airflow/.local/lib/python3.10/site-packages/airflow/example_dags/example_local_kubernetes_executor.py
[2024-04-14T15:35:01.995+0000] {logging_mixin.py:154} INFO - [2024-04-14T15:35:01.995+0000] {dag.py:2941} INFO - Sync 1 DAGs
[2024-04-14T15:35:02.002+0000] {logging_mixin.py:154} INFO - [2024-04-14T15:35:02.002+0000] {dag.py:3722} INFO - Setting next_dagrun for example_local_kubernetes_executor to None, run_after=None
[2024-04-14T15:35:02.011+0000] {processor.py:179} INFO - Processing /home/airflow/.local/lib/python3.10/site-packages/airflow/example_dags/example_local_kubernetes_executor.py took 0.047 seconds
[2024-04-14T15:35:32.708+0000] {processor.py:157} INFO - Started process (PID=2836) to work on /home/airflow/.local/lib/python3.10/site-packages/airflow/example_dags/example_local_kubernetes_executor.py
[2024-04-14T15:35:32.708+0000] {processor.py:829} INFO - Processing file /home/airflow/.local/lib/python3.10/site-packages/airflow/example_dags/example_local_kubernetes_executor.py for tasks to queue
[2024-04-14T15:35:32.709+0000] {logging_mixin.py:154} INFO - [2024-04-14T15:35:32.709+0000] {dagbag.py:536} INFO - Filling up the DagBag from /home/airflow/.local/lib/python3.10/site-packages/airflow/example_dags/example_local_kubernetes_executor.py
[2024-04-14T15:35:32.714+0000] {processor.py:839} INFO - DAG(s) dict_keys(['example_local_kubernetes_executor']) retrieved from /home/airflow/.local/lib/python3.10/site-packages/airflow/example_dags/example_local_kubernetes_executor.py
[2024-04-14T15:35:32.737+0000] {logging_mixin.py:154} INFO - [2024-04-14T15:35:32.736+0000] {dag.py:2941} INFO - Sync 1 DAGs
[2024-04-14T15:35:32.744+0000] {logging_mixin.py:154} INFO - [2024-04-14T15:35:32.744+0000] {dag.py:3722} INFO - Setting next_dagrun for example_local_kubernetes_executor to None, run_after=None
[2024-04-14T15:35:32.753+0000] {processor.py:179} INFO - Processing /home/airflow/.local/lib/python3.10/site-packages/airflow/example_dags/example_local_kubernetes_executor.py took 0.047 seconds
[2024-04-14T15:36:03.482+0000] {processor.py:157} INFO - Started process (PID=2890) to work on /home/airflow/.local/lib/python3.10/site-packages/airflow/example_dags/example_local_kubernetes_executor.py
[2024-04-14T15:36:03.482+0000] {processor.py:829} INFO - Processing file /home/airflow/.local/lib/python3.10/site-packages/airflow/example_dags/example_local_kubernetes_executor.py for tasks to queue
[2024-04-14T15:36:03.483+0000] {logging_mixin.py:154} INFO - [2024-04-14T15:36:03.483+0000] {dagbag.py:536} INFO - Filling up the DagBag from /home/airflow/.local/lib/python3.10/site-packages/airflow/example_dags/example_local_kubernetes_executor.py
[2024-04-14T15:36:03.488+0000] {processor.py:839} INFO - DAG(s) dict_keys(['example_local_kubernetes_executor']) retrieved from /home/airflow/.local/lib/python3.10/site-packages/airflow/example_dags/example_local_kubernetes_executor.py
[2024-04-14T15:36:03.509+0000] {logging_mixin.py:154} INFO - [2024-04-14T15:36:03.509+0000] {dag.py:2941} INFO - Sync 1 DAGs
[2024-04-14T15:36:03.516+0000] {logging_mixin.py:154} INFO - [2024-04-14T15:36:03.516+0000] {dag.py:3722} INFO - Setting next_dagrun for example_local_kubernetes_executor to None, run_after=None
[2024-04-14T15:36:03.524+0000] {processor.py:179} INFO - Processing /home/airflow/.local/lib/python3.10/site-packages/airflow/example_dags/example_local_kubernetes_executor.py took 0.045 seconds
[2024-04-14T15:36:34.272+0000] {processor.py:157} INFO - Started process (PID=2944) to work on /home/airflow/.local/lib/python3.10/site-packages/airflow/example_dags/example_local_kubernetes_executor.py
[2024-04-14T15:36:34.272+0000] {processor.py:829} INFO - Processing file /home/airflow/.local/lib/python3.10/site-packages/airflow/example_dags/example_local_kubernetes_executor.py for tasks to queue
[2024-04-14T15:36:34.273+0000] {logging_mixin.py:154} INFO - [2024-04-14T15:36:34.273+0000] {dagbag.py:536} INFO - Filling up the DagBag from /home/airflow/.local/lib/python3.10/site-packages/airflow/example_dags/example_local_kubernetes_executor.py
[2024-04-14T15:36:34.278+0000] {processor.py:839} INFO - DAG(s) dict_keys(['example_local_kubernetes_executor']) retrieved from /home/airflow/.local/lib/python3.10/site-packages/airflow/example_dags/example_local_kubernetes_executor.py
[2024-04-14T15:36:34.300+0000] {logging_mixin.py:154} INFO - [2024-04-14T15:36:34.300+0000] {dag.py:2941} INFO - Sync 1 DAGs
[2024-04-14T15:36:34.307+0000] {logging_mixin.py:154} INFO - [2024-04-14T15:36:34.307+0000] {dag.py:3722} INFO - Setting next_dagrun for example_local_kubernetes_executor to None, run_after=None
[2024-04-14T15:36:34.315+0000] {processor.py:179} INFO - Processing /home/airflow/.local/lib/python3.10/site-packages/airflow/example_dags/example_local_kubernetes_executor.py took 0.046 seconds
[2024-04-14T15:37:05.031+0000] {processor.py:157} INFO - Started process (PID=2998) to work on /home/airflow/.local/lib/python3.10/site-packages/airflow/example_dags/example_local_kubernetes_executor.py
[2024-04-14T15:37:05.032+0000] {processor.py:829} INFO - Processing file /home/airflow/.local/lib/python3.10/site-packages/airflow/example_dags/example_local_kubernetes_executor.py for tasks to queue
[2024-04-14T15:37:05.033+0000] {logging_mixin.py:154} INFO - [2024-04-14T15:37:05.033+0000] {dagbag.py:536} INFO - Filling up the DagBag from /home/airflow/.local/lib/python3.10/site-packages/airflow/example_dags/example_local_kubernetes_executor.py
[2024-04-14T15:37:05.038+0000] {processor.py:839} INFO - DAG(s) dict_keys(['example_local_kubernetes_executor']) retrieved from /home/airflow/.local/lib/python3.10/site-packages/airflow/example_dags/example_local_kubernetes_executor.py
[2024-04-14T15:37:05.059+0000] {logging_mixin.py:154} INFO - [2024-04-14T15:37:05.059+0000] {dag.py:2941} INFO - Sync 1 DAGs
[2024-04-14T15:37:05.066+0000] {logging_mixin.py:154} INFO - [2024-04-14T15:37:05.066+0000] {dag.py:3722} INFO - Setting next_dagrun for example_local_kubernetes_executor to None, run_after=None
[2024-04-14T15:37:05.075+0000] {processor.py:179} INFO - Processing /home/airflow/.local/lib/python3.10/site-packages/airflow/example_dags/example_local_kubernetes_executor.py took 0.046 seconds
[2024-04-14T15:37:35.748+0000] {processor.py:157} INFO - Started process (PID=3052) to work on /home/airflow/.local/lib/python3.10/site-packages/airflow/example_dags/example_local_kubernetes_executor.py
[2024-04-14T15:37:35.749+0000] {processor.py:829} INFO - Processing file /home/airflow/.local/lib/python3.10/site-packages/airflow/example_dags/example_local_kubernetes_executor.py for tasks to queue
[2024-04-14T15:37:35.750+0000] {logging_mixin.py:154} INFO - [2024-04-14T15:37:35.750+0000] {dagbag.py:536} INFO - Filling up the DagBag from /home/airflow/.local/lib/python3.10/site-packages/airflow/example_dags/example_local_kubernetes_executor.py
[2024-04-14T15:37:35.756+0000] {processor.py:839} INFO - DAG(s) dict_keys(['example_local_kubernetes_executor']) retrieved from /home/airflow/.local/lib/python3.10/site-packages/airflow/example_dags/example_local_kubernetes_executor.py
[2024-04-14T15:37:35.779+0000] {logging_mixin.py:154} INFO - [2024-04-14T15:37:35.778+0000] {dag.py:2941} INFO - Sync 1 DAGs
[2024-04-14T15:37:35.787+0000] {logging_mixin.py:154} INFO - [2024-04-14T15:37:35.787+0000] {dag.py:3722} INFO - Setting next_dagrun for example_local_kubernetes_executor to None, run_after=None
[2024-04-14T15:37:35.796+0000] {processor.py:179} INFO - Processing /home/airflow/.local/lib/python3.10/site-packages/airflow/example_dags/example_local_kubernetes_executor.py took 0.050 seconds
[2024-04-14T15:38:06.609+0000] {processor.py:157} INFO - Started process (PID=3106) to work on /home/airflow/.local/lib/python3.10/site-packages/airflow/example_dags/example_local_kubernetes_executor.py
[2024-04-14T15:38:06.609+0000] {processor.py:829} INFO - Processing file /home/airflow/.local/lib/python3.10/site-packages/airflow/example_dags/example_local_kubernetes_executor.py for tasks to queue
[2024-04-14T15:38:06.610+0000] {logging_mixin.py:154} INFO - [2024-04-14T15:38:06.610+0000] {dagbag.py:536} INFO - Filling up the DagBag from /home/airflow/.local/lib/python3.10/site-packages/airflow/example_dags/example_local_kubernetes_executor.py
[2024-04-14T15:38:06.615+0000] {processor.py:839} INFO - DAG(s) dict_keys(['example_local_kubernetes_executor']) retrieved from /home/airflow/.local/lib/python3.10/site-packages/airflow/example_dags/example_local_kubernetes_executor.py
[2024-04-14T15:38:06.638+0000] {logging_mixin.py:154} INFO - [2024-04-14T15:38:06.638+0000] {dag.py:2941} INFO - Sync 1 DAGs
[2024-04-14T15:38:06.645+0000] {logging_mixin.py:154} INFO - [2024-04-14T15:38:06.645+0000] {dag.py:3722} INFO - Setting next_dagrun for example_local_kubernetes_executor to None, run_after=None
[2024-04-14T15:38:06.654+0000] {processor.py:179} INFO - Processing /home/airflow/.local/lib/python3.10/site-packages/airflow/example_dags/example_local_kubernetes_executor.py took 0.048 seconds
[2024-04-14T15:38:37.365+0000] {processor.py:157} INFO - Started process (PID=3160) to work on /home/airflow/.local/lib/python3.10/site-packages/airflow/example_dags/example_local_kubernetes_executor.py
[2024-04-14T15:38:37.366+0000] {processor.py:829} INFO - Processing file /home/airflow/.local/lib/python3.10/site-packages/airflow/example_dags/example_local_kubernetes_executor.py for tasks to queue
[2024-04-14T15:38:37.367+0000] {logging_mixin.py:154} INFO - [2024-04-14T15:38:37.367+0000] {dagbag.py:536} INFO - Filling up the DagBag from /home/airflow/.local/lib/python3.10/site-packages/airflow/example_dags/example_local_kubernetes_executor.py
[2024-04-14T15:38:37.372+0000] {processor.py:839} INFO - DAG(s) dict_keys(['example_local_kubernetes_executor']) retrieved from /home/airflow/.local/lib/python3.10/site-packages/airflow/example_dags/example_local_kubernetes_executor.py
[2024-04-14T15:38:37.394+0000] {logging_mixin.py:154} INFO - [2024-04-14T15:38:37.394+0000] {dag.py:2941} INFO - Sync 1 DAGs
[2024-04-14T15:38:37.401+0000] {logging_mixin.py:154} INFO - [2024-04-14T15:38:37.401+0000] {dag.py:3722} INFO - Setting next_dagrun for example_local_kubernetes_executor to None, run_after=None
[2024-04-14T15:38:37.409+0000] {processor.py:179} INFO - Processing /home/airflow/.local/lib/python3.10/site-packages/airflow/example_dags/example_local_kubernetes_executor.py took 0.046 seconds
[2024-04-14T15:39:08.368+0000] {processor.py:157} INFO - Started process (PID=3214) to work on /home/airflow/.local/lib/python3.10/site-packages/airflow/example_dags/example_local_kubernetes_executor.py
[2024-04-14T15:39:08.369+0000] {processor.py:829} INFO - Processing file /home/airflow/.local/lib/python3.10/site-packages/airflow/example_dags/example_local_kubernetes_executor.py for tasks to queue
[2024-04-14T15:39:08.370+0000] {logging_mixin.py:154} INFO - [2024-04-14T15:39:08.370+0000] {dagbag.py:536} INFO - Filling up the DagBag from /home/airflow/.local/lib/python3.10/site-packages/airflow/example_dags/example_local_kubernetes_executor.py
[2024-04-14T15:39:08.377+0000] {processor.py:839} INFO - DAG(s) dict_keys(['example_local_kubernetes_executor']) retrieved from /home/airflow/.local/lib/python3.10/site-packages/airflow/example_dags/example_local_kubernetes_executor.py
[2024-04-14T15:39:08.409+0000] {logging_mixin.py:154} INFO - [2024-04-14T15:39:08.409+0000] {dag.py:2941} INFO - Sync 1 DAGs
[2024-04-14T15:39:08.421+0000] {logging_mixin.py:154} INFO - [2024-04-14T15:39:08.421+0000] {dag.py:3722} INFO - Setting next_dagrun for example_local_kubernetes_executor to None, run_after=None
[2024-04-14T15:39:08.435+0000] {processor.py:179} INFO - Processing /home/airflow/.local/lib/python3.10/site-packages/airflow/example_dags/example_local_kubernetes_executor.py took 0.069 seconds
[2024-04-14T15:39:39.339+0000] {processor.py:157} INFO - Started process (PID=3268) to work on /home/airflow/.local/lib/python3.10/site-packages/airflow/example_dags/example_local_kubernetes_executor.py
[2024-04-14T15:39:39.340+0000] {processor.py:829} INFO - Processing file /home/airflow/.local/lib/python3.10/site-packages/airflow/example_dags/example_local_kubernetes_executor.py for tasks to queue
[2024-04-14T15:39:39.341+0000] {logging_mixin.py:154} INFO - [2024-04-14T15:39:39.341+0000] {dagbag.py:536} INFO - Filling up the DagBag from /home/airflow/.local/lib/python3.10/site-packages/airflow/example_dags/example_local_kubernetes_executor.py
[2024-04-14T15:39:39.346+0000] {processor.py:839} INFO - DAG(s) dict_keys(['example_local_kubernetes_executor']) retrieved from /home/airflow/.local/lib/python3.10/site-packages/airflow/example_dags/example_local_kubernetes_executor.py
[2024-04-14T15:39:39.368+0000] {logging_mixin.py:154} INFO - [2024-04-14T15:39:39.368+0000] {dag.py:2941} INFO - Sync 1 DAGs
[2024-04-14T15:39:39.376+0000] {logging_mixin.py:154} INFO - [2024-04-14T15:39:39.375+0000] {dag.py:3722} INFO - Setting next_dagrun for example_local_kubernetes_executor to None, run_after=None
[2024-04-14T15:39:39.385+0000] {processor.py:179} INFO - Processing /home/airflow/.local/lib/python3.10/site-packages/airflow/example_dags/example_local_kubernetes_executor.py took 0.048 seconds
[2024-04-14T15:40:10.264+0000] {processor.py:157} INFO - Started process (PID=3322) to work on /home/airflow/.local/lib/python3.10/site-packages/airflow/example_dags/example_local_kubernetes_executor.py
[2024-04-14T15:40:10.265+0000] {processor.py:829} INFO - Processing file /home/airflow/.local/lib/python3.10/site-packages/airflow/example_dags/example_local_kubernetes_executor.py for tasks to queue
[2024-04-14T15:40:10.266+0000] {logging_mixin.py:154} INFO - [2024-04-14T15:40:10.266+0000] {dagbag.py:536} INFO - Filling up the DagBag from /home/airflow/.local/lib/python3.10/site-packages/airflow/example_dags/example_local_kubernetes_executor.py
[2024-04-14T15:40:10.271+0000] {processor.py:839} INFO - DAG(s) dict_keys(['example_local_kubernetes_executor']) retrieved from /home/airflow/.local/lib/python3.10/site-packages/airflow/example_dags/example_local_kubernetes_executor.py
[2024-04-14T15:40:10.293+0000] {logging_mixin.py:154} INFO - [2024-04-14T15:40:10.293+0000] {dag.py:2941} INFO - Sync 1 DAGs
[2024-04-14T15:40:10.300+0000] {logging_mixin.py:154} INFO - [2024-04-14T15:40:10.300+0000] {dag.py:3722} INFO - Setting next_dagrun for example_local_kubernetes_executor to None, run_after=None
[2024-04-14T15:40:10.309+0000] {processor.py:179} INFO - Processing /home/airflow/.local/lib/python3.10/site-packages/airflow/example_dags/example_local_kubernetes_executor.py took 0.047 seconds
[2024-04-14T15:41:10.832+0000] {processor.py:157} INFO - Started process (PID=75) to work on /home/airflow/.local/lib/python3.10/site-packages/airflow/example_dags/example_local_kubernetes_executor.py
[2024-04-14T15:41:10.832+0000] {processor.py:829} INFO - Processing file /home/airflow/.local/lib/python3.10/site-packages/airflow/example_dags/example_local_kubernetes_executor.py for tasks to queue
[2024-04-14T15:41:10.833+0000] {logging_mixin.py:154} INFO - [2024-04-14T15:41:10.833+0000] {dagbag.py:536} INFO - Filling up the DagBag from /home/airflow/.local/lib/python3.10/site-packages/airflow/example_dags/example_local_kubernetes_executor.py
[2024-04-14T15:41:10.838+0000] {processor.py:839} INFO - DAG(s) dict_keys(['example_local_kubernetes_executor']) retrieved from /home/airflow/.local/lib/python3.10/site-packages/airflow/example_dags/example_local_kubernetes_executor.py
[2024-04-14T15:41:10.845+0000] {logging_mixin.py:154} INFO - [2024-04-14T15:41:10.845+0000] {dag.py:2941} INFO - Sync 1 DAGs
[2024-04-14T15:41:10.853+0000] {logging_mixin.py:154} INFO - [2024-04-14T15:41:10.853+0000] {dag.py:3722} INFO - Setting next_dagrun for example_local_kubernetes_executor to None, run_after=None
[2024-04-14T15:41:10.864+0000] {processor.py:179} INFO - Processing /home/airflow/.local/lib/python3.10/site-packages/airflow/example_dags/example_local_kubernetes_executor.py took 0.034 seconds
[2024-04-14T15:41:41.449+0000] {processor.py:157} INFO - Started process (PID=129) to work on /home/airflow/.local/lib/python3.10/site-packages/airflow/example_dags/example_local_kubernetes_executor.py
[2024-04-14T15:41:41.450+0000] {processor.py:829} INFO - Processing file /home/airflow/.local/lib/python3.10/site-packages/airflow/example_dags/example_local_kubernetes_executor.py for tasks to queue
[2024-04-14T15:41:41.451+0000] {logging_mixin.py:154} INFO - [2024-04-14T15:41:41.451+0000] {dagbag.py:536} INFO - Filling up the DagBag from /home/airflow/.local/lib/python3.10/site-packages/airflow/example_dags/example_local_kubernetes_executor.py
[2024-04-14T15:41:41.456+0000] {processor.py:839} INFO - DAG(s) dict_keys(['example_local_kubernetes_executor']) retrieved from /home/airflow/.local/lib/python3.10/site-packages/airflow/example_dags/example_local_kubernetes_executor.py
[2024-04-14T15:41:41.476+0000] {logging_mixin.py:154} INFO - [2024-04-14T15:41:41.476+0000] {dag.py:2941} INFO - Sync 1 DAGs
[2024-04-14T15:41:41.483+0000] {logging_mixin.py:154} INFO - [2024-04-14T15:41:41.483+0000] {dag.py:3722} INFO - Setting next_dagrun for example_local_kubernetes_executor to None, run_after=None
[2024-04-14T15:41:41.491+0000] {processor.py:179} INFO - Processing /home/airflow/.local/lib/python3.10/site-packages/airflow/example_dags/example_local_kubernetes_executor.py took 0.044 seconds
[2024-04-14T15:42:12.253+0000] {processor.py:157} INFO - Started process (PID=183) to work on /home/airflow/.local/lib/python3.10/site-packages/airflow/example_dags/example_local_kubernetes_executor.py
[2024-04-14T15:42:12.254+0000] {processor.py:829} INFO - Processing file /home/airflow/.local/lib/python3.10/site-packages/airflow/example_dags/example_local_kubernetes_executor.py for tasks to queue
[2024-04-14T15:42:12.254+0000] {logging_mixin.py:154} INFO - [2024-04-14T15:42:12.254+0000] {dagbag.py:536} INFO - Filling up the DagBag from /home/airflow/.local/lib/python3.10/site-packages/airflow/example_dags/example_local_kubernetes_executor.py
[2024-04-14T15:42:12.259+0000] {processor.py:839} INFO - DAG(s) dict_keys(['example_local_kubernetes_executor']) retrieved from /home/airflow/.local/lib/python3.10/site-packages/airflow/example_dags/example_local_kubernetes_executor.py
[2024-04-14T15:42:12.282+0000] {logging_mixin.py:154} INFO - [2024-04-14T15:42:12.281+0000] {dag.py:2941} INFO - Sync 1 DAGs
[2024-04-14T15:42:12.289+0000] {logging_mixin.py:154} INFO - [2024-04-14T15:42:12.289+0000] {dag.py:3722} INFO - Setting next_dagrun for example_local_kubernetes_executor to None, run_after=None
[2024-04-14T15:42:12.298+0000] {processor.py:179} INFO - Processing /home/airflow/.local/lib/python3.10/site-packages/airflow/example_dags/example_local_kubernetes_executor.py took 0.047 seconds
[2024-04-14T15:42:42.822+0000] {processor.py:157} INFO - Started process (PID=237) to work on /home/airflow/.local/lib/python3.10/site-packages/airflow/example_dags/example_local_kubernetes_executor.py
[2024-04-14T15:42:42.823+0000] {processor.py:829} INFO - Processing file /home/airflow/.local/lib/python3.10/site-packages/airflow/example_dags/example_local_kubernetes_executor.py for tasks to queue
[2024-04-14T15:42:42.823+0000] {logging_mixin.py:154} INFO - [2024-04-14T15:42:42.823+0000] {dagbag.py:536} INFO - Filling up the DagBag from /home/airflow/.local/lib/python3.10/site-packages/airflow/example_dags/example_local_kubernetes_executor.py
[2024-04-14T15:42:42.828+0000] {processor.py:839} INFO - DAG(s) dict_keys(['example_local_kubernetes_executor']) retrieved from /home/airflow/.local/lib/python3.10/site-packages/airflow/example_dags/example_local_kubernetes_executor.py
[2024-04-14T15:42:42.850+0000] {logging_mixin.py:154} INFO - [2024-04-14T15:42:42.850+0000] {dag.py:2941} INFO - Sync 1 DAGs
[2024-04-14T15:42:42.858+0000] {logging_mixin.py:154} INFO - [2024-04-14T15:42:42.858+0000] {dag.py:3722} INFO - Setting next_dagrun for example_local_kubernetes_executor to None, run_after=None
[2024-04-14T15:42:42.867+0000] {processor.py:179} INFO - Processing /home/airflow/.local/lib/python3.10/site-packages/airflow/example_dags/example_local_kubernetes_executor.py took 0.047 seconds
[2024-04-14T15:46:34.164+0000] {processor.py:157} INFO - Started process (PID=76) to work on /home/airflow/.local/lib/python3.10/site-packages/airflow/example_dags/example_local_kubernetes_executor.py
[2024-04-14T15:46:34.164+0000] {processor.py:829} INFO - Processing file /home/airflow/.local/lib/python3.10/site-packages/airflow/example_dags/example_local_kubernetes_executor.py for tasks to queue
[2024-04-14T15:46:34.165+0000] {logging_mixin.py:154} INFO - [2024-04-14T15:46:34.165+0000] {dagbag.py:536} INFO - Filling up the DagBag from /home/airflow/.local/lib/python3.10/site-packages/airflow/example_dags/example_local_kubernetes_executor.py
[2024-04-14T15:46:34.170+0000] {processor.py:839} INFO - DAG(s) dict_keys(['example_local_kubernetes_executor']) retrieved from /home/airflow/.local/lib/python3.10/site-packages/airflow/example_dags/example_local_kubernetes_executor.py
[2024-04-14T15:46:34.179+0000] {logging_mixin.py:154} INFO - [2024-04-14T15:46:34.179+0000] {dag.py:2941} INFO - Sync 1 DAGs
[2024-04-14T15:46:34.188+0000] {logging_mixin.py:154} INFO - [2024-04-14T15:46:34.188+0000] {dag.py:3722} INFO - Setting next_dagrun for example_local_kubernetes_executor to None, run_after=None
[2024-04-14T15:46:34.198+0000] {processor.py:179} INFO - Processing /home/airflow/.local/lib/python3.10/site-packages/airflow/example_dags/example_local_kubernetes_executor.py took 0.037 seconds
[2024-04-14T15:47:05.001+0000] {processor.py:157} INFO - Started process (PID=131) to work on /home/airflow/.local/lib/python3.10/site-packages/airflow/example_dags/example_local_kubernetes_executor.py
[2024-04-14T15:47:05.002+0000] {processor.py:829} INFO - Processing file /home/airflow/.local/lib/python3.10/site-packages/airflow/example_dags/example_local_kubernetes_executor.py for tasks to queue
[2024-04-14T15:47:05.003+0000] {logging_mixin.py:154} INFO - [2024-04-14T15:47:05.003+0000] {dagbag.py:536} INFO - Filling up the DagBag from /home/airflow/.local/lib/python3.10/site-packages/airflow/example_dags/example_local_kubernetes_executor.py
[2024-04-14T15:47:05.008+0000] {processor.py:839} INFO - DAG(s) dict_keys(['example_local_kubernetes_executor']) retrieved from /home/airflow/.local/lib/python3.10/site-packages/airflow/example_dags/example_local_kubernetes_executor.py
[2024-04-14T15:47:05.028+0000] {logging_mixin.py:154} INFO - [2024-04-14T15:47:05.028+0000] {dag.py:2941} INFO - Sync 1 DAGs
[2024-04-14T15:47:05.035+0000] {logging_mixin.py:154} INFO - [2024-04-14T15:47:05.035+0000] {dag.py:3722} INFO - Setting next_dagrun for example_local_kubernetes_executor to None, run_after=None
[2024-04-14T15:47:05.045+0000] {processor.py:179} INFO - Processing /home/airflow/.local/lib/python3.10/site-packages/airflow/example_dags/example_local_kubernetes_executor.py took 0.046 seconds
[2024-04-14T15:47:35.801+0000] {processor.py:157} INFO - Started process (PID=186) to work on /home/airflow/.local/lib/python3.10/site-packages/airflow/example_dags/example_local_kubernetes_executor.py
[2024-04-14T15:47:35.801+0000] {processor.py:829} INFO - Processing file /home/airflow/.local/lib/python3.10/site-packages/airflow/example_dags/example_local_kubernetes_executor.py for tasks to queue
[2024-04-14T15:47:35.802+0000] {logging_mixin.py:154} INFO - [2024-04-14T15:47:35.802+0000] {dagbag.py:536} INFO - Filling up the DagBag from /home/airflow/.local/lib/python3.10/site-packages/airflow/example_dags/example_local_kubernetes_executor.py
[2024-04-14T15:47:35.807+0000] {processor.py:839} INFO - DAG(s) dict_keys(['example_local_kubernetes_executor']) retrieved from /home/airflow/.local/lib/python3.10/site-packages/airflow/example_dags/example_local_kubernetes_executor.py
[2024-04-14T15:47:35.828+0000] {logging_mixin.py:154} INFO - [2024-04-14T15:47:35.828+0000] {dag.py:2941} INFO - Sync 1 DAGs
[2024-04-14T15:47:35.835+0000] {logging_mixin.py:154} INFO - [2024-04-14T15:47:35.835+0000] {dag.py:3722} INFO - Setting next_dagrun for example_local_kubernetes_executor to None, run_after=None
[2024-04-14T15:47:35.843+0000] {processor.py:179} INFO - Processing /home/airflow/.local/lib/python3.10/site-packages/airflow/example_dags/example_local_kubernetes_executor.py took 0.044 seconds
[2024-04-14T15:48:06.460+0000] {processor.py:157} INFO - Started process (PID=245) to work on /home/airflow/.local/lib/python3.10/site-packages/airflow/example_dags/example_local_kubernetes_executor.py
[2024-04-14T15:48:06.461+0000] {processor.py:829} INFO - Processing file /home/airflow/.local/lib/python3.10/site-packages/airflow/example_dags/example_local_kubernetes_executor.py for tasks to queue
[2024-04-14T15:48:06.462+0000] {logging_mixin.py:154} INFO - [2024-04-14T15:48:06.462+0000] {dagbag.py:536} INFO - Filling up the DagBag from /home/airflow/.local/lib/python3.10/site-packages/airflow/example_dags/example_local_kubernetes_executor.py
[2024-04-14T15:48:06.466+0000] {processor.py:839} INFO - DAG(s) dict_keys(['example_local_kubernetes_executor']) retrieved from /home/airflow/.local/lib/python3.10/site-packages/airflow/example_dags/example_local_kubernetes_executor.py
[2024-04-14T15:48:06.487+0000] {logging_mixin.py:154} INFO - [2024-04-14T15:48:06.487+0000] {dag.py:2941} INFO - Sync 1 DAGs
[2024-04-14T15:48:06.494+0000] {logging_mixin.py:154} INFO - [2024-04-14T15:48:06.494+0000] {dag.py:3722} INFO - Setting next_dagrun for example_local_kubernetes_executor to None, run_after=None
[2024-04-14T15:48:06.502+0000] {processor.py:179} INFO - Processing /home/airflow/.local/lib/python3.10/site-packages/airflow/example_dags/example_local_kubernetes_executor.py took 0.044 seconds
[2024-04-14T15:48:37.140+0000] {processor.py:157} INFO - Started process (PID=300) to work on /home/airflow/.local/lib/python3.10/site-packages/airflow/example_dags/example_local_kubernetes_executor.py
[2024-04-14T15:48:37.141+0000] {processor.py:829} INFO - Processing file /home/airflow/.local/lib/python3.10/site-packages/airflow/example_dags/example_local_kubernetes_executor.py for tasks to queue
[2024-04-14T15:48:37.142+0000] {logging_mixin.py:154} INFO - [2024-04-14T15:48:37.141+0000] {dagbag.py:536} INFO - Filling up the DagBag from /home/airflow/.local/lib/python3.10/site-packages/airflow/example_dags/example_local_kubernetes_executor.py
[2024-04-14T15:48:37.146+0000] {processor.py:839} INFO - DAG(s) dict_keys(['example_local_kubernetes_executor']) retrieved from /home/airflow/.local/lib/python3.10/site-packages/airflow/example_dags/example_local_kubernetes_executor.py
[2024-04-14T15:48:37.166+0000] {logging_mixin.py:154} INFO - [2024-04-14T15:48:37.166+0000] {dag.py:2941} INFO - Sync 1 DAGs
[2024-04-14T15:48:37.173+0000] {logging_mixin.py:154} INFO - [2024-04-14T15:48:37.172+0000] {dag.py:3722} INFO - Setting next_dagrun for example_local_kubernetes_executor to None, run_after=None
[2024-04-14T15:48:37.181+0000] {processor.py:179} INFO - Processing /home/airflow/.local/lib/python3.10/site-packages/airflow/example_dags/example_local_kubernetes_executor.py took 0.043 seconds
[2024-04-14T15:49:07.872+0000] {processor.py:157} INFO - Started process (PID=355) to work on /home/airflow/.local/lib/python3.10/site-packages/airflow/example_dags/example_local_kubernetes_executor.py
[2024-04-14T15:49:07.873+0000] {processor.py:829} INFO - Processing file /home/airflow/.local/lib/python3.10/site-packages/airflow/example_dags/example_local_kubernetes_executor.py for tasks to queue
[2024-04-14T15:49:07.874+0000] {logging_mixin.py:154} INFO - [2024-04-14T15:49:07.874+0000] {dagbag.py:536} INFO - Filling up the DagBag from /home/airflow/.local/lib/python3.10/site-packages/airflow/example_dags/example_local_kubernetes_executor.py
[2024-04-14T15:49:07.879+0000] {processor.py:839} INFO - DAG(s) dict_keys(['example_local_kubernetes_executor']) retrieved from /home/airflow/.local/lib/python3.10/site-packages/airflow/example_dags/example_local_kubernetes_executor.py
[2024-04-14T15:49:07.900+0000] {logging_mixin.py:154} INFO - [2024-04-14T15:49:07.900+0000] {dag.py:2941} INFO - Sync 1 DAGs
[2024-04-14T15:49:07.906+0000] {logging_mixin.py:154} INFO - [2024-04-14T15:49:07.906+0000] {dag.py:3722} INFO - Setting next_dagrun for example_local_kubernetes_executor to None, run_after=None
[2024-04-14T15:49:07.915+0000] {processor.py:179} INFO - Processing /home/airflow/.local/lib/python3.10/site-packages/airflow/example_dags/example_local_kubernetes_executor.py took 0.045 seconds
