[2024-04-14T15:09:26.172+0000] {processor.py:157} INFO - Started process (PID=60) to work on /home/airflow/.local/lib/python3.10/site-packages/airflow/example_dags/example_dag_decorator.py
[2024-04-14T15:09:26.173+0000] {processor.py:829} INFO - Processing file /home/airflow/.local/lib/python3.10/site-packages/airflow/example_dags/example_dag_decorator.py for tasks to queue
[2024-04-14T15:09:26.174+0000] {logging_mixin.py:154} INFO - [2024-04-14T15:09:26.174+0000] {dagbag.py:536} INFO - Filling up the DagBag from /home/airflow/.local/lib/python3.10/site-packages/airflow/example_dags/example_dag_decorator.py
[2024-04-14T15:09:26.183+0000] {processor.py:839} INFO - DAG(s) dict_keys(['example_dag_decorator']) retrieved from /home/airflow/.local/lib/python3.10/site-packages/airflow/example_dags/example_dag_decorator.py
[2024-04-14T15:09:26.191+0000] {logging_mixin.py:154} INFO - [2024-04-14T15:09:26.191+0000] {dag.py:2941} INFO - Sync 1 DAGs
[2024-04-14T15:09:26.199+0000] {logging_mixin.py:154} INFO - [2024-04-14T15:09:26.199+0000] {dag.py:3722} INFO - Setting next_dagrun for example_dag_decorator to None, run_after=None
[2024-04-14T15:09:26.209+0000] {processor.py:179} INFO - Processing /home/airflow/.local/lib/python3.10/site-packages/airflow/example_dags/example_dag_decorator.py took 0.039 seconds
[2024-04-14T15:09:56.879+0000] {processor.py:157} INFO - Started process (PID=114) to work on /home/airflow/.local/lib/python3.10/site-packages/airflow/example_dags/example_dag_decorator.py
[2024-04-14T15:09:56.880+0000] {processor.py:829} INFO - Processing file /home/airflow/.local/lib/python3.10/site-packages/airflow/example_dags/example_dag_decorator.py for tasks to queue
[2024-04-14T15:09:56.881+0000] {logging_mixin.py:154} INFO - [2024-04-14T15:09:56.881+0000] {dagbag.py:536} INFO - Filling up the DagBag from /home/airflow/.local/lib/python3.10/site-packages/airflow/example_dags/example_dag_decorator.py
[2024-04-14T15:09:56.888+0000] {processor.py:839} INFO - DAG(s) dict_keys(['example_dag_decorator']) retrieved from /home/airflow/.local/lib/python3.10/site-packages/airflow/example_dags/example_dag_decorator.py
[2024-04-14T15:09:56.952+0000] {logging_mixin.py:154} INFO - [2024-04-14T15:09:56.952+0000] {dag.py:2941} INFO - Sync 1 DAGs
[2024-04-14T15:09:56.959+0000] {logging_mixin.py:154} INFO - [2024-04-14T15:09:56.959+0000] {dag.py:3722} INFO - Setting next_dagrun for example_dag_decorator to None, run_after=None
[2024-04-14T15:09:56.971+0000] {processor.py:179} INFO - Processing /home/airflow/.local/lib/python3.10/site-packages/airflow/example_dags/example_dag_decorator.py took 0.094 seconds
[2024-04-14T15:10:27.638+0000] {processor.py:157} INFO - Started process (PID=168) to work on /home/airflow/.local/lib/python3.10/site-packages/airflow/example_dags/example_dag_decorator.py
[2024-04-14T15:10:27.638+0000] {processor.py:829} INFO - Processing file /home/airflow/.local/lib/python3.10/site-packages/airflow/example_dags/example_dag_decorator.py for tasks to queue
[2024-04-14T15:10:27.639+0000] {logging_mixin.py:154} INFO - [2024-04-14T15:10:27.639+0000] {dagbag.py:536} INFO - Filling up the DagBag from /home/airflow/.local/lib/python3.10/site-packages/airflow/example_dags/example_dag_decorator.py
[2024-04-14T15:10:27.646+0000] {processor.py:839} INFO - DAG(s) dict_keys(['example_dag_decorator']) retrieved from /home/airflow/.local/lib/python3.10/site-packages/airflow/example_dags/example_dag_decorator.py
[2024-04-14T15:10:27.708+0000] {logging_mixin.py:154} INFO - [2024-04-14T15:10:27.708+0000] {dag.py:2941} INFO - Sync 1 DAGs
[2024-04-14T15:10:27.718+0000] {logging_mixin.py:154} INFO - [2024-04-14T15:10:27.717+0000] {dag.py:3722} INFO - Setting next_dagrun for example_dag_decorator to None, run_after=None
[2024-04-14T15:10:27.729+0000] {processor.py:179} INFO - Processing /home/airflow/.local/lib/python3.10/site-packages/airflow/example_dags/example_dag_decorator.py took 0.093 seconds
[2024-04-14T15:10:58.177+0000] {processor.py:157} INFO - Started process (PID=222) to work on /home/airflow/.local/lib/python3.10/site-packages/airflow/example_dags/example_dag_decorator.py
[2024-04-14T15:10:58.178+0000] {processor.py:829} INFO - Processing file /home/airflow/.local/lib/python3.10/site-packages/airflow/example_dags/example_dag_decorator.py for tasks to queue
[2024-04-14T15:10:58.179+0000] {logging_mixin.py:154} INFO - [2024-04-14T15:10:58.179+0000] {dagbag.py:536} INFO - Filling up the DagBag from /home/airflow/.local/lib/python3.10/site-packages/airflow/example_dags/example_dag_decorator.py
[2024-04-14T15:10:58.186+0000] {processor.py:839} INFO - DAG(s) dict_keys(['example_dag_decorator']) retrieved from /home/airflow/.local/lib/python3.10/site-packages/airflow/example_dags/example_dag_decorator.py
[2024-04-14T15:10:58.245+0000] {logging_mixin.py:154} INFO - [2024-04-14T15:10:58.245+0000] {dag.py:2941} INFO - Sync 1 DAGs
[2024-04-14T15:10:58.251+0000] {logging_mixin.py:154} INFO - [2024-04-14T15:10:58.251+0000] {dag.py:3722} INFO - Setting next_dagrun for example_dag_decorator to None, run_after=None
[2024-04-14T15:10:58.261+0000] {processor.py:179} INFO - Processing /home/airflow/.local/lib/python3.10/site-packages/airflow/example_dags/example_dag_decorator.py took 0.085 seconds
[2024-04-14T15:11:28.856+0000] {processor.py:157} INFO - Started process (PID=276) to work on /home/airflow/.local/lib/python3.10/site-packages/airflow/example_dags/example_dag_decorator.py
[2024-04-14T15:11:28.856+0000] {processor.py:829} INFO - Processing file /home/airflow/.local/lib/python3.10/site-packages/airflow/example_dags/example_dag_decorator.py for tasks to queue
[2024-04-14T15:11:28.857+0000] {logging_mixin.py:154} INFO - [2024-04-14T15:11:28.857+0000] {dagbag.py:536} INFO - Filling up the DagBag from /home/airflow/.local/lib/python3.10/site-packages/airflow/example_dags/example_dag_decorator.py
[2024-04-14T15:11:28.864+0000] {processor.py:839} INFO - DAG(s) dict_keys(['example_dag_decorator']) retrieved from /home/airflow/.local/lib/python3.10/site-packages/airflow/example_dags/example_dag_decorator.py
[2024-04-14T15:11:28.925+0000] {logging_mixin.py:154} INFO - [2024-04-14T15:11:28.924+0000] {dag.py:2941} INFO - Sync 1 DAGs
[2024-04-14T15:11:28.930+0000] {logging_mixin.py:154} INFO - [2024-04-14T15:11:28.930+0000] {dag.py:3722} INFO - Setting next_dagrun for example_dag_decorator to None, run_after=None
[2024-04-14T15:11:28.939+0000] {processor.py:179} INFO - Processing /home/airflow/.local/lib/python3.10/site-packages/airflow/example_dags/example_dag_decorator.py took 0.085 seconds
[2024-04-14T15:11:59.651+0000] {processor.py:157} INFO - Started process (PID=330) to work on /home/airflow/.local/lib/python3.10/site-packages/airflow/example_dags/example_dag_decorator.py
[2024-04-14T15:11:59.651+0000] {processor.py:829} INFO - Processing file /home/airflow/.local/lib/python3.10/site-packages/airflow/example_dags/example_dag_decorator.py for tasks to queue
[2024-04-14T15:11:59.652+0000] {logging_mixin.py:154} INFO - [2024-04-14T15:11:59.652+0000] {dagbag.py:536} INFO - Filling up the DagBag from /home/airflow/.local/lib/python3.10/site-packages/airflow/example_dags/example_dag_decorator.py
[2024-04-14T15:11:59.659+0000] {processor.py:839} INFO - DAG(s) dict_keys(['example_dag_decorator']) retrieved from /home/airflow/.local/lib/python3.10/site-packages/airflow/example_dags/example_dag_decorator.py
[2024-04-14T15:11:59.718+0000] {logging_mixin.py:154} INFO - [2024-04-14T15:11:59.718+0000] {dag.py:2941} INFO - Sync 1 DAGs
[2024-04-14T15:11:59.725+0000] {logging_mixin.py:154} INFO - [2024-04-14T15:11:59.724+0000] {dag.py:3722} INFO - Setting next_dagrun for example_dag_decorator to None, run_after=None
[2024-04-14T15:11:59.734+0000] {processor.py:179} INFO - Processing /home/airflow/.local/lib/python3.10/site-packages/airflow/example_dags/example_dag_decorator.py took 0.085 seconds
[2024-04-14T15:12:30.413+0000] {processor.py:157} INFO - Started process (PID=384) to work on /home/airflow/.local/lib/python3.10/site-packages/airflow/example_dags/example_dag_decorator.py
[2024-04-14T15:12:30.413+0000] {processor.py:829} INFO - Processing file /home/airflow/.local/lib/python3.10/site-packages/airflow/example_dags/example_dag_decorator.py for tasks to queue
[2024-04-14T15:12:30.414+0000] {logging_mixin.py:154} INFO - [2024-04-14T15:12:30.414+0000] {dagbag.py:536} INFO - Filling up the DagBag from /home/airflow/.local/lib/python3.10/site-packages/airflow/example_dags/example_dag_decorator.py
[2024-04-14T15:12:30.421+0000] {processor.py:839} INFO - DAG(s) dict_keys(['example_dag_decorator']) retrieved from /home/airflow/.local/lib/python3.10/site-packages/airflow/example_dags/example_dag_decorator.py
[2024-04-14T15:12:30.480+0000] {logging_mixin.py:154} INFO - [2024-04-14T15:12:30.480+0000] {dag.py:2941} INFO - Sync 1 DAGs
[2024-04-14T15:12:30.486+0000] {logging_mixin.py:154} INFO - [2024-04-14T15:12:30.485+0000] {dag.py:3722} INFO - Setting next_dagrun for example_dag_decorator to None, run_after=None
[2024-04-14T15:12:30.494+0000] {processor.py:179} INFO - Processing /home/airflow/.local/lib/python3.10/site-packages/airflow/example_dags/example_dag_decorator.py took 0.084 seconds
[2024-04-14T15:13:01.168+0000] {processor.py:157} INFO - Started process (PID=438) to work on /home/airflow/.local/lib/python3.10/site-packages/airflow/example_dags/example_dag_decorator.py
[2024-04-14T15:13:01.169+0000] {processor.py:829} INFO - Processing file /home/airflow/.local/lib/python3.10/site-packages/airflow/example_dags/example_dag_decorator.py for tasks to queue
[2024-04-14T15:13:01.170+0000] {logging_mixin.py:154} INFO - [2024-04-14T15:13:01.170+0000] {dagbag.py:536} INFO - Filling up the DagBag from /home/airflow/.local/lib/python3.10/site-packages/airflow/example_dags/example_dag_decorator.py
[2024-04-14T15:13:01.177+0000] {processor.py:839} INFO - DAG(s) dict_keys(['example_dag_decorator']) retrieved from /home/airflow/.local/lib/python3.10/site-packages/airflow/example_dags/example_dag_decorator.py
[2024-04-14T15:13:01.236+0000] {logging_mixin.py:154} INFO - [2024-04-14T15:13:01.236+0000] {dag.py:2941} INFO - Sync 1 DAGs
[2024-04-14T15:13:01.242+0000] {logging_mixin.py:154} INFO - [2024-04-14T15:13:01.242+0000] {dag.py:3722} INFO - Setting next_dagrun for example_dag_decorator to None, run_after=None
[2024-04-14T15:13:01.251+0000] {processor.py:179} INFO - Processing /home/airflow/.local/lib/python3.10/site-packages/airflow/example_dags/example_dag_decorator.py took 0.084 seconds
[2024-04-14T15:13:31.914+0000] {processor.py:157} INFO - Started process (PID=492) to work on /home/airflow/.local/lib/python3.10/site-packages/airflow/example_dags/example_dag_decorator.py
[2024-04-14T15:13:31.915+0000] {processor.py:829} INFO - Processing file /home/airflow/.local/lib/python3.10/site-packages/airflow/example_dags/example_dag_decorator.py for tasks to queue
[2024-04-14T15:13:31.916+0000] {logging_mixin.py:154} INFO - [2024-04-14T15:13:31.916+0000] {dagbag.py:536} INFO - Filling up the DagBag from /home/airflow/.local/lib/python3.10/site-packages/airflow/example_dags/example_dag_decorator.py
[2024-04-14T15:13:31.923+0000] {processor.py:839} INFO - DAG(s) dict_keys(['example_dag_decorator']) retrieved from /home/airflow/.local/lib/python3.10/site-packages/airflow/example_dags/example_dag_decorator.py
[2024-04-14T15:13:31.981+0000] {logging_mixin.py:154} INFO - [2024-04-14T15:13:31.981+0000] {dag.py:2941} INFO - Sync 1 DAGs
[2024-04-14T15:13:31.989+0000] {logging_mixin.py:154} INFO - [2024-04-14T15:13:31.988+0000] {dag.py:3722} INFO - Setting next_dagrun for example_dag_decorator to None, run_after=None
[2024-04-14T15:13:31.998+0000] {processor.py:179} INFO - Processing /home/airflow/.local/lib/python3.10/site-packages/airflow/example_dags/example_dag_decorator.py took 0.085 seconds
[2024-04-14T15:14:02.545+0000] {processor.py:157} INFO - Started process (PID=546) to work on /home/airflow/.local/lib/python3.10/site-packages/airflow/example_dags/example_dag_decorator.py
[2024-04-14T15:14:02.546+0000] {processor.py:829} INFO - Processing file /home/airflow/.local/lib/python3.10/site-packages/airflow/example_dags/example_dag_decorator.py for tasks to queue
[2024-04-14T15:14:02.547+0000] {logging_mixin.py:154} INFO - [2024-04-14T15:14:02.546+0000] {dagbag.py:536} INFO - Filling up the DagBag from /home/airflow/.local/lib/python3.10/site-packages/airflow/example_dags/example_dag_decorator.py
[2024-04-14T15:14:02.554+0000] {processor.py:839} INFO - DAG(s) dict_keys(['example_dag_decorator']) retrieved from /home/airflow/.local/lib/python3.10/site-packages/airflow/example_dags/example_dag_decorator.py
[2024-04-14T15:14:02.613+0000] {logging_mixin.py:154} INFO - [2024-04-14T15:14:02.613+0000] {dag.py:2941} INFO - Sync 1 DAGs
[2024-04-14T15:14:02.619+0000] {logging_mixin.py:154} INFO - [2024-04-14T15:14:02.619+0000] {dag.py:3722} INFO - Setting next_dagrun for example_dag_decorator to None, run_after=None
[2024-04-14T15:14:02.629+0000] {processor.py:179} INFO - Processing /home/airflow/.local/lib/python3.10/site-packages/airflow/example_dags/example_dag_decorator.py took 0.086 seconds
[2024-04-14T15:14:33.190+0000] {processor.py:157} INFO - Started process (PID=600) to work on /home/airflow/.local/lib/python3.10/site-packages/airflow/example_dags/example_dag_decorator.py
[2024-04-14T15:14:33.190+0000] {processor.py:829} INFO - Processing file /home/airflow/.local/lib/python3.10/site-packages/airflow/example_dags/example_dag_decorator.py for tasks to queue
[2024-04-14T15:14:33.191+0000] {logging_mixin.py:154} INFO - [2024-04-14T15:14:33.191+0000] {dagbag.py:536} INFO - Filling up the DagBag from /home/airflow/.local/lib/python3.10/site-packages/airflow/example_dags/example_dag_decorator.py
[2024-04-14T15:14:33.198+0000] {processor.py:839} INFO - DAG(s) dict_keys(['example_dag_decorator']) retrieved from /home/airflow/.local/lib/python3.10/site-packages/airflow/example_dags/example_dag_decorator.py
[2024-04-14T15:14:33.257+0000] {logging_mixin.py:154} INFO - [2024-04-14T15:14:33.257+0000] {dag.py:2941} INFO - Sync 1 DAGs
[2024-04-14T15:14:33.262+0000] {logging_mixin.py:154} INFO - [2024-04-14T15:14:33.262+0000] {dag.py:3722} INFO - Setting next_dagrun for example_dag_decorator to None, run_after=None
[2024-04-14T15:14:33.271+0000] {processor.py:179} INFO - Processing /home/airflow/.local/lib/python3.10/site-packages/airflow/example_dags/example_dag_decorator.py took 0.083 seconds
[2024-04-14T15:15:03.913+0000] {processor.py:157} INFO - Started process (PID=654) to work on /home/airflow/.local/lib/python3.10/site-packages/airflow/example_dags/example_dag_decorator.py
[2024-04-14T15:15:03.913+0000] {processor.py:829} INFO - Processing file /home/airflow/.local/lib/python3.10/site-packages/airflow/example_dags/example_dag_decorator.py for tasks to queue
[2024-04-14T15:15:03.914+0000] {logging_mixin.py:154} INFO - [2024-04-14T15:15:03.914+0000] {dagbag.py:536} INFO - Filling up the DagBag from /home/airflow/.local/lib/python3.10/site-packages/airflow/example_dags/example_dag_decorator.py
[2024-04-14T15:15:03.921+0000] {processor.py:839} INFO - DAG(s) dict_keys(['example_dag_decorator']) retrieved from /home/airflow/.local/lib/python3.10/site-packages/airflow/example_dags/example_dag_decorator.py
[2024-04-14T15:15:03.981+0000] {logging_mixin.py:154} INFO - [2024-04-14T15:15:03.981+0000] {dag.py:2941} INFO - Sync 1 DAGs
[2024-04-14T15:15:03.987+0000] {logging_mixin.py:154} INFO - [2024-04-14T15:15:03.987+0000] {dag.py:3722} INFO - Setting next_dagrun for example_dag_decorator to None, run_after=None
[2024-04-14T15:15:03.995+0000] {processor.py:179} INFO - Processing /home/airflow/.local/lib/python3.10/site-packages/airflow/example_dags/example_dag_decorator.py took 0.085 seconds
[2024-04-14T15:15:34.428+0000] {processor.py:157} INFO - Started process (PID=708) to work on /home/airflow/.local/lib/python3.10/site-packages/airflow/example_dags/example_dag_decorator.py
[2024-04-14T15:15:34.428+0000] {processor.py:829} INFO - Processing file /home/airflow/.local/lib/python3.10/site-packages/airflow/example_dags/example_dag_decorator.py for tasks to queue
[2024-04-14T15:15:34.429+0000] {logging_mixin.py:154} INFO - [2024-04-14T15:15:34.429+0000] {dagbag.py:536} INFO - Filling up the DagBag from /home/airflow/.local/lib/python3.10/site-packages/airflow/example_dags/example_dag_decorator.py
[2024-04-14T15:15:34.436+0000] {processor.py:839} INFO - DAG(s) dict_keys(['example_dag_decorator']) retrieved from /home/airflow/.local/lib/python3.10/site-packages/airflow/example_dags/example_dag_decorator.py
[2024-04-14T15:15:34.494+0000] {logging_mixin.py:154} INFO - [2024-04-14T15:15:34.494+0000] {dag.py:2941} INFO - Sync 1 DAGs
[2024-04-14T15:15:34.500+0000] {logging_mixin.py:154} INFO - [2024-04-14T15:15:34.500+0000] {dag.py:3722} INFO - Setting next_dagrun for example_dag_decorator to None, run_after=None
[2024-04-14T15:15:34.509+0000] {processor.py:179} INFO - Processing /home/airflow/.local/lib/python3.10/site-packages/airflow/example_dags/example_dag_decorator.py took 0.083 seconds
[2024-04-14T15:16:05.159+0000] {processor.py:157} INFO - Started process (PID=762) to work on /home/airflow/.local/lib/python3.10/site-packages/airflow/example_dags/example_dag_decorator.py
[2024-04-14T15:16:05.159+0000] {processor.py:829} INFO - Processing file /home/airflow/.local/lib/python3.10/site-packages/airflow/example_dags/example_dag_decorator.py for tasks to queue
[2024-04-14T15:16:05.161+0000] {logging_mixin.py:154} INFO - [2024-04-14T15:16:05.160+0000] {dagbag.py:536} INFO - Filling up the DagBag from /home/airflow/.local/lib/python3.10/site-packages/airflow/example_dags/example_dag_decorator.py
[2024-04-14T15:16:05.167+0000] {processor.py:839} INFO - DAG(s) dict_keys(['example_dag_decorator']) retrieved from /home/airflow/.local/lib/python3.10/site-packages/airflow/example_dags/example_dag_decorator.py
[2024-04-14T15:16:05.226+0000] {logging_mixin.py:154} INFO - [2024-04-14T15:16:05.225+0000] {dag.py:2941} INFO - Sync 1 DAGs
[2024-04-14T15:16:05.231+0000] {logging_mixin.py:154} INFO - [2024-04-14T15:16:05.231+0000] {dag.py:3722} INFO - Setting next_dagrun for example_dag_decorator to None, run_after=None
[2024-04-14T15:16:05.240+0000] {processor.py:179} INFO - Processing /home/airflow/.local/lib/python3.10/site-packages/airflow/example_dags/example_dag_decorator.py took 0.083 seconds
[2024-04-14T15:16:35.877+0000] {processor.py:157} INFO - Started process (PID=816) to work on /home/airflow/.local/lib/python3.10/site-packages/airflow/example_dags/example_dag_decorator.py
[2024-04-14T15:16:35.877+0000] {processor.py:829} INFO - Processing file /home/airflow/.local/lib/python3.10/site-packages/airflow/example_dags/example_dag_decorator.py for tasks to queue
[2024-04-14T15:16:35.878+0000] {logging_mixin.py:154} INFO - [2024-04-14T15:16:35.878+0000] {dagbag.py:536} INFO - Filling up the DagBag from /home/airflow/.local/lib/python3.10/site-packages/airflow/example_dags/example_dag_decorator.py
[2024-04-14T15:16:35.885+0000] {processor.py:839} INFO - DAG(s) dict_keys(['example_dag_decorator']) retrieved from /home/airflow/.local/lib/python3.10/site-packages/airflow/example_dags/example_dag_decorator.py
[2024-04-14T15:16:35.946+0000] {logging_mixin.py:154} INFO - [2024-04-14T15:16:35.946+0000] {dag.py:2941} INFO - Sync 1 DAGs
[2024-04-14T15:16:35.952+0000] {logging_mixin.py:154} INFO - [2024-04-14T15:16:35.952+0000] {dag.py:3722} INFO - Setting next_dagrun for example_dag_decorator to None, run_after=None
[2024-04-14T15:16:35.960+0000] {processor.py:179} INFO - Processing /home/airflow/.local/lib/python3.10/site-packages/airflow/example_dags/example_dag_decorator.py took 0.086 seconds
[2024-04-14T15:17:06.574+0000] {processor.py:157} INFO - Started process (PID=870) to work on /home/airflow/.local/lib/python3.10/site-packages/airflow/example_dags/example_dag_decorator.py
[2024-04-14T15:17:06.575+0000] {processor.py:829} INFO - Processing file /home/airflow/.local/lib/python3.10/site-packages/airflow/example_dags/example_dag_decorator.py for tasks to queue
[2024-04-14T15:17:06.576+0000] {logging_mixin.py:154} INFO - [2024-04-14T15:17:06.576+0000] {dagbag.py:536} INFO - Filling up the DagBag from /home/airflow/.local/lib/python3.10/site-packages/airflow/example_dags/example_dag_decorator.py
[2024-04-14T15:17:06.584+0000] {processor.py:839} INFO - DAG(s) dict_keys(['example_dag_decorator']) retrieved from /home/airflow/.local/lib/python3.10/site-packages/airflow/example_dags/example_dag_decorator.py
[2024-04-14T15:17:06.646+0000] {logging_mixin.py:154} INFO - [2024-04-14T15:17:06.646+0000] {dag.py:2941} INFO - Sync 1 DAGs
[2024-04-14T15:17:06.653+0000] {logging_mixin.py:154} INFO - [2024-04-14T15:17:06.653+0000] {dag.py:3722} INFO - Setting next_dagrun for example_dag_decorator to None, run_after=None
[2024-04-14T15:17:06.662+0000] {processor.py:179} INFO - Processing /home/airflow/.local/lib/python3.10/site-packages/airflow/example_dags/example_dag_decorator.py took 0.090 seconds
[2024-04-14T15:17:37.201+0000] {processor.py:157} INFO - Started process (PID=924) to work on /home/airflow/.local/lib/python3.10/site-packages/airflow/example_dags/example_dag_decorator.py
[2024-04-14T15:17:37.202+0000] {processor.py:829} INFO - Processing file /home/airflow/.local/lib/python3.10/site-packages/airflow/example_dags/example_dag_decorator.py for tasks to queue
[2024-04-14T15:17:37.203+0000] {logging_mixin.py:154} INFO - [2024-04-14T15:17:37.203+0000] {dagbag.py:536} INFO - Filling up the DagBag from /home/airflow/.local/lib/python3.10/site-packages/airflow/example_dags/example_dag_decorator.py
[2024-04-14T15:17:37.210+0000] {processor.py:839} INFO - DAG(s) dict_keys(['example_dag_decorator']) retrieved from /home/airflow/.local/lib/python3.10/site-packages/airflow/example_dags/example_dag_decorator.py
[2024-04-14T15:17:37.271+0000] {logging_mixin.py:154} INFO - [2024-04-14T15:17:37.271+0000] {dag.py:2941} INFO - Sync 1 DAGs
[2024-04-14T15:17:37.277+0000] {logging_mixin.py:154} INFO - [2024-04-14T15:17:37.277+0000] {dag.py:3722} INFO - Setting next_dagrun for example_dag_decorator to None, run_after=None
[2024-04-14T15:17:37.286+0000] {processor.py:179} INFO - Processing /home/airflow/.local/lib/python3.10/site-packages/airflow/example_dags/example_dag_decorator.py took 0.087 seconds
[2024-04-14T15:18:07.858+0000] {processor.py:157} INFO - Started process (PID=978) to work on /home/airflow/.local/lib/python3.10/site-packages/airflow/example_dags/example_dag_decorator.py
[2024-04-14T15:18:07.859+0000] {processor.py:829} INFO - Processing file /home/airflow/.local/lib/python3.10/site-packages/airflow/example_dags/example_dag_decorator.py for tasks to queue
[2024-04-14T15:18:07.860+0000] {logging_mixin.py:154} INFO - [2024-04-14T15:18:07.860+0000] {dagbag.py:536} INFO - Filling up the DagBag from /home/airflow/.local/lib/python3.10/site-packages/airflow/example_dags/example_dag_decorator.py
[2024-04-14T15:18:07.867+0000] {processor.py:839} INFO - DAG(s) dict_keys(['example_dag_decorator']) retrieved from /home/airflow/.local/lib/python3.10/site-packages/airflow/example_dags/example_dag_decorator.py
[2024-04-14T15:18:07.925+0000] {logging_mixin.py:154} INFO - [2024-04-14T15:18:07.925+0000] {dag.py:2941} INFO - Sync 1 DAGs
[2024-04-14T15:18:07.930+0000] {logging_mixin.py:154} INFO - [2024-04-14T15:18:07.930+0000] {dag.py:3722} INFO - Setting next_dagrun for example_dag_decorator to None, run_after=None
[2024-04-14T15:18:07.939+0000] {processor.py:179} INFO - Processing /home/airflow/.local/lib/python3.10/site-packages/airflow/example_dags/example_dag_decorator.py took 0.082 seconds
[2024-04-14T15:18:38.518+0000] {processor.py:157} INFO - Started process (PID=1032) to work on /home/airflow/.local/lib/python3.10/site-packages/airflow/example_dags/example_dag_decorator.py
[2024-04-14T15:18:38.518+0000] {processor.py:829} INFO - Processing file /home/airflow/.local/lib/python3.10/site-packages/airflow/example_dags/example_dag_decorator.py for tasks to queue
[2024-04-14T15:18:38.520+0000] {logging_mixin.py:154} INFO - [2024-04-14T15:18:38.519+0000] {dagbag.py:536} INFO - Filling up the DagBag from /home/airflow/.local/lib/python3.10/site-packages/airflow/example_dags/example_dag_decorator.py
[2024-04-14T15:18:38.527+0000] {processor.py:839} INFO - DAG(s) dict_keys(['example_dag_decorator']) retrieved from /home/airflow/.local/lib/python3.10/site-packages/airflow/example_dags/example_dag_decorator.py
[2024-04-14T15:18:38.585+0000] {logging_mixin.py:154} INFO - [2024-04-14T15:18:38.585+0000] {dag.py:2941} INFO - Sync 1 DAGs
[2024-04-14T15:18:38.591+0000] {logging_mixin.py:154} INFO - [2024-04-14T15:18:38.591+0000] {dag.py:3722} INFO - Setting next_dagrun for example_dag_decorator to None, run_after=None
[2024-04-14T15:18:38.600+0000] {processor.py:179} INFO - Processing /home/airflow/.local/lib/python3.10/site-packages/airflow/example_dags/example_dag_decorator.py took 0.084 seconds
[2024-04-14T15:19:09.279+0000] {processor.py:157} INFO - Started process (PID=1086) to work on /home/airflow/.local/lib/python3.10/site-packages/airflow/example_dags/example_dag_decorator.py
[2024-04-14T15:19:09.279+0000] {processor.py:829} INFO - Processing file /home/airflow/.local/lib/python3.10/site-packages/airflow/example_dags/example_dag_decorator.py for tasks to queue
[2024-04-14T15:19:09.280+0000] {logging_mixin.py:154} INFO - [2024-04-14T15:19:09.280+0000] {dagbag.py:536} INFO - Filling up the DagBag from /home/airflow/.local/lib/python3.10/site-packages/airflow/example_dags/example_dag_decorator.py
[2024-04-14T15:19:09.287+0000] {processor.py:839} INFO - DAG(s) dict_keys(['example_dag_decorator']) retrieved from /home/airflow/.local/lib/python3.10/site-packages/airflow/example_dags/example_dag_decorator.py
[2024-04-14T15:19:09.344+0000] {logging_mixin.py:154} INFO - [2024-04-14T15:19:09.344+0000] {dag.py:2941} INFO - Sync 1 DAGs
[2024-04-14T15:19:09.349+0000] {logging_mixin.py:154} INFO - [2024-04-14T15:19:09.349+0000] {dag.py:3722} INFO - Setting next_dagrun for example_dag_decorator to None, run_after=None
[2024-04-14T15:19:09.358+0000] {processor.py:179} INFO - Processing /home/airflow/.local/lib/python3.10/site-packages/airflow/example_dags/example_dag_decorator.py took 0.081 seconds
[2024-04-14T15:19:39.937+0000] {processor.py:157} INFO - Started process (PID=1140) to work on /home/airflow/.local/lib/python3.10/site-packages/airflow/example_dags/example_dag_decorator.py
[2024-04-14T15:19:39.937+0000] {processor.py:829} INFO - Processing file /home/airflow/.local/lib/python3.10/site-packages/airflow/example_dags/example_dag_decorator.py for tasks to queue
[2024-04-14T15:19:39.939+0000] {logging_mixin.py:154} INFO - [2024-04-14T15:19:39.938+0000] {dagbag.py:536} INFO - Filling up the DagBag from /home/airflow/.local/lib/python3.10/site-packages/airflow/example_dags/example_dag_decorator.py
[2024-04-14T15:19:39.946+0000] {processor.py:839} INFO - DAG(s) dict_keys(['example_dag_decorator']) retrieved from /home/airflow/.local/lib/python3.10/site-packages/airflow/example_dags/example_dag_decorator.py
[2024-04-14T15:19:40.006+0000] {logging_mixin.py:154} INFO - [2024-04-14T15:19:40.006+0000] {dag.py:2941} INFO - Sync 1 DAGs
[2024-04-14T15:19:40.012+0000] {logging_mixin.py:154} INFO - [2024-04-14T15:19:40.012+0000] {dag.py:3722} INFO - Setting next_dagrun for example_dag_decorator to None, run_after=None
[2024-04-14T15:19:40.021+0000] {processor.py:179} INFO - Processing /home/airflow/.local/lib/python3.10/site-packages/airflow/example_dags/example_dag_decorator.py took 0.086 seconds
[2024-04-14T15:20:10.562+0000] {processor.py:157} INFO - Started process (PID=1194) to work on /home/airflow/.local/lib/python3.10/site-packages/airflow/example_dags/example_dag_decorator.py
[2024-04-14T15:20:10.562+0000] {processor.py:829} INFO - Processing file /home/airflow/.local/lib/python3.10/site-packages/airflow/example_dags/example_dag_decorator.py for tasks to queue
[2024-04-14T15:20:10.563+0000] {logging_mixin.py:154} INFO - [2024-04-14T15:20:10.563+0000] {dagbag.py:536} INFO - Filling up the DagBag from /home/airflow/.local/lib/python3.10/site-packages/airflow/example_dags/example_dag_decorator.py
[2024-04-14T15:20:10.571+0000] {processor.py:839} INFO - DAG(s) dict_keys(['example_dag_decorator']) retrieved from /home/airflow/.local/lib/python3.10/site-packages/airflow/example_dags/example_dag_decorator.py
[2024-04-14T15:20:10.629+0000] {logging_mixin.py:154} INFO - [2024-04-14T15:20:10.629+0000] {dag.py:2941} INFO - Sync 1 DAGs
[2024-04-14T15:20:10.634+0000] {logging_mixin.py:154} INFO - [2024-04-14T15:20:10.634+0000] {dag.py:3722} INFO - Setting next_dagrun for example_dag_decorator to None, run_after=None
[2024-04-14T15:20:10.643+0000] {processor.py:179} INFO - Processing /home/airflow/.local/lib/python3.10/site-packages/airflow/example_dags/example_dag_decorator.py took 0.083 seconds
[2024-04-14T15:20:41.271+0000] {processor.py:157} INFO - Started process (PID=1248) to work on /home/airflow/.local/lib/python3.10/site-packages/airflow/example_dags/example_dag_decorator.py
[2024-04-14T15:20:41.272+0000] {processor.py:829} INFO - Processing file /home/airflow/.local/lib/python3.10/site-packages/airflow/example_dags/example_dag_decorator.py for tasks to queue
[2024-04-14T15:20:41.273+0000] {logging_mixin.py:154} INFO - [2024-04-14T15:20:41.272+0000] {dagbag.py:536} INFO - Filling up the DagBag from /home/airflow/.local/lib/python3.10/site-packages/airflow/example_dags/example_dag_decorator.py
[2024-04-14T15:20:41.280+0000] {processor.py:839} INFO - DAG(s) dict_keys(['example_dag_decorator']) retrieved from /home/airflow/.local/lib/python3.10/site-packages/airflow/example_dags/example_dag_decorator.py
[2024-04-14T15:20:41.340+0000] {logging_mixin.py:154} INFO - [2024-04-14T15:20:41.340+0000] {dag.py:2941} INFO - Sync 1 DAGs
[2024-04-14T15:20:41.346+0000] {logging_mixin.py:154} INFO - [2024-04-14T15:20:41.346+0000] {dag.py:3722} INFO - Setting next_dagrun for example_dag_decorator to None, run_after=None
[2024-04-14T15:20:41.356+0000] {processor.py:179} INFO - Processing /home/airflow/.local/lib/python3.10/site-packages/airflow/example_dags/example_dag_decorator.py took 0.087 seconds
[2024-04-14T15:21:11.930+0000] {processor.py:157} INFO - Started process (PID=1302) to work on /home/airflow/.local/lib/python3.10/site-packages/airflow/example_dags/example_dag_decorator.py
[2024-04-14T15:21:11.930+0000] {processor.py:829} INFO - Processing file /home/airflow/.local/lib/python3.10/site-packages/airflow/example_dags/example_dag_decorator.py for tasks to queue
[2024-04-14T15:21:11.931+0000] {logging_mixin.py:154} INFO - [2024-04-14T15:21:11.931+0000] {dagbag.py:536} INFO - Filling up the DagBag from /home/airflow/.local/lib/python3.10/site-packages/airflow/example_dags/example_dag_decorator.py
[2024-04-14T15:21:11.938+0000] {processor.py:839} INFO - DAG(s) dict_keys(['example_dag_decorator']) retrieved from /home/airflow/.local/lib/python3.10/site-packages/airflow/example_dags/example_dag_decorator.py
[2024-04-14T15:21:11.999+0000] {logging_mixin.py:154} INFO - [2024-04-14T15:21:11.999+0000] {dag.py:2941} INFO - Sync 1 DAGs
[2024-04-14T15:21:12.005+0000] {logging_mixin.py:154} INFO - [2024-04-14T15:21:12.005+0000] {dag.py:3722} INFO - Setting next_dagrun for example_dag_decorator to None, run_after=None
[2024-04-14T15:21:12.014+0000] {processor.py:179} INFO - Processing /home/airflow/.local/lib/python3.10/site-packages/airflow/example_dags/example_dag_decorator.py took 0.086 seconds
[2024-04-14T15:21:42.528+0000] {processor.py:157} INFO - Started process (PID=1356) to work on /home/airflow/.local/lib/python3.10/site-packages/airflow/example_dags/example_dag_decorator.py
[2024-04-14T15:21:42.528+0000] {processor.py:829} INFO - Processing file /home/airflow/.local/lib/python3.10/site-packages/airflow/example_dags/example_dag_decorator.py for tasks to queue
[2024-04-14T15:21:42.529+0000] {logging_mixin.py:154} INFO - [2024-04-14T15:21:42.529+0000] {dagbag.py:536} INFO - Filling up the DagBag from /home/airflow/.local/lib/python3.10/site-packages/airflow/example_dags/example_dag_decorator.py
[2024-04-14T15:21:42.536+0000] {processor.py:839} INFO - DAG(s) dict_keys(['example_dag_decorator']) retrieved from /home/airflow/.local/lib/python3.10/site-packages/airflow/example_dags/example_dag_decorator.py
[2024-04-14T15:21:42.595+0000] {logging_mixin.py:154} INFO - [2024-04-14T15:21:42.595+0000] {dag.py:2941} INFO - Sync 1 DAGs
[2024-04-14T15:21:42.601+0000] {logging_mixin.py:154} INFO - [2024-04-14T15:21:42.601+0000] {dag.py:3722} INFO - Setting next_dagrun for example_dag_decorator to None, run_after=None
[2024-04-14T15:21:42.610+0000] {processor.py:179} INFO - Processing /home/airflow/.local/lib/python3.10/site-packages/airflow/example_dags/example_dag_decorator.py took 0.085 seconds
[2024-04-14T15:22:13.261+0000] {processor.py:157} INFO - Started process (PID=1410) to work on /home/airflow/.local/lib/python3.10/site-packages/airflow/example_dags/example_dag_decorator.py
[2024-04-14T15:22:13.262+0000] {processor.py:829} INFO - Processing file /home/airflow/.local/lib/python3.10/site-packages/airflow/example_dags/example_dag_decorator.py for tasks to queue
[2024-04-14T15:22:13.263+0000] {logging_mixin.py:154} INFO - [2024-04-14T15:22:13.263+0000] {dagbag.py:536} INFO - Filling up the DagBag from /home/airflow/.local/lib/python3.10/site-packages/airflow/example_dags/example_dag_decorator.py
[2024-04-14T15:22:13.270+0000] {processor.py:839} INFO - DAG(s) dict_keys(['example_dag_decorator']) retrieved from /home/airflow/.local/lib/python3.10/site-packages/airflow/example_dags/example_dag_decorator.py
[2024-04-14T15:22:13.327+0000] {logging_mixin.py:154} INFO - [2024-04-14T15:22:13.327+0000] {dag.py:2941} INFO - Sync 1 DAGs
[2024-04-14T15:22:13.333+0000] {logging_mixin.py:154} INFO - [2024-04-14T15:22:13.333+0000] {dag.py:3722} INFO - Setting next_dagrun for example_dag_decorator to None, run_after=None
[2024-04-14T15:22:13.342+0000] {processor.py:179} INFO - Processing /home/airflow/.local/lib/python3.10/site-packages/airflow/example_dags/example_dag_decorator.py took 0.083 seconds
[2024-04-14T15:22:43.997+0000] {processor.py:157} INFO - Started process (PID=1464) to work on /home/airflow/.local/lib/python3.10/site-packages/airflow/example_dags/example_dag_decorator.py
[2024-04-14T15:22:43.998+0000] {processor.py:829} INFO - Processing file /home/airflow/.local/lib/python3.10/site-packages/airflow/example_dags/example_dag_decorator.py for tasks to queue
[2024-04-14T15:22:43.999+0000] {logging_mixin.py:154} INFO - [2024-04-14T15:22:43.999+0000] {dagbag.py:536} INFO - Filling up the DagBag from /home/airflow/.local/lib/python3.10/site-packages/airflow/example_dags/example_dag_decorator.py
[2024-04-14T15:22:44.007+0000] {processor.py:839} INFO - DAG(s) dict_keys(['example_dag_decorator']) retrieved from /home/airflow/.local/lib/python3.10/site-packages/airflow/example_dags/example_dag_decorator.py
[2024-04-14T15:22:44.068+0000] {logging_mixin.py:154} INFO - [2024-04-14T15:22:44.068+0000] {dag.py:2941} INFO - Sync 1 DAGs
[2024-04-14T15:22:44.073+0000] {logging_mixin.py:154} INFO - [2024-04-14T15:22:44.073+0000] {dag.py:3722} INFO - Setting next_dagrun for example_dag_decorator to None, run_after=None
[2024-04-14T15:22:44.082+0000] {processor.py:179} INFO - Processing /home/airflow/.local/lib/python3.10/site-packages/airflow/example_dags/example_dag_decorator.py took 0.087 seconds
[2024-04-14T15:23:14.777+0000] {processor.py:157} INFO - Started process (PID=1518) to work on /home/airflow/.local/lib/python3.10/site-packages/airflow/example_dags/example_dag_decorator.py
[2024-04-14T15:23:14.777+0000] {processor.py:829} INFO - Processing file /home/airflow/.local/lib/python3.10/site-packages/airflow/example_dags/example_dag_decorator.py for tasks to queue
[2024-04-14T15:23:14.779+0000] {logging_mixin.py:154} INFO - [2024-04-14T15:23:14.778+0000] {dagbag.py:536} INFO - Filling up the DagBag from /home/airflow/.local/lib/python3.10/site-packages/airflow/example_dags/example_dag_decorator.py
[2024-04-14T15:23:14.786+0000] {processor.py:839} INFO - DAG(s) dict_keys(['example_dag_decorator']) retrieved from /home/airflow/.local/lib/python3.10/site-packages/airflow/example_dags/example_dag_decorator.py
[2024-04-14T15:23:14.845+0000] {logging_mixin.py:154} INFO - [2024-04-14T15:23:14.845+0000] {dag.py:2941} INFO - Sync 1 DAGs
[2024-04-14T15:23:14.851+0000] {logging_mixin.py:154} INFO - [2024-04-14T15:23:14.851+0000] {dag.py:3722} INFO - Setting next_dagrun for example_dag_decorator to None, run_after=None
[2024-04-14T15:23:14.860+0000] {processor.py:179} INFO - Processing /home/airflow/.local/lib/python3.10/site-packages/airflow/example_dags/example_dag_decorator.py took 0.085 seconds
[2024-04-14T15:23:45.598+0000] {processor.py:157} INFO - Started process (PID=1572) to work on /home/airflow/.local/lib/python3.10/site-packages/airflow/example_dags/example_dag_decorator.py
[2024-04-14T15:23:45.598+0000] {processor.py:829} INFO - Processing file /home/airflow/.local/lib/python3.10/site-packages/airflow/example_dags/example_dag_decorator.py for tasks to queue
[2024-04-14T15:23:45.599+0000] {logging_mixin.py:154} INFO - [2024-04-14T15:23:45.599+0000] {dagbag.py:536} INFO - Filling up the DagBag from /home/airflow/.local/lib/python3.10/site-packages/airflow/example_dags/example_dag_decorator.py
[2024-04-14T15:23:45.607+0000] {processor.py:839} INFO - DAG(s) dict_keys(['example_dag_decorator']) retrieved from /home/airflow/.local/lib/python3.10/site-packages/airflow/example_dags/example_dag_decorator.py
[2024-04-14T15:23:45.668+0000] {logging_mixin.py:154} INFO - [2024-04-14T15:23:45.668+0000] {dag.py:2941} INFO - Sync 1 DAGs
[2024-04-14T15:23:45.674+0000] {logging_mixin.py:154} INFO - [2024-04-14T15:23:45.674+0000] {dag.py:3722} INFO - Setting next_dagrun for example_dag_decorator to None, run_after=None
[2024-04-14T15:23:45.685+0000] {processor.py:179} INFO - Processing /home/airflow/.local/lib/python3.10/site-packages/airflow/example_dags/example_dag_decorator.py took 0.089 seconds
[2024-04-14T15:24:16.421+0000] {processor.py:157} INFO - Started process (PID=1626) to work on /home/airflow/.local/lib/python3.10/site-packages/airflow/example_dags/example_dag_decorator.py
[2024-04-14T15:24:16.421+0000] {processor.py:829} INFO - Processing file /home/airflow/.local/lib/python3.10/site-packages/airflow/example_dags/example_dag_decorator.py for tasks to queue
[2024-04-14T15:24:16.422+0000] {logging_mixin.py:154} INFO - [2024-04-14T15:24:16.422+0000] {dagbag.py:536} INFO - Filling up the DagBag from /home/airflow/.local/lib/python3.10/site-packages/airflow/example_dags/example_dag_decorator.py
[2024-04-14T15:24:16.429+0000] {processor.py:839} INFO - DAG(s) dict_keys(['example_dag_decorator']) retrieved from /home/airflow/.local/lib/python3.10/site-packages/airflow/example_dags/example_dag_decorator.py
[2024-04-14T15:24:16.490+0000] {logging_mixin.py:154} INFO - [2024-04-14T15:24:16.490+0000] {dag.py:2941} INFO - Sync 1 DAGs
[2024-04-14T15:24:16.496+0000] {logging_mixin.py:154} INFO - [2024-04-14T15:24:16.496+0000] {dag.py:3722} INFO - Setting next_dagrun for example_dag_decorator to None, run_after=None
[2024-04-14T15:24:16.505+0000] {processor.py:179} INFO - Processing /home/airflow/.local/lib/python3.10/site-packages/airflow/example_dags/example_dag_decorator.py took 0.086 seconds
[2024-04-14T15:24:47.181+0000] {processor.py:157} INFO - Started process (PID=1680) to work on /home/airflow/.local/lib/python3.10/site-packages/airflow/example_dags/example_dag_decorator.py
[2024-04-14T15:24:47.181+0000] {processor.py:829} INFO - Processing file /home/airflow/.local/lib/python3.10/site-packages/airflow/example_dags/example_dag_decorator.py for tasks to queue
[2024-04-14T15:24:47.182+0000] {logging_mixin.py:154} INFO - [2024-04-14T15:24:47.182+0000] {dagbag.py:536} INFO - Filling up the DagBag from /home/airflow/.local/lib/python3.10/site-packages/airflow/example_dags/example_dag_decorator.py
[2024-04-14T15:24:47.190+0000] {processor.py:839} INFO - DAG(s) dict_keys(['example_dag_decorator']) retrieved from /home/airflow/.local/lib/python3.10/site-packages/airflow/example_dags/example_dag_decorator.py
[2024-04-14T15:24:47.248+0000] {logging_mixin.py:154} INFO - [2024-04-14T15:24:47.248+0000] {dag.py:2941} INFO - Sync 1 DAGs
[2024-04-14T15:24:47.253+0000] {logging_mixin.py:154} INFO - [2024-04-14T15:24:47.253+0000] {dag.py:3722} INFO - Setting next_dagrun for example_dag_decorator to None, run_after=None
[2024-04-14T15:24:47.262+0000] {processor.py:179} INFO - Processing /home/airflow/.local/lib/python3.10/site-packages/airflow/example_dags/example_dag_decorator.py took 0.083 seconds
[2024-04-14T15:25:17.809+0000] {processor.py:157} INFO - Started process (PID=1734) to work on /home/airflow/.local/lib/python3.10/site-packages/airflow/example_dags/example_dag_decorator.py
[2024-04-14T15:25:17.809+0000] {processor.py:829} INFO - Processing file /home/airflow/.local/lib/python3.10/site-packages/airflow/example_dags/example_dag_decorator.py for tasks to queue
[2024-04-14T15:25:17.810+0000] {logging_mixin.py:154} INFO - [2024-04-14T15:25:17.810+0000] {dagbag.py:536} INFO - Filling up the DagBag from /home/airflow/.local/lib/python3.10/site-packages/airflow/example_dags/example_dag_decorator.py
[2024-04-14T15:25:17.818+0000] {processor.py:839} INFO - DAG(s) dict_keys(['example_dag_decorator']) retrieved from /home/airflow/.local/lib/python3.10/site-packages/airflow/example_dags/example_dag_decorator.py
[2024-04-14T15:25:17.878+0000] {logging_mixin.py:154} INFO - [2024-04-14T15:25:17.878+0000] {dag.py:2941} INFO - Sync 1 DAGs
[2024-04-14T15:25:17.885+0000] {logging_mixin.py:154} INFO - [2024-04-14T15:25:17.885+0000] {dag.py:3722} INFO - Setting next_dagrun for example_dag_decorator to None, run_after=None
[2024-04-14T15:25:17.894+0000] {processor.py:179} INFO - Processing /home/airflow/.local/lib/python3.10/site-packages/airflow/example_dags/example_dag_decorator.py took 0.087 seconds
[2024-04-14T15:25:48.599+0000] {processor.py:157} INFO - Started process (PID=1788) to work on /home/airflow/.local/lib/python3.10/site-packages/airflow/example_dags/example_dag_decorator.py
[2024-04-14T15:25:48.600+0000] {processor.py:829} INFO - Processing file /home/airflow/.local/lib/python3.10/site-packages/airflow/example_dags/example_dag_decorator.py for tasks to queue
[2024-04-14T15:25:48.601+0000] {logging_mixin.py:154} INFO - [2024-04-14T15:25:48.601+0000] {dagbag.py:536} INFO - Filling up the DagBag from /home/airflow/.local/lib/python3.10/site-packages/airflow/example_dags/example_dag_decorator.py
[2024-04-14T15:25:48.609+0000] {processor.py:839} INFO - DAG(s) dict_keys(['example_dag_decorator']) retrieved from /home/airflow/.local/lib/python3.10/site-packages/airflow/example_dags/example_dag_decorator.py
[2024-04-14T15:25:48.669+0000] {logging_mixin.py:154} INFO - [2024-04-14T15:25:48.669+0000] {dag.py:2941} INFO - Sync 1 DAGs
[2024-04-14T15:25:48.675+0000] {logging_mixin.py:154} INFO - [2024-04-14T15:25:48.674+0000] {dag.py:3722} INFO - Setting next_dagrun for example_dag_decorator to None, run_after=None
[2024-04-14T15:25:48.684+0000] {processor.py:179} INFO - Processing /home/airflow/.local/lib/python3.10/site-packages/airflow/example_dags/example_dag_decorator.py took 0.087 seconds
[2024-04-14T15:26:19.293+0000] {processor.py:157} INFO - Started process (PID=1842) to work on /home/airflow/.local/lib/python3.10/site-packages/airflow/example_dags/example_dag_decorator.py
[2024-04-14T15:26:19.293+0000] {processor.py:829} INFO - Processing file /home/airflow/.local/lib/python3.10/site-packages/airflow/example_dags/example_dag_decorator.py for tasks to queue
[2024-04-14T15:26:19.295+0000] {logging_mixin.py:154} INFO - [2024-04-14T15:26:19.294+0000] {dagbag.py:536} INFO - Filling up the DagBag from /home/airflow/.local/lib/python3.10/site-packages/airflow/example_dags/example_dag_decorator.py
[2024-04-14T15:26:19.302+0000] {processor.py:839} INFO - DAG(s) dict_keys(['example_dag_decorator']) retrieved from /home/airflow/.local/lib/python3.10/site-packages/airflow/example_dags/example_dag_decorator.py
[2024-04-14T15:26:19.365+0000] {logging_mixin.py:154} INFO - [2024-04-14T15:26:19.364+0000] {dag.py:2941} INFO - Sync 1 DAGs
[2024-04-14T15:26:19.371+0000] {logging_mixin.py:154} INFO - [2024-04-14T15:26:19.371+0000] {dag.py:3722} INFO - Setting next_dagrun for example_dag_decorator to None, run_after=None
[2024-04-14T15:26:19.380+0000] {processor.py:179} INFO - Processing /home/airflow/.local/lib/python3.10/site-packages/airflow/example_dags/example_dag_decorator.py took 0.089 seconds
[2024-04-14T15:26:49.982+0000] {processor.py:157} INFO - Started process (PID=1903) to work on /home/airflow/.local/lib/python3.10/site-packages/airflow/example_dags/example_dag_decorator.py
[2024-04-14T15:26:49.983+0000] {processor.py:829} INFO - Processing file /home/airflow/.local/lib/python3.10/site-packages/airflow/example_dags/example_dag_decorator.py for tasks to queue
[2024-04-14T15:26:49.984+0000] {logging_mixin.py:154} INFO - [2024-04-14T15:26:49.984+0000] {dagbag.py:536} INFO - Filling up the DagBag from /home/airflow/.local/lib/python3.10/site-packages/airflow/example_dags/example_dag_decorator.py
[2024-04-14T15:26:49.991+0000] {processor.py:839} INFO - DAG(s) dict_keys(['example_dag_decorator']) retrieved from /home/airflow/.local/lib/python3.10/site-packages/airflow/example_dags/example_dag_decorator.py
[2024-04-14T15:26:50.052+0000] {logging_mixin.py:154} INFO - [2024-04-14T15:26:50.051+0000] {dag.py:2941} INFO - Sync 1 DAGs
[2024-04-14T15:26:50.058+0000] {logging_mixin.py:154} INFO - [2024-04-14T15:26:50.058+0000] {dag.py:3722} INFO - Setting next_dagrun for example_dag_decorator to None, run_after=None
[2024-04-14T15:26:50.067+0000] {processor.py:179} INFO - Processing /home/airflow/.local/lib/python3.10/site-packages/airflow/example_dags/example_dag_decorator.py took 0.087 seconds
[2024-04-14T15:27:20.754+0000] {processor.py:157} INFO - Started process (PID=1957) to work on /home/airflow/.local/lib/python3.10/site-packages/airflow/example_dags/example_dag_decorator.py
[2024-04-14T15:27:20.755+0000] {processor.py:829} INFO - Processing file /home/airflow/.local/lib/python3.10/site-packages/airflow/example_dags/example_dag_decorator.py for tasks to queue
[2024-04-14T15:27:20.756+0000] {logging_mixin.py:154} INFO - [2024-04-14T15:27:20.756+0000] {dagbag.py:536} INFO - Filling up the DagBag from /home/airflow/.local/lib/python3.10/site-packages/airflow/example_dags/example_dag_decorator.py
[2024-04-14T15:27:20.764+0000] {processor.py:839} INFO - DAG(s) dict_keys(['example_dag_decorator']) retrieved from /home/airflow/.local/lib/python3.10/site-packages/airflow/example_dags/example_dag_decorator.py
[2024-04-14T15:27:20.824+0000] {logging_mixin.py:154} INFO - [2024-04-14T15:27:20.824+0000] {dag.py:2941} INFO - Sync 1 DAGs
[2024-04-14T15:27:20.830+0000] {logging_mixin.py:154} INFO - [2024-04-14T15:27:20.830+0000] {dag.py:3722} INFO - Setting next_dagrun for example_dag_decorator to None, run_after=None
[2024-04-14T15:27:20.839+0000] {processor.py:179} INFO - Processing /home/airflow/.local/lib/python3.10/site-packages/airflow/example_dags/example_dag_decorator.py took 0.087 seconds
[2024-04-14T15:27:51.549+0000] {processor.py:157} INFO - Started process (PID=2011) to work on /home/airflow/.local/lib/python3.10/site-packages/airflow/example_dags/example_dag_decorator.py
[2024-04-14T15:27:51.550+0000] {processor.py:829} INFO - Processing file /home/airflow/.local/lib/python3.10/site-packages/airflow/example_dags/example_dag_decorator.py for tasks to queue
[2024-04-14T15:27:51.551+0000] {logging_mixin.py:154} INFO - [2024-04-14T15:27:51.551+0000] {dagbag.py:536} INFO - Filling up the DagBag from /home/airflow/.local/lib/python3.10/site-packages/airflow/example_dags/example_dag_decorator.py
[2024-04-14T15:27:51.559+0000] {processor.py:839} INFO - DAG(s) dict_keys(['example_dag_decorator']) retrieved from /home/airflow/.local/lib/python3.10/site-packages/airflow/example_dags/example_dag_decorator.py
[2024-04-14T15:27:51.621+0000] {logging_mixin.py:154} INFO - [2024-04-14T15:27:51.621+0000] {dag.py:2941} INFO - Sync 1 DAGs
[2024-04-14T15:27:51.628+0000] {logging_mixin.py:154} INFO - [2024-04-14T15:27:51.627+0000] {dag.py:3722} INFO - Setting next_dagrun for example_dag_decorator to None, run_after=None
[2024-04-14T15:27:51.637+0000] {processor.py:179} INFO - Processing /home/airflow/.local/lib/python3.10/site-packages/airflow/example_dags/example_dag_decorator.py took 0.090 seconds
[2024-04-14T15:28:22.233+0000] {processor.py:157} INFO - Started process (PID=2065) to work on /home/airflow/.local/lib/python3.10/site-packages/airflow/example_dags/example_dag_decorator.py
[2024-04-14T15:28:22.233+0000] {processor.py:829} INFO - Processing file /home/airflow/.local/lib/python3.10/site-packages/airflow/example_dags/example_dag_decorator.py for tasks to queue
[2024-04-14T15:28:22.235+0000] {logging_mixin.py:154} INFO - [2024-04-14T15:28:22.234+0000] {dagbag.py:536} INFO - Filling up the DagBag from /home/airflow/.local/lib/python3.10/site-packages/airflow/example_dags/example_dag_decorator.py
[2024-04-14T15:28:22.242+0000] {processor.py:839} INFO - DAG(s) dict_keys(['example_dag_decorator']) retrieved from /home/airflow/.local/lib/python3.10/site-packages/airflow/example_dags/example_dag_decorator.py
[2024-04-14T15:28:22.306+0000] {logging_mixin.py:154} INFO - [2024-04-14T15:28:22.305+0000] {dag.py:2941} INFO - Sync 1 DAGs
[2024-04-14T15:28:22.311+0000] {logging_mixin.py:154} INFO - [2024-04-14T15:28:22.311+0000] {dag.py:3722} INFO - Setting next_dagrun for example_dag_decorator to None, run_after=None
[2024-04-14T15:28:22.321+0000] {processor.py:179} INFO - Processing /home/airflow/.local/lib/python3.10/site-packages/airflow/example_dags/example_dag_decorator.py took 0.090 seconds
[2024-04-14T15:28:52.944+0000] {processor.py:157} INFO - Started process (PID=2119) to work on /home/airflow/.local/lib/python3.10/site-packages/airflow/example_dags/example_dag_decorator.py
[2024-04-14T15:28:52.945+0000] {processor.py:829} INFO - Processing file /home/airflow/.local/lib/python3.10/site-packages/airflow/example_dags/example_dag_decorator.py for tasks to queue
[2024-04-14T15:28:52.946+0000] {logging_mixin.py:154} INFO - [2024-04-14T15:28:52.946+0000] {dagbag.py:536} INFO - Filling up the DagBag from /home/airflow/.local/lib/python3.10/site-packages/airflow/example_dags/example_dag_decorator.py
[2024-04-14T15:28:52.953+0000] {processor.py:839} INFO - DAG(s) dict_keys(['example_dag_decorator']) retrieved from /home/airflow/.local/lib/python3.10/site-packages/airflow/example_dags/example_dag_decorator.py
[2024-04-14T15:28:53.014+0000] {logging_mixin.py:154} INFO - [2024-04-14T15:28:53.014+0000] {dag.py:2941} INFO - Sync 1 DAGs
[2024-04-14T15:28:53.023+0000] {logging_mixin.py:154} INFO - [2024-04-14T15:28:53.023+0000] {dag.py:3722} INFO - Setting next_dagrun for example_dag_decorator to None, run_after=None
[2024-04-14T15:28:53.033+0000] {processor.py:179} INFO - Processing /home/airflow/.local/lib/python3.10/site-packages/airflow/example_dags/example_dag_decorator.py took 0.091 seconds
[2024-04-14T15:29:23.653+0000] {processor.py:157} INFO - Started process (PID=2173) to work on /home/airflow/.local/lib/python3.10/site-packages/airflow/example_dags/example_dag_decorator.py
[2024-04-14T15:29:23.653+0000] {processor.py:829} INFO - Processing file /home/airflow/.local/lib/python3.10/site-packages/airflow/example_dags/example_dag_decorator.py for tasks to queue
[2024-04-14T15:29:23.654+0000] {logging_mixin.py:154} INFO - [2024-04-14T15:29:23.654+0000] {dagbag.py:536} INFO - Filling up the DagBag from /home/airflow/.local/lib/python3.10/site-packages/airflow/example_dags/example_dag_decorator.py
[2024-04-14T15:29:23.661+0000] {processor.py:839} INFO - DAG(s) dict_keys(['example_dag_decorator']) retrieved from /home/airflow/.local/lib/python3.10/site-packages/airflow/example_dags/example_dag_decorator.py
[2024-04-14T15:29:23.722+0000] {logging_mixin.py:154} INFO - [2024-04-14T15:29:23.722+0000] {dag.py:2941} INFO - Sync 1 DAGs
[2024-04-14T15:29:23.727+0000] {logging_mixin.py:154} INFO - [2024-04-14T15:29:23.727+0000] {dag.py:3722} INFO - Setting next_dagrun for example_dag_decorator to None, run_after=None
[2024-04-14T15:29:23.736+0000] {processor.py:179} INFO - Processing /home/airflow/.local/lib/python3.10/site-packages/airflow/example_dags/example_dag_decorator.py took 0.086 seconds
[2024-04-14T15:29:54.539+0000] {processor.py:157} INFO - Started process (PID=2227) to work on /home/airflow/.local/lib/python3.10/site-packages/airflow/example_dags/example_dag_decorator.py
[2024-04-14T15:29:54.540+0000] {processor.py:829} INFO - Processing file /home/airflow/.local/lib/python3.10/site-packages/airflow/example_dags/example_dag_decorator.py for tasks to queue
[2024-04-14T15:29:54.541+0000] {logging_mixin.py:154} INFO - [2024-04-14T15:29:54.541+0000] {dagbag.py:536} INFO - Filling up the DagBag from /home/airflow/.local/lib/python3.10/site-packages/airflow/example_dags/example_dag_decorator.py
[2024-04-14T15:29:54.548+0000] {processor.py:839} INFO - DAG(s) dict_keys(['example_dag_decorator']) retrieved from /home/airflow/.local/lib/python3.10/site-packages/airflow/example_dags/example_dag_decorator.py
[2024-04-14T15:29:54.608+0000] {logging_mixin.py:154} INFO - [2024-04-14T15:29:54.608+0000] {dag.py:2941} INFO - Sync 1 DAGs
[2024-04-14T15:29:54.614+0000] {logging_mixin.py:154} INFO - [2024-04-14T15:29:54.614+0000] {dag.py:3722} INFO - Setting next_dagrun for example_dag_decorator to None, run_after=None
[2024-04-14T15:29:54.623+0000] {processor.py:179} INFO - Processing /home/airflow/.local/lib/python3.10/site-packages/airflow/example_dags/example_dag_decorator.py took 0.086 seconds
[2024-04-14T15:30:25.289+0000] {processor.py:157} INFO - Started process (PID=2281) to work on /home/airflow/.local/lib/python3.10/site-packages/airflow/example_dags/example_dag_decorator.py
[2024-04-14T15:30:25.289+0000] {processor.py:829} INFO - Processing file /home/airflow/.local/lib/python3.10/site-packages/airflow/example_dags/example_dag_decorator.py for tasks to queue
[2024-04-14T15:30:25.290+0000] {logging_mixin.py:154} INFO - [2024-04-14T15:30:25.290+0000] {dagbag.py:536} INFO - Filling up the DagBag from /home/airflow/.local/lib/python3.10/site-packages/airflow/example_dags/example_dag_decorator.py
[2024-04-14T15:30:25.298+0000] {processor.py:839} INFO - DAG(s) dict_keys(['example_dag_decorator']) retrieved from /home/airflow/.local/lib/python3.10/site-packages/airflow/example_dags/example_dag_decorator.py
[2024-04-14T15:30:25.362+0000] {logging_mixin.py:154} INFO - [2024-04-14T15:30:25.362+0000] {dag.py:2941} INFO - Sync 1 DAGs
[2024-04-14T15:30:25.368+0000] {logging_mixin.py:154} INFO - [2024-04-14T15:30:25.368+0000] {dag.py:3722} INFO - Setting next_dagrun for example_dag_decorator to None, run_after=None
[2024-04-14T15:30:25.377+0000] {processor.py:179} INFO - Processing /home/airflow/.local/lib/python3.10/site-packages/airflow/example_dags/example_dag_decorator.py took 0.091 seconds
[2024-04-14T15:30:55.985+0000] {processor.py:157} INFO - Started process (PID=2335) to work on /home/airflow/.local/lib/python3.10/site-packages/airflow/example_dags/example_dag_decorator.py
[2024-04-14T15:30:55.985+0000] {processor.py:829} INFO - Processing file /home/airflow/.local/lib/python3.10/site-packages/airflow/example_dags/example_dag_decorator.py for tasks to queue
[2024-04-14T15:30:55.986+0000] {logging_mixin.py:154} INFO - [2024-04-14T15:30:55.986+0000] {dagbag.py:536} INFO - Filling up the DagBag from /home/airflow/.local/lib/python3.10/site-packages/airflow/example_dags/example_dag_decorator.py
[2024-04-14T15:30:55.994+0000] {processor.py:839} INFO - DAG(s) dict_keys(['example_dag_decorator']) retrieved from /home/airflow/.local/lib/python3.10/site-packages/airflow/example_dags/example_dag_decorator.py
[2024-04-14T15:30:56.054+0000] {logging_mixin.py:154} INFO - [2024-04-14T15:30:56.054+0000] {dag.py:2941} INFO - Sync 1 DAGs
[2024-04-14T15:30:56.060+0000] {logging_mixin.py:154} INFO - [2024-04-14T15:30:56.060+0000] {dag.py:3722} INFO - Setting next_dagrun for example_dag_decorator to None, run_after=None
[2024-04-14T15:30:56.071+0000] {processor.py:179} INFO - Processing /home/airflow/.local/lib/python3.10/site-packages/airflow/example_dags/example_dag_decorator.py took 0.089 seconds
[2024-04-14T15:31:26.650+0000] {processor.py:157} INFO - Started process (PID=2389) to work on /home/airflow/.local/lib/python3.10/site-packages/airflow/example_dags/example_dag_decorator.py
[2024-04-14T15:31:26.651+0000] {processor.py:829} INFO - Processing file /home/airflow/.local/lib/python3.10/site-packages/airflow/example_dags/example_dag_decorator.py for tasks to queue
[2024-04-14T15:31:26.652+0000] {logging_mixin.py:154} INFO - [2024-04-14T15:31:26.652+0000] {dagbag.py:536} INFO - Filling up the DagBag from /home/airflow/.local/lib/python3.10/site-packages/airflow/example_dags/example_dag_decorator.py
[2024-04-14T15:31:26.660+0000] {processor.py:839} INFO - DAG(s) dict_keys(['example_dag_decorator']) retrieved from /home/airflow/.local/lib/python3.10/site-packages/airflow/example_dags/example_dag_decorator.py
[2024-04-14T15:31:26.719+0000] {logging_mixin.py:154} INFO - [2024-04-14T15:31:26.719+0000] {dag.py:2941} INFO - Sync 1 DAGs
[2024-04-14T15:31:26.725+0000] {logging_mixin.py:154} INFO - [2024-04-14T15:31:26.725+0000] {dag.py:3722} INFO - Setting next_dagrun for example_dag_decorator to None, run_after=None
[2024-04-14T15:31:26.734+0000] {processor.py:179} INFO - Processing /home/airflow/.local/lib/python3.10/site-packages/airflow/example_dags/example_dag_decorator.py took 0.085 seconds
[2024-04-14T15:31:57.384+0000] {processor.py:157} INFO - Started process (PID=2443) to work on /home/airflow/.local/lib/python3.10/site-packages/airflow/example_dags/example_dag_decorator.py
[2024-04-14T15:31:57.384+0000] {processor.py:829} INFO - Processing file /home/airflow/.local/lib/python3.10/site-packages/airflow/example_dags/example_dag_decorator.py for tasks to queue
[2024-04-14T15:31:57.385+0000] {logging_mixin.py:154} INFO - [2024-04-14T15:31:57.385+0000] {dagbag.py:536} INFO - Filling up the DagBag from /home/airflow/.local/lib/python3.10/site-packages/airflow/example_dags/example_dag_decorator.py
[2024-04-14T15:31:57.393+0000] {processor.py:839} INFO - DAG(s) dict_keys(['example_dag_decorator']) retrieved from /home/airflow/.local/lib/python3.10/site-packages/airflow/example_dags/example_dag_decorator.py
[2024-04-14T15:31:57.454+0000] {logging_mixin.py:154} INFO - [2024-04-14T15:31:57.454+0000] {dag.py:2941} INFO - Sync 1 DAGs
[2024-04-14T15:31:57.461+0000] {logging_mixin.py:154} INFO - [2024-04-14T15:31:57.461+0000] {dag.py:3722} INFO - Setting next_dagrun for example_dag_decorator to None, run_after=None
[2024-04-14T15:31:57.470+0000] {processor.py:179} INFO - Processing /home/airflow/.local/lib/python3.10/site-packages/airflow/example_dags/example_dag_decorator.py took 0.089 seconds
[2024-04-14T15:32:28.093+0000] {processor.py:157} INFO - Started process (PID=2497) to work on /home/airflow/.local/lib/python3.10/site-packages/airflow/example_dags/example_dag_decorator.py
[2024-04-14T15:32:28.093+0000] {processor.py:829} INFO - Processing file /home/airflow/.local/lib/python3.10/site-packages/airflow/example_dags/example_dag_decorator.py for tasks to queue
[2024-04-14T15:32:28.094+0000] {logging_mixin.py:154} INFO - [2024-04-14T15:32:28.094+0000] {dagbag.py:536} INFO - Filling up the DagBag from /home/airflow/.local/lib/python3.10/site-packages/airflow/example_dags/example_dag_decorator.py
[2024-04-14T15:32:28.102+0000] {processor.py:839} INFO - DAG(s) dict_keys(['example_dag_decorator']) retrieved from /home/airflow/.local/lib/python3.10/site-packages/airflow/example_dags/example_dag_decorator.py
[2024-04-14T15:32:28.165+0000] {logging_mixin.py:154} INFO - [2024-04-14T15:32:28.165+0000] {dag.py:2941} INFO - Sync 1 DAGs
[2024-04-14T15:32:28.173+0000] {logging_mixin.py:154} INFO - [2024-04-14T15:32:28.173+0000] {dag.py:3722} INFO - Setting next_dagrun for example_dag_decorator to None, run_after=None
[2024-04-14T15:32:28.183+0000] {processor.py:179} INFO - Processing /home/airflow/.local/lib/python3.10/site-packages/airflow/example_dags/example_dag_decorator.py took 0.093 seconds
[2024-04-14T15:32:58.851+0000] {processor.py:157} INFO - Started process (PID=2551) to work on /home/airflow/.local/lib/python3.10/site-packages/airflow/example_dags/example_dag_decorator.py
[2024-04-14T15:32:58.851+0000] {processor.py:829} INFO - Processing file /home/airflow/.local/lib/python3.10/site-packages/airflow/example_dags/example_dag_decorator.py for tasks to queue
[2024-04-14T15:32:58.853+0000] {logging_mixin.py:154} INFO - [2024-04-14T15:32:58.852+0000] {dagbag.py:536} INFO - Filling up the DagBag from /home/airflow/.local/lib/python3.10/site-packages/airflow/example_dags/example_dag_decorator.py
[2024-04-14T15:32:58.860+0000] {processor.py:839} INFO - DAG(s) dict_keys(['example_dag_decorator']) retrieved from /home/airflow/.local/lib/python3.10/site-packages/airflow/example_dags/example_dag_decorator.py
[2024-04-14T15:32:58.918+0000] {logging_mixin.py:154} INFO - [2024-04-14T15:32:58.918+0000] {dag.py:2941} INFO - Sync 1 DAGs
[2024-04-14T15:32:58.924+0000] {logging_mixin.py:154} INFO - [2024-04-14T15:32:58.924+0000] {dag.py:3722} INFO - Setting next_dagrun for example_dag_decorator to None, run_after=None
[2024-04-14T15:32:58.933+0000] {processor.py:179} INFO - Processing /home/airflow/.local/lib/python3.10/site-packages/airflow/example_dags/example_dag_decorator.py took 0.084 seconds
[2024-04-14T15:33:29.490+0000] {processor.py:157} INFO - Started process (PID=2605) to work on /home/airflow/.local/lib/python3.10/site-packages/airflow/example_dags/example_dag_decorator.py
[2024-04-14T15:33:29.490+0000] {processor.py:829} INFO - Processing file /home/airflow/.local/lib/python3.10/site-packages/airflow/example_dags/example_dag_decorator.py for tasks to queue
[2024-04-14T15:33:29.491+0000] {logging_mixin.py:154} INFO - [2024-04-14T15:33:29.491+0000] {dagbag.py:536} INFO - Filling up the DagBag from /home/airflow/.local/lib/python3.10/site-packages/airflow/example_dags/example_dag_decorator.py
[2024-04-14T15:33:29.499+0000] {processor.py:839} INFO - DAG(s) dict_keys(['example_dag_decorator']) retrieved from /home/airflow/.local/lib/python3.10/site-packages/airflow/example_dags/example_dag_decorator.py
[2024-04-14T15:33:29.560+0000] {logging_mixin.py:154} INFO - [2024-04-14T15:33:29.560+0000] {dag.py:2941} INFO - Sync 1 DAGs
[2024-04-14T15:33:29.566+0000] {logging_mixin.py:154} INFO - [2024-04-14T15:33:29.566+0000] {dag.py:3722} INFO - Setting next_dagrun for example_dag_decorator to None, run_after=None
[2024-04-14T15:33:29.575+0000] {processor.py:179} INFO - Processing /home/airflow/.local/lib/python3.10/site-packages/airflow/example_dags/example_dag_decorator.py took 0.088 seconds
[2024-04-14T15:34:00.122+0000] {processor.py:157} INFO - Started process (PID=2659) to work on /home/airflow/.local/lib/python3.10/site-packages/airflow/example_dags/example_dag_decorator.py
[2024-04-14T15:34:00.123+0000] {processor.py:829} INFO - Processing file /home/airflow/.local/lib/python3.10/site-packages/airflow/example_dags/example_dag_decorator.py for tasks to queue
[2024-04-14T15:34:00.124+0000] {logging_mixin.py:154} INFO - [2024-04-14T15:34:00.124+0000] {dagbag.py:536} INFO - Filling up the DagBag from /home/airflow/.local/lib/python3.10/site-packages/airflow/example_dags/example_dag_decorator.py
[2024-04-14T15:34:00.131+0000] {processor.py:839} INFO - DAG(s) dict_keys(['example_dag_decorator']) retrieved from /home/airflow/.local/lib/python3.10/site-packages/airflow/example_dags/example_dag_decorator.py
[2024-04-14T15:34:00.191+0000] {logging_mixin.py:154} INFO - [2024-04-14T15:34:00.191+0000] {dag.py:2941} INFO - Sync 1 DAGs
[2024-04-14T15:34:00.197+0000] {logging_mixin.py:154} INFO - [2024-04-14T15:34:00.197+0000] {dag.py:3722} INFO - Setting next_dagrun for example_dag_decorator to None, run_after=None
[2024-04-14T15:34:00.206+0000] {processor.py:179} INFO - Processing /home/airflow/.local/lib/python3.10/site-packages/airflow/example_dags/example_dag_decorator.py took 0.086 seconds
[2024-04-14T15:34:30.811+0000] {processor.py:157} INFO - Started process (PID=2713) to work on /home/airflow/.local/lib/python3.10/site-packages/airflow/example_dags/example_dag_decorator.py
[2024-04-14T15:34:30.812+0000] {processor.py:829} INFO - Processing file /home/airflow/.local/lib/python3.10/site-packages/airflow/example_dags/example_dag_decorator.py for tasks to queue
[2024-04-14T15:34:30.813+0000] {logging_mixin.py:154} INFO - [2024-04-14T15:34:30.812+0000] {dagbag.py:536} INFO - Filling up the DagBag from /home/airflow/.local/lib/python3.10/site-packages/airflow/example_dags/example_dag_decorator.py
[2024-04-14T15:34:30.820+0000] {processor.py:839} INFO - DAG(s) dict_keys(['example_dag_decorator']) retrieved from /home/airflow/.local/lib/python3.10/site-packages/airflow/example_dags/example_dag_decorator.py
[2024-04-14T15:34:30.878+0000] {logging_mixin.py:154} INFO - [2024-04-14T15:34:30.877+0000] {dag.py:2941} INFO - Sync 1 DAGs
[2024-04-14T15:34:30.883+0000] {logging_mixin.py:154} INFO - [2024-04-14T15:34:30.883+0000] {dag.py:3722} INFO - Setting next_dagrun for example_dag_decorator to None, run_after=None
[2024-04-14T15:34:30.893+0000] {processor.py:179} INFO - Processing /home/airflow/.local/lib/python3.10/site-packages/airflow/example_dags/example_dag_decorator.py took 0.084 seconds
[2024-04-14T15:35:01.444+0000] {processor.py:157} INFO - Started process (PID=2767) to work on /home/airflow/.local/lib/python3.10/site-packages/airflow/example_dags/example_dag_decorator.py
[2024-04-14T15:35:01.445+0000] {processor.py:829} INFO - Processing file /home/airflow/.local/lib/python3.10/site-packages/airflow/example_dags/example_dag_decorator.py for tasks to queue
[2024-04-14T15:35:01.446+0000] {logging_mixin.py:154} INFO - [2024-04-14T15:35:01.446+0000] {dagbag.py:536} INFO - Filling up the DagBag from /home/airflow/.local/lib/python3.10/site-packages/airflow/example_dags/example_dag_decorator.py
[2024-04-14T15:35:01.453+0000] {processor.py:839} INFO - DAG(s) dict_keys(['example_dag_decorator']) retrieved from /home/airflow/.local/lib/python3.10/site-packages/airflow/example_dags/example_dag_decorator.py
[2024-04-14T15:35:01.517+0000] {logging_mixin.py:154} INFO - [2024-04-14T15:35:01.516+0000] {dag.py:2941} INFO - Sync 1 DAGs
[2024-04-14T15:35:01.523+0000] {logging_mixin.py:154} INFO - [2024-04-14T15:35:01.523+0000] {dag.py:3722} INFO - Setting next_dagrun for example_dag_decorator to None, run_after=None
[2024-04-14T15:35:01.533+0000] {processor.py:179} INFO - Processing /home/airflow/.local/lib/python3.10/site-packages/airflow/example_dags/example_dag_decorator.py took 0.091 seconds
[2024-04-14T15:35:32.176+0000] {processor.py:157} INFO - Started process (PID=2821) to work on /home/airflow/.local/lib/python3.10/site-packages/airflow/example_dags/example_dag_decorator.py
[2024-04-14T15:35:32.177+0000] {processor.py:829} INFO - Processing file /home/airflow/.local/lib/python3.10/site-packages/airflow/example_dags/example_dag_decorator.py for tasks to queue
[2024-04-14T15:35:32.178+0000] {logging_mixin.py:154} INFO - [2024-04-14T15:35:32.178+0000] {dagbag.py:536} INFO - Filling up the DagBag from /home/airflow/.local/lib/python3.10/site-packages/airflow/example_dags/example_dag_decorator.py
[2024-04-14T15:35:32.185+0000] {processor.py:839} INFO - DAG(s) dict_keys(['example_dag_decorator']) retrieved from /home/airflow/.local/lib/python3.10/site-packages/airflow/example_dags/example_dag_decorator.py
[2024-04-14T15:35:32.247+0000] {logging_mixin.py:154} INFO - [2024-04-14T15:35:32.247+0000] {dag.py:2941} INFO - Sync 1 DAGs
[2024-04-14T15:35:32.253+0000] {logging_mixin.py:154} INFO - [2024-04-14T15:35:32.253+0000] {dag.py:3722} INFO - Setting next_dagrun for example_dag_decorator to None, run_after=None
[2024-04-14T15:35:32.264+0000] {processor.py:179} INFO - Processing /home/airflow/.local/lib/python3.10/site-packages/airflow/example_dags/example_dag_decorator.py took 0.090 seconds
[2024-04-14T15:36:02.963+0000] {processor.py:157} INFO - Started process (PID=2875) to work on /home/airflow/.local/lib/python3.10/site-packages/airflow/example_dags/example_dag_decorator.py
[2024-04-14T15:36:02.964+0000] {processor.py:829} INFO - Processing file /home/airflow/.local/lib/python3.10/site-packages/airflow/example_dags/example_dag_decorator.py for tasks to queue
[2024-04-14T15:36:02.965+0000] {logging_mixin.py:154} INFO - [2024-04-14T15:36:02.965+0000] {dagbag.py:536} INFO - Filling up the DagBag from /home/airflow/.local/lib/python3.10/site-packages/airflow/example_dags/example_dag_decorator.py
[2024-04-14T15:36:02.973+0000] {processor.py:839} INFO - DAG(s) dict_keys(['example_dag_decorator']) retrieved from /home/airflow/.local/lib/python3.10/site-packages/airflow/example_dags/example_dag_decorator.py
[2024-04-14T15:36:03.032+0000] {logging_mixin.py:154} INFO - [2024-04-14T15:36:03.032+0000] {dag.py:2941} INFO - Sync 1 DAGs
[2024-04-14T15:36:03.038+0000] {logging_mixin.py:154} INFO - [2024-04-14T15:36:03.038+0000] {dag.py:3722} INFO - Setting next_dagrun for example_dag_decorator to None, run_after=None
[2024-04-14T15:36:03.048+0000] {processor.py:179} INFO - Processing /home/airflow/.local/lib/python3.10/site-packages/airflow/example_dags/example_dag_decorator.py took 0.087 seconds
[2024-04-14T15:36:33.684+0000] {processor.py:157} INFO - Started process (PID=2929) to work on /home/airflow/.local/lib/python3.10/site-packages/airflow/example_dags/example_dag_decorator.py
[2024-04-14T15:36:33.685+0000] {processor.py:829} INFO - Processing file /home/airflow/.local/lib/python3.10/site-packages/airflow/example_dags/example_dag_decorator.py for tasks to queue
[2024-04-14T15:36:33.686+0000] {logging_mixin.py:154} INFO - [2024-04-14T15:36:33.686+0000] {dagbag.py:536} INFO - Filling up the DagBag from /home/airflow/.local/lib/python3.10/site-packages/airflow/example_dags/example_dag_decorator.py
[2024-04-14T15:36:33.693+0000] {processor.py:839} INFO - DAG(s) dict_keys(['example_dag_decorator']) retrieved from /home/airflow/.local/lib/python3.10/site-packages/airflow/example_dags/example_dag_decorator.py
[2024-04-14T15:36:33.751+0000] {logging_mixin.py:154} INFO - [2024-04-14T15:36:33.751+0000] {dag.py:2941} INFO - Sync 1 DAGs
[2024-04-14T15:36:33.757+0000] {logging_mixin.py:154} INFO - [2024-04-14T15:36:33.757+0000] {dag.py:3722} INFO - Setting next_dagrun for example_dag_decorator to None, run_after=None
[2024-04-14T15:36:33.766+0000] {processor.py:179} INFO - Processing /home/airflow/.local/lib/python3.10/site-packages/airflow/example_dags/example_dag_decorator.py took 0.084 seconds
[2024-04-14T15:37:04.511+0000] {processor.py:157} INFO - Started process (PID=2983) to work on /home/airflow/.local/lib/python3.10/site-packages/airflow/example_dags/example_dag_decorator.py
[2024-04-14T15:37:04.512+0000] {processor.py:829} INFO - Processing file /home/airflow/.local/lib/python3.10/site-packages/airflow/example_dags/example_dag_decorator.py for tasks to queue
[2024-04-14T15:37:04.513+0000] {logging_mixin.py:154} INFO - [2024-04-14T15:37:04.513+0000] {dagbag.py:536} INFO - Filling up the DagBag from /home/airflow/.local/lib/python3.10/site-packages/airflow/example_dags/example_dag_decorator.py
[2024-04-14T15:37:04.521+0000] {processor.py:839} INFO - DAG(s) dict_keys(['example_dag_decorator']) retrieved from /home/airflow/.local/lib/python3.10/site-packages/airflow/example_dags/example_dag_decorator.py
[2024-04-14T15:37:04.583+0000] {logging_mixin.py:154} INFO - [2024-04-14T15:37:04.583+0000] {dag.py:2941} INFO - Sync 1 DAGs
[2024-04-14T15:37:04.589+0000] {logging_mixin.py:154} INFO - [2024-04-14T15:37:04.589+0000] {dag.py:3722} INFO - Setting next_dagrun for example_dag_decorator to None, run_after=None
[2024-04-14T15:37:04.598+0000] {processor.py:179} INFO - Processing /home/airflow/.local/lib/python3.10/site-packages/airflow/example_dags/example_dag_decorator.py took 0.089 seconds
[2024-04-14T15:37:35.226+0000] {processor.py:157} INFO - Started process (PID=3037) to work on /home/airflow/.local/lib/python3.10/site-packages/airflow/example_dags/example_dag_decorator.py
[2024-04-14T15:37:35.227+0000] {processor.py:829} INFO - Processing file /home/airflow/.local/lib/python3.10/site-packages/airflow/example_dags/example_dag_decorator.py for tasks to queue
[2024-04-14T15:37:35.228+0000] {logging_mixin.py:154} INFO - [2024-04-14T15:37:35.228+0000] {dagbag.py:536} INFO - Filling up the DagBag from /home/airflow/.local/lib/python3.10/site-packages/airflow/example_dags/example_dag_decorator.py
[2024-04-14T15:37:35.235+0000] {processor.py:839} INFO - DAG(s) dict_keys(['example_dag_decorator']) retrieved from /home/airflow/.local/lib/python3.10/site-packages/airflow/example_dags/example_dag_decorator.py
[2024-04-14T15:37:35.296+0000] {logging_mixin.py:154} INFO - [2024-04-14T15:37:35.296+0000] {dag.py:2941} INFO - Sync 1 DAGs
[2024-04-14T15:37:35.302+0000] {logging_mixin.py:154} INFO - [2024-04-14T15:37:35.302+0000] {dag.py:3722} INFO - Setting next_dagrun for example_dag_decorator to None, run_after=None
[2024-04-14T15:37:35.313+0000] {processor.py:179} INFO - Processing /home/airflow/.local/lib/python3.10/site-packages/airflow/example_dags/example_dag_decorator.py took 0.089 seconds
[2024-04-14T15:38:05.968+0000] {processor.py:157} INFO - Started process (PID=3091) to work on /home/airflow/.local/lib/python3.10/site-packages/airflow/example_dags/example_dag_decorator.py
[2024-04-14T15:38:05.969+0000] {processor.py:829} INFO - Processing file /home/airflow/.local/lib/python3.10/site-packages/airflow/example_dags/example_dag_decorator.py for tasks to queue
[2024-04-14T15:38:05.970+0000] {logging_mixin.py:154} INFO - [2024-04-14T15:38:05.970+0000] {dagbag.py:536} INFO - Filling up the DagBag from /home/airflow/.local/lib/python3.10/site-packages/airflow/example_dags/example_dag_decorator.py
[2024-04-14T15:38:05.978+0000] {processor.py:839} INFO - DAG(s) dict_keys(['example_dag_decorator']) retrieved from /home/airflow/.local/lib/python3.10/site-packages/airflow/example_dags/example_dag_decorator.py
[2024-04-14T15:38:06.043+0000] {logging_mixin.py:154} INFO - [2024-04-14T15:38:06.043+0000] {dag.py:2941} INFO - Sync 1 DAGs
[2024-04-14T15:38:06.050+0000] {logging_mixin.py:154} INFO - [2024-04-14T15:38:06.050+0000] {dag.py:3722} INFO - Setting next_dagrun for example_dag_decorator to None, run_after=None
[2024-04-14T15:38:06.060+0000] {processor.py:179} INFO - Processing /home/airflow/.local/lib/python3.10/site-packages/airflow/example_dags/example_dag_decorator.py took 0.094 seconds
[2024-04-14T15:38:36.858+0000] {processor.py:157} INFO - Started process (PID=3145) to work on /home/airflow/.local/lib/python3.10/site-packages/airflow/example_dags/example_dag_decorator.py
[2024-04-14T15:38:36.859+0000] {processor.py:829} INFO - Processing file /home/airflow/.local/lib/python3.10/site-packages/airflow/example_dags/example_dag_decorator.py for tasks to queue
[2024-04-14T15:38:36.860+0000] {logging_mixin.py:154} INFO - [2024-04-14T15:38:36.860+0000] {dagbag.py:536} INFO - Filling up the DagBag from /home/airflow/.local/lib/python3.10/site-packages/airflow/example_dags/example_dag_decorator.py
[2024-04-14T15:38:36.868+0000] {processor.py:839} INFO - DAG(s) dict_keys(['example_dag_decorator']) retrieved from /home/airflow/.local/lib/python3.10/site-packages/airflow/example_dags/example_dag_decorator.py
[2024-04-14T15:38:36.932+0000] {logging_mixin.py:154} INFO - [2024-04-14T15:38:36.932+0000] {dag.py:2941} INFO - Sync 1 DAGs
[2024-04-14T15:38:36.938+0000] {logging_mixin.py:154} INFO - [2024-04-14T15:38:36.938+0000] {dag.py:3722} INFO - Setting next_dagrun for example_dag_decorator to None, run_after=None
[2024-04-14T15:38:36.948+0000] {processor.py:179} INFO - Processing /home/airflow/.local/lib/python3.10/site-packages/airflow/example_dags/example_dag_decorator.py took 0.092 seconds
[2024-04-14T15:39:07.703+0000] {processor.py:157} INFO - Started process (PID=3199) to work on /home/airflow/.local/lib/python3.10/site-packages/airflow/example_dags/example_dag_decorator.py
[2024-04-14T15:39:07.704+0000] {processor.py:829} INFO - Processing file /home/airflow/.local/lib/python3.10/site-packages/airflow/example_dags/example_dag_decorator.py for tasks to queue
[2024-04-14T15:39:07.706+0000] {logging_mixin.py:154} INFO - [2024-04-14T15:39:07.705+0000] {dagbag.py:536} INFO - Filling up the DagBag from /home/airflow/.local/lib/python3.10/site-packages/airflow/example_dags/example_dag_decorator.py
[2024-04-14T15:39:07.713+0000] {processor.py:839} INFO - DAG(s) dict_keys(['example_dag_decorator']) retrieved from /home/airflow/.local/lib/python3.10/site-packages/airflow/example_dags/example_dag_decorator.py
[2024-04-14T15:39:07.781+0000] {logging_mixin.py:154} INFO - [2024-04-14T15:39:07.781+0000] {dag.py:2941} INFO - Sync 1 DAGs
[2024-04-14T15:39:07.788+0000] {logging_mixin.py:154} INFO - [2024-04-14T15:39:07.787+0000] {dag.py:3722} INFO - Setting next_dagrun for example_dag_decorator to None, run_after=None
[2024-04-14T15:39:07.800+0000] {processor.py:179} INFO - Processing /home/airflow/.local/lib/python3.10/site-packages/airflow/example_dags/example_dag_decorator.py took 0.099 seconds
[2024-04-14T15:39:38.676+0000] {processor.py:157} INFO - Started process (PID=3253) to work on /home/airflow/.local/lib/python3.10/site-packages/airflow/example_dags/example_dag_decorator.py
[2024-04-14T15:39:38.677+0000] {processor.py:829} INFO - Processing file /home/airflow/.local/lib/python3.10/site-packages/airflow/example_dags/example_dag_decorator.py for tasks to queue
[2024-04-14T15:39:38.678+0000] {logging_mixin.py:154} INFO - [2024-04-14T15:39:38.678+0000] {dagbag.py:536} INFO - Filling up the DagBag from /home/airflow/.local/lib/python3.10/site-packages/airflow/example_dags/example_dag_decorator.py
[2024-04-14T15:39:38.686+0000] {processor.py:839} INFO - DAG(s) dict_keys(['example_dag_decorator']) retrieved from /home/airflow/.local/lib/python3.10/site-packages/airflow/example_dags/example_dag_decorator.py
[2024-04-14T15:39:38.753+0000] {logging_mixin.py:154} INFO - [2024-04-14T15:39:38.753+0000] {dag.py:2941} INFO - Sync 1 DAGs
[2024-04-14T15:39:38.760+0000] {logging_mixin.py:154} INFO - [2024-04-14T15:39:38.760+0000] {dag.py:3722} INFO - Setting next_dagrun for example_dag_decorator to None, run_after=None
[2024-04-14T15:39:38.772+0000] {processor.py:179} INFO - Processing /home/airflow/.local/lib/python3.10/site-packages/airflow/example_dags/example_dag_decorator.py took 0.099 seconds
[2024-04-14T15:40:09.688+0000] {processor.py:157} INFO - Started process (PID=3307) to work on /home/airflow/.local/lib/python3.10/site-packages/airflow/example_dags/example_dag_decorator.py
[2024-04-14T15:40:09.688+0000] {processor.py:829} INFO - Processing file /home/airflow/.local/lib/python3.10/site-packages/airflow/example_dags/example_dag_decorator.py for tasks to queue
[2024-04-14T15:40:09.689+0000] {logging_mixin.py:154} INFO - [2024-04-14T15:40:09.689+0000] {dagbag.py:536} INFO - Filling up the DagBag from /home/airflow/.local/lib/python3.10/site-packages/airflow/example_dags/example_dag_decorator.py
[2024-04-14T15:40:09.697+0000] {processor.py:839} INFO - DAG(s) dict_keys(['example_dag_decorator']) retrieved from /home/airflow/.local/lib/python3.10/site-packages/airflow/example_dags/example_dag_decorator.py
[2024-04-14T15:40:09.761+0000] {logging_mixin.py:154} INFO - [2024-04-14T15:40:09.761+0000] {dag.py:2941} INFO - Sync 1 DAGs
[2024-04-14T15:40:09.767+0000] {logging_mixin.py:154} INFO - [2024-04-14T15:40:09.767+0000] {dag.py:3722} INFO - Setting next_dagrun for example_dag_decorator to None, run_after=None
[2024-04-14T15:40:09.778+0000] {processor.py:179} INFO - Processing /home/airflow/.local/lib/python3.10/site-packages/airflow/example_dags/example_dag_decorator.py took 0.092 seconds
[2024-04-14T15:41:10.351+0000] {processor.py:157} INFO - Started process (PID=60) to work on /home/airflow/.local/lib/python3.10/site-packages/airflow/example_dags/example_dag_decorator.py
[2024-04-14T15:41:10.352+0000] {processor.py:829} INFO - Processing file /home/airflow/.local/lib/python3.10/site-packages/airflow/example_dags/example_dag_decorator.py for tasks to queue
[2024-04-14T15:41:10.353+0000] {logging_mixin.py:154} INFO - [2024-04-14T15:41:10.353+0000] {dagbag.py:536} INFO - Filling up the DagBag from /home/airflow/.local/lib/python3.10/site-packages/airflow/example_dags/example_dag_decorator.py
[2024-04-14T15:41:10.360+0000] {processor.py:839} INFO - DAG(s) dict_keys(['example_dag_decorator']) retrieved from /home/airflow/.local/lib/python3.10/site-packages/airflow/example_dags/example_dag_decorator.py
[2024-04-14T15:41:10.368+0000] {logging_mixin.py:154} INFO - [2024-04-14T15:41:10.368+0000] {dag.py:2941} INFO - Sync 1 DAGs
[2024-04-14T15:41:10.376+0000] {logging_mixin.py:154} INFO - [2024-04-14T15:41:10.376+0000] {dag.py:3722} INFO - Setting next_dagrun for example_dag_decorator to None, run_after=None
[2024-04-14T15:41:10.386+0000] {processor.py:179} INFO - Processing /home/airflow/.local/lib/python3.10/site-packages/airflow/example_dags/example_dag_decorator.py took 0.037 seconds
[2024-04-14T15:41:40.913+0000] {processor.py:157} INFO - Started process (PID=114) to work on /home/airflow/.local/lib/python3.10/site-packages/airflow/example_dags/example_dag_decorator.py
[2024-04-14T15:41:40.913+0000] {processor.py:829} INFO - Processing file /home/airflow/.local/lib/python3.10/site-packages/airflow/example_dags/example_dag_decorator.py for tasks to queue
[2024-04-14T15:41:40.915+0000] {logging_mixin.py:154} INFO - [2024-04-14T15:41:40.914+0000] {dagbag.py:536} INFO - Filling up the DagBag from /home/airflow/.local/lib/python3.10/site-packages/airflow/example_dags/example_dag_decorator.py
[2024-04-14T15:41:40.922+0000] {processor.py:839} INFO - DAG(s) dict_keys(['example_dag_decorator']) retrieved from /home/airflow/.local/lib/python3.10/site-packages/airflow/example_dags/example_dag_decorator.py
[2024-04-14T15:41:40.991+0000] {logging_mixin.py:154} INFO - [2024-04-14T15:41:40.990+0000] {dag.py:2941} INFO - Sync 1 DAGs
[2024-04-14T15:41:40.997+0000] {logging_mixin.py:154} INFO - [2024-04-14T15:41:40.996+0000] {dag.py:3722} INFO - Setting next_dagrun for example_dag_decorator to None, run_after=None
[2024-04-14T15:41:41.007+0000] {processor.py:179} INFO - Processing /home/airflow/.local/lib/python3.10/site-packages/airflow/example_dags/example_dag_decorator.py took 0.097 seconds
[2024-04-14T15:42:11.622+0000] {processor.py:157} INFO - Started process (PID=168) to work on /home/airflow/.local/lib/python3.10/site-packages/airflow/example_dags/example_dag_decorator.py
[2024-04-14T15:42:11.623+0000] {processor.py:829} INFO - Processing file /home/airflow/.local/lib/python3.10/site-packages/airflow/example_dags/example_dag_decorator.py for tasks to queue
[2024-04-14T15:42:11.623+0000] {logging_mixin.py:154} INFO - [2024-04-14T15:42:11.623+0000] {dagbag.py:536} INFO - Filling up the DagBag from /home/airflow/.local/lib/python3.10/site-packages/airflow/example_dags/example_dag_decorator.py
[2024-04-14T15:42:11.630+0000] {processor.py:839} INFO - DAG(s) dict_keys(['example_dag_decorator']) retrieved from /home/airflow/.local/lib/python3.10/site-packages/airflow/example_dags/example_dag_decorator.py
[2024-04-14T15:42:11.692+0000] {logging_mixin.py:154} INFO - [2024-04-14T15:42:11.692+0000] {dag.py:2941} INFO - Sync 1 DAGs
[2024-04-14T15:42:11.698+0000] {logging_mixin.py:154} INFO - [2024-04-14T15:42:11.698+0000] {dag.py:3722} INFO - Setting next_dagrun for example_dag_decorator to None, run_after=None
[2024-04-14T15:42:11.707+0000] {processor.py:179} INFO - Processing /home/airflow/.local/lib/python3.10/site-packages/airflow/example_dags/example_dag_decorator.py took 0.087 seconds
[2024-04-14T15:42:42.318+0000] {processor.py:157} INFO - Started process (PID=222) to work on /home/airflow/.local/lib/python3.10/site-packages/airflow/example_dags/example_dag_decorator.py
[2024-04-14T15:42:42.319+0000] {processor.py:829} INFO - Processing file /home/airflow/.local/lib/python3.10/site-packages/airflow/example_dags/example_dag_decorator.py for tasks to queue
[2024-04-14T15:42:42.319+0000] {logging_mixin.py:154} INFO - [2024-04-14T15:42:42.319+0000] {dagbag.py:536} INFO - Filling up the DagBag from /home/airflow/.local/lib/python3.10/site-packages/airflow/example_dags/example_dag_decorator.py
[2024-04-14T15:42:42.326+0000] {processor.py:839} INFO - DAG(s) dict_keys(['example_dag_decorator']) retrieved from /home/airflow/.local/lib/python3.10/site-packages/airflow/example_dags/example_dag_decorator.py
[2024-04-14T15:42:42.386+0000] {logging_mixin.py:154} INFO - [2024-04-14T15:42:42.386+0000] {dag.py:2941} INFO - Sync 1 DAGs
[2024-04-14T15:42:42.391+0000] {logging_mixin.py:154} INFO - [2024-04-14T15:42:42.391+0000] {dag.py:3722} INFO - Setting next_dagrun for example_dag_decorator to None, run_after=None
[2024-04-14T15:42:42.401+0000] {processor.py:179} INFO - Processing /home/airflow/.local/lib/python3.10/site-packages/airflow/example_dags/example_dag_decorator.py took 0.085 seconds
[2024-04-14T15:46:33.532+0000] {processor.py:157} INFO - Started process (PID=61) to work on /home/airflow/.local/lib/python3.10/site-packages/airflow/example_dags/example_dag_decorator.py
[2024-04-14T15:46:33.533+0000] {processor.py:829} INFO - Processing file /home/airflow/.local/lib/python3.10/site-packages/airflow/example_dags/example_dag_decorator.py for tasks to queue
[2024-04-14T15:46:33.534+0000] {logging_mixin.py:154} INFO - [2024-04-14T15:46:33.534+0000] {dagbag.py:536} INFO - Filling up the DagBag from /home/airflow/.local/lib/python3.10/site-packages/airflow/example_dags/example_dag_decorator.py
[2024-04-14T15:46:33.545+0000] {processor.py:839} INFO - DAG(s) dict_keys(['example_dag_decorator']) retrieved from /home/airflow/.local/lib/python3.10/site-packages/airflow/example_dags/example_dag_decorator.py
[2024-04-14T15:46:33.553+0000] {logging_mixin.py:154} INFO - [2024-04-14T15:46:33.553+0000] {dag.py:2941} INFO - Sync 1 DAGs
[2024-04-14T15:46:33.561+0000] {logging_mixin.py:154} INFO - [2024-04-14T15:46:33.561+0000] {dag.py:3722} INFO - Setting next_dagrun for example_dag_decorator to None, run_after=None
[2024-04-14T15:46:33.571+0000] {processor.py:179} INFO - Processing /home/airflow/.local/lib/python3.10/site-packages/airflow/example_dags/example_dag_decorator.py took 0.041 seconds
[2024-04-14T15:47:04.460+0000] {processor.py:157} INFO - Started process (PID=116) to work on /home/airflow/.local/lib/python3.10/site-packages/airflow/example_dags/example_dag_decorator.py
[2024-04-14T15:47:04.461+0000] {processor.py:829} INFO - Processing file /home/airflow/.local/lib/python3.10/site-packages/airflow/example_dags/example_dag_decorator.py for tasks to queue
[2024-04-14T15:47:04.462+0000] {logging_mixin.py:154} INFO - [2024-04-14T15:47:04.462+0000] {dagbag.py:536} INFO - Filling up the DagBag from /home/airflow/.local/lib/python3.10/site-packages/airflow/example_dags/example_dag_decorator.py
[2024-04-14T15:47:04.469+0000] {processor.py:839} INFO - DAG(s) dict_keys(['example_dag_decorator']) retrieved from /home/airflow/.local/lib/python3.10/site-packages/airflow/example_dags/example_dag_decorator.py
[2024-04-14T15:47:04.528+0000] {logging_mixin.py:154} INFO - [2024-04-14T15:47:04.527+0000] {dag.py:2941} INFO - Sync 1 DAGs
[2024-04-14T15:47:04.533+0000] {logging_mixin.py:154} INFO - [2024-04-14T15:47:04.533+0000] {dag.py:3722} INFO - Setting next_dagrun for example_dag_decorator to None, run_after=None
[2024-04-14T15:47:04.542+0000] {processor.py:179} INFO - Processing /home/airflow/.local/lib/python3.10/site-packages/airflow/example_dags/example_dag_decorator.py took 0.084 seconds
[2024-04-14T15:47:35.310+0000] {processor.py:157} INFO - Started process (PID=171) to work on /home/airflow/.local/lib/python3.10/site-packages/airflow/example_dags/example_dag_decorator.py
[2024-04-14T15:47:35.311+0000] {processor.py:829} INFO - Processing file /home/airflow/.local/lib/python3.10/site-packages/airflow/example_dags/example_dag_decorator.py for tasks to queue
[2024-04-14T15:47:35.312+0000] {logging_mixin.py:154} INFO - [2024-04-14T15:47:35.311+0000] {dagbag.py:536} INFO - Filling up the DagBag from /home/airflow/.local/lib/python3.10/site-packages/airflow/example_dags/example_dag_decorator.py
[2024-04-14T15:47:35.319+0000] {processor.py:839} INFO - DAG(s) dict_keys(['example_dag_decorator']) retrieved from /home/airflow/.local/lib/python3.10/site-packages/airflow/example_dags/example_dag_decorator.py
[2024-04-14T15:47:35.378+0000] {logging_mixin.py:154} INFO - [2024-04-14T15:47:35.378+0000] {dag.py:2941} INFO - Sync 1 DAGs
[2024-04-14T15:47:35.384+0000] {logging_mixin.py:154} INFO - [2024-04-14T15:47:35.384+0000] {dag.py:3722} INFO - Setting next_dagrun for example_dag_decorator to None, run_after=None
[2024-04-14T15:47:35.392+0000] {processor.py:179} INFO - Processing /home/airflow/.local/lib/python3.10/site-packages/airflow/example_dags/example_dag_decorator.py took 0.084 seconds
[2024-04-14T15:48:05.974+0000] {processor.py:157} INFO - Started process (PID=230) to work on /home/airflow/.local/lib/python3.10/site-packages/airflow/example_dags/example_dag_decorator.py
[2024-04-14T15:48:05.974+0000] {processor.py:829} INFO - Processing file /home/airflow/.local/lib/python3.10/site-packages/airflow/example_dags/example_dag_decorator.py for tasks to queue
[2024-04-14T15:48:05.975+0000] {logging_mixin.py:154} INFO - [2024-04-14T15:48:05.975+0000] {dagbag.py:536} INFO - Filling up the DagBag from /home/airflow/.local/lib/python3.10/site-packages/airflow/example_dags/example_dag_decorator.py
[2024-04-14T15:48:05.982+0000] {processor.py:839} INFO - DAG(s) dict_keys(['example_dag_decorator']) retrieved from /home/airflow/.local/lib/python3.10/site-packages/airflow/example_dags/example_dag_decorator.py
[2024-04-14T15:48:06.042+0000] {logging_mixin.py:154} INFO - [2024-04-14T15:48:06.041+0000] {dag.py:2941} INFO - Sync 1 DAGs
[2024-04-14T15:48:06.048+0000] {logging_mixin.py:154} INFO - [2024-04-14T15:48:06.048+0000] {dag.py:3722} INFO - Setting next_dagrun for example_dag_decorator to None, run_after=None
[2024-04-14T15:48:06.057+0000] {processor.py:179} INFO - Processing /home/airflow/.local/lib/python3.10/site-packages/airflow/example_dags/example_dag_decorator.py took 0.085 seconds
[2024-04-14T15:48:36.644+0000] {processor.py:157} INFO - Started process (PID=285) to work on /home/airflow/.local/lib/python3.10/site-packages/airflow/example_dags/example_dag_decorator.py
[2024-04-14T15:48:36.644+0000] {processor.py:829} INFO - Processing file /home/airflow/.local/lib/python3.10/site-packages/airflow/example_dags/example_dag_decorator.py for tasks to queue
[2024-04-14T15:48:36.645+0000] {logging_mixin.py:154} INFO - [2024-04-14T15:48:36.645+0000] {dagbag.py:536} INFO - Filling up the DagBag from /home/airflow/.local/lib/python3.10/site-packages/airflow/example_dags/example_dag_decorator.py
[2024-04-14T15:48:36.652+0000] {processor.py:839} INFO - DAG(s) dict_keys(['example_dag_decorator']) retrieved from /home/airflow/.local/lib/python3.10/site-packages/airflow/example_dags/example_dag_decorator.py
[2024-04-14T15:48:36.712+0000] {logging_mixin.py:154} INFO - [2024-04-14T15:48:36.712+0000] {dag.py:2941} INFO - Sync 1 DAGs
[2024-04-14T15:48:36.718+0000] {logging_mixin.py:154} INFO - [2024-04-14T15:48:36.718+0000] {dag.py:3722} INFO - Setting next_dagrun for example_dag_decorator to None, run_after=None
[2024-04-14T15:48:36.727+0000] {processor.py:179} INFO - Processing /home/airflow/.local/lib/python3.10/site-packages/airflow/example_dags/example_dag_decorator.py took 0.085 seconds
[2024-04-14T15:49:07.321+0000] {processor.py:157} INFO - Started process (PID=340) to work on /home/airflow/.local/lib/python3.10/site-packages/airflow/example_dags/example_dag_decorator.py
[2024-04-14T15:49:07.321+0000] {processor.py:829} INFO - Processing file /home/airflow/.local/lib/python3.10/site-packages/airflow/example_dags/example_dag_decorator.py for tasks to queue
[2024-04-14T15:49:07.322+0000] {logging_mixin.py:154} INFO - [2024-04-14T15:49:07.322+0000] {dagbag.py:536} INFO - Filling up the DagBag from /home/airflow/.local/lib/python3.10/site-packages/airflow/example_dags/example_dag_decorator.py
[2024-04-14T15:49:07.329+0000] {processor.py:839} INFO - DAG(s) dict_keys(['example_dag_decorator']) retrieved from /home/airflow/.local/lib/python3.10/site-packages/airflow/example_dags/example_dag_decorator.py
[2024-04-14T15:49:07.389+0000] {logging_mixin.py:154} INFO - [2024-04-14T15:49:07.389+0000] {dag.py:2941} INFO - Sync 1 DAGs
[2024-04-14T15:49:07.395+0000] {logging_mixin.py:154} INFO - [2024-04-14T15:49:07.395+0000] {dag.py:3722} INFO - Setting next_dagrun for example_dag_decorator to None, run_after=None
[2024-04-14T15:49:07.404+0000] {processor.py:179} INFO - Processing /home/airflow/.local/lib/python3.10/site-packages/airflow/example_dags/example_dag_decorator.py took 0.086 seconds
