[2024-04-14T15:09:26.555+0000] {processor.py:157} INFO - Started process (PID=70) to work on /home/airflow/.local/lib/python3.10/site-packages/airflow/example_dags/example_sensor_decorator.py
[2024-04-14T15:09:26.555+0000] {processor.py:829} INFO - Processing file /home/airflow/.local/lib/python3.10/site-packages/airflow/example_dags/example_sensor_decorator.py for tasks to queue
[2024-04-14T15:09:26.556+0000] {logging_mixin.py:154} INFO - [2024-04-14T15:09:26.556+0000] {dagbag.py:536} INFO - Filling up the DagBag from /home/airflow/.local/lib/python3.10/site-packages/airflow/example_dags/example_sensor_decorator.py
[2024-04-14T15:09:26.560+0000] {processor.py:839} INFO - DAG(s) dict_keys(['example_sensor_decorator']) retrieved from /home/airflow/.local/lib/python3.10/site-packages/airflow/example_dags/example_sensor_decorator.py
[2024-04-14T15:09:26.569+0000] {logging_mixin.py:154} INFO - [2024-04-14T15:09:26.568+0000] {dag.py:2941} INFO - Sync 1 DAGs
[2024-04-14T15:09:26.577+0000] {logging_mixin.py:154} INFO - [2024-04-14T15:09:26.576+0000] {dag.py:3722} INFO - Setting next_dagrun for example_sensor_decorator to None, run_after=None
[2024-04-14T15:09:26.586+0000] {processor.py:179} INFO - Processing /home/airflow/.local/lib/python3.10/site-packages/airflow/example_dags/example_sensor_decorator.py took 0.033 seconds
[2024-04-14T15:09:57.257+0000] {processor.py:157} INFO - Started process (PID=124) to work on /home/airflow/.local/lib/python3.10/site-packages/airflow/example_dags/example_sensor_decorator.py
[2024-04-14T15:09:57.257+0000] {processor.py:829} INFO - Processing file /home/airflow/.local/lib/python3.10/site-packages/airflow/example_dags/example_sensor_decorator.py for tasks to queue
[2024-04-14T15:09:57.258+0000] {logging_mixin.py:154} INFO - [2024-04-14T15:09:57.258+0000] {dagbag.py:536} INFO - Filling up the DagBag from /home/airflow/.local/lib/python3.10/site-packages/airflow/example_dags/example_sensor_decorator.py
[2024-04-14T15:09:57.262+0000] {processor.py:839} INFO - DAG(s) dict_keys(['example_sensor_decorator']) retrieved from /home/airflow/.local/lib/python3.10/site-packages/airflow/example_dags/example_sensor_decorator.py
[2024-04-14T15:09:57.274+0000] {logging_mixin.py:154} INFO - [2024-04-14T15:09:57.274+0000] {dag.py:2941} INFO - Sync 1 DAGs
[2024-04-14T15:09:57.282+0000] {logging_mixin.py:154} INFO - [2024-04-14T15:09:57.282+0000] {dag.py:3722} INFO - Setting next_dagrun for example_sensor_decorator to None, run_after=None
[2024-04-14T15:09:57.291+0000] {processor.py:179} INFO - Processing /home/airflow/.local/lib/python3.10/site-packages/airflow/example_dags/example_sensor_decorator.py took 0.037 seconds
[2024-04-14T15:10:27.976+0000] {processor.py:157} INFO - Started process (PID=178) to work on /home/airflow/.local/lib/python3.10/site-packages/airflow/example_dags/example_sensor_decorator.py
[2024-04-14T15:10:27.977+0000] {processor.py:829} INFO - Processing file /home/airflow/.local/lib/python3.10/site-packages/airflow/example_dags/example_sensor_decorator.py for tasks to queue
[2024-04-14T15:10:27.978+0000] {logging_mixin.py:154} INFO - [2024-04-14T15:10:27.978+0000] {dagbag.py:536} INFO - Filling up the DagBag from /home/airflow/.local/lib/python3.10/site-packages/airflow/example_dags/example_sensor_decorator.py
[2024-04-14T15:10:27.981+0000] {processor.py:839} INFO - DAG(s) dict_keys(['example_sensor_decorator']) retrieved from /home/airflow/.local/lib/python3.10/site-packages/airflow/example_dags/example_sensor_decorator.py
[2024-04-14T15:10:27.993+0000] {logging_mixin.py:154} INFO - [2024-04-14T15:10:27.993+0000] {dag.py:2941} INFO - Sync 1 DAGs
[2024-04-14T15:10:28.000+0000] {logging_mixin.py:154} INFO - [2024-04-14T15:10:28.000+0000] {dag.py:3722} INFO - Setting next_dagrun for example_sensor_decorator to None, run_after=None
[2024-04-14T15:10:28.008+0000] {processor.py:179} INFO - Processing /home/airflow/.local/lib/python3.10/site-packages/airflow/example_dags/example_sensor_decorator.py took 0.034 seconds
[2024-04-14T15:10:58.490+0000] {processor.py:157} INFO - Started process (PID=232) to work on /home/airflow/.local/lib/python3.10/site-packages/airflow/example_dags/example_sensor_decorator.py
[2024-04-14T15:10:58.490+0000] {processor.py:829} INFO - Processing file /home/airflow/.local/lib/python3.10/site-packages/airflow/example_dags/example_sensor_decorator.py for tasks to queue
[2024-04-14T15:10:58.491+0000] {logging_mixin.py:154} INFO - [2024-04-14T15:10:58.491+0000] {dagbag.py:536} INFO - Filling up the DagBag from /home/airflow/.local/lib/python3.10/site-packages/airflow/example_dags/example_sensor_decorator.py
[2024-04-14T15:10:58.495+0000] {processor.py:839} INFO - DAG(s) dict_keys(['example_sensor_decorator']) retrieved from /home/airflow/.local/lib/python3.10/site-packages/airflow/example_dags/example_sensor_decorator.py
[2024-04-14T15:10:58.507+0000] {logging_mixin.py:154} INFO - [2024-04-14T15:10:58.507+0000] {dag.py:2941} INFO - Sync 1 DAGs
[2024-04-14T15:10:58.514+0000] {logging_mixin.py:154} INFO - [2024-04-14T15:10:58.514+0000] {dag.py:3722} INFO - Setting next_dagrun for example_sensor_decorator to None, run_after=None
[2024-04-14T15:10:58.523+0000] {processor.py:179} INFO - Processing /home/airflow/.local/lib/python3.10/site-packages/airflow/example_dags/example_sensor_decorator.py took 0.035 seconds
[2024-04-14T15:11:29.261+0000] {processor.py:157} INFO - Started process (PID=286) to work on /home/airflow/.local/lib/python3.10/site-packages/airflow/example_dags/example_sensor_decorator.py
[2024-04-14T15:11:29.262+0000] {processor.py:829} INFO - Processing file /home/airflow/.local/lib/python3.10/site-packages/airflow/example_dags/example_sensor_decorator.py for tasks to queue
[2024-04-14T15:11:29.263+0000] {logging_mixin.py:154} INFO - [2024-04-14T15:11:29.262+0000] {dagbag.py:536} INFO - Filling up the DagBag from /home/airflow/.local/lib/python3.10/site-packages/airflow/example_dags/example_sensor_decorator.py
[2024-04-14T15:11:29.266+0000] {processor.py:839} INFO - DAG(s) dict_keys(['example_sensor_decorator']) retrieved from /home/airflow/.local/lib/python3.10/site-packages/airflow/example_dags/example_sensor_decorator.py
[2024-04-14T15:11:29.277+0000] {logging_mixin.py:154} INFO - [2024-04-14T15:11:29.277+0000] {dag.py:2941} INFO - Sync 1 DAGs
[2024-04-14T15:11:29.284+0000] {logging_mixin.py:154} INFO - [2024-04-14T15:11:29.284+0000] {dag.py:3722} INFO - Setting next_dagrun for example_sensor_decorator to None, run_after=None
[2024-04-14T15:11:29.292+0000] {processor.py:179} INFO - Processing /home/airflow/.local/lib/python3.10/site-packages/airflow/example_dags/example_sensor_decorator.py took 0.033 seconds
[2024-04-14T15:12:00.055+0000] {processor.py:157} INFO - Started process (PID=340) to work on /home/airflow/.local/lib/python3.10/site-packages/airflow/example_dags/example_sensor_decorator.py
[2024-04-14T15:12:00.055+0000] {processor.py:829} INFO - Processing file /home/airflow/.local/lib/python3.10/site-packages/airflow/example_dags/example_sensor_decorator.py for tasks to queue
[2024-04-14T15:12:00.056+0000] {logging_mixin.py:154} INFO - [2024-04-14T15:12:00.056+0000] {dagbag.py:536} INFO - Filling up the DagBag from /home/airflow/.local/lib/python3.10/site-packages/airflow/example_dags/example_sensor_decorator.py
[2024-04-14T15:12:00.060+0000] {processor.py:839} INFO - DAG(s) dict_keys(['example_sensor_decorator']) retrieved from /home/airflow/.local/lib/python3.10/site-packages/airflow/example_dags/example_sensor_decorator.py
[2024-04-14T15:12:00.072+0000] {logging_mixin.py:154} INFO - [2024-04-14T15:12:00.072+0000] {dag.py:2941} INFO - Sync 1 DAGs
[2024-04-14T15:12:00.079+0000] {logging_mixin.py:154} INFO - [2024-04-14T15:12:00.079+0000] {dag.py:3722} INFO - Setting next_dagrun for example_sensor_decorator to None, run_after=None
[2024-04-14T15:12:00.088+0000] {processor.py:179} INFO - Processing /home/airflow/.local/lib/python3.10/site-packages/airflow/example_dags/example_sensor_decorator.py took 0.035 seconds
[2024-04-14T15:12:30.739+0000] {processor.py:157} INFO - Started process (PID=394) to work on /home/airflow/.local/lib/python3.10/site-packages/airflow/example_dags/example_sensor_decorator.py
[2024-04-14T15:12:30.739+0000] {processor.py:829} INFO - Processing file /home/airflow/.local/lib/python3.10/site-packages/airflow/example_dags/example_sensor_decorator.py for tasks to queue
[2024-04-14T15:12:30.740+0000] {logging_mixin.py:154} INFO - [2024-04-14T15:12:30.740+0000] {dagbag.py:536} INFO - Filling up the DagBag from /home/airflow/.local/lib/python3.10/site-packages/airflow/example_dags/example_sensor_decorator.py
[2024-04-14T15:12:30.744+0000] {processor.py:839} INFO - DAG(s) dict_keys(['example_sensor_decorator']) retrieved from /home/airflow/.local/lib/python3.10/site-packages/airflow/example_dags/example_sensor_decorator.py
[2024-04-14T15:12:30.755+0000] {logging_mixin.py:154} INFO - [2024-04-14T15:12:30.755+0000] {dag.py:2941} INFO - Sync 1 DAGs
[2024-04-14T15:12:30.762+0000] {logging_mixin.py:154} INFO - [2024-04-14T15:12:30.762+0000] {dag.py:3722} INFO - Setting next_dagrun for example_sensor_decorator to None, run_after=None
[2024-04-14T15:12:30.770+0000] {processor.py:179} INFO - Processing /home/airflow/.local/lib/python3.10/site-packages/airflow/example_dags/example_sensor_decorator.py took 0.033 seconds
[2024-04-14T15:13:01.565+0000] {processor.py:157} INFO - Started process (PID=448) to work on /home/airflow/.local/lib/python3.10/site-packages/airflow/example_dags/example_sensor_decorator.py
[2024-04-14T15:13:01.566+0000] {processor.py:829} INFO - Processing file /home/airflow/.local/lib/python3.10/site-packages/airflow/example_dags/example_sensor_decorator.py for tasks to queue
[2024-04-14T15:13:01.567+0000] {logging_mixin.py:154} INFO - [2024-04-14T15:13:01.567+0000] {dagbag.py:536} INFO - Filling up the DagBag from /home/airflow/.local/lib/python3.10/site-packages/airflow/example_dags/example_sensor_decorator.py
[2024-04-14T15:13:01.570+0000] {processor.py:839} INFO - DAG(s) dict_keys(['example_sensor_decorator']) retrieved from /home/airflow/.local/lib/python3.10/site-packages/airflow/example_dags/example_sensor_decorator.py
[2024-04-14T15:13:01.581+0000] {logging_mixin.py:154} INFO - [2024-04-14T15:13:01.581+0000] {dag.py:2941} INFO - Sync 1 DAGs
[2024-04-14T15:13:01.588+0000] {logging_mixin.py:154} INFO - [2024-04-14T15:13:01.588+0000] {dag.py:3722} INFO - Setting next_dagrun for example_sensor_decorator to None, run_after=None
[2024-04-14T15:13:01.596+0000] {processor.py:179} INFO - Processing /home/airflow/.local/lib/python3.10/site-packages/airflow/example_dags/example_sensor_decorator.py took 0.033 seconds
[2024-04-14T15:13:32.240+0000] {processor.py:157} INFO - Started process (PID=502) to work on /home/airflow/.local/lib/python3.10/site-packages/airflow/example_dags/example_sensor_decorator.py
[2024-04-14T15:13:32.241+0000] {processor.py:829} INFO - Processing file /home/airflow/.local/lib/python3.10/site-packages/airflow/example_dags/example_sensor_decorator.py for tasks to queue
[2024-04-14T15:13:32.242+0000] {logging_mixin.py:154} INFO - [2024-04-14T15:13:32.242+0000] {dagbag.py:536} INFO - Filling up the DagBag from /home/airflow/.local/lib/python3.10/site-packages/airflow/example_dags/example_sensor_decorator.py
[2024-04-14T15:13:32.246+0000] {processor.py:839} INFO - DAG(s) dict_keys(['example_sensor_decorator']) retrieved from /home/airflow/.local/lib/python3.10/site-packages/airflow/example_dags/example_sensor_decorator.py
[2024-04-14T15:13:32.257+0000] {logging_mixin.py:154} INFO - [2024-04-14T15:13:32.257+0000] {dag.py:2941} INFO - Sync 1 DAGs
[2024-04-14T15:13:32.264+0000] {logging_mixin.py:154} INFO - [2024-04-14T15:13:32.264+0000] {dag.py:3722} INFO - Setting next_dagrun for example_sensor_decorator to None, run_after=None
[2024-04-14T15:13:32.272+0000] {processor.py:179} INFO - Processing /home/airflow/.local/lib/python3.10/site-packages/airflow/example_dags/example_sensor_decorator.py took 0.034 seconds
[2024-04-14T15:14:02.857+0000] {processor.py:157} INFO - Started process (PID=556) to work on /home/airflow/.local/lib/python3.10/site-packages/airflow/example_dags/example_sensor_decorator.py
[2024-04-14T15:14:02.858+0000] {processor.py:829} INFO - Processing file /home/airflow/.local/lib/python3.10/site-packages/airflow/example_dags/example_sensor_decorator.py for tasks to queue
[2024-04-14T15:14:02.859+0000] {logging_mixin.py:154} INFO - [2024-04-14T15:14:02.859+0000] {dagbag.py:536} INFO - Filling up the DagBag from /home/airflow/.local/lib/python3.10/site-packages/airflow/example_dags/example_sensor_decorator.py
[2024-04-14T15:14:02.863+0000] {processor.py:839} INFO - DAG(s) dict_keys(['example_sensor_decorator']) retrieved from /home/airflow/.local/lib/python3.10/site-packages/airflow/example_dags/example_sensor_decorator.py
[2024-04-14T15:14:02.875+0000] {logging_mixin.py:154} INFO - [2024-04-14T15:14:02.874+0000] {dag.py:2941} INFO - Sync 1 DAGs
[2024-04-14T15:14:02.881+0000] {logging_mixin.py:154} INFO - [2024-04-14T15:14:02.881+0000] {dag.py:3722} INFO - Setting next_dagrun for example_sensor_decorator to None, run_after=None
[2024-04-14T15:14:02.890+0000] {processor.py:179} INFO - Processing /home/airflow/.local/lib/python3.10/site-packages/airflow/example_dags/example_sensor_decorator.py took 0.035 seconds
[2024-04-14T15:14:33.517+0000] {processor.py:157} INFO - Started process (PID=610) to work on /home/airflow/.local/lib/python3.10/site-packages/airflow/example_dags/example_sensor_decorator.py
[2024-04-14T15:14:33.517+0000] {processor.py:829} INFO - Processing file /home/airflow/.local/lib/python3.10/site-packages/airflow/example_dags/example_sensor_decorator.py for tasks to queue
[2024-04-14T15:14:33.518+0000] {logging_mixin.py:154} INFO - [2024-04-14T15:14:33.518+0000] {dagbag.py:536} INFO - Filling up the DagBag from /home/airflow/.local/lib/python3.10/site-packages/airflow/example_dags/example_sensor_decorator.py
[2024-04-14T15:14:33.522+0000] {processor.py:839} INFO - DAG(s) dict_keys(['example_sensor_decorator']) retrieved from /home/airflow/.local/lib/python3.10/site-packages/airflow/example_dags/example_sensor_decorator.py
[2024-04-14T15:14:33.533+0000] {logging_mixin.py:154} INFO - [2024-04-14T15:14:33.533+0000] {dag.py:2941} INFO - Sync 1 DAGs
[2024-04-14T15:14:33.540+0000] {logging_mixin.py:154} INFO - [2024-04-14T15:14:33.540+0000] {dag.py:3722} INFO - Setting next_dagrun for example_sensor_decorator to None, run_after=None
[2024-04-14T15:14:33.548+0000] {processor.py:179} INFO - Processing /home/airflow/.local/lib/python3.10/site-packages/airflow/example_dags/example_sensor_decorator.py took 0.034 seconds
[2024-04-14T15:15:04.245+0000] {processor.py:157} INFO - Started process (PID=664) to work on /home/airflow/.local/lib/python3.10/site-packages/airflow/example_dags/example_sensor_decorator.py
[2024-04-14T15:15:04.246+0000] {processor.py:829} INFO - Processing file /home/airflow/.local/lib/python3.10/site-packages/airflow/example_dags/example_sensor_decorator.py for tasks to queue
[2024-04-14T15:15:04.247+0000] {logging_mixin.py:154} INFO - [2024-04-14T15:15:04.247+0000] {dagbag.py:536} INFO - Filling up the DagBag from /home/airflow/.local/lib/python3.10/site-packages/airflow/example_dags/example_sensor_decorator.py
[2024-04-14T15:15:04.250+0000] {processor.py:839} INFO - DAG(s) dict_keys(['example_sensor_decorator']) retrieved from /home/airflow/.local/lib/python3.10/site-packages/airflow/example_dags/example_sensor_decorator.py
[2024-04-14T15:15:04.262+0000] {logging_mixin.py:154} INFO - [2024-04-14T15:15:04.262+0000] {dag.py:2941} INFO - Sync 1 DAGs
[2024-04-14T15:15:04.269+0000] {logging_mixin.py:154} INFO - [2024-04-14T15:15:04.269+0000] {dag.py:3722} INFO - Setting next_dagrun for example_sensor_decorator to None, run_after=None
[2024-04-14T15:15:04.277+0000] {processor.py:179} INFO - Processing /home/airflow/.local/lib/python3.10/site-packages/airflow/example_dags/example_sensor_decorator.py took 0.035 seconds
[2024-04-14T15:15:34.808+0000] {processor.py:157} INFO - Started process (PID=718) to work on /home/airflow/.local/lib/python3.10/site-packages/airflow/example_dags/example_sensor_decorator.py
[2024-04-14T15:15:34.809+0000] {processor.py:829} INFO - Processing file /home/airflow/.local/lib/python3.10/site-packages/airflow/example_dags/example_sensor_decorator.py for tasks to queue
[2024-04-14T15:15:34.810+0000] {logging_mixin.py:154} INFO - [2024-04-14T15:15:34.810+0000] {dagbag.py:536} INFO - Filling up the DagBag from /home/airflow/.local/lib/python3.10/site-packages/airflow/example_dags/example_sensor_decorator.py
[2024-04-14T15:15:34.814+0000] {processor.py:839} INFO - DAG(s) dict_keys(['example_sensor_decorator']) retrieved from /home/airflow/.local/lib/python3.10/site-packages/airflow/example_dags/example_sensor_decorator.py
[2024-04-14T15:15:34.826+0000] {logging_mixin.py:154} INFO - [2024-04-14T15:15:34.826+0000] {dag.py:2941} INFO - Sync 1 DAGs
[2024-04-14T15:15:34.833+0000] {logging_mixin.py:154} INFO - [2024-04-14T15:15:34.833+0000] {dag.py:3722} INFO - Setting next_dagrun for example_sensor_decorator to None, run_after=None
[2024-04-14T15:15:34.841+0000] {processor.py:179} INFO - Processing /home/airflow/.local/lib/python3.10/site-packages/airflow/example_dags/example_sensor_decorator.py took 0.035 seconds
[2024-04-14T15:16:05.537+0000] {processor.py:157} INFO - Started process (PID=772) to work on /home/airflow/.local/lib/python3.10/site-packages/airflow/example_dags/example_sensor_decorator.py
[2024-04-14T15:16:05.537+0000] {processor.py:829} INFO - Processing file /home/airflow/.local/lib/python3.10/site-packages/airflow/example_dags/example_sensor_decorator.py for tasks to queue
[2024-04-14T15:16:05.538+0000] {logging_mixin.py:154} INFO - [2024-04-14T15:16:05.538+0000] {dagbag.py:536} INFO - Filling up the DagBag from /home/airflow/.local/lib/python3.10/site-packages/airflow/example_dags/example_sensor_decorator.py
[2024-04-14T15:16:05.542+0000] {processor.py:839} INFO - DAG(s) dict_keys(['example_sensor_decorator']) retrieved from /home/airflow/.local/lib/python3.10/site-packages/airflow/example_dags/example_sensor_decorator.py
[2024-04-14T15:16:05.554+0000] {logging_mixin.py:154} INFO - [2024-04-14T15:16:05.554+0000] {dag.py:2941} INFO - Sync 1 DAGs
[2024-04-14T15:16:05.561+0000] {logging_mixin.py:154} INFO - [2024-04-14T15:16:05.561+0000] {dag.py:3722} INFO - Setting next_dagrun for example_sensor_decorator to None, run_after=None
[2024-04-14T15:16:05.569+0000] {processor.py:179} INFO - Processing /home/airflow/.local/lib/python3.10/site-packages/airflow/example_dags/example_sensor_decorator.py took 0.035 seconds
[2024-04-14T15:16:36.271+0000] {processor.py:157} INFO - Started process (PID=826) to work on /home/airflow/.local/lib/python3.10/site-packages/airflow/example_dags/example_sensor_decorator.py
[2024-04-14T15:16:36.271+0000] {processor.py:829} INFO - Processing file /home/airflow/.local/lib/python3.10/site-packages/airflow/example_dags/example_sensor_decorator.py for tasks to queue
[2024-04-14T15:16:36.272+0000] {logging_mixin.py:154} INFO - [2024-04-14T15:16:36.272+0000] {dagbag.py:536} INFO - Filling up the DagBag from /home/airflow/.local/lib/python3.10/site-packages/airflow/example_dags/example_sensor_decorator.py
[2024-04-14T15:16:36.276+0000] {processor.py:839} INFO - DAG(s) dict_keys(['example_sensor_decorator']) retrieved from /home/airflow/.local/lib/python3.10/site-packages/airflow/example_dags/example_sensor_decorator.py
[2024-04-14T15:16:36.288+0000] {logging_mixin.py:154} INFO - [2024-04-14T15:16:36.288+0000] {dag.py:2941} INFO - Sync 1 DAGs
[2024-04-14T15:16:36.294+0000] {logging_mixin.py:154} INFO - [2024-04-14T15:16:36.294+0000] {dag.py:3722} INFO - Setting next_dagrun for example_sensor_decorator to None, run_after=None
[2024-04-14T15:16:36.302+0000] {processor.py:179} INFO - Processing /home/airflow/.local/lib/python3.10/site-packages/airflow/example_dags/example_sensor_decorator.py took 0.034 seconds
[2024-04-14T15:17:06.884+0000] {processor.py:157} INFO - Started process (PID=880) to work on /home/airflow/.local/lib/python3.10/site-packages/airflow/example_dags/example_sensor_decorator.py
[2024-04-14T15:17:06.884+0000] {processor.py:829} INFO - Processing file /home/airflow/.local/lib/python3.10/site-packages/airflow/example_dags/example_sensor_decorator.py for tasks to queue
[2024-04-14T15:17:06.885+0000] {logging_mixin.py:154} INFO - [2024-04-14T15:17:06.885+0000] {dagbag.py:536} INFO - Filling up the DagBag from /home/airflow/.local/lib/python3.10/site-packages/airflow/example_dags/example_sensor_decorator.py
[2024-04-14T15:17:06.889+0000] {processor.py:839} INFO - DAG(s) dict_keys(['example_sensor_decorator']) retrieved from /home/airflow/.local/lib/python3.10/site-packages/airflow/example_dags/example_sensor_decorator.py
[2024-04-14T15:17:06.901+0000] {logging_mixin.py:154} INFO - [2024-04-14T15:17:06.901+0000] {dag.py:2941} INFO - Sync 1 DAGs
[2024-04-14T15:17:06.908+0000] {logging_mixin.py:154} INFO - [2024-04-14T15:17:06.908+0000] {dag.py:3722} INFO - Setting next_dagrun for example_sensor_decorator to None, run_after=None
[2024-04-14T15:17:06.916+0000] {processor.py:179} INFO - Processing /home/airflow/.local/lib/python3.10/site-packages/airflow/example_dags/example_sensor_decorator.py took 0.034 seconds
[2024-04-14T15:17:37.510+0000] {processor.py:157} INFO - Started process (PID=934) to work on /home/airflow/.local/lib/python3.10/site-packages/airflow/example_dags/example_sensor_decorator.py
[2024-04-14T15:17:37.510+0000] {processor.py:829} INFO - Processing file /home/airflow/.local/lib/python3.10/site-packages/airflow/example_dags/example_sensor_decorator.py for tasks to queue
[2024-04-14T15:17:37.511+0000] {logging_mixin.py:154} INFO - [2024-04-14T15:17:37.511+0000] {dagbag.py:536} INFO - Filling up the DagBag from /home/airflow/.local/lib/python3.10/site-packages/airflow/example_dags/example_sensor_decorator.py
[2024-04-14T15:17:37.515+0000] {processor.py:839} INFO - DAG(s) dict_keys(['example_sensor_decorator']) retrieved from /home/airflow/.local/lib/python3.10/site-packages/airflow/example_dags/example_sensor_decorator.py
[2024-04-14T15:17:37.527+0000] {logging_mixin.py:154} INFO - [2024-04-14T15:17:37.527+0000] {dag.py:2941} INFO - Sync 1 DAGs
[2024-04-14T15:17:37.534+0000] {logging_mixin.py:154} INFO - [2024-04-14T15:17:37.534+0000] {dag.py:3722} INFO - Setting next_dagrun for example_sensor_decorator to None, run_after=None
[2024-04-14T15:17:37.542+0000] {processor.py:179} INFO - Processing /home/airflow/.local/lib/python3.10/site-packages/airflow/example_dags/example_sensor_decorator.py took 0.034 seconds
[2024-04-14T15:18:08.193+0000] {processor.py:157} INFO - Started process (PID=988) to work on /home/airflow/.local/lib/python3.10/site-packages/airflow/example_dags/example_sensor_decorator.py
[2024-04-14T15:18:08.194+0000] {processor.py:829} INFO - Processing file /home/airflow/.local/lib/python3.10/site-packages/airflow/example_dags/example_sensor_decorator.py for tasks to queue
[2024-04-14T15:18:08.195+0000] {logging_mixin.py:154} INFO - [2024-04-14T15:18:08.194+0000] {dagbag.py:536} INFO - Filling up the DagBag from /home/airflow/.local/lib/python3.10/site-packages/airflow/example_dags/example_sensor_decorator.py
[2024-04-14T15:18:08.198+0000] {processor.py:839} INFO - DAG(s) dict_keys(['example_sensor_decorator']) retrieved from /home/airflow/.local/lib/python3.10/site-packages/airflow/example_dags/example_sensor_decorator.py
[2024-04-14T15:18:08.210+0000] {logging_mixin.py:154} INFO - [2024-04-14T15:18:08.210+0000] {dag.py:2941} INFO - Sync 1 DAGs
[2024-04-14T15:18:08.218+0000] {logging_mixin.py:154} INFO - [2024-04-14T15:18:08.218+0000] {dag.py:3722} INFO - Setting next_dagrun for example_sensor_decorator to None, run_after=None
[2024-04-14T15:18:08.226+0000] {processor.py:179} INFO - Processing /home/airflow/.local/lib/python3.10/site-packages/airflow/example_dags/example_sensor_decorator.py took 0.035 seconds
[2024-04-14T15:18:38.909+0000] {processor.py:157} INFO - Started process (PID=1042) to work on /home/airflow/.local/lib/python3.10/site-packages/airflow/example_dags/example_sensor_decorator.py
[2024-04-14T15:18:38.910+0000] {processor.py:829} INFO - Processing file /home/airflow/.local/lib/python3.10/site-packages/airflow/example_dags/example_sensor_decorator.py for tasks to queue
[2024-04-14T15:18:38.911+0000] {logging_mixin.py:154} INFO - [2024-04-14T15:18:38.911+0000] {dagbag.py:536} INFO - Filling up the DagBag from /home/airflow/.local/lib/python3.10/site-packages/airflow/example_dags/example_sensor_decorator.py
[2024-04-14T15:18:38.915+0000] {processor.py:839} INFO - DAG(s) dict_keys(['example_sensor_decorator']) retrieved from /home/airflow/.local/lib/python3.10/site-packages/airflow/example_dags/example_sensor_decorator.py
[2024-04-14T15:18:38.926+0000] {logging_mixin.py:154} INFO - [2024-04-14T15:18:38.926+0000] {dag.py:2941} INFO - Sync 1 DAGs
[2024-04-14T15:18:38.933+0000] {logging_mixin.py:154} INFO - [2024-04-14T15:18:38.932+0000] {dag.py:3722} INFO - Setting next_dagrun for example_sensor_decorator to None, run_after=None
[2024-04-14T15:18:38.941+0000] {processor.py:179} INFO - Processing /home/airflow/.local/lib/python3.10/site-packages/airflow/example_dags/example_sensor_decorator.py took 0.033 seconds
[2024-04-14T15:19:09.603+0000] {processor.py:157} INFO - Started process (PID=1096) to work on /home/airflow/.local/lib/python3.10/site-packages/airflow/example_dags/example_sensor_decorator.py
[2024-04-14T15:19:09.604+0000] {processor.py:829} INFO - Processing file /home/airflow/.local/lib/python3.10/site-packages/airflow/example_dags/example_sensor_decorator.py for tasks to queue
[2024-04-14T15:19:09.605+0000] {logging_mixin.py:154} INFO - [2024-04-14T15:19:09.605+0000] {dagbag.py:536} INFO - Filling up the DagBag from /home/airflow/.local/lib/python3.10/site-packages/airflow/example_dags/example_sensor_decorator.py
[2024-04-14T15:19:09.608+0000] {processor.py:839} INFO - DAG(s) dict_keys(['example_sensor_decorator']) retrieved from /home/airflow/.local/lib/python3.10/site-packages/airflow/example_dags/example_sensor_decorator.py
[2024-04-14T15:19:09.620+0000] {logging_mixin.py:154} INFO - [2024-04-14T15:19:09.619+0000] {dag.py:2941} INFO - Sync 1 DAGs
[2024-04-14T15:19:09.626+0000] {logging_mixin.py:154} INFO - [2024-04-14T15:19:09.626+0000] {dag.py:3722} INFO - Setting next_dagrun for example_sensor_decorator to None, run_after=None
[2024-04-14T15:19:09.634+0000] {processor.py:179} INFO - Processing /home/airflow/.local/lib/python3.10/site-packages/airflow/example_dags/example_sensor_decorator.py took 0.033 seconds
[2024-04-14T15:19:40.244+0000] {processor.py:157} INFO - Started process (PID=1150) to work on /home/airflow/.local/lib/python3.10/site-packages/airflow/example_dags/example_sensor_decorator.py
[2024-04-14T15:19:40.245+0000] {processor.py:829} INFO - Processing file /home/airflow/.local/lib/python3.10/site-packages/airflow/example_dags/example_sensor_decorator.py for tasks to queue
[2024-04-14T15:19:40.246+0000] {logging_mixin.py:154} INFO - [2024-04-14T15:19:40.246+0000] {dagbag.py:536} INFO - Filling up the DagBag from /home/airflow/.local/lib/python3.10/site-packages/airflow/example_dags/example_sensor_decorator.py
[2024-04-14T15:19:40.249+0000] {processor.py:839} INFO - DAG(s) dict_keys(['example_sensor_decorator']) retrieved from /home/airflow/.local/lib/python3.10/site-packages/airflow/example_dags/example_sensor_decorator.py
[2024-04-14T15:19:40.261+0000] {logging_mixin.py:154} INFO - [2024-04-14T15:19:40.261+0000] {dag.py:2941} INFO - Sync 1 DAGs
[2024-04-14T15:19:40.268+0000] {logging_mixin.py:154} INFO - [2024-04-14T15:19:40.268+0000] {dag.py:3722} INFO - Setting next_dagrun for example_sensor_decorator to None, run_after=None
[2024-04-14T15:19:40.276+0000] {processor.py:179} INFO - Processing /home/airflow/.local/lib/python3.10/site-packages/airflow/example_dags/example_sensor_decorator.py took 0.034 seconds
[2024-04-14T15:20:10.956+0000] {processor.py:157} INFO - Started process (PID=1204) to work on /home/airflow/.local/lib/python3.10/site-packages/airflow/example_dags/example_sensor_decorator.py
[2024-04-14T15:20:10.957+0000] {processor.py:829} INFO - Processing file /home/airflow/.local/lib/python3.10/site-packages/airflow/example_dags/example_sensor_decorator.py for tasks to queue
[2024-04-14T15:20:10.958+0000] {logging_mixin.py:154} INFO - [2024-04-14T15:20:10.958+0000] {dagbag.py:536} INFO - Filling up the DagBag from /home/airflow/.local/lib/python3.10/site-packages/airflow/example_dags/example_sensor_decorator.py
[2024-04-14T15:20:10.962+0000] {processor.py:839} INFO - DAG(s) dict_keys(['example_sensor_decorator']) retrieved from /home/airflow/.local/lib/python3.10/site-packages/airflow/example_dags/example_sensor_decorator.py
[2024-04-14T15:20:10.976+0000] {logging_mixin.py:154} INFO - [2024-04-14T15:20:10.975+0000] {dag.py:2941} INFO - Sync 1 DAGs
[2024-04-14T15:20:10.985+0000] {logging_mixin.py:154} INFO - [2024-04-14T15:20:10.985+0000] {dag.py:3722} INFO - Setting next_dagrun for example_sensor_decorator to None, run_after=None
[2024-04-14T15:20:10.994+0000] {processor.py:179} INFO - Processing /home/airflow/.local/lib/python3.10/site-packages/airflow/example_dags/example_sensor_decorator.py took 0.039 seconds
[2024-04-14T15:20:41.586+0000] {processor.py:157} INFO - Started process (PID=1258) to work on /home/airflow/.local/lib/python3.10/site-packages/airflow/example_dags/example_sensor_decorator.py
[2024-04-14T15:20:41.586+0000] {processor.py:829} INFO - Processing file /home/airflow/.local/lib/python3.10/site-packages/airflow/example_dags/example_sensor_decorator.py for tasks to queue
[2024-04-14T15:20:41.587+0000] {logging_mixin.py:154} INFO - [2024-04-14T15:20:41.587+0000] {dagbag.py:536} INFO - Filling up the DagBag from /home/airflow/.local/lib/python3.10/site-packages/airflow/example_dags/example_sensor_decorator.py
[2024-04-14T15:20:41.591+0000] {processor.py:839} INFO - DAG(s) dict_keys(['example_sensor_decorator']) retrieved from /home/airflow/.local/lib/python3.10/site-packages/airflow/example_dags/example_sensor_decorator.py
[2024-04-14T15:20:41.603+0000] {logging_mixin.py:154} INFO - [2024-04-14T15:20:41.603+0000] {dag.py:2941} INFO - Sync 1 DAGs
[2024-04-14T15:20:41.610+0000] {logging_mixin.py:154} INFO - [2024-04-14T15:20:41.610+0000] {dag.py:3722} INFO - Setting next_dagrun for example_sensor_decorator to None, run_after=None
[2024-04-14T15:20:41.619+0000] {processor.py:179} INFO - Processing /home/airflow/.local/lib/python3.10/site-packages/airflow/example_dags/example_sensor_decorator.py took 0.036 seconds
[2024-04-14T15:21:12.230+0000] {processor.py:157} INFO - Started process (PID=1312) to work on /home/airflow/.local/lib/python3.10/site-packages/airflow/example_dags/example_sensor_decorator.py
[2024-04-14T15:21:12.231+0000] {processor.py:829} INFO - Processing file /home/airflow/.local/lib/python3.10/site-packages/airflow/example_dags/example_sensor_decorator.py for tasks to queue
[2024-04-14T15:21:12.232+0000] {logging_mixin.py:154} INFO - [2024-04-14T15:21:12.232+0000] {dagbag.py:536} INFO - Filling up the DagBag from /home/airflow/.local/lib/python3.10/site-packages/airflow/example_dags/example_sensor_decorator.py
[2024-04-14T15:21:12.236+0000] {processor.py:839} INFO - DAG(s) dict_keys(['example_sensor_decorator']) retrieved from /home/airflow/.local/lib/python3.10/site-packages/airflow/example_dags/example_sensor_decorator.py
[2024-04-14T15:21:12.248+0000] {logging_mixin.py:154} INFO - [2024-04-14T15:21:12.248+0000] {dag.py:2941} INFO - Sync 1 DAGs
[2024-04-14T15:21:12.255+0000] {logging_mixin.py:154} INFO - [2024-04-14T15:21:12.254+0000] {dag.py:3722} INFO - Setting next_dagrun for example_sensor_decorator to None, run_after=None
[2024-04-14T15:21:12.263+0000] {processor.py:179} INFO - Processing /home/airflow/.local/lib/python3.10/site-packages/airflow/example_dags/example_sensor_decorator.py took 0.034 seconds
[2024-04-14T15:21:42.942+0000] {processor.py:157} INFO - Started process (PID=1366) to work on /home/airflow/.local/lib/python3.10/site-packages/airflow/example_dags/example_sensor_decorator.py
[2024-04-14T15:21:42.943+0000] {processor.py:829} INFO - Processing file /home/airflow/.local/lib/python3.10/site-packages/airflow/example_dags/example_sensor_decorator.py for tasks to queue
[2024-04-14T15:21:42.944+0000] {logging_mixin.py:154} INFO - [2024-04-14T15:21:42.944+0000] {dagbag.py:536} INFO - Filling up the DagBag from /home/airflow/.local/lib/python3.10/site-packages/airflow/example_dags/example_sensor_decorator.py
[2024-04-14T15:21:42.947+0000] {processor.py:839} INFO - DAG(s) dict_keys(['example_sensor_decorator']) retrieved from /home/airflow/.local/lib/python3.10/site-packages/airflow/example_dags/example_sensor_decorator.py
[2024-04-14T15:21:42.959+0000] {logging_mixin.py:154} INFO - [2024-04-14T15:21:42.959+0000] {dag.py:2941} INFO - Sync 1 DAGs
[2024-04-14T15:21:42.966+0000] {logging_mixin.py:154} INFO - [2024-04-14T15:21:42.966+0000] {dag.py:3722} INFO - Setting next_dagrun for example_sensor_decorator to None, run_after=None
[2024-04-14T15:21:42.976+0000] {processor.py:179} INFO - Processing /home/airflow/.local/lib/python3.10/site-packages/airflow/example_dags/example_sensor_decorator.py took 0.036 seconds
[2024-04-14T15:22:13.643+0000] {processor.py:157} INFO - Started process (PID=1420) to work on /home/airflow/.local/lib/python3.10/site-packages/airflow/example_dags/example_sensor_decorator.py
[2024-04-14T15:22:13.643+0000] {processor.py:829} INFO - Processing file /home/airflow/.local/lib/python3.10/site-packages/airflow/example_dags/example_sensor_decorator.py for tasks to queue
[2024-04-14T15:22:13.644+0000] {logging_mixin.py:154} INFO - [2024-04-14T15:22:13.644+0000] {dagbag.py:536} INFO - Filling up the DagBag from /home/airflow/.local/lib/python3.10/site-packages/airflow/example_dags/example_sensor_decorator.py
[2024-04-14T15:22:13.648+0000] {processor.py:839} INFO - DAG(s) dict_keys(['example_sensor_decorator']) retrieved from /home/airflow/.local/lib/python3.10/site-packages/airflow/example_dags/example_sensor_decorator.py
[2024-04-14T15:22:13.660+0000] {logging_mixin.py:154} INFO - [2024-04-14T15:22:13.660+0000] {dag.py:2941} INFO - Sync 1 DAGs
[2024-04-14T15:22:13.667+0000] {logging_mixin.py:154} INFO - [2024-04-14T15:22:13.667+0000] {dag.py:3722} INFO - Setting next_dagrun for example_sensor_decorator to None, run_after=None
[2024-04-14T15:22:13.675+0000] {processor.py:179} INFO - Processing /home/airflow/.local/lib/python3.10/site-packages/airflow/example_dags/example_sensor_decorator.py took 0.035 seconds
[2024-04-14T15:22:44.405+0000] {processor.py:157} INFO - Started process (PID=1474) to work on /home/airflow/.local/lib/python3.10/site-packages/airflow/example_dags/example_sensor_decorator.py
[2024-04-14T15:22:44.405+0000] {processor.py:829} INFO - Processing file /home/airflow/.local/lib/python3.10/site-packages/airflow/example_dags/example_sensor_decorator.py for tasks to queue
[2024-04-14T15:22:44.407+0000] {logging_mixin.py:154} INFO - [2024-04-14T15:22:44.406+0000] {dagbag.py:536} INFO - Filling up the DagBag from /home/airflow/.local/lib/python3.10/site-packages/airflow/example_dags/example_sensor_decorator.py
[2024-04-14T15:22:44.410+0000] {processor.py:839} INFO - DAG(s) dict_keys(['example_sensor_decorator']) retrieved from /home/airflow/.local/lib/python3.10/site-packages/airflow/example_dags/example_sensor_decorator.py
[2024-04-14T15:22:44.422+0000] {logging_mixin.py:154} INFO - [2024-04-14T15:22:44.422+0000] {dag.py:2941} INFO - Sync 1 DAGs
[2024-04-14T15:22:44.429+0000] {logging_mixin.py:154} INFO - [2024-04-14T15:22:44.429+0000] {dag.py:3722} INFO - Setting next_dagrun for example_sensor_decorator to None, run_after=None
[2024-04-14T15:22:44.438+0000] {processor.py:179} INFO - Processing /home/airflow/.local/lib/python3.10/site-packages/airflow/example_dags/example_sensor_decorator.py took 0.035 seconds
[2024-04-14T15:23:15.120+0000] {processor.py:157} INFO - Started process (PID=1528) to work on /home/airflow/.local/lib/python3.10/site-packages/airflow/example_dags/example_sensor_decorator.py
[2024-04-14T15:23:15.121+0000] {processor.py:829} INFO - Processing file /home/airflow/.local/lib/python3.10/site-packages/airflow/example_dags/example_sensor_decorator.py for tasks to queue
[2024-04-14T15:23:15.122+0000] {logging_mixin.py:154} INFO - [2024-04-14T15:23:15.122+0000] {dagbag.py:536} INFO - Filling up the DagBag from /home/airflow/.local/lib/python3.10/site-packages/airflow/example_dags/example_sensor_decorator.py
[2024-04-14T15:23:15.126+0000] {processor.py:839} INFO - DAG(s) dict_keys(['example_sensor_decorator']) retrieved from /home/airflow/.local/lib/python3.10/site-packages/airflow/example_dags/example_sensor_decorator.py
[2024-04-14T15:23:15.139+0000] {logging_mixin.py:154} INFO - [2024-04-14T15:23:15.139+0000] {dag.py:2941} INFO - Sync 1 DAGs
[2024-04-14T15:23:15.147+0000] {logging_mixin.py:154} INFO - [2024-04-14T15:23:15.147+0000] {dag.py:3722} INFO - Setting next_dagrun for example_sensor_decorator to None, run_after=None
[2024-04-14T15:23:15.157+0000] {processor.py:179} INFO - Processing /home/airflow/.local/lib/python3.10/site-packages/airflow/example_dags/example_sensor_decorator.py took 0.039 seconds
[2024-04-14T15:23:45.944+0000] {processor.py:157} INFO - Started process (PID=1582) to work on /home/airflow/.local/lib/python3.10/site-packages/airflow/example_dags/example_sensor_decorator.py
[2024-04-14T15:23:45.945+0000] {processor.py:829} INFO - Processing file /home/airflow/.local/lib/python3.10/site-packages/airflow/example_dags/example_sensor_decorator.py for tasks to queue
[2024-04-14T15:23:45.946+0000] {logging_mixin.py:154} INFO - [2024-04-14T15:23:45.946+0000] {dagbag.py:536} INFO - Filling up the DagBag from /home/airflow/.local/lib/python3.10/site-packages/airflow/example_dags/example_sensor_decorator.py
[2024-04-14T15:23:45.949+0000] {processor.py:839} INFO - DAG(s) dict_keys(['example_sensor_decorator']) retrieved from /home/airflow/.local/lib/python3.10/site-packages/airflow/example_dags/example_sensor_decorator.py
[2024-04-14T15:23:45.960+0000] {logging_mixin.py:154} INFO - [2024-04-14T15:23:45.960+0000] {dag.py:2941} INFO - Sync 1 DAGs
[2024-04-14T15:23:45.967+0000] {logging_mixin.py:154} INFO - [2024-04-14T15:23:45.967+0000] {dag.py:3722} INFO - Setting next_dagrun for example_sensor_decorator to None, run_after=None
[2024-04-14T15:23:45.976+0000] {processor.py:179} INFO - Processing /home/airflow/.local/lib/python3.10/site-packages/airflow/example_dags/example_sensor_decorator.py took 0.034 seconds
[2024-04-14T15:24:16.819+0000] {processor.py:157} INFO - Started process (PID=1636) to work on /home/airflow/.local/lib/python3.10/site-packages/airflow/example_dags/example_sensor_decorator.py
[2024-04-14T15:24:16.820+0000] {processor.py:829} INFO - Processing file /home/airflow/.local/lib/python3.10/site-packages/airflow/example_dags/example_sensor_decorator.py for tasks to queue
[2024-04-14T15:24:16.821+0000] {logging_mixin.py:154} INFO - [2024-04-14T15:24:16.821+0000] {dagbag.py:536} INFO - Filling up the DagBag from /home/airflow/.local/lib/python3.10/site-packages/airflow/example_dags/example_sensor_decorator.py
[2024-04-14T15:24:16.825+0000] {processor.py:839} INFO - DAG(s) dict_keys(['example_sensor_decorator']) retrieved from /home/airflow/.local/lib/python3.10/site-packages/airflow/example_dags/example_sensor_decorator.py
[2024-04-14T15:24:16.836+0000] {logging_mixin.py:154} INFO - [2024-04-14T15:24:16.836+0000] {dag.py:2941} INFO - Sync 1 DAGs
[2024-04-14T15:24:16.843+0000] {logging_mixin.py:154} INFO - [2024-04-14T15:24:16.843+0000] {dag.py:3722} INFO - Setting next_dagrun for example_sensor_decorator to None, run_after=None
[2024-04-14T15:24:16.852+0000] {processor.py:179} INFO - Processing /home/airflow/.local/lib/python3.10/site-packages/airflow/example_dags/example_sensor_decorator.py took 0.035 seconds
[2024-04-14T15:24:47.508+0000] {processor.py:157} INFO - Started process (PID=1690) to work on /home/airflow/.local/lib/python3.10/site-packages/airflow/example_dags/example_sensor_decorator.py
[2024-04-14T15:24:47.509+0000] {processor.py:829} INFO - Processing file /home/airflow/.local/lib/python3.10/site-packages/airflow/example_dags/example_sensor_decorator.py for tasks to queue
[2024-04-14T15:24:47.510+0000] {logging_mixin.py:154} INFO - [2024-04-14T15:24:47.510+0000] {dagbag.py:536} INFO - Filling up the DagBag from /home/airflow/.local/lib/python3.10/site-packages/airflow/example_dags/example_sensor_decorator.py
[2024-04-14T15:24:47.514+0000] {processor.py:839} INFO - DAG(s) dict_keys(['example_sensor_decorator']) retrieved from /home/airflow/.local/lib/python3.10/site-packages/airflow/example_dags/example_sensor_decorator.py
[2024-04-14T15:24:47.526+0000] {logging_mixin.py:154} INFO - [2024-04-14T15:24:47.525+0000] {dag.py:2941} INFO - Sync 1 DAGs
[2024-04-14T15:24:47.532+0000] {logging_mixin.py:154} INFO - [2024-04-14T15:24:47.532+0000] {dag.py:3722} INFO - Setting next_dagrun for example_sensor_decorator to None, run_after=None
[2024-04-14T15:24:47.541+0000] {processor.py:179} INFO - Processing /home/airflow/.local/lib/python3.10/site-packages/airflow/example_dags/example_sensor_decorator.py took 0.035 seconds
[2024-04-14T15:25:18.148+0000] {processor.py:157} INFO - Started process (PID=1744) to work on /home/airflow/.local/lib/python3.10/site-packages/airflow/example_dags/example_sensor_decorator.py
[2024-04-14T15:25:18.148+0000] {processor.py:829} INFO - Processing file /home/airflow/.local/lib/python3.10/site-packages/airflow/example_dags/example_sensor_decorator.py for tasks to queue
[2024-04-14T15:25:18.149+0000] {logging_mixin.py:154} INFO - [2024-04-14T15:25:18.149+0000] {dagbag.py:536} INFO - Filling up the DagBag from /home/airflow/.local/lib/python3.10/site-packages/airflow/example_dags/example_sensor_decorator.py
[2024-04-14T15:25:18.153+0000] {processor.py:839} INFO - DAG(s) dict_keys(['example_sensor_decorator']) retrieved from /home/airflow/.local/lib/python3.10/site-packages/airflow/example_dags/example_sensor_decorator.py
[2024-04-14T15:25:18.166+0000] {logging_mixin.py:154} INFO - [2024-04-14T15:25:18.165+0000] {dag.py:2941} INFO - Sync 1 DAGs
[2024-04-14T15:25:18.174+0000] {logging_mixin.py:154} INFO - [2024-04-14T15:25:18.173+0000] {dag.py:3722} INFO - Setting next_dagrun for example_sensor_decorator to None, run_after=None
[2024-04-14T15:25:18.183+0000] {processor.py:179} INFO - Processing /home/airflow/.local/lib/python3.10/site-packages/airflow/example_dags/example_sensor_decorator.py took 0.038 seconds
[2024-04-14T15:25:48.952+0000] {processor.py:157} INFO - Started process (PID=1798) to work on /home/airflow/.local/lib/python3.10/site-packages/airflow/example_dags/example_sensor_decorator.py
[2024-04-14T15:25:48.952+0000] {processor.py:829} INFO - Processing file /home/airflow/.local/lib/python3.10/site-packages/airflow/example_dags/example_sensor_decorator.py for tasks to queue
[2024-04-14T15:25:48.953+0000] {logging_mixin.py:154} INFO - [2024-04-14T15:25:48.953+0000] {dagbag.py:536} INFO - Filling up the DagBag from /home/airflow/.local/lib/python3.10/site-packages/airflow/example_dags/example_sensor_decorator.py
[2024-04-14T15:25:48.957+0000] {processor.py:839} INFO - DAG(s) dict_keys(['example_sensor_decorator']) retrieved from /home/airflow/.local/lib/python3.10/site-packages/airflow/example_dags/example_sensor_decorator.py
[2024-04-14T15:25:48.969+0000] {logging_mixin.py:154} INFO - [2024-04-14T15:25:48.969+0000] {dag.py:2941} INFO - Sync 1 DAGs
[2024-04-14T15:25:48.976+0000] {logging_mixin.py:154} INFO - [2024-04-14T15:25:48.976+0000] {dag.py:3722} INFO - Setting next_dagrun for example_sensor_decorator to None, run_after=None
[2024-04-14T15:25:48.985+0000] {processor.py:179} INFO - Processing /home/airflow/.local/lib/python3.10/site-packages/airflow/example_dags/example_sensor_decorator.py took 0.036 seconds
[2024-04-14T15:26:19.651+0000] {processor.py:157} INFO - Started process (PID=1859) to work on /home/airflow/.local/lib/python3.10/site-packages/airflow/example_dags/example_sensor_decorator.py
[2024-04-14T15:26:19.652+0000] {processor.py:829} INFO - Processing file /home/airflow/.local/lib/python3.10/site-packages/airflow/example_dags/example_sensor_decorator.py for tasks to queue
[2024-04-14T15:26:19.654+0000] {logging_mixin.py:154} INFO - [2024-04-14T15:26:19.653+0000] {dagbag.py:536} INFO - Filling up the DagBag from /home/airflow/.local/lib/python3.10/site-packages/airflow/example_dags/example_sensor_decorator.py
[2024-04-14T15:26:19.659+0000] {processor.py:839} INFO - DAG(s) dict_keys(['example_sensor_decorator']) retrieved from /home/airflow/.local/lib/python3.10/site-packages/airflow/example_dags/example_sensor_decorator.py
[2024-04-14T15:26:19.674+0000] {logging_mixin.py:154} INFO - [2024-04-14T15:26:19.674+0000] {dag.py:2941} INFO - Sync 1 DAGs
[2024-04-14T15:26:19.682+0000] {logging_mixin.py:154} INFO - [2024-04-14T15:26:19.682+0000] {dag.py:3722} INFO - Setting next_dagrun for example_sensor_decorator to None, run_after=None
[2024-04-14T15:26:19.692+0000] {processor.py:179} INFO - Processing /home/airflow/.local/lib/python3.10/site-packages/airflow/example_dags/example_sensor_decorator.py took 0.044 seconds
[2024-04-14T15:26:50.390+0000] {processor.py:157} INFO - Started process (PID=1913) to work on /home/airflow/.local/lib/python3.10/site-packages/airflow/example_dags/example_sensor_decorator.py
[2024-04-14T15:26:50.391+0000] {processor.py:829} INFO - Processing file /home/airflow/.local/lib/python3.10/site-packages/airflow/example_dags/example_sensor_decorator.py for tasks to queue
[2024-04-14T15:26:50.392+0000] {logging_mixin.py:154} INFO - [2024-04-14T15:26:50.392+0000] {dagbag.py:536} INFO - Filling up the DagBag from /home/airflow/.local/lib/python3.10/site-packages/airflow/example_dags/example_sensor_decorator.py
[2024-04-14T15:26:50.396+0000] {processor.py:839} INFO - DAG(s) dict_keys(['example_sensor_decorator']) retrieved from /home/airflow/.local/lib/python3.10/site-packages/airflow/example_dags/example_sensor_decorator.py
[2024-04-14T15:26:50.409+0000] {logging_mixin.py:154} INFO - [2024-04-14T15:26:50.409+0000] {dag.py:2941} INFO - Sync 1 DAGs
[2024-04-14T15:26:50.416+0000] {logging_mixin.py:154} INFO - [2024-04-14T15:26:50.416+0000] {dag.py:3722} INFO - Setting next_dagrun for example_sensor_decorator to None, run_after=None
[2024-04-14T15:26:50.425+0000] {processor.py:179} INFO - Processing /home/airflow/.local/lib/python3.10/site-packages/airflow/example_dags/example_sensor_decorator.py took 0.037 seconds
[2024-04-14T15:27:21.093+0000] {processor.py:157} INFO - Started process (PID=1967) to work on /home/airflow/.local/lib/python3.10/site-packages/airflow/example_dags/example_sensor_decorator.py
[2024-04-14T15:27:21.094+0000] {processor.py:829} INFO - Processing file /home/airflow/.local/lib/python3.10/site-packages/airflow/example_dags/example_sensor_decorator.py for tasks to queue
[2024-04-14T15:27:21.095+0000] {logging_mixin.py:154} INFO - [2024-04-14T15:27:21.095+0000] {dagbag.py:536} INFO - Filling up the DagBag from /home/airflow/.local/lib/python3.10/site-packages/airflow/example_dags/example_sensor_decorator.py
[2024-04-14T15:27:21.099+0000] {processor.py:839} INFO - DAG(s) dict_keys(['example_sensor_decorator']) retrieved from /home/airflow/.local/lib/python3.10/site-packages/airflow/example_dags/example_sensor_decorator.py
[2024-04-14T15:27:21.112+0000] {logging_mixin.py:154} INFO - [2024-04-14T15:27:21.112+0000] {dag.py:2941} INFO - Sync 1 DAGs
[2024-04-14T15:27:21.120+0000] {logging_mixin.py:154} INFO - [2024-04-14T15:27:21.120+0000] {dag.py:3722} INFO - Setting next_dagrun for example_sensor_decorator to None, run_after=None
[2024-04-14T15:27:21.129+0000] {processor.py:179} INFO - Processing /home/airflow/.local/lib/python3.10/site-packages/airflow/example_dags/example_sensor_decorator.py took 0.038 seconds
[2024-04-14T15:27:51.915+0000] {processor.py:157} INFO - Started process (PID=2021) to work on /home/airflow/.local/lib/python3.10/site-packages/airflow/example_dags/example_sensor_decorator.py
[2024-04-14T15:27:51.916+0000] {processor.py:829} INFO - Processing file /home/airflow/.local/lib/python3.10/site-packages/airflow/example_dags/example_sensor_decorator.py for tasks to queue
[2024-04-14T15:27:51.917+0000] {logging_mixin.py:154} INFO - [2024-04-14T15:27:51.917+0000] {dagbag.py:536} INFO - Filling up the DagBag from /home/airflow/.local/lib/python3.10/site-packages/airflow/example_dags/example_sensor_decorator.py
[2024-04-14T15:27:51.921+0000] {processor.py:839} INFO - DAG(s) dict_keys(['example_sensor_decorator']) retrieved from /home/airflow/.local/lib/python3.10/site-packages/airflow/example_dags/example_sensor_decorator.py
[2024-04-14T15:27:51.933+0000] {logging_mixin.py:154} INFO - [2024-04-14T15:27:51.933+0000] {dag.py:2941} INFO - Sync 1 DAGs
[2024-04-14T15:27:51.941+0000] {logging_mixin.py:154} INFO - [2024-04-14T15:27:51.941+0000] {dag.py:3722} INFO - Setting next_dagrun for example_sensor_decorator to None, run_after=None
[2024-04-14T15:27:51.950+0000] {processor.py:179} INFO - Processing /home/airflow/.local/lib/python3.10/site-packages/airflow/example_dags/example_sensor_decorator.py took 0.037 seconds
[2024-04-14T15:28:22.579+0000] {processor.py:157} INFO - Started process (PID=2075) to work on /home/airflow/.local/lib/python3.10/site-packages/airflow/example_dags/example_sensor_decorator.py
[2024-04-14T15:28:22.579+0000] {processor.py:829} INFO - Processing file /home/airflow/.local/lib/python3.10/site-packages/airflow/example_dags/example_sensor_decorator.py for tasks to queue
[2024-04-14T15:28:22.581+0000] {logging_mixin.py:154} INFO - [2024-04-14T15:28:22.580+0000] {dagbag.py:536} INFO - Filling up the DagBag from /home/airflow/.local/lib/python3.10/site-packages/airflow/example_dags/example_sensor_decorator.py
[2024-04-14T15:28:22.584+0000] {processor.py:839} INFO - DAG(s) dict_keys(['example_sensor_decorator']) retrieved from /home/airflow/.local/lib/python3.10/site-packages/airflow/example_dags/example_sensor_decorator.py
[2024-04-14T15:28:22.597+0000] {logging_mixin.py:154} INFO - [2024-04-14T15:28:22.596+0000] {dag.py:2941} INFO - Sync 1 DAGs
[2024-04-14T15:28:22.604+0000] {logging_mixin.py:154} INFO - [2024-04-14T15:28:22.604+0000] {dag.py:3722} INFO - Setting next_dagrun for example_sensor_decorator to None, run_after=None
[2024-04-14T15:28:22.613+0000] {processor.py:179} INFO - Processing /home/airflow/.local/lib/python3.10/site-packages/airflow/example_dags/example_sensor_decorator.py took 0.036 seconds
[2024-04-14T15:28:53.283+0000] {processor.py:157} INFO - Started process (PID=2129) to work on /home/airflow/.local/lib/python3.10/site-packages/airflow/example_dags/example_sensor_decorator.py
[2024-04-14T15:28:53.284+0000] {processor.py:829} INFO - Processing file /home/airflow/.local/lib/python3.10/site-packages/airflow/example_dags/example_sensor_decorator.py for tasks to queue
[2024-04-14T15:28:53.285+0000] {logging_mixin.py:154} INFO - [2024-04-14T15:28:53.285+0000] {dagbag.py:536} INFO - Filling up the DagBag from /home/airflow/.local/lib/python3.10/site-packages/airflow/example_dags/example_sensor_decorator.py
[2024-04-14T15:28:53.289+0000] {processor.py:839} INFO - DAG(s) dict_keys(['example_sensor_decorator']) retrieved from /home/airflow/.local/lib/python3.10/site-packages/airflow/example_dags/example_sensor_decorator.py
[2024-04-14T15:28:53.302+0000] {logging_mixin.py:154} INFO - [2024-04-14T15:28:53.302+0000] {dag.py:2941} INFO - Sync 1 DAGs
[2024-04-14T15:28:53.310+0000] {logging_mixin.py:154} INFO - [2024-04-14T15:28:53.310+0000] {dag.py:3722} INFO - Setting next_dagrun for example_sensor_decorator to None, run_after=None
[2024-04-14T15:28:53.318+0000] {processor.py:179} INFO - Processing /home/airflow/.local/lib/python3.10/site-packages/airflow/example_dags/example_sensor_decorator.py took 0.037 seconds
[2024-04-14T15:29:24.048+0000] {processor.py:157} INFO - Started process (PID=2183) to work on /home/airflow/.local/lib/python3.10/site-packages/airflow/example_dags/example_sensor_decorator.py
[2024-04-14T15:29:24.048+0000] {processor.py:829} INFO - Processing file /home/airflow/.local/lib/python3.10/site-packages/airflow/example_dags/example_sensor_decorator.py for tasks to queue
[2024-04-14T15:29:24.049+0000] {logging_mixin.py:154} INFO - [2024-04-14T15:29:24.049+0000] {dagbag.py:536} INFO - Filling up the DagBag from /home/airflow/.local/lib/python3.10/site-packages/airflow/example_dags/example_sensor_decorator.py
[2024-04-14T15:29:24.053+0000] {processor.py:839} INFO - DAG(s) dict_keys(['example_sensor_decorator']) retrieved from /home/airflow/.local/lib/python3.10/site-packages/airflow/example_dags/example_sensor_decorator.py
[2024-04-14T15:29:24.066+0000] {logging_mixin.py:154} INFO - [2024-04-14T15:29:24.066+0000] {dag.py:2941} INFO - Sync 1 DAGs
[2024-04-14T15:29:24.073+0000] {logging_mixin.py:154} INFO - [2024-04-14T15:29:24.073+0000] {dag.py:3722} INFO - Setting next_dagrun for example_sensor_decorator to None, run_after=None
[2024-04-14T15:29:24.082+0000] {processor.py:179} INFO - Processing /home/airflow/.local/lib/python3.10/site-packages/airflow/example_dags/example_sensor_decorator.py took 0.036 seconds
[2024-04-14T15:29:54.857+0000] {processor.py:157} INFO - Started process (PID=2237) to work on /home/airflow/.local/lib/python3.10/site-packages/airflow/example_dags/example_sensor_decorator.py
[2024-04-14T15:29:54.858+0000] {processor.py:829} INFO - Processing file /home/airflow/.local/lib/python3.10/site-packages/airflow/example_dags/example_sensor_decorator.py for tasks to queue
[2024-04-14T15:29:54.859+0000] {logging_mixin.py:154} INFO - [2024-04-14T15:29:54.859+0000] {dagbag.py:536} INFO - Filling up the DagBag from /home/airflow/.local/lib/python3.10/site-packages/airflow/example_dags/example_sensor_decorator.py
[2024-04-14T15:29:54.863+0000] {processor.py:839} INFO - DAG(s) dict_keys(['example_sensor_decorator']) retrieved from /home/airflow/.local/lib/python3.10/site-packages/airflow/example_dags/example_sensor_decorator.py
[2024-04-14T15:29:54.875+0000] {logging_mixin.py:154} INFO - [2024-04-14T15:29:54.875+0000] {dag.py:2941} INFO - Sync 1 DAGs
[2024-04-14T15:29:54.882+0000] {logging_mixin.py:154} INFO - [2024-04-14T15:29:54.882+0000] {dag.py:3722} INFO - Setting next_dagrun for example_sensor_decorator to None, run_after=None
[2024-04-14T15:29:54.892+0000] {processor.py:179} INFO - Processing /home/airflow/.local/lib/python3.10/site-packages/airflow/example_dags/example_sensor_decorator.py took 0.036 seconds
[2024-04-14T15:30:25.616+0000] {processor.py:157} INFO - Started process (PID=2291) to work on /home/airflow/.local/lib/python3.10/site-packages/airflow/example_dags/example_sensor_decorator.py
[2024-04-14T15:30:25.617+0000] {processor.py:829} INFO - Processing file /home/airflow/.local/lib/python3.10/site-packages/airflow/example_dags/example_sensor_decorator.py for tasks to queue
[2024-04-14T15:30:25.618+0000] {logging_mixin.py:154} INFO - [2024-04-14T15:30:25.618+0000] {dagbag.py:536} INFO - Filling up the DagBag from /home/airflow/.local/lib/python3.10/site-packages/airflow/example_dags/example_sensor_decorator.py
[2024-04-14T15:30:25.622+0000] {processor.py:839} INFO - DAG(s) dict_keys(['example_sensor_decorator']) retrieved from /home/airflow/.local/lib/python3.10/site-packages/airflow/example_dags/example_sensor_decorator.py
[2024-04-14T15:30:25.634+0000] {logging_mixin.py:154} INFO - [2024-04-14T15:30:25.634+0000] {dag.py:2941} INFO - Sync 1 DAGs
[2024-04-14T15:30:25.642+0000] {logging_mixin.py:154} INFO - [2024-04-14T15:30:25.642+0000] {dag.py:3722} INFO - Setting next_dagrun for example_sensor_decorator to None, run_after=None
[2024-04-14T15:30:25.652+0000] {processor.py:179} INFO - Processing /home/airflow/.local/lib/python3.10/site-packages/airflow/example_dags/example_sensor_decorator.py took 0.038 seconds
[2024-04-14T15:30:56.308+0000] {processor.py:157} INFO - Started process (PID=2345) to work on /home/airflow/.local/lib/python3.10/site-packages/airflow/example_dags/example_sensor_decorator.py
[2024-04-14T15:30:56.308+0000] {processor.py:829} INFO - Processing file /home/airflow/.local/lib/python3.10/site-packages/airflow/example_dags/example_sensor_decorator.py for tasks to queue
[2024-04-14T15:30:56.309+0000] {logging_mixin.py:154} INFO - [2024-04-14T15:30:56.309+0000] {dagbag.py:536} INFO - Filling up the DagBag from /home/airflow/.local/lib/python3.10/site-packages/airflow/example_dags/example_sensor_decorator.py
[2024-04-14T15:30:56.313+0000] {processor.py:839} INFO - DAG(s) dict_keys(['example_sensor_decorator']) retrieved from /home/airflow/.local/lib/python3.10/site-packages/airflow/example_dags/example_sensor_decorator.py
[2024-04-14T15:30:56.326+0000] {logging_mixin.py:154} INFO - [2024-04-14T15:30:56.326+0000] {dag.py:2941} INFO - Sync 1 DAGs
[2024-04-14T15:30:56.332+0000] {logging_mixin.py:154} INFO - [2024-04-14T15:30:56.332+0000] {dag.py:3722} INFO - Setting next_dagrun for example_sensor_decorator to None, run_after=None
[2024-04-14T15:30:56.341+0000] {processor.py:179} INFO - Processing /home/airflow/.local/lib/python3.10/site-packages/airflow/example_dags/example_sensor_decorator.py took 0.036 seconds
[2024-04-14T15:31:27.047+0000] {processor.py:157} INFO - Started process (PID=2399) to work on /home/airflow/.local/lib/python3.10/site-packages/airflow/example_dags/example_sensor_decorator.py
[2024-04-14T15:31:27.047+0000] {processor.py:829} INFO - Processing file /home/airflow/.local/lib/python3.10/site-packages/airflow/example_dags/example_sensor_decorator.py for tasks to queue
[2024-04-14T15:31:27.049+0000] {logging_mixin.py:154} INFO - [2024-04-14T15:31:27.048+0000] {dagbag.py:536} INFO - Filling up the DagBag from /home/airflow/.local/lib/python3.10/site-packages/airflow/example_dags/example_sensor_decorator.py
[2024-04-14T15:31:27.052+0000] {processor.py:839} INFO - DAG(s) dict_keys(['example_sensor_decorator']) retrieved from /home/airflow/.local/lib/python3.10/site-packages/airflow/example_dags/example_sensor_decorator.py
[2024-04-14T15:31:27.064+0000] {logging_mixin.py:154} INFO - [2024-04-14T15:31:27.063+0000] {dag.py:2941} INFO - Sync 1 DAGs
[2024-04-14T15:31:27.070+0000] {logging_mixin.py:154} INFO - [2024-04-14T15:31:27.070+0000] {dag.py:3722} INFO - Setting next_dagrun for example_sensor_decorator to None, run_after=None
[2024-04-14T15:31:27.078+0000] {processor.py:179} INFO - Processing /home/airflow/.local/lib/python3.10/site-packages/airflow/example_dags/example_sensor_decorator.py took 0.034 seconds
[2024-04-14T15:31:57.700+0000] {processor.py:157} INFO - Started process (PID=2453) to work on /home/airflow/.local/lib/python3.10/site-packages/airflow/example_dags/example_sensor_decorator.py
[2024-04-14T15:31:57.701+0000] {processor.py:829} INFO - Processing file /home/airflow/.local/lib/python3.10/site-packages/airflow/example_dags/example_sensor_decorator.py for tasks to queue
[2024-04-14T15:31:57.702+0000] {logging_mixin.py:154} INFO - [2024-04-14T15:31:57.702+0000] {dagbag.py:536} INFO - Filling up the DagBag from /home/airflow/.local/lib/python3.10/site-packages/airflow/example_dags/example_sensor_decorator.py
[2024-04-14T15:31:57.706+0000] {processor.py:839} INFO - DAG(s) dict_keys(['example_sensor_decorator']) retrieved from /home/airflow/.local/lib/python3.10/site-packages/airflow/example_dags/example_sensor_decorator.py
[2024-04-14T15:31:57.718+0000] {logging_mixin.py:154} INFO - [2024-04-14T15:31:57.718+0000] {dag.py:2941} INFO - Sync 1 DAGs
[2024-04-14T15:31:57.725+0000] {logging_mixin.py:154} INFO - [2024-04-14T15:31:57.725+0000] {dag.py:3722} INFO - Setting next_dagrun for example_sensor_decorator to None, run_after=None
[2024-04-14T15:31:57.734+0000] {processor.py:179} INFO - Processing /home/airflow/.local/lib/python3.10/site-packages/airflow/example_dags/example_sensor_decorator.py took 0.036 seconds
[2024-04-14T15:32:28.430+0000] {processor.py:157} INFO - Started process (PID=2507) to work on /home/airflow/.local/lib/python3.10/site-packages/airflow/example_dags/example_sensor_decorator.py
[2024-04-14T15:32:28.431+0000] {processor.py:829} INFO - Processing file /home/airflow/.local/lib/python3.10/site-packages/airflow/example_dags/example_sensor_decorator.py for tasks to queue
[2024-04-14T15:32:28.432+0000] {logging_mixin.py:154} INFO - [2024-04-14T15:32:28.432+0000] {dagbag.py:536} INFO - Filling up the DagBag from /home/airflow/.local/lib/python3.10/site-packages/airflow/example_dags/example_sensor_decorator.py
[2024-04-14T15:32:28.436+0000] {processor.py:839} INFO - DAG(s) dict_keys(['example_sensor_decorator']) retrieved from /home/airflow/.local/lib/python3.10/site-packages/airflow/example_dags/example_sensor_decorator.py
[2024-04-14T15:32:28.448+0000] {logging_mixin.py:154} INFO - [2024-04-14T15:32:28.448+0000] {dag.py:2941} INFO - Sync 1 DAGs
[2024-04-14T15:32:28.455+0000] {logging_mixin.py:154} INFO - [2024-04-14T15:32:28.455+0000] {dag.py:3722} INFO - Setting next_dagrun for example_sensor_decorator to None, run_after=None
[2024-04-14T15:32:28.464+0000] {processor.py:179} INFO - Processing /home/airflow/.local/lib/python3.10/site-packages/airflow/example_dags/example_sensor_decorator.py took 0.036 seconds
[2024-04-14T15:32:59.171+0000] {processor.py:157} INFO - Started process (PID=2561) to work on /home/airflow/.local/lib/python3.10/site-packages/airflow/example_dags/example_sensor_decorator.py
[2024-04-14T15:32:59.172+0000] {processor.py:829} INFO - Processing file /home/airflow/.local/lib/python3.10/site-packages/airflow/example_dags/example_sensor_decorator.py for tasks to queue
[2024-04-14T15:32:59.173+0000] {logging_mixin.py:154} INFO - [2024-04-14T15:32:59.173+0000] {dagbag.py:536} INFO - Filling up the DagBag from /home/airflow/.local/lib/python3.10/site-packages/airflow/example_dags/example_sensor_decorator.py
[2024-04-14T15:32:59.177+0000] {processor.py:839} INFO - DAG(s) dict_keys(['example_sensor_decorator']) retrieved from /home/airflow/.local/lib/python3.10/site-packages/airflow/example_dags/example_sensor_decorator.py
[2024-04-14T15:32:59.188+0000] {logging_mixin.py:154} INFO - [2024-04-14T15:32:59.188+0000] {dag.py:2941} INFO - Sync 1 DAGs
[2024-04-14T15:32:59.195+0000] {logging_mixin.py:154} INFO - [2024-04-14T15:32:59.195+0000] {dag.py:3722} INFO - Setting next_dagrun for example_sensor_decorator to None, run_after=None
[2024-04-14T15:32:59.203+0000] {processor.py:179} INFO - Processing /home/airflow/.local/lib/python3.10/site-packages/airflow/example_dags/example_sensor_decorator.py took 0.034 seconds
[2024-04-14T15:33:29.823+0000] {processor.py:157} INFO - Started process (PID=2615) to work on /home/airflow/.local/lib/python3.10/site-packages/airflow/example_dags/example_sensor_decorator.py
[2024-04-14T15:33:29.823+0000] {processor.py:829} INFO - Processing file /home/airflow/.local/lib/python3.10/site-packages/airflow/example_dags/example_sensor_decorator.py for tasks to queue
[2024-04-14T15:33:29.824+0000] {logging_mixin.py:154} INFO - [2024-04-14T15:33:29.824+0000] {dagbag.py:536} INFO - Filling up the DagBag from /home/airflow/.local/lib/python3.10/site-packages/airflow/example_dags/example_sensor_decorator.py
[2024-04-14T15:33:29.828+0000] {processor.py:839} INFO - DAG(s) dict_keys(['example_sensor_decorator']) retrieved from /home/airflow/.local/lib/python3.10/site-packages/airflow/example_dags/example_sensor_decorator.py
[2024-04-14T15:33:29.841+0000] {logging_mixin.py:154} INFO - [2024-04-14T15:33:29.841+0000] {dag.py:2941} INFO - Sync 1 DAGs
[2024-04-14T15:33:29.848+0000] {logging_mixin.py:154} INFO - [2024-04-14T15:33:29.848+0000] {dag.py:3722} INFO - Setting next_dagrun for example_sensor_decorator to None, run_after=None
[2024-04-14T15:33:29.858+0000] {processor.py:179} INFO - Processing /home/airflow/.local/lib/python3.10/site-packages/airflow/example_dags/example_sensor_decorator.py took 0.037 seconds
[2024-04-14T15:34:00.436+0000] {processor.py:157} INFO - Started process (PID=2669) to work on /home/airflow/.local/lib/python3.10/site-packages/airflow/example_dags/example_sensor_decorator.py
[2024-04-14T15:34:00.436+0000] {processor.py:829} INFO - Processing file /home/airflow/.local/lib/python3.10/site-packages/airflow/example_dags/example_sensor_decorator.py for tasks to queue
[2024-04-14T15:34:00.437+0000] {logging_mixin.py:154} INFO - [2024-04-14T15:34:00.437+0000] {dagbag.py:536} INFO - Filling up the DagBag from /home/airflow/.local/lib/python3.10/site-packages/airflow/example_dags/example_sensor_decorator.py
[2024-04-14T15:34:00.441+0000] {processor.py:839} INFO - DAG(s) dict_keys(['example_sensor_decorator']) retrieved from /home/airflow/.local/lib/python3.10/site-packages/airflow/example_dags/example_sensor_decorator.py
[2024-04-14T15:34:00.453+0000] {logging_mixin.py:154} INFO - [2024-04-14T15:34:00.453+0000] {dag.py:2941} INFO - Sync 1 DAGs
[2024-04-14T15:34:00.460+0000] {logging_mixin.py:154} INFO - [2024-04-14T15:34:00.460+0000] {dag.py:3722} INFO - Setting next_dagrun for example_sensor_decorator to None, run_after=None
[2024-04-14T15:34:00.468+0000] {processor.py:179} INFO - Processing /home/airflow/.local/lib/python3.10/site-packages/airflow/example_dags/example_sensor_decorator.py took 0.035 seconds
[2024-04-14T15:34:31.135+0000] {processor.py:157} INFO - Started process (PID=2723) to work on /home/airflow/.local/lib/python3.10/site-packages/airflow/example_dags/example_sensor_decorator.py
[2024-04-14T15:34:31.135+0000] {processor.py:829} INFO - Processing file /home/airflow/.local/lib/python3.10/site-packages/airflow/example_dags/example_sensor_decorator.py for tasks to queue
[2024-04-14T15:34:31.136+0000] {logging_mixin.py:154} INFO - [2024-04-14T15:34:31.136+0000] {dagbag.py:536} INFO - Filling up the DagBag from /home/airflow/.local/lib/python3.10/site-packages/airflow/example_dags/example_sensor_decorator.py
[2024-04-14T15:34:31.140+0000] {processor.py:839} INFO - DAG(s) dict_keys(['example_sensor_decorator']) retrieved from /home/airflow/.local/lib/python3.10/site-packages/airflow/example_dags/example_sensor_decorator.py
[2024-04-14T15:34:31.153+0000] {logging_mixin.py:154} INFO - [2024-04-14T15:34:31.153+0000] {dag.py:2941} INFO - Sync 1 DAGs
[2024-04-14T15:34:31.160+0000] {logging_mixin.py:154} INFO - [2024-04-14T15:34:31.160+0000] {dag.py:3722} INFO - Setting next_dagrun for example_sensor_decorator to None, run_after=None
[2024-04-14T15:34:31.169+0000] {processor.py:179} INFO - Processing /home/airflow/.local/lib/python3.10/site-packages/airflow/example_dags/example_sensor_decorator.py took 0.037 seconds
[2024-04-14T15:35:01.768+0000] {processor.py:157} INFO - Started process (PID=2777) to work on /home/airflow/.local/lib/python3.10/site-packages/airflow/example_dags/example_sensor_decorator.py
[2024-04-14T15:35:01.768+0000] {processor.py:829} INFO - Processing file /home/airflow/.local/lib/python3.10/site-packages/airflow/example_dags/example_sensor_decorator.py for tasks to queue
[2024-04-14T15:35:01.770+0000] {logging_mixin.py:154} INFO - [2024-04-14T15:35:01.769+0000] {dagbag.py:536} INFO - Filling up the DagBag from /home/airflow/.local/lib/python3.10/site-packages/airflow/example_dags/example_sensor_decorator.py
[2024-04-14T15:35:01.773+0000] {processor.py:839} INFO - DAG(s) dict_keys(['example_sensor_decorator']) retrieved from /home/airflow/.local/lib/python3.10/site-packages/airflow/example_dags/example_sensor_decorator.py
[2024-04-14T15:35:01.786+0000] {logging_mixin.py:154} INFO - [2024-04-14T15:35:01.786+0000] {dag.py:2941} INFO - Sync 1 DAGs
[2024-04-14T15:35:01.793+0000] {logging_mixin.py:154} INFO - [2024-04-14T15:35:01.793+0000] {dag.py:3722} INFO - Setting next_dagrun for example_sensor_decorator to None, run_after=None
[2024-04-14T15:35:01.802+0000] {processor.py:179} INFO - Processing /home/airflow/.local/lib/python3.10/site-packages/airflow/example_dags/example_sensor_decorator.py took 0.037 seconds
[2024-04-14T15:35:32.512+0000] {processor.py:157} INFO - Started process (PID=2831) to work on /home/airflow/.local/lib/python3.10/site-packages/airflow/example_dags/example_sensor_decorator.py
[2024-04-14T15:35:32.513+0000] {processor.py:829} INFO - Processing file /home/airflow/.local/lib/python3.10/site-packages/airflow/example_dags/example_sensor_decorator.py for tasks to queue
[2024-04-14T15:35:32.514+0000] {logging_mixin.py:154} INFO - [2024-04-14T15:35:32.514+0000] {dagbag.py:536} INFO - Filling up the DagBag from /home/airflow/.local/lib/python3.10/site-packages/airflow/example_dags/example_sensor_decorator.py
[2024-04-14T15:35:32.518+0000] {processor.py:839} INFO - DAG(s) dict_keys(['example_sensor_decorator']) retrieved from /home/airflow/.local/lib/python3.10/site-packages/airflow/example_dags/example_sensor_decorator.py
[2024-04-14T15:35:32.530+0000] {logging_mixin.py:154} INFO - [2024-04-14T15:35:32.530+0000] {dag.py:2941} INFO - Sync 1 DAGs
[2024-04-14T15:35:32.538+0000] {logging_mixin.py:154} INFO - [2024-04-14T15:35:32.538+0000] {dag.py:3722} INFO - Setting next_dagrun for example_sensor_decorator to None, run_after=None
[2024-04-14T15:35:32.547+0000] {processor.py:179} INFO - Processing /home/airflow/.local/lib/python3.10/site-packages/airflow/example_dags/example_sensor_decorator.py took 0.037 seconds
[2024-04-14T15:36:03.317+0000] {processor.py:157} INFO - Started process (PID=2885) to work on /home/airflow/.local/lib/python3.10/site-packages/airflow/example_dags/example_sensor_decorator.py
[2024-04-14T15:36:03.318+0000] {processor.py:829} INFO - Processing file /home/airflow/.local/lib/python3.10/site-packages/airflow/example_dags/example_sensor_decorator.py for tasks to queue
[2024-04-14T15:36:03.319+0000] {logging_mixin.py:154} INFO - [2024-04-14T15:36:03.319+0000] {dagbag.py:536} INFO - Filling up the DagBag from /home/airflow/.local/lib/python3.10/site-packages/airflow/example_dags/example_sensor_decorator.py
[2024-04-14T15:36:03.323+0000] {processor.py:839} INFO - DAG(s) dict_keys(['example_sensor_decorator']) retrieved from /home/airflow/.local/lib/python3.10/site-packages/airflow/example_dags/example_sensor_decorator.py
[2024-04-14T15:36:03.335+0000] {logging_mixin.py:154} INFO - [2024-04-14T15:36:03.335+0000] {dag.py:2941} INFO - Sync 1 DAGs
[2024-04-14T15:36:03.342+0000] {logging_mixin.py:154} INFO - [2024-04-14T15:36:03.342+0000] {dag.py:3722} INFO - Setting next_dagrun for example_sensor_decorator to None, run_after=None
[2024-04-14T15:36:03.351+0000] {processor.py:179} INFO - Processing /home/airflow/.local/lib/python3.10/site-packages/airflow/example_dags/example_sensor_decorator.py took 0.037 seconds
[2024-04-14T15:36:34.091+0000] {processor.py:157} INFO - Started process (PID=2939) to work on /home/airflow/.local/lib/python3.10/site-packages/airflow/example_dags/example_sensor_decorator.py
[2024-04-14T15:36:34.092+0000] {processor.py:829} INFO - Processing file /home/airflow/.local/lib/python3.10/site-packages/airflow/example_dags/example_sensor_decorator.py for tasks to queue
[2024-04-14T15:36:34.093+0000] {logging_mixin.py:154} INFO - [2024-04-14T15:36:34.093+0000] {dagbag.py:536} INFO - Filling up the DagBag from /home/airflow/.local/lib/python3.10/site-packages/airflow/example_dags/example_sensor_decorator.py
[2024-04-14T15:36:34.097+0000] {processor.py:839} INFO - DAG(s) dict_keys(['example_sensor_decorator']) retrieved from /home/airflow/.local/lib/python3.10/site-packages/airflow/example_dags/example_sensor_decorator.py
[2024-04-14T15:36:34.109+0000] {logging_mixin.py:154} INFO - [2024-04-14T15:36:34.109+0000] {dag.py:2941} INFO - Sync 1 DAGs
[2024-04-14T15:36:34.116+0000] {logging_mixin.py:154} INFO - [2024-04-14T15:36:34.116+0000] {dag.py:3722} INFO - Setting next_dagrun for example_sensor_decorator to None, run_after=None
[2024-04-14T15:36:34.124+0000] {processor.py:179} INFO - Processing /home/airflow/.local/lib/python3.10/site-packages/airflow/example_dags/example_sensor_decorator.py took 0.035 seconds
[2024-04-14T15:37:04.861+0000] {processor.py:157} INFO - Started process (PID=2993) to work on /home/airflow/.local/lib/python3.10/site-packages/airflow/example_dags/example_sensor_decorator.py
[2024-04-14T15:37:04.862+0000] {processor.py:829} INFO - Processing file /home/airflow/.local/lib/python3.10/site-packages/airflow/example_dags/example_sensor_decorator.py for tasks to queue
[2024-04-14T15:37:04.863+0000] {logging_mixin.py:154} INFO - [2024-04-14T15:37:04.863+0000] {dagbag.py:536} INFO - Filling up the DagBag from /home/airflow/.local/lib/python3.10/site-packages/airflow/example_dags/example_sensor_decorator.py
[2024-04-14T15:37:04.867+0000] {processor.py:839} INFO - DAG(s) dict_keys(['example_sensor_decorator']) retrieved from /home/airflow/.local/lib/python3.10/site-packages/airflow/example_dags/example_sensor_decorator.py
[2024-04-14T15:37:04.879+0000] {logging_mixin.py:154} INFO - [2024-04-14T15:37:04.879+0000] {dag.py:2941} INFO - Sync 1 DAGs
[2024-04-14T15:37:04.887+0000] {logging_mixin.py:154} INFO - [2024-04-14T15:37:04.887+0000] {dag.py:3722} INFO - Setting next_dagrun for example_sensor_decorator to None, run_after=None
[2024-04-14T15:37:04.896+0000] {processor.py:179} INFO - Processing /home/airflow/.local/lib/python3.10/site-packages/airflow/example_dags/example_sensor_decorator.py took 0.037 seconds
[2024-04-14T15:37:35.562+0000] {processor.py:157} INFO - Started process (PID=3047) to work on /home/airflow/.local/lib/python3.10/site-packages/airflow/example_dags/example_sensor_decorator.py
[2024-04-14T15:37:35.563+0000] {processor.py:829} INFO - Processing file /home/airflow/.local/lib/python3.10/site-packages/airflow/example_dags/example_sensor_decorator.py for tasks to queue
[2024-04-14T15:37:35.564+0000] {logging_mixin.py:154} INFO - [2024-04-14T15:37:35.564+0000] {dagbag.py:536} INFO - Filling up the DagBag from /home/airflow/.local/lib/python3.10/site-packages/airflow/example_dags/example_sensor_decorator.py
[2024-04-14T15:37:35.568+0000] {processor.py:839} INFO - DAG(s) dict_keys(['example_sensor_decorator']) retrieved from /home/airflow/.local/lib/python3.10/site-packages/airflow/example_dags/example_sensor_decorator.py
[2024-04-14T15:37:35.580+0000] {logging_mixin.py:154} INFO - [2024-04-14T15:37:35.579+0000] {dag.py:2941} INFO - Sync 1 DAGs
[2024-04-14T15:37:35.587+0000] {logging_mixin.py:154} INFO - [2024-04-14T15:37:35.586+0000] {dag.py:3722} INFO - Setting next_dagrun for example_sensor_decorator to None, run_after=None
[2024-04-14T15:37:35.595+0000] {processor.py:179} INFO - Processing /home/airflow/.local/lib/python3.10/site-packages/airflow/example_dags/example_sensor_decorator.py took 0.035 seconds
[2024-04-14T15:38:06.394+0000] {processor.py:157} INFO - Started process (PID=3101) to work on /home/airflow/.local/lib/python3.10/site-packages/airflow/example_dags/example_sensor_decorator.py
[2024-04-14T15:38:06.395+0000] {processor.py:829} INFO - Processing file /home/airflow/.local/lib/python3.10/site-packages/airflow/example_dags/example_sensor_decorator.py for tasks to queue
[2024-04-14T15:38:06.396+0000] {logging_mixin.py:154} INFO - [2024-04-14T15:38:06.396+0000] {dagbag.py:536} INFO - Filling up the DagBag from /home/airflow/.local/lib/python3.10/site-packages/airflow/example_dags/example_sensor_decorator.py
[2024-04-14T15:38:06.400+0000] {processor.py:839} INFO - DAG(s) dict_keys(['example_sensor_decorator']) retrieved from /home/airflow/.local/lib/python3.10/site-packages/airflow/example_dags/example_sensor_decorator.py
[2024-04-14T15:38:06.413+0000] {logging_mixin.py:154} INFO - [2024-04-14T15:38:06.413+0000] {dag.py:2941} INFO - Sync 1 DAGs
[2024-04-14T15:38:06.420+0000] {logging_mixin.py:154} INFO - [2024-04-14T15:38:06.420+0000] {dag.py:3722} INFO - Setting next_dagrun for example_sensor_decorator to None, run_after=None
[2024-04-14T15:38:06.430+0000] {processor.py:179} INFO - Processing /home/airflow/.local/lib/python3.10/site-packages/airflow/example_dags/example_sensor_decorator.py took 0.038 seconds
[2024-04-14T15:38:37.197+0000] {processor.py:157} INFO - Started process (PID=3155) to work on /home/airflow/.local/lib/python3.10/site-packages/airflow/example_dags/example_sensor_decorator.py
[2024-04-14T15:38:37.198+0000] {processor.py:829} INFO - Processing file /home/airflow/.local/lib/python3.10/site-packages/airflow/example_dags/example_sensor_decorator.py for tasks to queue
[2024-04-14T15:38:37.199+0000] {logging_mixin.py:154} INFO - [2024-04-14T15:38:37.199+0000] {dagbag.py:536} INFO - Filling up the DagBag from /home/airflow/.local/lib/python3.10/site-packages/airflow/example_dags/example_sensor_decorator.py
[2024-04-14T15:38:37.203+0000] {processor.py:839} INFO - DAG(s) dict_keys(['example_sensor_decorator']) retrieved from /home/airflow/.local/lib/python3.10/site-packages/airflow/example_dags/example_sensor_decorator.py
[2024-04-14T15:38:37.215+0000] {logging_mixin.py:154} INFO - [2024-04-14T15:38:37.215+0000] {dag.py:2941} INFO - Sync 1 DAGs
[2024-04-14T15:38:37.223+0000] {logging_mixin.py:154} INFO - [2024-04-14T15:38:37.223+0000] {dag.py:3722} INFO - Setting next_dagrun for example_sensor_decorator to None, run_after=None
[2024-04-14T15:38:37.232+0000] {processor.py:179} INFO - Processing /home/airflow/.local/lib/python3.10/site-packages/airflow/example_dags/example_sensor_decorator.py took 0.037 seconds
[2024-04-14T15:39:08.152+0000] {processor.py:157} INFO - Started process (PID=3209) to work on /home/airflow/.local/lib/python3.10/site-packages/airflow/example_dags/example_sensor_decorator.py
[2024-04-14T15:39:08.152+0000] {processor.py:829} INFO - Processing file /home/airflow/.local/lib/python3.10/site-packages/airflow/example_dags/example_sensor_decorator.py for tasks to queue
[2024-04-14T15:39:08.154+0000] {logging_mixin.py:154} INFO - [2024-04-14T15:39:08.153+0000] {dagbag.py:536} INFO - Filling up the DagBag from /home/airflow/.local/lib/python3.10/site-packages/airflow/example_dags/example_sensor_decorator.py
[2024-04-14T15:39:08.158+0000] {processor.py:839} INFO - DAG(s) dict_keys(['example_sensor_decorator']) retrieved from /home/airflow/.local/lib/python3.10/site-packages/airflow/example_dags/example_sensor_decorator.py
[2024-04-14T15:39:08.171+0000] {logging_mixin.py:154} INFO - [2024-04-14T15:39:08.171+0000] {dag.py:2941} INFO - Sync 1 DAGs
[2024-04-14T15:39:08.179+0000] {logging_mixin.py:154} INFO - [2024-04-14T15:39:08.179+0000] {dag.py:3722} INFO - Setting next_dagrun for example_sensor_decorator to None, run_after=None
[2024-04-14T15:39:08.189+0000] {processor.py:179} INFO - Processing /home/airflow/.local/lib/python3.10/site-packages/airflow/example_dags/example_sensor_decorator.py took 0.039 seconds
[2024-04-14T15:39:39.133+0000] {processor.py:157} INFO - Started process (PID=3263) to work on /home/airflow/.local/lib/python3.10/site-packages/airflow/example_dags/example_sensor_decorator.py
[2024-04-14T15:39:39.134+0000] {processor.py:829} INFO - Processing file /home/airflow/.local/lib/python3.10/site-packages/airflow/example_dags/example_sensor_decorator.py for tasks to queue
[2024-04-14T15:39:39.135+0000] {logging_mixin.py:154} INFO - [2024-04-14T15:39:39.135+0000] {dagbag.py:536} INFO - Filling up the DagBag from /home/airflow/.local/lib/python3.10/site-packages/airflow/example_dags/example_sensor_decorator.py
[2024-04-14T15:39:39.139+0000] {processor.py:839} INFO - DAG(s) dict_keys(['example_sensor_decorator']) retrieved from /home/airflow/.local/lib/python3.10/site-packages/airflow/example_dags/example_sensor_decorator.py
[2024-04-14T15:39:39.151+0000] {logging_mixin.py:154} INFO - [2024-04-14T15:39:39.151+0000] {dag.py:2941} INFO - Sync 1 DAGs
[2024-04-14T15:39:39.159+0000] {logging_mixin.py:154} INFO - [2024-04-14T15:39:39.159+0000] {dag.py:3722} INFO - Setting next_dagrun for example_sensor_decorator to None, run_after=None
[2024-04-14T15:39:39.168+0000] {processor.py:179} INFO - Processing /home/airflow/.local/lib/python3.10/site-packages/airflow/example_dags/example_sensor_decorator.py took 0.037 seconds
[2024-04-14T15:40:10.053+0000] {processor.py:157} INFO - Started process (PID=3317) to work on /home/airflow/.local/lib/python3.10/site-packages/airflow/example_dags/example_sensor_decorator.py
[2024-04-14T15:40:10.054+0000] {processor.py:829} INFO - Processing file /home/airflow/.local/lib/python3.10/site-packages/airflow/example_dags/example_sensor_decorator.py for tasks to queue
[2024-04-14T15:40:10.055+0000] {logging_mixin.py:154} INFO - [2024-04-14T15:40:10.055+0000] {dagbag.py:536} INFO - Filling up the DagBag from /home/airflow/.local/lib/python3.10/site-packages/airflow/example_dags/example_sensor_decorator.py
[2024-04-14T15:40:10.059+0000] {processor.py:839} INFO - DAG(s) dict_keys(['example_sensor_decorator']) retrieved from /home/airflow/.local/lib/python3.10/site-packages/airflow/example_dags/example_sensor_decorator.py
[2024-04-14T15:40:10.072+0000] {logging_mixin.py:154} INFO - [2024-04-14T15:40:10.071+0000] {dag.py:2941} INFO - Sync 1 DAGs
[2024-04-14T15:40:10.079+0000] {logging_mixin.py:154} INFO - [2024-04-14T15:40:10.079+0000] {dag.py:3722} INFO - Setting next_dagrun for example_sensor_decorator to None, run_after=None
[2024-04-14T15:40:10.088+0000] {processor.py:179} INFO - Processing /home/airflow/.local/lib/python3.10/site-packages/airflow/example_dags/example_sensor_decorator.py took 0.037 seconds
[2024-04-14T15:41:10.656+0000] {processor.py:157} INFO - Started process (PID=70) to work on /home/airflow/.local/lib/python3.10/site-packages/airflow/example_dags/example_sensor_decorator.py
[2024-04-14T15:41:10.656+0000] {processor.py:829} INFO - Processing file /home/airflow/.local/lib/python3.10/site-packages/airflow/example_dags/example_sensor_decorator.py for tasks to queue
[2024-04-14T15:41:10.657+0000] {logging_mixin.py:154} INFO - [2024-04-14T15:41:10.657+0000] {dagbag.py:536} INFO - Filling up the DagBag from /home/airflow/.local/lib/python3.10/site-packages/airflow/example_dags/example_sensor_decorator.py
[2024-04-14T15:41:10.661+0000] {processor.py:839} INFO - DAG(s) dict_keys(['example_sensor_decorator']) retrieved from /home/airflow/.local/lib/python3.10/site-packages/airflow/example_dags/example_sensor_decorator.py
[2024-04-14T15:41:10.669+0000] {logging_mixin.py:154} INFO - [2024-04-14T15:41:10.669+0000] {dag.py:2941} INFO - Sync 1 DAGs
[2024-04-14T15:41:10.678+0000] {logging_mixin.py:154} INFO - [2024-04-14T15:41:10.677+0000] {dag.py:3722} INFO - Setting next_dagrun for example_sensor_decorator to None, run_after=None
[2024-04-14T15:41:10.689+0000] {processor.py:179} INFO - Processing /home/airflow/.local/lib/python3.10/site-packages/airflow/example_dags/example_sensor_decorator.py took 0.036 seconds
[2024-04-14T15:41:41.287+0000] {processor.py:157} INFO - Started process (PID=124) to work on /home/airflow/.local/lib/python3.10/site-packages/airflow/example_dags/example_sensor_decorator.py
[2024-04-14T15:41:41.287+0000] {processor.py:829} INFO - Processing file /home/airflow/.local/lib/python3.10/site-packages/airflow/example_dags/example_sensor_decorator.py for tasks to queue
[2024-04-14T15:41:41.289+0000] {logging_mixin.py:154} INFO - [2024-04-14T15:41:41.288+0000] {dagbag.py:536} INFO - Filling up the DagBag from /home/airflow/.local/lib/python3.10/site-packages/airflow/example_dags/example_sensor_decorator.py
[2024-04-14T15:41:41.292+0000] {processor.py:839} INFO - DAG(s) dict_keys(['example_sensor_decorator']) retrieved from /home/airflow/.local/lib/python3.10/site-packages/airflow/example_dags/example_sensor_decorator.py
[2024-04-14T15:41:41.305+0000] {logging_mixin.py:154} INFO - [2024-04-14T15:41:41.304+0000] {dag.py:2941} INFO - Sync 1 DAGs
[2024-04-14T15:41:41.312+0000] {logging_mixin.py:154} INFO - [2024-04-14T15:41:41.312+0000] {dag.py:3722} INFO - Setting next_dagrun for example_sensor_decorator to None, run_after=None
[2024-04-14T15:41:41.321+0000] {processor.py:179} INFO - Processing /home/airflow/.local/lib/python3.10/site-packages/airflow/example_dags/example_sensor_decorator.py took 0.036 seconds
[2024-04-14T15:42:12.044+0000] {processor.py:157} INFO - Started process (PID=178) to work on /home/airflow/.local/lib/python3.10/site-packages/airflow/example_dags/example_sensor_decorator.py
[2024-04-14T15:42:12.045+0000] {processor.py:829} INFO - Processing file /home/airflow/.local/lib/python3.10/site-packages/airflow/example_dags/example_sensor_decorator.py for tasks to queue
[2024-04-14T15:42:12.045+0000] {logging_mixin.py:154} INFO - [2024-04-14T15:42:12.045+0000] {dagbag.py:536} INFO - Filling up the DagBag from /home/airflow/.local/lib/python3.10/site-packages/airflow/example_dags/example_sensor_decorator.py
[2024-04-14T15:42:12.049+0000] {processor.py:839} INFO - DAG(s) dict_keys(['example_sensor_decorator']) retrieved from /home/airflow/.local/lib/python3.10/site-packages/airflow/example_dags/example_sensor_decorator.py
[2024-04-14T15:42:12.062+0000] {logging_mixin.py:154} INFO - [2024-04-14T15:42:12.062+0000] {dag.py:2941} INFO - Sync 1 DAGs
[2024-04-14T15:42:12.070+0000] {logging_mixin.py:154} INFO - [2024-04-14T15:42:12.069+0000] {dag.py:3722} INFO - Setting next_dagrun for example_sensor_decorator to None, run_after=None
[2024-04-14T15:42:12.078+0000] {processor.py:179} INFO - Processing /home/airflow/.local/lib/python3.10/site-packages/airflow/example_dags/example_sensor_decorator.py took 0.036 seconds
[2024-04-14T15:42:42.654+0000] {processor.py:157} INFO - Started process (PID=232) to work on /home/airflow/.local/lib/python3.10/site-packages/airflow/example_dags/example_sensor_decorator.py
[2024-04-14T15:42:42.655+0000] {processor.py:829} INFO - Processing file /home/airflow/.local/lib/python3.10/site-packages/airflow/example_dags/example_sensor_decorator.py for tasks to queue
[2024-04-14T15:42:42.655+0000] {logging_mixin.py:154} INFO - [2024-04-14T15:42:42.655+0000] {dagbag.py:536} INFO - Filling up the DagBag from /home/airflow/.local/lib/python3.10/site-packages/airflow/example_dags/example_sensor_decorator.py
[2024-04-14T15:42:42.659+0000] {processor.py:839} INFO - DAG(s) dict_keys(['example_sensor_decorator']) retrieved from /home/airflow/.local/lib/python3.10/site-packages/airflow/example_dags/example_sensor_decorator.py
[2024-04-14T15:42:42.672+0000] {logging_mixin.py:154} INFO - [2024-04-14T15:42:42.672+0000] {dag.py:2941} INFO - Sync 1 DAGs
[2024-04-14T15:42:42.680+0000] {logging_mixin.py:154} INFO - [2024-04-14T15:42:42.680+0000] {dag.py:3722} INFO - Setting next_dagrun for example_sensor_decorator to None, run_after=None
[2024-04-14T15:42:42.689+0000] {processor.py:179} INFO - Processing /home/airflow/.local/lib/python3.10/site-packages/airflow/example_dags/example_sensor_decorator.py took 0.037 seconds
[2024-04-14T15:46:33.961+0000] {processor.py:157} INFO - Started process (PID=71) to work on /home/airflow/.local/lib/python3.10/site-packages/airflow/example_dags/example_sensor_decorator.py
[2024-04-14T15:46:33.962+0000] {processor.py:829} INFO - Processing file /home/airflow/.local/lib/python3.10/site-packages/airflow/example_dags/example_sensor_decorator.py for tasks to queue
[2024-04-14T15:46:33.963+0000] {logging_mixin.py:154} INFO - [2024-04-14T15:46:33.963+0000] {dagbag.py:536} INFO - Filling up the DagBag from /home/airflow/.local/lib/python3.10/site-packages/airflow/example_dags/example_sensor_decorator.py
[2024-04-14T15:46:33.967+0000] {processor.py:839} INFO - DAG(s) dict_keys(['example_sensor_decorator']) retrieved from /home/airflow/.local/lib/python3.10/site-packages/airflow/example_dags/example_sensor_decorator.py
[2024-04-14T15:46:33.977+0000] {logging_mixin.py:154} INFO - [2024-04-14T15:46:33.976+0000] {dag.py:2941} INFO - Sync 1 DAGs
[2024-04-14T15:46:33.986+0000] {logging_mixin.py:154} INFO - [2024-04-14T15:46:33.986+0000] {dag.py:3722} INFO - Setting next_dagrun for example_sensor_decorator to None, run_after=None
[2024-04-14T15:46:33.996+0000] {processor.py:179} INFO - Processing /home/airflow/.local/lib/python3.10/site-packages/airflow/example_dags/example_sensor_decorator.py took 0.038 seconds
[2024-04-14T15:47:04.839+0000] {processor.py:157} INFO - Started process (PID=126) to work on /home/airflow/.local/lib/python3.10/site-packages/airflow/example_dags/example_sensor_decorator.py
[2024-04-14T15:47:04.840+0000] {processor.py:829} INFO - Processing file /home/airflow/.local/lib/python3.10/site-packages/airflow/example_dags/example_sensor_decorator.py for tasks to queue
[2024-04-14T15:47:04.841+0000] {logging_mixin.py:154} INFO - [2024-04-14T15:47:04.841+0000] {dagbag.py:536} INFO - Filling up the DagBag from /home/airflow/.local/lib/python3.10/site-packages/airflow/example_dags/example_sensor_decorator.py
[2024-04-14T15:47:04.845+0000] {processor.py:839} INFO - DAG(s) dict_keys(['example_sensor_decorator']) retrieved from /home/airflow/.local/lib/python3.10/site-packages/airflow/example_dags/example_sensor_decorator.py
[2024-04-14T15:47:04.857+0000] {logging_mixin.py:154} INFO - [2024-04-14T15:47:04.857+0000] {dag.py:2941} INFO - Sync 1 DAGs
[2024-04-14T15:47:04.864+0000] {logging_mixin.py:154} INFO - [2024-04-14T15:47:04.864+0000] {dag.py:3722} INFO - Setting next_dagrun for example_sensor_decorator to None, run_after=None
[2024-04-14T15:47:04.873+0000] {processor.py:179} INFO - Processing /home/airflow/.local/lib/python3.10/site-packages/airflow/example_dags/example_sensor_decorator.py took 0.036 seconds
[2024-04-14T15:47:35.643+0000] {processor.py:157} INFO - Started process (PID=181) to work on /home/airflow/.local/lib/python3.10/site-packages/airflow/example_dags/example_sensor_decorator.py
[2024-04-14T15:47:35.643+0000] {processor.py:829} INFO - Processing file /home/airflow/.local/lib/python3.10/site-packages/airflow/example_dags/example_sensor_decorator.py for tasks to queue
[2024-04-14T15:47:35.644+0000] {logging_mixin.py:154} INFO - [2024-04-14T15:47:35.644+0000] {dagbag.py:536} INFO - Filling up the DagBag from /home/airflow/.local/lib/python3.10/site-packages/airflow/example_dags/example_sensor_decorator.py
[2024-04-14T15:47:35.648+0000] {processor.py:839} INFO - DAG(s) dict_keys(['example_sensor_decorator']) retrieved from /home/airflow/.local/lib/python3.10/site-packages/airflow/example_dags/example_sensor_decorator.py
[2024-04-14T15:47:35.659+0000] {logging_mixin.py:154} INFO - [2024-04-14T15:47:35.659+0000] {dag.py:2941} INFO - Sync 1 DAGs
[2024-04-14T15:47:35.666+0000] {logging_mixin.py:154} INFO - [2024-04-14T15:47:35.666+0000] {dag.py:3722} INFO - Setting next_dagrun for example_sensor_decorator to None, run_after=None
[2024-04-14T15:47:35.674+0000] {processor.py:179} INFO - Processing /home/airflow/.local/lib/python3.10/site-packages/airflow/example_dags/example_sensor_decorator.py took 0.033 seconds
[2024-04-14T15:48:06.298+0000] {processor.py:157} INFO - Started process (PID=240) to work on /home/airflow/.local/lib/python3.10/site-packages/airflow/example_dags/example_sensor_decorator.py
[2024-04-14T15:48:06.299+0000] {processor.py:829} INFO - Processing file /home/airflow/.local/lib/python3.10/site-packages/airflow/example_dags/example_sensor_decorator.py for tasks to queue
[2024-04-14T15:48:06.300+0000] {logging_mixin.py:154} INFO - [2024-04-14T15:48:06.300+0000] {dagbag.py:536} INFO - Filling up the DagBag from /home/airflow/.local/lib/python3.10/site-packages/airflow/example_dags/example_sensor_decorator.py
[2024-04-14T15:48:06.303+0000] {processor.py:839} INFO - DAG(s) dict_keys(['example_sensor_decorator']) retrieved from /home/airflow/.local/lib/python3.10/site-packages/airflow/example_dags/example_sensor_decorator.py
[2024-04-14T15:48:06.315+0000] {logging_mixin.py:154} INFO - [2024-04-14T15:48:06.315+0000] {dag.py:2941} INFO - Sync 1 DAGs
[2024-04-14T15:48:06.322+0000] {logging_mixin.py:154} INFO - [2024-04-14T15:48:06.322+0000] {dag.py:3722} INFO - Setting next_dagrun for example_sensor_decorator to None, run_after=None
[2024-04-14T15:48:06.331+0000] {processor.py:179} INFO - Processing /home/airflow/.local/lib/python3.10/site-packages/airflow/example_dags/example_sensor_decorator.py took 0.035 seconds
[2024-04-14T15:48:36.976+0000] {processor.py:157} INFO - Started process (PID=295) to work on /home/airflow/.local/lib/python3.10/site-packages/airflow/example_dags/example_sensor_decorator.py
[2024-04-14T15:48:36.976+0000] {processor.py:829} INFO - Processing file /home/airflow/.local/lib/python3.10/site-packages/airflow/example_dags/example_sensor_decorator.py for tasks to queue
[2024-04-14T15:48:36.978+0000] {logging_mixin.py:154} INFO - [2024-04-14T15:48:36.977+0000] {dagbag.py:536} INFO - Filling up the DagBag from /home/airflow/.local/lib/python3.10/site-packages/airflow/example_dags/example_sensor_decorator.py
[2024-04-14T15:48:36.981+0000] {processor.py:839} INFO - DAG(s) dict_keys(['example_sensor_decorator']) retrieved from /home/airflow/.local/lib/python3.10/site-packages/airflow/example_dags/example_sensor_decorator.py
[2024-04-14T15:48:36.993+0000] {logging_mixin.py:154} INFO - [2024-04-14T15:48:36.993+0000] {dag.py:2941} INFO - Sync 1 DAGs
[2024-04-14T15:48:37.001+0000] {logging_mixin.py:154} INFO - [2024-04-14T15:48:37.001+0000] {dag.py:3722} INFO - Setting next_dagrun for example_sensor_decorator to None, run_after=None
[2024-04-14T15:48:37.011+0000] {processor.py:179} INFO - Processing /home/airflow/.local/lib/python3.10/site-packages/airflow/example_dags/example_sensor_decorator.py took 0.037 seconds
[2024-04-14T15:49:07.691+0000] {processor.py:157} INFO - Started process (PID=350) to work on /home/airflow/.local/lib/python3.10/site-packages/airflow/example_dags/example_sensor_decorator.py
[2024-04-14T15:49:07.692+0000] {processor.py:829} INFO - Processing file /home/airflow/.local/lib/python3.10/site-packages/airflow/example_dags/example_sensor_decorator.py for tasks to queue
[2024-04-14T15:49:07.694+0000] {logging_mixin.py:154} INFO - [2024-04-14T15:49:07.693+0000] {dagbag.py:536} INFO - Filling up the DagBag from /home/airflow/.local/lib/python3.10/site-packages/airflow/example_dags/example_sensor_decorator.py
[2024-04-14T15:49:07.698+0000] {processor.py:839} INFO - DAG(s) dict_keys(['example_sensor_decorator']) retrieved from /home/airflow/.local/lib/python3.10/site-packages/airflow/example_dags/example_sensor_decorator.py
[2024-04-14T15:49:07.712+0000] {logging_mixin.py:154} INFO - [2024-04-14T15:49:07.712+0000] {dag.py:2941} INFO - Sync 1 DAGs
[2024-04-14T15:49:07.720+0000] {logging_mixin.py:154} INFO - [2024-04-14T15:49:07.720+0000] {dag.py:3722} INFO - Setting next_dagrun for example_sensor_decorator to None, run_after=None
[2024-04-14T15:49:07.729+0000] {processor.py:179} INFO - Processing /home/airflow/.local/lib/python3.10/site-packages/airflow/example_dags/example_sensor_decorator.py took 0.041 seconds
