[2024-04-14T15:09:25.840+0000] {processor.py:157} INFO - Started process (PID=51) to work on /home/airflow/.local/lib/python3.10/site-packages/airflow/example_dags/example_trigger_target_dag.py
[2024-04-14T15:09:25.840+0000] {processor.py:829} INFO - Processing file /home/airflow/.local/lib/python3.10/site-packages/airflow/example_dags/example_trigger_target_dag.py for tasks to queue
[2024-04-14T15:09:25.842+0000] {logging_mixin.py:154} INFO - [2024-04-14T15:09:25.841+0000] {dagbag.py:536} INFO - Filling up the DagBag from /home/airflow/.local/lib/python3.10/site-packages/airflow/example_dags/example_trigger_target_dag.py
[2024-04-14T15:09:25.848+0000] {processor.py:839} INFO - DAG(s) dict_keys(['example_trigger_target_dag']) retrieved from /home/airflow/.local/lib/python3.10/site-packages/airflow/example_dags/example_trigger_target_dag.py
[2024-04-14T15:09:25.856+0000] {logging_mixin.py:154} INFO - [2024-04-14T15:09:25.856+0000] {dag.py:2941} INFO - Sync 1 DAGs
[2024-04-14T15:09:25.868+0000] {logging_mixin.py:154} INFO - [2024-04-14T15:09:25.868+0000] {dag.py:3722} INFO - Setting next_dagrun for example_trigger_target_dag to None, run_after=None
[2024-04-14T15:09:25.878+0000] {processor.py:179} INFO - Processing /home/airflow/.local/lib/python3.10/site-packages/airflow/example_dags/example_trigger_target_dag.py took 0.041 seconds
[2024-04-14T15:09:56.622+0000] {processor.py:157} INFO - Started process (PID=105) to work on /home/airflow/.local/lib/python3.10/site-packages/airflow/example_dags/example_trigger_target_dag.py
[2024-04-14T15:09:56.623+0000] {processor.py:829} INFO - Processing file /home/airflow/.local/lib/python3.10/site-packages/airflow/example_dags/example_trigger_target_dag.py for tasks to queue
[2024-04-14T15:09:56.624+0000] {logging_mixin.py:154} INFO - [2024-04-14T15:09:56.624+0000] {dagbag.py:536} INFO - Filling up the DagBag from /home/airflow/.local/lib/python3.10/site-packages/airflow/example_dags/example_trigger_target_dag.py
[2024-04-14T15:09:56.627+0000] {processor.py:839} INFO - DAG(s) dict_keys(['example_trigger_target_dag']) retrieved from /home/airflow/.local/lib/python3.10/site-packages/airflow/example_dags/example_trigger_target_dag.py
[2024-04-14T15:09:56.639+0000] {logging_mixin.py:154} INFO - [2024-04-14T15:09:56.639+0000] {dag.py:2941} INFO - Sync 1 DAGs
[2024-04-14T15:09:56.646+0000] {logging_mixin.py:154} INFO - [2024-04-14T15:09:56.646+0000] {dag.py:3722} INFO - Setting next_dagrun for example_trigger_target_dag to None, run_after=None
[2024-04-14T15:09:56.654+0000] {processor.py:179} INFO - Processing /home/airflow/.local/lib/python3.10/site-packages/airflow/example_dags/example_trigger_target_dag.py took 0.034 seconds
[2024-04-14T15:10:27.327+0000] {processor.py:157} INFO - Started process (PID=159) to work on /home/airflow/.local/lib/python3.10/site-packages/airflow/example_dags/example_trigger_target_dag.py
[2024-04-14T15:10:27.327+0000] {processor.py:829} INFO - Processing file /home/airflow/.local/lib/python3.10/site-packages/airflow/example_dags/example_trigger_target_dag.py for tasks to queue
[2024-04-14T15:10:27.329+0000] {logging_mixin.py:154} INFO - [2024-04-14T15:10:27.328+0000] {dagbag.py:536} INFO - Filling up the DagBag from /home/airflow/.local/lib/python3.10/site-packages/airflow/example_dags/example_trigger_target_dag.py
[2024-04-14T15:10:27.332+0000] {processor.py:839} INFO - DAG(s) dict_keys(['example_trigger_target_dag']) retrieved from /home/airflow/.local/lib/python3.10/site-packages/airflow/example_dags/example_trigger_target_dag.py
[2024-04-14T15:10:27.344+0000] {logging_mixin.py:154} INFO - [2024-04-14T15:10:27.344+0000] {dag.py:2941} INFO - Sync 1 DAGs
[2024-04-14T15:10:27.351+0000] {logging_mixin.py:154} INFO - [2024-04-14T15:10:27.351+0000] {dag.py:3722} INFO - Setting next_dagrun for example_trigger_target_dag to None, run_after=None
[2024-04-14T15:10:27.359+0000] {processor.py:179} INFO - Processing /home/airflow/.local/lib/python3.10/site-packages/airflow/example_dags/example_trigger_target_dag.py took 0.034 seconds
[2024-04-14T15:10:57.912+0000] {processor.py:157} INFO - Started process (PID=213) to work on /home/airflow/.local/lib/python3.10/site-packages/airflow/example_dags/example_trigger_target_dag.py
[2024-04-14T15:10:57.913+0000] {processor.py:829} INFO - Processing file /home/airflow/.local/lib/python3.10/site-packages/airflow/example_dags/example_trigger_target_dag.py for tasks to queue
[2024-04-14T15:10:57.914+0000] {logging_mixin.py:154} INFO - [2024-04-14T15:10:57.914+0000] {dagbag.py:536} INFO - Filling up the DagBag from /home/airflow/.local/lib/python3.10/site-packages/airflow/example_dags/example_trigger_target_dag.py
[2024-04-14T15:10:57.917+0000] {processor.py:839} INFO - DAG(s) dict_keys(['example_trigger_target_dag']) retrieved from /home/airflow/.local/lib/python3.10/site-packages/airflow/example_dags/example_trigger_target_dag.py
[2024-04-14T15:10:57.929+0000] {logging_mixin.py:154} INFO - [2024-04-14T15:10:57.929+0000] {dag.py:2941} INFO - Sync 1 DAGs
[2024-04-14T15:10:57.936+0000] {logging_mixin.py:154} INFO - [2024-04-14T15:10:57.936+0000] {dag.py:3722} INFO - Setting next_dagrun for example_trigger_target_dag to None, run_after=None
[2024-04-14T15:10:57.945+0000] {processor.py:179} INFO - Processing /home/airflow/.local/lib/python3.10/site-packages/airflow/example_dags/example_trigger_target_dag.py took 0.035 seconds
[2024-04-14T15:11:28.544+0000] {processor.py:157} INFO - Started process (PID=267) to work on /home/airflow/.local/lib/python3.10/site-packages/airflow/example_dags/example_trigger_target_dag.py
[2024-04-14T15:11:28.545+0000] {processor.py:829} INFO - Processing file /home/airflow/.local/lib/python3.10/site-packages/airflow/example_dags/example_trigger_target_dag.py for tasks to queue
[2024-04-14T15:11:28.546+0000] {logging_mixin.py:154} INFO - [2024-04-14T15:11:28.546+0000] {dagbag.py:536} INFO - Filling up the DagBag from /home/airflow/.local/lib/python3.10/site-packages/airflow/example_dags/example_trigger_target_dag.py
[2024-04-14T15:11:28.549+0000] {processor.py:839} INFO - DAG(s) dict_keys(['example_trigger_target_dag']) retrieved from /home/airflow/.local/lib/python3.10/site-packages/airflow/example_dags/example_trigger_target_dag.py
[2024-04-14T15:11:28.561+0000] {logging_mixin.py:154} INFO - [2024-04-14T15:11:28.561+0000] {dag.py:2941} INFO - Sync 1 DAGs
[2024-04-14T15:11:28.568+0000] {logging_mixin.py:154} INFO - [2024-04-14T15:11:28.568+0000] {dag.py:3722} INFO - Setting next_dagrun for example_trigger_target_dag to None, run_after=None
[2024-04-14T15:11:28.577+0000] {processor.py:179} INFO - Processing /home/airflow/.local/lib/python3.10/site-packages/airflow/example_dags/example_trigger_target_dag.py took 0.035 seconds
[2024-04-14T15:11:59.338+0000] {processor.py:157} INFO - Started process (PID=321) to work on /home/airflow/.local/lib/python3.10/site-packages/airflow/example_dags/example_trigger_target_dag.py
[2024-04-14T15:11:59.339+0000] {processor.py:829} INFO - Processing file /home/airflow/.local/lib/python3.10/site-packages/airflow/example_dags/example_trigger_target_dag.py for tasks to queue
[2024-04-14T15:11:59.340+0000] {logging_mixin.py:154} INFO - [2024-04-14T15:11:59.340+0000] {dagbag.py:536} INFO - Filling up the DagBag from /home/airflow/.local/lib/python3.10/site-packages/airflow/example_dags/example_trigger_target_dag.py
[2024-04-14T15:11:59.344+0000] {processor.py:839} INFO - DAG(s) dict_keys(['example_trigger_target_dag']) retrieved from /home/airflow/.local/lib/python3.10/site-packages/airflow/example_dags/example_trigger_target_dag.py
[2024-04-14T15:11:59.356+0000] {logging_mixin.py:154} INFO - [2024-04-14T15:11:59.355+0000] {dag.py:2941} INFO - Sync 1 DAGs
[2024-04-14T15:11:59.363+0000] {logging_mixin.py:154} INFO - [2024-04-14T15:11:59.363+0000] {dag.py:3722} INFO - Setting next_dagrun for example_trigger_target_dag to None, run_after=None
[2024-04-14T15:11:59.371+0000] {processor.py:179} INFO - Processing /home/airflow/.local/lib/python3.10/site-packages/airflow/example_dags/example_trigger_target_dag.py took 0.035 seconds
[2024-04-14T15:12:30.044+0000] {processor.py:157} INFO - Started process (PID=375) to work on /home/airflow/.local/lib/python3.10/site-packages/airflow/example_dags/example_trigger_target_dag.py
[2024-04-14T15:12:30.044+0000] {processor.py:829} INFO - Processing file /home/airflow/.local/lib/python3.10/site-packages/airflow/example_dags/example_trigger_target_dag.py for tasks to queue
[2024-04-14T15:12:30.045+0000] {logging_mixin.py:154} INFO - [2024-04-14T15:12:30.045+0000] {dagbag.py:536} INFO - Filling up the DagBag from /home/airflow/.local/lib/python3.10/site-packages/airflow/example_dags/example_trigger_target_dag.py
[2024-04-14T15:12:30.049+0000] {processor.py:839} INFO - DAG(s) dict_keys(['example_trigger_target_dag']) retrieved from /home/airflow/.local/lib/python3.10/site-packages/airflow/example_dags/example_trigger_target_dag.py
[2024-04-14T15:12:30.060+0000] {logging_mixin.py:154} INFO - [2024-04-14T15:12:30.060+0000] {dag.py:2941} INFO - Sync 1 DAGs
[2024-04-14T15:12:30.066+0000] {logging_mixin.py:154} INFO - [2024-04-14T15:12:30.066+0000] {dag.py:3722} INFO - Setting next_dagrun for example_trigger_target_dag to None, run_after=None
[2024-04-14T15:12:30.075+0000] {processor.py:179} INFO - Processing /home/airflow/.local/lib/python3.10/site-packages/airflow/example_dags/example_trigger_target_dag.py took 0.034 seconds
[2024-04-14T15:13:00.840+0000] {processor.py:157} INFO - Started process (PID=429) to work on /home/airflow/.local/lib/python3.10/site-packages/airflow/example_dags/example_trigger_target_dag.py
[2024-04-14T15:13:00.841+0000] {processor.py:829} INFO - Processing file /home/airflow/.local/lib/python3.10/site-packages/airflow/example_dags/example_trigger_target_dag.py for tasks to queue
[2024-04-14T15:13:00.842+0000] {logging_mixin.py:154} INFO - [2024-04-14T15:13:00.842+0000] {dagbag.py:536} INFO - Filling up the DagBag from /home/airflow/.local/lib/python3.10/site-packages/airflow/example_dags/example_trigger_target_dag.py
[2024-04-14T15:13:00.846+0000] {processor.py:839} INFO - DAG(s) dict_keys(['example_trigger_target_dag']) retrieved from /home/airflow/.local/lib/python3.10/site-packages/airflow/example_dags/example_trigger_target_dag.py
[2024-04-14T15:13:00.858+0000] {logging_mixin.py:154} INFO - [2024-04-14T15:13:00.858+0000] {dag.py:2941} INFO - Sync 1 DAGs
[2024-04-14T15:13:00.865+0000] {logging_mixin.py:154} INFO - [2024-04-14T15:13:00.865+0000] {dag.py:3722} INFO - Setting next_dagrun for example_trigger_target_dag to None, run_after=None
[2024-04-14T15:13:00.874+0000] {processor.py:179} INFO - Processing /home/airflow/.local/lib/python3.10/site-packages/airflow/example_dags/example_trigger_target_dag.py took 0.036 seconds
[2024-04-14T15:13:31.601+0000] {processor.py:157} INFO - Started process (PID=483) to work on /home/airflow/.local/lib/python3.10/site-packages/airflow/example_dags/example_trigger_target_dag.py
[2024-04-14T15:13:31.601+0000] {processor.py:829} INFO - Processing file /home/airflow/.local/lib/python3.10/site-packages/airflow/example_dags/example_trigger_target_dag.py for tasks to queue
[2024-04-14T15:13:31.602+0000] {logging_mixin.py:154} INFO - [2024-04-14T15:13:31.602+0000] {dagbag.py:536} INFO - Filling up the DagBag from /home/airflow/.local/lib/python3.10/site-packages/airflow/example_dags/example_trigger_target_dag.py
[2024-04-14T15:13:31.606+0000] {processor.py:839} INFO - DAG(s) dict_keys(['example_trigger_target_dag']) retrieved from /home/airflow/.local/lib/python3.10/site-packages/airflow/example_dags/example_trigger_target_dag.py
[2024-04-14T15:13:31.618+0000] {logging_mixin.py:154} INFO - [2024-04-14T15:13:31.618+0000] {dag.py:2941} INFO - Sync 1 DAGs
[2024-04-14T15:13:31.625+0000] {logging_mixin.py:154} INFO - [2024-04-14T15:13:31.625+0000] {dag.py:3722} INFO - Setting next_dagrun for example_trigger_target_dag to None, run_after=None
[2024-04-14T15:13:31.634+0000] {processor.py:179} INFO - Processing /home/airflow/.local/lib/python3.10/site-packages/airflow/example_dags/example_trigger_target_dag.py took 0.035 seconds
[2024-04-14T15:14:02.286+0000] {processor.py:157} INFO - Started process (PID=537) to work on /home/airflow/.local/lib/python3.10/site-packages/airflow/example_dags/example_trigger_target_dag.py
[2024-04-14T15:14:02.287+0000] {processor.py:829} INFO - Processing file /home/airflow/.local/lib/python3.10/site-packages/airflow/example_dags/example_trigger_target_dag.py for tasks to queue
[2024-04-14T15:14:02.288+0000] {logging_mixin.py:154} INFO - [2024-04-14T15:14:02.288+0000] {dagbag.py:536} INFO - Filling up the DagBag from /home/airflow/.local/lib/python3.10/site-packages/airflow/example_dags/example_trigger_target_dag.py
[2024-04-14T15:14:02.291+0000] {processor.py:839} INFO - DAG(s) dict_keys(['example_trigger_target_dag']) retrieved from /home/airflow/.local/lib/python3.10/site-packages/airflow/example_dags/example_trigger_target_dag.py
[2024-04-14T15:14:02.303+0000] {logging_mixin.py:154} INFO - [2024-04-14T15:14:02.303+0000] {dag.py:2941} INFO - Sync 1 DAGs
[2024-04-14T15:14:02.310+0000] {logging_mixin.py:154} INFO - [2024-04-14T15:14:02.310+0000] {dag.py:3722} INFO - Setting next_dagrun for example_trigger_target_dag to None, run_after=None
[2024-04-14T15:14:02.318+0000] {processor.py:179} INFO - Processing /home/airflow/.local/lib/python3.10/site-packages/airflow/example_dags/example_trigger_target_dag.py took 0.034 seconds
[2024-04-14T15:14:32.883+0000] {processor.py:157} INFO - Started process (PID=591) to work on /home/airflow/.local/lib/python3.10/site-packages/airflow/example_dags/example_trigger_target_dag.py
[2024-04-14T15:14:32.884+0000] {processor.py:829} INFO - Processing file /home/airflow/.local/lib/python3.10/site-packages/airflow/example_dags/example_trigger_target_dag.py for tasks to queue
[2024-04-14T15:14:32.885+0000] {logging_mixin.py:154} INFO - [2024-04-14T15:14:32.884+0000] {dagbag.py:536} INFO - Filling up the DagBag from /home/airflow/.local/lib/python3.10/site-packages/airflow/example_dags/example_trigger_target_dag.py
[2024-04-14T15:14:32.888+0000] {processor.py:839} INFO - DAG(s) dict_keys(['example_trigger_target_dag']) retrieved from /home/airflow/.local/lib/python3.10/site-packages/airflow/example_dags/example_trigger_target_dag.py
[2024-04-14T15:14:32.901+0000] {logging_mixin.py:154} INFO - [2024-04-14T15:14:32.900+0000] {dag.py:2941} INFO - Sync 1 DAGs
[2024-04-14T15:14:32.907+0000] {logging_mixin.py:154} INFO - [2024-04-14T15:14:32.907+0000] {dag.py:3722} INFO - Setting next_dagrun for example_trigger_target_dag to None, run_after=None
[2024-04-14T15:14:32.916+0000] {processor.py:179} INFO - Processing /home/airflow/.local/lib/python3.10/site-packages/airflow/example_dags/example_trigger_target_dag.py took 0.035 seconds
[2024-04-14T15:15:03.595+0000] {processor.py:157} INFO - Started process (PID=645) to work on /home/airflow/.local/lib/python3.10/site-packages/airflow/example_dags/example_trigger_target_dag.py
[2024-04-14T15:15:03.596+0000] {processor.py:829} INFO - Processing file /home/airflow/.local/lib/python3.10/site-packages/airflow/example_dags/example_trigger_target_dag.py for tasks to queue
[2024-04-14T15:15:03.597+0000] {logging_mixin.py:154} INFO - [2024-04-14T15:15:03.597+0000] {dagbag.py:536} INFO - Filling up the DagBag from /home/airflow/.local/lib/python3.10/site-packages/airflow/example_dags/example_trigger_target_dag.py
[2024-04-14T15:15:03.600+0000] {processor.py:839} INFO - DAG(s) dict_keys(['example_trigger_target_dag']) retrieved from /home/airflow/.local/lib/python3.10/site-packages/airflow/example_dags/example_trigger_target_dag.py
[2024-04-14T15:15:03.612+0000] {logging_mixin.py:154} INFO - [2024-04-14T15:15:03.612+0000] {dag.py:2941} INFO - Sync 1 DAGs
[2024-04-14T15:15:03.619+0000] {logging_mixin.py:154} INFO - [2024-04-14T15:15:03.619+0000] {dag.py:3722} INFO - Setting next_dagrun for example_trigger_target_dag to None, run_after=None
[2024-04-14T15:15:03.628+0000] {processor.py:179} INFO - Processing /home/airflow/.local/lib/python3.10/site-packages/airflow/example_dags/example_trigger_target_dag.py took 0.034 seconds
[2024-04-14T15:15:34.128+0000] {processor.py:157} INFO - Started process (PID=699) to work on /home/airflow/.local/lib/python3.10/site-packages/airflow/example_dags/example_trigger_target_dag.py
[2024-04-14T15:15:34.128+0000] {processor.py:829} INFO - Processing file /home/airflow/.local/lib/python3.10/site-packages/airflow/example_dags/example_trigger_target_dag.py for tasks to queue
[2024-04-14T15:15:34.129+0000] {logging_mixin.py:154} INFO - [2024-04-14T15:15:34.129+0000] {dagbag.py:536} INFO - Filling up the DagBag from /home/airflow/.local/lib/python3.10/site-packages/airflow/example_dags/example_trigger_target_dag.py
[2024-04-14T15:15:34.133+0000] {processor.py:839} INFO - DAG(s) dict_keys(['example_trigger_target_dag']) retrieved from /home/airflow/.local/lib/python3.10/site-packages/airflow/example_dags/example_trigger_target_dag.py
[2024-04-14T15:15:34.145+0000] {logging_mixin.py:154} INFO - [2024-04-14T15:15:34.145+0000] {dag.py:2941} INFO - Sync 1 DAGs
[2024-04-14T15:15:34.152+0000] {logging_mixin.py:154} INFO - [2024-04-14T15:15:34.152+0000] {dag.py:3722} INFO - Setting next_dagrun for example_trigger_target_dag to None, run_after=None
[2024-04-14T15:15:34.160+0000] {processor.py:179} INFO - Processing /home/airflow/.local/lib/python3.10/site-packages/airflow/example_dags/example_trigger_target_dag.py took 0.034 seconds
[2024-04-14T15:16:04.843+0000] {processor.py:157} INFO - Started process (PID=753) to work on /home/airflow/.local/lib/python3.10/site-packages/airflow/example_dags/example_trigger_target_dag.py
[2024-04-14T15:16:04.843+0000] {processor.py:829} INFO - Processing file /home/airflow/.local/lib/python3.10/site-packages/airflow/example_dags/example_trigger_target_dag.py for tasks to queue
[2024-04-14T15:16:04.844+0000] {logging_mixin.py:154} INFO - [2024-04-14T15:16:04.844+0000] {dagbag.py:536} INFO - Filling up the DagBag from /home/airflow/.local/lib/python3.10/site-packages/airflow/example_dags/example_trigger_target_dag.py
[2024-04-14T15:16:04.847+0000] {processor.py:839} INFO - DAG(s) dict_keys(['example_trigger_target_dag']) retrieved from /home/airflow/.local/lib/python3.10/site-packages/airflow/example_dags/example_trigger_target_dag.py
[2024-04-14T15:16:04.859+0000] {logging_mixin.py:154} INFO - [2024-04-14T15:16:04.859+0000] {dag.py:2941} INFO - Sync 1 DAGs
[2024-04-14T15:16:04.866+0000] {logging_mixin.py:154} INFO - [2024-04-14T15:16:04.866+0000] {dag.py:3722} INFO - Setting next_dagrun for example_trigger_target_dag to None, run_after=None
[2024-04-14T15:16:04.874+0000] {processor.py:179} INFO - Processing /home/airflow/.local/lib/python3.10/site-packages/airflow/example_dags/example_trigger_target_dag.py took 0.033 seconds
[2024-04-14T15:16:35.560+0000] {processor.py:157} INFO - Started process (PID=807) to work on /home/airflow/.local/lib/python3.10/site-packages/airflow/example_dags/example_trigger_target_dag.py
[2024-04-14T15:16:35.561+0000] {processor.py:829} INFO - Processing file /home/airflow/.local/lib/python3.10/site-packages/airflow/example_dags/example_trigger_target_dag.py for tasks to queue
[2024-04-14T15:16:35.562+0000] {logging_mixin.py:154} INFO - [2024-04-14T15:16:35.562+0000] {dagbag.py:536} INFO - Filling up the DagBag from /home/airflow/.local/lib/python3.10/site-packages/airflow/example_dags/example_trigger_target_dag.py
[2024-04-14T15:16:35.565+0000] {processor.py:839} INFO - DAG(s) dict_keys(['example_trigger_target_dag']) retrieved from /home/airflow/.local/lib/python3.10/site-packages/airflow/example_dags/example_trigger_target_dag.py
[2024-04-14T15:16:35.577+0000] {logging_mixin.py:154} INFO - [2024-04-14T15:16:35.577+0000] {dag.py:2941} INFO - Sync 1 DAGs
[2024-04-14T15:16:35.584+0000] {logging_mixin.py:154} INFO - [2024-04-14T15:16:35.584+0000] {dag.py:3722} INFO - Setting next_dagrun for example_trigger_target_dag to None, run_after=None
[2024-04-14T15:16:35.592+0000] {processor.py:179} INFO - Processing /home/airflow/.local/lib/python3.10/site-packages/airflow/example_dags/example_trigger_target_dag.py took 0.034 seconds
[2024-04-14T15:17:06.311+0000] {processor.py:157} INFO - Started process (PID=861) to work on /home/airflow/.local/lib/python3.10/site-packages/airflow/example_dags/example_trigger_target_dag.py
[2024-04-14T15:17:06.312+0000] {processor.py:829} INFO - Processing file /home/airflow/.local/lib/python3.10/site-packages/airflow/example_dags/example_trigger_target_dag.py for tasks to queue
[2024-04-14T15:17:06.313+0000] {logging_mixin.py:154} INFO - [2024-04-14T15:17:06.313+0000] {dagbag.py:536} INFO - Filling up the DagBag from /home/airflow/.local/lib/python3.10/site-packages/airflow/example_dags/example_trigger_target_dag.py
[2024-04-14T15:17:06.316+0000] {processor.py:839} INFO - DAG(s) dict_keys(['example_trigger_target_dag']) retrieved from /home/airflow/.local/lib/python3.10/site-packages/airflow/example_dags/example_trigger_target_dag.py
[2024-04-14T15:17:06.328+0000] {logging_mixin.py:154} INFO - [2024-04-14T15:17:06.328+0000] {dag.py:2941} INFO - Sync 1 DAGs
[2024-04-14T15:17:06.335+0000] {logging_mixin.py:154} INFO - [2024-04-14T15:17:06.335+0000] {dag.py:3722} INFO - Setting next_dagrun for example_trigger_target_dag to None, run_after=None
[2024-04-14T15:17:06.343+0000] {processor.py:179} INFO - Processing /home/airflow/.local/lib/python3.10/site-packages/airflow/example_dags/example_trigger_target_dag.py took 0.034 seconds
[2024-04-14T15:17:36.936+0000] {processor.py:157} INFO - Started process (PID=915) to work on /home/airflow/.local/lib/python3.10/site-packages/airflow/example_dags/example_trigger_target_dag.py
[2024-04-14T15:17:36.937+0000] {processor.py:829} INFO - Processing file /home/airflow/.local/lib/python3.10/site-packages/airflow/example_dags/example_trigger_target_dag.py for tasks to queue
[2024-04-14T15:17:36.938+0000] {logging_mixin.py:154} INFO - [2024-04-14T15:17:36.938+0000] {dagbag.py:536} INFO - Filling up the DagBag from /home/airflow/.local/lib/python3.10/site-packages/airflow/example_dags/example_trigger_target_dag.py
[2024-04-14T15:17:36.941+0000] {processor.py:839} INFO - DAG(s) dict_keys(['example_trigger_target_dag']) retrieved from /home/airflow/.local/lib/python3.10/site-packages/airflow/example_dags/example_trigger_target_dag.py
[2024-04-14T15:17:36.953+0000] {logging_mixin.py:154} INFO - [2024-04-14T15:17:36.953+0000] {dag.py:2941} INFO - Sync 1 DAGs
[2024-04-14T15:17:36.960+0000] {logging_mixin.py:154} INFO - [2024-04-14T15:17:36.960+0000] {dag.py:3722} INFO - Setting next_dagrun for example_trigger_target_dag to None, run_after=None
[2024-04-14T15:17:36.968+0000] {processor.py:179} INFO - Processing /home/airflow/.local/lib/python3.10/site-packages/airflow/example_dags/example_trigger_target_dag.py took 0.034 seconds
[2024-04-14T15:18:07.548+0000] {processor.py:157} INFO - Started process (PID=969) to work on /home/airflow/.local/lib/python3.10/site-packages/airflow/example_dags/example_trigger_target_dag.py
[2024-04-14T15:18:07.548+0000] {processor.py:829} INFO - Processing file /home/airflow/.local/lib/python3.10/site-packages/airflow/example_dags/example_trigger_target_dag.py for tasks to queue
[2024-04-14T15:18:07.549+0000] {logging_mixin.py:154} INFO - [2024-04-14T15:18:07.549+0000] {dagbag.py:536} INFO - Filling up the DagBag from /home/airflow/.local/lib/python3.10/site-packages/airflow/example_dags/example_trigger_target_dag.py
[2024-04-14T15:18:07.553+0000] {processor.py:839} INFO - DAG(s) dict_keys(['example_trigger_target_dag']) retrieved from /home/airflow/.local/lib/python3.10/site-packages/airflow/example_dags/example_trigger_target_dag.py
[2024-04-14T15:18:07.565+0000] {logging_mixin.py:154} INFO - [2024-04-14T15:18:07.565+0000] {dag.py:2941} INFO - Sync 1 DAGs
[2024-04-14T15:18:07.572+0000] {logging_mixin.py:154} INFO - [2024-04-14T15:18:07.572+0000] {dag.py:3722} INFO - Setting next_dagrun for example_trigger_target_dag to None, run_after=None
[2024-04-14T15:18:07.580+0000] {processor.py:179} INFO - Processing /home/airflow/.local/lib/python3.10/site-packages/airflow/example_dags/example_trigger_target_dag.py took 0.034 seconds
[2024-04-14T15:18:38.190+0000] {processor.py:157} INFO - Started process (PID=1023) to work on /home/airflow/.local/lib/python3.10/site-packages/airflow/example_dags/example_trigger_target_dag.py
[2024-04-14T15:18:38.191+0000] {processor.py:829} INFO - Processing file /home/airflow/.local/lib/python3.10/site-packages/airflow/example_dags/example_trigger_target_dag.py for tasks to queue
[2024-04-14T15:18:38.192+0000] {logging_mixin.py:154} INFO - [2024-04-14T15:18:38.192+0000] {dagbag.py:536} INFO - Filling up the DagBag from /home/airflow/.local/lib/python3.10/site-packages/airflow/example_dags/example_trigger_target_dag.py
[2024-04-14T15:18:38.195+0000] {processor.py:839} INFO - DAG(s) dict_keys(['example_trigger_target_dag']) retrieved from /home/airflow/.local/lib/python3.10/site-packages/airflow/example_dags/example_trigger_target_dag.py
[2024-04-14T15:18:38.207+0000] {logging_mixin.py:154} INFO - [2024-04-14T15:18:38.207+0000] {dag.py:2941} INFO - Sync 1 DAGs
[2024-04-14T15:18:38.214+0000] {logging_mixin.py:154} INFO - [2024-04-14T15:18:38.213+0000] {dag.py:3722} INFO - Setting next_dagrun for example_trigger_target_dag to None, run_after=None
[2024-04-14T15:18:38.222+0000] {processor.py:179} INFO - Processing /home/airflow/.local/lib/python3.10/site-packages/airflow/example_dags/example_trigger_target_dag.py took 0.034 seconds
[2024-04-14T15:19:08.975+0000] {processor.py:157} INFO - Started process (PID=1077) to work on /home/airflow/.local/lib/python3.10/site-packages/airflow/example_dags/example_trigger_target_dag.py
[2024-04-14T15:19:08.976+0000] {processor.py:829} INFO - Processing file /home/airflow/.local/lib/python3.10/site-packages/airflow/example_dags/example_trigger_target_dag.py for tasks to queue
[2024-04-14T15:19:08.977+0000] {logging_mixin.py:154} INFO - [2024-04-14T15:19:08.977+0000] {dagbag.py:536} INFO - Filling up the DagBag from /home/airflow/.local/lib/python3.10/site-packages/airflow/example_dags/example_trigger_target_dag.py
[2024-04-14T15:19:08.981+0000] {processor.py:839} INFO - DAG(s) dict_keys(['example_trigger_target_dag']) retrieved from /home/airflow/.local/lib/python3.10/site-packages/airflow/example_dags/example_trigger_target_dag.py
[2024-04-14T15:19:08.993+0000] {logging_mixin.py:154} INFO - [2024-04-14T15:19:08.993+0000] {dag.py:2941} INFO - Sync 1 DAGs
[2024-04-14T15:19:09.000+0000] {logging_mixin.py:154} INFO - [2024-04-14T15:19:09.000+0000] {dag.py:3722} INFO - Setting next_dagrun for example_trigger_target_dag to None, run_after=None
[2024-04-14T15:19:09.009+0000] {processor.py:179} INFO - Processing /home/airflow/.local/lib/python3.10/site-packages/airflow/example_dags/example_trigger_target_dag.py took 0.035 seconds
[2024-04-14T15:19:39.680+0000] {processor.py:157} INFO - Started process (PID=1131) to work on /home/airflow/.local/lib/python3.10/site-packages/airflow/example_dags/example_trigger_target_dag.py
[2024-04-14T15:19:39.680+0000] {processor.py:829} INFO - Processing file /home/airflow/.local/lib/python3.10/site-packages/airflow/example_dags/example_trigger_target_dag.py for tasks to queue
[2024-04-14T15:19:39.681+0000] {logging_mixin.py:154} INFO - [2024-04-14T15:19:39.681+0000] {dagbag.py:536} INFO - Filling up the DagBag from /home/airflow/.local/lib/python3.10/site-packages/airflow/example_dags/example_trigger_target_dag.py
[2024-04-14T15:19:39.685+0000] {processor.py:839} INFO - DAG(s) dict_keys(['example_trigger_target_dag']) retrieved from /home/airflow/.local/lib/python3.10/site-packages/airflow/example_dags/example_trigger_target_dag.py
[2024-04-14T15:19:39.696+0000] {logging_mixin.py:154} INFO - [2024-04-14T15:19:39.696+0000] {dag.py:2941} INFO - Sync 1 DAGs
[2024-04-14T15:19:39.703+0000] {logging_mixin.py:154} INFO - [2024-04-14T15:19:39.703+0000] {dag.py:3722} INFO - Setting next_dagrun for example_trigger_target_dag to None, run_after=None
[2024-04-14T15:19:39.711+0000] {processor.py:179} INFO - Processing /home/airflow/.local/lib/python3.10/site-packages/airflow/example_dags/example_trigger_target_dag.py took 0.033 seconds
[2024-04-14T15:20:10.250+0000] {processor.py:157} INFO - Started process (PID=1185) to work on /home/airflow/.local/lib/python3.10/site-packages/airflow/example_dags/example_trigger_target_dag.py
[2024-04-14T15:20:10.250+0000] {processor.py:829} INFO - Processing file /home/airflow/.local/lib/python3.10/site-packages/airflow/example_dags/example_trigger_target_dag.py for tasks to queue
[2024-04-14T15:20:10.251+0000] {logging_mixin.py:154} INFO - [2024-04-14T15:20:10.251+0000] {dagbag.py:536} INFO - Filling up the DagBag from /home/airflow/.local/lib/python3.10/site-packages/airflow/example_dags/example_trigger_target_dag.py
[2024-04-14T15:20:10.255+0000] {processor.py:839} INFO - DAG(s) dict_keys(['example_trigger_target_dag']) retrieved from /home/airflow/.local/lib/python3.10/site-packages/airflow/example_dags/example_trigger_target_dag.py
[2024-04-14T15:20:10.267+0000] {logging_mixin.py:154} INFO - [2024-04-14T15:20:10.267+0000] {dag.py:2941} INFO - Sync 1 DAGs
[2024-04-14T15:20:10.274+0000] {logging_mixin.py:154} INFO - [2024-04-14T15:20:10.274+0000] {dag.py:3722} INFO - Setting next_dagrun for example_trigger_target_dag to None, run_after=None
[2024-04-14T15:20:10.283+0000] {processor.py:179} INFO - Processing /home/airflow/.local/lib/python3.10/site-packages/airflow/example_dags/example_trigger_target_dag.py took 0.035 seconds
[2024-04-14T15:20:41.011+0000] {processor.py:157} INFO - Started process (PID=1239) to work on /home/airflow/.local/lib/python3.10/site-packages/airflow/example_dags/example_trigger_target_dag.py
[2024-04-14T15:20:41.011+0000] {processor.py:829} INFO - Processing file /home/airflow/.local/lib/python3.10/site-packages/airflow/example_dags/example_trigger_target_dag.py for tasks to queue
[2024-04-14T15:20:41.013+0000] {logging_mixin.py:154} INFO - [2024-04-14T15:20:41.012+0000] {dagbag.py:536} INFO - Filling up the DagBag from /home/airflow/.local/lib/python3.10/site-packages/airflow/example_dags/example_trigger_target_dag.py
[2024-04-14T15:20:41.016+0000] {processor.py:839} INFO - DAG(s) dict_keys(['example_trigger_target_dag']) retrieved from /home/airflow/.local/lib/python3.10/site-packages/airflow/example_dags/example_trigger_target_dag.py
[2024-04-14T15:20:41.028+0000] {logging_mixin.py:154} INFO - [2024-04-14T15:20:41.028+0000] {dag.py:2941} INFO - Sync 1 DAGs
[2024-04-14T15:20:41.035+0000] {logging_mixin.py:154} INFO - [2024-04-14T15:20:41.035+0000] {dag.py:3722} INFO - Setting next_dagrun for example_trigger_target_dag to None, run_after=None
[2024-04-14T15:20:41.043+0000] {processor.py:179} INFO - Processing /home/airflow/.local/lib/python3.10/site-packages/airflow/example_dags/example_trigger_target_dag.py took 0.034 seconds
[2024-04-14T15:21:11.646+0000] {processor.py:157} INFO - Started process (PID=1293) to work on /home/airflow/.local/lib/python3.10/site-packages/airflow/example_dags/example_trigger_target_dag.py
[2024-04-14T15:21:11.647+0000] {processor.py:829} INFO - Processing file /home/airflow/.local/lib/python3.10/site-packages/airflow/example_dags/example_trigger_target_dag.py for tasks to queue
[2024-04-14T15:21:11.648+0000] {logging_mixin.py:154} INFO - [2024-04-14T15:21:11.648+0000] {dagbag.py:536} INFO - Filling up the DagBag from /home/airflow/.local/lib/python3.10/site-packages/airflow/example_dags/example_trigger_target_dag.py
[2024-04-14T15:21:11.651+0000] {processor.py:839} INFO - DAG(s) dict_keys(['example_trigger_target_dag']) retrieved from /home/airflow/.local/lib/python3.10/site-packages/airflow/example_dags/example_trigger_target_dag.py
[2024-04-14T15:21:11.664+0000] {logging_mixin.py:154} INFO - [2024-04-14T15:21:11.664+0000] {dag.py:2941} INFO - Sync 1 DAGs
[2024-04-14T15:21:11.671+0000] {logging_mixin.py:154} INFO - [2024-04-14T15:21:11.671+0000] {dag.py:3722} INFO - Setting next_dagrun for example_trigger_target_dag to None, run_after=None
[2024-04-14T15:21:11.679+0000] {processor.py:179} INFO - Processing /home/airflow/.local/lib/python3.10/site-packages/airflow/example_dags/example_trigger_target_dag.py took 0.035 seconds
[2024-04-14T15:21:42.240+0000] {processor.py:157} INFO - Started process (PID=1347) to work on /home/airflow/.local/lib/python3.10/site-packages/airflow/example_dags/example_trigger_target_dag.py
[2024-04-14T15:21:42.241+0000] {processor.py:829} INFO - Processing file /home/airflow/.local/lib/python3.10/site-packages/airflow/example_dags/example_trigger_target_dag.py for tasks to queue
[2024-04-14T15:21:42.242+0000] {logging_mixin.py:154} INFO - [2024-04-14T15:21:42.242+0000] {dagbag.py:536} INFO - Filling up the DagBag from /home/airflow/.local/lib/python3.10/site-packages/airflow/example_dags/example_trigger_target_dag.py
[2024-04-14T15:21:42.245+0000] {processor.py:839} INFO - DAG(s) dict_keys(['example_trigger_target_dag']) retrieved from /home/airflow/.local/lib/python3.10/site-packages/airflow/example_dags/example_trigger_target_dag.py
[2024-04-14T15:21:42.256+0000] {logging_mixin.py:154} INFO - [2024-04-14T15:21:42.256+0000] {dag.py:2941} INFO - Sync 1 DAGs
[2024-04-14T15:21:42.264+0000] {logging_mixin.py:154} INFO - [2024-04-14T15:21:42.263+0000] {dag.py:3722} INFO - Setting next_dagrun for example_trigger_target_dag to None, run_after=None
[2024-04-14T15:21:42.272+0000] {processor.py:179} INFO - Processing /home/airflow/.local/lib/python3.10/site-packages/airflow/example_dags/example_trigger_target_dag.py took 0.034 seconds
[2024-04-14T15:22:12.948+0000] {processor.py:157} INFO - Started process (PID=1401) to work on /home/airflow/.local/lib/python3.10/site-packages/airflow/example_dags/example_trigger_target_dag.py
[2024-04-14T15:22:12.949+0000] {processor.py:829} INFO - Processing file /home/airflow/.local/lib/python3.10/site-packages/airflow/example_dags/example_trigger_target_dag.py for tasks to queue
[2024-04-14T15:22:12.950+0000] {logging_mixin.py:154} INFO - [2024-04-14T15:22:12.950+0000] {dagbag.py:536} INFO - Filling up the DagBag from /home/airflow/.local/lib/python3.10/site-packages/airflow/example_dags/example_trigger_target_dag.py
[2024-04-14T15:22:12.953+0000] {processor.py:839} INFO - DAG(s) dict_keys(['example_trigger_target_dag']) retrieved from /home/airflow/.local/lib/python3.10/site-packages/airflow/example_dags/example_trigger_target_dag.py
[2024-04-14T15:22:12.965+0000] {logging_mixin.py:154} INFO - [2024-04-14T15:22:12.965+0000] {dag.py:2941} INFO - Sync 1 DAGs
[2024-04-14T15:22:12.972+0000] {logging_mixin.py:154} INFO - [2024-04-14T15:22:12.972+0000] {dag.py:3722} INFO - Setting next_dagrun for example_trigger_target_dag to None, run_after=None
[2024-04-14T15:22:12.980+0000] {processor.py:179} INFO - Processing /home/airflow/.local/lib/python3.10/site-packages/airflow/example_dags/example_trigger_target_dag.py took 0.035 seconds
[2024-04-14T15:22:43.653+0000] {processor.py:157} INFO - Started process (PID=1455) to work on /home/airflow/.local/lib/python3.10/site-packages/airflow/example_dags/example_trigger_target_dag.py
[2024-04-14T15:22:43.654+0000] {processor.py:829} INFO - Processing file /home/airflow/.local/lib/python3.10/site-packages/airflow/example_dags/example_trigger_target_dag.py for tasks to queue
[2024-04-14T15:22:43.655+0000] {logging_mixin.py:154} INFO - [2024-04-14T15:22:43.655+0000] {dagbag.py:536} INFO - Filling up the DagBag from /home/airflow/.local/lib/python3.10/site-packages/airflow/example_dags/example_trigger_target_dag.py
[2024-04-14T15:22:43.658+0000] {processor.py:839} INFO - DAG(s) dict_keys(['example_trigger_target_dag']) retrieved from /home/airflow/.local/lib/python3.10/site-packages/airflow/example_dags/example_trigger_target_dag.py
[2024-04-14T15:22:43.671+0000] {logging_mixin.py:154} INFO - [2024-04-14T15:22:43.671+0000] {dag.py:2941} INFO - Sync 1 DAGs
[2024-04-14T15:22:43.678+0000] {logging_mixin.py:154} INFO - [2024-04-14T15:22:43.678+0000] {dag.py:3722} INFO - Setting next_dagrun for example_trigger_target_dag to None, run_after=None
[2024-04-14T15:22:43.687+0000] {processor.py:179} INFO - Processing /home/airflow/.local/lib/python3.10/site-packages/airflow/example_dags/example_trigger_target_dag.py took 0.036 seconds
[2024-04-14T15:23:14.463+0000] {processor.py:157} INFO - Started process (PID=1509) to work on /home/airflow/.local/lib/python3.10/site-packages/airflow/example_dags/example_trigger_target_dag.py
[2024-04-14T15:23:14.464+0000] {processor.py:829} INFO - Processing file /home/airflow/.local/lib/python3.10/site-packages/airflow/example_dags/example_trigger_target_dag.py for tasks to queue
[2024-04-14T15:23:14.465+0000] {logging_mixin.py:154} INFO - [2024-04-14T15:23:14.465+0000] {dagbag.py:536} INFO - Filling up the DagBag from /home/airflow/.local/lib/python3.10/site-packages/airflow/example_dags/example_trigger_target_dag.py
[2024-04-14T15:23:14.468+0000] {processor.py:839} INFO - DAG(s) dict_keys(['example_trigger_target_dag']) retrieved from /home/airflow/.local/lib/python3.10/site-packages/airflow/example_dags/example_trigger_target_dag.py
[2024-04-14T15:23:14.480+0000] {logging_mixin.py:154} INFO - [2024-04-14T15:23:14.480+0000] {dag.py:2941} INFO - Sync 1 DAGs
[2024-04-14T15:23:14.487+0000] {logging_mixin.py:154} INFO - [2024-04-14T15:23:14.487+0000] {dag.py:3722} INFO - Setting next_dagrun for example_trigger_target_dag to None, run_after=None
[2024-04-14T15:23:14.496+0000] {processor.py:179} INFO - Processing /home/airflow/.local/lib/python3.10/site-packages/airflow/example_dags/example_trigger_target_dag.py took 0.035 seconds
[2024-04-14T15:23:45.277+0000] {processor.py:157} INFO - Started process (PID=1563) to work on /home/airflow/.local/lib/python3.10/site-packages/airflow/example_dags/example_trigger_target_dag.py
[2024-04-14T15:23:45.277+0000] {processor.py:829} INFO - Processing file /home/airflow/.local/lib/python3.10/site-packages/airflow/example_dags/example_trigger_target_dag.py for tasks to queue
[2024-04-14T15:23:45.278+0000] {logging_mixin.py:154} INFO - [2024-04-14T15:23:45.278+0000] {dagbag.py:536} INFO - Filling up the DagBag from /home/airflow/.local/lib/python3.10/site-packages/airflow/example_dags/example_trigger_target_dag.py
[2024-04-14T15:23:45.282+0000] {processor.py:839} INFO - DAG(s) dict_keys(['example_trigger_target_dag']) retrieved from /home/airflow/.local/lib/python3.10/site-packages/airflow/example_dags/example_trigger_target_dag.py
[2024-04-14T15:23:45.294+0000] {logging_mixin.py:154} INFO - [2024-04-14T15:23:45.294+0000] {dag.py:2941} INFO - Sync 1 DAGs
[2024-04-14T15:23:45.301+0000] {logging_mixin.py:154} INFO - [2024-04-14T15:23:45.301+0000] {dag.py:3722} INFO - Setting next_dagrun for example_trigger_target_dag to None, run_after=None
[2024-04-14T15:23:45.310+0000] {processor.py:179} INFO - Processing /home/airflow/.local/lib/python3.10/site-packages/airflow/example_dags/example_trigger_target_dag.py took 0.035 seconds
[2024-04-14T15:24:16.105+0000] {processor.py:157} INFO - Started process (PID=1617) to work on /home/airflow/.local/lib/python3.10/site-packages/airflow/example_dags/example_trigger_target_dag.py
[2024-04-14T15:24:16.106+0000] {processor.py:829} INFO - Processing file /home/airflow/.local/lib/python3.10/site-packages/airflow/example_dags/example_trigger_target_dag.py for tasks to queue
[2024-04-14T15:24:16.107+0000] {logging_mixin.py:154} INFO - [2024-04-14T15:24:16.107+0000] {dagbag.py:536} INFO - Filling up the DagBag from /home/airflow/.local/lib/python3.10/site-packages/airflow/example_dags/example_trigger_target_dag.py
[2024-04-14T15:24:16.110+0000] {processor.py:839} INFO - DAG(s) dict_keys(['example_trigger_target_dag']) retrieved from /home/airflow/.local/lib/python3.10/site-packages/airflow/example_dags/example_trigger_target_dag.py
[2024-04-14T15:24:16.122+0000] {logging_mixin.py:154} INFO - [2024-04-14T15:24:16.122+0000] {dag.py:2941} INFO - Sync 1 DAGs
[2024-04-14T15:24:16.129+0000] {logging_mixin.py:154} INFO - [2024-04-14T15:24:16.129+0000] {dag.py:3722} INFO - Setting next_dagrun for example_trigger_target_dag to None, run_after=None
[2024-04-14T15:24:16.138+0000] {processor.py:179} INFO - Processing /home/airflow/.local/lib/python3.10/site-packages/airflow/example_dags/example_trigger_target_dag.py took 0.035 seconds
[2024-04-14T15:24:46.862+0000] {processor.py:157} INFO - Started process (PID=1671) to work on /home/airflow/.local/lib/python3.10/site-packages/airflow/example_dags/example_trigger_target_dag.py
[2024-04-14T15:24:46.863+0000] {processor.py:829} INFO - Processing file /home/airflow/.local/lib/python3.10/site-packages/airflow/example_dags/example_trigger_target_dag.py for tasks to queue
[2024-04-14T15:24:46.864+0000] {logging_mixin.py:154} INFO - [2024-04-14T15:24:46.864+0000] {dagbag.py:536} INFO - Filling up the DagBag from /home/airflow/.local/lib/python3.10/site-packages/airflow/example_dags/example_trigger_target_dag.py
[2024-04-14T15:24:46.867+0000] {processor.py:839} INFO - DAG(s) dict_keys(['example_trigger_target_dag']) retrieved from /home/airflow/.local/lib/python3.10/site-packages/airflow/example_dags/example_trigger_target_dag.py
[2024-04-14T15:24:46.880+0000] {logging_mixin.py:154} INFO - [2024-04-14T15:24:46.880+0000] {dag.py:2941} INFO - Sync 1 DAGs
[2024-04-14T15:24:46.887+0000] {logging_mixin.py:154} INFO - [2024-04-14T15:24:46.887+0000] {dag.py:3722} INFO - Setting next_dagrun for example_trigger_target_dag to None, run_after=None
[2024-04-14T15:24:46.895+0000] {processor.py:179} INFO - Processing /home/airflow/.local/lib/python3.10/site-packages/airflow/example_dags/example_trigger_target_dag.py took 0.035 seconds
[2024-04-14T15:25:17.522+0000] {processor.py:157} INFO - Started process (PID=1725) to work on /home/airflow/.local/lib/python3.10/site-packages/airflow/example_dags/example_trigger_target_dag.py
[2024-04-14T15:25:17.523+0000] {processor.py:829} INFO - Processing file /home/airflow/.local/lib/python3.10/site-packages/airflow/example_dags/example_trigger_target_dag.py for tasks to queue
[2024-04-14T15:25:17.524+0000] {logging_mixin.py:154} INFO - [2024-04-14T15:25:17.524+0000] {dagbag.py:536} INFO - Filling up the DagBag from /home/airflow/.local/lib/python3.10/site-packages/airflow/example_dags/example_trigger_target_dag.py
[2024-04-14T15:25:17.527+0000] {processor.py:839} INFO - DAG(s) dict_keys(['example_trigger_target_dag']) retrieved from /home/airflow/.local/lib/python3.10/site-packages/airflow/example_dags/example_trigger_target_dag.py
[2024-04-14T15:25:17.540+0000] {logging_mixin.py:154} INFO - [2024-04-14T15:25:17.540+0000] {dag.py:2941} INFO - Sync 1 DAGs
[2024-04-14T15:25:17.548+0000] {logging_mixin.py:154} INFO - [2024-04-14T15:25:17.548+0000] {dag.py:3722} INFO - Setting next_dagrun for example_trigger_target_dag to None, run_after=None
[2024-04-14T15:25:17.556+0000] {processor.py:179} INFO - Processing /home/airflow/.local/lib/python3.10/site-packages/airflow/example_dags/example_trigger_target_dag.py took 0.036 seconds
[2024-04-14T15:25:48.267+0000] {processor.py:157} INFO - Started process (PID=1779) to work on /home/airflow/.local/lib/python3.10/site-packages/airflow/example_dags/example_trigger_target_dag.py
[2024-04-14T15:25:48.267+0000] {processor.py:829} INFO - Processing file /home/airflow/.local/lib/python3.10/site-packages/airflow/example_dags/example_trigger_target_dag.py for tasks to queue
[2024-04-14T15:25:48.269+0000] {logging_mixin.py:154} INFO - [2024-04-14T15:25:48.268+0000] {dagbag.py:536} INFO - Filling up the DagBag from /home/airflow/.local/lib/python3.10/site-packages/airflow/example_dags/example_trigger_target_dag.py
[2024-04-14T15:25:48.272+0000] {processor.py:839} INFO - DAG(s) dict_keys(['example_trigger_target_dag']) retrieved from /home/airflow/.local/lib/python3.10/site-packages/airflow/example_dags/example_trigger_target_dag.py
[2024-04-14T15:25:48.285+0000] {logging_mixin.py:154} INFO - [2024-04-14T15:25:48.285+0000] {dag.py:2941} INFO - Sync 1 DAGs
[2024-04-14T15:25:48.292+0000] {logging_mixin.py:154} INFO - [2024-04-14T15:25:48.292+0000] {dag.py:3722} INFO - Setting next_dagrun for example_trigger_target_dag to None, run_after=None
[2024-04-14T15:25:48.302+0000] {processor.py:179} INFO - Processing /home/airflow/.local/lib/python3.10/site-packages/airflow/example_dags/example_trigger_target_dag.py took 0.037 seconds
[2024-04-14T15:26:19.019+0000] {processor.py:157} INFO - Started process (PID=1833) to work on /home/airflow/.local/lib/python3.10/site-packages/airflow/example_dags/example_trigger_target_dag.py
[2024-04-14T15:26:19.020+0000] {processor.py:829} INFO - Processing file /home/airflow/.local/lib/python3.10/site-packages/airflow/example_dags/example_trigger_target_dag.py for tasks to queue
[2024-04-14T15:26:19.021+0000] {logging_mixin.py:154} INFO - [2024-04-14T15:26:19.021+0000] {dagbag.py:536} INFO - Filling up the DagBag from /home/airflow/.local/lib/python3.10/site-packages/airflow/example_dags/example_trigger_target_dag.py
[2024-04-14T15:26:19.024+0000] {processor.py:839} INFO - DAG(s) dict_keys(['example_trigger_target_dag']) retrieved from /home/airflow/.local/lib/python3.10/site-packages/airflow/example_dags/example_trigger_target_dag.py
[2024-04-14T15:26:19.037+0000] {logging_mixin.py:154} INFO - [2024-04-14T15:26:19.037+0000] {dag.py:2941} INFO - Sync 1 DAGs
[2024-04-14T15:26:19.044+0000] {logging_mixin.py:154} INFO - [2024-04-14T15:26:19.044+0000] {dag.py:3722} INFO - Setting next_dagrun for example_trigger_target_dag to None, run_after=None
[2024-04-14T15:26:19.053+0000] {processor.py:179} INFO - Processing /home/airflow/.local/lib/python3.10/site-packages/airflow/example_dags/example_trigger_target_dag.py took 0.036 seconds
[2024-04-14T15:26:49.667+0000] {processor.py:157} INFO - Started process (PID=1894) to work on /home/airflow/.local/lib/python3.10/site-packages/airflow/example_dags/example_trigger_target_dag.py
[2024-04-14T15:26:49.668+0000] {processor.py:829} INFO - Processing file /home/airflow/.local/lib/python3.10/site-packages/airflow/example_dags/example_trigger_target_dag.py for tasks to queue
[2024-04-14T15:26:49.669+0000] {logging_mixin.py:154} INFO - [2024-04-14T15:26:49.668+0000] {dagbag.py:536} INFO - Filling up the DagBag from /home/airflow/.local/lib/python3.10/site-packages/airflow/example_dags/example_trigger_target_dag.py
[2024-04-14T15:26:49.672+0000] {processor.py:839} INFO - DAG(s) dict_keys(['example_trigger_target_dag']) retrieved from /home/airflow/.local/lib/python3.10/site-packages/airflow/example_dags/example_trigger_target_dag.py
[2024-04-14T15:26:49.684+0000] {logging_mixin.py:154} INFO - [2024-04-14T15:26:49.684+0000] {dag.py:2941} INFO - Sync 1 DAGs
[2024-04-14T15:26:49.691+0000] {logging_mixin.py:154} INFO - [2024-04-14T15:26:49.691+0000] {dag.py:3722} INFO - Setting next_dagrun for example_trigger_target_dag to None, run_after=None
[2024-04-14T15:26:49.700+0000] {processor.py:179} INFO - Processing /home/airflow/.local/lib/python3.10/site-packages/airflow/example_dags/example_trigger_target_dag.py took 0.036 seconds
[2024-04-14T15:27:20.473+0000] {processor.py:157} INFO - Started process (PID=1948) to work on /home/airflow/.local/lib/python3.10/site-packages/airflow/example_dags/example_trigger_target_dag.py
[2024-04-14T15:27:20.473+0000] {processor.py:829} INFO - Processing file /home/airflow/.local/lib/python3.10/site-packages/airflow/example_dags/example_trigger_target_dag.py for tasks to queue
[2024-04-14T15:27:20.474+0000] {logging_mixin.py:154} INFO - [2024-04-14T15:27:20.474+0000] {dagbag.py:536} INFO - Filling up the DagBag from /home/airflow/.local/lib/python3.10/site-packages/airflow/example_dags/example_trigger_target_dag.py
[2024-04-14T15:27:20.478+0000] {processor.py:839} INFO - DAG(s) dict_keys(['example_trigger_target_dag']) retrieved from /home/airflow/.local/lib/python3.10/site-packages/airflow/example_dags/example_trigger_target_dag.py
[2024-04-14T15:27:20.491+0000] {logging_mixin.py:154} INFO - [2024-04-14T15:27:20.490+0000] {dag.py:2941} INFO - Sync 1 DAGs
[2024-04-14T15:27:20.497+0000] {logging_mixin.py:154} INFO - [2024-04-14T15:27:20.497+0000] {dag.py:3722} INFO - Setting next_dagrun for example_trigger_target_dag to None, run_after=None
[2024-04-14T15:27:20.506+0000] {processor.py:179} INFO - Processing /home/airflow/.local/lib/python3.10/site-packages/airflow/example_dags/example_trigger_target_dag.py took 0.035 seconds
[2024-04-14T15:27:51.210+0000] {processor.py:157} INFO - Started process (PID=2002) to work on /home/airflow/.local/lib/python3.10/site-packages/airflow/example_dags/example_trigger_target_dag.py
[2024-04-14T15:27:51.210+0000] {processor.py:829} INFO - Processing file /home/airflow/.local/lib/python3.10/site-packages/airflow/example_dags/example_trigger_target_dag.py for tasks to queue
[2024-04-14T15:27:51.211+0000] {logging_mixin.py:154} INFO - [2024-04-14T15:27:51.211+0000] {dagbag.py:536} INFO - Filling up the DagBag from /home/airflow/.local/lib/python3.10/site-packages/airflow/example_dags/example_trigger_target_dag.py
[2024-04-14T15:27:51.215+0000] {processor.py:839} INFO - DAG(s) dict_keys(['example_trigger_target_dag']) retrieved from /home/airflow/.local/lib/python3.10/site-packages/airflow/example_dags/example_trigger_target_dag.py
[2024-04-14T15:27:51.229+0000] {logging_mixin.py:154} INFO - [2024-04-14T15:27:51.229+0000] {dag.py:2941} INFO - Sync 1 DAGs
[2024-04-14T15:27:51.237+0000] {logging_mixin.py:154} INFO - [2024-04-14T15:27:51.236+0000] {dag.py:3722} INFO - Setting next_dagrun for example_trigger_target_dag to None, run_after=None
[2024-04-14T15:27:51.246+0000] {processor.py:179} INFO - Processing /home/airflow/.local/lib/python3.10/site-packages/airflow/example_dags/example_trigger_target_dag.py took 0.038 seconds
[2024-04-14T15:28:21.935+0000] {processor.py:157} INFO - Started process (PID=2056) to work on /home/airflow/.local/lib/python3.10/site-packages/airflow/example_dags/example_trigger_target_dag.py
[2024-04-14T15:28:21.935+0000] {processor.py:829} INFO - Processing file /home/airflow/.local/lib/python3.10/site-packages/airflow/example_dags/example_trigger_target_dag.py for tasks to queue
[2024-04-14T15:28:21.937+0000] {logging_mixin.py:154} INFO - [2024-04-14T15:28:21.936+0000] {dagbag.py:536} INFO - Filling up the DagBag from /home/airflow/.local/lib/python3.10/site-packages/airflow/example_dags/example_trigger_target_dag.py
[2024-04-14T15:28:21.941+0000] {processor.py:839} INFO - DAG(s) dict_keys(['example_trigger_target_dag']) retrieved from /home/airflow/.local/lib/python3.10/site-packages/airflow/example_dags/example_trigger_target_dag.py
[2024-04-14T15:28:21.956+0000] {logging_mixin.py:154} INFO - [2024-04-14T15:28:21.956+0000] {dag.py:2941} INFO - Sync 1 DAGs
[2024-04-14T15:28:21.965+0000] {logging_mixin.py:154} INFO - [2024-04-14T15:28:21.965+0000] {dag.py:3722} INFO - Setting next_dagrun for example_trigger_target_dag to None, run_after=None
[2024-04-14T15:28:21.976+0000] {processor.py:179} INFO - Processing /home/airflow/.local/lib/python3.10/site-packages/airflow/example_dags/example_trigger_target_dag.py took 0.043 seconds
[2024-04-14T15:28:52.676+0000] {processor.py:157} INFO - Started process (PID=2110) to work on /home/airflow/.local/lib/python3.10/site-packages/airflow/example_dags/example_trigger_target_dag.py
[2024-04-14T15:28:52.677+0000] {processor.py:829} INFO - Processing file /home/airflow/.local/lib/python3.10/site-packages/airflow/example_dags/example_trigger_target_dag.py for tasks to queue
[2024-04-14T15:28:52.678+0000] {logging_mixin.py:154} INFO - [2024-04-14T15:28:52.678+0000] {dagbag.py:536} INFO - Filling up the DagBag from /home/airflow/.local/lib/python3.10/site-packages/airflow/example_dags/example_trigger_target_dag.py
[2024-04-14T15:28:52.681+0000] {processor.py:839} INFO - DAG(s) dict_keys(['example_trigger_target_dag']) retrieved from /home/airflow/.local/lib/python3.10/site-packages/airflow/example_dags/example_trigger_target_dag.py
[2024-04-14T15:28:52.694+0000] {logging_mixin.py:154} INFO - [2024-04-14T15:28:52.694+0000] {dag.py:2941} INFO - Sync 1 DAGs
[2024-04-14T15:28:52.701+0000] {logging_mixin.py:154} INFO - [2024-04-14T15:28:52.700+0000] {dag.py:3722} INFO - Setting next_dagrun for example_trigger_target_dag to None, run_after=None
[2024-04-14T15:28:52.709+0000] {processor.py:179} INFO - Processing /home/airflow/.local/lib/python3.10/site-packages/airflow/example_dags/example_trigger_target_dag.py took 0.035 seconds
[2024-04-14T15:29:23.368+0000] {processor.py:157} INFO - Started process (PID=2164) to work on /home/airflow/.local/lib/python3.10/site-packages/airflow/example_dags/example_trigger_target_dag.py
[2024-04-14T15:29:23.369+0000] {processor.py:829} INFO - Processing file /home/airflow/.local/lib/python3.10/site-packages/airflow/example_dags/example_trigger_target_dag.py for tasks to queue
[2024-04-14T15:29:23.370+0000] {logging_mixin.py:154} INFO - [2024-04-14T15:29:23.370+0000] {dagbag.py:536} INFO - Filling up the DagBag from /home/airflow/.local/lib/python3.10/site-packages/airflow/example_dags/example_trigger_target_dag.py
[2024-04-14T15:29:23.374+0000] {processor.py:839} INFO - DAG(s) dict_keys(['example_trigger_target_dag']) retrieved from /home/airflow/.local/lib/python3.10/site-packages/airflow/example_dags/example_trigger_target_dag.py
[2024-04-14T15:29:23.386+0000] {logging_mixin.py:154} INFO - [2024-04-14T15:29:23.386+0000] {dag.py:2941} INFO - Sync 1 DAGs
[2024-04-14T15:29:23.394+0000] {logging_mixin.py:154} INFO - [2024-04-14T15:29:23.394+0000] {dag.py:3722} INFO - Setting next_dagrun for example_trigger_target_dag to None, run_after=None
[2024-04-14T15:29:23.404+0000] {processor.py:179} INFO - Processing /home/airflow/.local/lib/python3.10/site-packages/airflow/example_dags/example_trigger_target_dag.py took 0.038 seconds
[2024-04-14T15:29:54.270+0000] {processor.py:157} INFO - Started process (PID=2218) to work on /home/airflow/.local/lib/python3.10/site-packages/airflow/example_dags/example_trigger_target_dag.py
[2024-04-14T15:29:54.270+0000] {processor.py:829} INFO - Processing file /home/airflow/.local/lib/python3.10/site-packages/airflow/example_dags/example_trigger_target_dag.py for tasks to queue
[2024-04-14T15:29:54.271+0000] {logging_mixin.py:154} INFO - [2024-04-14T15:29:54.271+0000] {dagbag.py:536} INFO - Filling up the DagBag from /home/airflow/.local/lib/python3.10/site-packages/airflow/example_dags/example_trigger_target_dag.py
[2024-04-14T15:29:54.275+0000] {processor.py:839} INFO - DAG(s) dict_keys(['example_trigger_target_dag']) retrieved from /home/airflow/.local/lib/python3.10/site-packages/airflow/example_dags/example_trigger_target_dag.py
[2024-04-14T15:29:54.286+0000] {logging_mixin.py:154} INFO - [2024-04-14T15:29:54.286+0000] {dag.py:2941} INFO - Sync 1 DAGs
[2024-04-14T15:29:54.293+0000] {logging_mixin.py:154} INFO - [2024-04-14T15:29:54.293+0000] {dag.py:3722} INFO - Setting next_dagrun for example_trigger_target_dag to None, run_after=None
[2024-04-14T15:29:54.301+0000] {processor.py:179} INFO - Processing /home/airflow/.local/lib/python3.10/site-packages/airflow/example_dags/example_trigger_target_dag.py took 0.034 seconds
[2024-04-14T15:30:24.962+0000] {processor.py:157} INFO - Started process (PID=2272) to work on /home/airflow/.local/lib/python3.10/site-packages/airflow/example_dags/example_trigger_target_dag.py
[2024-04-14T15:30:24.963+0000] {processor.py:829} INFO - Processing file /home/airflow/.local/lib/python3.10/site-packages/airflow/example_dags/example_trigger_target_dag.py for tasks to queue
[2024-04-14T15:30:24.964+0000] {logging_mixin.py:154} INFO - [2024-04-14T15:30:24.964+0000] {dagbag.py:536} INFO - Filling up the DagBag from /home/airflow/.local/lib/python3.10/site-packages/airflow/example_dags/example_trigger_target_dag.py
[2024-04-14T15:30:24.968+0000] {processor.py:839} INFO - DAG(s) dict_keys(['example_trigger_target_dag']) retrieved from /home/airflow/.local/lib/python3.10/site-packages/airflow/example_dags/example_trigger_target_dag.py
[2024-04-14T15:30:24.985+0000] {logging_mixin.py:154} INFO - [2024-04-14T15:30:24.985+0000] {dag.py:2941} INFO - Sync 1 DAGs
[2024-04-14T15:30:24.995+0000] {logging_mixin.py:154} INFO - [2024-04-14T15:30:24.995+0000] {dag.py:3722} INFO - Setting next_dagrun for example_trigger_target_dag to None, run_after=None
[2024-04-14T15:30:25.009+0000] {processor.py:179} INFO - Processing /home/airflow/.local/lib/python3.10/site-packages/airflow/example_dags/example_trigger_target_dag.py took 0.049 seconds
[2024-04-14T15:30:55.718+0000] {processor.py:157} INFO - Started process (PID=2326) to work on /home/airflow/.local/lib/python3.10/site-packages/airflow/example_dags/example_trigger_target_dag.py
[2024-04-14T15:30:55.719+0000] {processor.py:829} INFO - Processing file /home/airflow/.local/lib/python3.10/site-packages/airflow/example_dags/example_trigger_target_dag.py for tasks to queue
[2024-04-14T15:30:55.720+0000] {logging_mixin.py:154} INFO - [2024-04-14T15:30:55.720+0000] {dagbag.py:536} INFO - Filling up the DagBag from /home/airflow/.local/lib/python3.10/site-packages/airflow/example_dags/example_trigger_target_dag.py
[2024-04-14T15:30:55.723+0000] {processor.py:839} INFO - DAG(s) dict_keys(['example_trigger_target_dag']) retrieved from /home/airflow/.local/lib/python3.10/site-packages/airflow/example_dags/example_trigger_target_dag.py
[2024-04-14T15:30:55.735+0000] {logging_mixin.py:154} INFO - [2024-04-14T15:30:55.735+0000] {dag.py:2941} INFO - Sync 1 DAGs
[2024-04-14T15:30:55.742+0000] {logging_mixin.py:154} INFO - [2024-04-14T15:30:55.742+0000] {dag.py:3722} INFO - Setting next_dagrun for example_trigger_target_dag to None, run_after=None
[2024-04-14T15:30:55.750+0000] {processor.py:179} INFO - Processing /home/airflow/.local/lib/python3.10/site-packages/airflow/example_dags/example_trigger_target_dag.py took 0.034 seconds
[2024-04-14T15:31:26.372+0000] {processor.py:157} INFO - Started process (PID=2380) to work on /home/airflow/.local/lib/python3.10/site-packages/airflow/example_dags/example_trigger_target_dag.py
[2024-04-14T15:31:26.373+0000] {processor.py:829} INFO - Processing file /home/airflow/.local/lib/python3.10/site-packages/airflow/example_dags/example_trigger_target_dag.py for tasks to queue
[2024-04-14T15:31:26.374+0000] {logging_mixin.py:154} INFO - [2024-04-14T15:31:26.374+0000] {dagbag.py:536} INFO - Filling up the DagBag from /home/airflow/.local/lib/python3.10/site-packages/airflow/example_dags/example_trigger_target_dag.py
[2024-04-14T15:31:26.377+0000] {processor.py:839} INFO - DAG(s) dict_keys(['example_trigger_target_dag']) retrieved from /home/airflow/.local/lib/python3.10/site-packages/airflow/example_dags/example_trigger_target_dag.py
[2024-04-14T15:31:26.390+0000] {logging_mixin.py:154} INFO - [2024-04-14T15:31:26.389+0000] {dag.py:2941} INFO - Sync 1 DAGs
[2024-04-14T15:31:26.396+0000] {logging_mixin.py:154} INFO - [2024-04-14T15:31:26.396+0000] {dag.py:3722} INFO - Setting next_dagrun for example_trigger_target_dag to None, run_after=None
[2024-04-14T15:31:26.405+0000] {processor.py:179} INFO - Processing /home/airflow/.local/lib/python3.10/site-packages/airflow/example_dags/example_trigger_target_dag.py took 0.034 seconds
[2024-04-14T15:31:57.115+0000] {processor.py:157} INFO - Started process (PID=2434) to work on /home/airflow/.local/lib/python3.10/site-packages/airflow/example_dags/example_trigger_target_dag.py
[2024-04-14T15:31:57.116+0000] {processor.py:829} INFO - Processing file /home/airflow/.local/lib/python3.10/site-packages/airflow/example_dags/example_trigger_target_dag.py for tasks to queue
[2024-04-14T15:31:57.117+0000] {logging_mixin.py:154} INFO - [2024-04-14T15:31:57.117+0000] {dagbag.py:536} INFO - Filling up the DagBag from /home/airflow/.local/lib/python3.10/site-packages/airflow/example_dags/example_trigger_target_dag.py
[2024-04-14T15:31:57.120+0000] {processor.py:839} INFO - DAG(s) dict_keys(['example_trigger_target_dag']) retrieved from /home/airflow/.local/lib/python3.10/site-packages/airflow/example_dags/example_trigger_target_dag.py
[2024-04-14T15:31:57.132+0000] {logging_mixin.py:154} INFO - [2024-04-14T15:31:57.132+0000] {dag.py:2941} INFO - Sync 1 DAGs
[2024-04-14T15:31:57.139+0000] {logging_mixin.py:154} INFO - [2024-04-14T15:31:57.139+0000] {dag.py:3722} INFO - Setting next_dagrun for example_trigger_target_dag to None, run_after=None
[2024-04-14T15:31:57.148+0000] {processor.py:179} INFO - Processing /home/airflow/.local/lib/python3.10/site-packages/airflow/example_dags/example_trigger_target_dag.py took 0.035 seconds
[2024-04-14T15:32:27.808+0000] {processor.py:157} INFO - Started process (PID=2488) to work on /home/airflow/.local/lib/python3.10/site-packages/airflow/example_dags/example_trigger_target_dag.py
[2024-04-14T15:32:27.809+0000] {processor.py:829} INFO - Processing file /home/airflow/.local/lib/python3.10/site-packages/airflow/example_dags/example_trigger_target_dag.py for tasks to queue
[2024-04-14T15:32:27.810+0000] {logging_mixin.py:154} INFO - [2024-04-14T15:32:27.810+0000] {dagbag.py:536} INFO - Filling up the DagBag from /home/airflow/.local/lib/python3.10/site-packages/airflow/example_dags/example_trigger_target_dag.py
[2024-04-14T15:32:27.814+0000] {processor.py:839} INFO - DAG(s) dict_keys(['example_trigger_target_dag']) retrieved from /home/airflow/.local/lib/python3.10/site-packages/airflow/example_dags/example_trigger_target_dag.py
[2024-04-14T15:32:27.828+0000] {logging_mixin.py:154} INFO - [2024-04-14T15:32:27.827+0000] {dag.py:2941} INFO - Sync 1 DAGs
[2024-04-14T15:32:27.835+0000] {logging_mixin.py:154} INFO - [2024-04-14T15:32:27.835+0000] {dag.py:3722} INFO - Setting next_dagrun for example_trigger_target_dag to None, run_after=None
[2024-04-14T15:32:27.844+0000] {processor.py:179} INFO - Processing /home/airflow/.local/lib/python3.10/site-packages/airflow/example_dags/example_trigger_target_dag.py took 0.039 seconds
[2024-04-14T15:32:58.528+0000] {processor.py:157} INFO - Started process (PID=2542) to work on /home/airflow/.local/lib/python3.10/site-packages/airflow/example_dags/example_trigger_target_dag.py
[2024-04-14T15:32:58.529+0000] {processor.py:829} INFO - Processing file /home/airflow/.local/lib/python3.10/site-packages/airflow/example_dags/example_trigger_target_dag.py for tasks to queue
[2024-04-14T15:32:58.530+0000] {logging_mixin.py:154} INFO - [2024-04-14T15:32:58.530+0000] {dagbag.py:536} INFO - Filling up the DagBag from /home/airflow/.local/lib/python3.10/site-packages/airflow/example_dags/example_trigger_target_dag.py
[2024-04-14T15:32:58.533+0000] {processor.py:839} INFO - DAG(s) dict_keys(['example_trigger_target_dag']) retrieved from /home/airflow/.local/lib/python3.10/site-packages/airflow/example_dags/example_trigger_target_dag.py
[2024-04-14T15:32:58.546+0000] {logging_mixin.py:154} INFO - [2024-04-14T15:32:58.546+0000] {dag.py:2941} INFO - Sync 1 DAGs
[2024-04-14T15:32:58.553+0000] {logging_mixin.py:154} INFO - [2024-04-14T15:32:58.553+0000] {dag.py:3722} INFO - Setting next_dagrun for example_trigger_target_dag to None, run_after=None
[2024-04-14T15:32:58.562+0000] {processor.py:179} INFO - Processing /home/airflow/.local/lib/python3.10/site-packages/airflow/example_dags/example_trigger_target_dag.py took 0.036 seconds
[2024-04-14T15:33:29.217+0000] {processor.py:157} INFO - Started process (PID=2596) to work on /home/airflow/.local/lib/python3.10/site-packages/airflow/example_dags/example_trigger_target_dag.py
[2024-04-14T15:33:29.218+0000] {processor.py:829} INFO - Processing file /home/airflow/.local/lib/python3.10/site-packages/airflow/example_dags/example_trigger_target_dag.py for tasks to queue
[2024-04-14T15:33:29.219+0000] {logging_mixin.py:154} INFO - [2024-04-14T15:33:29.219+0000] {dagbag.py:536} INFO - Filling up the DagBag from /home/airflow/.local/lib/python3.10/site-packages/airflow/example_dags/example_trigger_target_dag.py
[2024-04-14T15:33:29.223+0000] {processor.py:839} INFO - DAG(s) dict_keys(['example_trigger_target_dag']) retrieved from /home/airflow/.local/lib/python3.10/site-packages/airflow/example_dags/example_trigger_target_dag.py
[2024-04-14T15:33:29.236+0000] {logging_mixin.py:154} INFO - [2024-04-14T15:33:29.235+0000] {dag.py:2941} INFO - Sync 1 DAGs
[2024-04-14T15:33:29.243+0000] {logging_mixin.py:154} INFO - [2024-04-14T15:33:29.243+0000] {dag.py:3722} INFO - Setting next_dagrun for example_trigger_target_dag to None, run_after=None
[2024-04-14T15:33:29.252+0000] {processor.py:179} INFO - Processing /home/airflow/.local/lib/python3.10/site-packages/airflow/example_dags/example_trigger_target_dag.py took 0.036 seconds
[2024-04-14T15:33:59.859+0000] {processor.py:157} INFO - Started process (PID=2650) to work on /home/airflow/.local/lib/python3.10/site-packages/airflow/example_dags/example_trigger_target_dag.py
[2024-04-14T15:33:59.859+0000] {processor.py:829} INFO - Processing file /home/airflow/.local/lib/python3.10/site-packages/airflow/example_dags/example_trigger_target_dag.py for tasks to queue
[2024-04-14T15:33:59.860+0000] {logging_mixin.py:154} INFO - [2024-04-14T15:33:59.860+0000] {dagbag.py:536} INFO - Filling up the DagBag from /home/airflow/.local/lib/python3.10/site-packages/airflow/example_dags/example_trigger_target_dag.py
[2024-04-14T15:33:59.863+0000] {processor.py:839} INFO - DAG(s) dict_keys(['example_trigger_target_dag']) retrieved from /home/airflow/.local/lib/python3.10/site-packages/airflow/example_dags/example_trigger_target_dag.py
[2024-04-14T15:33:59.875+0000] {logging_mixin.py:154} INFO - [2024-04-14T15:33:59.875+0000] {dag.py:2941} INFO - Sync 1 DAGs
[2024-04-14T15:33:59.882+0000] {logging_mixin.py:154} INFO - [2024-04-14T15:33:59.882+0000] {dag.py:3722} INFO - Setting next_dagrun for example_trigger_target_dag to None, run_after=None
[2024-04-14T15:33:59.890+0000] {processor.py:179} INFO - Processing /home/airflow/.local/lib/python3.10/site-packages/airflow/example_dags/example_trigger_target_dag.py took 0.034 seconds
[2024-04-14T15:34:30.519+0000] {processor.py:157} INFO - Started process (PID=2704) to work on /home/airflow/.local/lib/python3.10/site-packages/airflow/example_dags/example_trigger_target_dag.py
[2024-04-14T15:34:30.520+0000] {processor.py:829} INFO - Processing file /home/airflow/.local/lib/python3.10/site-packages/airflow/example_dags/example_trigger_target_dag.py for tasks to queue
[2024-04-14T15:34:30.521+0000] {logging_mixin.py:154} INFO - [2024-04-14T15:34:30.520+0000] {dagbag.py:536} INFO - Filling up the DagBag from /home/airflow/.local/lib/python3.10/site-packages/airflow/example_dags/example_trigger_target_dag.py
[2024-04-14T15:34:30.524+0000] {processor.py:839} INFO - DAG(s) dict_keys(['example_trigger_target_dag']) retrieved from /home/airflow/.local/lib/python3.10/site-packages/airflow/example_dags/example_trigger_target_dag.py
[2024-04-14T15:34:30.536+0000] {logging_mixin.py:154} INFO - [2024-04-14T15:34:30.536+0000] {dag.py:2941} INFO - Sync 1 DAGs
[2024-04-14T15:34:30.543+0000] {logging_mixin.py:154} INFO - [2024-04-14T15:34:30.543+0000] {dag.py:3722} INFO - Setting next_dagrun for example_trigger_target_dag to None, run_after=None
[2024-04-14T15:34:30.551+0000] {processor.py:179} INFO - Processing /home/airflow/.local/lib/python3.10/site-packages/airflow/example_dags/example_trigger_target_dag.py took 0.034 seconds
[2024-04-14T15:35:01.174+0000] {processor.py:157} INFO - Started process (PID=2758) to work on /home/airflow/.local/lib/python3.10/site-packages/airflow/example_dags/example_trigger_target_dag.py
[2024-04-14T15:35:01.174+0000] {processor.py:829} INFO - Processing file /home/airflow/.local/lib/python3.10/site-packages/airflow/example_dags/example_trigger_target_dag.py for tasks to queue
[2024-04-14T15:35:01.175+0000] {logging_mixin.py:154} INFO - [2024-04-14T15:35:01.175+0000] {dagbag.py:536} INFO - Filling up the DagBag from /home/airflow/.local/lib/python3.10/site-packages/airflow/example_dags/example_trigger_target_dag.py
[2024-04-14T15:35:01.179+0000] {processor.py:839} INFO - DAG(s) dict_keys(['example_trigger_target_dag']) retrieved from /home/airflow/.local/lib/python3.10/site-packages/airflow/example_dags/example_trigger_target_dag.py
[2024-04-14T15:35:01.191+0000] {logging_mixin.py:154} INFO - [2024-04-14T15:35:01.191+0000] {dag.py:2941} INFO - Sync 1 DAGs
[2024-04-14T15:35:01.198+0000] {logging_mixin.py:154} INFO - [2024-04-14T15:35:01.198+0000] {dag.py:3722} INFO - Setting next_dagrun for example_trigger_target_dag to None, run_after=None
[2024-04-14T15:35:01.206+0000] {processor.py:179} INFO - Processing /home/airflow/.local/lib/python3.10/site-packages/airflow/example_dags/example_trigger_target_dag.py took 0.035 seconds
[2024-04-14T15:35:31.889+0000] {processor.py:157} INFO - Started process (PID=2812) to work on /home/airflow/.local/lib/python3.10/site-packages/airflow/example_dags/example_trigger_target_dag.py
[2024-04-14T15:35:31.889+0000] {processor.py:829} INFO - Processing file /home/airflow/.local/lib/python3.10/site-packages/airflow/example_dags/example_trigger_target_dag.py for tasks to queue
[2024-04-14T15:35:31.890+0000] {logging_mixin.py:154} INFO - [2024-04-14T15:35:31.890+0000] {dagbag.py:536} INFO - Filling up the DagBag from /home/airflow/.local/lib/python3.10/site-packages/airflow/example_dags/example_trigger_target_dag.py
[2024-04-14T15:35:31.894+0000] {processor.py:839} INFO - DAG(s) dict_keys(['example_trigger_target_dag']) retrieved from /home/airflow/.local/lib/python3.10/site-packages/airflow/example_dags/example_trigger_target_dag.py
[2024-04-14T15:35:31.907+0000] {logging_mixin.py:154} INFO - [2024-04-14T15:35:31.907+0000] {dag.py:2941} INFO - Sync 1 DAGs
[2024-04-14T15:35:31.914+0000] {logging_mixin.py:154} INFO - [2024-04-14T15:35:31.914+0000] {dag.py:3722} INFO - Setting next_dagrun for example_trigger_target_dag to None, run_after=None
[2024-04-14T15:35:31.923+0000] {processor.py:179} INFO - Processing /home/airflow/.local/lib/python3.10/site-packages/airflow/example_dags/example_trigger_target_dag.py took 0.037 seconds
[2024-04-14T15:36:02.627+0000] {processor.py:157} INFO - Started process (PID=2866) to work on /home/airflow/.local/lib/python3.10/site-packages/airflow/example_dags/example_trigger_target_dag.py
[2024-04-14T15:36:02.627+0000] {processor.py:829} INFO - Processing file /home/airflow/.local/lib/python3.10/site-packages/airflow/example_dags/example_trigger_target_dag.py for tasks to queue
[2024-04-14T15:36:02.629+0000] {logging_mixin.py:154} INFO - [2024-04-14T15:36:02.628+0000] {dagbag.py:536} INFO - Filling up the DagBag from /home/airflow/.local/lib/python3.10/site-packages/airflow/example_dags/example_trigger_target_dag.py
[2024-04-14T15:36:02.632+0000] {processor.py:839} INFO - DAG(s) dict_keys(['example_trigger_target_dag']) retrieved from /home/airflow/.local/lib/python3.10/site-packages/airflow/example_dags/example_trigger_target_dag.py
[2024-04-14T15:36:02.645+0000] {logging_mixin.py:154} INFO - [2024-04-14T15:36:02.645+0000] {dag.py:2941} INFO - Sync 1 DAGs
[2024-04-14T15:36:02.652+0000] {logging_mixin.py:154} INFO - [2024-04-14T15:36:02.652+0000] {dag.py:3722} INFO - Setting next_dagrun for example_trigger_target_dag to None, run_after=None
[2024-04-14T15:36:02.662+0000] {processor.py:179} INFO - Processing /home/airflow/.local/lib/python3.10/site-packages/airflow/example_dags/example_trigger_target_dag.py took 0.037 seconds
[2024-04-14T15:36:33.360+0000] {processor.py:157} INFO - Started process (PID=2920) to work on /home/airflow/.local/lib/python3.10/site-packages/airflow/example_dags/example_trigger_target_dag.py
[2024-04-14T15:36:33.361+0000] {processor.py:829} INFO - Processing file /home/airflow/.local/lib/python3.10/site-packages/airflow/example_dags/example_trigger_target_dag.py for tasks to queue
[2024-04-14T15:36:33.362+0000] {logging_mixin.py:154} INFO - [2024-04-14T15:36:33.362+0000] {dagbag.py:536} INFO - Filling up the DagBag from /home/airflow/.local/lib/python3.10/site-packages/airflow/example_dags/example_trigger_target_dag.py
[2024-04-14T15:36:33.365+0000] {processor.py:839} INFO - DAG(s) dict_keys(['example_trigger_target_dag']) retrieved from /home/airflow/.local/lib/python3.10/site-packages/airflow/example_dags/example_trigger_target_dag.py
[2024-04-14T15:36:33.378+0000] {logging_mixin.py:154} INFO - [2024-04-14T15:36:33.378+0000] {dag.py:2941} INFO - Sync 1 DAGs
[2024-04-14T15:36:33.386+0000] {logging_mixin.py:154} INFO - [2024-04-14T15:36:33.385+0000] {dag.py:3722} INFO - Setting next_dagrun for example_trigger_target_dag to None, run_after=None
[2024-04-14T15:36:33.395+0000] {processor.py:179} INFO - Processing /home/airflow/.local/lib/python3.10/site-packages/airflow/example_dags/example_trigger_target_dag.py took 0.037 seconds
[2024-04-14T15:37:04.179+0000] {processor.py:157} INFO - Started process (PID=2974) to work on /home/airflow/.local/lib/python3.10/site-packages/airflow/example_dags/example_trigger_target_dag.py
[2024-04-14T15:37:04.179+0000] {processor.py:829} INFO - Processing file /home/airflow/.local/lib/python3.10/site-packages/airflow/example_dags/example_trigger_target_dag.py for tasks to queue
[2024-04-14T15:37:04.181+0000] {logging_mixin.py:154} INFO - [2024-04-14T15:37:04.180+0000] {dagbag.py:536} INFO - Filling up the DagBag from /home/airflow/.local/lib/python3.10/site-packages/airflow/example_dags/example_trigger_target_dag.py
[2024-04-14T15:37:04.184+0000] {processor.py:839} INFO - DAG(s) dict_keys(['example_trigger_target_dag']) retrieved from /home/airflow/.local/lib/python3.10/site-packages/airflow/example_dags/example_trigger_target_dag.py
[2024-04-14T15:37:04.197+0000] {logging_mixin.py:154} INFO - [2024-04-14T15:37:04.197+0000] {dag.py:2941} INFO - Sync 1 DAGs
[2024-04-14T15:37:04.205+0000] {logging_mixin.py:154} INFO - [2024-04-14T15:37:04.204+0000] {dag.py:3722} INFO - Setting next_dagrun for example_trigger_target_dag to None, run_after=None
[2024-04-14T15:37:04.214+0000] {processor.py:179} INFO - Processing /home/airflow/.local/lib/python3.10/site-packages/airflow/example_dags/example_trigger_target_dag.py took 0.037 seconds
[2024-04-14T15:37:34.926+0000] {processor.py:157} INFO - Started process (PID=3028) to work on /home/airflow/.local/lib/python3.10/site-packages/airflow/example_dags/example_trigger_target_dag.py
[2024-04-14T15:37:34.927+0000] {processor.py:829} INFO - Processing file /home/airflow/.local/lib/python3.10/site-packages/airflow/example_dags/example_trigger_target_dag.py for tasks to queue
[2024-04-14T15:37:34.928+0000] {logging_mixin.py:154} INFO - [2024-04-14T15:37:34.928+0000] {dagbag.py:536} INFO - Filling up the DagBag from /home/airflow/.local/lib/python3.10/site-packages/airflow/example_dags/example_trigger_target_dag.py
[2024-04-14T15:37:34.932+0000] {processor.py:839} INFO - DAG(s) dict_keys(['example_trigger_target_dag']) retrieved from /home/airflow/.local/lib/python3.10/site-packages/airflow/example_dags/example_trigger_target_dag.py
[2024-04-14T15:37:34.946+0000] {logging_mixin.py:154} INFO - [2024-04-14T15:37:34.946+0000] {dag.py:2941} INFO - Sync 1 DAGs
[2024-04-14T15:37:34.955+0000] {logging_mixin.py:154} INFO - [2024-04-14T15:37:34.955+0000] {dag.py:3722} INFO - Setting next_dagrun for example_trigger_target_dag to None, run_after=None
[2024-04-14T15:37:34.966+0000] {processor.py:179} INFO - Processing /home/airflow/.local/lib/python3.10/site-packages/airflow/example_dags/example_trigger_target_dag.py took 0.042 seconds
[2024-04-14T15:38:05.612+0000] {processor.py:157} INFO - Started process (PID=3082) to work on /home/airflow/.local/lib/python3.10/site-packages/airflow/example_dags/example_trigger_target_dag.py
[2024-04-14T15:38:05.612+0000] {processor.py:829} INFO - Processing file /home/airflow/.local/lib/python3.10/site-packages/airflow/example_dags/example_trigger_target_dag.py for tasks to queue
[2024-04-14T15:38:05.613+0000] {logging_mixin.py:154} INFO - [2024-04-14T15:38:05.613+0000] {dagbag.py:536} INFO - Filling up the DagBag from /home/airflow/.local/lib/python3.10/site-packages/airflow/example_dags/example_trigger_target_dag.py
[2024-04-14T15:38:05.617+0000] {processor.py:839} INFO - DAG(s) dict_keys(['example_trigger_target_dag']) retrieved from /home/airflow/.local/lib/python3.10/site-packages/airflow/example_dags/example_trigger_target_dag.py
[2024-04-14T15:38:05.630+0000] {logging_mixin.py:154} INFO - [2024-04-14T15:38:05.630+0000] {dag.py:2941} INFO - Sync 1 DAGs
[2024-04-14T15:38:05.637+0000] {logging_mixin.py:154} INFO - [2024-04-14T15:38:05.637+0000] {dag.py:3722} INFO - Setting next_dagrun for example_trigger_target_dag to None, run_after=None
[2024-04-14T15:38:05.646+0000] {processor.py:179} INFO - Processing /home/airflow/.local/lib/python3.10/site-packages/airflow/example_dags/example_trigger_target_dag.py took 0.037 seconds
[2024-04-14T15:38:36.568+0000] {processor.py:157} INFO - Started process (PID=3136) to work on /home/airflow/.local/lib/python3.10/site-packages/airflow/example_dags/example_trigger_target_dag.py
[2024-04-14T15:38:36.568+0000] {processor.py:829} INFO - Processing file /home/airflow/.local/lib/python3.10/site-packages/airflow/example_dags/example_trigger_target_dag.py for tasks to queue
[2024-04-14T15:38:36.569+0000] {logging_mixin.py:154} INFO - [2024-04-14T15:38:36.569+0000] {dagbag.py:536} INFO - Filling up the DagBag from /home/airflow/.local/lib/python3.10/site-packages/airflow/example_dags/example_trigger_target_dag.py
[2024-04-14T15:38:36.573+0000] {processor.py:839} INFO - DAG(s) dict_keys(['example_trigger_target_dag']) retrieved from /home/airflow/.local/lib/python3.10/site-packages/airflow/example_dags/example_trigger_target_dag.py
[2024-04-14T15:38:36.586+0000] {logging_mixin.py:154} INFO - [2024-04-14T15:38:36.586+0000] {dag.py:2941} INFO - Sync 1 DAGs
[2024-04-14T15:38:36.594+0000] {logging_mixin.py:154} INFO - [2024-04-14T15:38:36.594+0000] {dag.py:3722} INFO - Setting next_dagrun for example_trigger_target_dag to None, run_after=None
[2024-04-14T15:38:36.605+0000] {processor.py:179} INFO - Processing /home/airflow/.local/lib/python3.10/site-packages/airflow/example_dags/example_trigger_target_dag.py took 0.039 seconds
[2024-04-14T15:39:07.343+0000] {processor.py:157} INFO - Started process (PID=3190) to work on /home/airflow/.local/lib/python3.10/site-packages/airflow/example_dags/example_trigger_target_dag.py
[2024-04-14T15:39:07.343+0000] {processor.py:829} INFO - Processing file /home/airflow/.local/lib/python3.10/site-packages/airflow/example_dags/example_trigger_target_dag.py for tasks to queue
[2024-04-14T15:39:07.345+0000] {logging_mixin.py:154} INFO - [2024-04-14T15:39:07.345+0000] {dagbag.py:536} INFO - Filling up the DagBag from /home/airflow/.local/lib/python3.10/site-packages/airflow/example_dags/example_trigger_target_dag.py
[2024-04-14T15:39:07.349+0000] {processor.py:839} INFO - DAG(s) dict_keys(['example_trigger_target_dag']) retrieved from /home/airflow/.local/lib/python3.10/site-packages/airflow/example_dags/example_trigger_target_dag.py
[2024-04-14T15:39:07.363+0000] {logging_mixin.py:154} INFO - [2024-04-14T15:39:07.362+0000] {dag.py:2941} INFO - Sync 1 DAGs
[2024-04-14T15:39:07.371+0000] {logging_mixin.py:154} INFO - [2024-04-14T15:39:07.370+0000] {dag.py:3722} INFO - Setting next_dagrun for example_trigger_target_dag to None, run_after=None
[2024-04-14T15:39:07.380+0000] {processor.py:179} INFO - Processing /home/airflow/.local/lib/python3.10/site-packages/airflow/example_dags/example_trigger_target_dag.py took 0.040 seconds
[2024-04-14T15:39:38.333+0000] {processor.py:157} INFO - Started process (PID=3244) to work on /home/airflow/.local/lib/python3.10/site-packages/airflow/example_dags/example_trigger_target_dag.py
[2024-04-14T15:39:38.333+0000] {processor.py:829} INFO - Processing file /home/airflow/.local/lib/python3.10/site-packages/airflow/example_dags/example_trigger_target_dag.py for tasks to queue
[2024-04-14T15:39:38.335+0000] {logging_mixin.py:154} INFO - [2024-04-14T15:39:38.334+0000] {dagbag.py:536} INFO - Filling up the DagBag from /home/airflow/.local/lib/python3.10/site-packages/airflow/example_dags/example_trigger_target_dag.py
[2024-04-14T15:39:38.339+0000] {processor.py:839} INFO - DAG(s) dict_keys(['example_trigger_target_dag']) retrieved from /home/airflow/.local/lib/python3.10/site-packages/airflow/example_dags/example_trigger_target_dag.py
[2024-04-14T15:39:38.353+0000] {logging_mixin.py:154} INFO - [2024-04-14T15:39:38.353+0000] {dag.py:2941} INFO - Sync 1 DAGs
[2024-04-14T15:39:38.361+0000] {logging_mixin.py:154} INFO - [2024-04-14T15:39:38.361+0000] {dag.py:3722} INFO - Setting next_dagrun for example_trigger_target_dag to None, run_after=None
[2024-04-14T15:39:38.372+0000] {processor.py:179} INFO - Processing /home/airflow/.local/lib/python3.10/site-packages/airflow/example_dags/example_trigger_target_dag.py took 0.041 seconds
[2024-04-14T15:40:09.224+0000] {processor.py:157} INFO - Started process (PID=3298) to work on /home/airflow/.local/lib/python3.10/site-packages/airflow/example_dags/example_trigger_target_dag.py
[2024-04-14T15:40:09.225+0000] {processor.py:829} INFO - Processing file /home/airflow/.local/lib/python3.10/site-packages/airflow/example_dags/example_trigger_target_dag.py for tasks to queue
[2024-04-14T15:40:09.226+0000] {logging_mixin.py:154} INFO - [2024-04-14T15:40:09.226+0000] {dagbag.py:536} INFO - Filling up the DagBag from /home/airflow/.local/lib/python3.10/site-packages/airflow/example_dags/example_trigger_target_dag.py
[2024-04-14T15:40:09.230+0000] {processor.py:839} INFO - DAG(s) dict_keys(['example_trigger_target_dag']) retrieved from /home/airflow/.local/lib/python3.10/site-packages/airflow/example_dags/example_trigger_target_dag.py
[2024-04-14T15:40:09.241+0000] {logging_mixin.py:154} INFO - [2024-04-14T15:40:09.241+0000] {dag.py:2941} INFO - Sync 1 DAGs
[2024-04-14T15:40:09.249+0000] {logging_mixin.py:154} INFO - [2024-04-14T15:40:09.249+0000] {dag.py:3722} INFO - Setting next_dagrun for example_trigger_target_dag to None, run_after=None
[2024-04-14T15:40:09.258+0000] {processor.py:179} INFO - Processing /home/airflow/.local/lib/python3.10/site-packages/airflow/example_dags/example_trigger_target_dag.py took 0.036 seconds
[2024-04-14T15:41:10.083+0000] {processor.py:157} INFO - Started process (PID=51) to work on /home/airflow/.local/lib/python3.10/site-packages/airflow/example_dags/example_trigger_target_dag.py
[2024-04-14T15:41:10.084+0000] {processor.py:829} INFO - Processing file /home/airflow/.local/lib/python3.10/site-packages/airflow/example_dags/example_trigger_target_dag.py for tasks to queue
[2024-04-14T15:41:10.085+0000] {logging_mixin.py:154} INFO - [2024-04-14T15:41:10.085+0000] {dagbag.py:536} INFO - Filling up the DagBag from /home/airflow/.local/lib/python3.10/site-packages/airflow/example_dags/example_trigger_target_dag.py
[2024-04-14T15:41:10.091+0000] {processor.py:839} INFO - DAG(s) dict_keys(['example_trigger_target_dag']) retrieved from /home/airflow/.local/lib/python3.10/site-packages/airflow/example_dags/example_trigger_target_dag.py
[2024-04-14T15:41:10.099+0000] {logging_mixin.py:154} INFO - [2024-04-14T15:41:10.099+0000] {dag.py:2941} INFO - Sync 1 DAGs
[2024-04-14T15:41:10.109+0000] {logging_mixin.py:154} INFO - [2024-04-14T15:41:10.109+0000] {dag.py:3722} INFO - Setting next_dagrun for example_trigger_target_dag to None, run_after=None
[2024-04-14T15:41:10.119+0000] {processor.py:179} INFO - Processing /home/airflow/.local/lib/python3.10/site-packages/airflow/example_dags/example_trigger_target_dag.py took 0.038 seconds
[2024-04-14T15:41:40.639+0000] {processor.py:157} INFO - Started process (PID=105) to work on /home/airflow/.local/lib/python3.10/site-packages/airflow/example_dags/example_trigger_target_dag.py
[2024-04-14T15:41:40.640+0000] {processor.py:829} INFO - Processing file /home/airflow/.local/lib/python3.10/site-packages/airflow/example_dags/example_trigger_target_dag.py for tasks to queue
[2024-04-14T15:41:40.641+0000] {logging_mixin.py:154} INFO - [2024-04-14T15:41:40.641+0000] {dagbag.py:536} INFO - Filling up the DagBag from /home/airflow/.local/lib/python3.10/site-packages/airflow/example_dags/example_trigger_target_dag.py
[2024-04-14T15:41:40.645+0000] {processor.py:839} INFO - DAG(s) dict_keys(['example_trigger_target_dag']) retrieved from /home/airflow/.local/lib/python3.10/site-packages/airflow/example_dags/example_trigger_target_dag.py
[2024-04-14T15:41:40.656+0000] {logging_mixin.py:154} INFO - [2024-04-14T15:41:40.656+0000] {dag.py:2941} INFO - Sync 1 DAGs
[2024-04-14T15:41:40.663+0000] {logging_mixin.py:154} INFO - [2024-04-14T15:41:40.663+0000] {dag.py:3722} INFO - Setting next_dagrun for example_trigger_target_dag to None, run_after=None
[2024-04-14T15:41:40.671+0000] {processor.py:179} INFO - Processing /home/airflow/.local/lib/python3.10/site-packages/airflow/example_dags/example_trigger_target_dag.py took 0.034 seconds
[2024-04-14T15:42:11.240+0000] {processor.py:157} INFO - Started process (PID=159) to work on /home/airflow/.local/lib/python3.10/site-packages/airflow/example_dags/example_trigger_target_dag.py
[2024-04-14T15:42:11.241+0000] {processor.py:829} INFO - Processing file /home/airflow/.local/lib/python3.10/site-packages/airflow/example_dags/example_trigger_target_dag.py for tasks to queue
[2024-04-14T15:42:11.241+0000] {logging_mixin.py:154} INFO - [2024-04-14T15:42:11.241+0000] {dagbag.py:536} INFO - Filling up the DagBag from /home/airflow/.local/lib/python3.10/site-packages/airflow/example_dags/example_trigger_target_dag.py
[2024-04-14T15:42:11.245+0000] {processor.py:839} INFO - DAG(s) dict_keys(['example_trigger_target_dag']) retrieved from /home/airflow/.local/lib/python3.10/site-packages/airflow/example_dags/example_trigger_target_dag.py
[2024-04-14T15:42:11.257+0000] {logging_mixin.py:154} INFO - [2024-04-14T15:42:11.257+0000] {dag.py:2941} INFO - Sync 1 DAGs
[2024-04-14T15:42:11.264+0000] {logging_mixin.py:154} INFO - [2024-04-14T15:42:11.264+0000] {dag.py:3722} INFO - Setting next_dagrun for example_trigger_target_dag to None, run_after=None
[2024-04-14T15:42:11.272+0000] {processor.py:179} INFO - Processing /home/airflow/.local/lib/python3.10/site-packages/airflow/example_dags/example_trigger_target_dag.py took 0.034 seconds
[2024-04-14T15:42:41.992+0000] {processor.py:157} INFO - Started process (PID=213) to work on /home/airflow/.local/lib/python3.10/site-packages/airflow/example_dags/example_trigger_target_dag.py
[2024-04-14T15:42:41.993+0000] {processor.py:829} INFO - Processing file /home/airflow/.local/lib/python3.10/site-packages/airflow/example_dags/example_trigger_target_dag.py for tasks to queue
[2024-04-14T15:42:41.993+0000] {logging_mixin.py:154} INFO - [2024-04-14T15:42:41.993+0000] {dagbag.py:536} INFO - Filling up the DagBag from /home/airflow/.local/lib/python3.10/site-packages/airflow/example_dags/example_trigger_target_dag.py
[2024-04-14T15:42:41.997+0000] {processor.py:839} INFO - DAG(s) dict_keys(['example_trigger_target_dag']) retrieved from /home/airflow/.local/lib/python3.10/site-packages/airflow/example_dags/example_trigger_target_dag.py
[2024-04-14T15:42:42.009+0000] {logging_mixin.py:154} INFO - [2024-04-14T15:42:42.009+0000] {dag.py:2941} INFO - Sync 1 DAGs
[2024-04-14T15:42:42.015+0000] {logging_mixin.py:154} INFO - [2024-04-14T15:42:42.015+0000] {dag.py:3722} INFO - Setting next_dagrun for example_trigger_target_dag to None, run_after=None
[2024-04-14T15:42:42.024+0000] {processor.py:179} INFO - Processing /home/airflow/.local/lib/python3.10/site-packages/airflow/example_dags/example_trigger_target_dag.py took 0.034 seconds
[2024-04-14T15:46:33.167+0000] {processor.py:157} INFO - Started process (PID=52) to work on /home/airflow/.local/lib/python3.10/site-packages/airflow/example_dags/example_trigger_target_dag.py
[2024-04-14T15:46:33.168+0000] {processor.py:829} INFO - Processing file /home/airflow/.local/lib/python3.10/site-packages/airflow/example_dags/example_trigger_target_dag.py for tasks to queue
[2024-04-14T15:46:33.169+0000] {logging_mixin.py:154} INFO - [2024-04-14T15:46:33.169+0000] {dagbag.py:536} INFO - Filling up the DagBag from /home/airflow/.local/lib/python3.10/site-packages/airflow/example_dags/example_trigger_target_dag.py
[2024-04-14T15:46:33.175+0000] {processor.py:839} INFO - DAG(s) dict_keys(['example_trigger_target_dag']) retrieved from /home/airflow/.local/lib/python3.10/site-packages/airflow/example_dags/example_trigger_target_dag.py
[2024-04-14T15:46:33.183+0000] {logging_mixin.py:154} INFO - [2024-04-14T15:46:33.183+0000] {dag.py:2941} INFO - Sync 1 DAGs
[2024-04-14T15:46:33.192+0000] {logging_mixin.py:154} INFO - [2024-04-14T15:46:33.192+0000] {dag.py:3722} INFO - Setting next_dagrun for example_trigger_target_dag to None, run_after=None
[2024-04-14T15:46:33.201+0000] {processor.py:179} INFO - Processing /home/airflow/.local/lib/python3.10/site-packages/airflow/example_dags/example_trigger_target_dag.py took 0.037 seconds
[2024-04-14T15:47:04.095+0000] {processor.py:157} INFO - Started process (PID=107) to work on /home/airflow/.local/lib/python3.10/site-packages/airflow/example_dags/example_trigger_target_dag.py
[2024-04-14T15:47:04.096+0000] {processor.py:829} INFO - Processing file /home/airflow/.local/lib/python3.10/site-packages/airflow/example_dags/example_trigger_target_dag.py for tasks to queue
[2024-04-14T15:47:04.097+0000] {logging_mixin.py:154} INFO - [2024-04-14T15:47:04.097+0000] {dagbag.py:536} INFO - Filling up the DagBag from /home/airflow/.local/lib/python3.10/site-packages/airflow/example_dags/example_trigger_target_dag.py
[2024-04-14T15:47:04.100+0000] {processor.py:839} INFO - DAG(s) dict_keys(['example_trigger_target_dag']) retrieved from /home/airflow/.local/lib/python3.10/site-packages/airflow/example_dags/example_trigger_target_dag.py
[2024-04-14T15:47:04.111+0000] {logging_mixin.py:154} INFO - [2024-04-14T15:47:04.111+0000] {dag.py:2941} INFO - Sync 1 DAGs
[2024-04-14T15:47:04.118+0000] {logging_mixin.py:154} INFO - [2024-04-14T15:47:04.118+0000] {dag.py:3722} INFO - Setting next_dagrun for example_trigger_target_dag to None, run_after=None
[2024-04-14T15:47:04.126+0000] {processor.py:179} INFO - Processing /home/airflow/.local/lib/python3.10/site-packages/airflow/example_dags/example_trigger_target_dag.py took 0.033 seconds
[2024-04-14T15:47:34.937+0000] {processor.py:157} INFO - Started process (PID=162) to work on /home/airflow/.local/lib/python3.10/site-packages/airflow/example_dags/example_trigger_target_dag.py
[2024-04-14T15:47:34.937+0000] {processor.py:829} INFO - Processing file /home/airflow/.local/lib/python3.10/site-packages/airflow/example_dags/example_trigger_target_dag.py for tasks to queue
[2024-04-14T15:47:34.938+0000] {logging_mixin.py:154} INFO - [2024-04-14T15:47:34.938+0000] {dagbag.py:536} INFO - Filling up the DagBag from /home/airflow/.local/lib/python3.10/site-packages/airflow/example_dags/example_trigger_target_dag.py
[2024-04-14T15:47:34.942+0000] {processor.py:839} INFO - DAG(s) dict_keys(['example_trigger_target_dag']) retrieved from /home/airflow/.local/lib/python3.10/site-packages/airflow/example_dags/example_trigger_target_dag.py
[2024-04-14T15:47:34.952+0000] {logging_mixin.py:154} INFO - [2024-04-14T15:47:34.952+0000] {dag.py:2941} INFO - Sync 1 DAGs
[2024-04-14T15:47:34.959+0000] {logging_mixin.py:154} INFO - [2024-04-14T15:47:34.958+0000] {dag.py:3722} INFO - Setting next_dagrun for example_trigger_target_dag to None, run_after=None
[2024-04-14T15:47:34.968+0000] {processor.py:179} INFO - Processing /home/airflow/.local/lib/python3.10/site-packages/airflow/example_dags/example_trigger_target_dag.py took 0.033 seconds
[2024-04-14T15:48:05.706+0000] {processor.py:157} INFO - Started process (PID=221) to work on /home/airflow/.local/lib/python3.10/site-packages/airflow/example_dags/example_trigger_target_dag.py
[2024-04-14T15:48:05.707+0000] {processor.py:829} INFO - Processing file /home/airflow/.local/lib/python3.10/site-packages/airflow/example_dags/example_trigger_target_dag.py for tasks to queue
[2024-04-14T15:48:05.708+0000] {logging_mixin.py:154} INFO - [2024-04-14T15:48:05.708+0000] {dagbag.py:536} INFO - Filling up the DagBag from /home/airflow/.local/lib/python3.10/site-packages/airflow/example_dags/example_trigger_target_dag.py
[2024-04-14T15:48:05.711+0000] {processor.py:839} INFO - DAG(s) dict_keys(['example_trigger_target_dag']) retrieved from /home/airflow/.local/lib/python3.10/site-packages/airflow/example_dags/example_trigger_target_dag.py
[2024-04-14T15:48:05.723+0000] {logging_mixin.py:154} INFO - [2024-04-14T15:48:05.723+0000] {dag.py:2941} INFO - Sync 1 DAGs
[2024-04-14T15:48:05.730+0000] {logging_mixin.py:154} INFO - [2024-04-14T15:48:05.730+0000] {dag.py:3722} INFO - Setting next_dagrun for example_trigger_target_dag to None, run_after=None
[2024-04-14T15:48:05.739+0000] {processor.py:179} INFO - Processing /home/airflow/.local/lib/python3.10/site-packages/airflow/example_dags/example_trigger_target_dag.py took 0.035 seconds
[2024-04-14T15:48:36.375+0000] {processor.py:157} INFO - Started process (PID=276) to work on /home/airflow/.local/lib/python3.10/site-packages/airflow/example_dags/example_trigger_target_dag.py
[2024-04-14T15:48:36.376+0000] {processor.py:829} INFO - Processing file /home/airflow/.local/lib/python3.10/site-packages/airflow/example_dags/example_trigger_target_dag.py for tasks to queue
[2024-04-14T15:48:36.377+0000] {logging_mixin.py:154} INFO - [2024-04-14T15:48:36.377+0000] {dagbag.py:536} INFO - Filling up the DagBag from /home/airflow/.local/lib/python3.10/site-packages/airflow/example_dags/example_trigger_target_dag.py
[2024-04-14T15:48:36.380+0000] {processor.py:839} INFO - DAG(s) dict_keys(['example_trigger_target_dag']) retrieved from /home/airflow/.local/lib/python3.10/site-packages/airflow/example_dags/example_trigger_target_dag.py
[2024-04-14T15:48:36.392+0000] {logging_mixin.py:154} INFO - [2024-04-14T15:48:36.392+0000] {dag.py:2941} INFO - Sync 1 DAGs
[2024-04-14T15:48:36.399+0000] {logging_mixin.py:154} INFO - [2024-04-14T15:48:36.399+0000] {dag.py:3722} INFO - Setting next_dagrun for example_trigger_target_dag to None, run_after=None
[2024-04-14T15:48:36.408+0000] {processor.py:179} INFO - Processing /home/airflow/.local/lib/python3.10/site-packages/airflow/example_dags/example_trigger_target_dag.py took 0.035 seconds
[2024-04-14T15:49:07.039+0000] {processor.py:157} INFO - Started process (PID=331) to work on /home/airflow/.local/lib/python3.10/site-packages/airflow/example_dags/example_trigger_target_dag.py
[2024-04-14T15:49:07.039+0000] {processor.py:829} INFO - Processing file /home/airflow/.local/lib/python3.10/site-packages/airflow/example_dags/example_trigger_target_dag.py for tasks to queue
[2024-04-14T15:49:07.040+0000] {logging_mixin.py:154} INFO - [2024-04-14T15:49:07.040+0000] {dagbag.py:536} INFO - Filling up the DagBag from /home/airflow/.local/lib/python3.10/site-packages/airflow/example_dags/example_trigger_target_dag.py
[2024-04-14T15:49:07.044+0000] {processor.py:839} INFO - DAG(s) dict_keys(['example_trigger_target_dag']) retrieved from /home/airflow/.local/lib/python3.10/site-packages/airflow/example_dags/example_trigger_target_dag.py
[2024-04-14T15:49:07.055+0000] {logging_mixin.py:154} INFO - [2024-04-14T15:49:07.055+0000] {dag.py:2941} INFO - Sync 1 DAGs
[2024-04-14T15:49:07.062+0000] {logging_mixin.py:154} INFO - [2024-04-14T15:49:07.062+0000] {dag.py:3722} INFO - Setting next_dagrun for example_trigger_target_dag to None, run_after=None
[2024-04-14T15:49:07.070+0000] {processor.py:179} INFO - Processing /home/airflow/.local/lib/python3.10/site-packages/airflow/example_dags/example_trigger_target_dag.py took 0.034 seconds
