[2024-04-14T15:09:26.731+0000] {processor.py:157} INFO - Started process (PID=74) to work on /home/airflow/.local/lib/python3.10/site-packages/airflow/example_dags/tutorial_taskflow_api.py
[2024-04-14T15:09:26.731+0000] {processor.py:829} INFO - Processing file /home/airflow/.local/lib/python3.10/site-packages/airflow/example_dags/tutorial_taskflow_api.py for tasks to queue
[2024-04-14T15:09:26.732+0000] {logging_mixin.py:154} INFO - [2024-04-14T15:09:26.732+0000] {dagbag.py:536} INFO - Filling up the DagBag from /home/airflow/.local/lib/python3.10/site-packages/airflow/example_dags/tutorial_taskflow_api.py
[2024-04-14T15:09:26.737+0000] {processor.py:839} INFO - DAG(s) dict_keys(['tutorial_taskflow_api']) retrieved from /home/airflow/.local/lib/python3.10/site-packages/airflow/example_dags/tutorial_taskflow_api.py
[2024-04-14T15:09:26.746+0000] {logging_mixin.py:154} INFO - [2024-04-14T15:09:26.746+0000] {dag.py:2941} INFO - Sync 1 DAGs
[2024-04-14T15:09:26.755+0000] {logging_mixin.py:154} INFO - [2024-04-14T15:09:26.754+0000] {dag.py:3722} INFO - Setting next_dagrun for tutorial_taskflow_api to None, run_after=None
[2024-04-14T15:09:26.764+0000] {processor.py:179} INFO - Processing /home/airflow/.local/lib/python3.10/site-packages/airflow/example_dags/tutorial_taskflow_api.py took 0.036 seconds
[2024-04-14T15:09:57.370+0000] {processor.py:157} INFO - Started process (PID=128) to work on /home/airflow/.local/lib/python3.10/site-packages/airflow/example_dags/tutorial_taskflow_api.py
[2024-04-14T15:09:57.370+0000] {processor.py:829} INFO - Processing file /home/airflow/.local/lib/python3.10/site-packages/airflow/example_dags/tutorial_taskflow_api.py for tasks to queue
[2024-04-14T15:09:57.371+0000] {logging_mixin.py:154} INFO - [2024-04-14T15:09:57.371+0000] {dagbag.py:536} INFO - Filling up the DagBag from /home/airflow/.local/lib/python3.10/site-packages/airflow/example_dags/tutorial_taskflow_api.py
[2024-04-14T15:09:57.376+0000] {processor.py:839} INFO - DAG(s) dict_keys(['tutorial_taskflow_api']) retrieved from /home/airflow/.local/lib/python3.10/site-packages/airflow/example_dags/tutorial_taskflow_api.py
[2024-04-14T15:09:57.390+0000] {logging_mixin.py:154} INFO - [2024-04-14T15:09:57.390+0000] {dag.py:2941} INFO - Sync 1 DAGs
[2024-04-14T15:09:57.398+0000] {logging_mixin.py:154} INFO - [2024-04-14T15:09:57.398+0000] {dag.py:3722} INFO - Setting next_dagrun for tutorial_taskflow_api to None, run_after=None
[2024-04-14T15:09:57.408+0000] {processor.py:179} INFO - Processing /home/airflow/.local/lib/python3.10/site-packages/airflow/example_dags/tutorial_taskflow_api.py took 0.041 seconds
[2024-04-14T15:10:28.082+0000] {processor.py:157} INFO - Started process (PID=182) to work on /home/airflow/.local/lib/python3.10/site-packages/airflow/example_dags/tutorial_taskflow_api.py
[2024-04-14T15:10:28.083+0000] {processor.py:829} INFO - Processing file /home/airflow/.local/lib/python3.10/site-packages/airflow/example_dags/tutorial_taskflow_api.py for tasks to queue
[2024-04-14T15:10:28.084+0000] {logging_mixin.py:154} INFO - [2024-04-14T15:10:28.084+0000] {dagbag.py:536} INFO - Filling up the DagBag from /home/airflow/.local/lib/python3.10/site-packages/airflow/example_dags/tutorial_taskflow_api.py
[2024-04-14T15:10:28.088+0000] {processor.py:839} INFO - DAG(s) dict_keys(['tutorial_taskflow_api']) retrieved from /home/airflow/.local/lib/python3.10/site-packages/airflow/example_dags/tutorial_taskflow_api.py
[2024-04-14T15:10:28.099+0000] {logging_mixin.py:154} INFO - [2024-04-14T15:10:28.099+0000] {dag.py:2941} INFO - Sync 1 DAGs
[2024-04-14T15:10:28.106+0000] {logging_mixin.py:154} INFO - [2024-04-14T15:10:28.106+0000] {dag.py:3722} INFO - Setting next_dagrun for tutorial_taskflow_api to None, run_after=None
[2024-04-14T15:10:28.115+0000] {processor.py:179} INFO - Processing /home/airflow/.local/lib/python3.10/site-packages/airflow/example_dags/tutorial_taskflow_api.py took 0.035 seconds
[2024-04-14T15:10:58.663+0000] {processor.py:157} INFO - Started process (PID=236) to work on /home/airflow/.local/lib/python3.10/site-packages/airflow/example_dags/tutorial_taskflow_api.py
[2024-04-14T15:10:58.664+0000] {processor.py:829} INFO - Processing file /home/airflow/.local/lib/python3.10/site-packages/airflow/example_dags/tutorial_taskflow_api.py for tasks to queue
[2024-04-14T15:10:58.665+0000] {logging_mixin.py:154} INFO - [2024-04-14T15:10:58.665+0000] {dagbag.py:536} INFO - Filling up the DagBag from /home/airflow/.local/lib/python3.10/site-packages/airflow/example_dags/tutorial_taskflow_api.py
[2024-04-14T15:10:58.669+0000] {processor.py:839} INFO - DAG(s) dict_keys(['tutorial_taskflow_api']) retrieved from /home/airflow/.local/lib/python3.10/site-packages/airflow/example_dags/tutorial_taskflow_api.py
[2024-04-14T15:10:58.682+0000] {logging_mixin.py:154} INFO - [2024-04-14T15:10:58.682+0000] {dag.py:2941} INFO - Sync 1 DAGs
[2024-04-14T15:10:58.689+0000] {logging_mixin.py:154} INFO - [2024-04-14T15:10:58.689+0000] {dag.py:3722} INFO - Setting next_dagrun for tutorial_taskflow_api to None, run_after=None
[2024-04-14T15:10:58.698+0000] {processor.py:179} INFO - Processing /home/airflow/.local/lib/python3.10/site-packages/airflow/example_dags/tutorial_taskflow_api.py took 0.037 seconds
[2024-04-14T15:11:29.432+0000] {processor.py:157} INFO - Started process (PID=290) to work on /home/airflow/.local/lib/python3.10/site-packages/airflow/example_dags/tutorial_taskflow_api.py
[2024-04-14T15:11:29.433+0000] {processor.py:829} INFO - Processing file /home/airflow/.local/lib/python3.10/site-packages/airflow/example_dags/tutorial_taskflow_api.py for tasks to queue
[2024-04-14T15:11:29.434+0000] {logging_mixin.py:154} INFO - [2024-04-14T15:11:29.434+0000] {dagbag.py:536} INFO - Filling up the DagBag from /home/airflow/.local/lib/python3.10/site-packages/airflow/example_dags/tutorial_taskflow_api.py
[2024-04-14T15:11:29.438+0000] {processor.py:839} INFO - DAG(s) dict_keys(['tutorial_taskflow_api']) retrieved from /home/airflow/.local/lib/python3.10/site-packages/airflow/example_dags/tutorial_taskflow_api.py
[2024-04-14T15:11:29.449+0000] {logging_mixin.py:154} INFO - [2024-04-14T15:11:29.449+0000] {dag.py:2941} INFO - Sync 1 DAGs
[2024-04-14T15:11:29.455+0000] {logging_mixin.py:154} INFO - [2024-04-14T15:11:29.455+0000] {dag.py:3722} INFO - Setting next_dagrun for tutorial_taskflow_api to None, run_after=None
[2024-04-14T15:11:29.463+0000] {processor.py:179} INFO - Processing /home/airflow/.local/lib/python3.10/site-packages/airflow/example_dags/tutorial_taskflow_api.py took 0.033 seconds
[2024-04-14T15:12:00.228+0000] {processor.py:157} INFO - Started process (PID=344) to work on /home/airflow/.local/lib/python3.10/site-packages/airflow/example_dags/tutorial_taskflow_api.py
[2024-04-14T15:12:00.229+0000] {processor.py:829} INFO - Processing file /home/airflow/.local/lib/python3.10/site-packages/airflow/example_dags/tutorial_taskflow_api.py for tasks to queue
[2024-04-14T15:12:00.230+0000] {logging_mixin.py:154} INFO - [2024-04-14T15:12:00.230+0000] {dagbag.py:536} INFO - Filling up the DagBag from /home/airflow/.local/lib/python3.10/site-packages/airflow/example_dags/tutorial_taskflow_api.py
[2024-04-14T15:12:00.234+0000] {processor.py:839} INFO - DAG(s) dict_keys(['tutorial_taskflow_api']) retrieved from /home/airflow/.local/lib/python3.10/site-packages/airflow/example_dags/tutorial_taskflow_api.py
[2024-04-14T15:12:00.246+0000] {logging_mixin.py:154} INFO - [2024-04-14T15:12:00.246+0000] {dag.py:2941} INFO - Sync 1 DAGs
[2024-04-14T15:12:00.253+0000] {logging_mixin.py:154} INFO - [2024-04-14T15:12:00.253+0000] {dag.py:3722} INFO - Setting next_dagrun for tutorial_taskflow_api to None, run_after=None
[2024-04-14T15:12:00.262+0000] {processor.py:179} INFO - Processing /home/airflow/.local/lib/python3.10/site-packages/airflow/example_dags/tutorial_taskflow_api.py took 0.036 seconds
[2024-04-14T15:12:30.845+0000] {processor.py:157} INFO - Started process (PID=398) to work on /home/airflow/.local/lib/python3.10/site-packages/airflow/example_dags/tutorial_taskflow_api.py
[2024-04-14T15:12:30.846+0000] {processor.py:829} INFO - Processing file /home/airflow/.local/lib/python3.10/site-packages/airflow/example_dags/tutorial_taskflow_api.py for tasks to queue
[2024-04-14T15:12:30.847+0000] {logging_mixin.py:154} INFO - [2024-04-14T15:12:30.847+0000] {dagbag.py:536} INFO - Filling up the DagBag from /home/airflow/.local/lib/python3.10/site-packages/airflow/example_dags/tutorial_taskflow_api.py
[2024-04-14T15:12:30.851+0000] {processor.py:839} INFO - DAG(s) dict_keys(['tutorial_taskflow_api']) retrieved from /home/airflow/.local/lib/python3.10/site-packages/airflow/example_dags/tutorial_taskflow_api.py
[2024-04-14T15:12:30.864+0000] {logging_mixin.py:154} INFO - [2024-04-14T15:12:30.863+0000] {dag.py:2941} INFO - Sync 1 DAGs
[2024-04-14T15:12:30.871+0000] {logging_mixin.py:154} INFO - [2024-04-14T15:12:30.870+0000] {dag.py:3722} INFO - Setting next_dagrun for tutorial_taskflow_api to None, run_after=None
[2024-04-14T15:12:30.879+0000] {processor.py:179} INFO - Processing /home/airflow/.local/lib/python3.10/site-packages/airflow/example_dags/tutorial_taskflow_api.py took 0.036 seconds
[2024-04-14T15:13:01.742+0000] {processor.py:157} INFO - Started process (PID=452) to work on /home/airflow/.local/lib/python3.10/site-packages/airflow/example_dags/tutorial_taskflow_api.py
[2024-04-14T15:13:01.743+0000] {processor.py:829} INFO - Processing file /home/airflow/.local/lib/python3.10/site-packages/airflow/example_dags/tutorial_taskflow_api.py for tasks to queue
[2024-04-14T15:13:01.744+0000] {logging_mixin.py:154} INFO - [2024-04-14T15:13:01.744+0000] {dagbag.py:536} INFO - Filling up the DagBag from /home/airflow/.local/lib/python3.10/site-packages/airflow/example_dags/tutorial_taskflow_api.py
[2024-04-14T15:13:01.747+0000] {processor.py:839} INFO - DAG(s) dict_keys(['tutorial_taskflow_api']) retrieved from /home/airflow/.local/lib/python3.10/site-packages/airflow/example_dags/tutorial_taskflow_api.py
[2024-04-14T15:13:01.760+0000] {logging_mixin.py:154} INFO - [2024-04-14T15:13:01.760+0000] {dag.py:2941} INFO - Sync 1 DAGs
[2024-04-14T15:13:01.767+0000] {logging_mixin.py:154} INFO - [2024-04-14T15:13:01.767+0000] {dag.py:3722} INFO - Setting next_dagrun for tutorial_taskflow_api to None, run_after=None
[2024-04-14T15:13:01.775+0000] {processor.py:179} INFO - Processing /home/airflow/.local/lib/python3.10/site-packages/airflow/example_dags/tutorial_taskflow_api.py took 0.035 seconds
[2024-04-14T15:13:32.347+0000] {processor.py:157} INFO - Started process (PID=506) to work on /home/airflow/.local/lib/python3.10/site-packages/airflow/example_dags/tutorial_taskflow_api.py
[2024-04-14T15:13:32.348+0000] {processor.py:829} INFO - Processing file /home/airflow/.local/lib/python3.10/site-packages/airflow/example_dags/tutorial_taskflow_api.py for tasks to queue
[2024-04-14T15:13:32.349+0000] {logging_mixin.py:154} INFO - [2024-04-14T15:13:32.348+0000] {dagbag.py:536} INFO - Filling up the DagBag from /home/airflow/.local/lib/python3.10/site-packages/airflow/example_dags/tutorial_taskflow_api.py
[2024-04-14T15:13:32.352+0000] {processor.py:839} INFO - DAG(s) dict_keys(['tutorial_taskflow_api']) retrieved from /home/airflow/.local/lib/python3.10/site-packages/airflow/example_dags/tutorial_taskflow_api.py
[2024-04-14T15:13:32.364+0000] {logging_mixin.py:154} INFO - [2024-04-14T15:13:32.364+0000] {dag.py:2941} INFO - Sync 1 DAGs
[2024-04-14T15:13:32.371+0000] {logging_mixin.py:154} INFO - [2024-04-14T15:13:32.371+0000] {dag.py:3722} INFO - Setting next_dagrun for tutorial_taskflow_api to None, run_after=None
[2024-04-14T15:13:32.380+0000] {processor.py:179} INFO - Processing /home/airflow/.local/lib/python3.10/site-packages/airflow/example_dags/tutorial_taskflow_api.py took 0.035 seconds
[2024-04-14T15:14:02.963+0000] {processor.py:157} INFO - Started process (PID=560) to work on /home/airflow/.local/lib/python3.10/site-packages/airflow/example_dags/tutorial_taskflow_api.py
[2024-04-14T15:14:02.963+0000] {processor.py:829} INFO - Processing file /home/airflow/.local/lib/python3.10/site-packages/airflow/example_dags/tutorial_taskflow_api.py for tasks to queue
[2024-04-14T15:14:02.964+0000] {logging_mixin.py:154} INFO - [2024-04-14T15:14:02.964+0000] {dagbag.py:536} INFO - Filling up the DagBag from /home/airflow/.local/lib/python3.10/site-packages/airflow/example_dags/tutorial_taskflow_api.py
[2024-04-14T15:14:02.968+0000] {processor.py:839} INFO - DAG(s) dict_keys(['tutorial_taskflow_api']) retrieved from /home/airflow/.local/lib/python3.10/site-packages/airflow/example_dags/tutorial_taskflow_api.py
[2024-04-14T15:14:02.979+0000] {logging_mixin.py:154} INFO - [2024-04-14T15:14:02.979+0000] {dag.py:2941} INFO - Sync 1 DAGs
[2024-04-14T15:14:02.986+0000] {logging_mixin.py:154} INFO - [2024-04-14T15:14:02.986+0000] {dag.py:3722} INFO - Setting next_dagrun for tutorial_taskflow_api to None, run_after=None
[2024-04-14T15:14:02.994+0000] {processor.py:179} INFO - Processing /home/airflow/.local/lib/python3.10/site-packages/airflow/example_dags/tutorial_taskflow_api.py took 0.034 seconds
[2024-04-14T15:14:33.621+0000] {processor.py:157} INFO - Started process (PID=614) to work on /home/airflow/.local/lib/python3.10/site-packages/airflow/example_dags/tutorial_taskflow_api.py
[2024-04-14T15:14:33.621+0000] {processor.py:829} INFO - Processing file /home/airflow/.local/lib/python3.10/site-packages/airflow/example_dags/tutorial_taskflow_api.py for tasks to queue
[2024-04-14T15:14:33.622+0000] {logging_mixin.py:154} INFO - [2024-04-14T15:14:33.622+0000] {dagbag.py:536} INFO - Filling up the DagBag from /home/airflow/.local/lib/python3.10/site-packages/airflow/example_dags/tutorial_taskflow_api.py
[2024-04-14T15:14:33.626+0000] {processor.py:839} INFO - DAG(s) dict_keys(['tutorial_taskflow_api']) retrieved from /home/airflow/.local/lib/python3.10/site-packages/airflow/example_dags/tutorial_taskflow_api.py
[2024-04-14T15:14:33.638+0000] {logging_mixin.py:154} INFO - [2024-04-14T15:14:33.638+0000] {dag.py:2941} INFO - Sync 1 DAGs
[2024-04-14T15:14:33.644+0000] {logging_mixin.py:154} INFO - [2024-04-14T15:14:33.644+0000] {dag.py:3722} INFO - Setting next_dagrun for tutorial_taskflow_api to None, run_after=None
[2024-04-14T15:14:33.653+0000] {processor.py:179} INFO - Processing /home/airflow/.local/lib/python3.10/site-packages/airflow/example_dags/tutorial_taskflow_api.py took 0.034 seconds
[2024-04-14T15:15:04.351+0000] {processor.py:157} INFO - Started process (PID=668) to work on /home/airflow/.local/lib/python3.10/site-packages/airflow/example_dags/tutorial_taskflow_api.py
[2024-04-14T15:15:04.352+0000] {processor.py:829} INFO - Processing file /home/airflow/.local/lib/python3.10/site-packages/airflow/example_dags/tutorial_taskflow_api.py for tasks to queue
[2024-04-14T15:15:04.353+0000] {logging_mixin.py:154} INFO - [2024-04-14T15:15:04.353+0000] {dagbag.py:536} INFO - Filling up the DagBag from /home/airflow/.local/lib/python3.10/site-packages/airflow/example_dags/tutorial_taskflow_api.py
[2024-04-14T15:15:04.357+0000] {processor.py:839} INFO - DAG(s) dict_keys(['tutorial_taskflow_api']) retrieved from /home/airflow/.local/lib/python3.10/site-packages/airflow/example_dags/tutorial_taskflow_api.py
[2024-04-14T15:15:04.368+0000] {logging_mixin.py:154} INFO - [2024-04-14T15:15:04.368+0000] {dag.py:2941} INFO - Sync 1 DAGs
[2024-04-14T15:15:04.375+0000] {logging_mixin.py:154} INFO - [2024-04-14T15:15:04.375+0000] {dag.py:3722} INFO - Setting next_dagrun for tutorial_taskflow_api to None, run_after=None
[2024-04-14T15:15:04.383+0000] {processor.py:179} INFO - Processing /home/airflow/.local/lib/python3.10/site-packages/airflow/example_dags/tutorial_taskflow_api.py took 0.034 seconds
[2024-04-14T15:15:34.932+0000] {processor.py:157} INFO - Started process (PID=722) to work on /home/airflow/.local/lib/python3.10/site-packages/airflow/example_dags/tutorial_taskflow_api.py
[2024-04-14T15:15:34.932+0000] {processor.py:829} INFO - Processing file /home/airflow/.local/lib/python3.10/site-packages/airflow/example_dags/tutorial_taskflow_api.py for tasks to queue
[2024-04-14T15:15:34.933+0000] {logging_mixin.py:154} INFO - [2024-04-14T15:15:34.933+0000] {dagbag.py:536} INFO - Filling up the DagBag from /home/airflow/.local/lib/python3.10/site-packages/airflow/example_dags/tutorial_taskflow_api.py
[2024-04-14T15:15:34.937+0000] {processor.py:839} INFO - DAG(s) dict_keys(['tutorial_taskflow_api']) retrieved from /home/airflow/.local/lib/python3.10/site-packages/airflow/example_dags/tutorial_taskflow_api.py
[2024-04-14T15:15:34.949+0000] {logging_mixin.py:154} INFO - [2024-04-14T15:15:34.949+0000] {dag.py:2941} INFO - Sync 1 DAGs
[2024-04-14T15:15:34.956+0000] {logging_mixin.py:154} INFO - [2024-04-14T15:15:34.956+0000] {dag.py:3722} INFO - Setting next_dagrun for tutorial_taskflow_api to None, run_after=None
[2024-04-14T15:15:34.965+0000] {processor.py:179} INFO - Processing /home/airflow/.local/lib/python3.10/site-packages/airflow/example_dags/tutorial_taskflow_api.py took 0.035 seconds
[2024-04-14T15:16:05.656+0000] {processor.py:157} INFO - Started process (PID=776) to work on /home/airflow/.local/lib/python3.10/site-packages/airflow/example_dags/tutorial_taskflow_api.py
[2024-04-14T15:16:05.656+0000] {processor.py:829} INFO - Processing file /home/airflow/.local/lib/python3.10/site-packages/airflow/example_dags/tutorial_taskflow_api.py for tasks to queue
[2024-04-14T15:16:05.657+0000] {logging_mixin.py:154} INFO - [2024-04-14T15:16:05.657+0000] {dagbag.py:536} INFO - Filling up the DagBag from /home/airflow/.local/lib/python3.10/site-packages/airflow/example_dags/tutorial_taskflow_api.py
[2024-04-14T15:16:05.661+0000] {processor.py:839} INFO - DAG(s) dict_keys(['tutorial_taskflow_api']) retrieved from /home/airflow/.local/lib/python3.10/site-packages/airflow/example_dags/tutorial_taskflow_api.py
[2024-04-14T15:16:05.672+0000] {logging_mixin.py:154} INFO - [2024-04-14T15:16:05.672+0000] {dag.py:2941} INFO - Sync 1 DAGs
[2024-04-14T15:16:05.679+0000] {logging_mixin.py:154} INFO - [2024-04-14T15:16:05.679+0000] {dag.py:3722} INFO - Setting next_dagrun for tutorial_taskflow_api to None, run_after=None
[2024-04-14T15:16:05.687+0000] {processor.py:179} INFO - Processing /home/airflow/.local/lib/python3.10/site-packages/airflow/example_dags/tutorial_taskflow_api.py took 0.033 seconds
[2024-04-14T15:16:36.441+0000] {processor.py:157} INFO - Started process (PID=830) to work on /home/airflow/.local/lib/python3.10/site-packages/airflow/example_dags/tutorial_taskflow_api.py
[2024-04-14T15:16:36.441+0000] {processor.py:829} INFO - Processing file /home/airflow/.local/lib/python3.10/site-packages/airflow/example_dags/tutorial_taskflow_api.py for tasks to queue
[2024-04-14T15:16:36.442+0000] {logging_mixin.py:154} INFO - [2024-04-14T15:16:36.442+0000] {dagbag.py:536} INFO - Filling up the DagBag from /home/airflow/.local/lib/python3.10/site-packages/airflow/example_dags/tutorial_taskflow_api.py
[2024-04-14T15:16:36.446+0000] {processor.py:839} INFO - DAG(s) dict_keys(['tutorial_taskflow_api']) retrieved from /home/airflow/.local/lib/python3.10/site-packages/airflow/example_dags/tutorial_taskflow_api.py
[2024-04-14T15:16:36.458+0000] {logging_mixin.py:154} INFO - [2024-04-14T15:16:36.458+0000] {dag.py:2941} INFO - Sync 1 DAGs
[2024-04-14T15:16:36.465+0000] {logging_mixin.py:154} INFO - [2024-04-14T15:16:36.465+0000] {dag.py:3722} INFO - Setting next_dagrun for tutorial_taskflow_api to None, run_after=None
[2024-04-14T15:16:36.473+0000] {processor.py:179} INFO - Processing /home/airflow/.local/lib/python3.10/site-packages/airflow/example_dags/tutorial_taskflow_api.py took 0.035 seconds
[2024-04-14T15:17:07.060+0000] {processor.py:157} INFO - Started process (PID=884) to work on /home/airflow/.local/lib/python3.10/site-packages/airflow/example_dags/tutorial_taskflow_api.py
[2024-04-14T15:17:07.061+0000] {processor.py:829} INFO - Processing file /home/airflow/.local/lib/python3.10/site-packages/airflow/example_dags/tutorial_taskflow_api.py for tasks to queue
[2024-04-14T15:17:07.062+0000] {logging_mixin.py:154} INFO - [2024-04-14T15:17:07.062+0000] {dagbag.py:536} INFO - Filling up the DagBag from /home/airflow/.local/lib/python3.10/site-packages/airflow/example_dags/tutorial_taskflow_api.py
[2024-04-14T15:17:07.066+0000] {processor.py:839} INFO - DAG(s) dict_keys(['tutorial_taskflow_api']) retrieved from /home/airflow/.local/lib/python3.10/site-packages/airflow/example_dags/tutorial_taskflow_api.py
[2024-04-14T15:17:07.078+0000] {logging_mixin.py:154} INFO - [2024-04-14T15:17:07.078+0000] {dag.py:2941} INFO - Sync 1 DAGs
[2024-04-14T15:17:07.085+0000] {logging_mixin.py:154} INFO - [2024-04-14T15:17:07.085+0000] {dag.py:3722} INFO - Setting next_dagrun for tutorial_taskflow_api to None, run_after=None
[2024-04-14T15:17:07.094+0000] {processor.py:179} INFO - Processing /home/airflow/.local/lib/python3.10/site-packages/airflow/example_dags/tutorial_taskflow_api.py took 0.035 seconds
[2024-04-14T15:17:37.688+0000] {processor.py:157} INFO - Started process (PID=938) to work on /home/airflow/.local/lib/python3.10/site-packages/airflow/example_dags/tutorial_taskflow_api.py
[2024-04-14T15:17:37.689+0000] {processor.py:829} INFO - Processing file /home/airflow/.local/lib/python3.10/site-packages/airflow/example_dags/tutorial_taskflow_api.py for tasks to queue
[2024-04-14T15:17:37.690+0000] {logging_mixin.py:154} INFO - [2024-04-14T15:17:37.690+0000] {dagbag.py:536} INFO - Filling up the DagBag from /home/airflow/.local/lib/python3.10/site-packages/airflow/example_dags/tutorial_taskflow_api.py
[2024-04-14T15:17:37.694+0000] {processor.py:839} INFO - DAG(s) dict_keys(['tutorial_taskflow_api']) retrieved from /home/airflow/.local/lib/python3.10/site-packages/airflow/example_dags/tutorial_taskflow_api.py
[2024-04-14T15:17:37.706+0000] {logging_mixin.py:154} INFO - [2024-04-14T15:17:37.705+0000] {dag.py:2941} INFO - Sync 1 DAGs
[2024-04-14T15:17:37.712+0000] {logging_mixin.py:154} INFO - [2024-04-14T15:17:37.712+0000] {dag.py:3722} INFO - Setting next_dagrun for tutorial_taskflow_api to None, run_after=None
[2024-04-14T15:17:37.721+0000] {processor.py:179} INFO - Processing /home/airflow/.local/lib/python3.10/site-packages/airflow/example_dags/tutorial_taskflow_api.py took 0.035 seconds
[2024-04-14T15:18:08.300+0000] {processor.py:157} INFO - Started process (PID=992) to work on /home/airflow/.local/lib/python3.10/site-packages/airflow/example_dags/tutorial_taskflow_api.py
[2024-04-14T15:18:08.300+0000] {processor.py:829} INFO - Processing file /home/airflow/.local/lib/python3.10/site-packages/airflow/example_dags/tutorial_taskflow_api.py for tasks to queue
[2024-04-14T15:18:08.301+0000] {logging_mixin.py:154} INFO - [2024-04-14T15:18:08.301+0000] {dagbag.py:536} INFO - Filling up the DagBag from /home/airflow/.local/lib/python3.10/site-packages/airflow/example_dags/tutorial_taskflow_api.py
[2024-04-14T15:18:08.305+0000] {processor.py:839} INFO - DAG(s) dict_keys(['tutorial_taskflow_api']) retrieved from /home/airflow/.local/lib/python3.10/site-packages/airflow/example_dags/tutorial_taskflow_api.py
[2024-04-14T15:18:08.317+0000] {logging_mixin.py:154} INFO - [2024-04-14T15:18:08.316+0000] {dag.py:2941} INFO - Sync 1 DAGs
[2024-04-14T15:18:08.323+0000] {logging_mixin.py:154} INFO - [2024-04-14T15:18:08.323+0000] {dag.py:3722} INFO - Setting next_dagrun for tutorial_taskflow_api to None, run_after=None
[2024-04-14T15:18:08.331+0000] {processor.py:179} INFO - Processing /home/airflow/.local/lib/python3.10/site-packages/airflow/example_dags/tutorial_taskflow_api.py took 0.034 seconds
[2024-04-14T15:18:39.080+0000] {processor.py:157} INFO - Started process (PID=1046) to work on /home/airflow/.local/lib/python3.10/site-packages/airflow/example_dags/tutorial_taskflow_api.py
[2024-04-14T15:18:39.081+0000] {processor.py:829} INFO - Processing file /home/airflow/.local/lib/python3.10/site-packages/airflow/example_dags/tutorial_taskflow_api.py for tasks to queue
[2024-04-14T15:18:39.082+0000] {logging_mixin.py:154} INFO - [2024-04-14T15:18:39.082+0000] {dagbag.py:536} INFO - Filling up the DagBag from /home/airflow/.local/lib/python3.10/site-packages/airflow/example_dags/tutorial_taskflow_api.py
[2024-04-14T15:18:39.086+0000] {processor.py:839} INFO - DAG(s) dict_keys(['tutorial_taskflow_api']) retrieved from /home/airflow/.local/lib/python3.10/site-packages/airflow/example_dags/tutorial_taskflow_api.py
[2024-04-14T15:18:39.097+0000] {logging_mixin.py:154} INFO - [2024-04-14T15:18:39.097+0000] {dag.py:2941} INFO - Sync 1 DAGs
[2024-04-14T15:18:39.104+0000] {logging_mixin.py:154} INFO - [2024-04-14T15:18:39.104+0000] {dag.py:3722} INFO - Setting next_dagrun for tutorial_taskflow_api to None, run_after=None
[2024-04-14T15:18:39.113+0000] {processor.py:179} INFO - Processing /home/airflow/.local/lib/python3.10/site-packages/airflow/example_dags/tutorial_taskflow_api.py took 0.035 seconds
[2024-04-14T15:19:09.706+0000] {processor.py:157} INFO - Started process (PID=1100) to work on /home/airflow/.local/lib/python3.10/site-packages/airflow/example_dags/tutorial_taskflow_api.py
[2024-04-14T15:19:09.706+0000] {processor.py:829} INFO - Processing file /home/airflow/.local/lib/python3.10/site-packages/airflow/example_dags/tutorial_taskflow_api.py for tasks to queue
[2024-04-14T15:19:09.707+0000] {logging_mixin.py:154} INFO - [2024-04-14T15:19:09.707+0000] {dagbag.py:536} INFO - Filling up the DagBag from /home/airflow/.local/lib/python3.10/site-packages/airflow/example_dags/tutorial_taskflow_api.py
[2024-04-14T15:19:09.711+0000] {processor.py:839} INFO - DAG(s) dict_keys(['tutorial_taskflow_api']) retrieved from /home/airflow/.local/lib/python3.10/site-packages/airflow/example_dags/tutorial_taskflow_api.py
[2024-04-14T15:19:09.723+0000] {logging_mixin.py:154} INFO - [2024-04-14T15:19:09.723+0000] {dag.py:2941} INFO - Sync 1 DAGs
[2024-04-14T15:19:09.730+0000] {logging_mixin.py:154} INFO - [2024-04-14T15:19:09.729+0000] {dag.py:3722} INFO - Setting next_dagrun for tutorial_taskflow_api to None, run_after=None
[2024-04-14T15:19:09.738+0000] {processor.py:179} INFO - Processing /home/airflow/.local/lib/python3.10/site-packages/airflow/example_dags/tutorial_taskflow_api.py took 0.034 seconds
[2024-04-14T15:19:40.346+0000] {processor.py:157} INFO - Started process (PID=1154) to work on /home/airflow/.local/lib/python3.10/site-packages/airflow/example_dags/tutorial_taskflow_api.py
[2024-04-14T15:19:40.347+0000] {processor.py:829} INFO - Processing file /home/airflow/.local/lib/python3.10/site-packages/airflow/example_dags/tutorial_taskflow_api.py for tasks to queue
[2024-04-14T15:19:40.348+0000] {logging_mixin.py:154} INFO - [2024-04-14T15:19:40.347+0000] {dagbag.py:536} INFO - Filling up the DagBag from /home/airflow/.local/lib/python3.10/site-packages/airflow/example_dags/tutorial_taskflow_api.py
[2024-04-14T15:19:40.351+0000] {processor.py:839} INFO - DAG(s) dict_keys(['tutorial_taskflow_api']) retrieved from /home/airflow/.local/lib/python3.10/site-packages/airflow/example_dags/tutorial_taskflow_api.py
[2024-04-14T15:19:40.363+0000] {logging_mixin.py:154} INFO - [2024-04-14T15:19:40.363+0000] {dag.py:2941} INFO - Sync 1 DAGs
[2024-04-14T15:19:40.369+0000] {logging_mixin.py:154} INFO - [2024-04-14T15:19:40.369+0000] {dag.py:3722} INFO - Setting next_dagrun for tutorial_taskflow_api to None, run_after=None
[2024-04-14T15:19:40.377+0000] {processor.py:179} INFO - Processing /home/airflow/.local/lib/python3.10/site-packages/airflow/example_dags/tutorial_taskflow_api.py took 0.033 seconds
[2024-04-14T15:20:11.132+0000] {processor.py:157} INFO - Started process (PID=1208) to work on /home/airflow/.local/lib/python3.10/site-packages/airflow/example_dags/tutorial_taskflow_api.py
[2024-04-14T15:20:11.132+0000] {processor.py:829} INFO - Processing file /home/airflow/.local/lib/python3.10/site-packages/airflow/example_dags/tutorial_taskflow_api.py for tasks to queue
[2024-04-14T15:20:11.134+0000] {logging_mixin.py:154} INFO - [2024-04-14T15:20:11.133+0000] {dagbag.py:536} INFO - Filling up the DagBag from /home/airflow/.local/lib/python3.10/site-packages/airflow/example_dags/tutorial_taskflow_api.py
[2024-04-14T15:20:11.138+0000] {processor.py:839} INFO - DAG(s) dict_keys(['tutorial_taskflow_api']) retrieved from /home/airflow/.local/lib/python3.10/site-packages/airflow/example_dags/tutorial_taskflow_api.py
[2024-04-14T15:20:11.150+0000] {logging_mixin.py:154} INFO - [2024-04-14T15:20:11.149+0000] {dag.py:2941} INFO - Sync 1 DAGs
[2024-04-14T15:20:11.157+0000] {logging_mixin.py:154} INFO - [2024-04-14T15:20:11.156+0000] {dag.py:3722} INFO - Setting next_dagrun for tutorial_taskflow_api to None, run_after=None
[2024-04-14T15:20:11.165+0000] {processor.py:179} INFO - Processing /home/airflow/.local/lib/python3.10/site-packages/airflow/example_dags/tutorial_taskflow_api.py took 0.036 seconds
[2024-04-14T15:20:41.695+0000] {processor.py:157} INFO - Started process (PID=1262) to work on /home/airflow/.local/lib/python3.10/site-packages/airflow/example_dags/tutorial_taskflow_api.py
[2024-04-14T15:20:41.696+0000] {processor.py:829} INFO - Processing file /home/airflow/.local/lib/python3.10/site-packages/airflow/example_dags/tutorial_taskflow_api.py for tasks to queue
[2024-04-14T15:20:41.697+0000] {logging_mixin.py:154} INFO - [2024-04-14T15:20:41.697+0000] {dagbag.py:536} INFO - Filling up the DagBag from /home/airflow/.local/lib/python3.10/site-packages/airflow/example_dags/tutorial_taskflow_api.py
[2024-04-14T15:20:41.701+0000] {processor.py:839} INFO - DAG(s) dict_keys(['tutorial_taskflow_api']) retrieved from /home/airflow/.local/lib/python3.10/site-packages/airflow/example_dags/tutorial_taskflow_api.py
[2024-04-14T15:20:41.712+0000] {logging_mixin.py:154} INFO - [2024-04-14T15:20:41.712+0000] {dag.py:2941} INFO - Sync 1 DAGs
[2024-04-14T15:20:41.719+0000] {logging_mixin.py:154} INFO - [2024-04-14T15:20:41.719+0000] {dag.py:3722} INFO - Setting next_dagrun for tutorial_taskflow_api to None, run_after=None
[2024-04-14T15:20:41.727+0000] {processor.py:179} INFO - Processing /home/airflow/.local/lib/python3.10/site-packages/airflow/example_dags/tutorial_taskflow_api.py took 0.035 seconds
[2024-04-14T15:21:12.411+0000] {processor.py:157} INFO - Started process (PID=1316) to work on /home/airflow/.local/lib/python3.10/site-packages/airflow/example_dags/tutorial_taskflow_api.py
[2024-04-14T15:21:12.411+0000] {processor.py:829} INFO - Processing file /home/airflow/.local/lib/python3.10/site-packages/airflow/example_dags/tutorial_taskflow_api.py for tasks to queue
[2024-04-14T15:21:12.413+0000] {logging_mixin.py:154} INFO - [2024-04-14T15:21:12.412+0000] {dagbag.py:536} INFO - Filling up the DagBag from /home/airflow/.local/lib/python3.10/site-packages/airflow/example_dags/tutorial_taskflow_api.py
[2024-04-14T15:21:12.417+0000] {processor.py:839} INFO - DAG(s) dict_keys(['tutorial_taskflow_api']) retrieved from /home/airflow/.local/lib/python3.10/site-packages/airflow/example_dags/tutorial_taskflow_api.py
[2024-04-14T15:21:12.429+0000] {logging_mixin.py:154} INFO - [2024-04-14T15:21:12.429+0000] {dag.py:2941} INFO - Sync 1 DAGs
[2024-04-14T15:21:12.436+0000] {logging_mixin.py:154} INFO - [2024-04-14T15:21:12.436+0000] {dag.py:3722} INFO - Setting next_dagrun for tutorial_taskflow_api to None, run_after=None
[2024-04-14T15:21:12.445+0000] {processor.py:179} INFO - Processing /home/airflow/.local/lib/python3.10/site-packages/airflow/example_dags/tutorial_taskflow_api.py took 0.036 seconds
[2024-04-14T15:21:43.139+0000] {processor.py:157} INFO - Started process (PID=1370) to work on /home/airflow/.local/lib/python3.10/site-packages/airflow/example_dags/tutorial_taskflow_api.py
[2024-04-14T15:21:43.140+0000] {processor.py:829} INFO - Processing file /home/airflow/.local/lib/python3.10/site-packages/airflow/example_dags/tutorial_taskflow_api.py for tasks to queue
[2024-04-14T15:21:43.141+0000] {logging_mixin.py:154} INFO - [2024-04-14T15:21:43.141+0000] {dagbag.py:536} INFO - Filling up the DagBag from /home/airflow/.local/lib/python3.10/site-packages/airflow/example_dags/tutorial_taskflow_api.py
[2024-04-14T15:21:43.145+0000] {processor.py:839} INFO - DAG(s) dict_keys(['tutorial_taskflow_api']) retrieved from /home/airflow/.local/lib/python3.10/site-packages/airflow/example_dags/tutorial_taskflow_api.py
[2024-04-14T15:21:43.156+0000] {logging_mixin.py:154} INFO - [2024-04-14T15:21:43.156+0000] {dag.py:2941} INFO - Sync 1 DAGs
[2024-04-14T15:21:43.162+0000] {logging_mixin.py:154} INFO - [2024-04-14T15:21:43.162+0000] {dag.py:3722} INFO - Setting next_dagrun for tutorial_taskflow_api to None, run_after=None
[2024-04-14T15:21:43.171+0000] {processor.py:179} INFO - Processing /home/airflow/.local/lib/python3.10/site-packages/airflow/example_dags/tutorial_taskflow_api.py took 0.034 seconds
[2024-04-14T15:22:13.763+0000] {processor.py:157} INFO - Started process (PID=1424) to work on /home/airflow/.local/lib/python3.10/site-packages/airflow/example_dags/tutorial_taskflow_api.py
[2024-04-14T15:22:13.763+0000] {processor.py:829} INFO - Processing file /home/airflow/.local/lib/python3.10/site-packages/airflow/example_dags/tutorial_taskflow_api.py for tasks to queue
[2024-04-14T15:22:13.764+0000] {logging_mixin.py:154} INFO - [2024-04-14T15:22:13.764+0000] {dagbag.py:536} INFO - Filling up the DagBag from /home/airflow/.local/lib/python3.10/site-packages/airflow/example_dags/tutorial_taskflow_api.py
[2024-04-14T15:22:13.768+0000] {processor.py:839} INFO - DAG(s) dict_keys(['tutorial_taskflow_api']) retrieved from /home/airflow/.local/lib/python3.10/site-packages/airflow/example_dags/tutorial_taskflow_api.py
[2024-04-14T15:22:13.779+0000] {logging_mixin.py:154} INFO - [2024-04-14T15:22:13.779+0000] {dag.py:2941} INFO - Sync 1 DAGs
[2024-04-14T15:22:13.785+0000] {logging_mixin.py:154} INFO - [2024-04-14T15:22:13.785+0000] {dag.py:3722} INFO - Setting next_dagrun for tutorial_taskflow_api to None, run_after=None
[2024-04-14T15:22:13.794+0000] {processor.py:179} INFO - Processing /home/airflow/.local/lib/python3.10/site-packages/airflow/example_dags/tutorial_taskflow_api.py took 0.033 seconds
[2024-04-14T15:22:44.579+0000] {processor.py:157} INFO - Started process (PID=1478) to work on /home/airflow/.local/lib/python3.10/site-packages/airflow/example_dags/tutorial_taskflow_api.py
[2024-04-14T15:22:44.579+0000] {processor.py:829} INFO - Processing file /home/airflow/.local/lib/python3.10/site-packages/airflow/example_dags/tutorial_taskflow_api.py for tasks to queue
[2024-04-14T15:22:44.581+0000] {logging_mixin.py:154} INFO - [2024-04-14T15:22:44.580+0000] {dagbag.py:536} INFO - Filling up the DagBag from /home/airflow/.local/lib/python3.10/site-packages/airflow/example_dags/tutorial_taskflow_api.py
[2024-04-14T15:22:44.584+0000] {processor.py:839} INFO - DAG(s) dict_keys(['tutorial_taskflow_api']) retrieved from /home/airflow/.local/lib/python3.10/site-packages/airflow/example_dags/tutorial_taskflow_api.py
[2024-04-14T15:22:44.597+0000] {logging_mixin.py:154} INFO - [2024-04-14T15:22:44.597+0000] {dag.py:2941} INFO - Sync 1 DAGs
[2024-04-14T15:22:44.604+0000] {logging_mixin.py:154} INFO - [2024-04-14T15:22:44.604+0000] {dag.py:3722} INFO - Setting next_dagrun for tutorial_taskflow_api to None, run_after=None
[2024-04-14T15:22:44.613+0000] {processor.py:179} INFO - Processing /home/airflow/.local/lib/python3.10/site-packages/airflow/example_dags/tutorial_taskflow_api.py took 0.036 seconds
[2024-04-14T15:23:15.239+0000] {processor.py:157} INFO - Started process (PID=1532) to work on /home/airflow/.local/lib/python3.10/site-packages/airflow/example_dags/tutorial_taskflow_api.py
[2024-04-14T15:23:15.239+0000] {processor.py:829} INFO - Processing file /home/airflow/.local/lib/python3.10/site-packages/airflow/example_dags/tutorial_taskflow_api.py for tasks to queue
[2024-04-14T15:23:15.241+0000] {logging_mixin.py:154} INFO - [2024-04-14T15:23:15.241+0000] {dagbag.py:536} INFO - Filling up the DagBag from /home/airflow/.local/lib/python3.10/site-packages/airflow/example_dags/tutorial_taskflow_api.py
[2024-04-14T15:23:15.245+0000] {processor.py:839} INFO - DAG(s) dict_keys(['tutorial_taskflow_api']) retrieved from /home/airflow/.local/lib/python3.10/site-packages/airflow/example_dags/tutorial_taskflow_api.py
[2024-04-14T15:23:15.259+0000] {logging_mixin.py:154} INFO - [2024-04-14T15:23:15.258+0000] {dag.py:2941} INFO - Sync 1 DAGs
[2024-04-14T15:23:15.267+0000] {logging_mixin.py:154} INFO - [2024-04-14T15:23:15.266+0000] {dag.py:3722} INFO - Setting next_dagrun for tutorial_taskflow_api to None, run_after=None
[2024-04-14T15:23:15.277+0000] {processor.py:179} INFO - Processing /home/airflow/.local/lib/python3.10/site-packages/airflow/example_dags/tutorial_taskflow_api.py took 0.041 seconds
[2024-04-14T15:23:46.054+0000] {processor.py:157} INFO - Started process (PID=1586) to work on /home/airflow/.local/lib/python3.10/site-packages/airflow/example_dags/tutorial_taskflow_api.py
[2024-04-14T15:23:46.054+0000] {processor.py:829} INFO - Processing file /home/airflow/.local/lib/python3.10/site-packages/airflow/example_dags/tutorial_taskflow_api.py for tasks to queue
[2024-04-14T15:23:46.056+0000] {logging_mixin.py:154} INFO - [2024-04-14T15:23:46.055+0000] {dagbag.py:536} INFO - Filling up the DagBag from /home/airflow/.local/lib/python3.10/site-packages/airflow/example_dags/tutorial_taskflow_api.py
[2024-04-14T15:23:46.060+0000] {processor.py:839} INFO - DAG(s) dict_keys(['tutorial_taskflow_api']) retrieved from /home/airflow/.local/lib/python3.10/site-packages/airflow/example_dags/tutorial_taskflow_api.py
[2024-04-14T15:23:46.071+0000] {logging_mixin.py:154} INFO - [2024-04-14T15:23:46.071+0000] {dag.py:2941} INFO - Sync 1 DAGs
[2024-04-14T15:23:46.078+0000] {logging_mixin.py:154} INFO - [2024-04-14T15:23:46.078+0000] {dag.py:3722} INFO - Setting next_dagrun for tutorial_taskflow_api to None, run_after=None
[2024-04-14T15:23:46.087+0000] {processor.py:179} INFO - Processing /home/airflow/.local/lib/python3.10/site-packages/airflow/example_dags/tutorial_taskflow_api.py took 0.035 seconds
[2024-04-14T15:24:16.939+0000] {processor.py:157} INFO - Started process (PID=1640) to work on /home/airflow/.local/lib/python3.10/site-packages/airflow/example_dags/tutorial_taskflow_api.py
[2024-04-14T15:24:16.939+0000] {processor.py:829} INFO - Processing file /home/airflow/.local/lib/python3.10/site-packages/airflow/example_dags/tutorial_taskflow_api.py for tasks to queue
[2024-04-14T15:24:16.940+0000] {logging_mixin.py:154} INFO - [2024-04-14T15:24:16.940+0000] {dagbag.py:536} INFO - Filling up the DagBag from /home/airflow/.local/lib/python3.10/site-packages/airflow/example_dags/tutorial_taskflow_api.py
[2024-04-14T15:24:16.944+0000] {processor.py:839} INFO - DAG(s) dict_keys(['tutorial_taskflow_api']) retrieved from /home/airflow/.local/lib/python3.10/site-packages/airflow/example_dags/tutorial_taskflow_api.py
[2024-04-14T15:24:16.956+0000] {logging_mixin.py:154} INFO - [2024-04-14T15:24:16.955+0000] {dag.py:2941} INFO - Sync 1 DAGs
[2024-04-14T15:24:16.962+0000] {logging_mixin.py:154} INFO - [2024-04-14T15:24:16.962+0000] {dag.py:3722} INFO - Setting next_dagrun for tutorial_taskflow_api to None, run_after=None
[2024-04-14T15:24:16.971+0000] {processor.py:179} INFO - Processing /home/airflow/.local/lib/python3.10/site-packages/airflow/example_dags/tutorial_taskflow_api.py took 0.034 seconds
[2024-04-14T15:24:47.613+0000] {processor.py:157} INFO - Started process (PID=1694) to work on /home/airflow/.local/lib/python3.10/site-packages/airflow/example_dags/tutorial_taskflow_api.py
[2024-04-14T15:24:47.614+0000] {processor.py:829} INFO - Processing file /home/airflow/.local/lib/python3.10/site-packages/airflow/example_dags/tutorial_taskflow_api.py for tasks to queue
[2024-04-14T15:24:47.615+0000] {logging_mixin.py:154} INFO - [2024-04-14T15:24:47.615+0000] {dagbag.py:536} INFO - Filling up the DagBag from /home/airflow/.local/lib/python3.10/site-packages/airflow/example_dags/tutorial_taskflow_api.py
[2024-04-14T15:24:47.619+0000] {processor.py:839} INFO - DAG(s) dict_keys(['tutorial_taskflow_api']) retrieved from /home/airflow/.local/lib/python3.10/site-packages/airflow/example_dags/tutorial_taskflow_api.py
[2024-04-14T15:24:47.630+0000] {logging_mixin.py:154} INFO - [2024-04-14T15:24:47.630+0000] {dag.py:2941} INFO - Sync 1 DAGs
[2024-04-14T15:24:47.636+0000] {logging_mixin.py:154} INFO - [2024-04-14T15:24:47.636+0000] {dag.py:3722} INFO - Setting next_dagrun for tutorial_taskflow_api to None, run_after=None
[2024-04-14T15:24:47.645+0000] {processor.py:179} INFO - Processing /home/airflow/.local/lib/python3.10/site-packages/airflow/example_dags/tutorial_taskflow_api.py took 0.034 seconds
[2024-04-14T15:25:18.268+0000] {processor.py:157} INFO - Started process (PID=1748) to work on /home/airflow/.local/lib/python3.10/site-packages/airflow/example_dags/tutorial_taskflow_api.py
[2024-04-14T15:25:18.268+0000] {processor.py:829} INFO - Processing file /home/airflow/.local/lib/python3.10/site-packages/airflow/example_dags/tutorial_taskflow_api.py for tasks to queue
[2024-04-14T15:25:18.270+0000] {logging_mixin.py:154} INFO - [2024-04-14T15:25:18.269+0000] {dagbag.py:536} INFO - Filling up the DagBag from /home/airflow/.local/lib/python3.10/site-packages/airflow/example_dags/tutorial_taskflow_api.py
[2024-04-14T15:25:18.274+0000] {processor.py:839} INFO - DAG(s) dict_keys(['tutorial_taskflow_api']) retrieved from /home/airflow/.local/lib/python3.10/site-packages/airflow/example_dags/tutorial_taskflow_api.py
[2024-04-14T15:25:18.287+0000] {logging_mixin.py:154} INFO - [2024-04-14T15:25:18.287+0000] {dag.py:2941} INFO - Sync 1 DAGs
[2024-04-14T15:25:18.294+0000] {logging_mixin.py:154} INFO - [2024-04-14T15:25:18.294+0000] {dag.py:3722} INFO - Setting next_dagrun for tutorial_taskflow_api to None, run_after=None
[2024-04-14T15:25:18.303+0000] {processor.py:179} INFO - Processing /home/airflow/.local/lib/python3.10/site-packages/airflow/example_dags/tutorial_taskflow_api.py took 0.038 seconds
[2024-04-14T15:25:49.063+0000] {processor.py:157} INFO - Started process (PID=1802) to work on /home/airflow/.local/lib/python3.10/site-packages/airflow/example_dags/tutorial_taskflow_api.py
[2024-04-14T15:25:49.063+0000] {processor.py:829} INFO - Processing file /home/airflow/.local/lib/python3.10/site-packages/airflow/example_dags/tutorial_taskflow_api.py for tasks to queue
[2024-04-14T15:25:49.065+0000] {logging_mixin.py:154} INFO - [2024-04-14T15:25:49.064+0000] {dagbag.py:536} INFO - Filling up the DagBag from /home/airflow/.local/lib/python3.10/site-packages/airflow/example_dags/tutorial_taskflow_api.py
[2024-04-14T15:25:49.068+0000] {processor.py:839} INFO - DAG(s) dict_keys(['tutorial_taskflow_api']) retrieved from /home/airflow/.local/lib/python3.10/site-packages/airflow/example_dags/tutorial_taskflow_api.py
[2024-04-14T15:25:49.081+0000] {logging_mixin.py:154} INFO - [2024-04-14T15:25:49.081+0000] {dag.py:2941} INFO - Sync 1 DAGs
[2024-04-14T15:25:49.088+0000] {logging_mixin.py:154} INFO - [2024-04-14T15:25:49.087+0000] {dag.py:3722} INFO - Setting next_dagrun for tutorial_taskflow_api to None, run_after=None
[2024-04-14T15:25:49.096+0000] {processor.py:179} INFO - Processing /home/airflow/.local/lib/python3.10/site-packages/airflow/example_dags/tutorial_taskflow_api.py took 0.035 seconds
[2024-04-14T15:26:19.778+0000] {processor.py:157} INFO - Started process (PID=1863) to work on /home/airflow/.local/lib/python3.10/site-packages/airflow/example_dags/tutorial_taskflow_api.py
[2024-04-14T15:26:19.778+0000] {processor.py:829} INFO - Processing file /home/airflow/.local/lib/python3.10/site-packages/airflow/example_dags/tutorial_taskflow_api.py for tasks to queue
[2024-04-14T15:26:19.780+0000] {logging_mixin.py:154} INFO - [2024-04-14T15:26:19.779+0000] {dagbag.py:536} INFO - Filling up the DagBag from /home/airflow/.local/lib/python3.10/site-packages/airflow/example_dags/tutorial_taskflow_api.py
[2024-04-14T15:26:19.784+0000] {processor.py:839} INFO - DAG(s) dict_keys(['tutorial_taskflow_api']) retrieved from /home/airflow/.local/lib/python3.10/site-packages/airflow/example_dags/tutorial_taskflow_api.py
[2024-04-14T15:26:19.797+0000] {logging_mixin.py:154} INFO - [2024-04-14T15:26:19.797+0000] {dag.py:2941} INFO - Sync 1 DAGs
[2024-04-14T15:26:19.805+0000] {logging_mixin.py:154} INFO - [2024-04-14T15:26:19.805+0000] {dag.py:3722} INFO - Setting next_dagrun for tutorial_taskflow_api to None, run_after=None
[2024-04-14T15:26:19.814+0000] {processor.py:179} INFO - Processing /home/airflow/.local/lib/python3.10/site-packages/airflow/example_dags/tutorial_taskflow_api.py took 0.039 seconds
[2024-04-14T15:26:50.524+0000] {processor.py:157} INFO - Started process (PID=1917) to work on /home/airflow/.local/lib/python3.10/site-packages/airflow/example_dags/tutorial_taskflow_api.py
[2024-04-14T15:26:50.524+0000] {processor.py:829} INFO - Processing file /home/airflow/.local/lib/python3.10/site-packages/airflow/example_dags/tutorial_taskflow_api.py for tasks to queue
[2024-04-14T15:26:50.525+0000] {logging_mixin.py:154} INFO - [2024-04-14T15:26:50.525+0000] {dagbag.py:536} INFO - Filling up the DagBag from /home/airflow/.local/lib/python3.10/site-packages/airflow/example_dags/tutorial_taskflow_api.py
[2024-04-14T15:26:50.530+0000] {processor.py:839} INFO - DAG(s) dict_keys(['tutorial_taskflow_api']) retrieved from /home/airflow/.local/lib/python3.10/site-packages/airflow/example_dags/tutorial_taskflow_api.py
[2024-04-14T15:26:50.542+0000] {logging_mixin.py:154} INFO - [2024-04-14T15:26:50.542+0000] {dag.py:2941} INFO - Sync 1 DAGs
[2024-04-14T15:26:50.549+0000] {logging_mixin.py:154} INFO - [2024-04-14T15:26:50.549+0000] {dag.py:3722} INFO - Setting next_dagrun for tutorial_taskflow_api to None, run_after=None
[2024-04-14T15:26:50.558+0000] {processor.py:179} INFO - Processing /home/airflow/.local/lib/python3.10/site-packages/airflow/example_dags/tutorial_taskflow_api.py took 0.037 seconds
[2024-04-14T15:27:21.214+0000] {processor.py:157} INFO - Started process (PID=1971) to work on /home/airflow/.local/lib/python3.10/site-packages/airflow/example_dags/tutorial_taskflow_api.py
[2024-04-14T15:27:21.214+0000] {processor.py:829} INFO - Processing file /home/airflow/.local/lib/python3.10/site-packages/airflow/example_dags/tutorial_taskflow_api.py for tasks to queue
[2024-04-14T15:27:21.216+0000] {logging_mixin.py:154} INFO - [2024-04-14T15:27:21.215+0000] {dagbag.py:536} INFO - Filling up the DagBag from /home/airflow/.local/lib/python3.10/site-packages/airflow/example_dags/tutorial_taskflow_api.py
[2024-04-14T15:27:21.220+0000] {processor.py:839} INFO - DAG(s) dict_keys(['tutorial_taskflow_api']) retrieved from /home/airflow/.local/lib/python3.10/site-packages/airflow/example_dags/tutorial_taskflow_api.py
[2024-04-14T15:27:21.233+0000] {logging_mixin.py:154} INFO - [2024-04-14T15:27:21.233+0000] {dag.py:2941} INFO - Sync 1 DAGs
[2024-04-14T15:27:21.241+0000] {logging_mixin.py:154} INFO - [2024-04-14T15:27:21.241+0000] {dag.py:3722} INFO - Setting next_dagrun for tutorial_taskflow_api to None, run_after=None
[2024-04-14T15:27:21.249+0000] {processor.py:179} INFO - Processing /home/airflow/.local/lib/python3.10/site-packages/airflow/example_dags/tutorial_taskflow_api.py took 0.038 seconds
[2024-04-14T15:27:52.032+0000] {processor.py:157} INFO - Started process (PID=2025) to work on /home/airflow/.local/lib/python3.10/site-packages/airflow/example_dags/tutorial_taskflow_api.py
[2024-04-14T15:27:52.033+0000] {processor.py:829} INFO - Processing file /home/airflow/.local/lib/python3.10/site-packages/airflow/example_dags/tutorial_taskflow_api.py for tasks to queue
[2024-04-14T15:27:52.034+0000] {logging_mixin.py:154} INFO - [2024-04-14T15:27:52.034+0000] {dagbag.py:536} INFO - Filling up the DagBag from /home/airflow/.local/lib/python3.10/site-packages/airflow/example_dags/tutorial_taskflow_api.py
[2024-04-14T15:27:52.038+0000] {processor.py:839} INFO - DAG(s) dict_keys(['tutorial_taskflow_api']) retrieved from /home/airflow/.local/lib/python3.10/site-packages/airflow/example_dags/tutorial_taskflow_api.py
[2024-04-14T15:27:52.051+0000] {logging_mixin.py:154} INFO - [2024-04-14T15:27:52.051+0000] {dag.py:2941} INFO - Sync 1 DAGs
[2024-04-14T15:27:52.058+0000] {logging_mixin.py:154} INFO - [2024-04-14T15:27:52.058+0000] {dag.py:3722} INFO - Setting next_dagrun for tutorial_taskflow_api to None, run_after=None
[2024-04-14T15:27:52.067+0000] {processor.py:179} INFO - Processing /home/airflow/.local/lib/python3.10/site-packages/airflow/example_dags/tutorial_taskflow_api.py took 0.038 seconds
[2024-04-14T15:28:22.695+0000] {processor.py:157} INFO - Started process (PID=2079) to work on /home/airflow/.local/lib/python3.10/site-packages/airflow/example_dags/tutorial_taskflow_api.py
[2024-04-14T15:28:22.696+0000] {processor.py:829} INFO - Processing file /home/airflow/.local/lib/python3.10/site-packages/airflow/example_dags/tutorial_taskflow_api.py for tasks to queue
[2024-04-14T15:28:22.697+0000] {logging_mixin.py:154} INFO - [2024-04-14T15:28:22.697+0000] {dagbag.py:536} INFO - Filling up the DagBag from /home/airflow/.local/lib/python3.10/site-packages/airflow/example_dags/tutorial_taskflow_api.py
[2024-04-14T15:28:22.701+0000] {processor.py:839} INFO - DAG(s) dict_keys(['tutorial_taskflow_api']) retrieved from /home/airflow/.local/lib/python3.10/site-packages/airflow/example_dags/tutorial_taskflow_api.py
[2024-04-14T15:28:22.714+0000] {logging_mixin.py:154} INFO - [2024-04-14T15:28:22.714+0000] {dag.py:2941} INFO - Sync 1 DAGs
[2024-04-14T15:28:22.722+0000] {logging_mixin.py:154} INFO - [2024-04-14T15:28:22.722+0000] {dag.py:3722} INFO - Setting next_dagrun for tutorial_taskflow_api to None, run_after=None
[2024-04-14T15:28:22.732+0000] {processor.py:179} INFO - Processing /home/airflow/.local/lib/python3.10/site-packages/airflow/example_dags/tutorial_taskflow_api.py took 0.039 seconds
[2024-04-14T15:28:53.395+0000] {processor.py:157} INFO - Started process (PID=2133) to work on /home/airflow/.local/lib/python3.10/site-packages/airflow/example_dags/tutorial_taskflow_api.py
[2024-04-14T15:28:53.396+0000] {processor.py:829} INFO - Processing file /home/airflow/.local/lib/python3.10/site-packages/airflow/example_dags/tutorial_taskflow_api.py for tasks to queue
[2024-04-14T15:28:53.397+0000] {logging_mixin.py:154} INFO - [2024-04-14T15:28:53.397+0000] {dagbag.py:536} INFO - Filling up the DagBag from /home/airflow/.local/lib/python3.10/site-packages/airflow/example_dags/tutorial_taskflow_api.py
[2024-04-14T15:28:53.401+0000] {processor.py:839} INFO - DAG(s) dict_keys(['tutorial_taskflow_api']) retrieved from /home/airflow/.local/lib/python3.10/site-packages/airflow/example_dags/tutorial_taskflow_api.py
[2024-04-14T15:28:53.414+0000] {logging_mixin.py:154} INFO - [2024-04-14T15:28:53.414+0000] {dag.py:2941} INFO - Sync 1 DAGs
[2024-04-14T15:28:53.422+0000] {logging_mixin.py:154} INFO - [2024-04-14T15:28:53.422+0000] {dag.py:3722} INFO - Setting next_dagrun for tutorial_taskflow_api to None, run_after=None
[2024-04-14T15:28:53.431+0000] {processor.py:179} INFO - Processing /home/airflow/.local/lib/python3.10/site-packages/airflow/example_dags/tutorial_taskflow_api.py took 0.038 seconds
[2024-04-14T15:29:24.228+0000] {processor.py:157} INFO - Started process (PID=2187) to work on /home/airflow/.local/lib/python3.10/site-packages/airflow/example_dags/tutorial_taskflow_api.py
[2024-04-14T15:29:24.228+0000] {processor.py:829} INFO - Processing file /home/airflow/.local/lib/python3.10/site-packages/airflow/example_dags/tutorial_taskflow_api.py for tasks to queue
[2024-04-14T15:29:24.230+0000] {logging_mixin.py:154} INFO - [2024-04-14T15:29:24.229+0000] {dagbag.py:536} INFO - Filling up the DagBag from /home/airflow/.local/lib/python3.10/site-packages/airflow/example_dags/tutorial_taskflow_api.py
[2024-04-14T15:29:24.234+0000] {processor.py:839} INFO - DAG(s) dict_keys(['tutorial_taskflow_api']) retrieved from /home/airflow/.local/lib/python3.10/site-packages/airflow/example_dags/tutorial_taskflow_api.py
[2024-04-14T15:29:24.247+0000] {logging_mixin.py:154} INFO - [2024-04-14T15:29:24.247+0000] {dag.py:2941} INFO - Sync 1 DAGs
[2024-04-14T15:29:24.255+0000] {logging_mixin.py:154} INFO - [2024-04-14T15:29:24.255+0000] {dag.py:3722} INFO - Setting next_dagrun for tutorial_taskflow_api to None, run_after=None
[2024-04-14T15:29:24.264+0000] {processor.py:179} INFO - Processing /home/airflow/.local/lib/python3.10/site-packages/airflow/example_dags/tutorial_taskflow_api.py took 0.039 seconds
[2024-04-14T15:29:54.971+0000] {processor.py:157} INFO - Started process (PID=2241) to work on /home/airflow/.local/lib/python3.10/site-packages/airflow/example_dags/tutorial_taskflow_api.py
[2024-04-14T15:29:54.972+0000] {processor.py:829} INFO - Processing file /home/airflow/.local/lib/python3.10/site-packages/airflow/example_dags/tutorial_taskflow_api.py for tasks to queue
[2024-04-14T15:29:54.973+0000] {logging_mixin.py:154} INFO - [2024-04-14T15:29:54.973+0000] {dagbag.py:536} INFO - Filling up the DagBag from /home/airflow/.local/lib/python3.10/site-packages/airflow/example_dags/tutorial_taskflow_api.py
[2024-04-14T15:29:54.977+0000] {processor.py:839} INFO - DAG(s) dict_keys(['tutorial_taskflow_api']) retrieved from /home/airflow/.local/lib/python3.10/site-packages/airflow/example_dags/tutorial_taskflow_api.py
[2024-04-14T15:29:54.989+0000] {logging_mixin.py:154} INFO - [2024-04-14T15:29:54.988+0000] {dag.py:2941} INFO - Sync 1 DAGs
[2024-04-14T15:29:54.995+0000] {logging_mixin.py:154} INFO - [2024-04-14T15:29:54.995+0000] {dag.py:3722} INFO - Setting next_dagrun for tutorial_taskflow_api to None, run_after=None
[2024-04-14T15:29:55.003+0000] {processor.py:179} INFO - Processing /home/airflow/.local/lib/python3.10/site-packages/airflow/example_dags/tutorial_taskflow_api.py took 0.034 seconds
[2024-04-14T15:30:25.814+0000] {processor.py:157} INFO - Started process (PID=2295) to work on /home/airflow/.local/lib/python3.10/site-packages/airflow/example_dags/tutorial_taskflow_api.py
[2024-04-14T15:30:25.814+0000] {processor.py:829} INFO - Processing file /home/airflow/.local/lib/python3.10/site-packages/airflow/example_dags/tutorial_taskflow_api.py for tasks to queue
[2024-04-14T15:30:25.815+0000] {logging_mixin.py:154} INFO - [2024-04-14T15:30:25.815+0000] {dagbag.py:536} INFO - Filling up the DagBag from /home/airflow/.local/lib/python3.10/site-packages/airflow/example_dags/tutorial_taskflow_api.py
[2024-04-14T15:30:25.819+0000] {processor.py:839} INFO - DAG(s) dict_keys(['tutorial_taskflow_api']) retrieved from /home/airflow/.local/lib/python3.10/site-packages/airflow/example_dags/tutorial_taskflow_api.py
[2024-04-14T15:30:25.832+0000] {logging_mixin.py:154} INFO - [2024-04-14T15:30:25.832+0000] {dag.py:2941} INFO - Sync 1 DAGs
[2024-04-14T15:30:25.841+0000] {logging_mixin.py:154} INFO - [2024-04-14T15:30:25.841+0000] {dag.py:3722} INFO - Setting next_dagrun for tutorial_taskflow_api to None, run_after=None
[2024-04-14T15:30:25.850+0000] {processor.py:179} INFO - Processing /home/airflow/.local/lib/python3.10/site-packages/airflow/example_dags/tutorial_taskflow_api.py took 0.039 seconds
[2024-04-14T15:30:56.484+0000] {processor.py:157} INFO - Started process (PID=2349) to work on /home/airflow/.local/lib/python3.10/site-packages/airflow/example_dags/tutorial_taskflow_api.py
[2024-04-14T15:30:56.485+0000] {processor.py:829} INFO - Processing file /home/airflow/.local/lib/python3.10/site-packages/airflow/example_dags/tutorial_taskflow_api.py for tasks to queue
[2024-04-14T15:30:56.486+0000] {logging_mixin.py:154} INFO - [2024-04-14T15:30:56.486+0000] {dagbag.py:536} INFO - Filling up the DagBag from /home/airflow/.local/lib/python3.10/site-packages/airflow/example_dags/tutorial_taskflow_api.py
[2024-04-14T15:30:56.490+0000] {processor.py:839} INFO - DAG(s) dict_keys(['tutorial_taskflow_api']) retrieved from /home/airflow/.local/lib/python3.10/site-packages/airflow/example_dags/tutorial_taskflow_api.py
[2024-04-14T15:30:56.503+0000] {logging_mixin.py:154} INFO - [2024-04-14T15:30:56.503+0000] {dag.py:2941} INFO - Sync 1 DAGs
[2024-04-14T15:30:56.511+0000] {logging_mixin.py:154} INFO - [2024-04-14T15:30:56.511+0000] {dag.py:3722} INFO - Setting next_dagrun for tutorial_taskflow_api to None, run_after=None
[2024-04-14T15:30:56.520+0000] {processor.py:179} INFO - Processing /home/airflow/.local/lib/python3.10/site-packages/airflow/example_dags/tutorial_taskflow_api.py took 0.038 seconds
[2024-04-14T15:31:27.220+0000] {processor.py:157} INFO - Started process (PID=2403) to work on /home/airflow/.local/lib/python3.10/site-packages/airflow/example_dags/tutorial_taskflow_api.py
[2024-04-14T15:31:27.220+0000] {processor.py:829} INFO - Processing file /home/airflow/.local/lib/python3.10/site-packages/airflow/example_dags/tutorial_taskflow_api.py for tasks to queue
[2024-04-14T15:31:27.221+0000] {logging_mixin.py:154} INFO - [2024-04-14T15:31:27.221+0000] {dagbag.py:536} INFO - Filling up the DagBag from /home/airflow/.local/lib/python3.10/site-packages/airflow/example_dags/tutorial_taskflow_api.py
[2024-04-14T15:31:27.225+0000] {processor.py:839} INFO - DAG(s) dict_keys(['tutorial_taskflow_api']) retrieved from /home/airflow/.local/lib/python3.10/site-packages/airflow/example_dags/tutorial_taskflow_api.py
[2024-04-14T15:31:27.237+0000] {logging_mixin.py:154} INFO - [2024-04-14T15:31:27.237+0000] {dag.py:2941} INFO - Sync 1 DAGs
[2024-04-14T15:31:27.244+0000] {logging_mixin.py:154} INFO - [2024-04-14T15:31:27.244+0000] {dag.py:3722} INFO - Setting next_dagrun for tutorial_taskflow_api to None, run_after=None
[2024-04-14T15:31:27.253+0000] {processor.py:179} INFO - Processing /home/airflow/.local/lib/python3.10/site-packages/airflow/example_dags/tutorial_taskflow_api.py took 0.035 seconds
[2024-04-14T15:31:57.885+0000] {processor.py:157} INFO - Started process (PID=2457) to work on /home/airflow/.local/lib/python3.10/site-packages/airflow/example_dags/tutorial_taskflow_api.py
[2024-04-14T15:31:57.886+0000] {processor.py:829} INFO - Processing file /home/airflow/.local/lib/python3.10/site-packages/airflow/example_dags/tutorial_taskflow_api.py for tasks to queue
[2024-04-14T15:31:57.887+0000] {logging_mixin.py:154} INFO - [2024-04-14T15:31:57.887+0000] {dagbag.py:536} INFO - Filling up the DagBag from /home/airflow/.local/lib/python3.10/site-packages/airflow/example_dags/tutorial_taskflow_api.py
[2024-04-14T15:31:57.891+0000] {processor.py:839} INFO - DAG(s) dict_keys(['tutorial_taskflow_api']) retrieved from /home/airflow/.local/lib/python3.10/site-packages/airflow/example_dags/tutorial_taskflow_api.py
[2024-04-14T15:31:57.903+0000] {logging_mixin.py:154} INFO - [2024-04-14T15:31:57.903+0000] {dag.py:2941} INFO - Sync 1 DAGs
[2024-04-14T15:31:57.910+0000] {logging_mixin.py:154} INFO - [2024-04-14T15:31:57.910+0000] {dag.py:3722} INFO - Setting next_dagrun for tutorial_taskflow_api to None, run_after=None
[2024-04-14T15:31:57.919+0000] {processor.py:179} INFO - Processing /home/airflow/.local/lib/python3.10/site-packages/airflow/example_dags/tutorial_taskflow_api.py took 0.035 seconds
[2024-04-14T15:32:28.618+0000] {processor.py:157} INFO - Started process (PID=2511) to work on /home/airflow/.local/lib/python3.10/site-packages/airflow/example_dags/tutorial_taskflow_api.py
[2024-04-14T15:32:28.618+0000] {processor.py:829} INFO - Processing file /home/airflow/.local/lib/python3.10/site-packages/airflow/example_dags/tutorial_taskflow_api.py for tasks to queue
[2024-04-14T15:32:28.620+0000] {logging_mixin.py:154} INFO - [2024-04-14T15:32:28.619+0000] {dagbag.py:536} INFO - Filling up the DagBag from /home/airflow/.local/lib/python3.10/site-packages/airflow/example_dags/tutorial_taskflow_api.py
[2024-04-14T15:32:28.624+0000] {processor.py:839} INFO - DAG(s) dict_keys(['tutorial_taskflow_api']) retrieved from /home/airflow/.local/lib/python3.10/site-packages/airflow/example_dags/tutorial_taskflow_api.py
[2024-04-14T15:32:28.637+0000] {logging_mixin.py:154} INFO - [2024-04-14T15:32:28.637+0000] {dag.py:2941} INFO - Sync 1 DAGs
[2024-04-14T15:32:28.644+0000] {logging_mixin.py:154} INFO - [2024-04-14T15:32:28.644+0000] {dag.py:3722} INFO - Setting next_dagrun for tutorial_taskflow_api to None, run_after=None
[2024-04-14T15:32:28.654+0000] {processor.py:179} INFO - Processing /home/airflow/.local/lib/python3.10/site-packages/airflow/example_dags/tutorial_taskflow_api.py took 0.038 seconds
[2024-04-14T15:32:59.278+0000] {processor.py:157} INFO - Started process (PID=2565) to work on /home/airflow/.local/lib/python3.10/site-packages/airflow/example_dags/tutorial_taskflow_api.py
[2024-04-14T15:32:59.279+0000] {processor.py:829} INFO - Processing file /home/airflow/.local/lib/python3.10/site-packages/airflow/example_dags/tutorial_taskflow_api.py for tasks to queue
[2024-04-14T15:32:59.280+0000] {logging_mixin.py:154} INFO - [2024-04-14T15:32:59.280+0000] {dagbag.py:536} INFO - Filling up the DagBag from /home/airflow/.local/lib/python3.10/site-packages/airflow/example_dags/tutorial_taskflow_api.py
[2024-04-14T15:32:59.284+0000] {processor.py:839} INFO - DAG(s) dict_keys(['tutorial_taskflow_api']) retrieved from /home/airflow/.local/lib/python3.10/site-packages/airflow/example_dags/tutorial_taskflow_api.py
[2024-04-14T15:32:59.296+0000] {logging_mixin.py:154} INFO - [2024-04-14T15:32:59.295+0000] {dag.py:2941} INFO - Sync 1 DAGs
[2024-04-14T15:32:59.302+0000] {logging_mixin.py:154} INFO - [2024-04-14T15:32:59.302+0000] {dag.py:3722} INFO - Setting next_dagrun for tutorial_taskflow_api to None, run_after=None
[2024-04-14T15:32:59.310+0000] {processor.py:179} INFO - Processing /home/airflow/.local/lib/python3.10/site-packages/airflow/example_dags/tutorial_taskflow_api.py took 0.034 seconds
[2024-04-14T15:33:29.920+0000] {processor.py:157} INFO - Started process (PID=2618) to work on /home/airflow/.local/lib/python3.10/site-packages/airflow/example_dags/tutorial_taskflow_api.py
[2024-04-14T15:33:29.920+0000] {processor.py:829} INFO - Processing file /home/airflow/.local/lib/python3.10/site-packages/airflow/example_dags/tutorial_taskflow_api.py for tasks to queue
[2024-04-14T15:33:29.922+0000] {logging_mixin.py:154} INFO - [2024-04-14T15:33:29.922+0000] {dagbag.py:536} INFO - Filling up the DagBag from /home/airflow/.local/lib/python3.10/site-packages/airflow/example_dags/tutorial_taskflow_api.py
[2024-04-14T15:33:29.926+0000] {processor.py:839} INFO - DAG(s) dict_keys(['tutorial_taskflow_api']) retrieved from /home/airflow/.local/lib/python3.10/site-packages/airflow/example_dags/tutorial_taskflow_api.py
[2024-04-14T15:33:29.938+0000] {logging_mixin.py:154} INFO - [2024-04-14T15:33:29.938+0000] {dag.py:2941} INFO - Sync 1 DAGs
[2024-04-14T15:33:29.946+0000] {logging_mixin.py:154} INFO - [2024-04-14T15:33:29.946+0000] {dag.py:3722} INFO - Setting next_dagrun for tutorial_taskflow_api to None, run_after=None
[2024-04-14T15:33:29.956+0000] {processor.py:179} INFO - Processing /home/airflow/.local/lib/python3.10/site-packages/airflow/example_dags/tutorial_taskflow_api.py took 0.038 seconds
[2024-04-14T15:34:00.610+0000] {processor.py:157} INFO - Started process (PID=2673) to work on /home/airflow/.local/lib/python3.10/site-packages/airflow/example_dags/tutorial_taskflow_api.py
[2024-04-14T15:34:00.610+0000] {processor.py:829} INFO - Processing file /home/airflow/.local/lib/python3.10/site-packages/airflow/example_dags/tutorial_taskflow_api.py for tasks to queue
[2024-04-14T15:34:00.611+0000] {logging_mixin.py:154} INFO - [2024-04-14T15:34:00.611+0000] {dagbag.py:536} INFO - Filling up the DagBag from /home/airflow/.local/lib/python3.10/site-packages/airflow/example_dags/tutorial_taskflow_api.py
[2024-04-14T15:34:00.615+0000] {processor.py:839} INFO - DAG(s) dict_keys(['tutorial_taskflow_api']) retrieved from /home/airflow/.local/lib/python3.10/site-packages/airflow/example_dags/tutorial_taskflow_api.py
[2024-04-14T15:34:00.627+0000] {logging_mixin.py:154} INFO - [2024-04-14T15:34:00.627+0000] {dag.py:2941} INFO - Sync 1 DAGs
[2024-04-14T15:34:00.634+0000] {logging_mixin.py:154} INFO - [2024-04-14T15:34:00.634+0000] {dag.py:3722} INFO - Setting next_dagrun for tutorial_taskflow_api to None, run_after=None
[2024-04-14T15:34:00.643+0000] {processor.py:179} INFO - Processing /home/airflow/.local/lib/python3.10/site-packages/airflow/example_dags/tutorial_taskflow_api.py took 0.035 seconds
[2024-04-14T15:34:31.248+0000] {processor.py:157} INFO - Started process (PID=2727) to work on /home/airflow/.local/lib/python3.10/site-packages/airflow/example_dags/tutorial_taskflow_api.py
[2024-04-14T15:34:31.249+0000] {processor.py:829} INFO - Processing file /home/airflow/.local/lib/python3.10/site-packages/airflow/example_dags/tutorial_taskflow_api.py for tasks to queue
[2024-04-14T15:34:31.250+0000] {logging_mixin.py:154} INFO - [2024-04-14T15:34:31.250+0000] {dagbag.py:536} INFO - Filling up the DagBag from /home/airflow/.local/lib/python3.10/site-packages/airflow/example_dags/tutorial_taskflow_api.py
[2024-04-14T15:34:31.254+0000] {processor.py:839} INFO - DAG(s) dict_keys(['tutorial_taskflow_api']) retrieved from /home/airflow/.local/lib/python3.10/site-packages/airflow/example_dags/tutorial_taskflow_api.py
[2024-04-14T15:34:31.265+0000] {logging_mixin.py:154} INFO - [2024-04-14T15:34:31.265+0000] {dag.py:2941} INFO - Sync 1 DAGs
[2024-04-14T15:34:31.272+0000] {logging_mixin.py:154} INFO - [2024-04-14T15:34:31.272+0000] {dag.py:3722} INFO - Setting next_dagrun for tutorial_taskflow_api to None, run_after=None
[2024-04-14T15:34:31.281+0000] {processor.py:179} INFO - Processing /home/airflow/.local/lib/python3.10/site-packages/airflow/example_dags/tutorial_taskflow_api.py took 0.035 seconds
[2024-04-14T15:35:01.959+0000] {processor.py:157} INFO - Started process (PID=2781) to work on /home/airflow/.local/lib/python3.10/site-packages/airflow/example_dags/tutorial_taskflow_api.py
[2024-04-14T15:35:01.960+0000] {processor.py:829} INFO - Processing file /home/airflow/.local/lib/python3.10/site-packages/airflow/example_dags/tutorial_taskflow_api.py for tasks to queue
[2024-04-14T15:35:01.961+0000] {logging_mixin.py:154} INFO - [2024-04-14T15:35:01.961+0000] {dagbag.py:536} INFO - Filling up the DagBag from /home/airflow/.local/lib/python3.10/site-packages/airflow/example_dags/tutorial_taskflow_api.py
[2024-04-14T15:35:01.965+0000] {processor.py:839} INFO - DAG(s) dict_keys(['tutorial_taskflow_api']) retrieved from /home/airflow/.local/lib/python3.10/site-packages/airflow/example_dags/tutorial_taskflow_api.py
[2024-04-14T15:35:01.979+0000] {logging_mixin.py:154} INFO - [2024-04-14T15:35:01.979+0000] {dag.py:2941} INFO - Sync 1 DAGs
[2024-04-14T15:35:01.987+0000] {logging_mixin.py:154} INFO - [2024-04-14T15:35:01.987+0000] {dag.py:3722} INFO - Setting next_dagrun for tutorial_taskflow_api to None, run_after=None
[2024-04-14T15:35:01.996+0000] {processor.py:179} INFO - Processing /home/airflow/.local/lib/python3.10/site-packages/airflow/example_dags/tutorial_taskflow_api.py took 0.039 seconds
[2024-04-14T15:35:32.701+0000] {processor.py:157} INFO - Started process (PID=2835) to work on /home/airflow/.local/lib/python3.10/site-packages/airflow/example_dags/tutorial_taskflow_api.py
[2024-04-14T15:35:32.702+0000] {processor.py:829} INFO - Processing file /home/airflow/.local/lib/python3.10/site-packages/airflow/example_dags/tutorial_taskflow_api.py for tasks to queue
[2024-04-14T15:35:32.703+0000] {logging_mixin.py:154} INFO - [2024-04-14T15:35:32.702+0000] {dagbag.py:536} INFO - Filling up the DagBag from /home/airflow/.local/lib/python3.10/site-packages/airflow/example_dags/tutorial_taskflow_api.py
[2024-04-14T15:35:32.707+0000] {processor.py:839} INFO - DAG(s) dict_keys(['tutorial_taskflow_api']) retrieved from /home/airflow/.local/lib/python3.10/site-packages/airflow/example_dags/tutorial_taskflow_api.py
[2024-04-14T15:35:32.720+0000] {logging_mixin.py:154} INFO - [2024-04-14T15:35:32.720+0000] {dag.py:2941} INFO - Sync 1 DAGs
[2024-04-14T15:35:32.727+0000] {logging_mixin.py:154} INFO - [2024-04-14T15:35:32.727+0000] {dag.py:3722} INFO - Setting next_dagrun for tutorial_taskflow_api to None, run_after=None
[2024-04-14T15:35:32.737+0000] {processor.py:179} INFO - Processing /home/airflow/.local/lib/python3.10/site-packages/airflow/example_dags/tutorial_taskflow_api.py took 0.038 seconds
[2024-04-14T15:36:03.428+0000] {processor.py:157} INFO - Started process (PID=2889) to work on /home/airflow/.local/lib/python3.10/site-packages/airflow/example_dags/tutorial_taskflow_api.py
[2024-04-14T15:36:03.429+0000] {processor.py:829} INFO - Processing file /home/airflow/.local/lib/python3.10/site-packages/airflow/example_dags/tutorial_taskflow_api.py for tasks to queue
[2024-04-14T15:36:03.430+0000] {logging_mixin.py:154} INFO - [2024-04-14T15:36:03.430+0000] {dagbag.py:536} INFO - Filling up the DagBag from /home/airflow/.local/lib/python3.10/site-packages/airflow/example_dags/tutorial_taskflow_api.py
[2024-04-14T15:36:03.434+0000] {processor.py:839} INFO - DAG(s) dict_keys(['tutorial_taskflow_api']) retrieved from /home/airflow/.local/lib/python3.10/site-packages/airflow/example_dags/tutorial_taskflow_api.py
[2024-04-14T15:36:03.447+0000] {logging_mixin.py:154} INFO - [2024-04-14T15:36:03.447+0000] {dag.py:2941} INFO - Sync 1 DAGs
[2024-04-14T15:36:03.454+0000] {logging_mixin.py:154} INFO - [2024-04-14T15:36:03.454+0000] {dag.py:3722} INFO - Setting next_dagrun for tutorial_taskflow_api to None, run_after=None
[2024-04-14T15:36:03.463+0000] {processor.py:179} INFO - Processing /home/airflow/.local/lib/python3.10/site-packages/airflow/example_dags/tutorial_taskflow_api.py took 0.037 seconds
[2024-04-14T15:36:34.218+0000] {processor.py:157} INFO - Started process (PID=2943) to work on /home/airflow/.local/lib/python3.10/site-packages/airflow/example_dags/tutorial_taskflow_api.py
[2024-04-14T15:36:34.219+0000] {processor.py:829} INFO - Processing file /home/airflow/.local/lib/python3.10/site-packages/airflow/example_dags/tutorial_taskflow_api.py for tasks to queue
[2024-04-14T15:36:34.220+0000] {logging_mixin.py:154} INFO - [2024-04-14T15:36:34.220+0000] {dagbag.py:536} INFO - Filling up the DagBag from /home/airflow/.local/lib/python3.10/site-packages/airflow/example_dags/tutorial_taskflow_api.py
[2024-04-14T15:36:34.224+0000] {processor.py:839} INFO - DAG(s) dict_keys(['tutorial_taskflow_api']) retrieved from /home/airflow/.local/lib/python3.10/site-packages/airflow/example_dags/tutorial_taskflow_api.py
[2024-04-14T15:36:34.236+0000] {logging_mixin.py:154} INFO - [2024-04-14T15:36:34.236+0000] {dag.py:2941} INFO - Sync 1 DAGs
[2024-04-14T15:36:34.243+0000] {logging_mixin.py:154} INFO - [2024-04-14T15:36:34.243+0000] {dag.py:3722} INFO - Setting next_dagrun for tutorial_taskflow_api to None, run_after=None
[2024-04-14T15:36:34.252+0000] {processor.py:179} INFO - Processing /home/airflow/.local/lib/python3.10/site-packages/airflow/example_dags/tutorial_taskflow_api.py took 0.036 seconds
[2024-04-14T15:37:04.977+0000] {processor.py:157} INFO - Started process (PID=2997) to work on /home/airflow/.local/lib/python3.10/site-packages/airflow/example_dags/tutorial_taskflow_api.py
[2024-04-14T15:37:04.978+0000] {processor.py:829} INFO - Processing file /home/airflow/.local/lib/python3.10/site-packages/airflow/example_dags/tutorial_taskflow_api.py for tasks to queue
[2024-04-14T15:37:04.979+0000] {logging_mixin.py:154} INFO - [2024-04-14T15:37:04.979+0000] {dagbag.py:536} INFO - Filling up the DagBag from /home/airflow/.local/lib/python3.10/site-packages/airflow/example_dags/tutorial_taskflow_api.py
[2024-04-14T15:37:04.983+0000] {processor.py:839} INFO - DAG(s) dict_keys(['tutorial_taskflow_api']) retrieved from /home/airflow/.local/lib/python3.10/site-packages/airflow/example_dags/tutorial_taskflow_api.py
[2024-04-14T15:37:04.995+0000] {logging_mixin.py:154} INFO - [2024-04-14T15:37:04.995+0000] {dag.py:2941} INFO - Sync 1 DAGs
[2024-04-14T15:37:05.002+0000] {logging_mixin.py:154} INFO - [2024-04-14T15:37:05.002+0000] {dag.py:3722} INFO - Setting next_dagrun for tutorial_taskflow_api to None, run_after=None
[2024-04-14T15:37:05.011+0000] {processor.py:179} INFO - Processing /home/airflow/.local/lib/python3.10/site-packages/airflow/example_dags/tutorial_taskflow_api.py took 0.036 seconds
[2024-04-14T15:37:35.685+0000] {processor.py:157} INFO - Started process (PID=3051) to work on /home/airflow/.local/lib/python3.10/site-packages/airflow/example_dags/tutorial_taskflow_api.py
[2024-04-14T15:37:35.686+0000] {processor.py:829} INFO - Processing file /home/airflow/.local/lib/python3.10/site-packages/airflow/example_dags/tutorial_taskflow_api.py for tasks to queue
[2024-04-14T15:37:35.688+0000] {logging_mixin.py:154} INFO - [2024-04-14T15:37:35.687+0000] {dagbag.py:536} INFO - Filling up the DagBag from /home/airflow/.local/lib/python3.10/site-packages/airflow/example_dags/tutorial_taskflow_api.py
[2024-04-14T15:37:35.692+0000] {processor.py:839} INFO - DAG(s) dict_keys(['tutorial_taskflow_api']) retrieved from /home/airflow/.local/lib/python3.10/site-packages/airflow/example_dags/tutorial_taskflow_api.py
[2024-04-14T15:37:35.706+0000] {logging_mixin.py:154} INFO - [2024-04-14T15:37:35.706+0000] {dag.py:2941} INFO - Sync 1 DAGs
[2024-04-14T15:37:35.713+0000] {logging_mixin.py:154} INFO - [2024-04-14T15:37:35.713+0000] {dag.py:3722} INFO - Setting next_dagrun for tutorial_taskflow_api to None, run_after=None
[2024-04-14T15:37:35.726+0000] {processor.py:179} INFO - Processing /home/airflow/.local/lib/python3.10/site-packages/airflow/example_dags/tutorial_taskflow_api.py took 0.043 seconds
[2024-04-14T15:38:06.579+0000] {processor.py:157} INFO - Started process (PID=3105) to work on /home/airflow/.local/lib/python3.10/site-packages/airflow/example_dags/tutorial_taskflow_api.py
[2024-04-14T15:38:06.580+0000] {processor.py:829} INFO - Processing file /home/airflow/.local/lib/python3.10/site-packages/airflow/example_dags/tutorial_taskflow_api.py for tasks to queue
[2024-04-14T15:38:06.581+0000] {logging_mixin.py:154} INFO - [2024-04-14T15:38:06.581+0000] {dagbag.py:536} INFO - Filling up the DagBag from /home/airflow/.local/lib/python3.10/site-packages/airflow/example_dags/tutorial_taskflow_api.py
[2024-04-14T15:38:06.585+0000] {processor.py:839} INFO - DAG(s) dict_keys(['tutorial_taskflow_api']) retrieved from /home/airflow/.local/lib/python3.10/site-packages/airflow/example_dags/tutorial_taskflow_api.py
[2024-04-14T15:38:06.598+0000] {logging_mixin.py:154} INFO - [2024-04-14T15:38:06.598+0000] {dag.py:2941} INFO - Sync 1 DAGs
[2024-04-14T15:38:06.606+0000] {logging_mixin.py:154} INFO - [2024-04-14T15:38:06.606+0000] {dag.py:3722} INFO - Setting next_dagrun for tutorial_taskflow_api to None, run_after=None
[2024-04-14T15:38:06.615+0000] {processor.py:179} INFO - Processing /home/airflow/.local/lib/python3.10/site-packages/airflow/example_dags/tutorial_taskflow_api.py took 0.038 seconds
[2024-04-14T15:38:37.312+0000] {processor.py:157} INFO - Started process (PID=3159) to work on /home/airflow/.local/lib/python3.10/site-packages/airflow/example_dags/tutorial_taskflow_api.py
[2024-04-14T15:38:37.313+0000] {processor.py:829} INFO - Processing file /home/airflow/.local/lib/python3.10/site-packages/airflow/example_dags/tutorial_taskflow_api.py for tasks to queue
[2024-04-14T15:38:37.314+0000] {logging_mixin.py:154} INFO - [2024-04-14T15:38:37.314+0000] {dagbag.py:536} INFO - Filling up the DagBag from /home/airflow/.local/lib/python3.10/site-packages/airflow/example_dags/tutorial_taskflow_api.py
[2024-04-14T15:38:37.318+0000] {processor.py:839} INFO - DAG(s) dict_keys(['tutorial_taskflow_api']) retrieved from /home/airflow/.local/lib/python3.10/site-packages/airflow/example_dags/tutorial_taskflow_api.py
[2024-04-14T15:38:37.331+0000] {logging_mixin.py:154} INFO - [2024-04-14T15:38:37.331+0000] {dag.py:2941} INFO - Sync 1 DAGs
[2024-04-14T15:38:37.338+0000] {logging_mixin.py:154} INFO - [2024-04-14T15:38:37.338+0000] {dag.py:3722} INFO - Setting next_dagrun for tutorial_taskflow_api to None, run_after=None
[2024-04-14T15:38:37.346+0000] {processor.py:179} INFO - Processing /home/airflow/.local/lib/python3.10/site-packages/airflow/example_dags/tutorial_taskflow_api.py took 0.037 seconds
[2024-04-14T15:39:08.361+0000] {processor.py:157} INFO - Started process (PID=3213) to work on /home/airflow/.local/lib/python3.10/site-packages/airflow/example_dags/tutorial_taskflow_api.py
[2024-04-14T15:39:08.361+0000] {processor.py:829} INFO - Processing file /home/airflow/.local/lib/python3.10/site-packages/airflow/example_dags/tutorial_taskflow_api.py for tasks to queue
[2024-04-14T15:39:08.362+0000] {logging_mixin.py:154} INFO - [2024-04-14T15:39:08.362+0000] {dagbag.py:536} INFO - Filling up the DagBag from /home/airflow/.local/lib/python3.10/site-packages/airflow/example_dags/tutorial_taskflow_api.py
[2024-04-14T15:39:08.367+0000] {processor.py:839} INFO - DAG(s) dict_keys(['tutorial_taskflow_api']) retrieved from /home/airflow/.local/lib/python3.10/site-packages/airflow/example_dags/tutorial_taskflow_api.py
[2024-04-14T15:39:08.381+0000] {logging_mixin.py:154} INFO - [2024-04-14T15:39:08.381+0000] {dag.py:2941} INFO - Sync 1 DAGs
[2024-04-14T15:39:08.389+0000] {logging_mixin.py:154} INFO - [2024-04-14T15:39:08.389+0000] {dag.py:3722} INFO - Setting next_dagrun for tutorial_taskflow_api to None, run_after=None
[2024-04-14T15:39:08.401+0000] {processor.py:179} INFO - Processing /home/airflow/.local/lib/python3.10/site-packages/airflow/example_dags/tutorial_taskflow_api.py took 0.042 seconds
[2024-04-14T15:39:39.332+0000] {processor.py:157} INFO - Started process (PID=3267) to work on /home/airflow/.local/lib/python3.10/site-packages/airflow/example_dags/tutorial_taskflow_api.py
[2024-04-14T15:39:39.333+0000] {processor.py:829} INFO - Processing file /home/airflow/.local/lib/python3.10/site-packages/airflow/example_dags/tutorial_taskflow_api.py for tasks to queue
[2024-04-14T15:39:39.334+0000] {logging_mixin.py:154} INFO - [2024-04-14T15:39:39.334+0000] {dagbag.py:536} INFO - Filling up the DagBag from /home/airflow/.local/lib/python3.10/site-packages/airflow/example_dags/tutorial_taskflow_api.py
[2024-04-14T15:39:39.338+0000] {processor.py:839} INFO - DAG(s) dict_keys(['tutorial_taskflow_api']) retrieved from /home/airflow/.local/lib/python3.10/site-packages/airflow/example_dags/tutorial_taskflow_api.py
[2024-04-14T15:39:39.351+0000] {logging_mixin.py:154} INFO - [2024-04-14T15:39:39.351+0000] {dag.py:2941} INFO - Sync 1 DAGs
[2024-04-14T15:39:39.358+0000] {logging_mixin.py:154} INFO - [2024-04-14T15:39:39.358+0000] {dag.py:3722} INFO - Setting next_dagrun for tutorial_taskflow_api to None, run_after=None
[2024-04-14T15:39:39.367+0000] {processor.py:179} INFO - Processing /home/airflow/.local/lib/python3.10/site-packages/airflow/example_dags/tutorial_taskflow_api.py took 0.037 seconds
[2024-04-14T15:40:10.258+0000] {processor.py:157} INFO - Started process (PID=3321) to work on /home/airflow/.local/lib/python3.10/site-packages/airflow/example_dags/tutorial_taskflow_api.py
[2024-04-14T15:40:10.258+0000] {processor.py:829} INFO - Processing file /home/airflow/.local/lib/python3.10/site-packages/airflow/example_dags/tutorial_taskflow_api.py for tasks to queue
[2024-04-14T15:40:10.260+0000] {logging_mixin.py:154} INFO - [2024-04-14T15:40:10.259+0000] {dagbag.py:536} INFO - Filling up the DagBag from /home/airflow/.local/lib/python3.10/site-packages/airflow/example_dags/tutorial_taskflow_api.py
[2024-04-14T15:40:10.264+0000] {processor.py:839} INFO - DAG(s) dict_keys(['tutorial_taskflow_api']) retrieved from /home/airflow/.local/lib/python3.10/site-packages/airflow/example_dags/tutorial_taskflow_api.py
[2024-04-14T15:40:10.277+0000] {logging_mixin.py:154} INFO - [2024-04-14T15:40:10.277+0000] {dag.py:2941} INFO - Sync 1 DAGs
[2024-04-14T15:40:10.285+0000] {logging_mixin.py:154} INFO - [2024-04-14T15:40:10.285+0000] {dag.py:3722} INFO - Setting next_dagrun for tutorial_taskflow_api to None, run_after=None
[2024-04-14T15:40:10.295+0000] {processor.py:179} INFO - Processing /home/airflow/.local/lib/python3.10/site-packages/airflow/example_dags/tutorial_taskflow_api.py took 0.039 seconds
[2024-04-14T15:41:10.779+0000] {processor.py:157} INFO - Started process (PID=74) to work on /home/airflow/.local/lib/python3.10/site-packages/airflow/example_dags/tutorial_taskflow_api.py
[2024-04-14T15:41:10.780+0000] {processor.py:829} INFO - Processing file /home/airflow/.local/lib/python3.10/site-packages/airflow/example_dags/tutorial_taskflow_api.py for tasks to queue
[2024-04-14T15:41:10.781+0000] {logging_mixin.py:154} INFO - [2024-04-14T15:41:10.781+0000] {dagbag.py:536} INFO - Filling up the DagBag from /home/airflow/.local/lib/python3.10/site-packages/airflow/example_dags/tutorial_taskflow_api.py
[2024-04-14T15:41:10.785+0000] {processor.py:839} INFO - DAG(s) dict_keys(['tutorial_taskflow_api']) retrieved from /home/airflow/.local/lib/python3.10/site-packages/airflow/example_dags/tutorial_taskflow_api.py
[2024-04-14T15:41:10.793+0000] {logging_mixin.py:154} INFO - [2024-04-14T15:41:10.793+0000] {dag.py:2941} INFO - Sync 1 DAGs
[2024-04-14T15:41:10.802+0000] {logging_mixin.py:154} INFO - [2024-04-14T15:41:10.802+0000] {dag.py:3722} INFO - Setting next_dagrun for tutorial_taskflow_api to None, run_after=None
[2024-04-14T15:41:10.812+0000] {processor.py:179} INFO - Processing /home/airflow/.local/lib/python3.10/site-packages/airflow/example_dags/tutorial_taskflow_api.py took 0.035 seconds
[2024-04-14T15:41:41.393+0000] {processor.py:157} INFO - Started process (PID=127) to work on /home/airflow/.local/lib/python3.10/site-packages/airflow/example_dags/tutorial_taskflow_api.py
[2024-04-14T15:41:41.393+0000] {processor.py:829} INFO - Processing file /home/airflow/.local/lib/python3.10/site-packages/airflow/example_dags/tutorial_taskflow_api.py for tasks to queue
[2024-04-14T15:41:41.394+0000] {logging_mixin.py:154} INFO - [2024-04-14T15:41:41.394+0000] {dagbag.py:536} INFO - Filling up the DagBag from /home/airflow/.local/lib/python3.10/site-packages/airflow/example_dags/tutorial_taskflow_api.py
[2024-04-14T15:41:41.398+0000] {processor.py:839} INFO - DAG(s) dict_keys(['tutorial_taskflow_api']) retrieved from /home/airflow/.local/lib/python3.10/site-packages/airflow/example_dags/tutorial_taskflow_api.py
[2024-04-14T15:41:41.410+0000] {logging_mixin.py:154} INFO - [2024-04-14T15:41:41.410+0000] {dag.py:2941} INFO - Sync 1 DAGs
[2024-04-14T15:41:41.417+0000] {logging_mixin.py:154} INFO - [2024-04-14T15:41:41.417+0000] {dag.py:3722} INFO - Setting next_dagrun for tutorial_taskflow_api to None, run_after=None
[2024-04-14T15:41:41.425+0000] {processor.py:179} INFO - Processing /home/airflow/.local/lib/python3.10/site-packages/airflow/example_dags/tutorial_taskflow_api.py took 0.035 seconds
[2024-04-14T15:42:12.225+0000] {processor.py:157} INFO - Started process (PID=182) to work on /home/airflow/.local/lib/python3.10/site-packages/airflow/example_dags/tutorial_taskflow_api.py
[2024-04-14T15:42:12.226+0000] {processor.py:829} INFO - Processing file /home/airflow/.local/lib/python3.10/site-packages/airflow/example_dags/tutorial_taskflow_api.py for tasks to queue
[2024-04-14T15:42:12.226+0000] {logging_mixin.py:154} INFO - [2024-04-14T15:42:12.226+0000] {dagbag.py:536} INFO - Filling up the DagBag from /home/airflow/.local/lib/python3.10/site-packages/airflow/example_dags/tutorial_taskflow_api.py
[2024-04-14T15:42:12.230+0000] {processor.py:839} INFO - DAG(s) dict_keys(['tutorial_taskflow_api']) retrieved from /home/airflow/.local/lib/python3.10/site-packages/airflow/example_dags/tutorial_taskflow_api.py
[2024-04-14T15:42:12.242+0000] {logging_mixin.py:154} INFO - [2024-04-14T15:42:12.242+0000] {dag.py:2941} INFO - Sync 1 DAGs
[2024-04-14T15:42:12.250+0000] {logging_mixin.py:154} INFO - [2024-04-14T15:42:12.250+0000] {dag.py:3722} INFO - Setting next_dagrun for tutorial_taskflow_api to None, run_after=None
[2024-04-14T15:42:12.258+0000] {processor.py:179} INFO - Processing /home/airflow/.local/lib/python3.10/site-packages/airflow/example_dags/tutorial_taskflow_api.py took 0.035 seconds
[2024-04-14T15:42:42.771+0000] {processor.py:157} INFO - Started process (PID=236) to work on /home/airflow/.local/lib/python3.10/site-packages/airflow/example_dags/tutorial_taskflow_api.py
[2024-04-14T15:42:42.771+0000] {processor.py:829} INFO - Processing file /home/airflow/.local/lib/python3.10/site-packages/airflow/example_dags/tutorial_taskflow_api.py for tasks to queue
[2024-04-14T15:42:42.772+0000] {logging_mixin.py:154} INFO - [2024-04-14T15:42:42.772+0000] {dagbag.py:536} INFO - Filling up the DagBag from /home/airflow/.local/lib/python3.10/site-packages/airflow/example_dags/tutorial_taskflow_api.py
[2024-04-14T15:42:42.776+0000] {processor.py:839} INFO - DAG(s) dict_keys(['tutorial_taskflow_api']) retrieved from /home/airflow/.local/lib/python3.10/site-packages/airflow/example_dags/tutorial_taskflow_api.py
[2024-04-14T15:42:42.788+0000] {logging_mixin.py:154} INFO - [2024-04-14T15:42:42.788+0000] {dag.py:2941} INFO - Sync 1 DAGs
[2024-04-14T15:42:42.795+0000] {logging_mixin.py:154} INFO - [2024-04-14T15:42:42.795+0000] {dag.py:3722} INFO - Setting next_dagrun for tutorial_taskflow_api to None, run_after=None
[2024-04-14T15:42:42.803+0000] {processor.py:179} INFO - Processing /home/airflow/.local/lib/python3.10/site-packages/airflow/example_dags/tutorial_taskflow_api.py took 0.035 seconds
[2024-04-14T15:46:34.156+0000] {processor.py:157} INFO - Started process (PID=75) to work on /home/airflow/.local/lib/python3.10/site-packages/airflow/example_dags/tutorial_taskflow_api.py
[2024-04-14T15:46:34.157+0000] {processor.py:829} INFO - Processing file /home/airflow/.local/lib/python3.10/site-packages/airflow/example_dags/tutorial_taskflow_api.py for tasks to queue
[2024-04-14T15:46:34.158+0000] {logging_mixin.py:154} INFO - [2024-04-14T15:46:34.158+0000] {dagbag.py:536} INFO - Filling up the DagBag from /home/airflow/.local/lib/python3.10/site-packages/airflow/example_dags/tutorial_taskflow_api.py
[2024-04-14T15:46:34.162+0000] {processor.py:839} INFO - DAG(s) dict_keys(['tutorial_taskflow_api']) retrieved from /home/airflow/.local/lib/python3.10/site-packages/airflow/example_dags/tutorial_taskflow_api.py
[2024-04-14T15:46:34.171+0000] {logging_mixin.py:154} INFO - [2024-04-14T15:46:34.171+0000] {dag.py:2941} INFO - Sync 1 DAGs
[2024-04-14T15:46:34.180+0000] {logging_mixin.py:154} INFO - [2024-04-14T15:46:34.180+0000] {dag.py:3722} INFO - Setting next_dagrun for tutorial_taskflow_api to None, run_after=None
[2024-04-14T15:46:34.191+0000] {processor.py:179} INFO - Processing /home/airflow/.local/lib/python3.10/site-packages/airflow/example_dags/tutorial_taskflow_api.py took 0.037 seconds
[2024-04-14T15:47:04.952+0000] {processor.py:157} INFO - Started process (PID=130) to work on /home/airflow/.local/lib/python3.10/site-packages/airflow/example_dags/tutorial_taskflow_api.py
[2024-04-14T15:47:04.952+0000] {processor.py:829} INFO - Processing file /home/airflow/.local/lib/python3.10/site-packages/airflow/example_dags/tutorial_taskflow_api.py for tasks to queue
[2024-04-14T15:47:04.953+0000] {logging_mixin.py:154} INFO - [2024-04-14T15:47:04.953+0000] {dagbag.py:536} INFO - Filling up the DagBag from /home/airflow/.local/lib/python3.10/site-packages/airflow/example_dags/tutorial_taskflow_api.py
[2024-04-14T15:47:04.957+0000] {processor.py:839} INFO - DAG(s) dict_keys(['tutorial_taskflow_api']) retrieved from /home/airflow/.local/lib/python3.10/site-packages/airflow/example_dags/tutorial_taskflow_api.py
[2024-04-14T15:47:04.970+0000] {logging_mixin.py:154} INFO - [2024-04-14T15:47:04.969+0000] {dag.py:2941} INFO - Sync 1 DAGs
[2024-04-14T15:47:04.977+0000] {logging_mixin.py:154} INFO - [2024-04-14T15:47:04.977+0000] {dag.py:3722} INFO - Setting next_dagrun for tutorial_taskflow_api to None, run_after=None
[2024-04-14T15:47:04.985+0000] {processor.py:179} INFO - Processing /home/airflow/.local/lib/python3.10/site-packages/airflow/example_dags/tutorial_taskflow_api.py took 0.036 seconds
[2024-04-14T15:47:35.748+0000] {processor.py:157} INFO - Started process (PID=185) to work on /home/airflow/.local/lib/python3.10/site-packages/airflow/example_dags/tutorial_taskflow_api.py
[2024-04-14T15:47:35.749+0000] {processor.py:829} INFO - Processing file /home/airflow/.local/lib/python3.10/site-packages/airflow/example_dags/tutorial_taskflow_api.py for tasks to queue
[2024-04-14T15:47:35.750+0000] {logging_mixin.py:154} INFO - [2024-04-14T15:47:35.750+0000] {dagbag.py:536} INFO - Filling up the DagBag from /home/airflow/.local/lib/python3.10/site-packages/airflow/example_dags/tutorial_taskflow_api.py
[2024-04-14T15:47:35.754+0000] {processor.py:839} INFO - DAG(s) dict_keys(['tutorial_taskflow_api']) retrieved from /home/airflow/.local/lib/python3.10/site-packages/airflow/example_dags/tutorial_taskflow_api.py
[2024-04-14T15:47:35.766+0000] {logging_mixin.py:154} INFO - [2024-04-14T15:47:35.766+0000] {dag.py:2941} INFO - Sync 1 DAGs
[2024-04-14T15:47:35.774+0000] {logging_mixin.py:154} INFO - [2024-04-14T15:47:35.774+0000] {dag.py:3722} INFO - Setting next_dagrun for tutorial_taskflow_api to None, run_after=None
[2024-04-14T15:47:35.783+0000] {processor.py:179} INFO - Processing /home/airflow/.local/lib/python3.10/site-packages/airflow/example_dags/tutorial_taskflow_api.py took 0.036 seconds
[2024-04-14T15:48:06.408+0000] {processor.py:157} INFO - Started process (PID=244) to work on /home/airflow/.local/lib/python3.10/site-packages/airflow/example_dags/tutorial_taskflow_api.py
[2024-04-14T15:48:06.409+0000] {processor.py:829} INFO - Processing file /home/airflow/.local/lib/python3.10/site-packages/airflow/example_dags/tutorial_taskflow_api.py for tasks to queue
[2024-04-14T15:48:06.410+0000] {logging_mixin.py:154} INFO - [2024-04-14T15:48:06.410+0000] {dagbag.py:536} INFO - Filling up the DagBag from /home/airflow/.local/lib/python3.10/site-packages/airflow/example_dags/tutorial_taskflow_api.py
[2024-04-14T15:48:06.414+0000] {processor.py:839} INFO - DAG(s) dict_keys(['tutorial_taskflow_api']) retrieved from /home/airflow/.local/lib/python3.10/site-packages/airflow/example_dags/tutorial_taskflow_api.py
[2024-04-14T15:48:06.426+0000] {logging_mixin.py:154} INFO - [2024-04-14T15:48:06.426+0000] {dag.py:2941} INFO - Sync 1 DAGs
[2024-04-14T15:48:06.433+0000] {logging_mixin.py:154} INFO - [2024-04-14T15:48:06.433+0000] {dag.py:3722} INFO - Setting next_dagrun for tutorial_taskflow_api to None, run_after=None
[2024-04-14T15:48:06.442+0000] {processor.py:179} INFO - Processing /home/airflow/.local/lib/python3.10/site-packages/airflow/example_dags/tutorial_taskflow_api.py took 0.036 seconds
[2024-04-14T15:48:37.090+0000] {processor.py:157} INFO - Started process (PID=299) to work on /home/airflow/.local/lib/python3.10/site-packages/airflow/example_dags/tutorial_taskflow_api.py
[2024-04-14T15:48:37.090+0000] {processor.py:829} INFO - Processing file /home/airflow/.local/lib/python3.10/site-packages/airflow/example_dags/tutorial_taskflow_api.py for tasks to queue
[2024-04-14T15:48:37.091+0000] {logging_mixin.py:154} INFO - [2024-04-14T15:48:37.091+0000] {dagbag.py:536} INFO - Filling up the DagBag from /home/airflow/.local/lib/python3.10/site-packages/airflow/example_dags/tutorial_taskflow_api.py
[2024-04-14T15:48:37.095+0000] {processor.py:839} INFO - DAG(s) dict_keys(['tutorial_taskflow_api']) retrieved from /home/airflow/.local/lib/python3.10/site-packages/airflow/example_dags/tutorial_taskflow_api.py
[2024-04-14T15:48:37.107+0000] {logging_mixin.py:154} INFO - [2024-04-14T15:48:37.107+0000] {dag.py:2941} INFO - Sync 1 DAGs
[2024-04-14T15:48:37.114+0000] {logging_mixin.py:154} INFO - [2024-04-14T15:48:37.114+0000] {dag.py:3722} INFO - Setting next_dagrun for tutorial_taskflow_api to None, run_after=None
[2024-04-14T15:48:37.123+0000] {processor.py:179} INFO - Processing /home/airflow/.local/lib/python3.10/site-packages/airflow/example_dags/tutorial_taskflow_api.py took 0.035 seconds
[2024-04-14T15:49:07.819+0000] {processor.py:157} INFO - Started process (PID=354) to work on /home/airflow/.local/lib/python3.10/site-packages/airflow/example_dags/tutorial_taskflow_api.py
[2024-04-14T15:49:07.819+0000] {processor.py:829} INFO - Processing file /home/airflow/.local/lib/python3.10/site-packages/airflow/example_dags/tutorial_taskflow_api.py for tasks to queue
[2024-04-14T15:49:07.820+0000] {logging_mixin.py:154} INFO - [2024-04-14T15:49:07.820+0000] {dagbag.py:536} INFO - Filling up the DagBag from /home/airflow/.local/lib/python3.10/site-packages/airflow/example_dags/tutorial_taskflow_api.py
[2024-04-14T15:49:07.824+0000] {processor.py:839} INFO - DAG(s) dict_keys(['tutorial_taskflow_api']) retrieved from /home/airflow/.local/lib/python3.10/site-packages/airflow/example_dags/tutorial_taskflow_api.py
[2024-04-14T15:49:07.837+0000] {logging_mixin.py:154} INFO - [2024-04-14T15:49:07.836+0000] {dag.py:2941} INFO - Sync 1 DAGs
[2024-04-14T15:49:07.844+0000] {logging_mixin.py:154} INFO - [2024-04-14T15:49:07.844+0000] {dag.py:3722} INFO - Setting next_dagrun for tutorial_taskflow_api to None, run_after=None
[2024-04-14T15:49:07.853+0000] {processor.py:179} INFO - Processing /home/airflow/.local/lib/python3.10/site-packages/airflow/example_dags/tutorial_taskflow_api.py took 0.036 seconds
