[2024-04-14T15:09:26.046+0000] {processor.py:157} INFO - Started process (PID=57) to work on /home/airflow/.local/lib/python3.10/site-packages/airflow/example_dags/tutorial_dag.py
[2024-04-14T15:09:26.046+0000] {processor.py:829} INFO - Processing file /home/airflow/.local/lib/python3.10/site-packages/airflow/example_dags/tutorial_dag.py for tasks to queue
[2024-04-14T15:09:26.048+0000] {logging_mixin.py:154} INFO - [2024-04-14T15:09:26.047+0000] {dagbag.py:536} INFO - Filling up the DagBag from /home/airflow/.local/lib/python3.10/site-packages/airflow/example_dags/tutorial_dag.py
[2024-04-14T15:09:26.053+0000] {processor.py:839} INFO - DAG(s) dict_keys(['tutorial_dag']) retrieved from /home/airflow/.local/lib/python3.10/site-packages/airflow/example_dags/tutorial_dag.py
[2024-04-14T15:09:26.061+0000] {logging_mixin.py:154} INFO - [2024-04-14T15:09:26.061+0000] {dag.py:2941} INFO - Sync 1 DAGs
[2024-04-14T15:09:26.070+0000] {logging_mixin.py:154} INFO - [2024-04-14T15:09:26.070+0000] {dag.py:3722} INFO - Setting next_dagrun for tutorial_dag to None, run_after=None
[2024-04-14T15:09:26.079+0000] {processor.py:179} INFO - Processing /home/airflow/.local/lib/python3.10/site-packages/airflow/example_dags/tutorial_dag.py took 0.035 seconds
[2024-04-14T15:09:56.792+0000] {processor.py:157} INFO - Started process (PID=111) to work on /home/airflow/.local/lib/python3.10/site-packages/airflow/example_dags/tutorial_dag.py
[2024-04-14T15:09:56.792+0000] {processor.py:829} INFO - Processing file /home/airflow/.local/lib/python3.10/site-packages/airflow/example_dags/tutorial_dag.py for tasks to queue
[2024-04-14T15:09:56.793+0000] {logging_mixin.py:154} INFO - [2024-04-14T15:09:56.793+0000] {dagbag.py:536} INFO - Filling up the DagBag from /home/airflow/.local/lib/python3.10/site-packages/airflow/example_dags/tutorial_dag.py
[2024-04-14T15:09:56.796+0000] {processor.py:839} INFO - DAG(s) dict_keys(['tutorial_dag']) retrieved from /home/airflow/.local/lib/python3.10/site-packages/airflow/example_dags/tutorial_dag.py
[2024-04-14T15:09:56.809+0000] {logging_mixin.py:154} INFO - [2024-04-14T15:09:56.809+0000] {dag.py:2941} INFO - Sync 1 DAGs
[2024-04-14T15:09:56.816+0000] {logging_mixin.py:154} INFO - [2024-04-14T15:09:56.816+0000] {dag.py:3722} INFO - Setting next_dagrun for tutorial_dag to None, run_after=None
[2024-04-14T15:09:56.824+0000] {processor.py:179} INFO - Processing /home/airflow/.local/lib/python3.10/site-packages/airflow/example_dags/tutorial_dag.py took 0.035 seconds
[2024-04-14T15:10:27.524+0000] {processor.py:157} INFO - Started process (PID=165) to work on /home/airflow/.local/lib/python3.10/site-packages/airflow/example_dags/tutorial_dag.py
[2024-04-14T15:10:27.524+0000] {processor.py:829} INFO - Processing file /home/airflow/.local/lib/python3.10/site-packages/airflow/example_dags/tutorial_dag.py for tasks to queue
[2024-04-14T15:10:27.526+0000] {logging_mixin.py:154} INFO - [2024-04-14T15:10:27.525+0000] {dagbag.py:536} INFO - Filling up the DagBag from /home/airflow/.local/lib/python3.10/site-packages/airflow/example_dags/tutorial_dag.py
[2024-04-14T15:10:27.529+0000] {processor.py:839} INFO - DAG(s) dict_keys(['tutorial_dag']) retrieved from /home/airflow/.local/lib/python3.10/site-packages/airflow/example_dags/tutorial_dag.py
[2024-04-14T15:10:27.540+0000] {logging_mixin.py:154} INFO - [2024-04-14T15:10:27.540+0000] {dag.py:2941} INFO - Sync 1 DAGs
[2024-04-14T15:10:27.547+0000] {logging_mixin.py:154} INFO - [2024-04-14T15:10:27.547+0000] {dag.py:3722} INFO - Setting next_dagrun for tutorial_dag to None, run_after=None
[2024-04-14T15:10:27.556+0000] {processor.py:179} INFO - Processing /home/airflow/.local/lib/python3.10/site-packages/airflow/example_dags/tutorial_dag.py took 0.034 seconds
[2024-04-14T15:10:58.094+0000] {processor.py:157} INFO - Started process (PID=219) to work on /home/airflow/.local/lib/python3.10/site-packages/airflow/example_dags/tutorial_dag.py
[2024-04-14T15:10:58.095+0000] {processor.py:829} INFO - Processing file /home/airflow/.local/lib/python3.10/site-packages/airflow/example_dags/tutorial_dag.py for tasks to queue
[2024-04-14T15:10:58.096+0000] {logging_mixin.py:154} INFO - [2024-04-14T15:10:58.096+0000] {dagbag.py:536} INFO - Filling up the DagBag from /home/airflow/.local/lib/python3.10/site-packages/airflow/example_dags/tutorial_dag.py
[2024-04-14T15:10:58.099+0000] {processor.py:839} INFO - DAG(s) dict_keys(['tutorial_dag']) retrieved from /home/airflow/.local/lib/python3.10/site-packages/airflow/example_dags/tutorial_dag.py
[2024-04-14T15:10:58.111+0000] {logging_mixin.py:154} INFO - [2024-04-14T15:10:58.111+0000] {dag.py:2941} INFO - Sync 1 DAGs
[2024-04-14T15:10:58.118+0000] {logging_mixin.py:154} INFO - [2024-04-14T15:10:58.118+0000] {dag.py:3722} INFO - Setting next_dagrun for tutorial_dag to None, run_after=None
[2024-04-14T15:10:58.126+0000] {processor.py:179} INFO - Processing /home/airflow/.local/lib/python3.10/site-packages/airflow/example_dags/tutorial_dag.py took 0.034 seconds
[2024-04-14T15:11:28.742+0000] {processor.py:157} INFO - Started process (PID=273) to work on /home/airflow/.local/lib/python3.10/site-packages/airflow/example_dags/tutorial_dag.py
[2024-04-14T15:11:28.743+0000] {processor.py:829} INFO - Processing file /home/airflow/.local/lib/python3.10/site-packages/airflow/example_dags/tutorial_dag.py for tasks to queue
[2024-04-14T15:11:28.744+0000] {logging_mixin.py:154} INFO - [2024-04-14T15:11:28.744+0000] {dagbag.py:536} INFO - Filling up the DagBag from /home/airflow/.local/lib/python3.10/site-packages/airflow/example_dags/tutorial_dag.py
[2024-04-14T15:11:28.747+0000] {processor.py:839} INFO - DAG(s) dict_keys(['tutorial_dag']) retrieved from /home/airflow/.local/lib/python3.10/site-packages/airflow/example_dags/tutorial_dag.py
[2024-04-14T15:11:28.759+0000] {logging_mixin.py:154} INFO - [2024-04-14T15:11:28.759+0000] {dag.py:2941} INFO - Sync 1 DAGs
[2024-04-14T15:11:28.767+0000] {logging_mixin.py:154} INFO - [2024-04-14T15:11:28.767+0000] {dag.py:3722} INFO - Setting next_dagrun for tutorial_dag to None, run_after=None
[2024-04-14T15:11:28.775+0000] {processor.py:179} INFO - Processing /home/airflow/.local/lib/python3.10/site-packages/airflow/example_dags/tutorial_dag.py took 0.035 seconds
[2024-04-14T15:11:59.535+0000] {processor.py:157} INFO - Started process (PID=327) to work on /home/airflow/.local/lib/python3.10/site-packages/airflow/example_dags/tutorial_dag.py
[2024-04-14T15:11:59.536+0000] {processor.py:829} INFO - Processing file /home/airflow/.local/lib/python3.10/site-packages/airflow/example_dags/tutorial_dag.py for tasks to queue
[2024-04-14T15:11:59.537+0000] {logging_mixin.py:154} INFO - [2024-04-14T15:11:59.537+0000] {dagbag.py:536} INFO - Filling up the DagBag from /home/airflow/.local/lib/python3.10/site-packages/airflow/example_dags/tutorial_dag.py
[2024-04-14T15:11:59.540+0000] {processor.py:839} INFO - DAG(s) dict_keys(['tutorial_dag']) retrieved from /home/airflow/.local/lib/python3.10/site-packages/airflow/example_dags/tutorial_dag.py
[2024-04-14T15:11:59.552+0000] {logging_mixin.py:154} INFO - [2024-04-14T15:11:59.552+0000] {dag.py:2941} INFO - Sync 1 DAGs
[2024-04-14T15:11:59.559+0000] {logging_mixin.py:154} INFO - [2024-04-14T15:11:59.559+0000] {dag.py:3722} INFO - Setting next_dagrun for tutorial_dag to None, run_after=None
[2024-04-14T15:11:59.567+0000] {processor.py:179} INFO - Processing /home/airflow/.local/lib/python3.10/site-packages/airflow/example_dags/tutorial_dag.py took 0.034 seconds
[2024-04-14T15:12:30.295+0000] {processor.py:157} INFO - Started process (PID=381) to work on /home/airflow/.local/lib/python3.10/site-packages/airflow/example_dags/tutorial_dag.py
[2024-04-14T15:12:30.296+0000] {processor.py:829} INFO - Processing file /home/airflow/.local/lib/python3.10/site-packages/airflow/example_dags/tutorial_dag.py for tasks to queue
[2024-04-14T15:12:30.297+0000] {logging_mixin.py:154} INFO - [2024-04-14T15:12:30.297+0000] {dagbag.py:536} INFO - Filling up the DagBag from /home/airflow/.local/lib/python3.10/site-packages/airflow/example_dags/tutorial_dag.py
[2024-04-14T15:12:30.300+0000] {processor.py:839} INFO - DAG(s) dict_keys(['tutorial_dag']) retrieved from /home/airflow/.local/lib/python3.10/site-packages/airflow/example_dags/tutorial_dag.py
[2024-04-14T15:12:30.311+0000] {logging_mixin.py:154} INFO - [2024-04-14T15:12:30.311+0000] {dag.py:2941} INFO - Sync 1 DAGs
[2024-04-14T15:12:30.318+0000] {logging_mixin.py:154} INFO - [2024-04-14T15:12:30.318+0000] {dag.py:3722} INFO - Setting next_dagrun for tutorial_dag to None, run_after=None
[2024-04-14T15:12:30.327+0000] {processor.py:179} INFO - Processing /home/airflow/.local/lib/python3.10/site-packages/airflow/example_dags/tutorial_dag.py took 0.034 seconds
[2024-04-14T15:13:01.050+0000] {processor.py:157} INFO - Started process (PID=435) to work on /home/airflow/.local/lib/python3.10/site-packages/airflow/example_dags/tutorial_dag.py
[2024-04-14T15:13:01.051+0000] {processor.py:829} INFO - Processing file /home/airflow/.local/lib/python3.10/site-packages/airflow/example_dags/tutorial_dag.py for tasks to queue
[2024-04-14T15:13:01.052+0000] {logging_mixin.py:154} INFO - [2024-04-14T15:13:01.052+0000] {dagbag.py:536} INFO - Filling up the DagBag from /home/airflow/.local/lib/python3.10/site-packages/airflow/example_dags/tutorial_dag.py
[2024-04-14T15:13:01.055+0000] {processor.py:839} INFO - DAG(s) dict_keys(['tutorial_dag']) retrieved from /home/airflow/.local/lib/python3.10/site-packages/airflow/example_dags/tutorial_dag.py
[2024-04-14T15:13:01.067+0000] {logging_mixin.py:154} INFO - [2024-04-14T15:13:01.067+0000] {dag.py:2941} INFO - Sync 1 DAGs
[2024-04-14T15:13:01.074+0000] {logging_mixin.py:154} INFO - [2024-04-14T15:13:01.074+0000] {dag.py:3722} INFO - Setting next_dagrun for tutorial_dag to None, run_after=None
[2024-04-14T15:13:01.083+0000] {processor.py:179} INFO - Processing /home/airflow/.local/lib/python3.10/site-packages/airflow/example_dags/tutorial_dag.py took 0.035 seconds
[2024-04-14T15:13:31.798+0000] {processor.py:157} INFO - Started process (PID=489) to work on /home/airflow/.local/lib/python3.10/site-packages/airflow/example_dags/tutorial_dag.py
[2024-04-14T15:13:31.799+0000] {processor.py:829} INFO - Processing file /home/airflow/.local/lib/python3.10/site-packages/airflow/example_dags/tutorial_dag.py for tasks to queue
[2024-04-14T15:13:31.800+0000] {logging_mixin.py:154} INFO - [2024-04-14T15:13:31.800+0000] {dagbag.py:536} INFO - Filling up the DagBag from /home/airflow/.local/lib/python3.10/site-packages/airflow/example_dags/tutorial_dag.py
[2024-04-14T15:13:31.803+0000] {processor.py:839} INFO - DAG(s) dict_keys(['tutorial_dag']) retrieved from /home/airflow/.local/lib/python3.10/site-packages/airflow/example_dags/tutorial_dag.py
[2024-04-14T15:13:31.815+0000] {logging_mixin.py:154} INFO - [2024-04-14T15:13:31.815+0000] {dag.py:2941} INFO - Sync 1 DAGs
[2024-04-14T15:13:31.822+0000] {logging_mixin.py:154} INFO - [2024-04-14T15:13:31.822+0000] {dag.py:3722} INFO - Setting next_dagrun for tutorial_dag to None, run_after=None
[2024-04-14T15:13:31.831+0000] {processor.py:179} INFO - Processing /home/airflow/.local/lib/python3.10/site-packages/airflow/example_dags/tutorial_dag.py took 0.035 seconds
[2024-04-14T15:14:02.461+0000] {processor.py:157} INFO - Started process (PID=543) to work on /home/airflow/.local/lib/python3.10/site-packages/airflow/example_dags/tutorial_dag.py
[2024-04-14T15:14:02.461+0000] {processor.py:829} INFO - Processing file /home/airflow/.local/lib/python3.10/site-packages/airflow/example_dags/tutorial_dag.py for tasks to queue
[2024-04-14T15:14:02.462+0000] {logging_mixin.py:154} INFO - [2024-04-14T15:14:02.462+0000] {dagbag.py:536} INFO - Filling up the DagBag from /home/airflow/.local/lib/python3.10/site-packages/airflow/example_dags/tutorial_dag.py
[2024-04-14T15:14:02.466+0000] {processor.py:839} INFO - DAG(s) dict_keys(['tutorial_dag']) retrieved from /home/airflow/.local/lib/python3.10/site-packages/airflow/example_dags/tutorial_dag.py
[2024-04-14T15:14:02.477+0000] {logging_mixin.py:154} INFO - [2024-04-14T15:14:02.477+0000] {dag.py:2941} INFO - Sync 1 DAGs
[2024-04-14T15:14:02.484+0000] {logging_mixin.py:154} INFO - [2024-04-14T15:14:02.484+0000] {dag.py:3722} INFO - Setting next_dagrun for tutorial_dag to None, run_after=None
[2024-04-14T15:14:02.492+0000] {processor.py:179} INFO - Processing /home/airflow/.local/lib/python3.10/site-packages/airflow/example_dags/tutorial_dag.py took 0.033 seconds
[2024-04-14T15:14:33.076+0000] {processor.py:157} INFO - Started process (PID=597) to work on /home/airflow/.local/lib/python3.10/site-packages/airflow/example_dags/tutorial_dag.py
[2024-04-14T15:14:33.077+0000] {processor.py:829} INFO - Processing file /home/airflow/.local/lib/python3.10/site-packages/airflow/example_dags/tutorial_dag.py for tasks to queue
[2024-04-14T15:14:33.078+0000] {logging_mixin.py:154} INFO - [2024-04-14T15:14:33.078+0000] {dagbag.py:536} INFO - Filling up the DagBag from /home/airflow/.local/lib/python3.10/site-packages/airflow/example_dags/tutorial_dag.py
[2024-04-14T15:14:33.081+0000] {processor.py:839} INFO - DAG(s) dict_keys(['tutorial_dag']) retrieved from /home/airflow/.local/lib/python3.10/site-packages/airflow/example_dags/tutorial_dag.py
[2024-04-14T15:14:33.093+0000] {logging_mixin.py:154} INFO - [2024-04-14T15:14:33.093+0000] {dag.py:2941} INFO - Sync 1 DAGs
[2024-04-14T15:14:33.100+0000] {logging_mixin.py:154} INFO - [2024-04-14T15:14:33.099+0000] {dag.py:3722} INFO - Setting next_dagrun for tutorial_dag to None, run_after=None
[2024-04-14T15:14:33.108+0000] {processor.py:179} INFO - Processing /home/airflow/.local/lib/python3.10/site-packages/airflow/example_dags/tutorial_dag.py took 0.033 seconds
[2024-04-14T15:15:03.796+0000] {processor.py:157} INFO - Started process (PID=651) to work on /home/airflow/.local/lib/python3.10/site-packages/airflow/example_dags/tutorial_dag.py
[2024-04-14T15:15:03.796+0000] {processor.py:829} INFO - Processing file /home/airflow/.local/lib/python3.10/site-packages/airflow/example_dags/tutorial_dag.py for tasks to queue
[2024-04-14T15:15:03.797+0000] {logging_mixin.py:154} INFO - [2024-04-14T15:15:03.797+0000] {dagbag.py:536} INFO - Filling up the DagBag from /home/airflow/.local/lib/python3.10/site-packages/airflow/example_dags/tutorial_dag.py
[2024-04-14T15:15:03.800+0000] {processor.py:839} INFO - DAG(s) dict_keys(['tutorial_dag']) retrieved from /home/airflow/.local/lib/python3.10/site-packages/airflow/example_dags/tutorial_dag.py
[2024-04-14T15:15:03.812+0000] {logging_mixin.py:154} INFO - [2024-04-14T15:15:03.812+0000] {dag.py:2941} INFO - Sync 1 DAGs
[2024-04-14T15:15:03.819+0000] {logging_mixin.py:154} INFO - [2024-04-14T15:15:03.819+0000] {dag.py:3722} INFO - Setting next_dagrun for tutorial_dag to None, run_after=None
[2024-04-14T15:15:03.827+0000] {processor.py:179} INFO - Processing /home/airflow/.local/lib/python3.10/site-packages/airflow/example_dags/tutorial_dag.py took 0.034 seconds
[2024-04-14T15:15:34.316+0000] {processor.py:157} INFO - Started process (PID=705) to work on /home/airflow/.local/lib/python3.10/site-packages/airflow/example_dags/tutorial_dag.py
[2024-04-14T15:15:34.317+0000] {processor.py:829} INFO - Processing file /home/airflow/.local/lib/python3.10/site-packages/airflow/example_dags/tutorial_dag.py for tasks to queue
[2024-04-14T15:15:34.318+0000] {logging_mixin.py:154} INFO - [2024-04-14T15:15:34.318+0000] {dagbag.py:536} INFO - Filling up the DagBag from /home/airflow/.local/lib/python3.10/site-packages/airflow/example_dags/tutorial_dag.py
[2024-04-14T15:15:34.321+0000] {processor.py:839} INFO - DAG(s) dict_keys(['tutorial_dag']) retrieved from /home/airflow/.local/lib/python3.10/site-packages/airflow/example_dags/tutorial_dag.py
[2024-04-14T15:15:34.333+0000] {logging_mixin.py:154} INFO - [2024-04-14T15:15:34.333+0000] {dag.py:2941} INFO - Sync 1 DAGs
[2024-04-14T15:15:34.340+0000] {logging_mixin.py:154} INFO - [2024-04-14T15:15:34.340+0000] {dag.py:3722} INFO - Setting next_dagrun for tutorial_dag to None, run_after=None
[2024-04-14T15:15:34.348+0000] {processor.py:179} INFO - Processing /home/airflow/.local/lib/python3.10/site-packages/airflow/example_dags/tutorial_dag.py took 0.033 seconds
[2024-04-14T15:16:05.038+0000] {processor.py:157} INFO - Started process (PID=759) to work on /home/airflow/.local/lib/python3.10/site-packages/airflow/example_dags/tutorial_dag.py
[2024-04-14T15:16:05.038+0000] {processor.py:829} INFO - Processing file /home/airflow/.local/lib/python3.10/site-packages/airflow/example_dags/tutorial_dag.py for tasks to queue
[2024-04-14T15:16:05.039+0000] {logging_mixin.py:154} INFO - [2024-04-14T15:16:05.039+0000] {dagbag.py:536} INFO - Filling up the DagBag from /home/airflow/.local/lib/python3.10/site-packages/airflow/example_dags/tutorial_dag.py
[2024-04-14T15:16:05.043+0000] {processor.py:839} INFO - DAG(s) dict_keys(['tutorial_dag']) retrieved from /home/airflow/.local/lib/python3.10/site-packages/airflow/example_dags/tutorial_dag.py
[2024-04-14T15:16:05.054+0000] {logging_mixin.py:154} INFO - [2024-04-14T15:16:05.054+0000] {dag.py:2941} INFO - Sync 1 DAGs
[2024-04-14T15:16:05.060+0000] {logging_mixin.py:154} INFO - [2024-04-14T15:16:05.060+0000] {dag.py:3722} INFO - Setting next_dagrun for tutorial_dag to None, run_after=None
[2024-04-14T15:16:05.068+0000] {processor.py:179} INFO - Processing /home/airflow/.local/lib/python3.10/site-packages/airflow/example_dags/tutorial_dag.py took 0.033 seconds
[2024-04-14T15:16:35.803+0000] {processor.py:157} INFO - Started process (PID=813) to work on /home/airflow/.local/lib/python3.10/site-packages/airflow/example_dags/tutorial_dag.py
[2024-04-14T15:16:35.803+0000] {processor.py:829} INFO - Processing file /home/airflow/.local/lib/python3.10/site-packages/airflow/example_dags/tutorial_dag.py for tasks to queue
[2024-04-14T15:16:35.804+0000] {logging_mixin.py:154} INFO - [2024-04-14T15:16:35.804+0000] {dagbag.py:536} INFO - Filling up the DagBag from /home/airflow/.local/lib/python3.10/site-packages/airflow/example_dags/tutorial_dag.py
[2024-04-14T15:16:35.808+0000] {processor.py:839} INFO - DAG(s) dict_keys(['tutorial_dag']) retrieved from /home/airflow/.local/lib/python3.10/site-packages/airflow/example_dags/tutorial_dag.py
[2024-04-14T15:16:35.820+0000] {logging_mixin.py:154} INFO - [2024-04-14T15:16:35.820+0000] {dag.py:2941} INFO - Sync 1 DAGs
[2024-04-14T15:16:35.827+0000] {logging_mixin.py:154} INFO - [2024-04-14T15:16:35.827+0000] {dag.py:3722} INFO - Setting next_dagrun for tutorial_dag to None, run_after=None
[2024-04-14T15:16:35.836+0000] {processor.py:179} INFO - Processing /home/airflow/.local/lib/python3.10/site-packages/airflow/example_dags/tutorial_dag.py took 0.036 seconds
[2024-04-14T15:17:06.485+0000] {processor.py:157} INFO - Started process (PID=867) to work on /home/airflow/.local/lib/python3.10/site-packages/airflow/example_dags/tutorial_dag.py
[2024-04-14T15:17:06.485+0000] {processor.py:829} INFO - Processing file /home/airflow/.local/lib/python3.10/site-packages/airflow/example_dags/tutorial_dag.py for tasks to queue
[2024-04-14T15:17:06.486+0000] {logging_mixin.py:154} INFO - [2024-04-14T15:17:06.486+0000] {dagbag.py:536} INFO - Filling up the DagBag from /home/airflow/.local/lib/python3.10/site-packages/airflow/example_dags/tutorial_dag.py
[2024-04-14T15:17:06.490+0000] {processor.py:839} INFO - DAG(s) dict_keys(['tutorial_dag']) retrieved from /home/airflow/.local/lib/python3.10/site-packages/airflow/example_dags/tutorial_dag.py
[2024-04-14T15:17:06.501+0000] {logging_mixin.py:154} INFO - [2024-04-14T15:17:06.501+0000] {dag.py:2941} INFO - Sync 1 DAGs
[2024-04-14T15:17:06.508+0000] {logging_mixin.py:154} INFO - [2024-04-14T15:17:06.508+0000] {dag.py:3722} INFO - Setting next_dagrun for tutorial_dag to None, run_after=None
[2024-04-14T15:17:06.516+0000] {processor.py:179} INFO - Processing /home/airflow/.local/lib/python3.10/site-packages/airflow/example_dags/tutorial_dag.py took 0.034 seconds
[2024-04-14T15:17:37.113+0000] {processor.py:157} INFO - Started process (PID=921) to work on /home/airflow/.local/lib/python3.10/site-packages/airflow/example_dags/tutorial_dag.py
[2024-04-14T15:17:37.114+0000] {processor.py:829} INFO - Processing file /home/airflow/.local/lib/python3.10/site-packages/airflow/example_dags/tutorial_dag.py for tasks to queue
[2024-04-14T15:17:37.115+0000] {logging_mixin.py:154} INFO - [2024-04-14T15:17:37.115+0000] {dagbag.py:536} INFO - Filling up the DagBag from /home/airflow/.local/lib/python3.10/site-packages/airflow/example_dags/tutorial_dag.py
[2024-04-14T15:17:37.118+0000] {processor.py:839} INFO - DAG(s) dict_keys(['tutorial_dag']) retrieved from /home/airflow/.local/lib/python3.10/site-packages/airflow/example_dags/tutorial_dag.py
[2024-04-14T15:17:37.130+0000] {logging_mixin.py:154} INFO - [2024-04-14T15:17:37.130+0000] {dag.py:2941} INFO - Sync 1 DAGs
[2024-04-14T15:17:37.137+0000] {logging_mixin.py:154} INFO - [2024-04-14T15:17:37.137+0000] {dag.py:3722} INFO - Setting next_dagrun for tutorial_dag to None, run_after=None
[2024-04-14T15:17:37.146+0000] {processor.py:179} INFO - Processing /home/airflow/.local/lib/python3.10/site-packages/airflow/example_dags/tutorial_dag.py took 0.035 seconds
[2024-04-14T15:18:07.744+0000] {processor.py:157} INFO - Started process (PID=975) to work on /home/airflow/.local/lib/python3.10/site-packages/airflow/example_dags/tutorial_dag.py
[2024-04-14T15:18:07.744+0000] {processor.py:829} INFO - Processing file /home/airflow/.local/lib/python3.10/site-packages/airflow/example_dags/tutorial_dag.py for tasks to queue
[2024-04-14T15:18:07.746+0000] {logging_mixin.py:154} INFO - [2024-04-14T15:18:07.745+0000] {dagbag.py:536} INFO - Filling up the DagBag from /home/airflow/.local/lib/python3.10/site-packages/airflow/example_dags/tutorial_dag.py
[2024-04-14T15:18:07.749+0000] {processor.py:839} INFO - DAG(s) dict_keys(['tutorial_dag']) retrieved from /home/airflow/.local/lib/python3.10/site-packages/airflow/example_dags/tutorial_dag.py
[2024-04-14T15:18:07.760+0000] {logging_mixin.py:154} INFO - [2024-04-14T15:18:07.760+0000] {dag.py:2941} INFO - Sync 1 DAGs
[2024-04-14T15:18:07.767+0000] {logging_mixin.py:154} INFO - [2024-04-14T15:18:07.767+0000] {dag.py:3722} INFO - Setting next_dagrun for tutorial_dag to None, run_after=None
[2024-04-14T15:18:07.775+0000] {processor.py:179} INFO - Processing /home/airflow/.local/lib/python3.10/site-packages/airflow/example_dags/tutorial_dag.py took 0.033 seconds
[2024-04-14T15:18:38.401+0000] {processor.py:157} INFO - Started process (PID=1029) to work on /home/airflow/.local/lib/python3.10/site-packages/airflow/example_dags/tutorial_dag.py
[2024-04-14T15:18:38.402+0000] {processor.py:829} INFO - Processing file /home/airflow/.local/lib/python3.10/site-packages/airflow/example_dags/tutorial_dag.py for tasks to queue
[2024-04-14T15:18:38.403+0000] {logging_mixin.py:154} INFO - [2024-04-14T15:18:38.403+0000] {dagbag.py:536} INFO - Filling up the DagBag from /home/airflow/.local/lib/python3.10/site-packages/airflow/example_dags/tutorial_dag.py
[2024-04-14T15:18:38.406+0000] {processor.py:839} INFO - DAG(s) dict_keys(['tutorial_dag']) retrieved from /home/airflow/.local/lib/python3.10/site-packages/airflow/example_dags/tutorial_dag.py
[2024-04-14T15:18:38.417+0000] {logging_mixin.py:154} INFO - [2024-04-14T15:18:38.417+0000] {dag.py:2941} INFO - Sync 1 DAGs
[2024-04-14T15:18:38.424+0000] {logging_mixin.py:154} INFO - [2024-04-14T15:18:38.424+0000] {dag.py:3722} INFO - Setting next_dagrun for tutorial_dag to None, run_after=None
[2024-04-14T15:18:38.432+0000] {processor.py:179} INFO - Processing /home/airflow/.local/lib/python3.10/site-packages/airflow/example_dags/tutorial_dag.py took 0.033 seconds
[2024-04-14T15:19:09.167+0000] {processor.py:157} INFO - Started process (PID=1083) to work on /home/airflow/.local/lib/python3.10/site-packages/airflow/example_dags/tutorial_dag.py
[2024-04-14T15:19:09.168+0000] {processor.py:829} INFO - Processing file /home/airflow/.local/lib/python3.10/site-packages/airflow/example_dags/tutorial_dag.py for tasks to queue
[2024-04-14T15:19:09.169+0000] {logging_mixin.py:154} INFO - [2024-04-14T15:19:09.168+0000] {dagbag.py:536} INFO - Filling up the DagBag from /home/airflow/.local/lib/python3.10/site-packages/airflow/example_dags/tutorial_dag.py
[2024-04-14T15:19:09.172+0000] {processor.py:839} INFO - DAG(s) dict_keys(['tutorial_dag']) retrieved from /home/airflow/.local/lib/python3.10/site-packages/airflow/example_dags/tutorial_dag.py
[2024-04-14T15:19:09.183+0000] {logging_mixin.py:154} INFO - [2024-04-14T15:19:09.183+0000] {dag.py:2941} INFO - Sync 1 DAGs
[2024-04-14T15:19:09.189+0000] {logging_mixin.py:154} INFO - [2024-04-14T15:19:09.189+0000] {dag.py:3722} INFO - Setting next_dagrun for tutorial_dag to None, run_after=None
[2024-04-14T15:19:09.197+0000] {processor.py:179} INFO - Processing /home/airflow/.local/lib/python3.10/site-packages/airflow/example_dags/tutorial_dag.py took 0.033 seconds
[2024-04-14T15:19:39.848+0000] {processor.py:157} INFO - Started process (PID=1137) to work on /home/airflow/.local/lib/python3.10/site-packages/airflow/example_dags/tutorial_dag.py
[2024-04-14T15:19:39.848+0000] {processor.py:829} INFO - Processing file /home/airflow/.local/lib/python3.10/site-packages/airflow/example_dags/tutorial_dag.py for tasks to queue
[2024-04-14T15:19:39.849+0000] {logging_mixin.py:154} INFO - [2024-04-14T15:19:39.849+0000] {dagbag.py:536} INFO - Filling up the DagBag from /home/airflow/.local/lib/python3.10/site-packages/airflow/example_dags/tutorial_dag.py
[2024-04-14T15:19:39.853+0000] {processor.py:839} INFO - DAG(s) dict_keys(['tutorial_dag']) retrieved from /home/airflow/.local/lib/python3.10/site-packages/airflow/example_dags/tutorial_dag.py
[2024-04-14T15:19:39.865+0000] {logging_mixin.py:154} INFO - [2024-04-14T15:19:39.864+0000] {dag.py:2941} INFO - Sync 1 DAGs
[2024-04-14T15:19:39.871+0000] {logging_mixin.py:154} INFO - [2024-04-14T15:19:39.871+0000] {dag.py:3722} INFO - Setting next_dagrun for tutorial_dag to None, run_after=None
[2024-04-14T15:19:39.880+0000] {processor.py:179} INFO - Processing /home/airflow/.local/lib/python3.10/site-packages/airflow/example_dags/tutorial_dag.py took 0.034 seconds
[2024-04-14T15:20:10.450+0000] {processor.py:157} INFO - Started process (PID=1191) to work on /home/airflow/.local/lib/python3.10/site-packages/airflow/example_dags/tutorial_dag.py
[2024-04-14T15:20:10.450+0000] {processor.py:829} INFO - Processing file /home/airflow/.local/lib/python3.10/site-packages/airflow/example_dags/tutorial_dag.py for tasks to queue
[2024-04-14T15:20:10.451+0000] {logging_mixin.py:154} INFO - [2024-04-14T15:20:10.451+0000] {dagbag.py:536} INFO - Filling up the DagBag from /home/airflow/.local/lib/python3.10/site-packages/airflow/example_dags/tutorial_dag.py
[2024-04-14T15:20:10.454+0000] {processor.py:839} INFO - DAG(s) dict_keys(['tutorial_dag']) retrieved from /home/airflow/.local/lib/python3.10/site-packages/airflow/example_dags/tutorial_dag.py
[2024-04-14T15:20:10.466+0000] {logging_mixin.py:154} INFO - [2024-04-14T15:20:10.466+0000] {dag.py:2941} INFO - Sync 1 DAGs
[2024-04-14T15:20:10.473+0000] {logging_mixin.py:154} INFO - [2024-04-14T15:20:10.472+0000] {dag.py:3722} INFO - Setting next_dagrun for tutorial_dag to None, run_after=None
[2024-04-14T15:20:10.481+0000] {processor.py:179} INFO - Processing /home/airflow/.local/lib/python3.10/site-packages/airflow/example_dags/tutorial_dag.py took 0.033 seconds
[2024-04-14T15:20:41.183+0000] {processor.py:157} INFO - Started process (PID=1245) to work on /home/airflow/.local/lib/python3.10/site-packages/airflow/example_dags/tutorial_dag.py
[2024-04-14T15:20:41.183+0000] {processor.py:829} INFO - Processing file /home/airflow/.local/lib/python3.10/site-packages/airflow/example_dags/tutorial_dag.py for tasks to queue
[2024-04-14T15:20:41.185+0000] {logging_mixin.py:154} INFO - [2024-04-14T15:20:41.184+0000] {dagbag.py:536} INFO - Filling up the DagBag from /home/airflow/.local/lib/python3.10/site-packages/airflow/example_dags/tutorial_dag.py
[2024-04-14T15:20:41.188+0000] {processor.py:839} INFO - DAG(s) dict_keys(['tutorial_dag']) retrieved from /home/airflow/.local/lib/python3.10/site-packages/airflow/example_dags/tutorial_dag.py
[2024-04-14T15:20:41.200+0000] {logging_mixin.py:154} INFO - [2024-04-14T15:20:41.200+0000] {dag.py:2941} INFO - Sync 1 DAGs
[2024-04-14T15:20:41.207+0000] {logging_mixin.py:154} INFO - [2024-04-14T15:20:41.207+0000] {dag.py:3722} INFO - Setting next_dagrun for tutorial_dag to None, run_after=None
[2024-04-14T15:20:41.216+0000] {processor.py:179} INFO - Processing /home/airflow/.local/lib/python3.10/site-packages/airflow/example_dags/tutorial_dag.py took 0.035 seconds
[2024-04-14T15:21:11.814+0000] {processor.py:157} INFO - Started process (PID=1299) to work on /home/airflow/.local/lib/python3.10/site-packages/airflow/example_dags/tutorial_dag.py
[2024-04-14T15:21:11.814+0000] {processor.py:829} INFO - Processing file /home/airflow/.local/lib/python3.10/site-packages/airflow/example_dags/tutorial_dag.py for tasks to queue
[2024-04-14T15:21:11.815+0000] {logging_mixin.py:154} INFO - [2024-04-14T15:21:11.815+0000] {dagbag.py:536} INFO - Filling up the DagBag from /home/airflow/.local/lib/python3.10/site-packages/airflow/example_dags/tutorial_dag.py
[2024-04-14T15:21:11.818+0000] {processor.py:839} INFO - DAG(s) dict_keys(['tutorial_dag']) retrieved from /home/airflow/.local/lib/python3.10/site-packages/airflow/example_dags/tutorial_dag.py
[2024-04-14T15:21:11.830+0000] {logging_mixin.py:154} INFO - [2024-04-14T15:21:11.830+0000] {dag.py:2941} INFO - Sync 1 DAGs
[2024-04-14T15:21:11.837+0000] {logging_mixin.py:154} INFO - [2024-04-14T15:21:11.837+0000] {dag.py:3722} INFO - Setting next_dagrun for tutorial_dag to None, run_after=None
[2024-04-14T15:21:11.845+0000] {processor.py:179} INFO - Processing /home/airflow/.local/lib/python3.10/site-packages/airflow/example_dags/tutorial_dag.py took 0.034 seconds
[2024-04-14T15:21:42.408+0000] {processor.py:157} INFO - Started process (PID=1353) to work on /home/airflow/.local/lib/python3.10/site-packages/airflow/example_dags/tutorial_dag.py
[2024-04-14T15:21:42.408+0000] {processor.py:829} INFO - Processing file /home/airflow/.local/lib/python3.10/site-packages/airflow/example_dags/tutorial_dag.py for tasks to queue
[2024-04-14T15:21:42.409+0000] {logging_mixin.py:154} INFO - [2024-04-14T15:21:42.409+0000] {dagbag.py:536} INFO - Filling up the DagBag from /home/airflow/.local/lib/python3.10/site-packages/airflow/example_dags/tutorial_dag.py
[2024-04-14T15:21:42.412+0000] {processor.py:839} INFO - DAG(s) dict_keys(['tutorial_dag']) retrieved from /home/airflow/.local/lib/python3.10/site-packages/airflow/example_dags/tutorial_dag.py
[2024-04-14T15:21:42.424+0000] {logging_mixin.py:154} INFO - [2024-04-14T15:21:42.424+0000] {dag.py:2941} INFO - Sync 1 DAGs
[2024-04-14T15:21:42.431+0000] {logging_mixin.py:154} INFO - [2024-04-14T15:21:42.431+0000] {dag.py:3722} INFO - Setting next_dagrun for tutorial_dag to None, run_after=None
[2024-04-14T15:21:42.439+0000] {processor.py:179} INFO - Processing /home/airflow/.local/lib/python3.10/site-packages/airflow/example_dags/tutorial_dag.py took 0.033 seconds
[2024-04-14T15:22:13.138+0000] {processor.py:157} INFO - Started process (PID=1407) to work on /home/airflow/.local/lib/python3.10/site-packages/airflow/example_dags/tutorial_dag.py
[2024-04-14T15:22:13.139+0000] {processor.py:829} INFO - Processing file /home/airflow/.local/lib/python3.10/site-packages/airflow/example_dags/tutorial_dag.py for tasks to queue
[2024-04-14T15:22:13.140+0000] {logging_mixin.py:154} INFO - [2024-04-14T15:22:13.139+0000] {dagbag.py:536} INFO - Filling up the DagBag from /home/airflow/.local/lib/python3.10/site-packages/airflow/example_dags/tutorial_dag.py
[2024-04-14T15:22:13.143+0000] {processor.py:839} INFO - DAG(s) dict_keys(['tutorial_dag']) retrieved from /home/airflow/.local/lib/python3.10/site-packages/airflow/example_dags/tutorial_dag.py
[2024-04-14T15:22:13.155+0000] {logging_mixin.py:154} INFO - [2024-04-14T15:22:13.155+0000] {dag.py:2941} INFO - Sync 1 DAGs
[2024-04-14T15:22:13.162+0000] {logging_mixin.py:154} INFO - [2024-04-14T15:22:13.162+0000] {dag.py:3722} INFO - Setting next_dagrun for tutorial_dag to None, run_after=None
[2024-04-14T15:22:13.171+0000] {processor.py:179} INFO - Processing /home/airflow/.local/lib/python3.10/site-packages/airflow/example_dags/tutorial_dag.py took 0.035 seconds
[2024-04-14T15:22:43.916+0000] {processor.py:157} INFO - Started process (PID=1461) to work on /home/airflow/.local/lib/python3.10/site-packages/airflow/example_dags/tutorial_dag.py
[2024-04-14T15:22:43.917+0000] {processor.py:829} INFO - Processing file /home/airflow/.local/lib/python3.10/site-packages/airflow/example_dags/tutorial_dag.py for tasks to queue
[2024-04-14T15:22:43.918+0000] {logging_mixin.py:154} INFO - [2024-04-14T15:22:43.918+0000] {dagbag.py:536} INFO - Filling up the DagBag from /home/airflow/.local/lib/python3.10/site-packages/airflow/example_dags/tutorial_dag.py
[2024-04-14T15:22:43.921+0000] {processor.py:839} INFO - DAG(s) dict_keys(['tutorial_dag']) retrieved from /home/airflow/.local/lib/python3.10/site-packages/airflow/example_dags/tutorial_dag.py
[2024-04-14T15:22:43.934+0000] {logging_mixin.py:154} INFO - [2024-04-14T15:22:43.934+0000] {dag.py:2941} INFO - Sync 1 DAGs
[2024-04-14T15:22:43.941+0000] {logging_mixin.py:154} INFO - [2024-04-14T15:22:43.941+0000] {dag.py:3722} INFO - Setting next_dagrun for tutorial_dag to None, run_after=None
[2024-04-14T15:22:43.950+0000] {processor.py:179} INFO - Processing /home/airflow/.local/lib/python3.10/site-packages/airflow/example_dags/tutorial_dag.py took 0.037 seconds
[2024-04-14T15:23:14.663+0000] {processor.py:157} INFO - Started process (PID=1515) to work on /home/airflow/.local/lib/python3.10/site-packages/airflow/example_dags/tutorial_dag.py
[2024-04-14T15:23:14.664+0000] {processor.py:829} INFO - Processing file /home/airflow/.local/lib/python3.10/site-packages/airflow/example_dags/tutorial_dag.py for tasks to queue
[2024-04-14T15:23:14.665+0000] {logging_mixin.py:154} INFO - [2024-04-14T15:23:14.665+0000] {dagbag.py:536} INFO - Filling up the DagBag from /home/airflow/.local/lib/python3.10/site-packages/airflow/example_dags/tutorial_dag.py
[2024-04-14T15:23:14.668+0000] {processor.py:839} INFO - DAG(s) dict_keys(['tutorial_dag']) retrieved from /home/airflow/.local/lib/python3.10/site-packages/airflow/example_dags/tutorial_dag.py
[2024-04-14T15:23:14.680+0000] {logging_mixin.py:154} INFO - [2024-04-14T15:23:14.680+0000] {dag.py:2941} INFO - Sync 1 DAGs
[2024-04-14T15:23:14.686+0000] {logging_mixin.py:154} INFO - [2024-04-14T15:23:14.686+0000] {dag.py:3722} INFO - Setting next_dagrun for tutorial_dag to None, run_after=None
[2024-04-14T15:23:14.695+0000] {processor.py:179} INFO - Processing /home/airflow/.local/lib/python3.10/site-packages/airflow/example_dags/tutorial_dag.py took 0.034 seconds
[2024-04-14T15:23:45.482+0000] {processor.py:157} INFO - Started process (PID=1569) to work on /home/airflow/.local/lib/python3.10/site-packages/airflow/example_dags/tutorial_dag.py
[2024-04-14T15:23:45.482+0000] {processor.py:829} INFO - Processing file /home/airflow/.local/lib/python3.10/site-packages/airflow/example_dags/tutorial_dag.py for tasks to queue
[2024-04-14T15:23:45.483+0000] {logging_mixin.py:154} INFO - [2024-04-14T15:23:45.483+0000] {dagbag.py:536} INFO - Filling up the DagBag from /home/airflow/.local/lib/python3.10/site-packages/airflow/example_dags/tutorial_dag.py
[2024-04-14T15:23:45.487+0000] {processor.py:839} INFO - DAG(s) dict_keys(['tutorial_dag']) retrieved from /home/airflow/.local/lib/python3.10/site-packages/airflow/example_dags/tutorial_dag.py
[2024-04-14T15:23:45.498+0000] {logging_mixin.py:154} INFO - [2024-04-14T15:23:45.498+0000] {dag.py:2941} INFO - Sync 1 DAGs
[2024-04-14T15:23:45.505+0000] {logging_mixin.py:154} INFO - [2024-04-14T15:23:45.505+0000] {dag.py:3722} INFO - Setting next_dagrun for tutorial_dag to None, run_after=None
[2024-04-14T15:23:45.513+0000] {processor.py:179} INFO - Processing /home/airflow/.local/lib/python3.10/site-packages/airflow/example_dags/tutorial_dag.py took 0.034 seconds
[2024-04-14T15:24:16.304+0000] {processor.py:157} INFO - Started process (PID=1623) to work on /home/airflow/.local/lib/python3.10/site-packages/airflow/example_dags/tutorial_dag.py
[2024-04-14T15:24:16.305+0000] {processor.py:829} INFO - Processing file /home/airflow/.local/lib/python3.10/site-packages/airflow/example_dags/tutorial_dag.py for tasks to queue
[2024-04-14T15:24:16.306+0000] {logging_mixin.py:154} INFO - [2024-04-14T15:24:16.306+0000] {dagbag.py:536} INFO - Filling up the DagBag from /home/airflow/.local/lib/python3.10/site-packages/airflow/example_dags/tutorial_dag.py
[2024-04-14T15:24:16.309+0000] {processor.py:839} INFO - DAG(s) dict_keys(['tutorial_dag']) retrieved from /home/airflow/.local/lib/python3.10/site-packages/airflow/example_dags/tutorial_dag.py
[2024-04-14T15:24:16.321+0000] {logging_mixin.py:154} INFO - [2024-04-14T15:24:16.321+0000] {dag.py:2941} INFO - Sync 1 DAGs
[2024-04-14T15:24:16.327+0000] {logging_mixin.py:154} INFO - [2024-04-14T15:24:16.327+0000] {dag.py:3722} INFO - Setting next_dagrun for tutorial_dag to None, run_after=None
[2024-04-14T15:24:16.336+0000] {processor.py:179} INFO - Processing /home/airflow/.local/lib/python3.10/site-packages/airflow/example_dags/tutorial_dag.py took 0.034 seconds
[2024-04-14T15:24:47.066+0000] {processor.py:157} INFO - Started process (PID=1677) to work on /home/airflow/.local/lib/python3.10/site-packages/airflow/example_dags/tutorial_dag.py
[2024-04-14T15:24:47.067+0000] {processor.py:829} INFO - Processing file /home/airflow/.local/lib/python3.10/site-packages/airflow/example_dags/tutorial_dag.py for tasks to queue
[2024-04-14T15:24:47.068+0000] {logging_mixin.py:154} INFO - [2024-04-14T15:24:47.068+0000] {dagbag.py:536} INFO - Filling up the DagBag from /home/airflow/.local/lib/python3.10/site-packages/airflow/example_dags/tutorial_dag.py
[2024-04-14T15:24:47.071+0000] {processor.py:839} INFO - DAG(s) dict_keys(['tutorial_dag']) retrieved from /home/airflow/.local/lib/python3.10/site-packages/airflow/example_dags/tutorial_dag.py
[2024-04-14T15:24:47.083+0000] {logging_mixin.py:154} INFO - [2024-04-14T15:24:47.083+0000] {dag.py:2941} INFO - Sync 1 DAGs
[2024-04-14T15:24:47.089+0000] {logging_mixin.py:154} INFO - [2024-04-14T15:24:47.089+0000] {dag.py:3722} INFO - Setting next_dagrun for tutorial_dag to None, run_after=None
[2024-04-14T15:24:47.098+0000] {processor.py:179} INFO - Processing /home/airflow/.local/lib/python3.10/site-packages/airflow/example_dags/tutorial_dag.py took 0.034 seconds
[2024-04-14T15:25:17.712+0000] {processor.py:157} INFO - Started process (PID=1731) to work on /home/airflow/.local/lib/python3.10/site-packages/airflow/example_dags/tutorial_dag.py
[2024-04-14T15:25:17.712+0000] {processor.py:829} INFO - Processing file /home/airflow/.local/lib/python3.10/site-packages/airflow/example_dags/tutorial_dag.py for tasks to queue
[2024-04-14T15:25:17.714+0000] {logging_mixin.py:154} INFO - [2024-04-14T15:25:17.713+0000] {dagbag.py:536} INFO - Filling up the DagBag from /home/airflow/.local/lib/python3.10/site-packages/airflow/example_dags/tutorial_dag.py
[2024-04-14T15:25:17.717+0000] {processor.py:839} INFO - DAG(s) dict_keys(['tutorial_dag']) retrieved from /home/airflow/.local/lib/python3.10/site-packages/airflow/example_dags/tutorial_dag.py
[2024-04-14T15:25:17.730+0000] {logging_mixin.py:154} INFO - [2024-04-14T15:25:17.730+0000] {dag.py:2941} INFO - Sync 1 DAGs
[2024-04-14T15:25:17.737+0000] {logging_mixin.py:154} INFO - [2024-04-14T15:25:17.737+0000] {dag.py:3722} INFO - Setting next_dagrun for tutorial_dag to None, run_after=None
[2024-04-14T15:25:17.748+0000] {processor.py:179} INFO - Processing /home/airflow/.local/lib/python3.10/site-packages/airflow/example_dags/tutorial_dag.py took 0.038 seconds
[2024-04-14T15:25:48.476+0000] {processor.py:157} INFO - Started process (PID=1785) to work on /home/airflow/.local/lib/python3.10/site-packages/airflow/example_dags/tutorial_dag.py
[2024-04-14T15:25:48.476+0000] {processor.py:829} INFO - Processing file /home/airflow/.local/lib/python3.10/site-packages/airflow/example_dags/tutorial_dag.py for tasks to queue
[2024-04-14T15:25:48.477+0000] {logging_mixin.py:154} INFO - [2024-04-14T15:25:48.477+0000] {dagbag.py:536} INFO - Filling up the DagBag from /home/airflow/.local/lib/python3.10/site-packages/airflow/example_dags/tutorial_dag.py
[2024-04-14T15:25:48.481+0000] {processor.py:839} INFO - DAG(s) dict_keys(['tutorial_dag']) retrieved from /home/airflow/.local/lib/python3.10/site-packages/airflow/example_dags/tutorial_dag.py
[2024-04-14T15:25:48.493+0000] {logging_mixin.py:154} INFO - [2024-04-14T15:25:48.493+0000] {dag.py:2941} INFO - Sync 1 DAGs
[2024-04-14T15:25:48.500+0000] {logging_mixin.py:154} INFO - [2024-04-14T15:25:48.500+0000] {dag.py:3722} INFO - Setting next_dagrun for tutorial_dag to None, run_after=None
[2024-04-14T15:25:48.508+0000] {processor.py:179} INFO - Processing /home/airflow/.local/lib/python3.10/site-packages/airflow/example_dags/tutorial_dag.py took 0.035 seconds
[2024-04-14T15:26:19.207+0000] {processor.py:157} INFO - Started process (PID=1839) to work on /home/airflow/.local/lib/python3.10/site-packages/airflow/example_dags/tutorial_dag.py
[2024-04-14T15:26:19.207+0000] {processor.py:829} INFO - Processing file /home/airflow/.local/lib/python3.10/site-packages/airflow/example_dags/tutorial_dag.py for tasks to queue
[2024-04-14T15:26:19.209+0000] {logging_mixin.py:154} INFO - [2024-04-14T15:26:19.208+0000] {dagbag.py:536} INFO - Filling up the DagBag from /home/airflow/.local/lib/python3.10/site-packages/airflow/example_dags/tutorial_dag.py
[2024-04-14T15:26:19.212+0000] {processor.py:839} INFO - DAG(s) dict_keys(['tutorial_dag']) retrieved from /home/airflow/.local/lib/python3.10/site-packages/airflow/example_dags/tutorial_dag.py
[2024-04-14T15:26:19.225+0000] {logging_mixin.py:154} INFO - [2024-04-14T15:26:19.225+0000] {dag.py:2941} INFO - Sync 1 DAGs
[2024-04-14T15:26:19.233+0000] {logging_mixin.py:154} INFO - [2024-04-14T15:26:19.233+0000] {dag.py:3722} INFO - Setting next_dagrun for tutorial_dag to None, run_after=None
[2024-04-14T15:26:19.242+0000] {processor.py:179} INFO - Processing /home/airflow/.local/lib/python3.10/site-packages/airflow/example_dags/tutorial_dag.py took 0.038 seconds
[2024-04-14T15:26:49.865+0000] {processor.py:157} INFO - Started process (PID=1900) to work on /home/airflow/.local/lib/python3.10/site-packages/airflow/example_dags/tutorial_dag.py
[2024-04-14T15:26:49.866+0000] {processor.py:829} INFO - Processing file /home/airflow/.local/lib/python3.10/site-packages/airflow/example_dags/tutorial_dag.py for tasks to queue
[2024-04-14T15:26:49.867+0000] {logging_mixin.py:154} INFO - [2024-04-14T15:26:49.867+0000] {dagbag.py:536} INFO - Filling up the DagBag from /home/airflow/.local/lib/python3.10/site-packages/airflow/example_dags/tutorial_dag.py
[2024-04-14T15:26:49.870+0000] {processor.py:839} INFO - DAG(s) dict_keys(['tutorial_dag']) retrieved from /home/airflow/.local/lib/python3.10/site-packages/airflow/example_dags/tutorial_dag.py
[2024-04-14T15:26:49.882+0000] {logging_mixin.py:154} INFO - [2024-04-14T15:26:49.882+0000] {dag.py:2941} INFO - Sync 1 DAGs
[2024-04-14T15:26:49.890+0000] {logging_mixin.py:154} INFO - [2024-04-14T15:26:49.889+0000] {dag.py:3722} INFO - Setting next_dagrun for tutorial_dag to None, run_after=None
[2024-04-14T15:26:49.898+0000] {processor.py:179} INFO - Processing /home/airflow/.local/lib/python3.10/site-packages/airflow/example_dags/tutorial_dag.py took 0.035 seconds
[2024-04-14T15:27:20.660+0000] {processor.py:157} INFO - Started process (PID=1954) to work on /home/airflow/.local/lib/python3.10/site-packages/airflow/example_dags/tutorial_dag.py
[2024-04-14T15:27:20.661+0000] {processor.py:829} INFO - Processing file /home/airflow/.local/lib/python3.10/site-packages/airflow/example_dags/tutorial_dag.py for tasks to queue
[2024-04-14T15:27:20.662+0000] {logging_mixin.py:154} INFO - [2024-04-14T15:27:20.662+0000] {dagbag.py:536} INFO - Filling up the DagBag from /home/airflow/.local/lib/python3.10/site-packages/airflow/example_dags/tutorial_dag.py
[2024-04-14T15:27:20.666+0000] {processor.py:839} INFO - DAG(s) dict_keys(['tutorial_dag']) retrieved from /home/airflow/.local/lib/python3.10/site-packages/airflow/example_dags/tutorial_dag.py
[2024-04-14T15:27:20.680+0000] {logging_mixin.py:154} INFO - [2024-04-14T15:27:20.680+0000] {dag.py:2941} INFO - Sync 1 DAGs
[2024-04-14T15:27:20.688+0000] {logging_mixin.py:154} INFO - [2024-04-14T15:27:20.687+0000] {dag.py:3722} INFO - Setting next_dagrun for tutorial_dag to None, run_after=None
[2024-04-14T15:27:20.698+0000] {processor.py:179} INFO - Processing /home/airflow/.local/lib/python3.10/site-packages/airflow/example_dags/tutorial_dag.py took 0.040 seconds
[2024-04-14T15:27:51.423+0000] {processor.py:157} INFO - Started process (PID=2008) to work on /home/airflow/.local/lib/python3.10/site-packages/airflow/example_dags/tutorial_dag.py
[2024-04-14T15:27:51.424+0000] {processor.py:829} INFO - Processing file /home/airflow/.local/lib/python3.10/site-packages/airflow/example_dags/tutorial_dag.py for tasks to queue
[2024-04-14T15:27:51.425+0000] {logging_mixin.py:154} INFO - [2024-04-14T15:27:51.425+0000] {dagbag.py:536} INFO - Filling up the DagBag from /home/airflow/.local/lib/python3.10/site-packages/airflow/example_dags/tutorial_dag.py
[2024-04-14T15:27:51.428+0000] {processor.py:839} INFO - DAG(s) dict_keys(['tutorial_dag']) retrieved from /home/airflow/.local/lib/python3.10/site-packages/airflow/example_dags/tutorial_dag.py
[2024-04-14T15:27:51.441+0000] {logging_mixin.py:154} INFO - [2024-04-14T15:27:51.441+0000] {dag.py:2941} INFO - Sync 1 DAGs
[2024-04-14T15:27:51.448+0000] {logging_mixin.py:154} INFO - [2024-04-14T15:27:51.448+0000] {dag.py:3722} INFO - Setting next_dagrun for tutorial_dag to None, run_after=None
[2024-04-14T15:27:51.457+0000] {processor.py:179} INFO - Processing /home/airflow/.local/lib/python3.10/site-packages/airflow/example_dags/tutorial_dag.py took 0.036 seconds
[2024-04-14T15:28:22.144+0000] {processor.py:157} INFO - Started process (PID=2062) to work on /home/airflow/.local/lib/python3.10/site-packages/airflow/example_dags/tutorial_dag.py
[2024-04-14T15:28:22.144+0000] {processor.py:829} INFO - Processing file /home/airflow/.local/lib/python3.10/site-packages/airflow/example_dags/tutorial_dag.py for tasks to queue
[2024-04-14T15:28:22.146+0000] {logging_mixin.py:154} INFO - [2024-04-14T15:28:22.145+0000] {dagbag.py:536} INFO - Filling up the DagBag from /home/airflow/.local/lib/python3.10/site-packages/airflow/example_dags/tutorial_dag.py
[2024-04-14T15:28:22.149+0000] {processor.py:839} INFO - DAG(s) dict_keys(['tutorial_dag']) retrieved from /home/airflow/.local/lib/python3.10/site-packages/airflow/example_dags/tutorial_dag.py
[2024-04-14T15:28:22.162+0000] {logging_mixin.py:154} INFO - [2024-04-14T15:28:22.162+0000] {dag.py:2941} INFO - Sync 1 DAGs
[2024-04-14T15:28:22.170+0000] {logging_mixin.py:154} INFO - [2024-04-14T15:28:22.170+0000] {dag.py:3722} INFO - Setting next_dagrun for tutorial_dag to None, run_after=None
[2024-04-14T15:28:22.180+0000] {processor.py:179} INFO - Processing /home/airflow/.local/lib/python3.10/site-packages/airflow/example_dags/tutorial_dag.py took 0.039 seconds
[2024-04-14T15:28:52.853+0000] {processor.py:157} INFO - Started process (PID=2116) to work on /home/airflow/.local/lib/python3.10/site-packages/airflow/example_dags/tutorial_dag.py
[2024-04-14T15:28:52.854+0000] {processor.py:829} INFO - Processing file /home/airflow/.local/lib/python3.10/site-packages/airflow/example_dags/tutorial_dag.py for tasks to queue
[2024-04-14T15:28:52.855+0000] {logging_mixin.py:154} INFO - [2024-04-14T15:28:52.855+0000] {dagbag.py:536} INFO - Filling up the DagBag from /home/airflow/.local/lib/python3.10/site-packages/airflow/example_dags/tutorial_dag.py
[2024-04-14T15:28:52.858+0000] {processor.py:839} INFO - DAG(s) dict_keys(['tutorial_dag']) retrieved from /home/airflow/.local/lib/python3.10/site-packages/airflow/example_dags/tutorial_dag.py
[2024-04-14T15:28:52.870+0000] {logging_mixin.py:154} INFO - [2024-04-14T15:28:52.870+0000] {dag.py:2941} INFO - Sync 1 DAGs
[2024-04-14T15:28:52.877+0000] {logging_mixin.py:154} INFO - [2024-04-14T15:28:52.877+0000] {dag.py:3722} INFO - Setting next_dagrun for tutorial_dag to None, run_after=None
[2024-04-14T15:28:52.886+0000] {processor.py:179} INFO - Processing /home/airflow/.local/lib/python3.10/site-packages/airflow/example_dags/tutorial_dag.py took 0.034 seconds
[2024-04-14T15:29:23.541+0000] {processor.py:157} INFO - Started process (PID=2170) to work on /home/airflow/.local/lib/python3.10/site-packages/airflow/example_dags/tutorial_dag.py
[2024-04-14T15:29:23.541+0000] {processor.py:829} INFO - Processing file /home/airflow/.local/lib/python3.10/site-packages/airflow/example_dags/tutorial_dag.py for tasks to queue
[2024-04-14T15:29:23.542+0000] {logging_mixin.py:154} INFO - [2024-04-14T15:29:23.542+0000] {dagbag.py:536} INFO - Filling up the DagBag from /home/airflow/.local/lib/python3.10/site-packages/airflow/example_dags/tutorial_dag.py
[2024-04-14T15:29:23.546+0000] {processor.py:839} INFO - DAG(s) dict_keys(['tutorial_dag']) retrieved from /home/airflow/.local/lib/python3.10/site-packages/airflow/example_dags/tutorial_dag.py
[2024-04-14T15:29:23.558+0000] {logging_mixin.py:154} INFO - [2024-04-14T15:29:23.558+0000] {dag.py:2941} INFO - Sync 1 DAGs
[2024-04-14T15:29:23.565+0000] {logging_mixin.py:154} INFO - [2024-04-14T15:29:23.565+0000] {dag.py:3722} INFO - Setting next_dagrun for tutorial_dag to None, run_after=None
[2024-04-14T15:29:23.574+0000] {processor.py:179} INFO - Processing /home/airflow/.local/lib/python3.10/site-packages/airflow/example_dags/tutorial_dag.py took 0.036 seconds
[2024-04-14T15:29:54.449+0000] {processor.py:157} INFO - Started process (PID=2224) to work on /home/airflow/.local/lib/python3.10/site-packages/airflow/example_dags/tutorial_dag.py
[2024-04-14T15:29:54.450+0000] {processor.py:829} INFO - Processing file /home/airflow/.local/lib/python3.10/site-packages/airflow/example_dags/tutorial_dag.py for tasks to queue
[2024-04-14T15:29:54.451+0000] {logging_mixin.py:154} INFO - [2024-04-14T15:29:54.451+0000] {dagbag.py:536} INFO - Filling up the DagBag from /home/airflow/.local/lib/python3.10/site-packages/airflow/example_dags/tutorial_dag.py
[2024-04-14T15:29:54.455+0000] {processor.py:839} INFO - DAG(s) dict_keys(['tutorial_dag']) retrieved from /home/airflow/.local/lib/python3.10/site-packages/airflow/example_dags/tutorial_dag.py
[2024-04-14T15:29:54.469+0000] {logging_mixin.py:154} INFO - [2024-04-14T15:29:54.469+0000] {dag.py:2941} INFO - Sync 1 DAGs
[2024-04-14T15:29:54.477+0000] {logging_mixin.py:154} INFO - [2024-04-14T15:29:54.477+0000] {dag.py:3722} INFO - Setting next_dagrun for tutorial_dag to None, run_after=None
[2024-04-14T15:29:54.486+0000] {processor.py:179} INFO - Processing /home/airflow/.local/lib/python3.10/site-packages/airflow/example_dags/tutorial_dag.py took 0.040 seconds
[2024-04-14T15:30:25.159+0000] {processor.py:157} INFO - Started process (PID=2278) to work on /home/airflow/.local/lib/python3.10/site-packages/airflow/example_dags/tutorial_dag.py
[2024-04-14T15:30:25.160+0000] {processor.py:829} INFO - Processing file /home/airflow/.local/lib/python3.10/site-packages/airflow/example_dags/tutorial_dag.py for tasks to queue
[2024-04-14T15:30:25.161+0000] {logging_mixin.py:154} INFO - [2024-04-14T15:30:25.161+0000] {dagbag.py:536} INFO - Filling up the DagBag from /home/airflow/.local/lib/python3.10/site-packages/airflow/example_dags/tutorial_dag.py
[2024-04-14T15:30:25.164+0000] {processor.py:839} INFO - DAG(s) dict_keys(['tutorial_dag']) retrieved from /home/airflow/.local/lib/python3.10/site-packages/airflow/example_dags/tutorial_dag.py
[2024-04-14T15:30:25.176+0000] {logging_mixin.py:154} INFO - [2024-04-14T15:30:25.176+0000] {dag.py:2941} INFO - Sync 1 DAGs
[2024-04-14T15:30:25.184+0000] {logging_mixin.py:154} INFO - [2024-04-14T15:30:25.184+0000] {dag.py:3722} INFO - Setting next_dagrun for tutorial_dag to None, run_after=None
[2024-04-14T15:30:25.193+0000] {processor.py:179} INFO - Processing /home/airflow/.local/lib/python3.10/site-packages/airflow/example_dags/tutorial_dag.py took 0.036 seconds
[2024-04-14T15:30:55.892+0000] {processor.py:157} INFO - Started process (PID=2332) to work on /home/airflow/.local/lib/python3.10/site-packages/airflow/example_dags/tutorial_dag.py
[2024-04-14T15:30:55.893+0000] {processor.py:829} INFO - Processing file /home/airflow/.local/lib/python3.10/site-packages/airflow/example_dags/tutorial_dag.py for tasks to queue
[2024-04-14T15:30:55.894+0000] {logging_mixin.py:154} INFO - [2024-04-14T15:30:55.894+0000] {dagbag.py:536} INFO - Filling up the DagBag from /home/airflow/.local/lib/python3.10/site-packages/airflow/example_dags/tutorial_dag.py
[2024-04-14T15:30:55.897+0000] {processor.py:839} INFO - DAG(s) dict_keys(['tutorial_dag']) retrieved from /home/airflow/.local/lib/python3.10/site-packages/airflow/example_dags/tutorial_dag.py
[2024-04-14T15:30:55.909+0000] {logging_mixin.py:154} INFO - [2024-04-14T15:30:55.909+0000] {dag.py:2941} INFO - Sync 1 DAGs
[2024-04-14T15:30:55.917+0000] {logging_mixin.py:154} INFO - [2024-04-14T15:30:55.916+0000] {dag.py:3722} INFO - Setting next_dagrun for tutorial_dag to None, run_after=None
[2024-04-14T15:30:55.926+0000] {processor.py:179} INFO - Processing /home/airflow/.local/lib/python3.10/site-packages/airflow/example_dags/tutorial_dag.py took 0.035 seconds
[2024-04-14T15:31:26.533+0000] {processor.py:157} INFO - Started process (PID=2386) to work on /home/airflow/.local/lib/python3.10/site-packages/airflow/example_dags/tutorial_dag.py
[2024-04-14T15:31:26.534+0000] {processor.py:829} INFO - Processing file /home/airflow/.local/lib/python3.10/site-packages/airflow/example_dags/tutorial_dag.py for tasks to queue
[2024-04-14T15:31:26.535+0000] {logging_mixin.py:154} INFO - [2024-04-14T15:31:26.535+0000] {dagbag.py:536} INFO - Filling up the DagBag from /home/airflow/.local/lib/python3.10/site-packages/airflow/example_dags/tutorial_dag.py
[2024-04-14T15:31:26.538+0000] {processor.py:839} INFO - DAG(s) dict_keys(['tutorial_dag']) retrieved from /home/airflow/.local/lib/python3.10/site-packages/airflow/example_dags/tutorial_dag.py
[2024-04-14T15:31:26.550+0000] {logging_mixin.py:154} INFO - [2024-04-14T15:31:26.550+0000] {dag.py:2941} INFO - Sync 1 DAGs
[2024-04-14T15:31:26.557+0000] {logging_mixin.py:154} INFO - [2024-04-14T15:31:26.556+0000] {dag.py:3722} INFO - Setting next_dagrun for tutorial_dag to None, run_after=None
[2024-04-14T15:31:26.565+0000] {processor.py:179} INFO - Processing /home/airflow/.local/lib/python3.10/site-packages/airflow/example_dags/tutorial_dag.py took 0.034 seconds
[2024-04-14T15:31:57.288+0000] {processor.py:157} INFO - Started process (PID=2440) to work on /home/airflow/.local/lib/python3.10/site-packages/airflow/example_dags/tutorial_dag.py
[2024-04-14T15:31:57.289+0000] {processor.py:829} INFO - Processing file /home/airflow/.local/lib/python3.10/site-packages/airflow/example_dags/tutorial_dag.py for tasks to queue
[2024-04-14T15:31:57.290+0000] {logging_mixin.py:154} INFO - [2024-04-14T15:31:57.290+0000] {dagbag.py:536} INFO - Filling up the DagBag from /home/airflow/.local/lib/python3.10/site-packages/airflow/example_dags/tutorial_dag.py
[2024-04-14T15:31:57.293+0000] {processor.py:839} INFO - DAG(s) dict_keys(['tutorial_dag']) retrieved from /home/airflow/.local/lib/python3.10/site-packages/airflow/example_dags/tutorial_dag.py
[2024-04-14T15:31:57.305+0000] {logging_mixin.py:154} INFO - [2024-04-14T15:31:57.305+0000] {dag.py:2941} INFO - Sync 1 DAGs
[2024-04-14T15:31:57.312+0000] {logging_mixin.py:154} INFO - [2024-04-14T15:31:57.312+0000] {dag.py:3722} INFO - Setting next_dagrun for tutorial_dag to None, run_after=None
[2024-04-14T15:31:57.321+0000] {processor.py:179} INFO - Processing /home/airflow/.local/lib/python3.10/site-packages/airflow/example_dags/tutorial_dag.py took 0.034 seconds
[2024-04-14T15:32:28.000+0000] {processor.py:157} INFO - Started process (PID=2494) to work on /home/airflow/.local/lib/python3.10/site-packages/airflow/example_dags/tutorial_dag.py
[2024-04-14T15:32:28.001+0000] {processor.py:829} INFO - Processing file /home/airflow/.local/lib/python3.10/site-packages/airflow/example_dags/tutorial_dag.py for tasks to queue
[2024-04-14T15:32:28.002+0000] {logging_mixin.py:154} INFO - [2024-04-14T15:32:28.002+0000] {dagbag.py:536} INFO - Filling up the DagBag from /home/airflow/.local/lib/python3.10/site-packages/airflow/example_dags/tutorial_dag.py
[2024-04-14T15:32:28.006+0000] {processor.py:839} INFO - DAG(s) dict_keys(['tutorial_dag']) retrieved from /home/airflow/.local/lib/python3.10/site-packages/airflow/example_dags/tutorial_dag.py
[2024-04-14T15:32:28.019+0000] {logging_mixin.py:154} INFO - [2024-04-14T15:32:28.019+0000] {dag.py:2941} INFO - Sync 1 DAGs
[2024-04-14T15:32:28.027+0000] {logging_mixin.py:154} INFO - [2024-04-14T15:32:28.026+0000] {dag.py:3722} INFO - Setting next_dagrun for tutorial_dag to None, run_after=None
[2024-04-14T15:32:28.036+0000] {processor.py:179} INFO - Processing /home/airflow/.local/lib/python3.10/site-packages/airflow/example_dags/tutorial_dag.py took 0.038 seconds
[2024-04-14T15:32:58.775+0000] {processor.py:157} INFO - Started process (PID=2548) to work on /home/airflow/.local/lib/python3.10/site-packages/airflow/example_dags/tutorial_dag.py
[2024-04-14T15:32:58.775+0000] {processor.py:829} INFO - Processing file /home/airflow/.local/lib/python3.10/site-packages/airflow/example_dags/tutorial_dag.py for tasks to queue
[2024-04-14T15:32:58.776+0000] {logging_mixin.py:154} INFO - [2024-04-14T15:32:58.776+0000] {dagbag.py:536} INFO - Filling up the DagBag from /home/airflow/.local/lib/python3.10/site-packages/airflow/example_dags/tutorial_dag.py
[2024-04-14T15:32:58.780+0000] {processor.py:839} INFO - DAG(s) dict_keys(['tutorial_dag']) retrieved from /home/airflow/.local/lib/python3.10/site-packages/airflow/example_dags/tutorial_dag.py
[2024-04-14T15:32:58.792+0000] {logging_mixin.py:154} INFO - [2024-04-14T15:32:58.792+0000] {dag.py:2941} INFO - Sync 1 DAGs
[2024-04-14T15:32:58.798+0000] {logging_mixin.py:154} INFO - [2024-04-14T15:32:58.798+0000] {dag.py:3722} INFO - Setting next_dagrun for tutorial_dag to None, run_after=None
[2024-04-14T15:32:58.807+0000] {processor.py:179} INFO - Processing /home/airflow/.local/lib/python3.10/site-packages/airflow/example_dags/tutorial_dag.py took 0.034 seconds
[2024-04-14T15:33:29.402+0000] {processor.py:157} INFO - Started process (PID=2602) to work on /home/airflow/.local/lib/python3.10/site-packages/airflow/example_dags/tutorial_dag.py
[2024-04-14T15:33:29.403+0000] {processor.py:829} INFO - Processing file /home/airflow/.local/lib/python3.10/site-packages/airflow/example_dags/tutorial_dag.py for tasks to queue
[2024-04-14T15:33:29.404+0000] {logging_mixin.py:154} INFO - [2024-04-14T15:33:29.404+0000] {dagbag.py:536} INFO - Filling up the DagBag from /home/airflow/.local/lib/python3.10/site-packages/airflow/example_dags/tutorial_dag.py
[2024-04-14T15:33:29.407+0000] {processor.py:839} INFO - DAG(s) dict_keys(['tutorial_dag']) retrieved from /home/airflow/.local/lib/python3.10/site-packages/airflow/example_dags/tutorial_dag.py
[2024-04-14T15:33:29.421+0000] {logging_mixin.py:154} INFO - [2024-04-14T15:33:29.420+0000] {dag.py:2941} INFO - Sync 1 DAGs
[2024-04-14T15:33:29.428+0000] {logging_mixin.py:154} INFO - [2024-04-14T15:33:29.428+0000] {dag.py:3722} INFO - Setting next_dagrun for tutorial_dag to None, run_after=None
[2024-04-14T15:33:29.438+0000] {processor.py:179} INFO - Processing /home/airflow/.local/lib/python3.10/site-packages/airflow/example_dags/tutorial_dag.py took 0.038 seconds
[2024-04-14T15:34:00.035+0000] {processor.py:157} INFO - Started process (PID=2656) to work on /home/airflow/.local/lib/python3.10/site-packages/airflow/example_dags/tutorial_dag.py
[2024-04-14T15:34:00.035+0000] {processor.py:829} INFO - Processing file /home/airflow/.local/lib/python3.10/site-packages/airflow/example_dags/tutorial_dag.py for tasks to queue
[2024-04-14T15:34:00.036+0000] {logging_mixin.py:154} INFO - [2024-04-14T15:34:00.036+0000] {dagbag.py:536} INFO - Filling up the DagBag from /home/airflow/.local/lib/python3.10/site-packages/airflow/example_dags/tutorial_dag.py
[2024-04-14T15:34:00.040+0000] {processor.py:839} INFO - DAG(s) dict_keys(['tutorial_dag']) retrieved from /home/airflow/.local/lib/python3.10/site-packages/airflow/example_dags/tutorial_dag.py
[2024-04-14T15:34:00.052+0000] {logging_mixin.py:154} INFO - [2024-04-14T15:34:00.052+0000] {dag.py:2941} INFO - Sync 1 DAGs
[2024-04-14T15:34:00.059+0000] {logging_mixin.py:154} INFO - [2024-04-14T15:34:00.059+0000] {dag.py:3722} INFO - Setting next_dagrun for tutorial_dag to None, run_after=None
[2024-04-14T15:34:00.068+0000] {processor.py:179} INFO - Processing /home/airflow/.local/lib/python3.10/site-packages/airflow/example_dags/tutorial_dag.py took 0.036 seconds
[2024-04-14T15:34:30.694+0000] {processor.py:157} INFO - Started process (PID=2710) to work on /home/airflow/.local/lib/python3.10/site-packages/airflow/example_dags/tutorial_dag.py
[2024-04-14T15:34:30.695+0000] {processor.py:829} INFO - Processing file /home/airflow/.local/lib/python3.10/site-packages/airflow/example_dags/tutorial_dag.py for tasks to queue
[2024-04-14T15:34:30.696+0000] {logging_mixin.py:154} INFO - [2024-04-14T15:34:30.696+0000] {dagbag.py:536} INFO - Filling up the DagBag from /home/airflow/.local/lib/python3.10/site-packages/airflow/example_dags/tutorial_dag.py
[2024-04-14T15:34:30.699+0000] {processor.py:839} INFO - DAG(s) dict_keys(['tutorial_dag']) retrieved from /home/airflow/.local/lib/python3.10/site-packages/airflow/example_dags/tutorial_dag.py
[2024-04-14T15:34:30.711+0000] {logging_mixin.py:154} INFO - [2024-04-14T15:34:30.711+0000] {dag.py:2941} INFO - Sync 1 DAGs
[2024-04-14T15:34:30.718+0000] {logging_mixin.py:154} INFO - [2024-04-14T15:34:30.718+0000] {dag.py:3722} INFO - Setting next_dagrun for tutorial_dag to None, run_after=None
[2024-04-14T15:34:30.726+0000] {processor.py:179} INFO - Processing /home/airflow/.local/lib/python3.10/site-packages/airflow/example_dags/tutorial_dag.py took 0.034 seconds
[2024-04-14T15:35:01.354+0000] {processor.py:157} INFO - Started process (PID=2764) to work on /home/airflow/.local/lib/python3.10/site-packages/airflow/example_dags/tutorial_dag.py
[2024-04-14T15:35:01.354+0000] {processor.py:829} INFO - Processing file /home/airflow/.local/lib/python3.10/site-packages/airflow/example_dags/tutorial_dag.py for tasks to queue
[2024-04-14T15:35:01.356+0000] {logging_mixin.py:154} INFO - [2024-04-14T15:35:01.355+0000] {dagbag.py:536} INFO - Filling up the DagBag from /home/airflow/.local/lib/python3.10/site-packages/airflow/example_dags/tutorial_dag.py
[2024-04-14T15:35:01.359+0000] {processor.py:839} INFO - DAG(s) dict_keys(['tutorial_dag']) retrieved from /home/airflow/.local/lib/python3.10/site-packages/airflow/example_dags/tutorial_dag.py
[2024-04-14T15:35:01.372+0000] {logging_mixin.py:154} INFO - [2024-04-14T15:35:01.372+0000] {dag.py:2941} INFO - Sync 1 DAGs
[2024-04-14T15:35:01.379+0000] {logging_mixin.py:154} INFO - [2024-04-14T15:35:01.379+0000] {dag.py:3722} INFO - Setting next_dagrun for tutorial_dag to None, run_after=None
[2024-04-14T15:35:01.388+0000] {processor.py:179} INFO - Processing /home/airflow/.local/lib/python3.10/site-packages/airflow/example_dags/tutorial_dag.py took 0.036 seconds
[2024-04-14T15:35:32.076+0000] {processor.py:157} INFO - Started process (PID=2818) to work on /home/airflow/.local/lib/python3.10/site-packages/airflow/example_dags/tutorial_dag.py
[2024-04-14T15:35:32.077+0000] {processor.py:829} INFO - Processing file /home/airflow/.local/lib/python3.10/site-packages/airflow/example_dags/tutorial_dag.py for tasks to queue
[2024-04-14T15:35:32.078+0000] {logging_mixin.py:154} INFO - [2024-04-14T15:35:32.078+0000] {dagbag.py:536} INFO - Filling up the DagBag from /home/airflow/.local/lib/python3.10/site-packages/airflow/example_dags/tutorial_dag.py
[2024-04-14T15:35:32.081+0000] {processor.py:839} INFO - DAG(s) dict_keys(['tutorial_dag']) retrieved from /home/airflow/.local/lib/python3.10/site-packages/airflow/example_dags/tutorial_dag.py
[2024-04-14T15:35:32.094+0000] {logging_mixin.py:154} INFO - [2024-04-14T15:35:32.093+0000] {dag.py:2941} INFO - Sync 1 DAGs
[2024-04-14T15:35:32.101+0000] {logging_mixin.py:154} INFO - [2024-04-14T15:35:32.101+0000] {dag.py:3722} INFO - Setting next_dagrun for tutorial_dag to None, run_after=None
[2024-04-14T15:35:32.111+0000] {processor.py:179} INFO - Processing /home/airflow/.local/lib/python3.10/site-packages/airflow/example_dags/tutorial_dag.py took 0.037 seconds
[2024-04-14T15:36:02.839+0000] {processor.py:157} INFO - Started process (PID=2872) to work on /home/airflow/.local/lib/python3.10/site-packages/airflow/example_dags/tutorial_dag.py
[2024-04-14T15:36:02.839+0000] {processor.py:829} INFO - Processing file /home/airflow/.local/lib/python3.10/site-packages/airflow/example_dags/tutorial_dag.py for tasks to queue
[2024-04-14T15:36:02.840+0000] {logging_mixin.py:154} INFO - [2024-04-14T15:36:02.840+0000] {dagbag.py:536} INFO - Filling up the DagBag from /home/airflow/.local/lib/python3.10/site-packages/airflow/example_dags/tutorial_dag.py
[2024-04-14T15:36:02.844+0000] {processor.py:839} INFO - DAG(s) dict_keys(['tutorial_dag']) retrieved from /home/airflow/.local/lib/python3.10/site-packages/airflow/example_dags/tutorial_dag.py
[2024-04-14T15:36:02.856+0000] {logging_mixin.py:154} INFO - [2024-04-14T15:36:02.856+0000] {dag.py:2941} INFO - Sync 1 DAGs
[2024-04-14T15:36:02.864+0000] {logging_mixin.py:154} INFO - [2024-04-14T15:36:02.864+0000] {dag.py:3722} INFO - Setting next_dagrun for tutorial_dag to None, run_after=None
[2024-04-14T15:36:02.873+0000] {processor.py:179} INFO - Processing /home/airflow/.local/lib/python3.10/site-packages/airflow/example_dags/tutorial_dag.py took 0.037 seconds
[2024-04-14T15:36:33.572+0000] {processor.py:157} INFO - Started process (PID=2926) to work on /home/airflow/.local/lib/python3.10/site-packages/airflow/example_dags/tutorial_dag.py
[2024-04-14T15:36:33.572+0000] {processor.py:829} INFO - Processing file /home/airflow/.local/lib/python3.10/site-packages/airflow/example_dags/tutorial_dag.py for tasks to queue
[2024-04-14T15:36:33.573+0000] {logging_mixin.py:154} INFO - [2024-04-14T15:36:33.573+0000] {dagbag.py:536} INFO - Filling up the DagBag from /home/airflow/.local/lib/python3.10/site-packages/airflow/example_dags/tutorial_dag.py
[2024-04-14T15:36:33.577+0000] {processor.py:839} INFO - DAG(s) dict_keys(['tutorial_dag']) retrieved from /home/airflow/.local/lib/python3.10/site-packages/airflow/example_dags/tutorial_dag.py
[2024-04-14T15:36:33.589+0000] {logging_mixin.py:154} INFO - [2024-04-14T15:36:33.589+0000] {dag.py:2941} INFO - Sync 1 DAGs
[2024-04-14T15:36:33.596+0000] {logging_mixin.py:154} INFO - [2024-04-14T15:36:33.596+0000] {dag.py:3722} INFO - Setting next_dagrun for tutorial_dag to None, run_after=None
[2024-04-14T15:36:33.605+0000] {processor.py:179} INFO - Processing /home/airflow/.local/lib/python3.10/site-packages/airflow/example_dags/tutorial_dag.py took 0.036 seconds
[2024-04-14T15:37:04.391+0000] {processor.py:157} INFO - Started process (PID=2980) to work on /home/airflow/.local/lib/python3.10/site-packages/airflow/example_dags/tutorial_dag.py
[2024-04-14T15:37:04.392+0000] {processor.py:829} INFO - Processing file /home/airflow/.local/lib/python3.10/site-packages/airflow/example_dags/tutorial_dag.py for tasks to queue
[2024-04-14T15:37:04.393+0000] {logging_mixin.py:154} INFO - [2024-04-14T15:37:04.393+0000] {dagbag.py:536} INFO - Filling up the DagBag from /home/airflow/.local/lib/python3.10/site-packages/airflow/example_dags/tutorial_dag.py
[2024-04-14T15:37:04.397+0000] {processor.py:839} INFO - DAG(s) dict_keys(['tutorial_dag']) retrieved from /home/airflow/.local/lib/python3.10/site-packages/airflow/example_dags/tutorial_dag.py
[2024-04-14T15:37:04.409+0000] {logging_mixin.py:154} INFO - [2024-04-14T15:37:04.409+0000] {dag.py:2941} INFO - Sync 1 DAGs
[2024-04-14T15:37:04.417+0000] {logging_mixin.py:154} INFO - [2024-04-14T15:37:04.417+0000] {dag.py:3722} INFO - Setting next_dagrun for tutorial_dag to None, run_after=None
[2024-04-14T15:37:04.426+0000] {processor.py:179} INFO - Processing /home/airflow/.local/lib/python3.10/site-packages/airflow/example_dags/tutorial_dag.py took 0.037 seconds
[2024-04-14T15:37:35.133+0000] {processor.py:157} INFO - Started process (PID=3034) to work on /home/airflow/.local/lib/python3.10/site-packages/airflow/example_dags/tutorial_dag.py
[2024-04-14T15:37:35.134+0000] {processor.py:829} INFO - Processing file /home/airflow/.local/lib/python3.10/site-packages/airflow/example_dags/tutorial_dag.py for tasks to queue
[2024-04-14T15:37:35.135+0000] {logging_mixin.py:154} INFO - [2024-04-14T15:37:35.135+0000] {dagbag.py:536} INFO - Filling up the DagBag from /home/airflow/.local/lib/python3.10/site-packages/airflow/example_dags/tutorial_dag.py
[2024-04-14T15:37:35.139+0000] {processor.py:839} INFO - DAG(s) dict_keys(['tutorial_dag']) retrieved from /home/airflow/.local/lib/python3.10/site-packages/airflow/example_dags/tutorial_dag.py
[2024-04-14T15:37:35.151+0000] {logging_mixin.py:154} INFO - [2024-04-14T15:37:35.151+0000] {dag.py:2941} INFO - Sync 1 DAGs
[2024-04-14T15:37:35.159+0000] {logging_mixin.py:154} INFO - [2024-04-14T15:37:35.159+0000] {dag.py:3722} INFO - Setting next_dagrun for tutorial_dag to None, run_after=None
[2024-04-14T15:37:35.168+0000] {processor.py:179} INFO - Processing /home/airflow/.local/lib/python3.10/site-packages/airflow/example_dags/tutorial_dag.py took 0.038 seconds
[2024-04-14T15:38:05.819+0000] {processor.py:157} INFO - Started process (PID=3088) to work on /home/airflow/.local/lib/python3.10/site-packages/airflow/example_dags/tutorial_dag.py
[2024-04-14T15:38:05.819+0000] {processor.py:829} INFO - Processing file /home/airflow/.local/lib/python3.10/site-packages/airflow/example_dags/tutorial_dag.py for tasks to queue
[2024-04-14T15:38:05.820+0000] {logging_mixin.py:154} INFO - [2024-04-14T15:38:05.820+0000] {dagbag.py:536} INFO - Filling up the DagBag from /home/airflow/.local/lib/python3.10/site-packages/airflow/example_dags/tutorial_dag.py
[2024-04-14T15:38:05.824+0000] {processor.py:839} INFO - DAG(s) dict_keys(['tutorial_dag']) retrieved from /home/airflow/.local/lib/python3.10/site-packages/airflow/example_dags/tutorial_dag.py
[2024-04-14T15:38:05.836+0000] {logging_mixin.py:154} INFO - [2024-04-14T15:38:05.836+0000] {dag.py:2941} INFO - Sync 1 DAGs
[2024-04-14T15:38:05.843+0000] {logging_mixin.py:154} INFO - [2024-04-14T15:38:05.843+0000] {dag.py:3722} INFO - Setting next_dagrun for tutorial_dag to None, run_after=None
[2024-04-14T15:38:05.852+0000] {processor.py:179} INFO - Processing /home/airflow/.local/lib/python3.10/site-packages/airflow/example_dags/tutorial_dag.py took 0.036 seconds
[2024-04-14T15:38:36.763+0000] {processor.py:157} INFO - Started process (PID=3142) to work on /home/airflow/.local/lib/python3.10/site-packages/airflow/example_dags/tutorial_dag.py
[2024-04-14T15:38:36.763+0000] {processor.py:829} INFO - Processing file /home/airflow/.local/lib/python3.10/site-packages/airflow/example_dags/tutorial_dag.py for tasks to queue
[2024-04-14T15:38:36.765+0000] {logging_mixin.py:154} INFO - [2024-04-14T15:38:36.764+0000] {dagbag.py:536} INFO - Filling up the DagBag from /home/airflow/.local/lib/python3.10/site-packages/airflow/example_dags/tutorial_dag.py
[2024-04-14T15:38:36.768+0000] {processor.py:839} INFO - DAG(s) dict_keys(['tutorial_dag']) retrieved from /home/airflow/.local/lib/python3.10/site-packages/airflow/example_dags/tutorial_dag.py
[2024-04-14T15:38:36.781+0000] {logging_mixin.py:154} INFO - [2024-04-14T15:38:36.781+0000] {dag.py:2941} INFO - Sync 1 DAGs
[2024-04-14T15:38:36.790+0000] {logging_mixin.py:154} INFO - [2024-04-14T15:38:36.790+0000] {dag.py:3722} INFO - Setting next_dagrun for tutorial_dag to None, run_after=None
[2024-04-14T15:38:36.799+0000] {processor.py:179} INFO - Processing /home/airflow/.local/lib/python3.10/site-packages/airflow/example_dags/tutorial_dag.py took 0.039 seconds
[2024-04-14T15:39:07.616+0000] {processor.py:157} INFO - Started process (PID=3196) to work on /home/airflow/.local/lib/python3.10/site-packages/airflow/example_dags/tutorial_dag.py
[2024-04-14T15:39:07.617+0000] {processor.py:829} INFO - Processing file /home/airflow/.local/lib/python3.10/site-packages/airflow/example_dags/tutorial_dag.py for tasks to queue
[2024-04-14T15:39:07.618+0000] {logging_mixin.py:154} INFO - [2024-04-14T15:39:07.618+0000] {dagbag.py:536} INFO - Filling up the DagBag from /home/airflow/.local/lib/python3.10/site-packages/airflow/example_dags/tutorial_dag.py
[2024-04-14T15:39:07.622+0000] {processor.py:839} INFO - DAG(s) dict_keys(['tutorial_dag']) retrieved from /home/airflow/.local/lib/python3.10/site-packages/airflow/example_dags/tutorial_dag.py
[2024-04-14T15:39:07.635+0000] {logging_mixin.py:154} INFO - [2024-04-14T15:39:07.635+0000] {dag.py:2941} INFO - Sync 1 DAGs
[2024-04-14T15:39:07.642+0000] {logging_mixin.py:154} INFO - [2024-04-14T15:39:07.642+0000] {dag.py:3722} INFO - Setting next_dagrun for tutorial_dag to None, run_after=None
[2024-04-14T15:39:07.652+0000] {processor.py:179} INFO - Processing /home/airflow/.local/lib/python3.10/site-packages/airflow/example_dags/tutorial_dag.py took 0.038 seconds
[2024-04-14T15:39:38.551+0000] {processor.py:157} INFO - Started process (PID=3250) to work on /home/airflow/.local/lib/python3.10/site-packages/airflow/example_dags/tutorial_dag.py
[2024-04-14T15:39:38.552+0000] {processor.py:829} INFO - Processing file /home/airflow/.local/lib/python3.10/site-packages/airflow/example_dags/tutorial_dag.py for tasks to queue
[2024-04-14T15:39:38.553+0000] {logging_mixin.py:154} INFO - [2024-04-14T15:39:38.553+0000] {dagbag.py:536} INFO - Filling up the DagBag from /home/airflow/.local/lib/python3.10/site-packages/airflow/example_dags/tutorial_dag.py
[2024-04-14T15:39:38.557+0000] {processor.py:839} INFO - DAG(s) dict_keys(['tutorial_dag']) retrieved from /home/airflow/.local/lib/python3.10/site-packages/airflow/example_dags/tutorial_dag.py
[2024-04-14T15:39:38.573+0000] {logging_mixin.py:154} INFO - [2024-04-14T15:39:38.573+0000] {dag.py:2941} INFO - Sync 1 DAGs
[2024-04-14T15:39:38.581+0000] {logging_mixin.py:154} INFO - [2024-04-14T15:39:38.580+0000] {dag.py:3722} INFO - Setting next_dagrun for tutorial_dag to None, run_after=None
[2024-04-14T15:39:38.590+0000] {processor.py:179} INFO - Processing /home/airflow/.local/lib/python3.10/site-packages/airflow/example_dags/tutorial_dag.py took 0.041 seconds
[2024-04-14T15:40:09.501+0000] {processor.py:157} INFO - Started process (PID=3304) to work on /home/airflow/.local/lib/python3.10/site-packages/airflow/example_dags/tutorial_dag.py
[2024-04-14T15:40:09.501+0000] {processor.py:829} INFO - Processing file /home/airflow/.local/lib/python3.10/site-packages/airflow/example_dags/tutorial_dag.py for tasks to queue
[2024-04-14T15:40:09.502+0000] {logging_mixin.py:154} INFO - [2024-04-14T15:40:09.502+0000] {dagbag.py:536} INFO - Filling up the DagBag from /home/airflow/.local/lib/python3.10/site-packages/airflow/example_dags/tutorial_dag.py
[2024-04-14T15:40:09.506+0000] {processor.py:839} INFO - DAG(s) dict_keys(['tutorial_dag']) retrieved from /home/airflow/.local/lib/python3.10/site-packages/airflow/example_dags/tutorial_dag.py
[2024-04-14T15:40:09.518+0000] {logging_mixin.py:154} INFO - [2024-04-14T15:40:09.518+0000] {dag.py:2941} INFO - Sync 1 DAGs
[2024-04-14T15:40:09.525+0000] {logging_mixin.py:154} INFO - [2024-04-14T15:40:09.525+0000] {dag.py:3722} INFO - Setting next_dagrun for tutorial_dag to None, run_after=None
[2024-04-14T15:40:09.534+0000] {processor.py:179} INFO - Processing /home/airflow/.local/lib/python3.10/site-packages/airflow/example_dags/tutorial_dag.py took 0.036 seconds
[2024-04-14T15:41:10.271+0000] {processor.py:157} INFO - Started process (PID=57) to work on /home/airflow/.local/lib/python3.10/site-packages/airflow/example_dags/tutorial_dag.py
[2024-04-14T15:41:10.272+0000] {processor.py:829} INFO - Processing file /home/airflow/.local/lib/python3.10/site-packages/airflow/example_dags/tutorial_dag.py for tasks to queue
[2024-04-14T15:41:10.273+0000] {logging_mixin.py:154} INFO - [2024-04-14T15:41:10.273+0000] {dagbag.py:536} INFO - Filling up the DagBag from /home/airflow/.local/lib/python3.10/site-packages/airflow/example_dags/tutorial_dag.py
[2024-04-14T15:41:10.278+0000] {processor.py:839} INFO - DAG(s) dict_keys(['tutorial_dag']) retrieved from /home/airflow/.local/lib/python3.10/site-packages/airflow/example_dags/tutorial_dag.py
[2024-04-14T15:41:10.285+0000] {logging_mixin.py:154} INFO - [2024-04-14T15:41:10.285+0000] {dag.py:2941} INFO - Sync 1 DAGs
[2024-04-14T15:41:10.295+0000] {logging_mixin.py:154} INFO - [2024-04-14T15:41:10.295+0000] {dag.py:3722} INFO - Setting next_dagrun for tutorial_dag to None, run_after=None
[2024-04-14T15:41:10.305+0000] {processor.py:179} INFO - Processing /home/airflow/.local/lib/python3.10/site-packages/airflow/example_dags/tutorial_dag.py took 0.036 seconds
[2024-04-14T15:41:40.832+0000] {processor.py:157} INFO - Started process (PID=111) to work on /home/airflow/.local/lib/python3.10/site-packages/airflow/example_dags/tutorial_dag.py
[2024-04-14T15:41:40.832+0000] {processor.py:829} INFO - Processing file /home/airflow/.local/lib/python3.10/site-packages/airflow/example_dags/tutorial_dag.py for tasks to queue
[2024-04-14T15:41:40.833+0000] {logging_mixin.py:154} INFO - [2024-04-14T15:41:40.833+0000] {dagbag.py:536} INFO - Filling up the DagBag from /home/airflow/.local/lib/python3.10/site-packages/airflow/example_dags/tutorial_dag.py
[2024-04-14T15:41:40.836+0000] {processor.py:839} INFO - DAG(s) dict_keys(['tutorial_dag']) retrieved from /home/airflow/.local/lib/python3.10/site-packages/airflow/example_dags/tutorial_dag.py
[2024-04-14T15:41:40.849+0000] {logging_mixin.py:154} INFO - [2024-04-14T15:41:40.848+0000] {dag.py:2941} INFO - Sync 1 DAGs
[2024-04-14T15:41:40.855+0000] {logging_mixin.py:154} INFO - [2024-04-14T15:41:40.855+0000] {dag.py:3722} INFO - Setting next_dagrun for tutorial_dag to None, run_after=None
[2024-04-14T15:41:40.864+0000] {processor.py:179} INFO - Processing /home/airflow/.local/lib/python3.10/site-packages/airflow/example_dags/tutorial_dag.py took 0.034 seconds
[2024-04-14T15:42:11.545+0000] {processor.py:157} INFO - Started process (PID=165) to work on /home/airflow/.local/lib/python3.10/site-packages/airflow/example_dags/tutorial_dag.py
[2024-04-14T15:42:11.546+0000] {processor.py:829} INFO - Processing file /home/airflow/.local/lib/python3.10/site-packages/airflow/example_dags/tutorial_dag.py for tasks to queue
[2024-04-14T15:42:11.546+0000] {logging_mixin.py:154} INFO - [2024-04-14T15:42:11.546+0000] {dagbag.py:536} INFO - Filling up the DagBag from /home/airflow/.local/lib/python3.10/site-packages/airflow/example_dags/tutorial_dag.py
[2024-04-14T15:42:11.549+0000] {processor.py:839} INFO - DAG(s) dict_keys(['tutorial_dag']) retrieved from /home/airflow/.local/lib/python3.10/site-packages/airflow/example_dags/tutorial_dag.py
[2024-04-14T15:42:11.563+0000] {logging_mixin.py:154} INFO - [2024-04-14T15:42:11.562+0000] {dag.py:2941} INFO - Sync 1 DAGs
[2024-04-14T15:42:11.571+0000] {logging_mixin.py:154} INFO - [2024-04-14T15:42:11.570+0000] {dag.py:3722} INFO - Setting next_dagrun for tutorial_dag to None, run_after=None
[2024-04-14T15:42:11.581+0000] {processor.py:179} INFO - Processing /home/airflow/.local/lib/python3.10/site-packages/airflow/example_dags/tutorial_dag.py took 0.038 seconds
[2024-04-14T15:42:42.192+0000] {processor.py:157} INFO - Started process (PID=219) to work on /home/airflow/.local/lib/python3.10/site-packages/airflow/example_dags/tutorial_dag.py
[2024-04-14T15:42:42.192+0000] {processor.py:829} INFO - Processing file /home/airflow/.local/lib/python3.10/site-packages/airflow/example_dags/tutorial_dag.py for tasks to queue
[2024-04-14T15:42:42.192+0000] {logging_mixin.py:154} INFO - [2024-04-14T15:42:42.192+0000] {dagbag.py:536} INFO - Filling up the DagBag from /home/airflow/.local/lib/python3.10/site-packages/airflow/example_dags/tutorial_dag.py
[2024-04-14T15:42:42.196+0000] {processor.py:839} INFO - DAG(s) dict_keys(['tutorial_dag']) retrieved from /home/airflow/.local/lib/python3.10/site-packages/airflow/example_dags/tutorial_dag.py
[2024-04-14T15:42:42.208+0000] {logging_mixin.py:154} INFO - [2024-04-14T15:42:42.208+0000] {dag.py:2941} INFO - Sync 1 DAGs
[2024-04-14T15:42:42.215+0000] {logging_mixin.py:154} INFO - [2024-04-14T15:42:42.215+0000] {dag.py:3722} INFO - Setting next_dagrun for tutorial_dag to None, run_after=None
[2024-04-14T15:42:42.224+0000] {processor.py:179} INFO - Processing /home/airflow/.local/lib/python3.10/site-packages/airflow/example_dags/tutorial_dag.py took 0.035 seconds
[2024-04-14T15:46:33.409+0000] {processor.py:157} INFO - Started process (PID=58) to work on /home/airflow/.local/lib/python3.10/site-packages/airflow/example_dags/tutorial_dag.py
[2024-04-14T15:46:33.410+0000] {processor.py:829} INFO - Processing file /home/airflow/.local/lib/python3.10/site-packages/airflow/example_dags/tutorial_dag.py for tasks to queue
[2024-04-14T15:46:33.411+0000] {logging_mixin.py:154} INFO - [2024-04-14T15:46:33.411+0000] {dagbag.py:536} INFO - Filling up the DagBag from /home/airflow/.local/lib/python3.10/site-packages/airflow/example_dags/tutorial_dag.py
[2024-04-14T15:46:33.417+0000] {processor.py:839} INFO - DAG(s) dict_keys(['tutorial_dag']) retrieved from /home/airflow/.local/lib/python3.10/site-packages/airflow/example_dags/tutorial_dag.py
[2024-04-14T15:46:33.424+0000] {logging_mixin.py:154} INFO - [2024-04-14T15:46:33.424+0000] {dag.py:2941} INFO - Sync 1 DAGs
[2024-04-14T15:46:33.431+0000] {logging_mixin.py:154} INFO - [2024-04-14T15:46:33.431+0000] {dag.py:3722} INFO - Setting next_dagrun for tutorial_dag to None, run_after=None
[2024-04-14T15:46:33.440+0000] {processor.py:179} INFO - Processing /home/airflow/.local/lib/python3.10/site-packages/airflow/example_dags/tutorial_dag.py took 0.033 seconds
[2024-04-14T15:47:04.344+0000] {processor.py:157} INFO - Started process (PID=113) to work on /home/airflow/.local/lib/python3.10/site-packages/airflow/example_dags/tutorial_dag.py
[2024-04-14T15:47:04.345+0000] {processor.py:829} INFO - Processing file /home/airflow/.local/lib/python3.10/site-packages/airflow/example_dags/tutorial_dag.py for tasks to queue
[2024-04-14T15:47:04.346+0000] {logging_mixin.py:154} INFO - [2024-04-14T15:47:04.346+0000] {dagbag.py:536} INFO - Filling up the DagBag from /home/airflow/.local/lib/python3.10/site-packages/airflow/example_dags/tutorial_dag.py
[2024-04-14T15:47:04.349+0000] {processor.py:839} INFO - DAG(s) dict_keys(['tutorial_dag']) retrieved from /home/airflow/.local/lib/python3.10/site-packages/airflow/example_dags/tutorial_dag.py
[2024-04-14T15:47:04.361+0000] {logging_mixin.py:154} INFO - [2024-04-14T15:47:04.360+0000] {dag.py:2941} INFO - Sync 1 DAGs
[2024-04-14T15:47:04.367+0000] {logging_mixin.py:154} INFO - [2024-04-14T15:47:04.367+0000] {dag.py:3722} INFO - Setting next_dagrun for tutorial_dag to None, run_after=None
[2024-04-14T15:47:04.376+0000] {processor.py:179} INFO - Processing /home/airflow/.local/lib/python3.10/site-packages/airflow/example_dags/tutorial_dag.py took 0.034 seconds
[2024-04-14T15:47:35.194+0000] {processor.py:157} INFO - Started process (PID=168) to work on /home/airflow/.local/lib/python3.10/site-packages/airflow/example_dags/tutorial_dag.py
[2024-04-14T15:47:35.195+0000] {processor.py:829} INFO - Processing file /home/airflow/.local/lib/python3.10/site-packages/airflow/example_dags/tutorial_dag.py for tasks to queue
[2024-04-14T15:47:35.196+0000] {logging_mixin.py:154} INFO - [2024-04-14T15:47:35.196+0000] {dagbag.py:536} INFO - Filling up the DagBag from /home/airflow/.local/lib/python3.10/site-packages/airflow/example_dags/tutorial_dag.py
[2024-04-14T15:47:35.199+0000] {processor.py:839} INFO - DAG(s) dict_keys(['tutorial_dag']) retrieved from /home/airflow/.local/lib/python3.10/site-packages/airflow/example_dags/tutorial_dag.py
[2024-04-14T15:47:35.211+0000] {logging_mixin.py:154} INFO - [2024-04-14T15:47:35.211+0000] {dag.py:2941} INFO - Sync 1 DAGs
[2024-04-14T15:47:35.218+0000] {logging_mixin.py:154} INFO - [2024-04-14T15:47:35.218+0000] {dag.py:3722} INFO - Setting next_dagrun for tutorial_dag to None, run_after=None
[2024-04-14T15:47:35.226+0000] {processor.py:179} INFO - Processing /home/airflow/.local/lib/python3.10/site-packages/airflow/example_dags/tutorial_dag.py took 0.034 seconds
[2024-04-14T15:48:05.891+0000] {processor.py:157} INFO - Started process (PID=227) to work on /home/airflow/.local/lib/python3.10/site-packages/airflow/example_dags/tutorial_dag.py
[2024-04-14T15:48:05.891+0000] {processor.py:829} INFO - Processing file /home/airflow/.local/lib/python3.10/site-packages/airflow/example_dags/tutorial_dag.py for tasks to queue
[2024-04-14T15:48:05.892+0000] {logging_mixin.py:154} INFO - [2024-04-14T15:48:05.892+0000] {dagbag.py:536} INFO - Filling up the DagBag from /home/airflow/.local/lib/python3.10/site-packages/airflow/example_dags/tutorial_dag.py
[2024-04-14T15:48:05.895+0000] {processor.py:839} INFO - DAG(s) dict_keys(['tutorial_dag']) retrieved from /home/airflow/.local/lib/python3.10/site-packages/airflow/example_dags/tutorial_dag.py
[2024-04-14T15:48:05.907+0000] {logging_mixin.py:154} INFO - [2024-04-14T15:48:05.907+0000] {dag.py:2941} INFO - Sync 1 DAGs
[2024-04-14T15:48:05.914+0000] {logging_mixin.py:154} INFO - [2024-04-14T15:48:05.914+0000] {dag.py:3722} INFO - Setting next_dagrun for tutorial_dag to None, run_after=None
[2024-04-14T15:48:05.923+0000] {processor.py:179} INFO - Processing /home/airflow/.local/lib/python3.10/site-packages/airflow/example_dags/tutorial_dag.py took 0.034 seconds
[2024-04-14T15:48:36.561+0000] {processor.py:157} INFO - Started process (PID=282) to work on /home/airflow/.local/lib/python3.10/site-packages/airflow/example_dags/tutorial_dag.py
[2024-04-14T15:48:36.561+0000] {processor.py:829} INFO - Processing file /home/airflow/.local/lib/python3.10/site-packages/airflow/example_dags/tutorial_dag.py for tasks to queue
[2024-04-14T15:48:36.562+0000] {logging_mixin.py:154} INFO - [2024-04-14T15:48:36.562+0000] {dagbag.py:536} INFO - Filling up the DagBag from /home/airflow/.local/lib/python3.10/site-packages/airflow/example_dags/tutorial_dag.py
[2024-04-14T15:48:36.566+0000] {processor.py:839} INFO - DAG(s) dict_keys(['tutorial_dag']) retrieved from /home/airflow/.local/lib/python3.10/site-packages/airflow/example_dags/tutorial_dag.py
[2024-04-14T15:48:36.577+0000] {logging_mixin.py:154} INFO - [2024-04-14T15:48:36.577+0000] {dag.py:2941} INFO - Sync 1 DAGs
[2024-04-14T15:48:36.584+0000] {logging_mixin.py:154} INFO - [2024-04-14T15:48:36.584+0000] {dag.py:3722} INFO - Setting next_dagrun for tutorial_dag to None, run_after=None
[2024-04-14T15:48:36.593+0000] {processor.py:179} INFO - Processing /home/airflow/.local/lib/python3.10/site-packages/airflow/example_dags/tutorial_dag.py took 0.034 seconds
[2024-04-14T15:49:07.203+0000] {processor.py:157} INFO - Started process (PID=337) to work on /home/airflow/.local/lib/python3.10/site-packages/airflow/example_dags/tutorial_dag.py
[2024-04-14T15:49:07.204+0000] {processor.py:829} INFO - Processing file /home/airflow/.local/lib/python3.10/site-packages/airflow/example_dags/tutorial_dag.py for tasks to queue
[2024-04-14T15:49:07.205+0000] {logging_mixin.py:154} INFO - [2024-04-14T15:49:07.205+0000] {dagbag.py:536} INFO - Filling up the DagBag from /home/airflow/.local/lib/python3.10/site-packages/airflow/example_dags/tutorial_dag.py
[2024-04-14T15:49:07.208+0000] {processor.py:839} INFO - DAG(s) dict_keys(['tutorial_dag']) retrieved from /home/airflow/.local/lib/python3.10/site-packages/airflow/example_dags/tutorial_dag.py
[2024-04-14T15:49:07.220+0000] {logging_mixin.py:154} INFO - [2024-04-14T15:49:07.220+0000] {dag.py:2941} INFO - Sync 1 DAGs
[2024-04-14T15:49:07.226+0000] {logging_mixin.py:154} INFO - [2024-04-14T15:49:07.226+0000] {dag.py:3722} INFO - Setting next_dagrun for tutorial_dag to None, run_after=None
[2024-04-14T15:49:07.234+0000] {processor.py:179} INFO - Processing /home/airflow/.local/lib/python3.10/site-packages/airflow/example_dags/tutorial_dag.py took 0.033 seconds
