[2024-05-23T14:55:11.468+0000] {local_task_job_runner.py:120} INFO - ::group::Pre task execution logs
[2024-05-23T14:55:11.481+0000] {taskinstance.py:2073} INFO - Dependencies all met for dep_context=non-requeueable deps ti=<TaskInstance: games.get_matches_step manual__2024-05-23T14:55:06.502478+00:00 [queued]>
[2024-05-23T14:55:11.485+0000] {taskinstance.py:2073} INFO - Dependencies all met for dep_context=requeueable deps ti=<TaskInstance: games.get_matches_step manual__2024-05-23T14:55:06.502478+00:00 [queued]>
[2024-05-23T14:55:11.485+0000] {taskinstance.py:2303} INFO - Starting attempt 1 of 1
[2024-05-23T14:55:11.492+0000] {taskinstance.py:2327} INFO - Executing <Task(PythonOperator): get_matches_step> on 2024-05-23 14:55:06.502478+00:00
[2024-05-23T14:55:11.498+0000] {warnings.py:110} WARNING - /home/***/.local/lib/python3.12/site-packages/***/task/task_runner/standard_task_runner.py:61: DeprecationWarning: This process (pid=69) is multi-threaded, use of fork() may lead to deadlocks in the child.
  pid = os.fork()

[2024-05-23T14:55:11.499+0000] {standard_task_runner.py:63} INFO - Started process 71 to run task
[2024-05-23T14:55:11.499+0000] {standard_task_runner.py:90} INFO - Running: ['***', 'tasks', 'run', 'games', 'get_matches_step', 'manual__2024-05-23T14:55:06.502478+00:00', '--job-id', '644', '--raw', '--subdir', 'DAGS_FOLDER/get_main_games.py', '--cfg-path', '/tmp/tmptmz6he1f']
[2024-05-23T14:55:11.500+0000] {standard_task_runner.py:91} INFO - Job 644: Subtask get_matches_step
[2024-05-23T14:55:11.524+0000] {task_command.py:426} INFO - Running <TaskInstance: games.get_matches_step manual__2024-05-23T14:55:06.502478+00:00 [running]> on host 0609ec5cc9c0
[2024-05-23T14:55:11.576+0000] {taskinstance.py:2644} INFO - Exporting env vars: AIRFLOW_CTX_DAG_OWNER='***' AIRFLOW_CTX_DAG_ID='games' AIRFLOW_CTX_TASK_ID='get_matches_step' AIRFLOW_CTX_EXECUTION_DATE='2024-05-23T14:55:06.502478+00:00' AIRFLOW_CTX_TRY_NUMBER='1' AIRFLOW_CTX_DAG_RUN_ID='manual__2024-05-23T14:55:06.502478+00:00'
[2024-05-23T14:55:11.577+0000] {taskinstance.py:430} INFO - ::endgroup::
[2024-05-23T14:56:30.995+0000] {logging_mixin.py:188} INFO - 100
[2024-05-23T14:57:28.633+0000] {logging_mixin.py:188} INFO - 200
[2024-05-23T14:58:27.196+0000] {logging_mixin.py:188} INFO - 300
[2024-05-23T14:59:24.569+0000] {logging_mixin.py:188} INFO - 400
[2024-05-23T15:00:00.152+0000] {python.py:237} INFO - Done. Returned value was: None
[2024-05-23T15:00:00.153+0000] {taskinstance.py:441} INFO - ::group::Post task execution logs
[2024-05-23T15:00:00.159+0000] {taskinstance.py:1205} INFO - Marking task as SUCCESS. dag_id=games, task_id=get_matches_step, execution_date=20240523T145506, start_date=20240523T145511, end_date=20240523T150000
[2024-05-23T15:00:00.173+0000] {local_task_job_runner.py:240} INFO - Task exited with return code 0
[2024-05-23T15:00:00.185+0000] {taskinstance.py:3482} INFO - 1 downstream tasks scheduled from follow-on schedule check
[2024-05-23T15:00:00.186+0000] {local_task_job_runner.py:222} INFO - ::endgroup::
