[2024-05-23T13:41:30.508+0000] {local_task_job_runner.py:120} INFO - ::group::Pre task execution logs
[2024-05-23T13:41:30.521+0000] {taskinstance.py:2073} INFO - Dependencies all met for dep_context=non-requeueable deps ti=<TaskInstance: games.get_matches_step manual__2024-05-23T13:41:25.082941+00:00 [queued]>
[2024-05-23T13:41:30.525+0000] {taskinstance.py:2073} INFO - Dependencies all met for dep_context=requeueable deps ti=<TaskInstance: games.get_matches_step manual__2024-05-23T13:41:25.082941+00:00 [queued]>
[2024-05-23T13:41:30.525+0000] {taskinstance.py:2303} INFO - Starting attempt 1 of 1
[2024-05-23T13:41:30.532+0000] {taskinstance.py:2327} INFO - Executing <Task(PythonOperator): get_matches_step> on 2024-05-23 13:41:25.082941+00:00
[2024-05-23T13:41:30.539+0000] {warnings.py:110} WARNING - /home/***/.local/lib/python3.12/site-packages/***/task/task_runner/standard_task_runner.py:61: DeprecationWarning: This process (pid=258) is multi-threaded, use of fork() may lead to deadlocks in the child.
  pid = os.fork()

[2024-05-23T13:41:30.539+0000] {standard_task_runner.py:63} INFO - Started process 260 to run task
[2024-05-23T13:41:30.540+0000] {standard_task_runner.py:90} INFO - Running: ['***', 'tasks', 'run', 'games', 'get_matches_step', 'manual__2024-05-23T13:41:25.082941+00:00', '--job-id', '626', '--raw', '--subdir', 'DAGS_FOLDER/get_main_games.py', '--cfg-path', '/tmp/tmpdlsc4tqo']
[2024-05-23T13:41:30.541+0000] {standard_task_runner.py:91} INFO - Job 626: Subtask get_matches_step
[2024-05-23T13:41:30.565+0000] {task_command.py:426} INFO - Running <TaskInstance: games.get_matches_step manual__2024-05-23T13:41:25.082941+00:00 [running]> on host 5ad9352cdddc
[2024-05-23T13:41:30.617+0000] {taskinstance.py:2644} INFO - Exporting env vars: AIRFLOW_CTX_DAG_OWNER='***' AIRFLOW_CTX_DAG_ID='games' AIRFLOW_CTX_TASK_ID='get_matches_step' AIRFLOW_CTX_EXECUTION_DATE='2024-05-23T13:41:25.082941+00:00' AIRFLOW_CTX_TRY_NUMBER='1' AIRFLOW_CTX_DAG_RUN_ID='manual__2024-05-23T13:41:25.082941+00:00'
[2024-05-23T13:41:30.618+0000] {taskinstance.py:430} INFO - ::endgroup::
[2024-05-23T13:42:52.165+0000] {logging_mixin.py:188} INFO - 100
[2024-05-23T13:43:54.461+0000] {logging_mixin.py:188} INFO - 200
[2024-05-23T13:44:56.626+0000] {logging_mixin.py:188} INFO - 300
[2024-05-23T13:46:00.337+0000] {logging_mixin.py:188} INFO - 400
[2024-05-23T13:46:39.094+0000] {python.py:237} INFO - Done. Returned value was: None
[2024-05-23T13:46:39.094+0000] {taskinstance.py:441} INFO - ::group::Post task execution logs
[2024-05-23T13:46:39.100+0000] {taskinstance.py:1205} INFO - Marking task as SUCCESS. dag_id=games, task_id=get_matches_step, execution_date=20240523T134125, start_date=20240523T134130, end_date=20240523T134639
[2024-05-23T13:46:39.116+0000] {local_task_job_runner.py:240} INFO - Task exited with return code 0
[2024-05-23T13:46:39.129+0000] {taskinstance.py:3482} INFO - 1 downstream tasks scheduled from follow-on schedule check
[2024-05-23T13:46:39.130+0000] {local_task_job_runner.py:222} INFO - ::endgroup::
