[2024-04-21T07:28:29.754+0000] {processor.py:161} INFO - Started process (PID=40) to work on /opt/airflow/dags/parser.py
[2024-04-21T07:28:29.754+0000] {processor.py:830} INFO - Processing file /opt/airflow/dags/parser.py for tasks to queue
[2024-04-21T07:28:29.755+0000] {logging_mixin.py:188} INFO - [2024-04-21T07:28:29.755+0000] {dagbag.py:540} INFO - Filling up the DagBag from /opt/airflow/dags/parser.py
[2024-04-21T07:28:29.760+0000] {processor.py:840} INFO - DAG(s) 'parser' retrieved from /opt/airflow/dags/parser.py
[2024-04-21T07:28:29.790+0000] {logging_mixin.py:188} INFO - [2024-04-21T07:28:29.790+0000] {dag.py:3096} INFO - Sync 1 DAGs
[2024-04-21T07:28:29.805+0000] {logging_mixin.py:188} INFO - [2024-04-21T07:28:29.804+0000] {dag.py:3954} INFO - Setting next_dagrun for parser to 2023-01-01 00:00:00+00:00, run_after=2023-01-01 00:00:00+00:00
[2024-04-21T07:28:29.816+0000] {processor.py:183} INFO - Processing /opt/airflow/dags/parser.py took 0.065 seconds
[2024-04-21T07:29:00.299+0000] {processor.py:161} INFO - Started process (PID=48) to work on /opt/airflow/dags/parser.py
[2024-04-21T07:29:00.300+0000] {processor.py:830} INFO - Processing file /opt/airflow/dags/parser.py for tasks to queue
[2024-04-21T07:29:00.300+0000] {logging_mixin.py:188} INFO - [2024-04-21T07:29:00.300+0000] {dagbag.py:540} INFO - Filling up the DagBag from /opt/airflow/dags/parser.py
[2024-04-21T07:29:00.304+0000] {processor.py:840} INFO - DAG(s) 'parser' retrieved from /opt/airflow/dags/parser.py
[2024-04-21T07:29:00.319+0000] {logging_mixin.py:188} INFO - [2024-04-21T07:29:00.319+0000] {dag.py:3096} INFO - Sync 1 DAGs
[2024-04-21T07:29:00.330+0000] {logging_mixin.py:188} INFO - [2024-04-21T07:29:00.330+0000] {dag.py:3954} INFO - Setting next_dagrun for parser to 2023-01-01 00:00:00+00:00, run_after=2023-01-01 00:00:00+00:00
[2024-04-21T07:29:00.339+0000] {processor.py:183} INFO - Processing /opt/airflow/dags/parser.py took 0.043 seconds
[2024-04-21T07:29:30.426+0000] {processor.py:161} INFO - Started process (PID=56) to work on /opt/airflow/dags/parser.py
[2024-04-21T07:29:30.427+0000] {processor.py:830} INFO - Processing file /opt/airflow/dags/parser.py for tasks to queue
[2024-04-21T07:29:30.428+0000] {logging_mixin.py:188} INFO - [2024-04-21T07:29:30.428+0000] {dagbag.py:540} INFO - Filling up the DagBag from /opt/airflow/dags/parser.py
[2024-04-21T07:29:30.433+0000] {processor.py:840} INFO - DAG(s) 'parser' retrieved from /opt/airflow/dags/parser.py
[2024-04-21T07:29:30.449+0000] {logging_mixin.py:188} INFO - [2024-04-21T07:29:30.449+0000] {dag.py:3096} INFO - Sync 1 DAGs
[2024-04-21T07:29:30.463+0000] {logging_mixin.py:188} INFO - [2024-04-21T07:29:30.463+0000] {dag.py:3954} INFO - Setting next_dagrun for parser to 2023-01-01 00:00:00+00:00, run_after=2023-01-01 00:00:00+00:00
[2024-04-21T07:29:30.472+0000] {processor.py:183} INFO - Processing /opt/airflow/dags/parser.py took 0.050 seconds
[2024-04-21T07:30:00.586+0000] {processor.py:161} INFO - Started process (PID=64) to work on /opt/airflow/dags/parser.py
[2024-04-21T07:30:00.588+0000] {processor.py:830} INFO - Processing file /opt/airflow/dags/parser.py for tasks to queue
[2024-04-21T07:30:00.589+0000] {logging_mixin.py:188} INFO - [2024-04-21T07:30:00.589+0000] {dagbag.py:540} INFO - Filling up the DagBag from /opt/airflow/dags/parser.py
[2024-04-21T07:30:00.593+0000] {processor.py:840} INFO - DAG(s) 'parser' retrieved from /opt/airflow/dags/parser.py
[2024-04-21T07:30:00.609+0000] {logging_mixin.py:188} INFO - [2024-04-21T07:30:00.609+0000] {dag.py:3096} INFO - Sync 1 DAGs
[2024-04-21T07:30:00.622+0000] {logging_mixin.py:188} INFO - [2024-04-21T07:30:00.622+0000] {dag.py:3954} INFO - Setting next_dagrun for parser to 2023-01-01 00:00:00+00:00, run_after=2023-01-01 00:00:00+00:00
[2024-04-21T07:30:00.630+0000] {processor.py:183} INFO - Processing /opt/airflow/dags/parser.py took 0.047 seconds
[2024-04-21T07:30:30.695+0000] {processor.py:161} INFO - Started process (PID=72) to work on /opt/airflow/dags/parser.py
[2024-04-21T07:30:30.695+0000] {processor.py:830} INFO - Processing file /opt/airflow/dags/parser.py for tasks to queue
[2024-04-21T07:30:30.696+0000] {logging_mixin.py:188} INFO - [2024-04-21T07:30:30.696+0000] {dagbag.py:540} INFO - Filling up the DagBag from /opt/airflow/dags/parser.py
[2024-04-21T07:30:30.700+0000] {processor.py:840} INFO - DAG(s) 'parser' retrieved from /opt/airflow/dags/parser.py
[2024-04-21T07:30:30.716+0000] {logging_mixin.py:188} INFO - [2024-04-21T07:30:30.716+0000] {dag.py:3096} INFO - Sync 1 DAGs
[2024-04-21T07:30:30.728+0000] {logging_mixin.py:188} INFO - [2024-04-21T07:30:30.728+0000] {dag.py:3954} INFO - Setting next_dagrun for parser to 2023-01-01 00:00:00+00:00, run_after=2023-01-01 00:00:00+00:00
[2024-04-21T07:30:30.737+0000] {processor.py:183} INFO - Processing /opt/airflow/dags/parser.py took 0.046 seconds
[2024-04-21T07:31:00.803+0000] {processor.py:161} INFO - Started process (PID=80) to work on /opt/airflow/dags/parser.py
[2024-04-21T07:31:00.805+0000] {processor.py:830} INFO - Processing file /opt/airflow/dags/parser.py for tasks to queue
[2024-04-21T07:31:00.806+0000] {logging_mixin.py:188} INFO - [2024-04-21T07:31:00.806+0000] {dagbag.py:540} INFO - Filling up the DagBag from /opt/airflow/dags/parser.py
[2024-04-21T07:31:00.810+0000] {processor.py:840} INFO - DAG(s) 'parser' retrieved from /opt/airflow/dags/parser.py
[2024-04-21T07:31:00.825+0000] {logging_mixin.py:188} INFO - [2024-04-21T07:31:00.825+0000] {dag.py:3096} INFO - Sync 1 DAGs
[2024-04-21T07:31:00.836+0000] {logging_mixin.py:188} INFO - [2024-04-21T07:31:00.836+0000] {dag.py:3954} INFO - Setting next_dagrun for parser to 2023-01-01 00:00:00+00:00, run_after=2023-01-01 00:00:00+00:00
[2024-04-21T07:31:00.844+0000] {processor.py:183} INFO - Processing /opt/airflow/dags/parser.py took 0.044 seconds
[2024-04-21T07:31:30.915+0000] {processor.py:161} INFO - Started process (PID=88) to work on /opt/airflow/dags/parser.py
[2024-04-21T07:31:30.916+0000] {processor.py:830} INFO - Processing file /opt/airflow/dags/parser.py for tasks to queue
[2024-04-21T07:31:30.917+0000] {logging_mixin.py:188} INFO - [2024-04-21T07:31:30.917+0000] {dagbag.py:540} INFO - Filling up the DagBag from /opt/airflow/dags/parser.py
[2024-04-21T07:31:30.920+0000] {processor.py:840} INFO - DAG(s) 'parser' retrieved from /opt/airflow/dags/parser.py
[2024-04-21T07:31:30.935+0000] {logging_mixin.py:188} INFO - [2024-04-21T07:31:30.935+0000] {dag.py:3096} INFO - Sync 1 DAGs
[2024-04-21T07:31:30.947+0000] {logging_mixin.py:188} INFO - [2024-04-21T07:31:30.947+0000] {dag.py:3954} INFO - Setting next_dagrun for parser to 2023-01-01 00:00:00+00:00, run_after=2023-01-01 00:00:00+00:00
[2024-04-21T07:31:30.955+0000] {processor.py:183} INFO - Processing /opt/airflow/dags/parser.py took 0.043 seconds
[2024-04-21T07:32:01.028+0000] {processor.py:161} INFO - Started process (PID=96) to work on /opt/airflow/dags/parser.py
[2024-04-21T07:32:01.029+0000] {processor.py:830} INFO - Processing file /opt/airflow/dags/parser.py for tasks to queue
[2024-04-21T07:32:01.030+0000] {logging_mixin.py:188} INFO - [2024-04-21T07:32:01.030+0000] {dagbag.py:540} INFO - Filling up the DagBag from /opt/airflow/dags/parser.py
[2024-04-21T07:32:01.034+0000] {processor.py:840} INFO - DAG(s) 'parser' retrieved from /opt/airflow/dags/parser.py
[2024-04-21T07:32:01.049+0000] {logging_mixin.py:188} INFO - [2024-04-21T07:32:01.049+0000] {dag.py:3096} INFO - Sync 1 DAGs
[2024-04-21T07:32:01.060+0000] {logging_mixin.py:188} INFO - [2024-04-21T07:32:01.060+0000] {dag.py:3954} INFO - Setting next_dagrun for parser to 2023-01-01 00:00:00+00:00, run_after=2023-01-01 00:00:00+00:00
[2024-04-21T07:32:01.069+0000] {processor.py:183} INFO - Processing /opt/airflow/dags/parser.py took 0.044 seconds
[2024-04-21T07:32:31.145+0000] {processor.py:161} INFO - Started process (PID=104) to work on /opt/airflow/dags/parser.py
[2024-04-21T07:32:31.146+0000] {processor.py:830} INFO - Processing file /opt/airflow/dags/parser.py for tasks to queue
[2024-04-21T07:32:31.147+0000] {logging_mixin.py:188} INFO - [2024-04-21T07:32:31.146+0000] {dagbag.py:540} INFO - Filling up the DagBag from /opt/airflow/dags/parser.py
[2024-04-21T07:32:31.151+0000] {processor.py:840} INFO - DAG(s) 'parser' retrieved from /opt/airflow/dags/parser.py
[2024-04-21T07:32:31.164+0000] {logging_mixin.py:188} INFO - [2024-04-21T07:32:31.164+0000] {dag.py:3096} INFO - Sync 1 DAGs
[2024-04-21T07:32:31.175+0000] {logging_mixin.py:188} INFO - [2024-04-21T07:32:31.175+0000] {dag.py:3954} INFO - Setting next_dagrun for parser to 2023-01-01 00:00:00+00:00, run_after=2023-01-01 00:00:00+00:00
[2024-04-21T07:32:31.184+0000] {processor.py:183} INFO - Processing /opt/airflow/dags/parser.py took 0.042 seconds
[2024-04-21T07:33:01.254+0000] {processor.py:161} INFO - Started process (PID=112) to work on /opt/airflow/dags/parser.py
[2024-04-21T07:33:01.255+0000] {processor.py:830} INFO - Processing file /opt/airflow/dags/parser.py for tasks to queue
[2024-04-21T07:33:01.256+0000] {logging_mixin.py:188} INFO - [2024-04-21T07:33:01.256+0000] {dagbag.py:540} INFO - Filling up the DagBag from /opt/airflow/dags/parser.py
[2024-04-21T07:33:01.260+0000] {processor.py:840} INFO - DAG(s) 'parser' retrieved from /opt/airflow/dags/parser.py
[2024-04-21T07:33:01.275+0000] {logging_mixin.py:188} INFO - [2024-04-21T07:33:01.275+0000] {dag.py:3096} INFO - Sync 1 DAGs
[2024-04-21T07:33:01.287+0000] {logging_mixin.py:188} INFO - [2024-04-21T07:33:01.287+0000] {dag.py:3954} INFO - Setting next_dagrun for parser to 2023-01-01 00:00:00+00:00, run_after=2023-01-01 00:00:00+00:00
[2024-04-21T07:33:01.295+0000] {processor.py:183} INFO - Processing /opt/airflow/dags/parser.py took 0.044 seconds
[2024-04-21T07:33:31.369+0000] {processor.py:161} INFO - Started process (PID=120) to work on /opt/airflow/dags/parser.py
[2024-04-21T07:33:31.370+0000] {processor.py:830} INFO - Processing file /opt/airflow/dags/parser.py for tasks to queue
[2024-04-21T07:33:31.371+0000] {logging_mixin.py:188} INFO - [2024-04-21T07:33:31.371+0000] {dagbag.py:540} INFO - Filling up the DagBag from /opt/airflow/dags/parser.py
[2024-04-21T07:33:31.376+0000] {processor.py:840} INFO - DAG(s) 'parser' retrieved from /opt/airflow/dags/parser.py
[2024-04-21T07:33:31.390+0000] {logging_mixin.py:188} INFO - [2024-04-21T07:33:31.390+0000] {dag.py:3096} INFO - Sync 1 DAGs
[2024-04-21T07:33:31.403+0000] {logging_mixin.py:188} INFO - [2024-04-21T07:33:31.402+0000] {dag.py:3954} INFO - Setting next_dagrun for parser to 2023-01-01 00:00:00+00:00, run_after=2023-01-01 00:00:00+00:00
[2024-04-21T07:33:31.413+0000] {processor.py:183} INFO - Processing /opt/airflow/dags/parser.py took 0.047 seconds
[2024-04-21T07:34:01.476+0000] {processor.py:161} INFO - Started process (PID=128) to work on /opt/airflow/dags/parser.py
[2024-04-21T07:34:01.477+0000] {processor.py:830} INFO - Processing file /opt/airflow/dags/parser.py for tasks to queue
[2024-04-21T07:34:01.478+0000] {logging_mixin.py:188} INFO - [2024-04-21T07:34:01.478+0000] {dagbag.py:540} INFO - Filling up the DagBag from /opt/airflow/dags/parser.py
[2024-04-21T07:34:01.483+0000] {processor.py:840} INFO - DAG(s) 'parser' retrieved from /opt/airflow/dags/parser.py
[2024-04-21T07:34:01.498+0000] {logging_mixin.py:188} INFO - [2024-04-21T07:34:01.497+0000] {dag.py:3096} INFO - Sync 1 DAGs
[2024-04-21T07:34:01.509+0000] {logging_mixin.py:188} INFO - [2024-04-21T07:34:01.509+0000] {dag.py:3954} INFO - Setting next_dagrun for parser to 2023-01-01 00:00:00+00:00, run_after=2023-01-01 00:00:00+00:00
[2024-04-21T07:34:01.517+0000] {processor.py:183} INFO - Processing /opt/airflow/dags/parser.py took 0.044 seconds
[2024-04-21T07:34:31.584+0000] {processor.py:161} INFO - Started process (PID=136) to work on /opt/airflow/dags/parser.py
[2024-04-21T07:34:31.585+0000] {processor.py:830} INFO - Processing file /opt/airflow/dags/parser.py for tasks to queue
[2024-04-21T07:34:31.587+0000] {logging_mixin.py:188} INFO - [2024-04-21T07:34:31.587+0000] {dagbag.py:540} INFO - Filling up the DagBag from /opt/airflow/dags/parser.py
[2024-04-21T07:34:31.591+0000] {processor.py:840} INFO - DAG(s) 'parser' retrieved from /opt/airflow/dags/parser.py
[2024-04-21T07:34:31.607+0000] {logging_mixin.py:188} INFO - [2024-04-21T07:34:31.606+0000] {dag.py:3096} INFO - Sync 1 DAGs
[2024-04-21T07:34:31.618+0000] {logging_mixin.py:188} INFO - [2024-04-21T07:34:31.618+0000] {dag.py:3954} INFO - Setting next_dagrun for parser to 2023-01-01 00:00:00+00:00, run_after=2023-01-01 00:00:00+00:00
[2024-04-21T07:34:31.627+0000] {processor.py:183} INFO - Processing /opt/airflow/dags/parser.py took 0.046 seconds
[2024-04-21T07:35:01.687+0000] {processor.py:161} INFO - Started process (PID=144) to work on /opt/airflow/dags/parser.py
[2024-04-21T07:35:01.688+0000] {processor.py:830} INFO - Processing file /opt/airflow/dags/parser.py for tasks to queue
[2024-04-21T07:35:01.689+0000] {logging_mixin.py:188} INFO - [2024-04-21T07:35:01.689+0000] {dagbag.py:540} INFO - Filling up the DagBag from /opt/airflow/dags/parser.py
[2024-04-21T07:35:01.693+0000] {processor.py:840} INFO - DAG(s) 'parser' retrieved from /opt/airflow/dags/parser.py
[2024-04-21T07:35:01.709+0000] {logging_mixin.py:188} INFO - [2024-04-21T07:35:01.709+0000] {dag.py:3096} INFO - Sync 1 DAGs
[2024-04-21T07:35:01.723+0000] {logging_mixin.py:188} INFO - [2024-04-21T07:35:01.722+0000] {dag.py:3954} INFO - Setting next_dagrun for parser to 2023-01-01 00:00:00+00:00, run_after=2023-01-01 00:00:00+00:00
[2024-04-21T07:35:01.731+0000] {processor.py:183} INFO - Processing /opt/airflow/dags/parser.py took 0.047 seconds
[2024-04-21T07:35:31.850+0000] {processor.py:161} INFO - Started process (PID=152) to work on /opt/airflow/dags/parser.py
[2024-04-21T07:35:31.851+0000] {processor.py:830} INFO - Processing file /opt/airflow/dags/parser.py for tasks to queue
[2024-04-21T07:35:31.852+0000] {logging_mixin.py:188} INFO - [2024-04-21T07:35:31.852+0000] {dagbag.py:540} INFO - Filling up the DagBag from /opt/airflow/dags/parser.py
[2024-04-21T07:35:31.856+0000] {processor.py:840} INFO - DAG(s) 'parser' retrieved from /opt/airflow/dags/parser.py
[2024-04-21T07:35:31.874+0000] {logging_mixin.py:188} INFO - [2024-04-21T07:35:31.874+0000] {dag.py:3096} INFO - Sync 1 DAGs
[2024-04-21T07:35:31.887+0000] {logging_mixin.py:188} INFO - [2024-04-21T07:35:31.887+0000] {dag.py:3954} INFO - Setting next_dagrun for parser to 2023-01-01 00:00:00+00:00, run_after=2023-01-01 00:00:00+00:00
[2024-04-21T07:35:31.899+0000] {processor.py:183} INFO - Processing /opt/airflow/dags/parser.py took 0.052 seconds
[2024-04-21T07:36:01.958+0000] {processor.py:161} INFO - Started process (PID=160) to work on /opt/airflow/dags/parser.py
[2024-04-21T07:36:01.960+0000] {processor.py:830} INFO - Processing file /opt/airflow/dags/parser.py for tasks to queue
[2024-04-21T07:36:01.961+0000] {logging_mixin.py:188} INFO - [2024-04-21T07:36:01.961+0000] {dagbag.py:540} INFO - Filling up the DagBag from /opt/airflow/dags/parser.py
[2024-04-21T07:36:01.966+0000] {processor.py:840} INFO - DAG(s) 'parser' retrieved from /opt/airflow/dags/parser.py
[2024-04-21T07:36:01.983+0000] {logging_mixin.py:188} INFO - [2024-04-21T07:36:01.983+0000] {dag.py:3096} INFO - Sync 1 DAGs
[2024-04-21T07:36:01.998+0000] {logging_mixin.py:188} INFO - [2024-04-21T07:36:01.997+0000] {dag.py:3954} INFO - Setting next_dagrun for parser to 2023-01-01 00:00:00+00:00, run_after=2023-01-01 00:00:00+00:00
[2024-04-21T07:36:02.008+0000] {processor.py:183} INFO - Processing /opt/airflow/dags/parser.py took 0.054 seconds
[2024-04-21T18:00:29.595+0000] {processor.py:161} INFO - Started process (PID=40) to work on /opt/airflow/dags/parser.py
[2024-04-21T18:00:29.595+0000] {processor.py:830} INFO - Processing file /opt/airflow/dags/parser.py for tasks to queue
[2024-04-21T18:00:29.597+0000] {logging_mixin.py:188} INFO - [2024-04-21T18:00:29.596+0000] {dagbag.py:540} INFO - Filling up the DagBag from /opt/airflow/dags/parser.py
[2024-04-21T18:00:29.601+0000] {processor.py:840} INFO - DAG(s) 'parser' retrieved from /opt/airflow/dags/parser.py
[2024-04-21T18:00:29.758+0000] {logging_mixin.py:188} INFO - [2024-04-21T18:00:29.758+0000] {dag.py:3096} INFO - Sync 1 DAGs
[2024-04-21T18:00:29.772+0000] {logging_mixin.py:188} INFO - [2024-04-21T18:00:29.772+0000] {dag.py:3954} INFO - Setting next_dagrun for parser to 2023-01-01 00:00:00+00:00, run_after=2023-01-01 00:00:00+00:00
[2024-04-21T18:00:29.783+0000] {processor.py:183} INFO - Processing /opt/airflow/dags/parser.py took 0.191 seconds
[2024-04-21T18:00:59.870+0000] {processor.py:161} INFO - Started process (PID=48) to work on /opt/airflow/dags/parser.py
[2024-04-21T18:00:59.871+0000] {processor.py:830} INFO - Processing file /opt/airflow/dags/parser.py for tasks to queue
[2024-04-21T18:00:59.872+0000] {logging_mixin.py:188} INFO - [2024-04-21T18:00:59.872+0000] {dagbag.py:540} INFO - Filling up the DagBag from /opt/airflow/dags/parser.py
[2024-04-21T18:00:59.877+0000] {processor.py:840} INFO - DAG(s) 'parser' retrieved from /opt/airflow/dags/parser.py
[2024-04-21T18:00:59.894+0000] {logging_mixin.py:188} INFO - [2024-04-21T18:00:59.894+0000] {dag.py:3096} INFO - Sync 1 DAGs
[2024-04-21T18:00:59.907+0000] {logging_mixin.py:188} INFO - [2024-04-21T18:00:59.907+0000] {dag.py:3954} INFO - Setting next_dagrun for parser to 2023-01-01 00:00:00+00:00, run_after=2023-01-01 00:00:00+00:00
[2024-04-21T18:00:59.916+0000] {processor.py:183} INFO - Processing /opt/airflow/dags/parser.py took 0.049 seconds
[2024-04-21T18:01:29.969+0000] {processor.py:161} INFO - Started process (PID=56) to work on /opt/airflow/dags/parser.py
[2024-04-21T18:01:29.970+0000] {processor.py:830} INFO - Processing file /opt/airflow/dags/parser.py for tasks to queue
[2024-04-21T18:01:29.971+0000] {logging_mixin.py:188} INFO - [2024-04-21T18:01:29.971+0000] {dagbag.py:540} INFO - Filling up the DagBag from /opt/airflow/dags/parser.py
[2024-04-21T18:01:29.978+0000] {processor.py:840} INFO - DAG(s) 'parser' retrieved from /opt/airflow/dags/parser.py
[2024-04-21T18:01:29.995+0000] {logging_mixin.py:188} INFO - [2024-04-21T18:01:29.995+0000] {dag.py:3096} INFO - Sync 1 DAGs
[2024-04-21T18:01:30.006+0000] {logging_mixin.py:188} INFO - [2024-04-21T18:01:30.006+0000] {dag.py:3954} INFO - Setting next_dagrun for parser to 2023-01-01 00:00:00+00:00, run_after=2023-01-01 00:00:00+00:00
[2024-04-21T18:01:30.015+0000] {processor.py:183} INFO - Processing /opt/airflow/dags/parser.py took 0.049 seconds
[2024-04-21T18:02:00.135+0000] {processor.py:161} INFO - Started process (PID=64) to work on /opt/airflow/dags/parser.py
[2024-04-21T18:02:00.135+0000] {processor.py:830} INFO - Processing file /opt/airflow/dags/parser.py for tasks to queue
[2024-04-21T18:02:00.136+0000] {logging_mixin.py:188} INFO - [2024-04-21T18:02:00.136+0000] {dagbag.py:540} INFO - Filling up the DagBag from /opt/airflow/dags/parser.py
[2024-04-21T18:02:00.141+0000] {processor.py:840} INFO - DAG(s) 'parser' retrieved from /opt/airflow/dags/parser.py
[2024-04-21T18:02:00.156+0000] {logging_mixin.py:188} INFO - [2024-04-21T18:02:00.156+0000] {dag.py:3096} INFO - Sync 1 DAGs
[2024-04-21T18:02:00.168+0000] {logging_mixin.py:188} INFO - [2024-04-21T18:02:00.167+0000] {dag.py:3954} INFO - Setting next_dagrun for parser to 2023-01-01 00:00:00+00:00, run_after=2023-01-01 00:00:00+00:00
[2024-04-21T18:02:00.177+0000] {processor.py:183} INFO - Processing /opt/airflow/dags/parser.py took 0.045 seconds
[2024-04-21T18:02:30.234+0000] {processor.py:161} INFO - Started process (PID=72) to work on /opt/airflow/dags/parser.py
[2024-04-21T18:02:30.235+0000] {processor.py:830} INFO - Processing file /opt/airflow/dags/parser.py for tasks to queue
[2024-04-21T18:02:30.236+0000] {logging_mixin.py:188} INFO - [2024-04-21T18:02:30.236+0000] {dagbag.py:540} INFO - Filling up the DagBag from /opt/airflow/dags/parser.py
[2024-04-21T18:02:30.241+0000] {processor.py:840} INFO - DAG(s) 'parser' retrieved from /opt/airflow/dags/parser.py
[2024-04-21T18:02:30.258+0000] {logging_mixin.py:188} INFO - [2024-04-21T18:02:30.257+0000] {dag.py:3096} INFO - Sync 1 DAGs
[2024-04-21T18:02:30.270+0000] {logging_mixin.py:188} INFO - [2024-04-21T18:02:30.270+0000] {dag.py:3954} INFO - Setting next_dagrun for parser to 2023-01-01 00:00:00+00:00, run_after=2023-01-01 00:00:00+00:00
[2024-04-21T18:02:30.281+0000] {processor.py:183} INFO - Processing /opt/airflow/dags/parser.py took 0.050 seconds
[2024-04-21T18:03:00.393+0000] {processor.py:161} INFO - Started process (PID=80) to work on /opt/airflow/dags/parser.py
[2024-04-21T18:03:00.393+0000] {processor.py:830} INFO - Processing file /opt/airflow/dags/parser.py for tasks to queue
[2024-04-21T18:03:00.394+0000] {logging_mixin.py:188} INFO - [2024-04-21T18:03:00.394+0000] {dagbag.py:540} INFO - Filling up the DagBag from /opt/airflow/dags/parser.py
[2024-04-21T18:03:00.399+0000] {processor.py:840} INFO - DAG(s) 'parser' retrieved from /opt/airflow/dags/parser.py
[2024-04-21T18:03:00.414+0000] {logging_mixin.py:188} INFO - [2024-04-21T18:03:00.414+0000] {dag.py:3096} INFO - Sync 1 DAGs
[2024-04-21T18:03:00.427+0000] {logging_mixin.py:188} INFO - [2024-04-21T18:03:00.427+0000] {dag.py:3954} INFO - Setting next_dagrun for parser to 2023-01-01 00:00:00+00:00, run_after=2023-01-01 00:00:00+00:00
[2024-04-21T18:03:00.435+0000] {processor.py:183} INFO - Processing /opt/airflow/dags/parser.py took 0.045 seconds
[2024-04-21T18:03:30.490+0000] {processor.py:161} INFO - Started process (PID=88) to work on /opt/airflow/dags/parser.py
[2024-04-21T18:03:30.491+0000] {processor.py:830} INFO - Processing file /opt/airflow/dags/parser.py for tasks to queue
[2024-04-21T18:03:30.492+0000] {logging_mixin.py:188} INFO - [2024-04-21T18:03:30.492+0000] {dagbag.py:540} INFO - Filling up the DagBag from /opt/airflow/dags/parser.py
[2024-04-21T18:03:30.497+0000] {processor.py:840} INFO - DAG(s) 'parser' retrieved from /opt/airflow/dags/parser.py
[2024-04-21T18:03:30.514+0000] {logging_mixin.py:188} INFO - [2024-04-21T18:03:30.513+0000] {dag.py:3096} INFO - Sync 1 DAGs
[2024-04-21T18:03:30.526+0000] {logging_mixin.py:188} INFO - [2024-04-21T18:03:30.526+0000] {dag.py:3954} INFO - Setting next_dagrun for parser to 2023-01-01 00:00:00+00:00, run_after=2023-01-01 00:00:00+00:00
[2024-04-21T18:03:30.535+0000] {processor.py:183} INFO - Processing /opt/airflow/dags/parser.py took 0.049 seconds
[2024-04-21T18:04:00.597+0000] {processor.py:161} INFO - Started process (PID=96) to work on /opt/airflow/dags/parser.py
[2024-04-21T18:04:00.597+0000] {processor.py:830} INFO - Processing file /opt/airflow/dags/parser.py for tasks to queue
[2024-04-21T18:04:00.598+0000] {logging_mixin.py:188} INFO - [2024-04-21T18:04:00.598+0000] {dagbag.py:540} INFO - Filling up the DagBag from /opt/airflow/dags/parser.py
[2024-04-21T18:04:00.602+0000] {processor.py:840} INFO - DAG(s) 'parser' retrieved from /opt/airflow/dags/parser.py
[2024-04-21T18:04:00.620+0000] {logging_mixin.py:188} INFO - [2024-04-21T18:04:00.620+0000] {dag.py:3096} INFO - Sync 1 DAGs
[2024-04-21T18:04:00.631+0000] {logging_mixin.py:188} INFO - [2024-04-21T18:04:00.631+0000] {dag.py:3954} INFO - Setting next_dagrun for parser to 2023-01-01 00:00:00+00:00, run_after=2023-01-01 00:00:00+00:00
[2024-04-21T18:04:00.640+0000] {processor.py:183} INFO - Processing /opt/airflow/dags/parser.py took 0.047 seconds
[2024-04-21T18:04:30.701+0000] {processor.py:161} INFO - Started process (PID=104) to work on /opt/airflow/dags/parser.py
[2024-04-21T18:04:30.701+0000] {processor.py:830} INFO - Processing file /opt/airflow/dags/parser.py for tasks to queue
[2024-04-21T18:04:30.702+0000] {logging_mixin.py:188} INFO - [2024-04-21T18:04:30.702+0000] {dagbag.py:540} INFO - Filling up the DagBag from /opt/airflow/dags/parser.py
[2024-04-21T18:04:30.707+0000] {processor.py:840} INFO - DAG(s) 'parser' retrieved from /opt/airflow/dags/parser.py
[2024-04-21T18:04:30.724+0000] {logging_mixin.py:188} INFO - [2024-04-21T18:04:30.724+0000] {dag.py:3096} INFO - Sync 1 DAGs
[2024-04-21T18:04:30.737+0000] {logging_mixin.py:188} INFO - [2024-04-21T18:04:30.737+0000] {dag.py:3954} INFO - Setting next_dagrun for parser to 2023-01-01 00:00:00+00:00, run_after=2023-01-01 00:00:00+00:00
[2024-04-21T18:04:30.747+0000] {processor.py:183} INFO - Processing /opt/airflow/dags/parser.py took 0.049 seconds
[2024-04-21T18:05:00.809+0000] {processor.py:161} INFO - Started process (PID=112) to work on /opt/airflow/dags/parser.py
[2024-04-21T18:05:00.810+0000] {processor.py:830} INFO - Processing file /opt/airflow/dags/parser.py for tasks to queue
[2024-04-21T18:05:00.811+0000] {logging_mixin.py:188} INFO - [2024-04-21T18:05:00.810+0000] {dagbag.py:540} INFO - Filling up the DagBag from /opt/airflow/dags/parser.py
[2024-04-21T18:05:00.815+0000] {processor.py:840} INFO - DAG(s) 'parser' retrieved from /opt/airflow/dags/parser.py
[2024-04-21T18:05:00.834+0000] {logging_mixin.py:188} INFO - [2024-04-21T18:05:00.834+0000] {dag.py:3096} INFO - Sync 1 DAGs
[2024-04-21T18:05:00.849+0000] {logging_mixin.py:188} INFO - [2024-04-21T18:05:00.849+0000] {dag.py:3954} INFO - Setting next_dagrun for parser to 2023-01-01 00:00:00+00:00, run_after=2023-01-01 00:00:00+00:00
[2024-04-21T18:05:00.858+0000] {processor.py:183} INFO - Processing /opt/airflow/dags/parser.py took 0.052 seconds
[2024-04-21T18:05:30.926+0000] {processor.py:161} INFO - Started process (PID=120) to work on /opt/airflow/dags/parser.py
[2024-04-21T18:05:30.926+0000] {processor.py:830} INFO - Processing file /opt/airflow/dags/parser.py for tasks to queue
[2024-04-21T18:05:30.927+0000] {logging_mixin.py:188} INFO - [2024-04-21T18:05:30.927+0000] {dagbag.py:540} INFO - Filling up the DagBag from /opt/airflow/dags/parser.py
[2024-04-21T18:05:30.932+0000] {processor.py:840} INFO - DAG(s) 'parser' retrieved from /opt/airflow/dags/parser.py
[2024-04-21T18:05:30.946+0000] {logging_mixin.py:188} INFO - [2024-04-21T18:05:30.946+0000] {dag.py:3096} INFO - Sync 1 DAGs
[2024-04-21T18:05:30.958+0000] {logging_mixin.py:188} INFO - [2024-04-21T18:05:30.958+0000] {dag.py:3954} INFO - Setting next_dagrun for parser to 2023-01-01 00:00:00+00:00, run_after=2023-01-01 00:00:00+00:00
[2024-04-21T18:05:30.968+0000] {processor.py:183} INFO - Processing /opt/airflow/dags/parser.py took 0.045 seconds
[2024-04-21T18:06:01.028+0000] {processor.py:161} INFO - Started process (PID=128) to work on /opt/airflow/dags/parser.py
[2024-04-21T18:06:01.028+0000] {processor.py:830} INFO - Processing file /opt/airflow/dags/parser.py for tasks to queue
[2024-04-21T18:06:01.030+0000] {logging_mixin.py:188} INFO - [2024-04-21T18:06:01.030+0000] {dagbag.py:540} INFO - Filling up the DagBag from /opt/airflow/dags/parser.py
[2024-04-21T18:06:01.034+0000] {processor.py:840} INFO - DAG(s) 'parser' retrieved from /opt/airflow/dags/parser.py
[2024-04-21T18:06:01.050+0000] {logging_mixin.py:188} INFO - [2024-04-21T18:06:01.050+0000] {dag.py:3096} INFO - Sync 1 DAGs
[2024-04-21T18:06:01.062+0000] {logging_mixin.py:188} INFO - [2024-04-21T18:06:01.062+0000] {dag.py:3954} INFO - Setting next_dagrun for parser to 2023-01-01 00:00:00+00:00, run_after=2023-01-01 00:00:00+00:00
[2024-04-21T18:06:01.071+0000] {processor.py:183} INFO - Processing /opt/airflow/dags/parser.py took 0.046 seconds
[2024-04-21T18:06:31.135+0000] {processor.py:161} INFO - Started process (PID=136) to work on /opt/airflow/dags/parser.py
[2024-04-21T18:06:31.136+0000] {processor.py:830} INFO - Processing file /opt/airflow/dags/parser.py for tasks to queue
[2024-04-21T18:06:31.137+0000] {logging_mixin.py:188} INFO - [2024-04-21T18:06:31.137+0000] {dagbag.py:540} INFO - Filling up the DagBag from /opt/airflow/dags/parser.py
[2024-04-21T18:06:31.142+0000] {processor.py:840} INFO - DAG(s) 'parser' retrieved from /opt/airflow/dags/parser.py
[2024-04-21T18:06:31.158+0000] {logging_mixin.py:188} INFO - [2024-04-21T18:06:31.158+0000] {dag.py:3096} INFO - Sync 1 DAGs
[2024-04-21T18:06:31.171+0000] {logging_mixin.py:188} INFO - [2024-04-21T18:06:31.171+0000] {dag.py:3954} INFO - Setting next_dagrun for parser to 2023-01-01 00:00:00+00:00, run_after=2023-01-01 00:00:00+00:00
[2024-04-21T18:06:31.180+0000] {processor.py:183} INFO - Processing /opt/airflow/dags/parser.py took 0.048 seconds
[2024-04-21T18:07:01.294+0000] {processor.py:161} INFO - Started process (PID=144) to work on /opt/airflow/dags/parser.py
[2024-04-21T18:07:01.295+0000] {processor.py:830} INFO - Processing file /opt/airflow/dags/parser.py for tasks to queue
[2024-04-21T18:07:01.296+0000] {logging_mixin.py:188} INFO - [2024-04-21T18:07:01.296+0000] {dagbag.py:540} INFO - Filling up the DagBag from /opt/airflow/dags/parser.py
[2024-04-21T18:07:01.300+0000] {processor.py:840} INFO - DAG(s) 'parser' retrieved from /opt/airflow/dags/parser.py
[2024-04-21T18:07:01.317+0000] {logging_mixin.py:188} INFO - [2024-04-21T18:07:01.317+0000] {dag.py:3096} INFO - Sync 1 DAGs
[2024-04-21T18:07:01.329+0000] {logging_mixin.py:188} INFO - [2024-04-21T18:07:01.329+0000] {dag.py:3954} INFO - Setting next_dagrun for parser to 2023-01-01 00:00:00+00:00, run_after=2023-01-01 00:00:00+00:00
[2024-04-21T18:07:01.338+0000] {processor.py:183} INFO - Processing /opt/airflow/dags/parser.py took 0.047 seconds
[2024-04-21T18:07:31.399+0000] {processor.py:161} INFO - Started process (PID=152) to work on /opt/airflow/dags/parser.py
[2024-04-21T18:07:31.400+0000] {processor.py:830} INFO - Processing file /opt/airflow/dags/parser.py for tasks to queue
[2024-04-21T18:07:31.402+0000] {logging_mixin.py:188} INFO - [2024-04-21T18:07:31.402+0000] {dagbag.py:540} INFO - Filling up the DagBag from /opt/airflow/dags/parser.py
[2024-04-21T18:07:31.407+0000] {processor.py:840} INFO - DAG(s) 'parser' retrieved from /opt/airflow/dags/parser.py
[2024-04-21T18:07:31.423+0000] {logging_mixin.py:188} INFO - [2024-04-21T18:07:31.423+0000] {dag.py:3096} INFO - Sync 1 DAGs
[2024-04-21T18:07:31.435+0000] {logging_mixin.py:188} INFO - [2024-04-21T18:07:31.435+0000] {dag.py:3954} INFO - Setting next_dagrun for parser to 2023-01-01 00:00:00+00:00, run_after=2023-01-01 00:00:00+00:00
[2024-04-21T18:07:31.444+0000] {processor.py:183} INFO - Processing /opt/airflow/dags/parser.py took 0.049 seconds
[2024-04-21T18:08:01.558+0000] {processor.py:161} INFO - Started process (PID=160) to work on /opt/airflow/dags/parser.py
[2024-04-21T18:08:01.568+0000] {processor.py:830} INFO - Processing file /opt/airflow/dags/parser.py for tasks to queue
[2024-04-21T18:08:01.569+0000] {logging_mixin.py:188} INFO - [2024-04-21T18:08:01.569+0000] {dagbag.py:540} INFO - Filling up the DagBag from /opt/airflow/dags/parser.py
[2024-04-21T18:08:01.574+0000] {processor.py:840} INFO - DAG(s) 'parser' retrieved from /opt/airflow/dags/parser.py
[2024-04-21T18:08:01.591+0000] {logging_mixin.py:188} INFO - [2024-04-21T18:08:01.591+0000] {dag.py:3096} INFO - Sync 1 DAGs
[2024-04-21T18:08:01.602+0000] {logging_mixin.py:188} INFO - [2024-04-21T18:08:01.602+0000] {dag.py:3954} INFO - Setting next_dagrun for parser to 2023-01-01 00:00:00+00:00, run_after=2023-01-01 00:00:00+00:00
[2024-04-21T18:08:01.612+0000] {processor.py:183} INFO - Processing /opt/airflow/dags/parser.py took 0.058 seconds
[2024-04-21T18:09:08.923+0000] {processor.py:161} INFO - Started process (PID=40) to work on /opt/airflow/dags/parser.py
[2024-04-21T18:09:08.929+0000] {processor.py:830} INFO - Processing file /opt/airflow/dags/parser.py for tasks to queue
[2024-04-21T18:09:08.930+0000] {logging_mixin.py:188} INFO - [2024-04-21T18:09:08.930+0000] {dagbag.py:540} INFO - Filling up the DagBag from /opt/airflow/dags/parser.py
[2024-04-21T18:09:08.935+0000] {processor.py:840} INFO - DAG(s) 'parser' retrieved from /opt/airflow/dags/parser.py
[2024-04-21T18:09:09.021+0000] {logging_mixin.py:188} INFO - [2024-04-21T18:09:09.020+0000] {dag.py:3096} INFO - Sync 1 DAGs
[2024-04-21T18:09:09.036+0000] {logging_mixin.py:188} INFO - [2024-04-21T18:09:09.036+0000] {dag.py:3954} INFO - Setting next_dagrun for parser to 2023-01-01 00:00:00+00:00, run_after=2023-01-01 00:00:00+00:00
[2024-04-21T18:09:09.054+0000] {processor.py:183} INFO - Processing /opt/airflow/dags/parser.py took 0.134 seconds
[2024-04-21T18:09:39.170+0000] {processor.py:161} INFO - Started process (PID=48) to work on /opt/airflow/dags/parser.py
[2024-04-21T18:09:39.171+0000] {processor.py:830} INFO - Processing file /opt/airflow/dags/parser.py for tasks to queue
[2024-04-21T18:09:39.172+0000] {logging_mixin.py:188} INFO - [2024-04-21T18:09:39.172+0000] {dagbag.py:540} INFO - Filling up the DagBag from /opt/airflow/dags/parser.py
[2024-04-21T18:09:39.176+0000] {processor.py:840} INFO - DAG(s) 'parser' retrieved from /opt/airflow/dags/parser.py
[2024-04-21T18:09:39.193+0000] {logging_mixin.py:188} INFO - [2024-04-21T18:09:39.193+0000] {dag.py:3096} INFO - Sync 1 DAGs
[2024-04-21T18:09:39.206+0000] {logging_mixin.py:188} INFO - [2024-04-21T18:09:39.206+0000] {dag.py:3954} INFO - Setting next_dagrun for parser to 2023-01-01 00:00:00+00:00, run_after=2023-01-01 00:00:00+00:00
[2024-04-21T18:09:39.216+0000] {processor.py:183} INFO - Processing /opt/airflow/dags/parser.py took 0.049 seconds
[2024-04-21T18:10:09.272+0000] {processor.py:161} INFO - Started process (PID=56) to work on /opt/airflow/dags/parser.py
[2024-04-21T18:10:09.272+0000] {processor.py:830} INFO - Processing file /opt/airflow/dags/parser.py for tasks to queue
[2024-04-21T18:10:09.273+0000] {logging_mixin.py:188} INFO - [2024-04-21T18:10:09.273+0000] {dagbag.py:540} INFO - Filling up the DagBag from /opt/airflow/dags/parser.py
[2024-04-21T18:10:09.277+0000] {processor.py:840} INFO - DAG(s) 'parser' retrieved from /opt/airflow/dags/parser.py
[2024-04-21T18:10:09.295+0000] {logging_mixin.py:188} INFO - [2024-04-21T18:10:09.295+0000] {dag.py:3096} INFO - Sync 1 DAGs
[2024-04-21T18:10:09.307+0000] {logging_mixin.py:188} INFO - [2024-04-21T18:10:09.307+0000] {dag.py:3954} INFO - Setting next_dagrun for parser to 2023-01-01 00:00:00+00:00, run_after=2023-01-01 00:00:00+00:00
[2024-04-21T18:10:09.316+0000] {processor.py:183} INFO - Processing /opt/airflow/dags/parser.py took 0.048 seconds
[2024-04-21T18:10:39.431+0000] {processor.py:161} INFO - Started process (PID=64) to work on /opt/airflow/dags/parser.py
[2024-04-21T18:10:39.432+0000] {processor.py:830} INFO - Processing file /opt/airflow/dags/parser.py for tasks to queue
[2024-04-21T18:10:39.433+0000] {logging_mixin.py:188} INFO - [2024-04-21T18:10:39.433+0000] {dagbag.py:540} INFO - Filling up the DagBag from /opt/airflow/dags/parser.py
[2024-04-21T18:10:39.437+0000] {processor.py:840} INFO - DAG(s) 'parser' retrieved from /opt/airflow/dags/parser.py
[2024-04-21T18:10:39.453+0000] {logging_mixin.py:188} INFO - [2024-04-21T18:10:39.453+0000] {dag.py:3096} INFO - Sync 1 DAGs
[2024-04-21T18:10:39.466+0000] {logging_mixin.py:188} INFO - [2024-04-21T18:10:39.466+0000] {dag.py:3954} INFO - Setting next_dagrun for parser to 2023-01-01 00:00:00+00:00, run_after=2023-01-01 00:00:00+00:00
[2024-04-21T18:10:39.475+0000] {processor.py:183} INFO - Processing /opt/airflow/dags/parser.py took 0.047 seconds
[2024-04-21T18:11:09.590+0000] {processor.py:161} INFO - Started process (PID=72) to work on /opt/airflow/dags/parser.py
[2024-04-21T18:11:09.591+0000] {processor.py:830} INFO - Processing file /opt/airflow/dags/parser.py for tasks to queue
[2024-04-21T18:11:09.592+0000] {logging_mixin.py:188} INFO - [2024-04-21T18:11:09.591+0000] {dagbag.py:540} INFO - Filling up the DagBag from /opt/airflow/dags/parser.py
[2024-04-21T18:11:09.596+0000] {processor.py:840} INFO - DAG(s) 'parser' retrieved from /opt/airflow/dags/parser.py
[2024-04-21T18:11:09.613+0000] {logging_mixin.py:188} INFO - [2024-04-21T18:11:09.613+0000] {dag.py:3096} INFO - Sync 1 DAGs
[2024-04-21T18:11:09.626+0000] {logging_mixin.py:188} INFO - [2024-04-21T18:11:09.626+0000] {dag.py:3954} INFO - Setting next_dagrun for parser to 2023-01-01 00:00:00+00:00, run_after=2023-01-01 00:00:00+00:00
[2024-04-21T18:11:09.635+0000] {processor.py:183} INFO - Processing /opt/airflow/dags/parser.py took 0.048 seconds
[2024-04-21T18:11:39.747+0000] {processor.py:161} INFO - Started process (PID=80) to work on /opt/airflow/dags/parser.py
[2024-04-21T18:11:39.748+0000] {processor.py:830} INFO - Processing file /opt/airflow/dags/parser.py for tasks to queue
[2024-04-21T18:11:39.749+0000] {logging_mixin.py:188} INFO - [2024-04-21T18:11:39.749+0000] {dagbag.py:540} INFO - Filling up the DagBag from /opt/airflow/dags/parser.py
[2024-04-21T18:11:39.753+0000] {processor.py:840} INFO - DAG(s) 'parser' retrieved from /opt/airflow/dags/parser.py
[2024-04-21T18:11:39.770+0000] {logging_mixin.py:188} INFO - [2024-04-21T18:11:39.769+0000] {dag.py:3096} INFO - Sync 1 DAGs
[2024-04-21T18:11:39.782+0000] {logging_mixin.py:188} INFO - [2024-04-21T18:11:39.782+0000] {dag.py:3954} INFO - Setting next_dagrun for parser to 2023-01-01 00:00:00+00:00, run_after=2023-01-01 00:00:00+00:00
[2024-04-21T18:11:39.791+0000] {processor.py:183} INFO - Processing /opt/airflow/dags/parser.py took 0.047 seconds
[2024-04-21T18:12:09.852+0000] {processor.py:161} INFO - Started process (PID=88) to work on /opt/airflow/dags/parser.py
[2024-04-21T18:12:09.852+0000] {processor.py:830} INFO - Processing file /opt/airflow/dags/parser.py for tasks to queue
[2024-04-21T18:12:09.854+0000] {logging_mixin.py:188} INFO - [2024-04-21T18:12:09.854+0000] {dagbag.py:540} INFO - Filling up the DagBag from /opt/airflow/dags/parser.py
[2024-04-21T18:12:09.858+0000] {processor.py:840} INFO - DAG(s) 'parser' retrieved from /opt/airflow/dags/parser.py
[2024-04-21T18:12:09.872+0000] {logging_mixin.py:188} INFO - [2024-04-21T18:12:09.872+0000] {dag.py:3096} INFO - Sync 1 DAGs
[2024-04-21T18:12:09.885+0000] {logging_mixin.py:188} INFO - [2024-04-21T18:12:09.885+0000] {dag.py:3954} INFO - Setting next_dagrun for parser to 2023-01-01 00:00:00+00:00, run_after=2023-01-01 00:00:00+00:00
[2024-04-21T18:12:09.894+0000] {processor.py:183} INFO - Processing /opt/airflow/dags/parser.py took 0.045 seconds
[2024-04-21T18:19:02.632+0000] {processor.py:161} INFO - Started process (PID=40) to work on /opt/airflow/dags/parser.py
[2024-04-21T18:19:02.632+0000] {processor.py:830} INFO - Processing file /opt/airflow/dags/parser.py for tasks to queue
[2024-04-21T18:19:02.634+0000] {logging_mixin.py:188} INFO - [2024-04-21T18:19:02.633+0000] {dagbag.py:540} INFO - Filling up the DagBag from /opt/airflow/dags/parser.py
[2024-04-21T18:19:02.642+0000] {processor.py:840} INFO - DAG(s) 'parser' retrieved from /opt/airflow/dags/parser.py
[2024-04-21T18:19:02.798+0000] {logging_mixin.py:188} INFO - [2024-04-21T18:19:02.797+0000] {dag.py:3096} INFO - Sync 1 DAGs
[2024-04-21T18:19:02.811+0000] {logging_mixin.py:188} INFO - [2024-04-21T18:19:02.811+0000] {dag.py:3954} INFO - Setting next_dagrun for parser to 2023-01-01 00:00:00+00:00, run_after=2023-01-01 00:00:00+00:00
[2024-04-21T18:19:02.826+0000] {processor.py:183} INFO - Processing /opt/airflow/dags/parser.py took 0.198 seconds
[2024-04-21T18:19:33.761+0000] {processor.py:161} INFO - Started process (PID=48) to work on /opt/airflow/dags/parser.py
[2024-04-21T18:19:33.761+0000] {processor.py:830} INFO - Processing file /opt/airflow/dags/parser.py for tasks to queue
[2024-04-21T18:19:33.762+0000] {logging_mixin.py:188} INFO - [2024-04-21T18:19:33.762+0000] {dagbag.py:540} INFO - Filling up the DagBag from /opt/airflow/dags/parser.py
[2024-04-21T18:19:33.767+0000] {processor.py:840} INFO - DAG(s) 'parser' retrieved from /opt/airflow/dags/parser.py
[2024-04-21T18:19:33.786+0000] {logging_mixin.py:188} INFO - [2024-04-21T18:19:33.785+0000] {dag.py:3096} INFO - Sync 1 DAGs
[2024-04-21T18:19:33.798+0000] {logging_mixin.py:188} INFO - [2024-04-21T18:19:33.797+0000] {dag.py:3954} INFO - Setting next_dagrun for parser to 2023-01-01 00:00:00+00:00, run_after=2023-01-01 00:00:00+00:00
[2024-04-21T18:19:33.806+0000] {processor.py:183} INFO - Processing /opt/airflow/dags/parser.py took 0.049 seconds
[2024-04-21T18:23:21.346+0000] {processor.py:161} INFO - Started process (PID=40) to work on /opt/airflow/dags/parser.py
[2024-04-21T18:23:21.347+0000] {processor.py:830} INFO - Processing file /opt/airflow/dags/parser.py for tasks to queue
[2024-04-21T18:23:21.348+0000] {logging_mixin.py:188} INFO - [2024-04-21T18:23:21.348+0000] {dagbag.py:540} INFO - Filling up the DagBag from /opt/airflow/dags/parser.py
[2024-04-21T18:23:21.356+0000] {processor.py:840} INFO - DAG(s) 'parser' retrieved from /opt/airflow/dags/parser.py
[2024-04-21T18:23:21.509+0000] {logging_mixin.py:188} INFO - [2024-04-21T18:23:21.509+0000] {dag.py:3096} INFO - Sync 1 DAGs
[2024-04-21T18:23:21.522+0000] {logging_mixin.py:188} INFO - [2024-04-21T18:23:21.522+0000] {dag.py:3954} INFO - Setting next_dagrun for parser to 2023-01-01 00:00:00+00:00, run_after=2023-01-01 00:00:00+00:00
[2024-04-21T18:23:21.538+0000] {processor.py:183} INFO - Processing /opt/airflow/dags/parser.py took 0.195 seconds
[2024-04-21T18:23:52.473+0000] {processor.py:161} INFO - Started process (PID=48) to work on /opt/airflow/dags/parser.py
[2024-04-21T18:23:52.474+0000] {processor.py:830} INFO - Processing file /opt/airflow/dags/parser.py for tasks to queue
[2024-04-21T18:23:52.475+0000] {logging_mixin.py:188} INFO - [2024-04-21T18:23:52.474+0000] {dagbag.py:540} INFO - Filling up the DagBag from /opt/airflow/dags/parser.py
[2024-04-21T18:23:52.480+0000] {processor.py:840} INFO - DAG(s) 'parser' retrieved from /opt/airflow/dags/parser.py
[2024-04-21T18:23:52.499+0000] {logging_mixin.py:188} INFO - [2024-04-21T18:23:52.498+0000] {dag.py:3096} INFO - Sync 1 DAGs
[2024-04-21T18:23:52.511+0000] {logging_mixin.py:188} INFO - [2024-04-21T18:23:52.511+0000] {dag.py:3954} INFO - Setting next_dagrun for parser to 2023-01-01 00:00:00+00:00, run_after=2023-01-01 00:00:00+00:00
[2024-04-21T18:23:52.520+0000] {processor.py:183} INFO - Processing /opt/airflow/dags/parser.py took 0.051 seconds
[2024-04-21T18:24:22.602+0000] {processor.py:161} INFO - Started process (PID=56) to work on /opt/airflow/dags/parser.py
[2024-04-21T18:24:22.603+0000] {processor.py:830} INFO - Processing file /opt/airflow/dags/parser.py for tasks to queue
[2024-04-21T18:24:22.607+0000] {logging_mixin.py:188} INFO - [2024-04-21T18:24:22.607+0000] {dagbag.py:540} INFO - Filling up the DagBag from /opt/airflow/dags/parser.py
[2024-04-21T18:24:22.612+0000] {processor.py:840} INFO - DAG(s) 'parser' retrieved from /opt/airflow/dags/parser.py
[2024-04-21T18:24:22.628+0000] {logging_mixin.py:188} INFO - [2024-04-21T18:24:22.628+0000] {dag.py:3096} INFO - Sync 1 DAGs
[2024-04-21T18:24:22.639+0000] {logging_mixin.py:188} INFO - [2024-04-21T18:24:22.639+0000] {dag.py:3954} INFO - Setting next_dagrun for parser to 2023-01-01 00:00:00+00:00, run_after=2023-01-01 00:00:00+00:00
[2024-04-21T18:24:22.648+0000] {processor.py:183} INFO - Processing /opt/airflow/dags/parser.py took 0.050 seconds
[2024-04-21T18:25:19.819+0000] {processor.py:161} INFO - Started process (PID=40) to work on /opt/airflow/dags/parser.py
[2024-04-21T18:25:19.819+0000] {processor.py:830} INFO - Processing file /opt/airflow/dags/parser.py for tasks to queue
[2024-04-21T18:25:19.821+0000] {logging_mixin.py:188} INFO - [2024-04-21T18:25:19.820+0000] {dagbag.py:540} INFO - Filling up the DagBag from /opt/airflow/dags/parser.py
[2024-04-21T18:25:19.828+0000] {processor.py:840} INFO - DAG(s) 'parser' retrieved from /opt/airflow/dags/parser.py
[2024-04-21T18:25:19.983+0000] {logging_mixin.py:188} INFO - [2024-04-21T18:25:19.983+0000] {dag.py:3096} INFO - Sync 1 DAGs
[2024-04-21T18:25:19.997+0000] {logging_mixin.py:188} INFO - [2024-04-21T18:25:19.997+0000] {dag.py:3954} INFO - Setting next_dagrun for parser to 2023-01-01 00:00:00+00:00, run_after=2023-01-01 00:00:00+00:00
[2024-04-21T18:25:20.013+0000] {processor.py:183} INFO - Processing /opt/airflow/dags/parser.py took 0.198 seconds
[2024-04-21T18:25:50.953+0000] {processor.py:161} INFO - Started process (PID=48) to work on /opt/airflow/dags/parser.py
[2024-04-21T18:25:50.953+0000] {processor.py:830} INFO - Processing file /opt/airflow/dags/parser.py for tasks to queue
[2024-04-21T18:25:50.954+0000] {logging_mixin.py:188} INFO - [2024-04-21T18:25:50.954+0000] {dagbag.py:540} INFO - Filling up the DagBag from /opt/airflow/dags/parser.py
[2024-04-21T18:25:50.961+0000] {processor.py:840} INFO - DAG(s) 'parser' retrieved from /opt/airflow/dags/parser.py
[2024-04-21T18:25:50.984+0000] {logging_mixin.py:188} INFO - [2024-04-21T18:25:50.983+0000] {dag.py:3096} INFO - Sync 1 DAGs
[2024-04-21T18:25:50.997+0000] {logging_mixin.py:188} INFO - [2024-04-21T18:25:50.997+0000] {dag.py:3954} INFO - Setting next_dagrun for parser to 2023-01-01 00:00:00+00:00, run_after=2023-01-01 00:00:00+00:00
[2024-04-21T18:25:51.009+0000] {processor.py:183} INFO - Processing /opt/airflow/dags/parser.py took 0.060 seconds
[2024-04-21T18:26:21.097+0000] {processor.py:161} INFO - Started process (PID=56) to work on /opt/airflow/dags/parser.py
[2024-04-21T18:26:21.104+0000] {processor.py:830} INFO - Processing file /opt/airflow/dags/parser.py for tasks to queue
[2024-04-21T18:26:21.108+0000] {logging_mixin.py:188} INFO - [2024-04-21T18:26:21.108+0000] {dagbag.py:540} INFO - Filling up the DagBag from /opt/airflow/dags/parser.py
[2024-04-21T18:26:21.113+0000] {processor.py:840} INFO - DAG(s) 'parser' retrieved from /opt/airflow/dags/parser.py
[2024-04-21T18:26:21.130+0000] {logging_mixin.py:188} INFO - [2024-04-21T18:26:21.130+0000] {dag.py:3096} INFO - Sync 1 DAGs
[2024-04-21T18:26:21.143+0000] {logging_mixin.py:188} INFO - [2024-04-21T18:26:21.143+0000] {dag.py:3954} INFO - Setting next_dagrun for parser to 2023-01-01 00:00:00+00:00, run_after=2023-01-01 00:00:00+00:00
[2024-04-21T18:26:21.152+0000] {processor.py:183} INFO - Processing /opt/airflow/dags/parser.py took 0.061 seconds
[2024-04-21T18:26:51.203+0000] {processor.py:161} INFO - Started process (PID=64) to work on /opt/airflow/dags/parser.py
[2024-04-21T18:26:51.203+0000] {processor.py:830} INFO - Processing file /opt/airflow/dags/parser.py for tasks to queue
[2024-04-21T18:26:51.205+0000] {logging_mixin.py:188} INFO - [2024-04-21T18:26:51.205+0000] {dagbag.py:540} INFO - Filling up the DagBag from /opt/airflow/dags/parser.py
[2024-04-21T18:26:51.209+0000] {processor.py:840} INFO - DAG(s) 'parser' retrieved from /opt/airflow/dags/parser.py
[2024-04-21T18:26:51.226+0000] {logging_mixin.py:188} INFO - [2024-04-21T18:26:51.225+0000] {dag.py:3096} INFO - Sync 1 DAGs
[2024-04-21T18:26:51.238+0000] {logging_mixin.py:188} INFO - [2024-04-21T18:26:51.238+0000] {dag.py:3954} INFO - Setting next_dagrun for parser to 2023-01-01 00:00:00+00:00, run_after=2023-01-01 00:00:00+00:00
[2024-04-21T18:26:51.247+0000] {processor.py:183} INFO - Processing /opt/airflow/dags/parser.py took 0.048 seconds
[2024-04-21T18:27:21.329+0000] {processor.py:161} INFO - Started process (PID=72) to work on /opt/airflow/dags/parser.py
[2024-04-21T18:27:21.335+0000] {processor.py:830} INFO - Processing file /opt/airflow/dags/parser.py for tasks to queue
[2024-04-21T18:27:21.337+0000] {logging_mixin.py:188} INFO - [2024-04-21T18:27:21.336+0000] {dagbag.py:540} INFO - Filling up the DagBag from /opt/airflow/dags/parser.py
[2024-04-21T18:27:21.341+0000] {processor.py:840} INFO - DAG(s) 'parser' retrieved from /opt/airflow/dags/parser.py
[2024-04-21T18:27:21.358+0000] {logging_mixin.py:188} INFO - [2024-04-21T18:27:21.358+0000] {dag.py:3096} INFO - Sync 1 DAGs
[2024-04-21T18:27:21.370+0000] {logging_mixin.py:188} INFO - [2024-04-21T18:27:21.370+0000] {dag.py:3954} INFO - Setting next_dagrun for parser to 2023-01-01 00:00:00+00:00, run_after=2023-01-01 00:00:00+00:00
[2024-04-21T18:27:21.380+0000] {processor.py:183} INFO - Processing /opt/airflow/dags/parser.py took 0.055 seconds
[2024-04-21T18:27:51.458+0000] {processor.py:161} INFO - Started process (PID=80) to work on /opt/airflow/dags/parser.py
[2024-04-21T18:27:51.459+0000] {processor.py:830} INFO - Processing file /opt/airflow/dags/parser.py for tasks to queue
[2024-04-21T18:27:51.460+0000] {logging_mixin.py:188} INFO - [2024-04-21T18:27:51.460+0000] {dagbag.py:540} INFO - Filling up the DagBag from /opt/airflow/dags/parser.py
[2024-04-21T18:27:51.464+0000] {processor.py:840} INFO - DAG(s) 'parser' retrieved from /opt/airflow/dags/parser.py
[2024-04-21T18:27:51.481+0000] {logging_mixin.py:188} INFO - [2024-04-21T18:27:51.481+0000] {dag.py:3096} INFO - Sync 1 DAGs
[2024-04-21T18:27:51.493+0000] {logging_mixin.py:188} INFO - [2024-04-21T18:27:51.493+0000] {dag.py:3954} INFO - Setting next_dagrun for parser to 2023-01-01 00:00:00+00:00, run_after=2023-01-01 00:00:00+00:00
[2024-04-21T18:27:51.502+0000] {processor.py:183} INFO - Processing /opt/airflow/dags/parser.py took 0.048 seconds
[2024-04-21T18:28:21.595+0000] {processor.py:161} INFO - Started process (PID=88) to work on /opt/airflow/dags/parser.py
[2024-04-21T18:28:21.595+0000] {processor.py:830} INFO - Processing file /opt/airflow/dags/parser.py for tasks to queue
[2024-04-21T18:28:21.597+0000] {logging_mixin.py:188} INFO - [2024-04-21T18:28:21.597+0000] {dagbag.py:540} INFO - Filling up the DagBag from /opt/airflow/dags/parser.py
[2024-04-21T18:28:21.601+0000] {processor.py:840} INFO - DAG(s) 'parser' retrieved from /opt/airflow/dags/parser.py
[2024-04-21T18:28:21.618+0000] {logging_mixin.py:188} INFO - [2024-04-21T18:28:21.617+0000] {dag.py:3096} INFO - Sync 1 DAGs
[2024-04-21T18:28:21.631+0000] {logging_mixin.py:188} INFO - [2024-04-21T18:28:21.631+0000] {dag.py:3954} INFO - Setting next_dagrun for parser to 2023-01-01 00:00:00+00:00, run_after=2023-01-01 00:00:00+00:00
[2024-04-21T18:28:21.640+0000] {processor.py:183} INFO - Processing /opt/airflow/dags/parser.py took 0.048 seconds
[2024-04-21T18:28:51.738+0000] {processor.py:161} INFO - Started process (PID=96) to work on /opt/airflow/dags/parser.py
[2024-04-21T18:28:51.738+0000] {processor.py:830} INFO - Processing file /opt/airflow/dags/parser.py for tasks to queue
[2024-04-21T18:28:51.740+0000] {logging_mixin.py:188} INFO - [2024-04-21T18:28:51.739+0000] {dagbag.py:540} INFO - Filling up the DagBag from /opt/airflow/dags/parser.py
[2024-04-21T18:28:51.744+0000] {processor.py:840} INFO - DAG(s) 'parser' retrieved from /opt/airflow/dags/parser.py
[2024-04-21T18:28:51.760+0000] {logging_mixin.py:188} INFO - [2024-04-21T18:28:51.760+0000] {dag.py:3096} INFO - Sync 1 DAGs
[2024-04-21T18:28:51.772+0000] {logging_mixin.py:188} INFO - [2024-04-21T18:28:51.772+0000] {dag.py:3954} INFO - Setting next_dagrun for parser to 2023-01-01 00:00:00+00:00, run_after=2023-01-01 00:00:00+00:00
[2024-04-21T18:28:51.781+0000] {processor.py:183} INFO - Processing /opt/airflow/dags/parser.py took 0.046 seconds
[2024-04-21T18:29:21.875+0000] {processor.py:161} INFO - Started process (PID=104) to work on /opt/airflow/dags/parser.py
[2024-04-21T18:29:21.881+0000] {processor.py:830} INFO - Processing file /opt/airflow/dags/parser.py for tasks to queue
[2024-04-21T18:29:21.883+0000] {logging_mixin.py:188} INFO - [2024-04-21T18:29:21.883+0000] {dagbag.py:540} INFO - Filling up the DagBag from /opt/airflow/dags/parser.py
[2024-04-21T18:29:21.888+0000] {processor.py:840} INFO - DAG(s) 'parser' retrieved from /opt/airflow/dags/parser.py
[2024-04-21T18:29:21.906+0000] {logging_mixin.py:188} INFO - [2024-04-21T18:29:21.906+0000] {dag.py:3096} INFO - Sync 1 DAGs
[2024-04-21T18:29:21.918+0000] {logging_mixin.py:188} INFO - [2024-04-21T18:29:21.918+0000] {dag.py:3954} INFO - Setting next_dagrun for parser to 2023-01-01 00:00:00+00:00, run_after=2023-01-01 00:00:00+00:00
[2024-04-21T18:29:21.928+0000] {processor.py:183} INFO - Processing /opt/airflow/dags/parser.py took 0.056 seconds
[2024-04-21T18:29:52.058+0000] {processor.py:161} INFO - Started process (PID=116) to work on /opt/airflow/dags/parser.py
[2024-04-21T18:29:52.064+0000] {processor.py:830} INFO - Processing file /opt/airflow/dags/parser.py for tasks to queue
[2024-04-21T18:29:52.066+0000] {logging_mixin.py:188} INFO - [2024-04-21T18:29:52.066+0000] {dagbag.py:540} INFO - Filling up the DagBag from /opt/airflow/dags/parser.py
[2024-04-21T18:29:52.071+0000] {processor.py:840} INFO - DAG(s) 'parser' retrieved from /opt/airflow/dags/parser.py
[2024-04-21T18:29:52.087+0000] {logging_mixin.py:188} INFO - [2024-04-21T18:29:52.087+0000] {dag.py:3096} INFO - Sync 1 DAGs
[2024-04-21T18:29:52.099+0000] {logging_mixin.py:188} INFO - [2024-04-21T18:29:52.099+0000] {dag.py:3954} INFO - Setting next_dagrun for parser to 2023-01-01 00:00:00+00:00, run_after=2023-01-01 00:00:00+00:00
[2024-04-21T18:29:52.109+0000] {processor.py:183} INFO - Processing /opt/airflow/dags/parser.py took 0.054 seconds
[2024-04-21T18:30:22.202+0000] {processor.py:161} INFO - Started process (PID=124) to work on /opt/airflow/dags/parser.py
[2024-04-21T18:30:22.208+0000] {processor.py:830} INFO - Processing file /opt/airflow/dags/parser.py for tasks to queue
[2024-04-21T18:30:22.209+0000] {logging_mixin.py:188} INFO - [2024-04-21T18:30:22.209+0000] {dagbag.py:540} INFO - Filling up the DagBag from /opt/airflow/dags/parser.py
[2024-04-21T18:30:22.214+0000] {processor.py:840} INFO - DAG(s) 'parser' retrieved from /opt/airflow/dags/parser.py
[2024-04-21T18:30:22.232+0000] {logging_mixin.py:188} INFO - [2024-04-21T18:30:22.232+0000] {dag.py:3096} INFO - Sync 1 DAGs
[2024-04-21T18:30:22.246+0000] {logging_mixin.py:188} INFO - [2024-04-21T18:30:22.245+0000] {dag.py:3954} INFO - Setting next_dagrun for parser to 2023-01-01 00:00:00+00:00, run_after=2023-01-01 00:00:00+00:00
[2024-04-21T18:30:22.256+0000] {processor.py:183} INFO - Processing /opt/airflow/dags/parser.py took 0.058 seconds
[2024-04-21T18:30:52.373+0000] {processor.py:161} INFO - Started process (PID=135) to work on /opt/airflow/dags/parser.py
[2024-04-21T18:30:52.379+0000] {processor.py:830} INFO - Processing file /opt/airflow/dags/parser.py for tasks to queue
[2024-04-21T18:30:52.381+0000] {logging_mixin.py:188} INFO - [2024-04-21T18:30:52.380+0000] {dagbag.py:540} INFO - Filling up the DagBag from /opt/airflow/dags/parser.py
[2024-04-21T18:30:52.386+0000] {processor.py:840} INFO - DAG(s) 'parser' retrieved from /opt/airflow/dags/parser.py
[2024-04-21T18:30:52.402+0000] {logging_mixin.py:188} INFO - [2024-04-21T18:30:52.402+0000] {dag.py:3096} INFO - Sync 1 DAGs
[2024-04-21T18:30:52.415+0000] {logging_mixin.py:188} INFO - [2024-04-21T18:30:52.414+0000] {dag.py:3954} INFO - Setting next_dagrun for parser to 2023-01-01 00:00:00+00:00, run_after=2023-01-01 00:00:00+00:00
[2024-04-21T18:30:52.424+0000] {processor.py:183} INFO - Processing /opt/airflow/dags/parser.py took 0.054 seconds
[2024-04-21T18:31:44.436+0000] {processor.py:161} INFO - Started process (PID=40) to work on /opt/airflow/dags/parser.py
[2024-04-21T18:31:44.436+0000] {processor.py:830} INFO - Processing file /opt/airflow/dags/parser.py for tasks to queue
[2024-04-21T18:31:44.437+0000] {logging_mixin.py:188} INFO - [2024-04-21T18:31:44.437+0000] {dagbag.py:540} INFO - Filling up the DagBag from /opt/airflow/dags/parser.py
[2024-04-21T18:31:44.445+0000] {processor.py:840} INFO - DAG(s) 'parser' retrieved from /opt/airflow/dags/parser.py
[2024-04-21T18:31:44.611+0000] {logging_mixin.py:188} INFO - [2024-04-21T18:31:44.610+0000] {dag.py:3096} INFO - Sync 1 DAGs
[2024-04-21T18:31:44.625+0000] {logging_mixin.py:188} INFO - [2024-04-21T18:31:44.625+0000] {dag.py:3954} INFO - Setting next_dagrun for parser to 2023-01-01 00:00:00+00:00, run_after=2023-01-01 00:00:00+00:00
[2024-04-21T18:31:44.642+0000] {processor.py:183} INFO - Processing /opt/airflow/dags/parser.py took 0.210 seconds
[2024-04-21T18:32:15.573+0000] {processor.py:161} INFO - Started process (PID=48) to work on /opt/airflow/dags/parser.py
[2024-04-21T18:32:15.574+0000] {processor.py:830} INFO - Processing file /opt/airflow/dags/parser.py for tasks to queue
[2024-04-21T18:32:15.575+0000] {logging_mixin.py:188} INFO - [2024-04-21T18:32:15.575+0000] {dagbag.py:540} INFO - Filling up the DagBag from /opt/airflow/dags/parser.py
[2024-04-21T18:32:15.580+0000] {processor.py:840} INFO - DAG(s) 'parser' retrieved from /opt/airflow/dags/parser.py
[2024-04-21T18:32:15.598+0000] {logging_mixin.py:188} INFO - [2024-04-21T18:32:15.598+0000] {dag.py:3096} INFO - Sync 1 DAGs
[2024-04-21T18:32:15.610+0000] {logging_mixin.py:188} INFO - [2024-04-21T18:32:15.610+0000] {dag.py:3954} INFO - Setting next_dagrun for parser to 2023-01-01 00:00:00+00:00, run_after=2023-01-01 00:00:00+00:00
[2024-04-21T18:32:15.619+0000] {processor.py:183} INFO - Processing /opt/airflow/dags/parser.py took 0.050 seconds
[2024-04-21T18:32:45.697+0000] {processor.py:161} INFO - Started process (PID=56) to work on /opt/airflow/dags/parser.py
[2024-04-21T18:32:45.720+0000] {processor.py:830} INFO - Processing file /opt/airflow/dags/parser.py for tasks to queue
[2024-04-21T18:32:45.723+0000] {logging_mixin.py:188} INFO - [2024-04-21T18:32:45.723+0000] {dagbag.py:540} INFO - Filling up the DagBag from /opt/airflow/dags/parser.py
[2024-04-21T18:32:45.727+0000] {processor.py:840} INFO - DAG(s) 'parser' retrieved from /opt/airflow/dags/parser.py
[2024-04-21T18:32:45.744+0000] {logging_mixin.py:188} INFO - [2024-04-21T18:32:45.743+0000] {dag.py:3096} INFO - Sync 1 DAGs
[2024-04-21T18:32:45.755+0000] {logging_mixin.py:188} INFO - [2024-04-21T18:32:45.755+0000] {dag.py:3954} INFO - Setting next_dagrun for parser to 2023-01-01 00:00:00+00:00, run_after=2023-01-01 00:00:00+00:00
[2024-04-21T18:32:45.764+0000] {processor.py:183} INFO - Processing /opt/airflow/dags/parser.py took 0.070 seconds
[2024-04-21T18:37:09.787+0000] {processor.py:161} INFO - Started process (PID=40) to work on /opt/airflow/dags/parser.py
[2024-04-21T18:37:09.787+0000] {processor.py:830} INFO - Processing file /opt/airflow/dags/parser.py for tasks to queue
[2024-04-21T18:37:09.789+0000] {logging_mixin.py:188} INFO - [2024-04-21T18:37:09.788+0000] {dagbag.py:540} INFO - Filling up the DagBag from /opt/airflow/dags/parser.py
[2024-04-21T18:37:09.798+0000] {processor.py:840} INFO - DAG(s) 'parser' retrieved from /opt/airflow/dags/parser.py
[2024-04-21T18:37:09.971+0000] {logging_mixin.py:188} INFO - [2024-04-21T18:37:09.971+0000] {dag.py:3096} INFO - Sync 1 DAGs
[2024-04-21T18:37:09.988+0000] {logging_mixin.py:188} INFO - [2024-04-21T18:37:09.988+0000] {dag.py:3954} INFO - Setting next_dagrun for parser to 2023-01-01 00:00:00+00:00, run_after=2023-01-01 00:00:00+00:00
[2024-04-21T18:37:10.003+0000] {processor.py:183} INFO - Processing /opt/airflow/dags/parser.py took 0.220 seconds
[2024-04-21T18:37:40.922+0000] {processor.py:161} INFO - Started process (PID=48) to work on /opt/airflow/dags/parser.py
[2024-04-21T18:37:40.922+0000] {processor.py:830} INFO - Processing file /opt/airflow/dags/parser.py for tasks to queue
[2024-04-21T18:37:40.923+0000] {logging_mixin.py:188} INFO - [2024-04-21T18:37:40.923+0000] {dagbag.py:540} INFO - Filling up the DagBag from /opt/airflow/dags/parser.py
[2024-04-21T18:37:40.928+0000] {processor.py:840} INFO - DAG(s) 'parser' retrieved from /opt/airflow/dags/parser.py
[2024-04-21T18:37:40.945+0000] {logging_mixin.py:188} INFO - [2024-04-21T18:37:40.945+0000] {dag.py:3096} INFO - Sync 1 DAGs
[2024-04-21T18:37:40.956+0000] {logging_mixin.py:188} INFO - [2024-04-21T18:37:40.956+0000] {dag.py:3954} INFO - Setting next_dagrun for parser to 2023-01-01 00:00:00+00:00, run_after=2023-01-01 00:00:00+00:00
[2024-04-21T18:37:40.965+0000] {processor.py:183} INFO - Processing /opt/airflow/dags/parser.py took 0.047 seconds
[2024-04-21T18:38:11.044+0000] {processor.py:161} INFO - Started process (PID=56) to work on /opt/airflow/dags/parser.py
[2024-04-21T18:38:11.045+0000] {processor.py:830} INFO - Processing file /opt/airflow/dags/parser.py for tasks to queue
[2024-04-21T18:38:11.048+0000] {logging_mixin.py:188} INFO - [2024-04-21T18:38:11.048+0000] {dagbag.py:540} INFO - Filling up the DagBag from /opt/airflow/dags/parser.py
[2024-04-21T18:38:11.052+0000] {processor.py:840} INFO - DAG(s) 'parser' retrieved from /opt/airflow/dags/parser.py
[2024-04-21T18:38:11.067+0000] {logging_mixin.py:188} INFO - [2024-04-21T18:38:11.067+0000] {dag.py:3096} INFO - Sync 1 DAGs
[2024-04-21T18:38:11.079+0000] {logging_mixin.py:188} INFO - [2024-04-21T18:38:11.079+0000] {dag.py:3954} INFO - Setting next_dagrun for parser to 2023-01-01 00:00:00+00:00, run_after=2023-01-01 00:00:00+00:00
[2024-04-21T18:38:11.088+0000] {processor.py:183} INFO - Processing /opt/airflow/dags/parser.py took 0.047 seconds
[2024-04-21T18:38:41.163+0000] {processor.py:161} INFO - Started process (PID=64) to work on /opt/airflow/dags/parser.py
[2024-04-21T18:38:41.163+0000] {processor.py:830} INFO - Processing file /opt/airflow/dags/parser.py for tasks to queue
[2024-04-21T18:38:41.165+0000] {logging_mixin.py:188} INFO - [2024-04-21T18:38:41.165+0000] {dagbag.py:540} INFO - Filling up the DagBag from /opt/airflow/dags/parser.py
[2024-04-21T18:38:41.169+0000] {processor.py:840} INFO - DAG(s) 'parser' retrieved from /opt/airflow/dags/parser.py
[2024-04-21T18:38:41.186+0000] {logging_mixin.py:188} INFO - [2024-04-21T18:38:41.186+0000] {dag.py:3096} INFO - Sync 1 DAGs
[2024-04-21T18:38:41.199+0000] {logging_mixin.py:188} INFO - [2024-04-21T18:38:41.199+0000] {dag.py:3954} INFO - Setting next_dagrun for parser to 2023-01-01 00:00:00+00:00, run_after=2023-01-01 00:00:00+00:00
[2024-04-21T18:38:41.207+0000] {processor.py:183} INFO - Processing /opt/airflow/dags/parser.py took 0.048 seconds
[2024-04-21T18:39:11.286+0000] {processor.py:161} INFO - Started process (PID=72) to work on /opt/airflow/dags/parser.py
[2024-04-21T18:39:11.292+0000] {processor.py:830} INFO - Processing file /opt/airflow/dags/parser.py for tasks to queue
[2024-04-21T18:39:11.293+0000] {logging_mixin.py:188} INFO - [2024-04-21T18:39:11.293+0000] {dagbag.py:540} INFO - Filling up the DagBag from /opt/airflow/dags/parser.py
[2024-04-21T18:39:11.298+0000] {processor.py:840} INFO - DAG(s) 'parser' retrieved from /opt/airflow/dags/parser.py
[2024-04-21T18:39:11.315+0000] {logging_mixin.py:188} INFO - [2024-04-21T18:39:11.314+0000] {dag.py:3096} INFO - Sync 1 DAGs
[2024-04-21T18:39:11.327+0000] {logging_mixin.py:188} INFO - [2024-04-21T18:39:11.326+0000] {dag.py:3954} INFO - Setting next_dagrun for parser to 2023-01-01 00:00:00+00:00, run_after=2023-01-01 00:00:00+00:00
[2024-04-21T18:39:11.336+0000] {processor.py:183} INFO - Processing /opt/airflow/dags/parser.py took 0.054 seconds
[2024-04-21T18:39:41.415+0000] {processor.py:161} INFO - Started process (PID=80) to work on /opt/airflow/dags/parser.py
[2024-04-21T18:39:41.415+0000] {processor.py:830} INFO - Processing file /opt/airflow/dags/parser.py for tasks to queue
[2024-04-21T18:39:41.417+0000] {logging_mixin.py:188} INFO - [2024-04-21T18:39:41.417+0000] {dagbag.py:540} INFO - Filling up the DagBag from /opt/airflow/dags/parser.py
[2024-04-21T18:39:41.421+0000] {processor.py:840} INFO - DAG(s) 'parser' retrieved from /opt/airflow/dags/parser.py
[2024-04-21T18:39:41.437+0000] {logging_mixin.py:188} INFO - [2024-04-21T18:39:41.437+0000] {dag.py:3096} INFO - Sync 1 DAGs
[2024-04-21T18:39:41.450+0000] {logging_mixin.py:188} INFO - [2024-04-21T18:39:41.450+0000] {dag.py:3954} INFO - Setting next_dagrun for parser to 2023-01-01 00:00:00+00:00, run_after=2023-01-01 00:00:00+00:00
[2024-04-21T18:39:41.460+0000] {processor.py:183} INFO - Processing /opt/airflow/dags/parser.py took 0.048 seconds
[2024-04-21T18:40:11.542+0000] {processor.py:161} INFO - Started process (PID=88) to work on /opt/airflow/dags/parser.py
[2024-04-21T18:40:11.548+0000] {processor.py:830} INFO - Processing file /opt/airflow/dags/parser.py for tasks to queue
[2024-04-21T18:40:11.549+0000] {logging_mixin.py:188} INFO - [2024-04-21T18:40:11.549+0000] {dagbag.py:540} INFO - Filling up the DagBag from /opt/airflow/dags/parser.py
[2024-04-21T18:40:11.554+0000] {processor.py:840} INFO - DAG(s) 'parser' retrieved from /opt/airflow/dags/parser.py
[2024-04-21T18:40:11.570+0000] {logging_mixin.py:188} INFO - [2024-04-21T18:40:11.570+0000] {dag.py:3096} INFO - Sync 1 DAGs
[2024-04-21T18:40:11.582+0000] {logging_mixin.py:188} INFO - [2024-04-21T18:40:11.582+0000] {dag.py:3954} INFO - Setting next_dagrun for parser to 2023-01-01 00:00:00+00:00, run_after=2023-01-01 00:00:00+00:00
[2024-04-21T18:40:11.592+0000] {processor.py:183} INFO - Processing /opt/airflow/dags/parser.py took 0.054 seconds
[2024-04-21T18:40:41.677+0000] {processor.py:161} INFO - Started process (PID=100) to work on /opt/airflow/dags/parser.py
[2024-04-21T18:40:41.683+0000] {processor.py:830} INFO - Processing file /opt/airflow/dags/parser.py for tasks to queue
[2024-04-21T18:40:41.685+0000] {logging_mixin.py:188} INFO - [2024-04-21T18:40:41.684+0000] {dagbag.py:540} INFO - Filling up the DagBag from /opt/airflow/dags/parser.py
[2024-04-21T18:40:41.690+0000] {processor.py:840} INFO - DAG(s) 'parser' retrieved from /opt/airflow/dags/parser.py
[2024-04-21T18:40:41.707+0000] {logging_mixin.py:188} INFO - [2024-04-21T18:40:41.706+0000] {dag.py:3096} INFO - Sync 1 DAGs
[2024-04-21T18:40:41.719+0000] {logging_mixin.py:188} INFO - [2024-04-21T18:40:41.719+0000] {dag.py:3954} INFO - Setting next_dagrun for parser to None, run_after=None
[2024-04-21T18:40:41.730+0000] {processor.py:183} INFO - Processing /opt/airflow/dags/parser.py took 0.056 seconds
[2024-04-21T18:41:11.778+0000] {processor.py:161} INFO - Started process (PID=108) to work on /opt/airflow/dags/parser.py
[2024-04-21T18:41:11.784+0000] {processor.py:830} INFO - Processing file /opt/airflow/dags/parser.py for tasks to queue
[2024-04-21T18:41:11.786+0000] {logging_mixin.py:188} INFO - [2024-04-21T18:41:11.786+0000] {dagbag.py:540} INFO - Filling up the DagBag from /opt/airflow/dags/parser.py
[2024-04-21T18:41:11.792+0000] {processor.py:840} INFO - DAG(s) 'parser' retrieved from /opt/airflow/dags/parser.py
[2024-04-21T18:41:11.811+0000] {logging_mixin.py:188} INFO - [2024-04-21T18:41:11.810+0000] {dag.py:3096} INFO - Sync 1 DAGs
[2024-04-21T18:41:11.824+0000] {logging_mixin.py:188} INFO - [2024-04-21T18:41:11.824+0000] {dag.py:3954} INFO - Setting next_dagrun for parser to None, run_after=None
[2024-04-21T18:41:11.834+0000] {processor.py:183} INFO - Processing /opt/airflow/dags/parser.py took 0.059 seconds
[2024-04-21T18:41:41.912+0000] {processor.py:161} INFO - Started process (PID=116) to work on /opt/airflow/dags/parser.py
[2024-04-21T18:41:41.918+0000] {processor.py:830} INFO - Processing file /opt/airflow/dags/parser.py for tasks to queue
[2024-04-21T18:41:41.920+0000] {logging_mixin.py:188} INFO - [2024-04-21T18:41:41.920+0000] {dagbag.py:540} INFO - Filling up the DagBag from /opt/airflow/dags/parser.py
[2024-04-21T18:41:41.925+0000] {processor.py:840} INFO - DAG(s) 'parser' retrieved from /opt/airflow/dags/parser.py
[2024-04-21T18:41:41.943+0000] {logging_mixin.py:188} INFO - [2024-04-21T18:41:41.943+0000] {dag.py:3096} INFO - Sync 1 DAGs
[2024-04-21T18:41:41.956+0000] {logging_mixin.py:188} INFO - [2024-04-21T18:41:41.956+0000] {dag.py:3954} INFO - Setting next_dagrun for parser to None, run_after=None
[2024-04-21T18:41:41.966+0000] {processor.py:183} INFO - Processing /opt/airflow/dags/parser.py took 0.057 seconds
[2024-04-21T18:42:12.133+0000] {processor.py:161} INFO - Started process (PID=129) to work on /opt/airflow/dags/parser.py
[2024-04-21T18:42:12.139+0000] {processor.py:830} INFO - Processing file /opt/airflow/dags/parser.py for tasks to queue
[2024-04-21T18:42:12.140+0000] {logging_mixin.py:188} INFO - [2024-04-21T18:42:12.140+0000] {dagbag.py:540} INFO - Filling up the DagBag from /opt/airflow/dags/parser.py
[2024-04-21T18:42:12.145+0000] {processor.py:840} INFO - DAG(s) 'parser' retrieved from /opt/airflow/dags/parser.py
[2024-04-21T18:42:12.161+0000] {logging_mixin.py:188} INFO - [2024-04-21T18:42:12.161+0000] {dag.py:3096} INFO - Sync 1 DAGs
[2024-04-21T18:42:12.174+0000] {logging_mixin.py:188} INFO - [2024-04-21T18:42:12.173+0000] {dag.py:3954} INFO - Setting next_dagrun for parser to None, run_after=None
[2024-04-21T18:42:12.183+0000] {processor.py:183} INFO - Processing /opt/airflow/dags/parser.py took 0.053 seconds
[2024-04-21T18:43:03.706+0000] {processor.py:161} INFO - Started process (PID=40) to work on /opt/airflow/dags/parser.py
[2024-04-21T18:43:03.706+0000] {processor.py:830} INFO - Processing file /opt/airflow/dags/parser.py for tasks to queue
[2024-04-21T18:43:03.707+0000] {logging_mixin.py:188} INFO - [2024-04-21T18:43:03.707+0000] {dagbag.py:540} INFO - Filling up the DagBag from /opt/airflow/dags/parser.py
[2024-04-21T18:43:03.713+0000] {processor.py:840} INFO - DAG(s) 'parser' retrieved from /opt/airflow/dags/parser.py
[2024-04-21T18:43:03.876+0000] {logging_mixin.py:188} INFO - [2024-04-21T18:43:03.876+0000] {dag.py:3096} INFO - Sync 1 DAGs
[2024-04-21T18:43:03.889+0000] {logging_mixin.py:188} INFO - [2024-04-21T18:43:03.889+0000] {dag.py:3954} INFO - Setting next_dagrun for parser to None, run_after=None
[2024-04-21T18:43:03.900+0000] {processor.py:183} INFO - Processing /opt/airflow/dags/parser.py took 0.199 seconds
[2024-04-21T18:43:34.022+0000] {processor.py:161} INFO - Started process (PID=60) to work on /opt/airflow/dags/parser.py
[2024-04-21T18:43:34.022+0000] {processor.py:830} INFO - Processing file /opt/airflow/dags/parser.py for tasks to queue
[2024-04-21T18:43:34.023+0000] {logging_mixin.py:188} INFO - [2024-04-21T18:43:34.023+0000] {dagbag.py:540} INFO - Filling up the DagBag from /opt/airflow/dags/parser.py
[2024-04-21T18:43:34.028+0000] {processor.py:840} INFO - DAG(s) 'parser' retrieved from /opt/airflow/dags/parser.py
[2024-04-21T18:43:34.047+0000] {logging_mixin.py:188} INFO - [2024-04-21T18:43:34.046+0000] {dag.py:3096} INFO - Sync 1 DAGs
[2024-04-21T18:43:34.058+0000] {logging_mixin.py:188} INFO - [2024-04-21T18:43:34.058+0000] {dag.py:3954} INFO - Setting next_dagrun for parser to None, run_after=None
[2024-04-21T18:43:34.067+0000] {processor.py:183} INFO - Processing /opt/airflow/dags/parser.py took 0.048 seconds
[2024-04-21T18:44:04.127+0000] {processor.py:161} INFO - Started process (PID=68) to work on /opt/airflow/dags/parser.py
[2024-04-21T18:44:04.128+0000] {processor.py:830} INFO - Processing file /opt/airflow/dags/parser.py for tasks to queue
[2024-04-21T18:44:04.129+0000] {logging_mixin.py:188} INFO - [2024-04-21T18:44:04.128+0000] {dagbag.py:540} INFO - Filling up the DagBag from /opt/airflow/dags/parser.py
[2024-04-21T18:44:04.135+0000] {processor.py:840} INFO - DAG(s) 'parser' retrieved from /opt/airflow/dags/parser.py
[2024-04-21T18:44:04.152+0000] {logging_mixin.py:188} INFO - [2024-04-21T18:44:04.152+0000] {dag.py:3096} INFO - Sync 1 DAGs
[2024-04-21T18:44:04.163+0000] {logging_mixin.py:188} INFO - [2024-04-21T18:44:04.163+0000] {dag.py:3954} INFO - Setting next_dagrun for parser to None, run_after=None
[2024-04-21T18:44:04.173+0000] {processor.py:183} INFO - Processing /opt/airflow/dags/parser.py took 0.049 seconds
[2024-04-21T18:44:34.240+0000] {processor.py:161} INFO - Started process (PID=76) to work on /opt/airflow/dags/parser.py
[2024-04-21T18:44:34.240+0000] {processor.py:830} INFO - Processing file /opt/airflow/dags/parser.py for tasks to queue
[2024-04-21T18:44:34.241+0000] {logging_mixin.py:188} INFO - [2024-04-21T18:44:34.241+0000] {dagbag.py:540} INFO - Filling up the DagBag from /opt/airflow/dags/parser.py
[2024-04-21T18:44:34.246+0000] {processor.py:840} INFO - DAG(s) 'parser' retrieved from /opt/airflow/dags/parser.py
[2024-04-21T18:44:34.261+0000] {logging_mixin.py:188} INFO - [2024-04-21T18:44:34.261+0000] {dag.py:3096} INFO - Sync 1 DAGs
[2024-04-21T18:44:34.273+0000] {logging_mixin.py:188} INFO - [2024-04-21T18:44:34.273+0000] {dag.py:3954} INFO - Setting next_dagrun for parser to None, run_after=None
[2024-04-21T18:44:34.282+0000] {processor.py:183} INFO - Processing /opt/airflow/dags/parser.py took 0.046 seconds
[2024-04-21T18:45:04.401+0000] {processor.py:161} INFO - Started process (PID=84) to work on /opt/airflow/dags/parser.py
[2024-04-21T18:45:04.402+0000] {processor.py:830} INFO - Processing file /opt/airflow/dags/parser.py for tasks to queue
[2024-04-21T18:45:04.403+0000] {logging_mixin.py:188} INFO - [2024-04-21T18:45:04.402+0000] {dagbag.py:540} INFO - Filling up the DagBag from /opt/airflow/dags/parser.py
[2024-04-21T18:45:04.407+0000] {processor.py:840} INFO - DAG(s) 'parser' retrieved from /opt/airflow/dags/parser.py
[2024-04-21T18:45:04.423+0000] {logging_mixin.py:188} INFO - [2024-04-21T18:45:04.423+0000] {dag.py:3096} INFO - Sync 1 DAGs
[2024-04-21T18:45:04.435+0000] {logging_mixin.py:188} INFO - [2024-04-21T18:45:04.435+0000] {dag.py:3954} INFO - Setting next_dagrun for parser to None, run_after=None
[2024-04-21T18:45:04.445+0000] {processor.py:183} INFO - Processing /opt/airflow/dags/parser.py took 0.047 seconds
[2024-04-21T18:45:34.503+0000] {processor.py:161} INFO - Started process (PID=92) to work on /opt/airflow/dags/parser.py
[2024-04-21T18:45:34.503+0000] {processor.py:830} INFO - Processing file /opt/airflow/dags/parser.py for tasks to queue
[2024-04-21T18:45:34.504+0000] {logging_mixin.py:188} INFO - [2024-04-21T18:45:34.504+0000] {dagbag.py:540} INFO - Filling up the DagBag from /opt/airflow/dags/parser.py
[2024-04-21T18:45:34.509+0000] {processor.py:840} INFO - DAG(s) 'parser' retrieved from /opt/airflow/dags/parser.py
[2024-04-21T18:45:34.524+0000] {logging_mixin.py:188} INFO - [2024-04-21T18:45:34.524+0000] {dag.py:3096} INFO - Sync 1 DAGs
[2024-04-21T18:45:34.536+0000] {logging_mixin.py:188} INFO - [2024-04-21T18:45:34.536+0000] {dag.py:3954} INFO - Setting next_dagrun for parser to None, run_after=None
[2024-04-21T18:45:34.544+0000] {processor.py:183} INFO - Processing /opt/airflow/dags/parser.py took 0.045 seconds
[2024-04-21T18:46:04.613+0000] {processor.py:161} INFO - Started process (PID=100) to work on /opt/airflow/dags/parser.py
[2024-04-21T18:46:04.614+0000] {processor.py:830} INFO - Processing file /opt/airflow/dags/parser.py for tasks to queue
[2024-04-21T18:46:04.615+0000] {logging_mixin.py:188} INFO - [2024-04-21T18:46:04.615+0000] {dagbag.py:540} INFO - Filling up the DagBag from /opt/airflow/dags/parser.py
[2024-04-21T18:46:04.620+0000] {processor.py:840} INFO - DAG(s) 'parser' retrieved from /opt/airflow/dags/parser.py
[2024-04-21T18:46:04.637+0000] {logging_mixin.py:188} INFO - [2024-04-21T18:46:04.637+0000] {dag.py:3096} INFO - Sync 1 DAGs
[2024-04-21T18:46:04.650+0000] {logging_mixin.py:188} INFO - [2024-04-21T18:46:04.649+0000] {dag.py:3954} INFO - Setting next_dagrun for parser to None, run_after=None
[2024-04-21T18:46:04.658+0000] {processor.py:183} INFO - Processing /opt/airflow/dags/parser.py took 0.048 seconds
[2024-04-21T18:46:34.715+0000] {processor.py:161} INFO - Started process (PID=108) to work on /opt/airflow/dags/parser.py
[2024-04-21T18:46:34.715+0000] {processor.py:830} INFO - Processing file /opt/airflow/dags/parser.py for tasks to queue
[2024-04-21T18:46:34.716+0000] {logging_mixin.py:188} INFO - [2024-04-21T18:46:34.716+0000] {dagbag.py:540} INFO - Filling up the DagBag from /opt/airflow/dags/parser.py
[2024-04-21T18:46:34.721+0000] {processor.py:840} INFO - DAG(s) 'parser' retrieved from /opt/airflow/dags/parser.py
[2024-04-21T18:46:34.737+0000] {logging_mixin.py:188} INFO - [2024-04-21T18:46:34.737+0000] {dag.py:3096} INFO - Sync 1 DAGs
[2024-04-21T18:46:34.748+0000] {logging_mixin.py:188} INFO - [2024-04-21T18:46:34.748+0000] {dag.py:3954} INFO - Setting next_dagrun for parser to None, run_after=None
[2024-04-21T18:46:34.757+0000] {processor.py:183} INFO - Processing /opt/airflow/dags/parser.py took 0.045 seconds
[2024-04-21T18:47:20.540+0000] {processor.py:161} INFO - Started process (PID=40) to work on /opt/airflow/dags/parser.py
[2024-04-21T18:47:20.541+0000] {processor.py:830} INFO - Processing file /opt/airflow/dags/parser.py for tasks to queue
[2024-04-21T18:47:20.542+0000] {logging_mixin.py:188} INFO - [2024-04-21T18:47:20.542+0000] {dagbag.py:540} INFO - Filling up the DagBag from /opt/airflow/dags/parser.py
[2024-04-21T18:47:20.547+0000] {processor.py:840} INFO - DAG(s) 'parser' retrieved from /opt/airflow/dags/parser.py
[2024-04-21T18:47:20.697+0000] {logging_mixin.py:188} INFO - [2024-04-21T18:47:20.697+0000] {dag.py:3096} INFO - Sync 1 DAGs
[2024-04-21T18:47:20.710+0000] {logging_mixin.py:188} INFO - [2024-04-21T18:47:20.710+0000] {dag.py:3954} INFO - Setting next_dagrun for parser to None, run_after=None
[2024-04-21T18:47:20.720+0000] {processor.py:183} INFO - Processing /opt/airflow/dags/parser.py took 0.184 seconds
[2024-04-21T18:47:50.812+0000] {processor.py:161} INFO - Started process (PID=48) to work on /opt/airflow/dags/parser.py
[2024-04-21T18:47:50.812+0000] {processor.py:830} INFO - Processing file /opt/airflow/dags/parser.py for tasks to queue
[2024-04-21T18:47:50.813+0000] {logging_mixin.py:188} INFO - [2024-04-21T18:47:50.813+0000] {dagbag.py:540} INFO - Filling up the DagBag from /opt/airflow/dags/parser.py
[2024-04-21T18:47:50.818+0000] {processor.py:840} INFO - DAG(s) 'parser' retrieved from /opt/airflow/dags/parser.py
[2024-04-21T18:47:50.837+0000] {logging_mixin.py:188} INFO - [2024-04-21T18:47:50.837+0000] {dag.py:3096} INFO - Sync 1 DAGs
[2024-04-21T18:47:50.849+0000] {logging_mixin.py:188} INFO - [2024-04-21T18:47:50.849+0000] {dag.py:3954} INFO - Setting next_dagrun for parser to None, run_after=None
[2024-04-21T18:47:50.861+0000] {processor.py:183} INFO - Processing /opt/airflow/dags/parser.py took 0.053 seconds
[2024-04-21T18:48:20.982+0000] {processor.py:161} INFO - Started process (PID=56) to work on /opt/airflow/dags/parser.py
[2024-04-21T18:48:20.989+0000] {processor.py:830} INFO - Processing file /opt/airflow/dags/parser.py for tasks to queue
[2024-04-21T18:48:20.990+0000] {logging_mixin.py:188} INFO - [2024-04-21T18:48:20.990+0000] {dagbag.py:540} INFO - Filling up the DagBag from /opt/airflow/dags/parser.py
[2024-04-21T18:48:20.997+0000] {processor.py:840} INFO - DAG(s) 'parser' retrieved from /opt/airflow/dags/parser.py
[2024-04-21T18:48:21.012+0000] {logging_mixin.py:188} INFO - [2024-04-21T18:48:21.011+0000] {dag.py:3096} INFO - Sync 1 DAGs
[2024-04-21T18:48:21.023+0000] {logging_mixin.py:188} INFO - [2024-04-21T18:48:21.023+0000] {dag.py:3954} INFO - Setting next_dagrun for parser to None, run_after=None
[2024-04-21T18:48:21.034+0000] {processor.py:183} INFO - Processing /opt/airflow/dags/parser.py took 0.056 seconds
[2024-04-21T18:48:51.149+0000] {processor.py:161} INFO - Started process (PID=64) to work on /opt/airflow/dags/parser.py
[2024-04-21T18:48:51.150+0000] {processor.py:830} INFO - Processing file /opt/airflow/dags/parser.py for tasks to queue
[2024-04-21T18:48:51.151+0000] {logging_mixin.py:188} INFO - [2024-04-21T18:48:51.151+0000] {dagbag.py:540} INFO - Filling up the DagBag from /opt/airflow/dags/parser.py
[2024-04-21T18:48:51.155+0000] {processor.py:840} INFO - DAG(s) 'parser' retrieved from /opt/airflow/dags/parser.py
[2024-04-21T18:48:51.170+0000] {logging_mixin.py:188} INFO - [2024-04-21T18:48:51.170+0000] {dag.py:3096} INFO - Sync 1 DAGs
[2024-04-21T18:48:51.181+0000] {logging_mixin.py:188} INFO - [2024-04-21T18:48:51.180+0000] {dag.py:3954} INFO - Setting next_dagrun for parser to None, run_after=None
[2024-04-21T18:48:51.189+0000] {processor.py:183} INFO - Processing /opt/airflow/dags/parser.py took 0.043 seconds
[2024-04-21T18:49:21.248+0000] {processor.py:161} INFO - Started process (PID=72) to work on /opt/airflow/dags/parser.py
[2024-04-21T18:49:21.249+0000] {processor.py:830} INFO - Processing file /opt/airflow/dags/parser.py for tasks to queue
[2024-04-21T18:49:21.250+0000] {logging_mixin.py:188} INFO - [2024-04-21T18:49:21.250+0000] {dagbag.py:540} INFO - Filling up the DagBag from /opt/airflow/dags/parser.py
[2024-04-21T18:49:21.255+0000] {processor.py:840} INFO - DAG(s) 'parser' retrieved from /opt/airflow/dags/parser.py
[2024-04-21T18:49:21.271+0000] {logging_mixin.py:188} INFO - [2024-04-21T18:49:21.271+0000] {dag.py:3096} INFO - Sync 1 DAGs
[2024-04-21T18:49:21.283+0000] {logging_mixin.py:188} INFO - [2024-04-21T18:49:21.283+0000] {dag.py:3954} INFO - Setting next_dagrun for parser to None, run_after=None
[2024-04-21T18:49:21.293+0000] {processor.py:183} INFO - Processing /opt/airflow/dags/parser.py took 0.048 seconds
[2024-04-21T18:49:51.359+0000] {processor.py:161} INFO - Started process (PID=80) to work on /opt/airflow/dags/parser.py
[2024-04-21T18:49:51.359+0000] {processor.py:830} INFO - Processing file /opt/airflow/dags/parser.py for tasks to queue
[2024-04-21T18:49:51.360+0000] {logging_mixin.py:188} INFO - [2024-04-21T18:49:51.360+0000] {dagbag.py:540} INFO - Filling up the DagBag from /opt/airflow/dags/parser.py
[2024-04-21T18:49:51.365+0000] {processor.py:840} INFO - DAG(s) 'parser' retrieved from /opt/airflow/dags/parser.py
[2024-04-21T18:49:51.382+0000] {logging_mixin.py:188} INFO - [2024-04-21T18:49:51.382+0000] {dag.py:3096} INFO - Sync 1 DAGs
[2024-04-21T18:49:51.394+0000] {logging_mixin.py:188} INFO - [2024-04-21T18:49:51.394+0000] {dag.py:3954} INFO - Setting next_dagrun for parser to None, run_after=None
[2024-04-21T18:49:51.404+0000] {processor.py:183} INFO - Processing /opt/airflow/dags/parser.py took 0.048 seconds
[2024-04-21T18:50:21.523+0000] {processor.py:161} INFO - Started process (PID=88) to work on /opt/airflow/dags/parser.py
[2024-04-21T18:50:21.523+0000] {processor.py:830} INFO - Processing file /opt/airflow/dags/parser.py for tasks to queue
[2024-04-21T18:50:21.524+0000] {logging_mixin.py:188} INFO - [2024-04-21T18:50:21.524+0000] {dagbag.py:540} INFO - Filling up the DagBag from /opt/airflow/dags/parser.py
[2024-04-21T18:50:21.529+0000] {processor.py:840} INFO - DAG(s) 'parser' retrieved from /opt/airflow/dags/parser.py
[2024-04-21T18:50:21.545+0000] {logging_mixin.py:188} INFO - [2024-04-21T18:50:21.544+0000] {dag.py:3096} INFO - Sync 1 DAGs
[2024-04-21T18:50:21.557+0000] {logging_mixin.py:188} INFO - [2024-04-21T18:50:21.557+0000] {dag.py:3954} INFO - Setting next_dagrun for parser to None, run_after=None
[2024-04-21T18:50:21.566+0000] {processor.py:183} INFO - Processing /opt/airflow/dags/parser.py took 0.046 seconds
[2024-04-21T18:50:51.623+0000] {processor.py:161} INFO - Started process (PID=96) to work on /opt/airflow/dags/parser.py
[2024-04-21T18:50:51.624+0000] {processor.py:830} INFO - Processing file /opt/airflow/dags/parser.py for tasks to queue
[2024-04-21T18:50:51.625+0000] {logging_mixin.py:188} INFO - [2024-04-21T18:50:51.625+0000] {dagbag.py:540} INFO - Filling up the DagBag from /opt/airflow/dags/parser.py
[2024-04-21T18:50:51.631+0000] {processor.py:840} INFO - DAG(s) 'parser' retrieved from /opt/airflow/dags/parser.py
[2024-04-21T18:50:51.648+0000] {logging_mixin.py:188} INFO - [2024-04-21T18:50:51.648+0000] {dag.py:3096} INFO - Sync 1 DAGs
[2024-04-21T18:50:51.661+0000] {logging_mixin.py:188} INFO - [2024-04-21T18:50:51.661+0000] {dag.py:3954} INFO - Setting next_dagrun for parser to None, run_after=None
[2024-04-21T18:50:51.670+0000] {processor.py:183} INFO - Processing /opt/airflow/dags/parser.py took 0.050 seconds
[2024-04-21T18:51:21.737+0000] {processor.py:161} INFO - Started process (PID=104) to work on /opt/airflow/dags/parser.py
[2024-04-21T18:51:21.737+0000] {processor.py:830} INFO - Processing file /opt/airflow/dags/parser.py for tasks to queue
[2024-04-21T18:51:21.738+0000] {logging_mixin.py:188} INFO - [2024-04-21T18:51:21.738+0000] {dagbag.py:540} INFO - Filling up the DagBag from /opt/airflow/dags/parser.py
[2024-04-21T18:51:21.743+0000] {processor.py:840} INFO - DAG(s) 'parser' retrieved from /opt/airflow/dags/parser.py
[2024-04-21T18:51:21.760+0000] {logging_mixin.py:188} INFO - [2024-04-21T18:51:21.760+0000] {dag.py:3096} INFO - Sync 1 DAGs
[2024-04-21T18:51:21.773+0000] {logging_mixin.py:188} INFO - [2024-04-21T18:51:21.773+0000] {dag.py:3954} INFO - Setting next_dagrun for parser to None, run_after=None
[2024-04-21T18:51:21.783+0000] {processor.py:183} INFO - Processing /opt/airflow/dags/parser.py took 0.049 seconds
[2024-04-21T18:51:51.838+0000] {processor.py:161} INFO - Started process (PID=112) to work on /opt/airflow/dags/parser.py
[2024-04-21T18:51:51.839+0000] {processor.py:830} INFO - Processing file /opt/airflow/dags/parser.py for tasks to queue
[2024-04-21T18:51:51.840+0000] {logging_mixin.py:188} INFO - [2024-04-21T18:51:51.840+0000] {dagbag.py:540} INFO - Filling up the DagBag from /opt/airflow/dags/parser.py
[2024-04-21T18:51:51.845+0000] {processor.py:840} INFO - DAG(s) 'parser' retrieved from /opt/airflow/dags/parser.py
[2024-04-21T18:51:51.862+0000] {logging_mixin.py:188} INFO - [2024-04-21T18:51:51.861+0000] {dag.py:3096} INFO - Sync 1 DAGs
[2024-04-21T18:51:51.874+0000] {logging_mixin.py:188} INFO - [2024-04-21T18:51:51.874+0000] {dag.py:3954} INFO - Setting next_dagrun for parser to None, run_after=None
[2024-04-21T18:51:51.883+0000] {processor.py:183} INFO - Processing /opt/airflow/dags/parser.py took 0.048 seconds
[2024-04-21T18:52:21.971+0000] {processor.py:161} INFO - Started process (PID=120) to work on /opt/airflow/dags/parser.py
[2024-04-21T18:52:21.972+0000] {processor.py:830} INFO - Processing file /opt/airflow/dags/parser.py for tasks to queue
[2024-04-21T18:52:21.973+0000] {logging_mixin.py:188} INFO - [2024-04-21T18:52:21.973+0000] {dagbag.py:540} INFO - Filling up the DagBag from /opt/airflow/dags/parser.py
[2024-04-21T18:52:21.978+0000] {processor.py:840} INFO - DAG(s) 'parser' retrieved from /opt/airflow/dags/parser.py
[2024-04-21T18:52:21.995+0000] {logging_mixin.py:188} INFO - [2024-04-21T18:52:21.995+0000] {dag.py:3096} INFO - Sync 1 DAGs
[2024-04-21T18:52:22.007+0000] {logging_mixin.py:188} INFO - [2024-04-21T18:52:22.007+0000] {dag.py:3954} INFO - Setting next_dagrun for parser to None, run_after=None
[2024-04-21T18:52:22.016+0000] {processor.py:183} INFO - Processing /opt/airflow/dags/parser.py took 0.048 seconds
[2024-04-21T18:52:52.075+0000] {processor.py:161} INFO - Started process (PID=128) to work on /opt/airflow/dags/parser.py
[2024-04-21T18:52:52.075+0000] {processor.py:830} INFO - Processing file /opt/airflow/dags/parser.py for tasks to queue
[2024-04-21T18:52:52.076+0000] {logging_mixin.py:188} INFO - [2024-04-21T18:52:52.076+0000] {dagbag.py:540} INFO - Filling up the DagBag from /opt/airflow/dags/parser.py
[2024-04-21T18:52:52.081+0000] {processor.py:840} INFO - DAG(s) 'parser' retrieved from /opt/airflow/dags/parser.py
[2024-04-21T18:52:52.096+0000] {logging_mixin.py:188} INFO - [2024-04-21T18:52:52.096+0000] {dag.py:3096} INFO - Sync 1 DAGs
[2024-04-21T18:52:52.109+0000] {logging_mixin.py:188} INFO - [2024-04-21T18:52:52.109+0000] {dag.py:3954} INFO - Setting next_dagrun for parser to None, run_after=None
[2024-04-21T18:52:52.118+0000] {processor.py:183} INFO - Processing /opt/airflow/dags/parser.py took 0.047 seconds
[2024-04-21T18:53:22.185+0000] {processor.py:161} INFO - Started process (PID=136) to work on /opt/airflow/dags/parser.py
[2024-04-21T18:53:22.185+0000] {processor.py:830} INFO - Processing file /opt/airflow/dags/parser.py for tasks to queue
[2024-04-21T18:53:22.186+0000] {logging_mixin.py:188} INFO - [2024-04-21T18:53:22.186+0000] {dagbag.py:540} INFO - Filling up the DagBag from /opt/airflow/dags/parser.py
[2024-04-21T18:53:22.192+0000] {processor.py:840} INFO - DAG(s) 'parser' retrieved from /opt/airflow/dags/parser.py
[2024-04-21T18:53:22.209+0000] {logging_mixin.py:188} INFO - [2024-04-21T18:53:22.209+0000] {dag.py:3096} INFO - Sync 1 DAGs
[2024-04-21T18:53:22.224+0000] {logging_mixin.py:188} INFO - [2024-04-21T18:53:22.223+0000] {dag.py:3954} INFO - Setting next_dagrun for parser to None, run_after=None
[2024-04-21T18:53:22.235+0000] {processor.py:183} INFO - Processing /opt/airflow/dags/parser.py took 0.054 seconds
[2024-04-21T18:53:52.349+0000] {processor.py:161} INFO - Started process (PID=144) to work on /opt/airflow/dags/parser.py
[2024-04-21T18:53:52.349+0000] {processor.py:830} INFO - Processing file /opt/airflow/dags/parser.py for tasks to queue
[2024-04-21T18:53:52.350+0000] {logging_mixin.py:188} INFO - [2024-04-21T18:53:52.350+0000] {dagbag.py:540} INFO - Filling up the DagBag from /opt/airflow/dags/parser.py
[2024-04-21T18:53:52.355+0000] {processor.py:840} INFO - DAG(s) 'parser' retrieved from /opt/airflow/dags/parser.py
[2024-04-21T18:53:52.372+0000] {logging_mixin.py:188} INFO - [2024-04-21T18:53:52.372+0000] {dag.py:3096} INFO - Sync 1 DAGs
[2024-04-21T18:53:52.384+0000] {logging_mixin.py:188} INFO - [2024-04-21T18:53:52.384+0000] {dag.py:3954} INFO - Setting next_dagrun for parser to None, run_after=None
[2024-04-21T18:53:52.393+0000] {processor.py:183} INFO - Processing /opt/airflow/dags/parser.py took 0.048 seconds
[2024-04-21T18:54:22.447+0000] {processor.py:161} INFO - Started process (PID=152) to work on /opt/airflow/dags/parser.py
[2024-04-21T18:54:22.447+0000] {processor.py:830} INFO - Processing file /opt/airflow/dags/parser.py for tasks to queue
[2024-04-21T18:54:22.449+0000] {logging_mixin.py:188} INFO - [2024-04-21T18:54:22.449+0000] {dagbag.py:540} INFO - Filling up the DagBag from /opt/airflow/dags/parser.py
[2024-04-21T18:54:22.454+0000] {processor.py:840} INFO - DAG(s) 'parser' retrieved from /opt/airflow/dags/parser.py
[2024-04-21T18:54:22.470+0000] {logging_mixin.py:188} INFO - [2024-04-21T18:54:22.469+0000] {dag.py:3096} INFO - Sync 1 DAGs
[2024-04-21T18:54:22.482+0000] {logging_mixin.py:188} INFO - [2024-04-21T18:54:22.482+0000] {dag.py:3954} INFO - Setting next_dagrun for parser to None, run_after=None
[2024-04-21T18:54:22.491+0000] {processor.py:183} INFO - Processing /opt/airflow/dags/parser.py took 0.047 seconds
[2024-04-21T18:54:52.609+0000] {processor.py:161} INFO - Started process (PID=160) to work on /opt/airflow/dags/parser.py
[2024-04-21T18:54:52.618+0000] {processor.py:830} INFO - Processing file /opt/airflow/dags/parser.py for tasks to queue
[2024-04-21T18:54:52.620+0000] {logging_mixin.py:188} INFO - [2024-04-21T18:54:52.619+0000] {dagbag.py:540} INFO - Filling up the DagBag from /opt/airflow/dags/parser.py
[2024-04-21T18:54:52.625+0000] {processor.py:840} INFO - DAG(s) 'parser' retrieved from /opt/airflow/dags/parser.py
[2024-04-21T18:54:52.645+0000] {logging_mixin.py:188} INFO - [2024-04-21T18:54:52.645+0000] {dag.py:3096} INFO - Sync 1 DAGs
[2024-04-21T18:54:52.661+0000] {logging_mixin.py:188} INFO - [2024-04-21T18:54:52.661+0000] {dag.py:3954} INFO - Setting next_dagrun for parser to None, run_after=None
[2024-04-21T18:54:52.672+0000] {processor.py:183} INFO - Processing /opt/airflow/dags/parser.py took 0.067 seconds
[2024-04-21T18:56:09.819+0000] {processor.py:161} INFO - Started process (PID=40) to work on /opt/airflow/dags/parser.py
[2024-04-21T18:56:09.820+0000] {processor.py:830} INFO - Processing file /opt/airflow/dags/parser.py for tasks to queue
[2024-04-21T18:56:09.821+0000] {logging_mixin.py:188} INFO - [2024-04-21T18:56:09.821+0000] {dagbag.py:540} INFO - Filling up the DagBag from /opt/airflow/dags/parser.py
[2024-04-21T18:56:09.825+0000] {processor.py:840} INFO - DAG(s) 'parser' retrieved from /opt/airflow/dags/parser.py
[2024-04-21T18:56:09.977+0000] {logging_mixin.py:188} INFO - [2024-04-21T18:56:09.977+0000] {dag.py:3096} INFO - Sync 1 DAGs
[2024-04-21T18:56:09.991+0000] {logging_mixin.py:188} INFO - [2024-04-21T18:56:09.991+0000] {dag.py:3954} INFO - Setting next_dagrun for parser to None, run_after=None
[2024-04-21T18:56:10.002+0000] {processor.py:183} INFO - Processing /opt/airflow/dags/parser.py took 0.186 seconds
[2024-04-21T18:56:40.092+0000] {processor.py:161} INFO - Started process (PID=48) to work on /opt/airflow/dags/parser.py
[2024-04-21T18:56:40.101+0000] {processor.py:830} INFO - Processing file /opt/airflow/dags/parser.py for tasks to queue
[2024-04-21T18:56:40.102+0000] {logging_mixin.py:188} INFO - [2024-04-21T18:56:40.102+0000] {dagbag.py:540} INFO - Filling up the DagBag from /opt/airflow/dags/parser.py
[2024-04-21T18:56:40.106+0000] {processor.py:840} INFO - DAG(s) 'parser' retrieved from /opt/airflow/dags/parser.py
[2024-04-21T18:56:40.125+0000] {logging_mixin.py:188} INFO - [2024-04-21T18:56:40.125+0000] {dag.py:3096} INFO - Sync 1 DAGs
[2024-04-21T18:56:40.138+0000] {logging_mixin.py:188} INFO - [2024-04-21T18:56:40.137+0000] {dag.py:3954} INFO - Setting next_dagrun for parser to None, run_after=None
[2024-04-21T18:56:40.146+0000] {processor.py:183} INFO - Processing /opt/airflow/dags/parser.py took 0.058 seconds
[2024-04-21T18:57:10.194+0000] {processor.py:161} INFO - Started process (PID=56) to work on /opt/airflow/dags/parser.py
[2024-04-21T18:57:10.195+0000] {processor.py:830} INFO - Processing file /opt/airflow/dags/parser.py for tasks to queue
[2024-04-21T18:57:10.196+0000] {logging_mixin.py:188} INFO - [2024-04-21T18:57:10.196+0000] {dagbag.py:540} INFO - Filling up the DagBag from /opt/airflow/dags/parser.py
[2024-04-21T18:57:10.204+0000] {processor.py:840} INFO - DAG(s) 'parser' retrieved from /opt/airflow/dags/parser.py
[2024-04-21T18:57:10.223+0000] {logging_mixin.py:188} INFO - [2024-04-21T18:57:10.222+0000] {dag.py:3096} INFO - Sync 1 DAGs
[2024-04-21T18:57:10.237+0000] {logging_mixin.py:188} INFO - [2024-04-21T18:57:10.237+0000] {dag.py:3954} INFO - Setting next_dagrun for parser to None, run_after=None
[2024-04-21T18:57:10.246+0000] {processor.py:183} INFO - Processing /opt/airflow/dags/parser.py took 0.055 seconds
[2024-04-21T18:57:40.349+0000] {processor.py:161} INFO - Started process (PID=64) to work on /opt/airflow/dags/parser.py
[2024-04-21T18:57:40.350+0000] {processor.py:830} INFO - Processing file /opt/airflow/dags/parser.py for tasks to queue
[2024-04-21T18:57:40.351+0000] {logging_mixin.py:188} INFO - [2024-04-21T18:57:40.350+0000] {dagbag.py:540} INFO - Filling up the DagBag from /opt/airflow/dags/parser.py
[2024-04-21T18:57:40.356+0000] {processor.py:840} INFO - DAG(s) 'parser' retrieved from /opt/airflow/dags/parser.py
[2024-04-21T18:57:40.371+0000] {logging_mixin.py:188} INFO - [2024-04-21T18:57:40.371+0000] {dag.py:3096} INFO - Sync 1 DAGs
[2024-04-21T18:57:40.383+0000] {logging_mixin.py:188} INFO - [2024-04-21T18:57:40.383+0000] {dag.py:3954} INFO - Setting next_dagrun for parser to None, run_after=None
[2024-04-21T18:57:40.392+0000] {processor.py:183} INFO - Processing /opt/airflow/dags/parser.py took 0.046 seconds
