[2024-05-18T22:06:15.688+0000] {local_task_job_runner.py:120} INFO - ::group::Pre task execution logs
[2024-05-18T22:06:15.702+0000] {taskinstance.py:2073} INFO - Dependencies all met for dep_context=non-requeueable deps ti=<TaskInstance: games.get_id_step scheduled__2023-01-01T00:00:00+00:00 [queued]>
[2024-05-18T22:06:15.707+0000] {taskinstance.py:2073} INFO - Dependencies all met for dep_context=requeueable deps ti=<TaskInstance: games.get_id_step scheduled__2023-01-01T00:00:00+00:00 [queued]>
[2024-05-18T22:06:15.707+0000] {taskinstance.py:2303} INFO - Starting attempt 1 of 1
[2024-05-18T22:06:15.725+0000] {taskinstance.py:2327} INFO - Executing <Task(PythonOperator): get_id_step> on 2023-01-01 00:00:00+00:00
[2024-05-18T22:06:15.732+0000] {warnings.py:110} WARNING - /home/***/.local/lib/python3.12/site-packages/***/task/task_runner/standard_task_runner.py:61: DeprecationWarning: This process (pid=66) is multi-threaded, use of fork() may lead to deadlocks in the child.
  pid = os.fork()

[2024-05-18T22:06:15.733+0000] {standard_task_runner.py:63} INFO - Started process 77 to run task
[2024-05-18T22:06:15.733+0000] {standard_task_runner.py:90} INFO - Running: ['***', 'tasks', 'run', 'games', 'get_id_step', 'scheduled__2023-01-01T00:00:00+00:00', '--job-id', '483', '--raw', '--subdir', 'DAGS_FOLDER/get_main_games.py', '--cfg-path', '/tmp/tmpqk4sore1']
[2024-05-18T22:06:15.735+0000] {standard_task_runner.py:91} INFO - Job 483: Subtask get_id_step
[2024-05-18T22:06:15.761+0000] {task_command.py:426} INFO - Running <TaskInstance: games.get_id_step scheduled__2023-01-01T00:00:00+00:00 [running]> on host 2ae0aa1ff24c
[2024-05-18T22:06:15.825+0000] {taskinstance.py:2644} INFO - Exporting env vars: AIRFLOW_CTX_DAG_OWNER='***' AIRFLOW_CTX_DAG_ID='games' AIRFLOW_CTX_TASK_ID='get_id_step' AIRFLOW_CTX_EXECUTION_DATE='2023-01-01T00:00:00+00:00' AIRFLOW_CTX_TRY_NUMBER='1' AIRFLOW_CTX_DAG_RUN_ID='scheduled__2023-01-01T00:00:00+00:00'
[2024-05-18T22:06:15.825+0000] {taskinstance.py:430} INFO - ::endgroup::
[2024-05-18T22:06:17.199+0000] {python.py:237} INFO - Done. Returned value was: [578, 489, 418, 363, 274, 210, 79, 54, 42, 27, 22, 21, 20, 19, 18, 17, 16, 15, 14, 13, 12, 11, 10, 9, 8, 7, 6, 5, 4, 3, 2, 1]
[2024-05-18T22:06:17.199+0000] {taskinstance.py:441} INFO - ::group::Post task execution logs
[2024-05-18T22:06:17.212+0000] {taskinstance.py:1205} INFO - Marking task as SUCCESS. dag_id=games, task_id=get_id_step, execution_date=20230101T000000, start_date=20240518T220615, end_date=20240518T220617
[2024-05-18T22:06:17.228+0000] {local_task_job_runner.py:240} INFO - Task exited with return code 0
[2024-05-18T22:06:17.243+0000] {taskinstance.py:3482} INFO - 0 downstream tasks scheduled from follow-on schedule check
[2024-05-18T22:06:17.244+0000] {local_task_job_runner.py:222} INFO - ::endgroup::
[2024-05-18T22:34:48.813+0000] {local_task_job_runner.py:120} INFO - ::group::Pre task execution logs
[2024-05-18T22:34:48.826+0000] {taskinstance.py:2073} INFO - Dependencies all met for dep_context=non-requeueable deps ti=<TaskInstance: games.get_id_step scheduled__2023-01-01T00:00:00+00:00 [queued]>
[2024-05-18T22:34:48.830+0000] {taskinstance.py:2073} INFO - Dependencies all met for dep_context=requeueable deps ti=<TaskInstance: games.get_id_step scheduled__2023-01-01T00:00:00+00:00 [queued]>
[2024-05-18T22:34:48.830+0000] {taskinstance.py:2303} INFO - Starting attempt 1 of 1
[2024-05-18T22:34:48.838+0000] {taskinstance.py:2327} INFO - Executing <Task(PythonOperator): get_id_step> on 2023-01-01 00:00:00+00:00
[2024-05-18T22:34:48.845+0000] {warnings.py:110} WARNING - /home/***/.local/lib/python3.12/site-packages/***/task/task_runner/standard_task_runner.py:61: DeprecationWarning: This process (pid=143) is multi-threaded, use of fork() may lead to deadlocks in the child.
  pid = os.fork()

[2024-05-18T22:34:48.845+0000] {standard_task_runner.py:63} INFO - Started process 148 to run task
[2024-05-18T22:34:48.846+0000] {standard_task_runner.py:90} INFO - Running: ['***', 'tasks', 'run', 'games', 'get_id_step', 'scheduled__2023-01-01T00:00:00+00:00', '--job-id', '512', '--raw', '--subdir', 'DAGS_FOLDER/get_main_games.py', '--cfg-path', '/tmp/tmp1kh6udtp']
[2024-05-18T22:34:48.846+0000] {standard_task_runner.py:91} INFO - Job 512: Subtask get_id_step
[2024-05-18T22:34:48.872+0000] {task_command.py:426} INFO - Running <TaskInstance: games.get_id_step scheduled__2023-01-01T00:00:00+00:00 [running]> on host 256b22cb9d78
[2024-05-18T22:34:48.920+0000] {taskinstance.py:2644} INFO - Exporting env vars: AIRFLOW_CTX_DAG_OWNER='***' AIRFLOW_CTX_DAG_ID='games' AIRFLOW_CTX_TASK_ID='get_id_step' AIRFLOW_CTX_EXECUTION_DATE='2023-01-01T00:00:00+00:00' AIRFLOW_CTX_TRY_NUMBER='1' AIRFLOW_CTX_DAG_RUN_ID='scheduled__2023-01-01T00:00:00+00:00'
[2024-05-18T22:34:48.921+0000] {taskinstance.py:430} INFO - ::endgroup::
[2024-05-18T22:34:50.175+0000] {python.py:237} INFO - Done. Returned value was: [578, 489, 418, 363, 274, 210, 79, 54, 42, 27, 22, 21, 20, 19, 18, 17, 16, 15, 14, 13, 12, 11, 10, 9, 8, 7, 6, 5, 4, 3, 2, 1]
[2024-05-18T22:34:50.175+0000] {taskinstance.py:441} INFO - ::group::Post task execution logs
[2024-05-18T22:34:50.206+0000] {taskinstance.py:1205} INFO - Marking task as SUCCESS. dag_id=games, task_id=get_id_step, execution_date=20230101T000000, start_date=20240518T223448, end_date=20240518T223450
[2024-05-18T22:34:50.220+0000] {local_task_job_runner.py:240} INFO - Task exited with return code 0
[2024-05-18T22:34:50.236+0000] {taskinstance.py:3482} INFO - 1 downstream tasks scheduled from follow-on schedule check
[2024-05-18T22:34:50.237+0000] {local_task_job_runner.py:222} INFO - ::endgroup::
