[2024-04-21T18:43:32.709+0000] {local_task_job_runner.py:120} INFO - ::group::Pre task execution logs
[2024-04-21T18:43:32.724+0000] {taskinstance.py:2073} INFO - Dependencies all met for dep_context=non-requeueable deps ti=<TaskInstance: get_seasons.load_data scheduled__2023-01-01T00:00:00+00:00 [queued]>
[2024-04-21T18:43:32.729+0000] {taskinstance.py:2073} INFO - Dependencies all met for dep_context=requeueable deps ti=<TaskInstance: get_seasons.load_data scheduled__2023-01-01T00:00:00+00:00 [queued]>
[2024-04-21T18:43:32.729+0000] {taskinstance.py:2303} INFO - Starting attempt 1 of 1
[2024-04-21T18:43:32.737+0000] {taskinstance.py:2327} INFO - Executing <Task(PythonOperator): load_data> on 2023-01-01 00:00:00+00:00
[2024-04-21T18:43:32.743+0000] {warnings.py:110} WARNING - /home/***/.local/lib/python3.12/site-packages/***/task/task_runner/standard_task_runner.py:61: DeprecationWarning: This process (pid=75) is multi-threaded, use of fork() may lead to deadlocks in the child.
  pid = os.fork()

[2024-04-21T18:43:32.744+0000] {standard_task_runner.py:63} INFO - Started process 79 to run task
[2024-04-21T18:43:32.745+0000] {standard_task_runner.py:90} INFO - Running: ['***', 'tasks', 'run', 'get_seasons', 'load_data', 'scheduled__2023-01-01T00:00:00+00:00', '--job-id', '96', '--raw', '--subdir', 'DAGS_FOLDER/get_seasons.py', '--cfg-path', '/tmp/tmpyhjtay9q']
[2024-04-21T18:43:32.746+0000] {standard_task_runner.py:91} INFO - Job 96: Subtask load_data
[2024-04-21T18:43:32.775+0000] {task_command.py:426} INFO - Running <TaskInstance: get_seasons.load_data scheduled__2023-01-01T00:00:00+00:00 [running]> on host 1b028cb3fd08
[2024-04-21T18:43:32.826+0000] {taskinstance.py:2644} INFO - Exporting env vars: AIRFLOW_CTX_DAG_OWNER='***' AIRFLOW_CTX_DAG_ID='get_seasons' AIRFLOW_CTX_TASK_ID='load_data' AIRFLOW_CTX_EXECUTION_DATE='2023-01-01T00:00:00+00:00' AIRFLOW_CTX_TRY_NUMBER='1' AIRFLOW_CTX_DAG_RUN_ID='scheduled__2023-01-01T00:00:00+00:00'
[2024-04-21T18:43:32.827+0000] {taskinstance.py:430} INFO - ::endgroup::
[2024-04-21T18:43:32.840+0000] {base.py:84} INFO - Using connection ID '***' for task execution.
[2024-04-21T18:43:33.177+0000] {sql.py:580} INFO - Done loading. Loaded a total of 0 rows into season
[2024-04-21T18:43:33.177+0000] {python.py:237} INFO - Done. Returned value was: None
[2024-04-21T18:43:33.178+0000] {taskinstance.py:441} INFO - ::group::Post task execution logs
[2024-04-21T18:43:33.184+0000] {taskinstance.py:1205} INFO - Marking task as SUCCESS. dag_id=get_seasons, task_id=load_data, execution_date=20230101T000000, start_date=20240421T184332, end_date=20240421T184333
[2024-04-21T18:43:33.238+0000] {local_task_job_runner.py:240} INFO - Task exited with return code 0
[2024-04-21T18:43:33.249+0000] {taskinstance.py:3482} INFO - 0 downstream tasks scheduled from follow-on schedule check
[2024-04-21T18:43:33.250+0000] {local_task_job_runner.py:222} INFO - ::endgroup::
