[2024-03-16T05:12:48.853+0000] {processor.py:157} INFO - Started process (PID=41) to work on /home/airflow/.local/lib/python3.10/site-packages/airflow/example_dags/example_sensors.py
[2024-03-16T05:12:48.854+0000] {processor.py:829} INFO - Processing file /home/airflow/.local/lib/python3.10/site-packages/airflow/example_dags/example_sensors.py for tasks to queue
[2024-03-16T05:12:48.855+0000] {logging_mixin.py:154} INFO - [2024-03-16T05:12:48.855+0000] {dagbag.py:536} INFO - Filling up the DagBag from /home/airflow/.local/lib/python3.10/site-packages/airflow/example_dags/example_sensors.py
[2024-03-16T05:12:48.862+0000] {processor.py:839} INFO - DAG(s) dict_keys(['example_sensors']) retrieved from /home/airflow/.local/lib/python3.10/site-packages/airflow/example_dags/example_sensors.py
[2024-03-16T05:12:48.881+0000] {logging_mixin.py:154} INFO - [2024-03-16T05:12:48.881+0000] {dag.py:2941} INFO - Sync 1 DAGs
[2024-03-16T05:12:48.888+0000] {logging_mixin.py:154} INFO - [2024-03-16T05:12:48.888+0000] {dag.py:3722} INFO - Setting next_dagrun for example_sensors to None, run_after=None
[2024-03-16T05:12:48.896+0000] {processor.py:179} INFO - Processing /home/airflow/.local/lib/python3.10/site-packages/airflow/example_dags/example_sensors.py took 0.045 seconds
[2024-03-16T05:13:19.701+0000] {processor.py:157} INFO - Started process (PID=95) to work on /home/airflow/.local/lib/python3.10/site-packages/airflow/example_dags/example_sensors.py
[2024-03-16T05:13:19.733+0000] {processor.py:829} INFO - Processing file /home/airflow/.local/lib/python3.10/site-packages/airflow/example_dags/example_sensors.py for tasks to queue
[2024-03-16T05:13:19.735+0000] {logging_mixin.py:154} INFO - [2024-03-16T05:13:19.734+0000] {dagbag.py:536} INFO - Filling up the DagBag from /home/airflow/.local/lib/python3.10/site-packages/airflow/example_dags/example_sensors.py
[2024-03-16T05:13:19.741+0000] {processor.py:839} INFO - DAG(s) dict_keys(['example_sensors']) retrieved from /home/airflow/.local/lib/python3.10/site-packages/airflow/example_dags/example_sensors.py
[2024-03-16T05:13:19.760+0000] {logging_mixin.py:154} INFO - [2024-03-16T05:13:19.760+0000] {dag.py:2941} INFO - Sync 1 DAGs
[2024-03-16T05:13:19.770+0000] {logging_mixin.py:154} INFO - [2024-03-16T05:13:19.770+0000] {dag.py:3722} INFO - Setting next_dagrun for example_sensors to None, run_after=None
[2024-03-16T05:13:19.783+0000] {processor.py:179} INFO - Processing /home/airflow/.local/lib/python3.10/site-packages/airflow/example_dags/example_sensors.py took 0.084 seconds
[2024-03-16T05:13:50.551+0000] {processor.py:157} INFO - Started process (PID=149) to work on /home/airflow/.local/lib/python3.10/site-packages/airflow/example_dags/example_sensors.py
[2024-03-16T05:13:50.551+0000] {processor.py:829} INFO - Processing file /home/airflow/.local/lib/python3.10/site-packages/airflow/example_dags/example_sensors.py for tasks to queue
[2024-03-16T05:13:50.552+0000] {logging_mixin.py:154} INFO - [2024-03-16T05:13:50.552+0000] {dagbag.py:536} INFO - Filling up the DagBag from /home/airflow/.local/lib/python3.10/site-packages/airflow/example_dags/example_sensors.py
[2024-03-16T05:13:50.557+0000] {processor.py:839} INFO - DAG(s) dict_keys(['example_sensors']) retrieved from /home/airflow/.local/lib/python3.10/site-packages/airflow/example_dags/example_sensors.py
[2024-03-16T05:13:50.571+0000] {logging_mixin.py:154} INFO - [2024-03-16T05:13:50.571+0000] {dag.py:2941} INFO - Sync 1 DAGs
[2024-03-16T05:13:50.577+0000] {logging_mixin.py:154} INFO - [2024-03-16T05:13:50.577+0000] {dag.py:3722} INFO - Setting next_dagrun for example_sensors to None, run_after=None
[2024-03-16T05:13:50.586+0000] {processor.py:179} INFO - Processing /home/airflow/.local/lib/python3.10/site-packages/airflow/example_dags/example_sensors.py took 0.038 seconds
[2024-03-16T05:14:21.276+0000] {processor.py:157} INFO - Started process (PID=203) to work on /home/airflow/.local/lib/python3.10/site-packages/airflow/example_dags/example_sensors.py
[2024-03-16T05:14:21.276+0000] {processor.py:829} INFO - Processing file /home/airflow/.local/lib/python3.10/site-packages/airflow/example_dags/example_sensors.py for tasks to queue
[2024-03-16T05:14:21.277+0000] {logging_mixin.py:154} INFO - [2024-03-16T05:14:21.277+0000] {dagbag.py:536} INFO - Filling up the DagBag from /home/airflow/.local/lib/python3.10/site-packages/airflow/example_dags/example_sensors.py
[2024-03-16T05:14:21.282+0000] {processor.py:839} INFO - DAG(s) dict_keys(['example_sensors']) retrieved from /home/airflow/.local/lib/python3.10/site-packages/airflow/example_dags/example_sensors.py
[2024-03-16T05:14:21.297+0000] {logging_mixin.py:154} INFO - [2024-03-16T05:14:21.297+0000] {dag.py:2941} INFO - Sync 1 DAGs
[2024-03-16T05:14:21.304+0000] {logging_mixin.py:154} INFO - [2024-03-16T05:14:21.304+0000] {dag.py:3722} INFO - Setting next_dagrun for example_sensors to None, run_after=None
[2024-03-16T05:14:21.312+0000] {processor.py:179} INFO - Processing /home/airflow/.local/lib/python3.10/site-packages/airflow/example_dags/example_sensors.py took 0.038 seconds
[2024-03-16T05:14:51.926+0000] {processor.py:157} INFO - Started process (PID=257) to work on /home/airflow/.local/lib/python3.10/site-packages/airflow/example_dags/example_sensors.py
[2024-03-16T05:14:51.927+0000] {processor.py:829} INFO - Processing file /home/airflow/.local/lib/python3.10/site-packages/airflow/example_dags/example_sensors.py for tasks to queue
[2024-03-16T05:14:51.928+0000] {logging_mixin.py:154} INFO - [2024-03-16T05:14:51.927+0000] {dagbag.py:536} INFO - Filling up the DagBag from /home/airflow/.local/lib/python3.10/site-packages/airflow/example_dags/example_sensors.py
[2024-03-16T05:14:51.932+0000] {processor.py:839} INFO - DAG(s) dict_keys(['example_sensors']) retrieved from /home/airflow/.local/lib/python3.10/site-packages/airflow/example_dags/example_sensors.py
[2024-03-16T05:14:51.947+0000] {logging_mixin.py:154} INFO - [2024-03-16T05:14:51.947+0000] {dag.py:2941} INFO - Sync 1 DAGs
[2024-03-16T05:14:51.955+0000] {logging_mixin.py:154} INFO - [2024-03-16T05:14:51.955+0000] {dag.py:3722} INFO - Setting next_dagrun for example_sensors to None, run_after=None
[2024-03-16T05:14:51.964+0000] {processor.py:179} INFO - Processing /home/airflow/.local/lib/python3.10/site-packages/airflow/example_dags/example_sensors.py took 0.040 seconds
[2024-03-16T05:15:22.571+0000] {processor.py:157} INFO - Started process (PID=311) to work on /home/airflow/.local/lib/python3.10/site-packages/airflow/example_dags/example_sensors.py
[2024-03-16T05:15:22.571+0000] {processor.py:829} INFO - Processing file /home/airflow/.local/lib/python3.10/site-packages/airflow/example_dags/example_sensors.py for tasks to queue
[2024-03-16T05:15:22.572+0000] {logging_mixin.py:154} INFO - [2024-03-16T05:15:22.572+0000] {dagbag.py:536} INFO - Filling up the DagBag from /home/airflow/.local/lib/python3.10/site-packages/airflow/example_dags/example_sensors.py
[2024-03-16T05:15:22.577+0000] {processor.py:839} INFO - DAG(s) dict_keys(['example_sensors']) retrieved from /home/airflow/.local/lib/python3.10/site-packages/airflow/example_dags/example_sensors.py
[2024-03-16T05:15:22.592+0000] {logging_mixin.py:154} INFO - [2024-03-16T05:15:22.591+0000] {dag.py:2941} INFO - Sync 1 DAGs
[2024-03-16T05:15:22.598+0000] {logging_mixin.py:154} INFO - [2024-03-16T05:15:22.598+0000] {dag.py:3722} INFO - Setting next_dagrun for example_sensors to None, run_after=None
[2024-03-16T05:15:22.606+0000] {processor.py:179} INFO - Processing /home/airflow/.local/lib/python3.10/site-packages/airflow/example_dags/example_sensors.py took 0.038 seconds
[2024-03-16T05:15:53.154+0000] {processor.py:157} INFO - Started process (PID=365) to work on /home/airflow/.local/lib/python3.10/site-packages/airflow/example_dags/example_sensors.py
[2024-03-16T05:15:53.154+0000] {processor.py:829} INFO - Processing file /home/airflow/.local/lib/python3.10/site-packages/airflow/example_dags/example_sensors.py for tasks to queue
[2024-03-16T05:15:53.155+0000] {logging_mixin.py:154} INFO - [2024-03-16T05:15:53.155+0000] {dagbag.py:536} INFO - Filling up the DagBag from /home/airflow/.local/lib/python3.10/site-packages/airflow/example_dags/example_sensors.py
[2024-03-16T05:15:53.160+0000] {processor.py:839} INFO - DAG(s) dict_keys(['example_sensors']) retrieved from /home/airflow/.local/lib/python3.10/site-packages/airflow/example_dags/example_sensors.py
[2024-03-16T05:15:53.174+0000] {logging_mixin.py:154} INFO - [2024-03-16T05:15:53.174+0000] {dag.py:2941} INFO - Sync 1 DAGs
[2024-03-16T05:15:53.181+0000] {logging_mixin.py:154} INFO - [2024-03-16T05:15:53.181+0000] {dag.py:3722} INFO - Setting next_dagrun for example_sensors to None, run_after=None
[2024-03-16T05:15:53.189+0000] {processor.py:179} INFO - Processing /home/airflow/.local/lib/python3.10/site-packages/airflow/example_dags/example_sensors.py took 0.038 seconds
[2024-03-16T05:16:23.834+0000] {processor.py:157} INFO - Started process (PID=419) to work on /home/airflow/.local/lib/python3.10/site-packages/airflow/example_dags/example_sensors.py
[2024-03-16T05:16:23.835+0000] {processor.py:829} INFO - Processing file /home/airflow/.local/lib/python3.10/site-packages/airflow/example_dags/example_sensors.py for tasks to queue
[2024-03-16T05:16:23.836+0000] {logging_mixin.py:154} INFO - [2024-03-16T05:16:23.836+0000] {dagbag.py:536} INFO - Filling up the DagBag from /home/airflow/.local/lib/python3.10/site-packages/airflow/example_dags/example_sensors.py
[2024-03-16T05:16:23.841+0000] {processor.py:839} INFO - DAG(s) dict_keys(['example_sensors']) retrieved from /home/airflow/.local/lib/python3.10/site-packages/airflow/example_dags/example_sensors.py
[2024-03-16T05:16:23.856+0000] {logging_mixin.py:154} INFO - [2024-03-16T05:16:23.856+0000] {dag.py:2941} INFO - Sync 1 DAGs
[2024-03-16T05:16:23.862+0000] {logging_mixin.py:154} INFO - [2024-03-16T05:16:23.862+0000] {dag.py:3722} INFO - Setting next_dagrun for example_sensors to None, run_after=None
[2024-03-16T05:16:23.871+0000] {processor.py:179} INFO - Processing /home/airflow/.local/lib/python3.10/site-packages/airflow/example_dags/example_sensors.py took 0.038 seconds
[2024-03-16T05:16:54.329+0000] {processor.py:157} INFO - Started process (PID=473) to work on /home/airflow/.local/lib/python3.10/site-packages/airflow/example_dags/example_sensors.py
[2024-03-16T05:16:54.329+0000] {processor.py:829} INFO - Processing file /home/airflow/.local/lib/python3.10/site-packages/airflow/example_dags/example_sensors.py for tasks to queue
[2024-03-16T05:16:54.330+0000] {logging_mixin.py:154} INFO - [2024-03-16T05:16:54.330+0000] {dagbag.py:536} INFO - Filling up the DagBag from /home/airflow/.local/lib/python3.10/site-packages/airflow/example_dags/example_sensors.py
[2024-03-16T05:16:54.335+0000] {processor.py:839} INFO - DAG(s) dict_keys(['example_sensors']) retrieved from /home/airflow/.local/lib/python3.10/site-packages/airflow/example_dags/example_sensors.py
[2024-03-16T05:16:54.349+0000] {logging_mixin.py:154} INFO - [2024-03-16T05:16:54.349+0000] {dag.py:2941} INFO - Sync 1 DAGs
[2024-03-16T05:16:54.356+0000] {logging_mixin.py:154} INFO - [2024-03-16T05:16:54.356+0000] {dag.py:3722} INFO - Setting next_dagrun for example_sensors to None, run_after=None
[2024-03-16T05:16:54.364+0000] {processor.py:179} INFO - Processing /home/airflow/.local/lib/python3.10/site-packages/airflow/example_dags/example_sensors.py took 0.037 seconds
[2024-03-16T05:17:24.992+0000] {processor.py:157} INFO - Started process (PID=527) to work on /home/airflow/.local/lib/python3.10/site-packages/airflow/example_dags/example_sensors.py
[2024-03-16T05:17:24.992+0000] {processor.py:829} INFO - Processing file /home/airflow/.local/lib/python3.10/site-packages/airflow/example_dags/example_sensors.py for tasks to queue
[2024-03-16T05:17:24.993+0000] {logging_mixin.py:154} INFO - [2024-03-16T05:17:24.993+0000] {dagbag.py:536} INFO - Filling up the DagBag from /home/airflow/.local/lib/python3.10/site-packages/airflow/example_dags/example_sensors.py
[2024-03-16T05:17:24.998+0000] {processor.py:839} INFO - DAG(s) dict_keys(['example_sensors']) retrieved from /home/airflow/.local/lib/python3.10/site-packages/airflow/example_dags/example_sensors.py
[2024-03-16T05:17:25.013+0000] {logging_mixin.py:154} INFO - [2024-03-16T05:17:25.013+0000] {dag.py:2941} INFO - Sync 1 DAGs
[2024-03-16T05:17:25.020+0000] {logging_mixin.py:154} INFO - [2024-03-16T05:17:25.020+0000] {dag.py:3722} INFO - Setting next_dagrun for example_sensors to None, run_after=None
[2024-03-16T05:17:25.028+0000] {processor.py:179} INFO - Processing /home/airflow/.local/lib/python3.10/site-packages/airflow/example_dags/example_sensors.py took 0.039 seconds
[2024-03-16T05:17:55.843+0000] {processor.py:157} INFO - Started process (PID=581) to work on /home/airflow/.local/lib/python3.10/site-packages/airflow/example_dags/example_sensors.py
[2024-03-16T05:17:55.844+0000] {processor.py:829} INFO - Processing file /home/airflow/.local/lib/python3.10/site-packages/airflow/example_dags/example_sensors.py for tasks to queue
[2024-03-16T05:17:55.845+0000] {logging_mixin.py:154} INFO - [2024-03-16T05:17:55.845+0000] {dagbag.py:536} INFO - Filling up the DagBag from /home/airflow/.local/lib/python3.10/site-packages/airflow/example_dags/example_sensors.py
[2024-03-16T05:17:55.851+0000] {processor.py:839} INFO - DAG(s) dict_keys(['example_sensors']) retrieved from /home/airflow/.local/lib/python3.10/site-packages/airflow/example_dags/example_sensors.py
[2024-03-16T05:17:55.866+0000] {logging_mixin.py:154} INFO - [2024-03-16T05:17:55.866+0000] {dag.py:2941} INFO - Sync 1 DAGs
[2024-03-16T05:17:55.873+0000] {logging_mixin.py:154} INFO - [2024-03-16T05:17:55.873+0000] {dag.py:3722} INFO - Setting next_dagrun for example_sensors to None, run_after=None
[2024-03-16T05:17:55.883+0000] {processor.py:179} INFO - Processing /home/airflow/.local/lib/python3.10/site-packages/airflow/example_dags/example_sensors.py took 0.042 seconds
[2024-03-16T05:18:26.495+0000] {processor.py:157} INFO - Started process (PID=635) to work on /home/airflow/.local/lib/python3.10/site-packages/airflow/example_dags/example_sensors.py
[2024-03-16T05:18:26.496+0000] {processor.py:829} INFO - Processing file /home/airflow/.local/lib/python3.10/site-packages/airflow/example_dags/example_sensors.py for tasks to queue
[2024-03-16T05:18:26.497+0000] {logging_mixin.py:154} INFO - [2024-03-16T05:18:26.496+0000] {dagbag.py:536} INFO - Filling up the DagBag from /home/airflow/.local/lib/python3.10/site-packages/airflow/example_dags/example_sensors.py
[2024-03-16T05:18:26.502+0000] {processor.py:839} INFO - DAG(s) dict_keys(['example_sensors']) retrieved from /home/airflow/.local/lib/python3.10/site-packages/airflow/example_dags/example_sensors.py
[2024-03-16T05:18:26.516+0000] {logging_mixin.py:154} INFO - [2024-03-16T05:18:26.516+0000] {dag.py:2941} INFO - Sync 1 DAGs
[2024-03-16T05:18:26.523+0000] {logging_mixin.py:154} INFO - [2024-03-16T05:18:26.522+0000] {dag.py:3722} INFO - Setting next_dagrun for example_sensors to None, run_after=None
[2024-03-16T05:18:26.531+0000] {processor.py:179} INFO - Processing /home/airflow/.local/lib/python3.10/site-packages/airflow/example_dags/example_sensors.py took 0.038 seconds
[2024-03-16T05:18:57.141+0000] {processor.py:157} INFO - Started process (PID=689) to work on /home/airflow/.local/lib/python3.10/site-packages/airflow/example_dags/example_sensors.py
[2024-03-16T05:18:57.142+0000] {processor.py:829} INFO - Processing file /home/airflow/.local/lib/python3.10/site-packages/airflow/example_dags/example_sensors.py for tasks to queue
[2024-03-16T05:18:57.143+0000] {logging_mixin.py:154} INFO - [2024-03-16T05:18:57.143+0000] {dagbag.py:536} INFO - Filling up the DagBag from /home/airflow/.local/lib/python3.10/site-packages/airflow/example_dags/example_sensors.py
[2024-03-16T05:18:57.148+0000] {processor.py:839} INFO - DAG(s) dict_keys(['example_sensors']) retrieved from /home/airflow/.local/lib/python3.10/site-packages/airflow/example_dags/example_sensors.py
[2024-03-16T05:18:57.163+0000] {logging_mixin.py:154} INFO - [2024-03-16T05:18:57.163+0000] {dag.py:2941} INFO - Sync 1 DAGs
[2024-03-16T05:18:57.170+0000] {logging_mixin.py:154} INFO - [2024-03-16T05:18:57.170+0000] {dag.py:3722} INFO - Setting next_dagrun for example_sensors to None, run_after=None
[2024-03-16T05:18:57.180+0000] {processor.py:179} INFO - Processing /home/airflow/.local/lib/python3.10/site-packages/airflow/example_dags/example_sensors.py took 0.041 seconds
[2024-03-16T05:19:27.849+0000] {processor.py:157} INFO - Started process (PID=743) to work on /home/airflow/.local/lib/python3.10/site-packages/airflow/example_dags/example_sensors.py
[2024-03-16T05:19:27.850+0000] {processor.py:829} INFO - Processing file /home/airflow/.local/lib/python3.10/site-packages/airflow/example_dags/example_sensors.py for tasks to queue
[2024-03-16T05:19:27.851+0000] {logging_mixin.py:154} INFO - [2024-03-16T05:19:27.851+0000] {dagbag.py:536} INFO - Filling up the DagBag from /home/airflow/.local/lib/python3.10/site-packages/airflow/example_dags/example_sensors.py
[2024-03-16T05:19:27.856+0000] {processor.py:839} INFO - DAG(s) dict_keys(['example_sensors']) retrieved from /home/airflow/.local/lib/python3.10/site-packages/airflow/example_dags/example_sensors.py
[2024-03-16T05:19:27.870+0000] {logging_mixin.py:154} INFO - [2024-03-16T05:19:27.870+0000] {dag.py:2941} INFO - Sync 1 DAGs
[2024-03-16T05:19:27.877+0000] {logging_mixin.py:154} INFO - [2024-03-16T05:19:27.877+0000] {dag.py:3722} INFO - Setting next_dagrun for example_sensors to None, run_after=None
[2024-03-16T05:19:27.886+0000] {processor.py:179} INFO - Processing /home/airflow/.local/lib/python3.10/site-packages/airflow/example_dags/example_sensors.py took 0.038 seconds
[2024-03-16T05:19:58.510+0000] {processor.py:157} INFO - Started process (PID=797) to work on /home/airflow/.local/lib/python3.10/site-packages/airflow/example_dags/example_sensors.py
[2024-03-16T05:19:58.510+0000] {processor.py:829} INFO - Processing file /home/airflow/.local/lib/python3.10/site-packages/airflow/example_dags/example_sensors.py for tasks to queue
[2024-03-16T05:19:58.511+0000] {logging_mixin.py:154} INFO - [2024-03-16T05:19:58.511+0000] {dagbag.py:536} INFO - Filling up the DagBag from /home/airflow/.local/lib/python3.10/site-packages/airflow/example_dags/example_sensors.py
[2024-03-16T05:19:58.516+0000] {processor.py:839} INFO - DAG(s) dict_keys(['example_sensors']) retrieved from /home/airflow/.local/lib/python3.10/site-packages/airflow/example_dags/example_sensors.py
[2024-03-16T05:19:58.530+0000] {logging_mixin.py:154} INFO - [2024-03-16T05:19:58.530+0000] {dag.py:2941} INFO - Sync 1 DAGs
[2024-03-16T05:19:58.537+0000] {logging_mixin.py:154} INFO - [2024-03-16T05:19:58.537+0000] {dag.py:3722} INFO - Setting next_dagrun for example_sensors to None, run_after=None
[2024-03-16T05:19:58.546+0000] {processor.py:179} INFO - Processing /home/airflow/.local/lib/python3.10/site-packages/airflow/example_dags/example_sensors.py took 0.038 seconds
[2024-03-16T05:20:29.219+0000] {processor.py:157} INFO - Started process (PID=851) to work on /home/airflow/.local/lib/python3.10/site-packages/airflow/example_dags/example_sensors.py
[2024-03-16T05:20:29.219+0000] {processor.py:829} INFO - Processing file /home/airflow/.local/lib/python3.10/site-packages/airflow/example_dags/example_sensors.py for tasks to queue
[2024-03-16T05:20:29.221+0000] {logging_mixin.py:154} INFO - [2024-03-16T05:20:29.220+0000] {dagbag.py:536} INFO - Filling up the DagBag from /home/airflow/.local/lib/python3.10/site-packages/airflow/example_dags/example_sensors.py
[2024-03-16T05:20:29.226+0000] {processor.py:839} INFO - DAG(s) dict_keys(['example_sensors']) retrieved from /home/airflow/.local/lib/python3.10/site-packages/airflow/example_dags/example_sensors.py
[2024-03-16T05:20:29.241+0000] {logging_mixin.py:154} INFO - [2024-03-16T05:20:29.240+0000] {dag.py:2941} INFO - Sync 1 DAGs
[2024-03-16T05:20:29.248+0000] {logging_mixin.py:154} INFO - [2024-03-16T05:20:29.248+0000] {dag.py:3722} INFO - Setting next_dagrun for example_sensors to None, run_after=None
[2024-03-16T05:20:29.256+0000] {processor.py:179} INFO - Processing /home/airflow/.local/lib/python3.10/site-packages/airflow/example_dags/example_sensors.py took 0.040 seconds
[2024-03-16T05:20:59.973+0000] {processor.py:157} INFO - Started process (PID=905) to work on /home/airflow/.local/lib/python3.10/site-packages/airflow/example_dags/example_sensors.py
[2024-03-16T05:20:59.974+0000] {processor.py:829} INFO - Processing file /home/airflow/.local/lib/python3.10/site-packages/airflow/example_dags/example_sensors.py for tasks to queue
[2024-03-16T05:20:59.975+0000] {logging_mixin.py:154} INFO - [2024-03-16T05:20:59.975+0000] {dagbag.py:536} INFO - Filling up the DagBag from /home/airflow/.local/lib/python3.10/site-packages/airflow/example_dags/example_sensors.py
[2024-03-16T05:20:59.980+0000] {processor.py:839} INFO - DAG(s) dict_keys(['example_sensors']) retrieved from /home/airflow/.local/lib/python3.10/site-packages/airflow/example_dags/example_sensors.py
[2024-03-16T05:20:59.994+0000] {logging_mixin.py:154} INFO - [2024-03-16T05:20:59.994+0000] {dag.py:2941} INFO - Sync 1 DAGs
[2024-03-16T05:21:00.001+0000] {logging_mixin.py:154} INFO - [2024-03-16T05:21:00.001+0000] {dag.py:3722} INFO - Setting next_dagrun for example_sensors to None, run_after=None
[2024-03-16T05:21:00.009+0000] {processor.py:179} INFO - Processing /home/airflow/.local/lib/python3.10/site-packages/airflow/example_dags/example_sensors.py took 0.038 seconds
[2024-03-16T05:21:30.549+0000] {processor.py:157} INFO - Started process (PID=959) to work on /home/airflow/.local/lib/python3.10/site-packages/airflow/example_dags/example_sensors.py
[2024-03-16T05:21:30.549+0000] {processor.py:829} INFO - Processing file /home/airflow/.local/lib/python3.10/site-packages/airflow/example_dags/example_sensors.py for tasks to queue
[2024-03-16T05:21:30.550+0000] {logging_mixin.py:154} INFO - [2024-03-16T05:21:30.550+0000] {dagbag.py:536} INFO - Filling up the DagBag from /home/airflow/.local/lib/python3.10/site-packages/airflow/example_dags/example_sensors.py
[2024-03-16T05:21:30.555+0000] {processor.py:839} INFO - DAG(s) dict_keys(['example_sensors']) retrieved from /home/airflow/.local/lib/python3.10/site-packages/airflow/example_dags/example_sensors.py
[2024-03-16T05:21:30.570+0000] {logging_mixin.py:154} INFO - [2024-03-16T05:21:30.569+0000] {dag.py:2941} INFO - Sync 1 DAGs
[2024-03-16T05:21:30.576+0000] {logging_mixin.py:154} INFO - [2024-03-16T05:21:30.576+0000] {dag.py:3722} INFO - Setting next_dagrun for example_sensors to None, run_after=None
[2024-03-16T05:21:30.584+0000] {processor.py:179} INFO - Processing /home/airflow/.local/lib/python3.10/site-packages/airflow/example_dags/example_sensors.py took 0.037 seconds
[2024-03-16T05:22:01.273+0000] {processor.py:157} INFO - Started process (PID=1013) to work on /home/airflow/.local/lib/python3.10/site-packages/airflow/example_dags/example_sensors.py
[2024-03-16T05:22:01.274+0000] {processor.py:829} INFO - Processing file /home/airflow/.local/lib/python3.10/site-packages/airflow/example_dags/example_sensors.py for tasks to queue
[2024-03-16T05:22:01.275+0000] {logging_mixin.py:154} INFO - [2024-03-16T05:22:01.275+0000] {dagbag.py:536} INFO - Filling up the DagBag from /home/airflow/.local/lib/python3.10/site-packages/airflow/example_dags/example_sensors.py
[2024-03-16T05:22:01.281+0000] {processor.py:839} INFO - DAG(s) dict_keys(['example_sensors']) retrieved from /home/airflow/.local/lib/python3.10/site-packages/airflow/example_dags/example_sensors.py
[2024-03-16T05:22:01.297+0000] {logging_mixin.py:154} INFO - [2024-03-16T05:22:01.297+0000] {dag.py:2941} INFO - Sync 1 DAGs
[2024-03-16T05:22:01.305+0000] {logging_mixin.py:154} INFO - [2024-03-16T05:22:01.305+0000] {dag.py:3722} INFO - Setting next_dagrun for example_sensors to None, run_after=None
[2024-03-16T05:22:01.314+0000] {processor.py:179} INFO - Processing /home/airflow/.local/lib/python3.10/site-packages/airflow/example_dags/example_sensors.py took 0.043 seconds
[2024-03-16T05:22:31.970+0000] {processor.py:157} INFO - Started process (PID=1067) to work on /home/airflow/.local/lib/python3.10/site-packages/airflow/example_dags/example_sensors.py
[2024-03-16T05:22:31.971+0000] {processor.py:829} INFO - Processing file /home/airflow/.local/lib/python3.10/site-packages/airflow/example_dags/example_sensors.py for tasks to queue
[2024-03-16T05:22:31.972+0000] {logging_mixin.py:154} INFO - [2024-03-16T05:22:31.972+0000] {dagbag.py:536} INFO - Filling up the DagBag from /home/airflow/.local/lib/python3.10/site-packages/airflow/example_dags/example_sensors.py
[2024-03-16T05:22:31.977+0000] {processor.py:839} INFO - DAG(s) dict_keys(['example_sensors']) retrieved from /home/airflow/.local/lib/python3.10/site-packages/airflow/example_dags/example_sensors.py
[2024-03-16T05:22:31.991+0000] {logging_mixin.py:154} INFO - [2024-03-16T05:22:31.991+0000] {dag.py:2941} INFO - Sync 1 DAGs
[2024-03-16T05:22:31.999+0000] {logging_mixin.py:154} INFO - [2024-03-16T05:22:31.999+0000] {dag.py:3722} INFO - Setting next_dagrun for example_sensors to None, run_after=None
[2024-03-16T05:22:32.008+0000] {processor.py:179} INFO - Processing /home/airflow/.local/lib/python3.10/site-packages/airflow/example_dags/example_sensors.py took 0.040 seconds
[2024-03-16T05:23:02.705+0000] {processor.py:157} INFO - Started process (PID=1121) to work on /home/airflow/.local/lib/python3.10/site-packages/airflow/example_dags/example_sensors.py
[2024-03-16T05:23:02.706+0000] {processor.py:829} INFO - Processing file /home/airflow/.local/lib/python3.10/site-packages/airflow/example_dags/example_sensors.py for tasks to queue
[2024-03-16T05:23:02.707+0000] {logging_mixin.py:154} INFO - [2024-03-16T05:23:02.707+0000] {dagbag.py:536} INFO - Filling up the DagBag from /home/airflow/.local/lib/python3.10/site-packages/airflow/example_dags/example_sensors.py
[2024-03-16T05:23:02.712+0000] {processor.py:839} INFO - DAG(s) dict_keys(['example_sensors']) retrieved from /home/airflow/.local/lib/python3.10/site-packages/airflow/example_dags/example_sensors.py
[2024-03-16T05:23:02.727+0000] {logging_mixin.py:154} INFO - [2024-03-16T05:23:02.727+0000] {dag.py:2941} INFO - Sync 1 DAGs
[2024-03-16T05:23:02.734+0000] {logging_mixin.py:154} INFO - [2024-03-16T05:23:02.734+0000] {dag.py:3722} INFO - Setting next_dagrun for example_sensors to None, run_after=None
[2024-03-16T05:23:02.742+0000] {processor.py:179} INFO - Processing /home/airflow/.local/lib/python3.10/site-packages/airflow/example_dags/example_sensors.py took 0.039 seconds
[2024-03-16T05:23:33.424+0000] {processor.py:157} INFO - Started process (PID=1175) to work on /home/airflow/.local/lib/python3.10/site-packages/airflow/example_dags/example_sensors.py
[2024-03-16T05:23:33.425+0000] {processor.py:829} INFO - Processing file /home/airflow/.local/lib/python3.10/site-packages/airflow/example_dags/example_sensors.py for tasks to queue
[2024-03-16T05:23:33.426+0000] {logging_mixin.py:154} INFO - [2024-03-16T05:23:33.426+0000] {dagbag.py:536} INFO - Filling up the DagBag from /home/airflow/.local/lib/python3.10/site-packages/airflow/example_dags/example_sensors.py
[2024-03-16T05:23:33.431+0000] {processor.py:839} INFO - DAG(s) dict_keys(['example_sensors']) retrieved from /home/airflow/.local/lib/python3.10/site-packages/airflow/example_dags/example_sensors.py
[2024-03-16T05:23:33.445+0000] {logging_mixin.py:154} INFO - [2024-03-16T05:23:33.445+0000] {dag.py:2941} INFO - Sync 1 DAGs
[2024-03-16T05:23:33.452+0000] {logging_mixin.py:154} INFO - [2024-03-16T05:23:33.452+0000] {dag.py:3722} INFO - Setting next_dagrun for example_sensors to None, run_after=None
[2024-03-16T05:23:33.461+0000] {processor.py:179} INFO - Processing /home/airflow/.local/lib/python3.10/site-packages/airflow/example_dags/example_sensors.py took 0.039 seconds
[2024-03-16T05:24:04.149+0000] {processor.py:157} INFO - Started process (PID=1229) to work on /home/airflow/.local/lib/python3.10/site-packages/airflow/example_dags/example_sensors.py
[2024-03-16T05:24:04.150+0000] {processor.py:829} INFO - Processing file /home/airflow/.local/lib/python3.10/site-packages/airflow/example_dags/example_sensors.py for tasks to queue
[2024-03-16T05:24:04.151+0000] {logging_mixin.py:154} INFO - [2024-03-16T05:24:04.151+0000] {dagbag.py:536} INFO - Filling up the DagBag from /home/airflow/.local/lib/python3.10/site-packages/airflow/example_dags/example_sensors.py
[2024-03-16T05:24:04.156+0000] {processor.py:839} INFO - DAG(s) dict_keys(['example_sensors']) retrieved from /home/airflow/.local/lib/python3.10/site-packages/airflow/example_dags/example_sensors.py
[2024-03-16T05:24:04.172+0000] {logging_mixin.py:154} INFO - [2024-03-16T05:24:04.171+0000] {dag.py:2941} INFO - Sync 1 DAGs
[2024-03-16T05:24:04.179+0000] {logging_mixin.py:154} INFO - [2024-03-16T05:24:04.179+0000] {dag.py:3722} INFO - Setting next_dagrun for example_sensors to None, run_after=None
[2024-03-16T05:24:04.188+0000] {processor.py:179} INFO - Processing /home/airflow/.local/lib/python3.10/site-packages/airflow/example_dags/example_sensors.py took 0.041 seconds
[2024-03-16T05:24:34.862+0000] {processor.py:157} INFO - Started process (PID=1283) to work on /home/airflow/.local/lib/python3.10/site-packages/airflow/example_dags/example_sensors.py
[2024-03-16T05:24:34.862+0000] {processor.py:829} INFO - Processing file /home/airflow/.local/lib/python3.10/site-packages/airflow/example_dags/example_sensors.py for tasks to queue
[2024-03-16T05:24:34.863+0000] {logging_mixin.py:154} INFO - [2024-03-16T05:24:34.863+0000] {dagbag.py:536} INFO - Filling up the DagBag from /home/airflow/.local/lib/python3.10/site-packages/airflow/example_dags/example_sensors.py
[2024-03-16T05:24:34.869+0000] {processor.py:839} INFO - DAG(s) dict_keys(['example_sensors']) retrieved from /home/airflow/.local/lib/python3.10/site-packages/airflow/example_dags/example_sensors.py
[2024-03-16T05:24:34.883+0000] {logging_mixin.py:154} INFO - [2024-03-16T05:24:34.883+0000] {dag.py:2941} INFO - Sync 1 DAGs
[2024-03-16T05:24:34.890+0000] {logging_mixin.py:154} INFO - [2024-03-16T05:24:34.890+0000] {dag.py:3722} INFO - Setting next_dagrun for example_sensors to None, run_after=None
[2024-03-16T05:24:34.899+0000] {processor.py:179} INFO - Processing /home/airflow/.local/lib/python3.10/site-packages/airflow/example_dags/example_sensors.py took 0.040 seconds
[2024-03-16T05:25:05.412+0000] {processor.py:157} INFO - Started process (PID=1337) to work on /home/airflow/.local/lib/python3.10/site-packages/airflow/example_dags/example_sensors.py
[2024-03-16T05:25:05.412+0000] {processor.py:829} INFO - Processing file /home/airflow/.local/lib/python3.10/site-packages/airflow/example_dags/example_sensors.py for tasks to queue
[2024-03-16T05:25:05.413+0000] {logging_mixin.py:154} INFO - [2024-03-16T05:25:05.413+0000] {dagbag.py:536} INFO - Filling up the DagBag from /home/airflow/.local/lib/python3.10/site-packages/airflow/example_dags/example_sensors.py
[2024-03-16T05:25:05.418+0000] {processor.py:839} INFO - DAG(s) dict_keys(['example_sensors']) retrieved from /home/airflow/.local/lib/python3.10/site-packages/airflow/example_dags/example_sensors.py
[2024-03-16T05:25:05.433+0000] {logging_mixin.py:154} INFO - [2024-03-16T05:25:05.433+0000] {dag.py:2941} INFO - Sync 1 DAGs
[2024-03-16T05:25:05.439+0000] {logging_mixin.py:154} INFO - [2024-03-16T05:25:05.439+0000] {dag.py:3722} INFO - Setting next_dagrun for example_sensors to None, run_after=None
[2024-03-16T05:25:05.448+0000] {processor.py:179} INFO - Processing /home/airflow/.local/lib/python3.10/site-packages/airflow/example_dags/example_sensors.py took 0.038 seconds
[2024-03-16T05:25:36.106+0000] {processor.py:157} INFO - Started process (PID=1391) to work on /home/airflow/.local/lib/python3.10/site-packages/airflow/example_dags/example_sensors.py
[2024-03-16T05:25:36.107+0000] {processor.py:829} INFO - Processing file /home/airflow/.local/lib/python3.10/site-packages/airflow/example_dags/example_sensors.py for tasks to queue
[2024-03-16T05:25:36.108+0000] {logging_mixin.py:154} INFO - [2024-03-16T05:25:36.107+0000] {dagbag.py:536} INFO - Filling up the DagBag from /home/airflow/.local/lib/python3.10/site-packages/airflow/example_dags/example_sensors.py
[2024-03-16T05:25:36.112+0000] {processor.py:839} INFO - DAG(s) dict_keys(['example_sensors']) retrieved from /home/airflow/.local/lib/python3.10/site-packages/airflow/example_dags/example_sensors.py
[2024-03-16T05:25:36.126+0000] {logging_mixin.py:154} INFO - [2024-03-16T05:25:36.126+0000] {dag.py:2941} INFO - Sync 1 DAGs
[2024-03-16T05:25:36.133+0000] {logging_mixin.py:154} INFO - [2024-03-16T05:25:36.133+0000] {dag.py:3722} INFO - Setting next_dagrun for example_sensors to None, run_after=None
[2024-03-16T05:25:36.141+0000] {processor.py:179} INFO - Processing /home/airflow/.local/lib/python3.10/site-packages/airflow/example_dags/example_sensors.py took 0.037 seconds
[2024-03-16T05:26:06.691+0000] {processor.py:157} INFO - Started process (PID=1445) to work on /home/airflow/.local/lib/python3.10/site-packages/airflow/example_dags/example_sensors.py
[2024-03-16T05:26:06.691+0000] {processor.py:829} INFO - Processing file /home/airflow/.local/lib/python3.10/site-packages/airflow/example_dags/example_sensors.py for tasks to queue
[2024-03-16T05:26:06.692+0000] {logging_mixin.py:154} INFO - [2024-03-16T05:26:06.692+0000] {dagbag.py:536} INFO - Filling up the DagBag from /home/airflow/.local/lib/python3.10/site-packages/airflow/example_dags/example_sensors.py
[2024-03-16T05:26:06.697+0000] {processor.py:839} INFO - DAG(s) dict_keys(['example_sensors']) retrieved from /home/airflow/.local/lib/python3.10/site-packages/airflow/example_dags/example_sensors.py
[2024-03-16T05:26:06.711+0000] {logging_mixin.py:154} INFO - [2024-03-16T05:26:06.711+0000] {dag.py:2941} INFO - Sync 1 DAGs
[2024-03-16T05:26:06.718+0000] {logging_mixin.py:154} INFO - [2024-03-16T05:26:06.718+0000] {dag.py:3722} INFO - Setting next_dagrun for example_sensors to None, run_after=None
[2024-03-16T05:26:06.726+0000] {processor.py:179} INFO - Processing /home/airflow/.local/lib/python3.10/site-packages/airflow/example_dags/example_sensors.py took 0.037 seconds
[2024-03-16T05:26:37.442+0000] {processor.py:157} INFO - Started process (PID=1499) to work on /home/airflow/.local/lib/python3.10/site-packages/airflow/example_dags/example_sensors.py
[2024-03-16T05:26:37.442+0000] {processor.py:829} INFO - Processing file /home/airflow/.local/lib/python3.10/site-packages/airflow/example_dags/example_sensors.py for tasks to queue
[2024-03-16T05:26:37.443+0000] {logging_mixin.py:154} INFO - [2024-03-16T05:26:37.443+0000] {dagbag.py:536} INFO - Filling up the DagBag from /home/airflow/.local/lib/python3.10/site-packages/airflow/example_dags/example_sensors.py
[2024-03-16T05:26:37.448+0000] {processor.py:839} INFO - DAG(s) dict_keys(['example_sensors']) retrieved from /home/airflow/.local/lib/python3.10/site-packages/airflow/example_dags/example_sensors.py
[2024-03-16T05:26:37.463+0000] {logging_mixin.py:154} INFO - [2024-03-16T05:26:37.463+0000] {dag.py:2941} INFO - Sync 1 DAGs
[2024-03-16T05:26:37.469+0000] {logging_mixin.py:154} INFO - [2024-03-16T05:26:37.469+0000] {dag.py:3722} INFO - Setting next_dagrun for example_sensors to None, run_after=None
[2024-03-16T05:26:37.478+0000] {processor.py:179} INFO - Processing /home/airflow/.local/lib/python3.10/site-packages/airflow/example_dags/example_sensors.py took 0.038 seconds
[2024-03-16T05:27:08.099+0000] {processor.py:157} INFO - Started process (PID=1553) to work on /home/airflow/.local/lib/python3.10/site-packages/airflow/example_dags/example_sensors.py
[2024-03-16T05:27:08.099+0000] {processor.py:829} INFO - Processing file /home/airflow/.local/lib/python3.10/site-packages/airflow/example_dags/example_sensors.py for tasks to queue
[2024-03-16T05:27:08.100+0000] {logging_mixin.py:154} INFO - [2024-03-16T05:27:08.100+0000] {dagbag.py:536} INFO - Filling up the DagBag from /home/airflow/.local/lib/python3.10/site-packages/airflow/example_dags/example_sensors.py
[2024-03-16T05:27:08.106+0000] {processor.py:839} INFO - DAG(s) dict_keys(['example_sensors']) retrieved from /home/airflow/.local/lib/python3.10/site-packages/airflow/example_dags/example_sensors.py
[2024-03-16T05:27:08.120+0000] {logging_mixin.py:154} INFO - [2024-03-16T05:27:08.120+0000] {dag.py:2941} INFO - Sync 1 DAGs
[2024-03-16T05:27:08.126+0000] {logging_mixin.py:154} INFO - [2024-03-16T05:27:08.126+0000] {dag.py:3722} INFO - Setting next_dagrun for example_sensors to None, run_after=None
[2024-03-16T05:27:08.135+0000] {processor.py:179} INFO - Processing /home/airflow/.local/lib/python3.10/site-packages/airflow/example_dags/example_sensors.py took 0.038 seconds
[2024-03-16T05:27:38.682+0000] {processor.py:157} INFO - Started process (PID=1607) to work on /home/airflow/.local/lib/python3.10/site-packages/airflow/example_dags/example_sensors.py
[2024-03-16T05:27:38.682+0000] {processor.py:829} INFO - Processing file /home/airflow/.local/lib/python3.10/site-packages/airflow/example_dags/example_sensors.py for tasks to queue
[2024-03-16T05:27:38.683+0000] {logging_mixin.py:154} INFO - [2024-03-16T05:27:38.683+0000] {dagbag.py:536} INFO - Filling up the DagBag from /home/airflow/.local/lib/python3.10/site-packages/airflow/example_dags/example_sensors.py
[2024-03-16T05:27:38.688+0000] {processor.py:839} INFO - DAG(s) dict_keys(['example_sensors']) retrieved from /home/airflow/.local/lib/python3.10/site-packages/airflow/example_dags/example_sensors.py
[2024-03-16T05:27:38.702+0000] {logging_mixin.py:154} INFO - [2024-03-16T05:27:38.702+0000] {dag.py:2941} INFO - Sync 1 DAGs
[2024-03-16T05:27:38.709+0000] {logging_mixin.py:154} INFO - [2024-03-16T05:27:38.709+0000] {dag.py:3722} INFO - Setting next_dagrun for example_sensors to None, run_after=None
[2024-03-16T05:27:38.717+0000] {processor.py:179} INFO - Processing /home/airflow/.local/lib/python3.10/site-packages/airflow/example_dags/example_sensors.py took 0.037 seconds
[2024-03-16T05:28:09.337+0000] {processor.py:157} INFO - Started process (PID=1661) to work on /home/airflow/.local/lib/python3.10/site-packages/airflow/example_dags/example_sensors.py
[2024-03-16T05:28:09.337+0000] {processor.py:829} INFO - Processing file /home/airflow/.local/lib/python3.10/site-packages/airflow/example_dags/example_sensors.py for tasks to queue
[2024-03-16T05:28:09.338+0000] {logging_mixin.py:154} INFO - [2024-03-16T05:28:09.338+0000] {dagbag.py:536} INFO - Filling up the DagBag from /home/airflow/.local/lib/python3.10/site-packages/airflow/example_dags/example_sensors.py
[2024-03-16T05:28:09.343+0000] {processor.py:839} INFO - DAG(s) dict_keys(['example_sensors']) retrieved from /home/airflow/.local/lib/python3.10/site-packages/airflow/example_dags/example_sensors.py
[2024-03-16T05:28:09.357+0000] {logging_mixin.py:154} INFO - [2024-03-16T05:28:09.357+0000] {dag.py:2941} INFO - Sync 1 DAGs
[2024-03-16T05:28:09.364+0000] {logging_mixin.py:154} INFO - [2024-03-16T05:28:09.364+0000] {dag.py:3722} INFO - Setting next_dagrun for example_sensors to None, run_after=None
[2024-03-16T05:28:09.372+0000] {processor.py:179} INFO - Processing /home/airflow/.local/lib/python3.10/site-packages/airflow/example_dags/example_sensors.py took 0.037 seconds
[2024-03-16T05:28:39.982+0000] {processor.py:157} INFO - Started process (PID=1715) to work on /home/airflow/.local/lib/python3.10/site-packages/airflow/example_dags/example_sensors.py
[2024-03-16T05:28:39.983+0000] {processor.py:829} INFO - Processing file /home/airflow/.local/lib/python3.10/site-packages/airflow/example_dags/example_sensors.py for tasks to queue
[2024-03-16T05:28:39.984+0000] {logging_mixin.py:154} INFO - [2024-03-16T05:28:39.984+0000] {dagbag.py:536} INFO - Filling up the DagBag from /home/airflow/.local/lib/python3.10/site-packages/airflow/example_dags/example_sensors.py
[2024-03-16T05:28:39.989+0000] {processor.py:839} INFO - DAG(s) dict_keys(['example_sensors']) retrieved from /home/airflow/.local/lib/python3.10/site-packages/airflow/example_dags/example_sensors.py
[2024-03-16T05:28:40.003+0000] {logging_mixin.py:154} INFO - [2024-03-16T05:28:40.003+0000] {dag.py:2941} INFO - Sync 1 DAGs
[2024-03-16T05:28:40.010+0000] {logging_mixin.py:154} INFO - [2024-03-16T05:28:40.009+0000] {dag.py:3722} INFO - Setting next_dagrun for example_sensors to None, run_after=None
[2024-03-16T05:28:40.018+0000] {processor.py:179} INFO - Processing /home/airflow/.local/lib/python3.10/site-packages/airflow/example_dags/example_sensors.py took 0.038 seconds
[2024-03-16T05:29:10.674+0000] {processor.py:157} INFO - Started process (PID=1769) to work on /home/airflow/.local/lib/python3.10/site-packages/airflow/example_dags/example_sensors.py
[2024-03-16T05:29:10.675+0000] {processor.py:829} INFO - Processing file /home/airflow/.local/lib/python3.10/site-packages/airflow/example_dags/example_sensors.py for tasks to queue
[2024-03-16T05:29:10.676+0000] {logging_mixin.py:154} INFO - [2024-03-16T05:29:10.676+0000] {dagbag.py:536} INFO - Filling up the DagBag from /home/airflow/.local/lib/python3.10/site-packages/airflow/example_dags/example_sensors.py
[2024-03-16T05:29:10.680+0000] {processor.py:839} INFO - DAG(s) dict_keys(['example_sensors']) retrieved from /home/airflow/.local/lib/python3.10/site-packages/airflow/example_dags/example_sensors.py
[2024-03-16T05:29:10.696+0000] {logging_mixin.py:154} INFO - [2024-03-16T05:29:10.696+0000] {dag.py:2941} INFO - Sync 1 DAGs
[2024-03-16T05:29:10.703+0000] {logging_mixin.py:154} INFO - [2024-03-16T05:29:10.703+0000] {dag.py:3722} INFO - Setting next_dagrun for example_sensors to None, run_after=None
[2024-03-16T05:29:10.711+0000] {processor.py:179} INFO - Processing /home/airflow/.local/lib/python3.10/site-packages/airflow/example_dags/example_sensors.py took 0.039 seconds
[2024-03-16T05:29:41.328+0000] {processor.py:157} INFO - Started process (PID=1823) to work on /home/airflow/.local/lib/python3.10/site-packages/airflow/example_dags/example_sensors.py
[2024-03-16T05:29:41.328+0000] {processor.py:829} INFO - Processing file /home/airflow/.local/lib/python3.10/site-packages/airflow/example_dags/example_sensors.py for tasks to queue
[2024-03-16T05:29:41.329+0000] {logging_mixin.py:154} INFO - [2024-03-16T05:29:41.329+0000] {dagbag.py:536} INFO - Filling up the DagBag from /home/airflow/.local/lib/python3.10/site-packages/airflow/example_dags/example_sensors.py
[2024-03-16T05:29:41.334+0000] {processor.py:839} INFO - DAG(s) dict_keys(['example_sensors']) retrieved from /home/airflow/.local/lib/python3.10/site-packages/airflow/example_dags/example_sensors.py
[2024-03-16T05:29:41.348+0000] {logging_mixin.py:154} INFO - [2024-03-16T05:29:41.348+0000] {dag.py:2941} INFO - Sync 1 DAGs
[2024-03-16T05:29:41.355+0000] {logging_mixin.py:154} INFO - [2024-03-16T05:29:41.355+0000] {dag.py:3722} INFO - Setting next_dagrun for example_sensors to None, run_after=None
[2024-03-16T05:29:41.363+0000] {processor.py:179} INFO - Processing /home/airflow/.local/lib/python3.10/site-packages/airflow/example_dags/example_sensors.py took 0.038 seconds
[2024-03-16T05:30:12.072+0000] {processor.py:157} INFO - Started process (PID=1877) to work on /home/airflow/.local/lib/python3.10/site-packages/airflow/example_dags/example_sensors.py
[2024-03-16T05:30:12.072+0000] {processor.py:829} INFO - Processing file /home/airflow/.local/lib/python3.10/site-packages/airflow/example_dags/example_sensors.py for tasks to queue
[2024-03-16T05:30:12.073+0000] {logging_mixin.py:154} INFO - [2024-03-16T05:30:12.073+0000] {dagbag.py:536} INFO - Filling up the DagBag from /home/airflow/.local/lib/python3.10/site-packages/airflow/example_dags/example_sensors.py
[2024-03-16T05:30:12.079+0000] {processor.py:839} INFO - DAG(s) dict_keys(['example_sensors']) retrieved from /home/airflow/.local/lib/python3.10/site-packages/airflow/example_dags/example_sensors.py
[2024-03-16T05:30:12.093+0000] {logging_mixin.py:154} INFO - [2024-03-16T05:30:12.093+0000] {dag.py:2941} INFO - Sync 1 DAGs
[2024-03-16T05:30:12.100+0000] {logging_mixin.py:154} INFO - [2024-03-16T05:30:12.099+0000] {dag.py:3722} INFO - Setting next_dagrun for example_sensors to None, run_after=None
[2024-03-16T05:30:12.108+0000] {processor.py:179} INFO - Processing /home/airflow/.local/lib/python3.10/site-packages/airflow/example_dags/example_sensors.py took 0.038 seconds
[2024-03-16T05:30:42.863+0000] {processor.py:157} INFO - Started process (PID=1931) to work on /home/airflow/.local/lib/python3.10/site-packages/airflow/example_dags/example_sensors.py
[2024-03-16T05:30:42.864+0000] {processor.py:829} INFO - Processing file /home/airflow/.local/lib/python3.10/site-packages/airflow/example_dags/example_sensors.py for tasks to queue
[2024-03-16T05:30:42.865+0000] {logging_mixin.py:154} INFO - [2024-03-16T05:30:42.864+0000] {dagbag.py:536} INFO - Filling up the DagBag from /home/airflow/.local/lib/python3.10/site-packages/airflow/example_dags/example_sensors.py
[2024-03-16T05:30:42.870+0000] {processor.py:839} INFO - DAG(s) dict_keys(['example_sensors']) retrieved from /home/airflow/.local/lib/python3.10/site-packages/airflow/example_dags/example_sensors.py
[2024-03-16T05:30:42.885+0000] {logging_mixin.py:154} INFO - [2024-03-16T05:30:42.885+0000] {dag.py:2941} INFO - Sync 1 DAGs
[2024-03-16T05:30:42.892+0000] {logging_mixin.py:154} INFO - [2024-03-16T05:30:42.892+0000] {dag.py:3722} INFO - Setting next_dagrun for example_sensors to None, run_after=None
[2024-03-16T05:30:42.901+0000] {processor.py:179} INFO - Processing /home/airflow/.local/lib/python3.10/site-packages/airflow/example_dags/example_sensors.py took 0.041 seconds
[2024-03-16T05:31:13.696+0000] {processor.py:157} INFO - Started process (PID=1985) to work on /home/airflow/.local/lib/python3.10/site-packages/airflow/example_dags/example_sensors.py
[2024-03-16T05:31:13.696+0000] {processor.py:829} INFO - Processing file /home/airflow/.local/lib/python3.10/site-packages/airflow/example_dags/example_sensors.py for tasks to queue
[2024-03-16T05:31:13.697+0000] {logging_mixin.py:154} INFO - [2024-03-16T05:31:13.697+0000] {dagbag.py:536} INFO - Filling up the DagBag from /home/airflow/.local/lib/python3.10/site-packages/airflow/example_dags/example_sensors.py
[2024-03-16T05:31:13.702+0000] {processor.py:839} INFO - DAG(s) dict_keys(['example_sensors']) retrieved from /home/airflow/.local/lib/python3.10/site-packages/airflow/example_dags/example_sensors.py
[2024-03-16T05:31:13.717+0000] {logging_mixin.py:154} INFO - [2024-03-16T05:31:13.717+0000] {dag.py:2941} INFO - Sync 1 DAGs
[2024-03-16T05:31:13.724+0000] {logging_mixin.py:154} INFO - [2024-03-16T05:31:13.723+0000] {dag.py:3722} INFO - Setting next_dagrun for example_sensors to None, run_after=None
[2024-03-16T05:31:13.732+0000] {processor.py:179} INFO - Processing /home/airflow/.local/lib/python3.10/site-packages/airflow/example_dags/example_sensors.py took 0.039 seconds
[2024-03-16T05:31:44.332+0000] {processor.py:157} INFO - Started process (PID=2039) to work on /home/airflow/.local/lib/python3.10/site-packages/airflow/example_dags/example_sensors.py
[2024-03-16T05:31:44.333+0000] {processor.py:829} INFO - Processing file /home/airflow/.local/lib/python3.10/site-packages/airflow/example_dags/example_sensors.py for tasks to queue
[2024-03-16T05:31:44.334+0000] {logging_mixin.py:154} INFO - [2024-03-16T05:31:44.334+0000] {dagbag.py:536} INFO - Filling up the DagBag from /home/airflow/.local/lib/python3.10/site-packages/airflow/example_dags/example_sensors.py
[2024-03-16T05:31:44.339+0000] {processor.py:839} INFO - DAG(s) dict_keys(['example_sensors']) retrieved from /home/airflow/.local/lib/python3.10/site-packages/airflow/example_dags/example_sensors.py
[2024-03-16T05:31:44.353+0000] {logging_mixin.py:154} INFO - [2024-03-16T05:31:44.353+0000] {dag.py:2941} INFO - Sync 1 DAGs
[2024-03-16T05:31:44.360+0000] {logging_mixin.py:154} INFO - [2024-03-16T05:31:44.360+0000] {dag.py:3722} INFO - Setting next_dagrun for example_sensors to None, run_after=None
[2024-03-16T05:31:44.369+0000] {processor.py:179} INFO - Processing /home/airflow/.local/lib/python3.10/site-packages/airflow/example_dags/example_sensors.py took 0.039 seconds
[2024-03-16T05:32:15.116+0000] {processor.py:157} INFO - Started process (PID=2100) to work on /home/airflow/.local/lib/python3.10/site-packages/airflow/example_dags/example_sensors.py
[2024-03-16T05:32:15.116+0000] {processor.py:829} INFO - Processing file /home/airflow/.local/lib/python3.10/site-packages/airflow/example_dags/example_sensors.py for tasks to queue
[2024-03-16T05:32:15.117+0000] {logging_mixin.py:154} INFO - [2024-03-16T05:32:15.117+0000] {dagbag.py:536} INFO - Filling up the DagBag from /home/airflow/.local/lib/python3.10/site-packages/airflow/example_dags/example_sensors.py
[2024-03-16T05:32:15.122+0000] {processor.py:839} INFO - DAG(s) dict_keys(['example_sensors']) retrieved from /home/airflow/.local/lib/python3.10/site-packages/airflow/example_dags/example_sensors.py
[2024-03-16T05:32:15.137+0000] {logging_mixin.py:154} INFO - [2024-03-16T05:32:15.137+0000] {dag.py:2941} INFO - Sync 1 DAGs
[2024-03-16T05:32:15.143+0000] {logging_mixin.py:154} INFO - [2024-03-16T05:32:15.143+0000] {dag.py:3722} INFO - Setting next_dagrun for example_sensors to None, run_after=None
[2024-03-16T05:32:15.152+0000] {processor.py:179} INFO - Processing /home/airflow/.local/lib/python3.10/site-packages/airflow/example_dags/example_sensors.py took 0.038 seconds
[2024-03-16T05:32:45.916+0000] {processor.py:157} INFO - Started process (PID=2154) to work on /home/airflow/.local/lib/python3.10/site-packages/airflow/example_dags/example_sensors.py
[2024-03-16T05:32:45.916+0000] {processor.py:829} INFO - Processing file /home/airflow/.local/lib/python3.10/site-packages/airflow/example_dags/example_sensors.py for tasks to queue
[2024-03-16T05:32:45.917+0000] {logging_mixin.py:154} INFO - [2024-03-16T05:32:45.917+0000] {dagbag.py:536} INFO - Filling up the DagBag from /home/airflow/.local/lib/python3.10/site-packages/airflow/example_dags/example_sensors.py
[2024-03-16T05:32:45.923+0000] {processor.py:839} INFO - DAG(s) dict_keys(['example_sensors']) retrieved from /home/airflow/.local/lib/python3.10/site-packages/airflow/example_dags/example_sensors.py
[2024-03-16T05:32:45.937+0000] {logging_mixin.py:154} INFO - [2024-03-16T05:32:45.937+0000] {dag.py:2941} INFO - Sync 1 DAGs
[2024-03-16T05:32:45.944+0000] {logging_mixin.py:154} INFO - [2024-03-16T05:32:45.944+0000] {dag.py:3722} INFO - Setting next_dagrun for example_sensors to None, run_after=None
[2024-03-16T05:32:45.953+0000] {processor.py:179} INFO - Processing /home/airflow/.local/lib/python3.10/site-packages/airflow/example_dags/example_sensors.py took 0.039 seconds
[2024-03-16T05:33:16.562+0000] {processor.py:157} INFO - Started process (PID=2208) to work on /home/airflow/.local/lib/python3.10/site-packages/airflow/example_dags/example_sensors.py
[2024-03-16T05:33:16.563+0000] {processor.py:829} INFO - Processing file /home/airflow/.local/lib/python3.10/site-packages/airflow/example_dags/example_sensors.py for tasks to queue
[2024-03-16T05:33:16.564+0000] {logging_mixin.py:154} INFO - [2024-03-16T05:33:16.564+0000] {dagbag.py:536} INFO - Filling up the DagBag from /home/airflow/.local/lib/python3.10/site-packages/airflow/example_dags/example_sensors.py
[2024-03-16T05:33:16.569+0000] {processor.py:839} INFO - DAG(s) dict_keys(['example_sensors']) retrieved from /home/airflow/.local/lib/python3.10/site-packages/airflow/example_dags/example_sensors.py
[2024-03-16T05:33:16.583+0000] {logging_mixin.py:154} INFO - [2024-03-16T05:33:16.583+0000] {dag.py:2941} INFO - Sync 1 DAGs
[2024-03-16T05:33:16.590+0000] {logging_mixin.py:154} INFO - [2024-03-16T05:33:16.590+0000] {dag.py:3722} INFO - Setting next_dagrun for example_sensors to None, run_after=None
[2024-03-16T05:33:16.598+0000] {processor.py:179} INFO - Processing /home/airflow/.local/lib/python3.10/site-packages/airflow/example_dags/example_sensors.py took 0.038 seconds
[2024-03-16T05:33:47.235+0000] {processor.py:157} INFO - Started process (PID=2262) to work on /home/airflow/.local/lib/python3.10/site-packages/airflow/example_dags/example_sensors.py
[2024-03-16T05:33:47.235+0000] {processor.py:829} INFO - Processing file /home/airflow/.local/lib/python3.10/site-packages/airflow/example_dags/example_sensors.py for tasks to queue
[2024-03-16T05:33:47.236+0000] {logging_mixin.py:154} INFO - [2024-03-16T05:33:47.236+0000] {dagbag.py:536} INFO - Filling up the DagBag from /home/airflow/.local/lib/python3.10/site-packages/airflow/example_dags/example_sensors.py
[2024-03-16T05:33:47.241+0000] {processor.py:839} INFO - DAG(s) dict_keys(['example_sensors']) retrieved from /home/airflow/.local/lib/python3.10/site-packages/airflow/example_dags/example_sensors.py
[2024-03-16T05:33:47.256+0000] {logging_mixin.py:154} INFO - [2024-03-16T05:33:47.256+0000] {dag.py:2941} INFO - Sync 1 DAGs
[2024-03-16T05:33:47.263+0000] {logging_mixin.py:154} INFO - [2024-03-16T05:33:47.263+0000] {dag.py:3722} INFO - Setting next_dagrun for example_sensors to None, run_after=None
[2024-03-16T05:33:47.272+0000] {processor.py:179} INFO - Processing /home/airflow/.local/lib/python3.10/site-packages/airflow/example_dags/example_sensors.py took 0.040 seconds
[2024-03-16T05:34:18.044+0000] {processor.py:157} INFO - Started process (PID=2316) to work on /home/airflow/.local/lib/python3.10/site-packages/airflow/example_dags/example_sensors.py
[2024-03-16T05:34:18.045+0000] {processor.py:829} INFO - Processing file /home/airflow/.local/lib/python3.10/site-packages/airflow/example_dags/example_sensors.py for tasks to queue
[2024-03-16T05:34:18.046+0000] {logging_mixin.py:154} INFO - [2024-03-16T05:34:18.046+0000] {dagbag.py:536} INFO - Filling up the DagBag from /home/airflow/.local/lib/python3.10/site-packages/airflow/example_dags/example_sensors.py
[2024-03-16T05:34:18.051+0000] {processor.py:839} INFO - DAG(s) dict_keys(['example_sensors']) retrieved from /home/airflow/.local/lib/python3.10/site-packages/airflow/example_dags/example_sensors.py
[2024-03-16T05:34:18.065+0000] {logging_mixin.py:154} INFO - [2024-03-16T05:34:18.065+0000] {dag.py:2941} INFO - Sync 1 DAGs
[2024-03-16T05:34:18.072+0000] {logging_mixin.py:154} INFO - [2024-03-16T05:34:18.072+0000] {dag.py:3722} INFO - Setting next_dagrun for example_sensors to None, run_after=None
[2024-03-16T05:34:18.080+0000] {processor.py:179} INFO - Processing /home/airflow/.local/lib/python3.10/site-packages/airflow/example_dags/example_sensors.py took 0.038 seconds
[2024-03-16T05:34:48.728+0000] {processor.py:157} INFO - Started process (PID=2370) to work on /home/airflow/.local/lib/python3.10/site-packages/airflow/example_dags/example_sensors.py
[2024-03-16T05:34:48.728+0000] {processor.py:829} INFO - Processing file /home/airflow/.local/lib/python3.10/site-packages/airflow/example_dags/example_sensors.py for tasks to queue
[2024-03-16T05:34:48.729+0000] {logging_mixin.py:154} INFO - [2024-03-16T05:34:48.729+0000] {dagbag.py:536} INFO - Filling up the DagBag from /home/airflow/.local/lib/python3.10/site-packages/airflow/example_dags/example_sensors.py
[2024-03-16T05:34:48.735+0000] {processor.py:839} INFO - DAG(s) dict_keys(['example_sensors']) retrieved from /home/airflow/.local/lib/python3.10/site-packages/airflow/example_dags/example_sensors.py
[2024-03-16T05:34:48.750+0000] {logging_mixin.py:154} INFO - [2024-03-16T05:34:48.750+0000] {dag.py:2941} INFO - Sync 1 DAGs
[2024-03-16T05:34:48.757+0000] {logging_mixin.py:154} INFO - [2024-03-16T05:34:48.757+0000] {dag.py:3722} INFO - Setting next_dagrun for example_sensors to None, run_after=None
[2024-03-16T05:34:48.766+0000] {processor.py:179} INFO - Processing /home/airflow/.local/lib/python3.10/site-packages/airflow/example_dags/example_sensors.py took 0.041 seconds
[2024-03-16T05:35:19.525+0000] {processor.py:157} INFO - Started process (PID=2424) to work on /home/airflow/.local/lib/python3.10/site-packages/airflow/example_dags/example_sensors.py
[2024-03-16T05:35:19.526+0000] {processor.py:829} INFO - Processing file /home/airflow/.local/lib/python3.10/site-packages/airflow/example_dags/example_sensors.py for tasks to queue
[2024-03-16T05:35:19.527+0000] {logging_mixin.py:154} INFO - [2024-03-16T05:35:19.527+0000] {dagbag.py:536} INFO - Filling up the DagBag from /home/airflow/.local/lib/python3.10/site-packages/airflow/example_dags/example_sensors.py
[2024-03-16T05:35:19.532+0000] {processor.py:839} INFO - DAG(s) dict_keys(['example_sensors']) retrieved from /home/airflow/.local/lib/python3.10/site-packages/airflow/example_dags/example_sensors.py
[2024-03-16T05:35:19.546+0000] {logging_mixin.py:154} INFO - [2024-03-16T05:35:19.546+0000] {dag.py:2941} INFO - Sync 1 DAGs
[2024-03-16T05:35:19.553+0000] {logging_mixin.py:154} INFO - [2024-03-16T05:35:19.553+0000] {dag.py:3722} INFO - Setting next_dagrun for example_sensors to None, run_after=None
[2024-03-16T05:35:19.562+0000] {processor.py:179} INFO - Processing /home/airflow/.local/lib/python3.10/site-packages/airflow/example_dags/example_sensors.py took 0.039 seconds
[2024-03-16T05:35:50.106+0000] {processor.py:157} INFO - Started process (PID=2478) to work on /home/airflow/.local/lib/python3.10/site-packages/airflow/example_dags/example_sensors.py
[2024-03-16T05:35:50.107+0000] {processor.py:829} INFO - Processing file /home/airflow/.local/lib/python3.10/site-packages/airflow/example_dags/example_sensors.py for tasks to queue
[2024-03-16T05:35:50.108+0000] {logging_mixin.py:154} INFO - [2024-03-16T05:35:50.108+0000] {dagbag.py:536} INFO - Filling up the DagBag from /home/airflow/.local/lib/python3.10/site-packages/airflow/example_dags/example_sensors.py
[2024-03-16T05:35:50.113+0000] {processor.py:839} INFO - DAG(s) dict_keys(['example_sensors']) retrieved from /home/airflow/.local/lib/python3.10/site-packages/airflow/example_dags/example_sensors.py
[2024-03-16T05:35:50.127+0000] {logging_mixin.py:154} INFO - [2024-03-16T05:35:50.127+0000] {dag.py:2941} INFO - Sync 1 DAGs
[2024-03-16T05:35:50.134+0000] {logging_mixin.py:154} INFO - [2024-03-16T05:35:50.134+0000] {dag.py:3722} INFO - Setting next_dagrun for example_sensors to None, run_after=None
[2024-03-16T05:35:50.144+0000] {processor.py:179} INFO - Processing /home/airflow/.local/lib/python3.10/site-packages/airflow/example_dags/example_sensors.py took 0.039 seconds
[2024-03-16T05:36:20.785+0000] {processor.py:157} INFO - Started process (PID=2532) to work on /home/airflow/.local/lib/python3.10/site-packages/airflow/example_dags/example_sensors.py
[2024-03-16T05:36:20.786+0000] {processor.py:829} INFO - Processing file /home/airflow/.local/lib/python3.10/site-packages/airflow/example_dags/example_sensors.py for tasks to queue
[2024-03-16T05:36:20.787+0000] {logging_mixin.py:154} INFO - [2024-03-16T05:36:20.787+0000] {dagbag.py:536} INFO - Filling up the DagBag from /home/airflow/.local/lib/python3.10/site-packages/airflow/example_dags/example_sensors.py
[2024-03-16T05:36:20.792+0000] {processor.py:839} INFO - DAG(s) dict_keys(['example_sensors']) retrieved from /home/airflow/.local/lib/python3.10/site-packages/airflow/example_dags/example_sensors.py
[2024-03-16T05:36:20.806+0000] {logging_mixin.py:154} INFO - [2024-03-16T05:36:20.806+0000] {dag.py:2941} INFO - Sync 1 DAGs
[2024-03-16T05:36:20.813+0000] {logging_mixin.py:154} INFO - [2024-03-16T05:36:20.813+0000] {dag.py:3722} INFO - Setting next_dagrun for example_sensors to None, run_after=None
[2024-03-16T05:36:20.822+0000] {processor.py:179} INFO - Processing /home/airflow/.local/lib/python3.10/site-packages/airflow/example_dags/example_sensors.py took 0.038 seconds
[2024-03-16T05:36:51.399+0000] {processor.py:157} INFO - Started process (PID=2586) to work on /home/airflow/.local/lib/python3.10/site-packages/airflow/example_dags/example_sensors.py
[2024-03-16T05:36:51.400+0000] {processor.py:829} INFO - Processing file /home/airflow/.local/lib/python3.10/site-packages/airflow/example_dags/example_sensors.py for tasks to queue
[2024-03-16T05:36:51.401+0000] {logging_mixin.py:154} INFO - [2024-03-16T05:36:51.401+0000] {dagbag.py:536} INFO - Filling up the DagBag from /home/airflow/.local/lib/python3.10/site-packages/airflow/example_dags/example_sensors.py
[2024-03-16T05:36:51.406+0000] {processor.py:839} INFO - DAG(s) dict_keys(['example_sensors']) retrieved from /home/airflow/.local/lib/python3.10/site-packages/airflow/example_dags/example_sensors.py
[2024-03-16T05:36:51.421+0000] {logging_mixin.py:154} INFO - [2024-03-16T05:36:51.421+0000] {dag.py:2941} INFO - Sync 1 DAGs
[2024-03-16T05:36:51.428+0000] {logging_mixin.py:154} INFO - [2024-03-16T05:36:51.428+0000] {dag.py:3722} INFO - Setting next_dagrun for example_sensors to None, run_after=None
[2024-03-16T05:36:51.437+0000] {processor.py:179} INFO - Processing /home/airflow/.local/lib/python3.10/site-packages/airflow/example_dags/example_sensors.py took 0.040 seconds
[2024-03-16T05:37:22.108+0000] {processor.py:157} INFO - Started process (PID=2640) to work on /home/airflow/.local/lib/python3.10/site-packages/airflow/example_dags/example_sensors.py
[2024-03-16T05:37:22.109+0000] {processor.py:829} INFO - Processing file /home/airflow/.local/lib/python3.10/site-packages/airflow/example_dags/example_sensors.py for tasks to queue
[2024-03-16T05:37:22.110+0000] {logging_mixin.py:154} INFO - [2024-03-16T05:37:22.110+0000] {dagbag.py:536} INFO - Filling up the DagBag from /home/airflow/.local/lib/python3.10/site-packages/airflow/example_dags/example_sensors.py
[2024-03-16T05:37:22.116+0000] {processor.py:839} INFO - DAG(s) dict_keys(['example_sensors']) retrieved from /home/airflow/.local/lib/python3.10/site-packages/airflow/example_dags/example_sensors.py
[2024-03-16T05:37:22.131+0000] {logging_mixin.py:154} INFO - [2024-03-16T05:37:22.131+0000] {dag.py:2941} INFO - Sync 1 DAGs
[2024-03-16T05:37:22.138+0000] {logging_mixin.py:154} INFO - [2024-03-16T05:37:22.138+0000] {dag.py:3722} INFO - Setting next_dagrun for example_sensors to None, run_after=None
[2024-03-16T05:37:22.148+0000] {processor.py:179} INFO - Processing /home/airflow/.local/lib/python3.10/site-packages/airflow/example_dags/example_sensors.py took 0.042 seconds
[2024-03-16T05:37:52.933+0000] {processor.py:157} INFO - Started process (PID=2694) to work on /home/airflow/.local/lib/python3.10/site-packages/airflow/example_dags/example_sensors.py
[2024-03-16T05:37:52.934+0000] {processor.py:829} INFO - Processing file /home/airflow/.local/lib/python3.10/site-packages/airflow/example_dags/example_sensors.py for tasks to queue
[2024-03-16T05:37:52.935+0000] {logging_mixin.py:154} INFO - [2024-03-16T05:37:52.935+0000] {dagbag.py:536} INFO - Filling up the DagBag from /home/airflow/.local/lib/python3.10/site-packages/airflow/example_dags/example_sensors.py
[2024-03-16T05:37:52.940+0000] {processor.py:839} INFO - DAG(s) dict_keys(['example_sensors']) retrieved from /home/airflow/.local/lib/python3.10/site-packages/airflow/example_dags/example_sensors.py
[2024-03-16T05:37:52.954+0000] {logging_mixin.py:154} INFO - [2024-03-16T05:37:52.954+0000] {dag.py:2941} INFO - Sync 1 DAGs
[2024-03-16T05:37:52.961+0000] {logging_mixin.py:154} INFO - [2024-03-16T05:37:52.960+0000] {dag.py:3722} INFO - Setting next_dagrun for example_sensors to None, run_after=None
[2024-03-16T05:37:52.969+0000] {processor.py:179} INFO - Processing /home/airflow/.local/lib/python3.10/site-packages/airflow/example_dags/example_sensors.py took 0.037 seconds
[2024-03-16T05:38:23.562+0000] {processor.py:157} INFO - Started process (PID=2748) to work on /home/airflow/.local/lib/python3.10/site-packages/airflow/example_dags/example_sensors.py
[2024-03-16T05:38:23.562+0000] {processor.py:829} INFO - Processing file /home/airflow/.local/lib/python3.10/site-packages/airflow/example_dags/example_sensors.py for tasks to queue
[2024-03-16T05:38:23.563+0000] {logging_mixin.py:154} INFO - [2024-03-16T05:38:23.563+0000] {dagbag.py:536} INFO - Filling up the DagBag from /home/airflow/.local/lib/python3.10/site-packages/airflow/example_dags/example_sensors.py
[2024-03-16T05:38:23.569+0000] {processor.py:839} INFO - DAG(s) dict_keys(['example_sensors']) retrieved from /home/airflow/.local/lib/python3.10/site-packages/airflow/example_dags/example_sensors.py
[2024-03-16T05:38:23.584+0000] {logging_mixin.py:154} INFO - [2024-03-16T05:38:23.584+0000] {dag.py:2941} INFO - Sync 1 DAGs
[2024-03-16T05:38:23.591+0000] {logging_mixin.py:154} INFO - [2024-03-16T05:38:23.591+0000] {dag.py:3722} INFO - Setting next_dagrun for example_sensors to None, run_after=None
[2024-03-16T05:38:23.600+0000] {processor.py:179} INFO - Processing /home/airflow/.local/lib/python3.10/site-packages/airflow/example_dags/example_sensors.py took 0.040 seconds
[2024-03-16T05:38:54.297+0000] {processor.py:157} INFO - Started process (PID=2802) to work on /home/airflow/.local/lib/python3.10/site-packages/airflow/example_dags/example_sensors.py
[2024-03-16T05:38:54.298+0000] {processor.py:829} INFO - Processing file /home/airflow/.local/lib/python3.10/site-packages/airflow/example_dags/example_sensors.py for tasks to queue
[2024-03-16T05:38:54.299+0000] {logging_mixin.py:154} INFO - [2024-03-16T05:38:54.299+0000] {dagbag.py:536} INFO - Filling up the DagBag from /home/airflow/.local/lib/python3.10/site-packages/airflow/example_dags/example_sensors.py
[2024-03-16T05:38:54.304+0000] {processor.py:839} INFO - DAG(s) dict_keys(['example_sensors']) retrieved from /home/airflow/.local/lib/python3.10/site-packages/airflow/example_dags/example_sensors.py
[2024-03-16T05:38:54.318+0000] {logging_mixin.py:154} INFO - [2024-03-16T05:38:54.318+0000] {dag.py:2941} INFO - Sync 1 DAGs
[2024-03-16T05:38:54.325+0000] {logging_mixin.py:154} INFO - [2024-03-16T05:38:54.325+0000] {dag.py:3722} INFO - Setting next_dagrun for example_sensors to None, run_after=None
[2024-03-16T05:38:54.334+0000] {processor.py:179} INFO - Processing /home/airflow/.local/lib/python3.10/site-packages/airflow/example_dags/example_sensors.py took 0.038 seconds
[2024-03-16T05:39:25.066+0000] {processor.py:157} INFO - Started process (PID=2856) to work on /home/airflow/.local/lib/python3.10/site-packages/airflow/example_dags/example_sensors.py
[2024-03-16T05:39:25.066+0000] {processor.py:829} INFO - Processing file /home/airflow/.local/lib/python3.10/site-packages/airflow/example_dags/example_sensors.py for tasks to queue
[2024-03-16T05:39:25.067+0000] {logging_mixin.py:154} INFO - [2024-03-16T05:39:25.067+0000] {dagbag.py:536} INFO - Filling up the DagBag from /home/airflow/.local/lib/python3.10/site-packages/airflow/example_dags/example_sensors.py
[2024-03-16T05:39:25.072+0000] {processor.py:839} INFO - DAG(s) dict_keys(['example_sensors']) retrieved from /home/airflow/.local/lib/python3.10/site-packages/airflow/example_dags/example_sensors.py
[2024-03-16T05:39:25.088+0000] {logging_mixin.py:154} INFO - [2024-03-16T05:39:25.088+0000] {dag.py:2941} INFO - Sync 1 DAGs
[2024-03-16T05:39:25.095+0000] {logging_mixin.py:154} INFO - [2024-03-16T05:39:25.095+0000] {dag.py:3722} INFO - Setting next_dagrun for example_sensors to None, run_after=None
[2024-03-16T05:39:25.104+0000] {processor.py:179} INFO - Processing /home/airflow/.local/lib/python3.10/site-packages/airflow/example_dags/example_sensors.py took 0.040 seconds
[2024-03-16T05:39:55.870+0000] {processor.py:157} INFO - Started process (PID=2910) to work on /home/airflow/.local/lib/python3.10/site-packages/airflow/example_dags/example_sensors.py
[2024-03-16T05:39:55.870+0000] {processor.py:829} INFO - Processing file /home/airflow/.local/lib/python3.10/site-packages/airflow/example_dags/example_sensors.py for tasks to queue
[2024-03-16T05:39:55.871+0000] {logging_mixin.py:154} INFO - [2024-03-16T05:39:55.871+0000] {dagbag.py:536} INFO - Filling up the DagBag from /home/airflow/.local/lib/python3.10/site-packages/airflow/example_dags/example_sensors.py
[2024-03-16T05:39:55.877+0000] {processor.py:839} INFO - DAG(s) dict_keys(['example_sensors']) retrieved from /home/airflow/.local/lib/python3.10/site-packages/airflow/example_dags/example_sensors.py
[2024-03-16T05:39:55.893+0000] {logging_mixin.py:154} INFO - [2024-03-16T05:39:55.893+0000] {dag.py:2941} INFO - Sync 1 DAGs
[2024-03-16T05:39:55.900+0000] {logging_mixin.py:154} INFO - [2024-03-16T05:39:55.900+0000] {dag.py:3722} INFO - Setting next_dagrun for example_sensors to None, run_after=None
[2024-03-16T05:39:55.908+0000] {processor.py:179} INFO - Processing /home/airflow/.local/lib/python3.10/site-packages/airflow/example_dags/example_sensors.py took 0.041 seconds
[2024-03-16T05:40:26.532+0000] {processor.py:157} INFO - Started process (PID=2964) to work on /home/airflow/.local/lib/python3.10/site-packages/airflow/example_dags/example_sensors.py
[2024-03-16T05:40:26.532+0000] {processor.py:829} INFO - Processing file /home/airflow/.local/lib/python3.10/site-packages/airflow/example_dags/example_sensors.py for tasks to queue
[2024-03-16T05:40:26.533+0000] {logging_mixin.py:154} INFO - [2024-03-16T05:40:26.533+0000] {dagbag.py:536} INFO - Filling up the DagBag from /home/airflow/.local/lib/python3.10/site-packages/airflow/example_dags/example_sensors.py
[2024-03-16T05:40:26.539+0000] {processor.py:839} INFO - DAG(s) dict_keys(['example_sensors']) retrieved from /home/airflow/.local/lib/python3.10/site-packages/airflow/example_dags/example_sensors.py
[2024-03-16T05:40:26.553+0000] {logging_mixin.py:154} INFO - [2024-03-16T05:40:26.553+0000] {dag.py:2941} INFO - Sync 1 DAGs
[2024-03-16T05:40:26.560+0000] {logging_mixin.py:154} INFO - [2024-03-16T05:40:26.560+0000] {dag.py:3722} INFO - Setting next_dagrun for example_sensors to None, run_after=None
[2024-03-16T05:40:26.569+0000] {processor.py:179} INFO - Processing /home/airflow/.local/lib/python3.10/site-packages/airflow/example_dags/example_sensors.py took 0.039 seconds
[2024-03-16T05:40:57.336+0000] {processor.py:157} INFO - Started process (PID=3018) to work on /home/airflow/.local/lib/python3.10/site-packages/airflow/example_dags/example_sensors.py
[2024-03-16T05:40:57.336+0000] {processor.py:829} INFO - Processing file /home/airflow/.local/lib/python3.10/site-packages/airflow/example_dags/example_sensors.py for tasks to queue
[2024-03-16T05:40:57.337+0000] {logging_mixin.py:154} INFO - [2024-03-16T05:40:57.337+0000] {dagbag.py:536} INFO - Filling up the DagBag from /home/airflow/.local/lib/python3.10/site-packages/airflow/example_dags/example_sensors.py
[2024-03-16T05:40:57.342+0000] {processor.py:839} INFO - DAG(s) dict_keys(['example_sensors']) retrieved from /home/airflow/.local/lib/python3.10/site-packages/airflow/example_dags/example_sensors.py
[2024-03-16T05:40:57.357+0000] {logging_mixin.py:154} INFO - [2024-03-16T05:40:57.357+0000] {dag.py:2941} INFO - Sync 1 DAGs
[2024-03-16T05:40:57.363+0000] {logging_mixin.py:154} INFO - [2024-03-16T05:40:57.363+0000] {dag.py:3722} INFO - Setting next_dagrun for example_sensors to None, run_after=None
[2024-03-16T05:40:57.372+0000] {processor.py:179} INFO - Processing /home/airflow/.local/lib/python3.10/site-packages/airflow/example_dags/example_sensors.py took 0.038 seconds
[2024-03-16T05:41:27.954+0000] {processor.py:157} INFO - Started process (PID=3072) to work on /home/airflow/.local/lib/python3.10/site-packages/airflow/example_dags/example_sensors.py
[2024-03-16T05:41:27.955+0000] {processor.py:829} INFO - Processing file /home/airflow/.local/lib/python3.10/site-packages/airflow/example_dags/example_sensors.py for tasks to queue
[2024-03-16T05:41:27.956+0000] {logging_mixin.py:154} INFO - [2024-03-16T05:41:27.955+0000] {dagbag.py:536} INFO - Filling up the DagBag from /home/airflow/.local/lib/python3.10/site-packages/airflow/example_dags/example_sensors.py
[2024-03-16T05:41:27.960+0000] {processor.py:839} INFO - DAG(s) dict_keys(['example_sensors']) retrieved from /home/airflow/.local/lib/python3.10/site-packages/airflow/example_dags/example_sensors.py
[2024-03-16T05:41:27.975+0000] {logging_mixin.py:154} INFO - [2024-03-16T05:41:27.975+0000] {dag.py:2941} INFO - Sync 1 DAGs
[2024-03-16T05:41:27.982+0000] {logging_mixin.py:154} INFO - [2024-03-16T05:41:27.981+0000] {dag.py:3722} INFO - Setting next_dagrun for example_sensors to None, run_after=None
[2024-03-16T05:41:27.990+0000] {processor.py:179} INFO - Processing /home/airflow/.local/lib/python3.10/site-packages/airflow/example_dags/example_sensors.py took 0.038 seconds
[2024-03-16T05:41:58.599+0000] {processor.py:157} INFO - Started process (PID=3126) to work on /home/airflow/.local/lib/python3.10/site-packages/airflow/example_dags/example_sensors.py
[2024-03-16T05:41:58.599+0000] {processor.py:829} INFO - Processing file /home/airflow/.local/lib/python3.10/site-packages/airflow/example_dags/example_sensors.py for tasks to queue
[2024-03-16T05:41:58.600+0000] {logging_mixin.py:154} INFO - [2024-03-16T05:41:58.600+0000] {dagbag.py:536} INFO - Filling up the DagBag from /home/airflow/.local/lib/python3.10/site-packages/airflow/example_dags/example_sensors.py
[2024-03-16T05:41:58.605+0000] {processor.py:839} INFO - DAG(s) dict_keys(['example_sensors']) retrieved from /home/airflow/.local/lib/python3.10/site-packages/airflow/example_dags/example_sensors.py
[2024-03-16T05:41:58.620+0000] {logging_mixin.py:154} INFO - [2024-03-16T05:41:58.620+0000] {dag.py:2941} INFO - Sync 1 DAGs
[2024-03-16T05:41:58.627+0000] {logging_mixin.py:154} INFO - [2024-03-16T05:41:58.627+0000] {dag.py:3722} INFO - Setting next_dagrun for example_sensors to None, run_after=None
[2024-03-16T05:41:58.636+0000] {processor.py:179} INFO - Processing /home/airflow/.local/lib/python3.10/site-packages/airflow/example_dags/example_sensors.py took 0.040 seconds
[2024-03-16T05:42:29.311+0000] {processor.py:157} INFO - Started process (PID=3180) to work on /home/airflow/.local/lib/python3.10/site-packages/airflow/example_dags/example_sensors.py
[2024-03-16T05:42:29.312+0000] {processor.py:829} INFO - Processing file /home/airflow/.local/lib/python3.10/site-packages/airflow/example_dags/example_sensors.py for tasks to queue
[2024-03-16T05:42:29.313+0000] {logging_mixin.py:154} INFO - [2024-03-16T05:42:29.313+0000] {dagbag.py:536} INFO - Filling up the DagBag from /home/airflow/.local/lib/python3.10/site-packages/airflow/example_dags/example_sensors.py
[2024-03-16T05:42:29.318+0000] {processor.py:839} INFO - DAG(s) dict_keys(['example_sensors']) retrieved from /home/airflow/.local/lib/python3.10/site-packages/airflow/example_dags/example_sensors.py
[2024-03-16T05:42:29.333+0000] {logging_mixin.py:154} INFO - [2024-03-16T05:42:29.333+0000] {dag.py:2941} INFO - Sync 1 DAGs
[2024-03-16T05:42:29.340+0000] {logging_mixin.py:154} INFO - [2024-03-16T05:42:29.340+0000] {dag.py:3722} INFO - Setting next_dagrun for example_sensors to None, run_after=None
[2024-03-16T05:42:29.349+0000] {processor.py:179} INFO - Processing /home/airflow/.local/lib/python3.10/site-packages/airflow/example_dags/example_sensors.py took 0.040 seconds
[2024-03-16T05:43:00.130+0000] {processor.py:157} INFO - Started process (PID=3234) to work on /home/airflow/.local/lib/python3.10/site-packages/airflow/example_dags/example_sensors.py
[2024-03-16T05:43:00.131+0000] {processor.py:829} INFO - Processing file /home/airflow/.local/lib/python3.10/site-packages/airflow/example_dags/example_sensors.py for tasks to queue
[2024-03-16T05:43:00.132+0000] {logging_mixin.py:154} INFO - [2024-03-16T05:43:00.132+0000] {dagbag.py:536} INFO - Filling up the DagBag from /home/airflow/.local/lib/python3.10/site-packages/airflow/example_dags/example_sensors.py
[2024-03-16T05:43:00.137+0000] {processor.py:839} INFO - DAG(s) dict_keys(['example_sensors']) retrieved from /home/airflow/.local/lib/python3.10/site-packages/airflow/example_dags/example_sensors.py
[2024-03-16T05:43:00.153+0000] {logging_mixin.py:154} INFO - [2024-03-16T05:43:00.153+0000] {dag.py:2941} INFO - Sync 1 DAGs
[2024-03-16T05:43:00.161+0000] {logging_mixin.py:154} INFO - [2024-03-16T05:43:00.161+0000] {dag.py:3722} INFO - Setting next_dagrun for example_sensors to None, run_after=None
[2024-03-16T05:43:00.172+0000] {processor.py:179} INFO - Processing /home/airflow/.local/lib/python3.10/site-packages/airflow/example_dags/example_sensors.py took 0.044 seconds
[2024-03-16T05:43:31.039+0000] {processor.py:157} INFO - Started process (PID=3288) to work on /home/airflow/.local/lib/python3.10/site-packages/airflow/example_dags/example_sensors.py
[2024-03-16T05:43:31.040+0000] {processor.py:829} INFO - Processing file /home/airflow/.local/lib/python3.10/site-packages/airflow/example_dags/example_sensors.py for tasks to queue
[2024-03-16T05:43:31.041+0000] {logging_mixin.py:154} INFO - [2024-03-16T05:43:31.041+0000] {dagbag.py:536} INFO - Filling up the DagBag from /home/airflow/.local/lib/python3.10/site-packages/airflow/example_dags/example_sensors.py
[2024-03-16T05:43:31.046+0000] {processor.py:839} INFO - DAG(s) dict_keys(['example_sensors']) retrieved from /home/airflow/.local/lib/python3.10/site-packages/airflow/example_dags/example_sensors.py
[2024-03-16T05:43:31.061+0000] {logging_mixin.py:154} INFO - [2024-03-16T05:43:31.061+0000] {dag.py:2941} INFO - Sync 1 DAGs
[2024-03-16T05:43:31.068+0000] {logging_mixin.py:154} INFO - [2024-03-16T05:43:31.068+0000] {dag.py:3722} INFO - Setting next_dagrun for example_sensors to None, run_after=None
[2024-03-16T05:43:31.077+0000] {processor.py:179} INFO - Processing /home/airflow/.local/lib/python3.10/site-packages/airflow/example_dags/example_sensors.py took 0.040 seconds
[2024-03-16T05:44:01.845+0000] {processor.py:157} INFO - Started process (PID=3342) to work on /home/airflow/.local/lib/python3.10/site-packages/airflow/example_dags/example_sensors.py
[2024-03-16T05:44:01.846+0000] {processor.py:829} INFO - Processing file /home/airflow/.local/lib/python3.10/site-packages/airflow/example_dags/example_sensors.py for tasks to queue
[2024-03-16T05:44:01.847+0000] {logging_mixin.py:154} INFO - [2024-03-16T05:44:01.847+0000] {dagbag.py:536} INFO - Filling up the DagBag from /home/airflow/.local/lib/python3.10/site-packages/airflow/example_dags/example_sensors.py
[2024-03-16T05:44:01.852+0000] {processor.py:839} INFO - DAG(s) dict_keys(['example_sensors']) retrieved from /home/airflow/.local/lib/python3.10/site-packages/airflow/example_dags/example_sensors.py
[2024-03-16T05:44:01.867+0000] {logging_mixin.py:154} INFO - [2024-03-16T05:44:01.867+0000] {dag.py:2941} INFO - Sync 1 DAGs
[2024-03-16T05:44:01.874+0000] {logging_mixin.py:154} INFO - [2024-03-16T05:44:01.874+0000] {dag.py:3722} INFO - Setting next_dagrun for example_sensors to None, run_after=None
[2024-03-16T05:44:01.883+0000] {processor.py:179} INFO - Processing /home/airflow/.local/lib/python3.10/site-packages/airflow/example_dags/example_sensors.py took 0.040 seconds
[2024-03-16T05:44:32.516+0000] {processor.py:157} INFO - Started process (PID=3396) to work on /home/airflow/.local/lib/python3.10/site-packages/airflow/example_dags/example_sensors.py
[2024-03-16T05:44:32.516+0000] {processor.py:829} INFO - Processing file /home/airflow/.local/lib/python3.10/site-packages/airflow/example_dags/example_sensors.py for tasks to queue
[2024-03-16T05:44:32.517+0000] {logging_mixin.py:154} INFO - [2024-03-16T05:44:32.517+0000] {dagbag.py:536} INFO - Filling up the DagBag from /home/airflow/.local/lib/python3.10/site-packages/airflow/example_dags/example_sensors.py
[2024-03-16T05:44:32.522+0000] {processor.py:839} INFO - DAG(s) dict_keys(['example_sensors']) retrieved from /home/airflow/.local/lib/python3.10/site-packages/airflow/example_dags/example_sensors.py
[2024-03-16T05:44:32.538+0000] {logging_mixin.py:154} INFO - [2024-03-16T05:44:32.537+0000] {dag.py:2941} INFO - Sync 1 DAGs
[2024-03-16T05:44:32.544+0000] {logging_mixin.py:154} INFO - [2024-03-16T05:44:32.544+0000] {dag.py:3722} INFO - Setting next_dagrun for example_sensors to None, run_after=None
[2024-03-16T05:44:32.553+0000] {processor.py:179} INFO - Processing /home/airflow/.local/lib/python3.10/site-packages/airflow/example_dags/example_sensors.py took 0.039 seconds
[2024-03-16T05:45:03.289+0000] {processor.py:157} INFO - Started process (PID=3450) to work on /home/airflow/.local/lib/python3.10/site-packages/airflow/example_dags/example_sensors.py
[2024-03-16T05:45:03.290+0000] {processor.py:829} INFO - Processing file /home/airflow/.local/lib/python3.10/site-packages/airflow/example_dags/example_sensors.py for tasks to queue
[2024-03-16T05:45:03.291+0000] {logging_mixin.py:154} INFO - [2024-03-16T05:45:03.291+0000] {dagbag.py:536} INFO - Filling up the DagBag from /home/airflow/.local/lib/python3.10/site-packages/airflow/example_dags/example_sensors.py
[2024-03-16T05:45:03.296+0000] {processor.py:839} INFO - DAG(s) dict_keys(['example_sensors']) retrieved from /home/airflow/.local/lib/python3.10/site-packages/airflow/example_dags/example_sensors.py
[2024-03-16T05:45:03.311+0000] {logging_mixin.py:154} INFO - [2024-03-16T05:45:03.311+0000] {dag.py:2941} INFO - Sync 1 DAGs
[2024-03-16T05:45:03.319+0000] {logging_mixin.py:154} INFO - [2024-03-16T05:45:03.319+0000] {dag.py:3722} INFO - Setting next_dagrun for example_sensors to None, run_after=None
[2024-03-16T05:45:03.329+0000] {processor.py:179} INFO - Processing /home/airflow/.local/lib/python3.10/site-packages/airflow/example_dags/example_sensors.py took 0.042 seconds
[2024-03-16T05:45:33.979+0000] {processor.py:157} INFO - Started process (PID=3504) to work on /home/airflow/.local/lib/python3.10/site-packages/airflow/example_dags/example_sensors.py
[2024-03-16T05:45:33.980+0000] {processor.py:829} INFO - Processing file /home/airflow/.local/lib/python3.10/site-packages/airflow/example_dags/example_sensors.py for tasks to queue
[2024-03-16T05:45:33.981+0000] {logging_mixin.py:154} INFO - [2024-03-16T05:45:33.980+0000] {dagbag.py:536} INFO - Filling up the DagBag from /home/airflow/.local/lib/python3.10/site-packages/airflow/example_dags/example_sensors.py
[2024-03-16T05:45:33.986+0000] {processor.py:839} INFO - DAG(s) dict_keys(['example_sensors']) retrieved from /home/airflow/.local/lib/python3.10/site-packages/airflow/example_dags/example_sensors.py
[2024-03-16T05:45:34.000+0000] {logging_mixin.py:154} INFO - [2024-03-16T05:45:34.000+0000] {dag.py:2941} INFO - Sync 1 DAGs
[2024-03-16T05:45:34.007+0000] {logging_mixin.py:154} INFO - [2024-03-16T05:45:34.007+0000] {dag.py:3722} INFO - Setting next_dagrun for example_sensors to None, run_after=None
[2024-03-16T05:45:34.015+0000] {processor.py:179} INFO - Processing /home/airflow/.local/lib/python3.10/site-packages/airflow/example_dags/example_sensors.py took 0.038 seconds
[2024-03-16T05:46:04.739+0000] {processor.py:157} INFO - Started process (PID=3558) to work on /home/airflow/.local/lib/python3.10/site-packages/airflow/example_dags/example_sensors.py
[2024-03-16T05:46:04.739+0000] {processor.py:829} INFO - Processing file /home/airflow/.local/lib/python3.10/site-packages/airflow/example_dags/example_sensors.py for tasks to queue
[2024-03-16T05:46:04.740+0000] {logging_mixin.py:154} INFO - [2024-03-16T05:46:04.740+0000] {dagbag.py:536} INFO - Filling up the DagBag from /home/airflow/.local/lib/python3.10/site-packages/airflow/example_dags/example_sensors.py
[2024-03-16T05:46:04.746+0000] {processor.py:839} INFO - DAG(s) dict_keys(['example_sensors']) retrieved from /home/airflow/.local/lib/python3.10/site-packages/airflow/example_dags/example_sensors.py
[2024-03-16T05:46:04.762+0000] {logging_mixin.py:154} INFO - [2024-03-16T05:46:04.762+0000] {dag.py:2941} INFO - Sync 1 DAGs
[2024-03-16T05:46:04.769+0000] {logging_mixin.py:154} INFO - [2024-03-16T05:46:04.769+0000] {dag.py:3722} INFO - Setting next_dagrun for example_sensors to None, run_after=None
[2024-03-16T05:46:04.778+0000] {processor.py:179} INFO - Processing /home/airflow/.local/lib/python3.10/site-packages/airflow/example_dags/example_sensors.py took 0.042 seconds
[2024-03-16T05:46:35.602+0000] {processor.py:157} INFO - Started process (PID=3612) to work on /home/airflow/.local/lib/python3.10/site-packages/airflow/example_dags/example_sensors.py
[2024-03-16T05:46:35.603+0000] {processor.py:829} INFO - Processing file /home/airflow/.local/lib/python3.10/site-packages/airflow/example_dags/example_sensors.py for tasks to queue
[2024-03-16T05:46:35.604+0000] {logging_mixin.py:154} INFO - [2024-03-16T05:46:35.604+0000] {dagbag.py:536} INFO - Filling up the DagBag from /home/airflow/.local/lib/python3.10/site-packages/airflow/example_dags/example_sensors.py
[2024-03-16T05:46:35.609+0000] {processor.py:839} INFO - DAG(s) dict_keys(['example_sensors']) retrieved from /home/airflow/.local/lib/python3.10/site-packages/airflow/example_dags/example_sensors.py
[2024-03-16T05:46:35.624+0000] {logging_mixin.py:154} INFO - [2024-03-16T05:46:35.624+0000] {dag.py:2941} INFO - Sync 1 DAGs
[2024-03-16T05:46:35.631+0000] {logging_mixin.py:154} INFO - [2024-03-16T05:46:35.631+0000] {dag.py:3722} INFO - Setting next_dagrun for example_sensors to None, run_after=None
[2024-03-16T05:46:35.640+0000] {processor.py:179} INFO - Processing /home/airflow/.local/lib/python3.10/site-packages/airflow/example_dags/example_sensors.py took 0.039 seconds
[2024-03-16T05:47:06.256+0000] {processor.py:157} INFO - Started process (PID=3666) to work on /home/airflow/.local/lib/python3.10/site-packages/airflow/example_dags/example_sensors.py
[2024-03-16T05:47:06.256+0000] {processor.py:829} INFO - Processing file /home/airflow/.local/lib/python3.10/site-packages/airflow/example_dags/example_sensors.py for tasks to queue
[2024-03-16T05:47:06.257+0000] {logging_mixin.py:154} INFO - [2024-03-16T05:47:06.257+0000] {dagbag.py:536} INFO - Filling up the DagBag from /home/airflow/.local/lib/python3.10/site-packages/airflow/example_dags/example_sensors.py
[2024-03-16T05:47:06.263+0000] {processor.py:839} INFO - DAG(s) dict_keys(['example_sensors']) retrieved from /home/airflow/.local/lib/python3.10/site-packages/airflow/example_dags/example_sensors.py
[2024-03-16T05:47:06.278+0000] {logging_mixin.py:154} INFO - [2024-03-16T05:47:06.278+0000] {dag.py:2941} INFO - Sync 1 DAGs
[2024-03-16T05:47:06.285+0000] {logging_mixin.py:154} INFO - [2024-03-16T05:47:06.285+0000] {dag.py:3722} INFO - Setting next_dagrun for example_sensors to None, run_after=None
[2024-03-16T05:47:06.294+0000] {processor.py:179} INFO - Processing /home/airflow/.local/lib/python3.10/site-packages/airflow/example_dags/example_sensors.py took 0.040 seconds
[2024-03-16T05:47:36.952+0000] {processor.py:157} INFO - Started process (PID=3720) to work on /home/airflow/.local/lib/python3.10/site-packages/airflow/example_dags/example_sensors.py
[2024-03-16T05:47:36.953+0000] {processor.py:829} INFO - Processing file /home/airflow/.local/lib/python3.10/site-packages/airflow/example_dags/example_sensors.py for tasks to queue
[2024-03-16T05:47:36.954+0000] {logging_mixin.py:154} INFO - [2024-03-16T05:47:36.954+0000] {dagbag.py:536} INFO - Filling up the DagBag from /home/airflow/.local/lib/python3.10/site-packages/airflow/example_dags/example_sensors.py
[2024-03-16T05:47:36.959+0000] {processor.py:839} INFO - DAG(s) dict_keys(['example_sensors']) retrieved from /home/airflow/.local/lib/python3.10/site-packages/airflow/example_dags/example_sensors.py
[2024-03-16T05:47:36.975+0000] {logging_mixin.py:154} INFO - [2024-03-16T05:47:36.975+0000] {dag.py:2941} INFO - Sync 1 DAGs
[2024-03-16T05:47:36.983+0000] {logging_mixin.py:154} INFO - [2024-03-16T05:47:36.983+0000] {dag.py:3722} INFO - Setting next_dagrun for example_sensors to None, run_after=None
[2024-03-16T05:47:36.992+0000] {processor.py:179} INFO - Processing /home/airflow/.local/lib/python3.10/site-packages/airflow/example_dags/example_sensors.py took 0.042 seconds
[2024-03-16T05:48:07.702+0000] {processor.py:157} INFO - Started process (PID=3774) to work on /home/airflow/.local/lib/python3.10/site-packages/airflow/example_dags/example_sensors.py
[2024-03-16T05:48:07.703+0000] {processor.py:829} INFO - Processing file /home/airflow/.local/lib/python3.10/site-packages/airflow/example_dags/example_sensors.py for tasks to queue
[2024-03-16T05:48:07.704+0000] {logging_mixin.py:154} INFO - [2024-03-16T05:48:07.704+0000] {dagbag.py:536} INFO - Filling up the DagBag from /home/airflow/.local/lib/python3.10/site-packages/airflow/example_dags/example_sensors.py
[2024-03-16T05:48:07.709+0000] {processor.py:839} INFO - DAG(s) dict_keys(['example_sensors']) retrieved from /home/airflow/.local/lib/python3.10/site-packages/airflow/example_dags/example_sensors.py
[2024-03-16T05:48:07.724+0000] {logging_mixin.py:154} INFO - [2024-03-16T05:48:07.724+0000] {dag.py:2941} INFO - Sync 1 DAGs
[2024-03-16T05:48:07.731+0000] {logging_mixin.py:154} INFO - [2024-03-16T05:48:07.731+0000] {dag.py:3722} INFO - Setting next_dagrun for example_sensors to None, run_after=None
[2024-03-16T05:48:07.739+0000] {processor.py:179} INFO - Processing /home/airflow/.local/lib/python3.10/site-packages/airflow/example_dags/example_sensors.py took 0.039 seconds
[2024-03-16T05:48:38.480+0000] {processor.py:157} INFO - Started process (PID=3828) to work on /home/airflow/.local/lib/python3.10/site-packages/airflow/example_dags/example_sensors.py
[2024-03-16T05:48:38.480+0000] {processor.py:829} INFO - Processing file /home/airflow/.local/lib/python3.10/site-packages/airflow/example_dags/example_sensors.py for tasks to queue
[2024-03-16T05:48:38.482+0000] {logging_mixin.py:154} INFO - [2024-03-16T05:48:38.481+0000] {dagbag.py:536} INFO - Filling up the DagBag from /home/airflow/.local/lib/python3.10/site-packages/airflow/example_dags/example_sensors.py
[2024-03-16T05:48:38.487+0000] {processor.py:839} INFO - DAG(s) dict_keys(['example_sensors']) retrieved from /home/airflow/.local/lib/python3.10/site-packages/airflow/example_dags/example_sensors.py
[2024-03-16T05:48:38.505+0000] {logging_mixin.py:154} INFO - [2024-03-16T05:48:38.505+0000] {dag.py:2941} INFO - Sync 1 DAGs
[2024-03-16T05:48:38.514+0000] {logging_mixin.py:154} INFO - [2024-03-16T05:48:38.514+0000] {dag.py:3722} INFO - Setting next_dagrun for example_sensors to None, run_after=None
[2024-03-16T05:48:38.530+0000] {processor.py:179} INFO - Processing /home/airflow/.local/lib/python3.10/site-packages/airflow/example_dags/example_sensors.py took 0.053 seconds
[2024-03-16T05:49:09.416+0000] {processor.py:157} INFO - Started process (PID=3882) to work on /home/airflow/.local/lib/python3.10/site-packages/airflow/example_dags/example_sensors.py
[2024-03-16T05:49:09.416+0000] {processor.py:829} INFO - Processing file /home/airflow/.local/lib/python3.10/site-packages/airflow/example_dags/example_sensors.py for tasks to queue
[2024-03-16T05:49:09.417+0000] {logging_mixin.py:154} INFO - [2024-03-16T05:49:09.417+0000] {dagbag.py:536} INFO - Filling up the DagBag from /home/airflow/.local/lib/python3.10/site-packages/airflow/example_dags/example_sensors.py
[2024-03-16T05:49:09.424+0000] {processor.py:839} INFO - DAG(s) dict_keys(['example_sensors']) retrieved from /home/airflow/.local/lib/python3.10/site-packages/airflow/example_dags/example_sensors.py
[2024-03-16T05:49:09.438+0000] {logging_mixin.py:154} INFO - [2024-03-16T05:49:09.438+0000] {dag.py:2941} INFO - Sync 1 DAGs
[2024-03-16T05:49:09.445+0000] {logging_mixin.py:154} INFO - [2024-03-16T05:49:09.445+0000] {dag.py:3722} INFO - Setting next_dagrun for example_sensors to None, run_after=None
[2024-03-16T05:49:09.454+0000] {processor.py:179} INFO - Processing /home/airflow/.local/lib/python3.10/site-packages/airflow/example_dags/example_sensors.py took 0.041 seconds
[2024-03-16T05:49:40.048+0000] {processor.py:157} INFO - Started process (PID=3936) to work on /home/airflow/.local/lib/python3.10/site-packages/airflow/example_dags/example_sensors.py
[2024-03-16T05:49:40.049+0000] {processor.py:829} INFO - Processing file /home/airflow/.local/lib/python3.10/site-packages/airflow/example_dags/example_sensors.py for tasks to queue
[2024-03-16T05:49:40.050+0000] {logging_mixin.py:154} INFO - [2024-03-16T05:49:40.050+0000] {dagbag.py:536} INFO - Filling up the DagBag from /home/airflow/.local/lib/python3.10/site-packages/airflow/example_dags/example_sensors.py
[2024-03-16T05:49:40.055+0000] {processor.py:839} INFO - DAG(s) dict_keys(['example_sensors']) retrieved from /home/airflow/.local/lib/python3.10/site-packages/airflow/example_dags/example_sensors.py
[2024-03-16T05:49:40.070+0000] {logging_mixin.py:154} INFO - [2024-03-16T05:49:40.070+0000] {dag.py:2941} INFO - Sync 1 DAGs
[2024-03-16T05:49:40.077+0000] {logging_mixin.py:154} INFO - [2024-03-16T05:49:40.077+0000] {dag.py:3722} INFO - Setting next_dagrun for example_sensors to None, run_after=None
[2024-03-16T05:49:40.086+0000] {processor.py:179} INFO - Processing /home/airflow/.local/lib/python3.10/site-packages/airflow/example_dags/example_sensors.py took 0.040 seconds
[2024-03-16T05:50:10.717+0000] {processor.py:157} INFO - Started process (PID=3990) to work on /home/airflow/.local/lib/python3.10/site-packages/airflow/example_dags/example_sensors.py
[2024-03-16T05:50:10.717+0000] {processor.py:829} INFO - Processing file /home/airflow/.local/lib/python3.10/site-packages/airflow/example_dags/example_sensors.py for tasks to queue
[2024-03-16T05:50:10.718+0000] {logging_mixin.py:154} INFO - [2024-03-16T05:50:10.718+0000] {dagbag.py:536} INFO - Filling up the DagBag from /home/airflow/.local/lib/python3.10/site-packages/airflow/example_dags/example_sensors.py
[2024-03-16T05:50:10.723+0000] {processor.py:839} INFO - DAG(s) dict_keys(['example_sensors']) retrieved from /home/airflow/.local/lib/python3.10/site-packages/airflow/example_dags/example_sensors.py
[2024-03-16T05:50:10.739+0000] {logging_mixin.py:154} INFO - [2024-03-16T05:50:10.739+0000] {dag.py:2941} INFO - Sync 1 DAGs
[2024-03-16T05:50:10.746+0000] {logging_mixin.py:154} INFO - [2024-03-16T05:50:10.745+0000] {dag.py:3722} INFO - Setting next_dagrun for example_sensors to None, run_after=None
[2024-03-16T05:50:10.754+0000] {processor.py:179} INFO - Processing /home/airflow/.local/lib/python3.10/site-packages/airflow/example_dags/example_sensors.py took 0.039 seconds
[2024-03-16T05:50:41.563+0000] {processor.py:157} INFO - Started process (PID=4044) to work on /home/airflow/.local/lib/python3.10/site-packages/airflow/example_dags/example_sensors.py
[2024-03-16T05:50:41.564+0000] {processor.py:829} INFO - Processing file /home/airflow/.local/lib/python3.10/site-packages/airflow/example_dags/example_sensors.py for tasks to queue
[2024-03-16T05:50:41.565+0000] {logging_mixin.py:154} INFO - [2024-03-16T05:50:41.564+0000] {dagbag.py:536} INFO - Filling up the DagBag from /home/airflow/.local/lib/python3.10/site-packages/airflow/example_dags/example_sensors.py
[2024-03-16T05:50:41.570+0000] {processor.py:839} INFO - DAG(s) dict_keys(['example_sensors']) retrieved from /home/airflow/.local/lib/python3.10/site-packages/airflow/example_dags/example_sensors.py
[2024-03-16T05:50:41.586+0000] {logging_mixin.py:154} INFO - [2024-03-16T05:50:41.586+0000] {dag.py:2941} INFO - Sync 1 DAGs
[2024-03-16T05:50:41.593+0000] {logging_mixin.py:154} INFO - [2024-03-16T05:50:41.593+0000] {dag.py:3722} INFO - Setting next_dagrun for example_sensors to None, run_after=None
[2024-03-16T05:50:41.603+0000] {processor.py:179} INFO - Processing /home/airflow/.local/lib/python3.10/site-packages/airflow/example_dags/example_sensors.py took 0.043 seconds
[2024-03-16T05:51:12.383+0000] {processor.py:157} INFO - Started process (PID=4098) to work on /home/airflow/.local/lib/python3.10/site-packages/airflow/example_dags/example_sensors.py
[2024-03-16T05:51:12.383+0000] {processor.py:829} INFO - Processing file /home/airflow/.local/lib/python3.10/site-packages/airflow/example_dags/example_sensors.py for tasks to queue
[2024-03-16T05:51:12.384+0000] {logging_mixin.py:154} INFO - [2024-03-16T05:51:12.384+0000] {dagbag.py:536} INFO - Filling up the DagBag from /home/airflow/.local/lib/python3.10/site-packages/airflow/example_dags/example_sensors.py
[2024-03-16T05:51:12.389+0000] {processor.py:839} INFO - DAG(s) dict_keys(['example_sensors']) retrieved from /home/airflow/.local/lib/python3.10/site-packages/airflow/example_dags/example_sensors.py
[2024-03-16T05:51:12.405+0000] {logging_mixin.py:154} INFO - [2024-03-16T05:51:12.404+0000] {dag.py:2941} INFO - Sync 1 DAGs
[2024-03-16T05:51:12.412+0000] {logging_mixin.py:154} INFO - [2024-03-16T05:51:12.412+0000] {dag.py:3722} INFO - Setting next_dagrun for example_sensors to None, run_after=None
[2024-03-16T05:51:12.421+0000] {processor.py:179} INFO - Processing /home/airflow/.local/lib/python3.10/site-packages/airflow/example_dags/example_sensors.py took 0.041 seconds
[2024-03-16T05:51:43.123+0000] {processor.py:157} INFO - Started process (PID=4152) to work on /home/airflow/.local/lib/python3.10/site-packages/airflow/example_dags/example_sensors.py
[2024-03-16T05:51:43.123+0000] {processor.py:829} INFO - Processing file /home/airflow/.local/lib/python3.10/site-packages/airflow/example_dags/example_sensors.py for tasks to queue
[2024-03-16T05:51:43.125+0000] {logging_mixin.py:154} INFO - [2024-03-16T05:51:43.124+0000] {dagbag.py:536} INFO - Filling up the DagBag from /home/airflow/.local/lib/python3.10/site-packages/airflow/example_dags/example_sensors.py
[2024-03-16T05:51:43.130+0000] {processor.py:839} INFO - DAG(s) dict_keys(['example_sensors']) retrieved from /home/airflow/.local/lib/python3.10/site-packages/airflow/example_dags/example_sensors.py
[2024-03-16T05:51:43.146+0000] {logging_mixin.py:154} INFO - [2024-03-16T05:51:43.146+0000] {dag.py:2941} INFO - Sync 1 DAGs
[2024-03-16T05:51:43.154+0000] {logging_mixin.py:154} INFO - [2024-03-16T05:51:43.154+0000] {dag.py:3722} INFO - Setting next_dagrun for example_sensors to None, run_after=None
[2024-03-16T05:51:43.163+0000] {processor.py:179} INFO - Processing /home/airflow/.local/lib/python3.10/site-packages/airflow/example_dags/example_sensors.py took 0.043 seconds
