[2024-03-16T05:12:49.341+0000] {processor.py:157} INFO - Started process (PID=52) to work on /home/airflow/.local/lib/python3.10/site-packages/airflow/example_dags/example_complex.py
[2024-03-16T05:12:49.341+0000] {processor.py:829} INFO - Processing file /home/airflow/.local/lib/python3.10/site-packages/airflow/example_dags/example_complex.py for tasks to queue
[2024-03-16T05:12:49.342+0000] {logging_mixin.py:154} INFO - [2024-03-16T05:12:49.342+0000] {dagbag.py:536} INFO - Filling up the DagBag from /home/airflow/.local/lib/python3.10/site-packages/airflow/example_dags/example_complex.py
[2024-03-16T05:12:49.350+0000] {processor.py:839} INFO - DAG(s) dict_keys(['example_complex']) retrieved from /home/airflow/.local/lib/python3.10/site-packages/airflow/example_dags/example_complex.py
[2024-03-16T05:12:49.374+0000] {logging_mixin.py:154} INFO - [2024-03-16T05:12:49.374+0000] {dag.py:2941} INFO - Sync 1 DAGs
[2024-03-16T05:12:49.383+0000] {logging_mixin.py:154} INFO - [2024-03-16T05:12:49.383+0000] {dag.py:3722} INFO - Setting next_dagrun for example_complex to None, run_after=None
[2024-03-16T05:12:49.395+0000] {processor.py:179} INFO - Processing /home/airflow/.local/lib/python3.10/site-packages/airflow/example_dags/example_complex.py took 0.056 seconds
[2024-03-16T05:13:20.169+0000] {processor.py:157} INFO - Started process (PID=106) to work on /home/airflow/.local/lib/python3.10/site-packages/airflow/example_dags/example_complex.py
[2024-03-16T05:13:20.169+0000] {processor.py:829} INFO - Processing file /home/airflow/.local/lib/python3.10/site-packages/airflow/example_dags/example_complex.py for tasks to queue
[2024-03-16T05:13:20.170+0000] {logging_mixin.py:154} INFO - [2024-03-16T05:13:20.170+0000] {dagbag.py:536} INFO - Filling up the DagBag from /home/airflow/.local/lib/python3.10/site-packages/airflow/example_dags/example_complex.py
[2024-03-16T05:13:20.176+0000] {processor.py:839} INFO - DAG(s) dict_keys(['example_complex']) retrieved from /home/airflow/.local/lib/python3.10/site-packages/airflow/example_dags/example_complex.py
[2024-03-16T05:13:20.199+0000] {logging_mixin.py:154} INFO - [2024-03-16T05:13:20.199+0000] {dag.py:2941} INFO - Sync 1 DAGs
[2024-03-16T05:13:20.206+0000] {logging_mixin.py:154} INFO - [2024-03-16T05:13:20.206+0000] {dag.py:3722} INFO - Setting next_dagrun for example_complex to None, run_after=None
[2024-03-16T05:13:20.215+0000] {processor.py:179} INFO - Processing /home/airflow/.local/lib/python3.10/site-packages/airflow/example_dags/example_complex.py took 0.049 seconds
[2024-03-16T05:13:50.961+0000] {processor.py:157} INFO - Started process (PID=160) to work on /home/airflow/.local/lib/python3.10/site-packages/airflow/example_dags/example_complex.py
[2024-03-16T05:13:50.961+0000] {processor.py:829} INFO - Processing file /home/airflow/.local/lib/python3.10/site-packages/airflow/example_dags/example_complex.py for tasks to queue
[2024-03-16T05:13:50.962+0000] {logging_mixin.py:154} INFO - [2024-03-16T05:13:50.962+0000] {dagbag.py:536} INFO - Filling up the DagBag from /home/airflow/.local/lib/python3.10/site-packages/airflow/example_dags/example_complex.py
[2024-03-16T05:13:50.968+0000] {processor.py:839} INFO - DAG(s) dict_keys(['example_complex']) retrieved from /home/airflow/.local/lib/python3.10/site-packages/airflow/example_dags/example_complex.py
[2024-03-16T05:13:50.986+0000] {logging_mixin.py:154} INFO - [2024-03-16T05:13:50.986+0000] {dag.py:2941} INFO - Sync 1 DAGs
[2024-03-16T05:13:50.994+0000] {logging_mixin.py:154} INFO - [2024-03-16T05:13:50.994+0000] {dag.py:3722} INFO - Setting next_dagrun for example_complex to None, run_after=None
[2024-03-16T05:13:51.003+0000] {processor.py:179} INFO - Processing /home/airflow/.local/lib/python3.10/site-packages/airflow/example_dags/example_complex.py took 0.044 seconds
[2024-03-16T05:14:21.662+0000] {processor.py:157} INFO - Started process (PID=214) to work on /home/airflow/.local/lib/python3.10/site-packages/airflow/example_dags/example_complex.py
[2024-03-16T05:14:21.662+0000] {processor.py:829} INFO - Processing file /home/airflow/.local/lib/python3.10/site-packages/airflow/example_dags/example_complex.py for tasks to queue
[2024-03-16T05:14:21.664+0000] {logging_mixin.py:154} INFO - [2024-03-16T05:14:21.663+0000] {dagbag.py:536} INFO - Filling up the DagBag from /home/airflow/.local/lib/python3.10/site-packages/airflow/example_dags/example_complex.py
[2024-03-16T05:14:21.670+0000] {processor.py:839} INFO - DAG(s) dict_keys(['example_complex']) retrieved from /home/airflow/.local/lib/python3.10/site-packages/airflow/example_dags/example_complex.py
[2024-03-16T05:14:21.689+0000] {logging_mixin.py:154} INFO - [2024-03-16T05:14:21.688+0000] {dag.py:2941} INFO - Sync 1 DAGs
[2024-03-16T05:14:21.697+0000] {logging_mixin.py:154} INFO - [2024-03-16T05:14:21.697+0000] {dag.py:3722} INFO - Setting next_dagrun for example_complex to None, run_after=None
[2024-03-16T05:14:21.709+0000] {processor.py:179} INFO - Processing /home/airflow/.local/lib/python3.10/site-packages/airflow/example_dags/example_complex.py took 0.050 seconds
[2024-03-16T05:14:52.364+0000] {processor.py:157} INFO - Started process (PID=268) to work on /home/airflow/.local/lib/python3.10/site-packages/airflow/example_dags/example_complex.py
[2024-03-16T05:14:52.365+0000] {processor.py:829} INFO - Processing file /home/airflow/.local/lib/python3.10/site-packages/airflow/example_dags/example_complex.py for tasks to queue
[2024-03-16T05:14:52.366+0000] {logging_mixin.py:154} INFO - [2024-03-16T05:14:52.366+0000] {dagbag.py:536} INFO - Filling up the DagBag from /home/airflow/.local/lib/python3.10/site-packages/airflow/example_dags/example_complex.py
[2024-03-16T05:14:52.372+0000] {processor.py:839} INFO - DAG(s) dict_keys(['example_complex']) retrieved from /home/airflow/.local/lib/python3.10/site-packages/airflow/example_dags/example_complex.py
[2024-03-16T05:14:52.390+0000] {logging_mixin.py:154} INFO - [2024-03-16T05:14:52.390+0000] {dag.py:2941} INFO - Sync 1 DAGs
[2024-03-16T05:14:52.398+0000] {logging_mixin.py:154} INFO - [2024-03-16T05:14:52.398+0000] {dag.py:3722} INFO - Setting next_dagrun for example_complex to None, run_after=None
[2024-03-16T05:14:52.407+0000] {processor.py:179} INFO - Processing /home/airflow/.local/lib/python3.10/site-packages/airflow/example_dags/example_complex.py took 0.045 seconds
[2024-03-16T05:15:23.002+0000] {processor.py:157} INFO - Started process (PID=322) to work on /home/airflow/.local/lib/python3.10/site-packages/airflow/example_dags/example_complex.py
[2024-03-16T05:15:23.003+0000] {processor.py:829} INFO - Processing file /home/airflow/.local/lib/python3.10/site-packages/airflow/example_dags/example_complex.py for tasks to queue
[2024-03-16T05:15:23.004+0000] {logging_mixin.py:154} INFO - [2024-03-16T05:15:23.004+0000] {dagbag.py:536} INFO - Filling up the DagBag from /home/airflow/.local/lib/python3.10/site-packages/airflow/example_dags/example_complex.py
[2024-03-16T05:15:23.012+0000] {processor.py:839} INFO - DAG(s) dict_keys(['example_complex']) retrieved from /home/airflow/.local/lib/python3.10/site-packages/airflow/example_dags/example_complex.py
[2024-03-16T05:15:23.035+0000] {logging_mixin.py:154} INFO - [2024-03-16T05:15:23.035+0000] {dag.py:2941} INFO - Sync 1 DAGs
[2024-03-16T05:15:23.044+0000] {logging_mixin.py:154} INFO - [2024-03-16T05:15:23.044+0000] {dag.py:3722} INFO - Setting next_dagrun for example_complex to None, run_after=None
[2024-03-16T05:15:23.053+0000] {processor.py:179} INFO - Processing /home/airflow/.local/lib/python3.10/site-packages/airflow/example_dags/example_complex.py took 0.053 seconds
[2024-03-16T05:15:53.567+0000] {processor.py:157} INFO - Started process (PID=376) to work on /home/airflow/.local/lib/python3.10/site-packages/airflow/example_dags/example_complex.py
[2024-03-16T05:15:53.568+0000] {processor.py:829} INFO - Processing file /home/airflow/.local/lib/python3.10/site-packages/airflow/example_dags/example_complex.py for tasks to queue
[2024-03-16T05:15:53.569+0000] {logging_mixin.py:154} INFO - [2024-03-16T05:15:53.569+0000] {dagbag.py:536} INFO - Filling up the DagBag from /home/airflow/.local/lib/python3.10/site-packages/airflow/example_dags/example_complex.py
[2024-03-16T05:15:53.575+0000] {processor.py:839} INFO - DAG(s) dict_keys(['example_complex']) retrieved from /home/airflow/.local/lib/python3.10/site-packages/airflow/example_dags/example_complex.py
[2024-03-16T05:15:53.592+0000] {logging_mixin.py:154} INFO - [2024-03-16T05:15:53.592+0000] {dag.py:2941} INFO - Sync 1 DAGs
[2024-03-16T05:15:53.599+0000] {logging_mixin.py:154} INFO - [2024-03-16T05:15:53.599+0000] {dag.py:3722} INFO - Setting next_dagrun for example_complex to None, run_after=None
[2024-03-16T05:15:53.608+0000] {processor.py:179} INFO - Processing /home/airflow/.local/lib/python3.10/site-packages/airflow/example_dags/example_complex.py took 0.043 seconds
[2024-03-16T05:16:24.186+0000] {processor.py:157} INFO - Started process (PID=430) to work on /home/airflow/.local/lib/python3.10/site-packages/airflow/example_dags/example_complex.py
[2024-03-16T05:16:24.187+0000] {processor.py:829} INFO - Processing file /home/airflow/.local/lib/python3.10/site-packages/airflow/example_dags/example_complex.py for tasks to queue
[2024-03-16T05:16:24.188+0000] {logging_mixin.py:154} INFO - [2024-03-16T05:16:24.188+0000] {dagbag.py:536} INFO - Filling up the DagBag from /home/airflow/.local/lib/python3.10/site-packages/airflow/example_dags/example_complex.py
[2024-03-16T05:16:24.195+0000] {processor.py:839} INFO - DAG(s) dict_keys(['example_complex']) retrieved from /home/airflow/.local/lib/python3.10/site-packages/airflow/example_dags/example_complex.py
[2024-03-16T05:16:24.213+0000] {logging_mixin.py:154} INFO - [2024-03-16T05:16:24.213+0000] {dag.py:2941} INFO - Sync 1 DAGs
[2024-03-16T05:16:24.220+0000] {logging_mixin.py:154} INFO - [2024-03-16T05:16:24.220+0000] {dag.py:3722} INFO - Setting next_dagrun for example_complex to None, run_after=None
[2024-03-16T05:16:24.230+0000] {processor.py:179} INFO - Processing /home/airflow/.local/lib/python3.10/site-packages/airflow/example_dags/example_complex.py took 0.046 seconds
[2024-03-16T05:16:54.744+0000] {processor.py:157} INFO - Started process (PID=484) to work on /home/airflow/.local/lib/python3.10/site-packages/airflow/example_dags/example_complex.py
[2024-03-16T05:16:54.745+0000] {processor.py:829} INFO - Processing file /home/airflow/.local/lib/python3.10/site-packages/airflow/example_dags/example_complex.py for tasks to queue
[2024-03-16T05:16:54.746+0000] {logging_mixin.py:154} INFO - [2024-03-16T05:16:54.746+0000] {dagbag.py:536} INFO - Filling up the DagBag from /home/airflow/.local/lib/python3.10/site-packages/airflow/example_dags/example_complex.py
[2024-03-16T05:16:54.752+0000] {processor.py:839} INFO - DAG(s) dict_keys(['example_complex']) retrieved from /home/airflow/.local/lib/python3.10/site-packages/airflow/example_dags/example_complex.py
[2024-03-16T05:16:54.769+0000] {logging_mixin.py:154} INFO - [2024-03-16T05:16:54.769+0000] {dag.py:2941} INFO - Sync 1 DAGs
[2024-03-16T05:16:54.776+0000] {logging_mixin.py:154} INFO - [2024-03-16T05:16:54.776+0000] {dag.py:3722} INFO - Setting next_dagrun for example_complex to None, run_after=None
[2024-03-16T05:16:54.784+0000] {processor.py:179} INFO - Processing /home/airflow/.local/lib/python3.10/site-packages/airflow/example_dags/example_complex.py took 0.042 seconds
[2024-03-16T05:17:25.412+0000] {processor.py:157} INFO - Started process (PID=538) to work on /home/airflow/.local/lib/python3.10/site-packages/airflow/example_dags/example_complex.py
[2024-03-16T05:17:25.412+0000] {processor.py:829} INFO - Processing file /home/airflow/.local/lib/python3.10/site-packages/airflow/example_dags/example_complex.py for tasks to queue
[2024-03-16T05:17:25.413+0000] {logging_mixin.py:154} INFO - [2024-03-16T05:17:25.413+0000] {dagbag.py:536} INFO - Filling up the DagBag from /home/airflow/.local/lib/python3.10/site-packages/airflow/example_dags/example_complex.py
[2024-03-16T05:17:25.419+0000] {processor.py:839} INFO - DAG(s) dict_keys(['example_complex']) retrieved from /home/airflow/.local/lib/python3.10/site-packages/airflow/example_dags/example_complex.py
[2024-03-16T05:17:25.436+0000] {logging_mixin.py:154} INFO - [2024-03-16T05:17:25.436+0000] {dag.py:2941} INFO - Sync 1 DAGs
[2024-03-16T05:17:25.443+0000] {logging_mixin.py:154} INFO - [2024-03-16T05:17:25.443+0000] {dag.py:3722} INFO - Setting next_dagrun for example_complex to None, run_after=None
[2024-03-16T05:17:25.451+0000] {processor.py:179} INFO - Processing /home/airflow/.local/lib/python3.10/site-packages/airflow/example_dags/example_complex.py took 0.042 seconds
[2024-03-16T05:17:56.272+0000] {processor.py:157} INFO - Started process (PID=592) to work on /home/airflow/.local/lib/python3.10/site-packages/airflow/example_dags/example_complex.py
[2024-03-16T05:17:56.272+0000] {processor.py:829} INFO - Processing file /home/airflow/.local/lib/python3.10/site-packages/airflow/example_dags/example_complex.py for tasks to queue
[2024-03-16T05:17:56.274+0000] {logging_mixin.py:154} INFO - [2024-03-16T05:17:56.274+0000] {dagbag.py:536} INFO - Filling up the DagBag from /home/airflow/.local/lib/python3.10/site-packages/airflow/example_dags/example_complex.py
[2024-03-16T05:17:56.280+0000] {processor.py:839} INFO - DAG(s) dict_keys(['example_complex']) retrieved from /home/airflow/.local/lib/python3.10/site-packages/airflow/example_dags/example_complex.py
[2024-03-16T05:17:56.297+0000] {logging_mixin.py:154} INFO - [2024-03-16T05:17:56.297+0000] {dag.py:2941} INFO - Sync 1 DAGs
[2024-03-16T05:17:56.304+0000] {logging_mixin.py:154} INFO - [2024-03-16T05:17:56.304+0000] {dag.py:3722} INFO - Setting next_dagrun for example_complex to None, run_after=None
[2024-03-16T05:17:56.313+0000] {processor.py:179} INFO - Processing /home/airflow/.local/lib/python3.10/site-packages/airflow/example_dags/example_complex.py took 0.043 seconds
[2024-03-16T05:18:26.919+0000] {processor.py:157} INFO - Started process (PID=646) to work on /home/airflow/.local/lib/python3.10/site-packages/airflow/example_dags/example_complex.py
[2024-03-16T05:18:26.919+0000] {processor.py:829} INFO - Processing file /home/airflow/.local/lib/python3.10/site-packages/airflow/example_dags/example_complex.py for tasks to queue
[2024-03-16T05:18:26.920+0000] {logging_mixin.py:154} INFO - [2024-03-16T05:18:26.920+0000] {dagbag.py:536} INFO - Filling up the DagBag from /home/airflow/.local/lib/python3.10/site-packages/airflow/example_dags/example_complex.py
[2024-03-16T05:18:26.927+0000] {processor.py:839} INFO - DAG(s) dict_keys(['example_complex']) retrieved from /home/airflow/.local/lib/python3.10/site-packages/airflow/example_dags/example_complex.py
[2024-03-16T05:18:26.945+0000] {logging_mixin.py:154} INFO - [2024-03-16T05:18:26.945+0000] {dag.py:2941} INFO - Sync 1 DAGs
[2024-03-16T05:18:26.953+0000] {logging_mixin.py:154} INFO - [2024-03-16T05:18:26.953+0000] {dag.py:3722} INFO - Setting next_dagrun for example_complex to None, run_after=None
[2024-03-16T05:18:26.964+0000] {processor.py:179} INFO - Processing /home/airflow/.local/lib/python3.10/site-packages/airflow/example_dags/example_complex.py took 0.048 seconds
[2024-03-16T05:18:57.556+0000] {processor.py:157} INFO - Started process (PID=700) to work on /home/airflow/.local/lib/python3.10/site-packages/airflow/example_dags/example_complex.py
[2024-03-16T05:18:57.556+0000] {processor.py:829} INFO - Processing file /home/airflow/.local/lib/python3.10/site-packages/airflow/example_dags/example_complex.py for tasks to queue
[2024-03-16T05:18:57.558+0000] {logging_mixin.py:154} INFO - [2024-03-16T05:18:57.557+0000] {dagbag.py:536} INFO - Filling up the DagBag from /home/airflow/.local/lib/python3.10/site-packages/airflow/example_dags/example_complex.py
[2024-03-16T05:18:57.564+0000] {processor.py:839} INFO - DAG(s) dict_keys(['example_complex']) retrieved from /home/airflow/.local/lib/python3.10/site-packages/airflow/example_dags/example_complex.py
[2024-03-16T05:18:57.581+0000] {logging_mixin.py:154} INFO - [2024-03-16T05:18:57.581+0000] {dag.py:2941} INFO - Sync 1 DAGs
[2024-03-16T05:18:57.588+0000] {logging_mixin.py:154} INFO - [2024-03-16T05:18:57.588+0000] {dag.py:3722} INFO - Setting next_dagrun for example_complex to None, run_after=None
[2024-03-16T05:18:57.596+0000] {processor.py:179} INFO - Processing /home/airflow/.local/lib/python3.10/site-packages/airflow/example_dags/example_complex.py took 0.043 seconds
[2024-03-16T05:19:28.260+0000] {processor.py:157} INFO - Started process (PID=754) to work on /home/airflow/.local/lib/python3.10/site-packages/airflow/example_dags/example_complex.py
[2024-03-16T05:19:28.261+0000] {processor.py:829} INFO - Processing file /home/airflow/.local/lib/python3.10/site-packages/airflow/example_dags/example_complex.py for tasks to queue
[2024-03-16T05:19:28.262+0000] {logging_mixin.py:154} INFO - [2024-03-16T05:19:28.262+0000] {dagbag.py:536} INFO - Filling up the DagBag from /home/airflow/.local/lib/python3.10/site-packages/airflow/example_dags/example_complex.py
[2024-03-16T05:19:28.269+0000] {processor.py:839} INFO - DAG(s) dict_keys(['example_complex']) retrieved from /home/airflow/.local/lib/python3.10/site-packages/airflow/example_dags/example_complex.py
[2024-03-16T05:19:28.286+0000] {logging_mixin.py:154} INFO - [2024-03-16T05:19:28.286+0000] {dag.py:2941} INFO - Sync 1 DAGs
[2024-03-16T05:19:28.294+0000] {logging_mixin.py:154} INFO - [2024-03-16T05:19:28.294+0000] {dag.py:3722} INFO - Setting next_dagrun for example_complex to None, run_after=None
[2024-03-16T05:19:28.303+0000] {processor.py:179} INFO - Processing /home/airflow/.local/lib/python3.10/site-packages/airflow/example_dags/example_complex.py took 0.045 seconds
[2024-03-16T05:19:58.919+0000] {processor.py:157} INFO - Started process (PID=808) to work on /home/airflow/.local/lib/python3.10/site-packages/airflow/example_dags/example_complex.py
[2024-03-16T05:19:58.920+0000] {processor.py:829} INFO - Processing file /home/airflow/.local/lib/python3.10/site-packages/airflow/example_dags/example_complex.py for tasks to queue
[2024-03-16T05:19:58.921+0000] {logging_mixin.py:154} INFO - [2024-03-16T05:19:58.921+0000] {dagbag.py:536} INFO - Filling up the DagBag from /home/airflow/.local/lib/python3.10/site-packages/airflow/example_dags/example_complex.py
[2024-03-16T05:19:58.927+0000] {processor.py:839} INFO - DAG(s) dict_keys(['example_complex']) retrieved from /home/airflow/.local/lib/python3.10/site-packages/airflow/example_dags/example_complex.py
[2024-03-16T05:19:58.944+0000] {logging_mixin.py:154} INFO - [2024-03-16T05:19:58.944+0000] {dag.py:2941} INFO - Sync 1 DAGs
[2024-03-16T05:19:58.951+0000] {logging_mixin.py:154} INFO - [2024-03-16T05:19:58.951+0000] {dag.py:3722} INFO - Setting next_dagrun for example_complex to None, run_after=None
[2024-03-16T05:19:58.960+0000] {processor.py:179} INFO - Processing /home/airflow/.local/lib/python3.10/site-packages/airflow/example_dags/example_complex.py took 0.043 seconds
[2024-03-16T05:20:29.638+0000] {processor.py:157} INFO - Started process (PID=862) to work on /home/airflow/.local/lib/python3.10/site-packages/airflow/example_dags/example_complex.py
[2024-03-16T05:20:29.638+0000] {processor.py:829} INFO - Processing file /home/airflow/.local/lib/python3.10/site-packages/airflow/example_dags/example_complex.py for tasks to queue
[2024-03-16T05:20:29.639+0000] {logging_mixin.py:154} INFO - [2024-03-16T05:20:29.639+0000] {dagbag.py:536} INFO - Filling up the DagBag from /home/airflow/.local/lib/python3.10/site-packages/airflow/example_dags/example_complex.py
[2024-03-16T05:20:29.645+0000] {processor.py:839} INFO - DAG(s) dict_keys(['example_complex']) retrieved from /home/airflow/.local/lib/python3.10/site-packages/airflow/example_dags/example_complex.py
[2024-03-16T05:20:29.663+0000] {logging_mixin.py:154} INFO - [2024-03-16T05:20:29.663+0000] {dag.py:2941} INFO - Sync 1 DAGs
[2024-03-16T05:20:29.670+0000] {logging_mixin.py:154} INFO - [2024-03-16T05:20:29.670+0000] {dag.py:3722} INFO - Setting next_dagrun for example_complex to None, run_after=None
[2024-03-16T05:20:29.678+0000] {processor.py:179} INFO - Processing /home/airflow/.local/lib/python3.10/site-packages/airflow/example_dags/example_complex.py took 0.043 seconds
[2024-03-16T05:21:00.389+0000] {processor.py:157} INFO - Started process (PID=916) to work on /home/airflow/.local/lib/python3.10/site-packages/airflow/example_dags/example_complex.py
[2024-03-16T05:21:00.389+0000] {processor.py:829} INFO - Processing file /home/airflow/.local/lib/python3.10/site-packages/airflow/example_dags/example_complex.py for tasks to queue
[2024-03-16T05:21:00.391+0000] {logging_mixin.py:154} INFO - [2024-03-16T05:21:00.390+0000] {dagbag.py:536} INFO - Filling up the DagBag from /home/airflow/.local/lib/python3.10/site-packages/airflow/example_dags/example_complex.py
[2024-03-16T05:21:00.397+0000] {processor.py:839} INFO - DAG(s) dict_keys(['example_complex']) retrieved from /home/airflow/.local/lib/python3.10/site-packages/airflow/example_dags/example_complex.py
[2024-03-16T05:21:00.415+0000] {logging_mixin.py:154} INFO - [2024-03-16T05:21:00.415+0000] {dag.py:2941} INFO - Sync 1 DAGs
[2024-03-16T05:21:00.423+0000] {logging_mixin.py:154} INFO - [2024-03-16T05:21:00.422+0000] {dag.py:3722} INFO - Setting next_dagrun for example_complex to None, run_after=None
[2024-03-16T05:21:00.433+0000] {processor.py:179} INFO - Processing /home/airflow/.local/lib/python3.10/site-packages/airflow/example_dags/example_complex.py took 0.046 seconds
[2024-03-16T05:21:30.971+0000] {processor.py:157} INFO - Started process (PID=970) to work on /home/airflow/.local/lib/python3.10/site-packages/airflow/example_dags/example_complex.py
[2024-03-16T05:21:30.972+0000] {processor.py:829} INFO - Processing file /home/airflow/.local/lib/python3.10/site-packages/airflow/example_dags/example_complex.py for tasks to queue
[2024-03-16T05:21:30.973+0000] {logging_mixin.py:154} INFO - [2024-03-16T05:21:30.972+0000] {dagbag.py:536} INFO - Filling up the DagBag from /home/airflow/.local/lib/python3.10/site-packages/airflow/example_dags/example_complex.py
[2024-03-16T05:21:30.979+0000] {processor.py:839} INFO - DAG(s) dict_keys(['example_complex']) retrieved from /home/airflow/.local/lib/python3.10/site-packages/airflow/example_dags/example_complex.py
[2024-03-16T05:21:30.996+0000] {logging_mixin.py:154} INFO - [2024-03-16T05:21:30.996+0000] {dag.py:2941} INFO - Sync 1 DAGs
[2024-03-16T05:21:31.003+0000] {logging_mixin.py:154} INFO - [2024-03-16T05:21:31.003+0000] {dag.py:3722} INFO - Setting next_dagrun for example_complex to None, run_after=None
[2024-03-16T05:21:31.012+0000] {processor.py:179} INFO - Processing /home/airflow/.local/lib/python3.10/site-packages/airflow/example_dags/example_complex.py took 0.043 seconds
[2024-03-16T05:22:01.726+0000] {processor.py:157} INFO - Started process (PID=1024) to work on /home/airflow/.local/lib/python3.10/site-packages/airflow/example_dags/example_complex.py
[2024-03-16T05:22:01.726+0000] {processor.py:829} INFO - Processing file /home/airflow/.local/lib/python3.10/site-packages/airflow/example_dags/example_complex.py for tasks to queue
[2024-03-16T05:22:01.727+0000] {logging_mixin.py:154} INFO - [2024-03-16T05:22:01.727+0000] {dagbag.py:536} INFO - Filling up the DagBag from /home/airflow/.local/lib/python3.10/site-packages/airflow/example_dags/example_complex.py
[2024-03-16T05:22:01.734+0000] {processor.py:839} INFO - DAG(s) dict_keys(['example_complex']) retrieved from /home/airflow/.local/lib/python3.10/site-packages/airflow/example_dags/example_complex.py
[2024-03-16T05:22:01.754+0000] {logging_mixin.py:154} INFO - [2024-03-16T05:22:01.753+0000] {dag.py:2941} INFO - Sync 1 DAGs
[2024-03-16T05:22:01.762+0000] {logging_mixin.py:154} INFO - [2024-03-16T05:22:01.762+0000] {dag.py:3722} INFO - Setting next_dagrun for example_complex to None, run_after=None
[2024-03-16T05:22:01.771+0000] {processor.py:179} INFO - Processing /home/airflow/.local/lib/python3.10/site-packages/airflow/example_dags/example_complex.py took 0.048 seconds
[2024-03-16T05:22:32.403+0000] {processor.py:157} INFO - Started process (PID=1078) to work on /home/airflow/.local/lib/python3.10/site-packages/airflow/example_dags/example_complex.py
[2024-03-16T05:22:32.404+0000] {processor.py:829} INFO - Processing file /home/airflow/.local/lib/python3.10/site-packages/airflow/example_dags/example_complex.py for tasks to queue
[2024-03-16T05:22:32.405+0000] {logging_mixin.py:154} INFO - [2024-03-16T05:22:32.404+0000] {dagbag.py:536} INFO - Filling up the DagBag from /home/airflow/.local/lib/python3.10/site-packages/airflow/example_dags/example_complex.py
[2024-03-16T05:22:32.411+0000] {processor.py:839} INFO - DAG(s) dict_keys(['example_complex']) retrieved from /home/airflow/.local/lib/python3.10/site-packages/airflow/example_dags/example_complex.py
[2024-03-16T05:22:32.428+0000] {logging_mixin.py:154} INFO - [2024-03-16T05:22:32.428+0000] {dag.py:2941} INFO - Sync 1 DAGs
[2024-03-16T05:22:32.435+0000] {logging_mixin.py:154} INFO - [2024-03-16T05:22:32.435+0000] {dag.py:3722} INFO - Setting next_dagrun for example_complex to None, run_after=None
[2024-03-16T05:22:32.444+0000] {processor.py:179} INFO - Processing /home/airflow/.local/lib/python3.10/site-packages/airflow/example_dags/example_complex.py took 0.043 seconds
[2024-03-16T05:23:03.115+0000] {processor.py:157} INFO - Started process (PID=1132) to work on /home/airflow/.local/lib/python3.10/site-packages/airflow/example_dags/example_complex.py
[2024-03-16T05:23:03.116+0000] {processor.py:829} INFO - Processing file /home/airflow/.local/lib/python3.10/site-packages/airflow/example_dags/example_complex.py for tasks to queue
[2024-03-16T05:23:03.117+0000] {logging_mixin.py:154} INFO - [2024-03-16T05:23:03.117+0000] {dagbag.py:536} INFO - Filling up the DagBag from /home/airflow/.local/lib/python3.10/site-packages/airflow/example_dags/example_complex.py
[2024-03-16T05:23:03.123+0000] {processor.py:839} INFO - DAG(s) dict_keys(['example_complex']) retrieved from /home/airflow/.local/lib/python3.10/site-packages/airflow/example_dags/example_complex.py
[2024-03-16T05:23:03.139+0000] {logging_mixin.py:154} INFO - [2024-03-16T05:23:03.139+0000] {dag.py:2941} INFO - Sync 1 DAGs
[2024-03-16T05:23:03.147+0000] {logging_mixin.py:154} INFO - [2024-03-16T05:23:03.147+0000] {dag.py:3722} INFO - Setting next_dagrun for example_complex to None, run_after=None
[2024-03-16T05:23:03.156+0000] {processor.py:179} INFO - Processing /home/airflow/.local/lib/python3.10/site-packages/airflow/example_dags/example_complex.py took 0.043 seconds
[2024-03-16T05:23:33.844+0000] {processor.py:157} INFO - Started process (PID=1186) to work on /home/airflow/.local/lib/python3.10/site-packages/airflow/example_dags/example_complex.py
[2024-03-16T05:23:33.844+0000] {processor.py:829} INFO - Processing file /home/airflow/.local/lib/python3.10/site-packages/airflow/example_dags/example_complex.py for tasks to queue
[2024-03-16T05:23:33.845+0000] {logging_mixin.py:154} INFO - [2024-03-16T05:23:33.845+0000] {dagbag.py:536} INFO - Filling up the DagBag from /home/airflow/.local/lib/python3.10/site-packages/airflow/example_dags/example_complex.py
[2024-03-16T05:23:33.851+0000] {processor.py:839} INFO - DAG(s) dict_keys(['example_complex']) retrieved from /home/airflow/.local/lib/python3.10/site-packages/airflow/example_dags/example_complex.py
[2024-03-16T05:23:33.869+0000] {logging_mixin.py:154} INFO - [2024-03-16T05:23:33.869+0000] {dag.py:2941} INFO - Sync 1 DAGs
[2024-03-16T05:23:33.876+0000] {logging_mixin.py:154} INFO - [2024-03-16T05:23:33.876+0000] {dag.py:3722} INFO - Setting next_dagrun for example_complex to None, run_after=None
[2024-03-16T05:23:33.884+0000] {processor.py:179} INFO - Processing /home/airflow/.local/lib/python3.10/site-packages/airflow/example_dags/example_complex.py took 0.042 seconds
[2024-03-16T05:24:04.569+0000] {processor.py:157} INFO - Started process (PID=1240) to work on /home/airflow/.local/lib/python3.10/site-packages/airflow/example_dags/example_complex.py
[2024-03-16T05:24:04.570+0000] {processor.py:829} INFO - Processing file /home/airflow/.local/lib/python3.10/site-packages/airflow/example_dags/example_complex.py for tasks to queue
[2024-03-16T05:24:04.571+0000] {logging_mixin.py:154} INFO - [2024-03-16T05:24:04.571+0000] {dagbag.py:536} INFO - Filling up the DagBag from /home/airflow/.local/lib/python3.10/site-packages/airflow/example_dags/example_complex.py
[2024-03-16T05:24:04.577+0000] {processor.py:839} INFO - DAG(s) dict_keys(['example_complex']) retrieved from /home/airflow/.local/lib/python3.10/site-packages/airflow/example_dags/example_complex.py
[2024-03-16T05:24:04.594+0000] {logging_mixin.py:154} INFO - [2024-03-16T05:24:04.594+0000] {dag.py:2941} INFO - Sync 1 DAGs
[2024-03-16T05:24:04.601+0000] {logging_mixin.py:154} INFO - [2024-03-16T05:24:04.601+0000] {dag.py:3722} INFO - Setting next_dagrun for example_complex to None, run_after=None
[2024-03-16T05:24:04.609+0000] {processor.py:179} INFO - Processing /home/airflow/.local/lib/python3.10/site-packages/airflow/example_dags/example_complex.py took 0.042 seconds
[2024-03-16T05:24:35.276+0000] {processor.py:157} INFO - Started process (PID=1294) to work on /home/airflow/.local/lib/python3.10/site-packages/airflow/example_dags/example_complex.py
[2024-03-16T05:24:35.277+0000] {processor.py:829} INFO - Processing file /home/airflow/.local/lib/python3.10/site-packages/airflow/example_dags/example_complex.py for tasks to queue
[2024-03-16T05:24:35.278+0000] {logging_mixin.py:154} INFO - [2024-03-16T05:24:35.278+0000] {dagbag.py:536} INFO - Filling up the DagBag from /home/airflow/.local/lib/python3.10/site-packages/airflow/example_dags/example_complex.py
[2024-03-16T05:24:35.284+0000] {processor.py:839} INFO - DAG(s) dict_keys(['example_complex']) retrieved from /home/airflow/.local/lib/python3.10/site-packages/airflow/example_dags/example_complex.py
[2024-03-16T05:24:35.302+0000] {logging_mixin.py:154} INFO - [2024-03-16T05:24:35.302+0000] {dag.py:2941} INFO - Sync 1 DAGs
[2024-03-16T05:24:35.309+0000] {logging_mixin.py:154} INFO - [2024-03-16T05:24:35.309+0000] {dag.py:3722} INFO - Setting next_dagrun for example_complex to None, run_after=None
[2024-03-16T05:24:35.318+0000] {processor.py:179} INFO - Processing /home/airflow/.local/lib/python3.10/site-packages/airflow/example_dags/example_complex.py took 0.044 seconds
[2024-03-16T05:25:05.823+0000] {processor.py:157} INFO - Started process (PID=1348) to work on /home/airflow/.local/lib/python3.10/site-packages/airflow/example_dags/example_complex.py
[2024-03-16T05:25:05.824+0000] {processor.py:829} INFO - Processing file /home/airflow/.local/lib/python3.10/site-packages/airflow/example_dags/example_complex.py for tasks to queue
[2024-03-16T05:25:05.825+0000] {logging_mixin.py:154} INFO - [2024-03-16T05:25:05.825+0000] {dagbag.py:536} INFO - Filling up the DagBag from /home/airflow/.local/lib/python3.10/site-packages/airflow/example_dags/example_complex.py
[2024-03-16T05:25:05.831+0000] {processor.py:839} INFO - DAG(s) dict_keys(['example_complex']) retrieved from /home/airflow/.local/lib/python3.10/site-packages/airflow/example_dags/example_complex.py
[2024-03-16T05:25:05.849+0000] {logging_mixin.py:154} INFO - [2024-03-16T05:25:05.849+0000] {dag.py:2941} INFO - Sync 1 DAGs
[2024-03-16T05:25:05.855+0000] {logging_mixin.py:154} INFO - [2024-03-16T05:25:05.855+0000] {dag.py:3722} INFO - Setting next_dagrun for example_complex to None, run_after=None
[2024-03-16T05:25:05.864+0000] {processor.py:179} INFO - Processing /home/airflow/.local/lib/python3.10/site-packages/airflow/example_dags/example_complex.py took 0.042 seconds
[2024-03-16T05:25:36.530+0000] {processor.py:157} INFO - Started process (PID=1402) to work on /home/airflow/.local/lib/python3.10/site-packages/airflow/example_dags/example_complex.py
[2024-03-16T05:25:36.530+0000] {processor.py:829} INFO - Processing file /home/airflow/.local/lib/python3.10/site-packages/airflow/example_dags/example_complex.py for tasks to queue
[2024-03-16T05:25:36.531+0000] {logging_mixin.py:154} INFO - [2024-03-16T05:25:36.531+0000] {dagbag.py:536} INFO - Filling up the DagBag from /home/airflow/.local/lib/python3.10/site-packages/airflow/example_dags/example_complex.py
[2024-03-16T05:25:36.537+0000] {processor.py:839} INFO - DAG(s) dict_keys(['example_complex']) retrieved from /home/airflow/.local/lib/python3.10/site-packages/airflow/example_dags/example_complex.py
[2024-03-16T05:25:36.554+0000] {logging_mixin.py:154} INFO - [2024-03-16T05:25:36.554+0000] {dag.py:2941} INFO - Sync 1 DAGs
[2024-03-16T05:25:36.562+0000] {logging_mixin.py:154} INFO - [2024-03-16T05:25:36.562+0000] {dag.py:3722} INFO - Setting next_dagrun for example_complex to None, run_after=None
[2024-03-16T05:25:36.570+0000] {processor.py:179} INFO - Processing /home/airflow/.local/lib/python3.10/site-packages/airflow/example_dags/example_complex.py took 0.043 seconds
[2024-03-16T05:26:07.104+0000] {processor.py:157} INFO - Started process (PID=1456) to work on /home/airflow/.local/lib/python3.10/site-packages/airflow/example_dags/example_complex.py
[2024-03-16T05:26:07.104+0000] {processor.py:829} INFO - Processing file /home/airflow/.local/lib/python3.10/site-packages/airflow/example_dags/example_complex.py for tasks to queue
[2024-03-16T05:26:07.105+0000] {logging_mixin.py:154} INFO - [2024-03-16T05:26:07.105+0000] {dagbag.py:536} INFO - Filling up the DagBag from /home/airflow/.local/lib/python3.10/site-packages/airflow/example_dags/example_complex.py
[2024-03-16T05:26:07.111+0000] {processor.py:839} INFO - DAG(s) dict_keys(['example_complex']) retrieved from /home/airflow/.local/lib/python3.10/site-packages/airflow/example_dags/example_complex.py
[2024-03-16T05:26:07.128+0000] {logging_mixin.py:154} INFO - [2024-03-16T05:26:07.128+0000] {dag.py:2941} INFO - Sync 1 DAGs
[2024-03-16T05:26:07.135+0000] {logging_mixin.py:154} INFO - [2024-03-16T05:26:07.135+0000] {dag.py:3722} INFO - Setting next_dagrun for example_complex to None, run_after=None
[2024-03-16T05:26:07.144+0000] {processor.py:179} INFO - Processing /home/airflow/.local/lib/python3.10/site-packages/airflow/example_dags/example_complex.py took 0.042 seconds
[2024-03-16T05:26:37.852+0000] {processor.py:157} INFO - Started process (PID=1510) to work on /home/airflow/.local/lib/python3.10/site-packages/airflow/example_dags/example_complex.py
[2024-03-16T05:26:37.853+0000] {processor.py:829} INFO - Processing file /home/airflow/.local/lib/python3.10/site-packages/airflow/example_dags/example_complex.py for tasks to queue
[2024-03-16T05:26:37.854+0000] {logging_mixin.py:154} INFO - [2024-03-16T05:26:37.853+0000] {dagbag.py:536} INFO - Filling up the DagBag from /home/airflow/.local/lib/python3.10/site-packages/airflow/example_dags/example_complex.py
[2024-03-16T05:26:37.860+0000] {processor.py:839} INFO - DAG(s) dict_keys(['example_complex']) retrieved from /home/airflow/.local/lib/python3.10/site-packages/airflow/example_dags/example_complex.py
[2024-03-16T05:26:37.877+0000] {logging_mixin.py:154} INFO - [2024-03-16T05:26:37.876+0000] {dag.py:2941} INFO - Sync 1 DAGs
[2024-03-16T05:26:37.883+0000] {logging_mixin.py:154} INFO - [2024-03-16T05:26:37.883+0000] {dag.py:3722} INFO - Setting next_dagrun for example_complex to None, run_after=None
[2024-03-16T05:26:37.892+0000] {processor.py:179} INFO - Processing /home/airflow/.local/lib/python3.10/site-packages/airflow/example_dags/example_complex.py took 0.042 seconds
[2024-03-16T05:27:08.520+0000] {processor.py:157} INFO - Started process (PID=1564) to work on /home/airflow/.local/lib/python3.10/site-packages/airflow/example_dags/example_complex.py
[2024-03-16T05:27:08.521+0000] {processor.py:829} INFO - Processing file /home/airflow/.local/lib/python3.10/site-packages/airflow/example_dags/example_complex.py for tasks to queue
[2024-03-16T05:27:08.522+0000] {logging_mixin.py:154} INFO - [2024-03-16T05:27:08.522+0000] {dagbag.py:536} INFO - Filling up the DagBag from /home/airflow/.local/lib/python3.10/site-packages/airflow/example_dags/example_complex.py
[2024-03-16T05:27:08.528+0000] {processor.py:839} INFO - DAG(s) dict_keys(['example_complex']) retrieved from /home/airflow/.local/lib/python3.10/site-packages/airflow/example_dags/example_complex.py
[2024-03-16T05:27:08.545+0000] {logging_mixin.py:154} INFO - [2024-03-16T05:27:08.545+0000] {dag.py:2941} INFO - Sync 1 DAGs
[2024-03-16T05:27:08.553+0000] {logging_mixin.py:154} INFO - [2024-03-16T05:27:08.553+0000] {dag.py:3722} INFO - Setting next_dagrun for example_complex to None, run_after=None
[2024-03-16T05:27:08.563+0000] {processor.py:179} INFO - Processing /home/airflow/.local/lib/python3.10/site-packages/airflow/example_dags/example_complex.py took 0.045 seconds
[2024-03-16T05:27:39.093+0000] {processor.py:157} INFO - Started process (PID=1618) to work on /home/airflow/.local/lib/python3.10/site-packages/airflow/example_dags/example_complex.py
[2024-03-16T05:27:39.093+0000] {processor.py:829} INFO - Processing file /home/airflow/.local/lib/python3.10/site-packages/airflow/example_dags/example_complex.py for tasks to queue
[2024-03-16T05:27:39.094+0000] {logging_mixin.py:154} INFO - [2024-03-16T05:27:39.094+0000] {dagbag.py:536} INFO - Filling up the DagBag from /home/airflow/.local/lib/python3.10/site-packages/airflow/example_dags/example_complex.py
[2024-03-16T05:27:39.100+0000] {processor.py:839} INFO - DAG(s) dict_keys(['example_complex']) retrieved from /home/airflow/.local/lib/python3.10/site-packages/airflow/example_dags/example_complex.py
[2024-03-16T05:27:39.117+0000] {logging_mixin.py:154} INFO - [2024-03-16T05:27:39.117+0000] {dag.py:2941} INFO - Sync 1 DAGs
[2024-03-16T05:27:39.123+0000] {logging_mixin.py:154} INFO - [2024-03-16T05:27:39.123+0000] {dag.py:3722} INFO - Setting next_dagrun for example_complex to None, run_after=None
[2024-03-16T05:27:39.132+0000] {processor.py:179} INFO - Processing /home/airflow/.local/lib/python3.10/site-packages/airflow/example_dags/example_complex.py took 0.041 seconds
[2024-03-16T05:28:09.753+0000] {processor.py:157} INFO - Started process (PID=1672) to work on /home/airflow/.local/lib/python3.10/site-packages/airflow/example_dags/example_complex.py
[2024-03-16T05:28:09.753+0000] {processor.py:829} INFO - Processing file /home/airflow/.local/lib/python3.10/site-packages/airflow/example_dags/example_complex.py for tasks to queue
[2024-03-16T05:28:09.754+0000] {logging_mixin.py:154} INFO - [2024-03-16T05:28:09.754+0000] {dagbag.py:536} INFO - Filling up the DagBag from /home/airflow/.local/lib/python3.10/site-packages/airflow/example_dags/example_complex.py
[2024-03-16T05:28:09.761+0000] {processor.py:839} INFO - DAG(s) dict_keys(['example_complex']) retrieved from /home/airflow/.local/lib/python3.10/site-packages/airflow/example_dags/example_complex.py
[2024-03-16T05:28:09.777+0000] {logging_mixin.py:154} INFO - [2024-03-16T05:28:09.777+0000] {dag.py:2941} INFO - Sync 1 DAGs
[2024-03-16T05:28:09.785+0000] {logging_mixin.py:154} INFO - [2024-03-16T05:28:09.784+0000] {dag.py:3722} INFO - Setting next_dagrun for example_complex to None, run_after=None
[2024-03-16T05:28:09.793+0000] {processor.py:179} INFO - Processing /home/airflow/.local/lib/python3.10/site-packages/airflow/example_dags/example_complex.py took 0.043 seconds
[2024-03-16T05:28:40.405+0000] {processor.py:157} INFO - Started process (PID=1726) to work on /home/airflow/.local/lib/python3.10/site-packages/airflow/example_dags/example_complex.py
[2024-03-16T05:28:40.406+0000] {processor.py:829} INFO - Processing file /home/airflow/.local/lib/python3.10/site-packages/airflow/example_dags/example_complex.py for tasks to queue
[2024-03-16T05:28:40.407+0000] {logging_mixin.py:154} INFO - [2024-03-16T05:28:40.407+0000] {dagbag.py:536} INFO - Filling up the DagBag from /home/airflow/.local/lib/python3.10/site-packages/airflow/example_dags/example_complex.py
[2024-03-16T05:28:40.413+0000] {processor.py:839} INFO - DAG(s) dict_keys(['example_complex']) retrieved from /home/airflow/.local/lib/python3.10/site-packages/airflow/example_dags/example_complex.py
[2024-03-16T05:28:40.433+0000] {logging_mixin.py:154} INFO - [2024-03-16T05:28:40.433+0000] {dag.py:2941} INFO - Sync 1 DAGs
[2024-03-16T05:28:40.441+0000] {logging_mixin.py:154} INFO - [2024-03-16T05:28:40.441+0000] {dag.py:3722} INFO - Setting next_dagrun for example_complex to None, run_after=None
[2024-03-16T05:28:40.452+0000] {processor.py:179} INFO - Processing /home/airflow/.local/lib/python3.10/site-packages/airflow/example_dags/example_complex.py took 0.049 seconds
[2024-03-16T05:29:11.091+0000] {processor.py:157} INFO - Started process (PID=1780) to work on /home/airflow/.local/lib/python3.10/site-packages/airflow/example_dags/example_complex.py
[2024-03-16T05:29:11.091+0000] {processor.py:829} INFO - Processing file /home/airflow/.local/lib/python3.10/site-packages/airflow/example_dags/example_complex.py for tasks to queue
[2024-03-16T05:29:11.092+0000] {logging_mixin.py:154} INFO - [2024-03-16T05:29:11.092+0000] {dagbag.py:536} INFO - Filling up the DagBag from /home/airflow/.local/lib/python3.10/site-packages/airflow/example_dags/example_complex.py
[2024-03-16T05:29:11.099+0000] {processor.py:839} INFO - DAG(s) dict_keys(['example_complex']) retrieved from /home/airflow/.local/lib/python3.10/site-packages/airflow/example_dags/example_complex.py
[2024-03-16T05:29:11.116+0000] {logging_mixin.py:154} INFO - [2024-03-16T05:29:11.115+0000] {dag.py:2941} INFO - Sync 1 DAGs
[2024-03-16T05:29:11.123+0000] {logging_mixin.py:154} INFO - [2024-03-16T05:29:11.123+0000] {dag.py:3722} INFO - Setting next_dagrun for example_complex to None, run_after=None
[2024-03-16T05:29:11.132+0000] {processor.py:179} INFO - Processing /home/airflow/.local/lib/python3.10/site-packages/airflow/example_dags/example_complex.py took 0.044 seconds
[2024-03-16T05:29:41.751+0000] {processor.py:157} INFO - Started process (PID=1834) to work on /home/airflow/.local/lib/python3.10/site-packages/airflow/example_dags/example_complex.py
[2024-03-16T05:29:41.751+0000] {processor.py:829} INFO - Processing file /home/airflow/.local/lib/python3.10/site-packages/airflow/example_dags/example_complex.py for tasks to queue
[2024-03-16T05:29:41.752+0000] {logging_mixin.py:154} INFO - [2024-03-16T05:29:41.752+0000] {dagbag.py:536} INFO - Filling up the DagBag from /home/airflow/.local/lib/python3.10/site-packages/airflow/example_dags/example_complex.py
[2024-03-16T05:29:41.759+0000] {processor.py:839} INFO - DAG(s) dict_keys(['example_complex']) retrieved from /home/airflow/.local/lib/python3.10/site-packages/airflow/example_dags/example_complex.py
[2024-03-16T05:29:41.776+0000] {logging_mixin.py:154} INFO - [2024-03-16T05:29:41.776+0000] {dag.py:2941} INFO - Sync 1 DAGs
[2024-03-16T05:29:41.783+0000] {logging_mixin.py:154} INFO - [2024-03-16T05:29:41.783+0000] {dag.py:3722} INFO - Setting next_dagrun for example_complex to None, run_after=None
[2024-03-16T05:29:41.792+0000] {processor.py:179} INFO - Processing /home/airflow/.local/lib/python3.10/site-packages/airflow/example_dags/example_complex.py took 0.043 seconds
[2024-03-16T05:30:12.493+0000] {processor.py:157} INFO - Started process (PID=1888) to work on /home/airflow/.local/lib/python3.10/site-packages/airflow/example_dags/example_complex.py
[2024-03-16T05:30:12.494+0000] {processor.py:829} INFO - Processing file /home/airflow/.local/lib/python3.10/site-packages/airflow/example_dags/example_complex.py for tasks to queue
[2024-03-16T05:30:12.495+0000] {logging_mixin.py:154} INFO - [2024-03-16T05:30:12.495+0000] {dagbag.py:536} INFO - Filling up the DagBag from /home/airflow/.local/lib/python3.10/site-packages/airflow/example_dags/example_complex.py
[2024-03-16T05:30:12.501+0000] {processor.py:839} INFO - DAG(s) dict_keys(['example_complex']) retrieved from /home/airflow/.local/lib/python3.10/site-packages/airflow/example_dags/example_complex.py
[2024-03-16T05:30:12.518+0000] {logging_mixin.py:154} INFO - [2024-03-16T05:30:12.518+0000] {dag.py:2941} INFO - Sync 1 DAGs
[2024-03-16T05:30:12.525+0000] {logging_mixin.py:154} INFO - [2024-03-16T05:30:12.525+0000] {dag.py:3722} INFO - Setting next_dagrun for example_complex to None, run_after=None
[2024-03-16T05:30:12.534+0000] {processor.py:179} INFO - Processing /home/airflow/.local/lib/python3.10/site-packages/airflow/example_dags/example_complex.py took 0.043 seconds
[2024-03-16T05:30:43.292+0000] {processor.py:157} INFO - Started process (PID=1942) to work on /home/airflow/.local/lib/python3.10/site-packages/airflow/example_dags/example_complex.py
[2024-03-16T05:30:43.293+0000] {processor.py:829} INFO - Processing file /home/airflow/.local/lib/python3.10/site-packages/airflow/example_dags/example_complex.py for tasks to queue
[2024-03-16T05:30:43.294+0000] {logging_mixin.py:154} INFO - [2024-03-16T05:30:43.294+0000] {dagbag.py:536} INFO - Filling up the DagBag from /home/airflow/.local/lib/python3.10/site-packages/airflow/example_dags/example_complex.py
[2024-03-16T05:30:43.300+0000] {processor.py:839} INFO - DAG(s) dict_keys(['example_complex']) retrieved from /home/airflow/.local/lib/python3.10/site-packages/airflow/example_dags/example_complex.py
[2024-03-16T05:30:43.317+0000] {logging_mixin.py:154} INFO - [2024-03-16T05:30:43.317+0000] {dag.py:2941} INFO - Sync 1 DAGs
[2024-03-16T05:30:43.324+0000] {logging_mixin.py:154} INFO - [2024-03-16T05:30:43.324+0000] {dag.py:3722} INFO - Setting next_dagrun for example_complex to None, run_after=None
[2024-03-16T05:30:43.333+0000] {processor.py:179} INFO - Processing /home/airflow/.local/lib/python3.10/site-packages/airflow/example_dags/example_complex.py took 0.043 seconds
[2024-03-16T05:31:14.110+0000] {processor.py:157} INFO - Started process (PID=1996) to work on /home/airflow/.local/lib/python3.10/site-packages/airflow/example_dags/example_complex.py
[2024-03-16T05:31:14.111+0000] {processor.py:829} INFO - Processing file /home/airflow/.local/lib/python3.10/site-packages/airflow/example_dags/example_complex.py for tasks to queue
[2024-03-16T05:31:14.112+0000] {logging_mixin.py:154} INFO - [2024-03-16T05:31:14.112+0000] {dagbag.py:536} INFO - Filling up the DagBag from /home/airflow/.local/lib/python3.10/site-packages/airflow/example_dags/example_complex.py
[2024-03-16T05:31:14.118+0000] {processor.py:839} INFO - DAG(s) dict_keys(['example_complex']) retrieved from /home/airflow/.local/lib/python3.10/site-packages/airflow/example_dags/example_complex.py
[2024-03-16T05:31:14.136+0000] {logging_mixin.py:154} INFO - [2024-03-16T05:31:14.136+0000] {dag.py:2941} INFO - Sync 1 DAGs
[2024-03-16T05:31:14.144+0000] {logging_mixin.py:154} INFO - [2024-03-16T05:31:14.143+0000] {dag.py:3722} INFO - Setting next_dagrun for example_complex to None, run_after=None
[2024-03-16T05:31:14.153+0000] {processor.py:179} INFO - Processing /home/airflow/.local/lib/python3.10/site-packages/airflow/example_dags/example_complex.py took 0.045 seconds
[2024-03-16T05:31:44.759+0000] {processor.py:157} INFO - Started process (PID=2056) to work on /home/airflow/.local/lib/python3.10/site-packages/airflow/example_dags/example_complex.py
[2024-03-16T05:31:44.760+0000] {processor.py:829} INFO - Processing file /home/airflow/.local/lib/python3.10/site-packages/airflow/example_dags/example_complex.py for tasks to queue
[2024-03-16T05:31:44.761+0000] {logging_mixin.py:154} INFO - [2024-03-16T05:31:44.761+0000] {dagbag.py:536} INFO - Filling up the DagBag from /home/airflow/.local/lib/python3.10/site-packages/airflow/example_dags/example_complex.py
[2024-03-16T05:31:44.767+0000] {processor.py:839} INFO - DAG(s) dict_keys(['example_complex']) retrieved from /home/airflow/.local/lib/python3.10/site-packages/airflow/example_dags/example_complex.py
[2024-03-16T05:31:44.785+0000] {logging_mixin.py:154} INFO - [2024-03-16T05:31:44.784+0000] {dag.py:2941} INFO - Sync 1 DAGs
[2024-03-16T05:31:44.792+0000] {logging_mixin.py:154} INFO - [2024-03-16T05:31:44.792+0000] {dag.py:3722} INFO - Setting next_dagrun for example_complex to None, run_after=None
[2024-03-16T05:31:44.802+0000] {processor.py:179} INFO - Processing /home/airflow/.local/lib/python3.10/site-packages/airflow/example_dags/example_complex.py took 0.045 seconds
[2024-03-16T05:32:15.537+0000] {processor.py:157} INFO - Started process (PID=2111) to work on /home/airflow/.local/lib/python3.10/site-packages/airflow/example_dags/example_complex.py
[2024-03-16T05:32:15.537+0000] {processor.py:829} INFO - Processing file /home/airflow/.local/lib/python3.10/site-packages/airflow/example_dags/example_complex.py for tasks to queue
[2024-03-16T05:32:15.539+0000] {logging_mixin.py:154} INFO - [2024-03-16T05:32:15.538+0000] {dagbag.py:536} INFO - Filling up the DagBag from /home/airflow/.local/lib/python3.10/site-packages/airflow/example_dags/example_complex.py
[2024-03-16T05:32:15.545+0000] {processor.py:839} INFO - DAG(s) dict_keys(['example_complex']) retrieved from /home/airflow/.local/lib/python3.10/site-packages/airflow/example_dags/example_complex.py
[2024-03-16T05:32:15.563+0000] {logging_mixin.py:154} INFO - [2024-03-16T05:32:15.563+0000] {dag.py:2941} INFO - Sync 1 DAGs
[2024-03-16T05:32:15.570+0000] {logging_mixin.py:154} INFO - [2024-03-16T05:32:15.570+0000] {dag.py:3722} INFO - Setting next_dagrun for example_complex to None, run_after=None
[2024-03-16T05:32:15.579+0000] {processor.py:179} INFO - Processing /home/airflow/.local/lib/python3.10/site-packages/airflow/example_dags/example_complex.py took 0.045 seconds
[2024-03-16T05:32:46.344+0000] {processor.py:157} INFO - Started process (PID=2165) to work on /home/airflow/.local/lib/python3.10/site-packages/airflow/example_dags/example_complex.py
[2024-03-16T05:32:46.345+0000] {processor.py:829} INFO - Processing file /home/airflow/.local/lib/python3.10/site-packages/airflow/example_dags/example_complex.py for tasks to queue
[2024-03-16T05:32:46.346+0000] {logging_mixin.py:154} INFO - [2024-03-16T05:32:46.346+0000] {dagbag.py:536} INFO - Filling up the DagBag from /home/airflow/.local/lib/python3.10/site-packages/airflow/example_dags/example_complex.py
[2024-03-16T05:32:46.352+0000] {processor.py:839} INFO - DAG(s) dict_keys(['example_complex']) retrieved from /home/airflow/.local/lib/python3.10/site-packages/airflow/example_dags/example_complex.py
[2024-03-16T05:32:46.369+0000] {logging_mixin.py:154} INFO - [2024-03-16T05:32:46.369+0000] {dag.py:2941} INFO - Sync 1 DAGs
[2024-03-16T05:32:46.377+0000] {logging_mixin.py:154} INFO - [2024-03-16T05:32:46.377+0000] {dag.py:3722} INFO - Setting next_dagrun for example_complex to None, run_after=None
[2024-03-16T05:32:46.386+0000] {processor.py:179} INFO - Processing /home/airflow/.local/lib/python3.10/site-packages/airflow/example_dags/example_complex.py took 0.044 seconds
[2024-03-16T05:33:16.978+0000] {processor.py:157} INFO - Started process (PID=2219) to work on /home/airflow/.local/lib/python3.10/site-packages/airflow/example_dags/example_complex.py
[2024-03-16T05:33:16.978+0000] {processor.py:829} INFO - Processing file /home/airflow/.local/lib/python3.10/site-packages/airflow/example_dags/example_complex.py for tasks to queue
[2024-03-16T05:33:16.979+0000] {logging_mixin.py:154} INFO - [2024-03-16T05:33:16.979+0000] {dagbag.py:536} INFO - Filling up the DagBag from /home/airflow/.local/lib/python3.10/site-packages/airflow/example_dags/example_complex.py
[2024-03-16T05:33:16.985+0000] {processor.py:839} INFO - DAG(s) dict_keys(['example_complex']) retrieved from /home/airflow/.local/lib/python3.10/site-packages/airflow/example_dags/example_complex.py
[2024-03-16T05:33:17.003+0000] {logging_mixin.py:154} INFO - [2024-03-16T05:33:17.002+0000] {dag.py:2941} INFO - Sync 1 DAGs
[2024-03-16T05:33:17.010+0000] {logging_mixin.py:154} INFO - [2024-03-16T05:33:17.010+0000] {dag.py:3722} INFO - Setting next_dagrun for example_complex to None, run_after=None
[2024-03-16T05:33:17.018+0000] {processor.py:179} INFO - Processing /home/airflow/.local/lib/python3.10/site-packages/airflow/example_dags/example_complex.py took 0.043 seconds
[2024-03-16T05:33:47.665+0000] {processor.py:157} INFO - Started process (PID=2273) to work on /home/airflow/.local/lib/python3.10/site-packages/airflow/example_dags/example_complex.py
[2024-03-16T05:33:47.666+0000] {processor.py:829} INFO - Processing file /home/airflow/.local/lib/python3.10/site-packages/airflow/example_dags/example_complex.py for tasks to queue
[2024-03-16T05:33:47.667+0000] {logging_mixin.py:154} INFO - [2024-03-16T05:33:47.667+0000] {dagbag.py:536} INFO - Filling up the DagBag from /home/airflow/.local/lib/python3.10/site-packages/airflow/example_dags/example_complex.py
[2024-03-16T05:33:47.673+0000] {processor.py:839} INFO - DAG(s) dict_keys(['example_complex']) retrieved from /home/airflow/.local/lib/python3.10/site-packages/airflow/example_dags/example_complex.py
[2024-03-16T05:33:47.691+0000] {logging_mixin.py:154} INFO - [2024-03-16T05:33:47.691+0000] {dag.py:2941} INFO - Sync 1 DAGs
[2024-03-16T05:33:47.698+0000] {logging_mixin.py:154} INFO - [2024-03-16T05:33:47.698+0000] {dag.py:3722} INFO - Setting next_dagrun for example_complex to None, run_after=None
[2024-03-16T05:33:47.708+0000] {processor.py:179} INFO - Processing /home/airflow/.local/lib/python3.10/site-packages/airflow/example_dags/example_complex.py took 0.045 seconds
[2024-03-16T05:34:18.477+0000] {processor.py:157} INFO - Started process (PID=2327) to work on /home/airflow/.local/lib/python3.10/site-packages/airflow/example_dags/example_complex.py
[2024-03-16T05:34:18.477+0000] {processor.py:829} INFO - Processing file /home/airflow/.local/lib/python3.10/site-packages/airflow/example_dags/example_complex.py for tasks to queue
[2024-03-16T05:34:18.478+0000] {logging_mixin.py:154} INFO - [2024-03-16T05:34:18.478+0000] {dagbag.py:536} INFO - Filling up the DagBag from /home/airflow/.local/lib/python3.10/site-packages/airflow/example_dags/example_complex.py
[2024-03-16T05:34:18.484+0000] {processor.py:839} INFO - DAG(s) dict_keys(['example_complex']) retrieved from /home/airflow/.local/lib/python3.10/site-packages/airflow/example_dags/example_complex.py
[2024-03-16T05:34:18.502+0000] {logging_mixin.py:154} INFO - [2024-03-16T05:34:18.501+0000] {dag.py:2941} INFO - Sync 1 DAGs
[2024-03-16T05:34:18.508+0000] {logging_mixin.py:154} INFO - [2024-03-16T05:34:18.508+0000] {dag.py:3722} INFO - Setting next_dagrun for example_complex to None, run_after=None
[2024-03-16T05:34:18.517+0000] {processor.py:179} INFO - Processing /home/airflow/.local/lib/python3.10/site-packages/airflow/example_dags/example_complex.py took 0.043 seconds
[2024-03-16T05:34:49.150+0000] {processor.py:157} INFO - Started process (PID=2381) to work on /home/airflow/.local/lib/python3.10/site-packages/airflow/example_dags/example_complex.py
[2024-03-16T05:34:49.151+0000] {processor.py:829} INFO - Processing file /home/airflow/.local/lib/python3.10/site-packages/airflow/example_dags/example_complex.py for tasks to queue
[2024-03-16T05:34:49.152+0000] {logging_mixin.py:154} INFO - [2024-03-16T05:34:49.152+0000] {dagbag.py:536} INFO - Filling up the DagBag from /home/airflow/.local/lib/python3.10/site-packages/airflow/example_dags/example_complex.py
[2024-03-16T05:34:49.158+0000] {processor.py:839} INFO - DAG(s) dict_keys(['example_complex']) retrieved from /home/airflow/.local/lib/python3.10/site-packages/airflow/example_dags/example_complex.py
[2024-03-16T05:34:49.176+0000] {logging_mixin.py:154} INFO - [2024-03-16T05:34:49.176+0000] {dag.py:2941} INFO - Sync 1 DAGs
[2024-03-16T05:34:49.184+0000] {logging_mixin.py:154} INFO - [2024-03-16T05:34:49.184+0000] {dag.py:3722} INFO - Setting next_dagrun for example_complex to None, run_after=None
[2024-03-16T05:34:49.194+0000] {processor.py:179} INFO - Processing /home/airflow/.local/lib/python3.10/site-packages/airflow/example_dags/example_complex.py took 0.046 seconds
[2024-03-16T05:35:19.950+0000] {processor.py:157} INFO - Started process (PID=2435) to work on /home/airflow/.local/lib/python3.10/site-packages/airflow/example_dags/example_complex.py
[2024-03-16T05:35:19.951+0000] {processor.py:829} INFO - Processing file /home/airflow/.local/lib/python3.10/site-packages/airflow/example_dags/example_complex.py for tasks to queue
[2024-03-16T05:35:19.952+0000] {logging_mixin.py:154} INFO - [2024-03-16T05:35:19.952+0000] {dagbag.py:536} INFO - Filling up the DagBag from /home/airflow/.local/lib/python3.10/site-packages/airflow/example_dags/example_complex.py
[2024-03-16T05:35:19.959+0000] {processor.py:839} INFO - DAG(s) dict_keys(['example_complex']) retrieved from /home/airflow/.local/lib/python3.10/site-packages/airflow/example_dags/example_complex.py
[2024-03-16T05:35:19.977+0000] {logging_mixin.py:154} INFO - [2024-03-16T05:35:19.977+0000] {dag.py:2941} INFO - Sync 1 DAGs
[2024-03-16T05:35:19.984+0000] {logging_mixin.py:154} INFO - [2024-03-16T05:35:19.984+0000] {dag.py:3722} INFO - Setting next_dagrun for example_complex to None, run_after=None
[2024-03-16T05:35:19.993+0000] {processor.py:179} INFO - Processing /home/airflow/.local/lib/python3.10/site-packages/airflow/example_dags/example_complex.py took 0.045 seconds
[2024-03-16T05:35:50.435+0000] {processor.py:157} INFO - Started process (PID=2489) to work on /home/airflow/.local/lib/python3.10/site-packages/airflow/example_dags/example_complex.py
[2024-03-16T05:35:50.436+0000] {processor.py:829} INFO - Processing file /home/airflow/.local/lib/python3.10/site-packages/airflow/example_dags/example_complex.py for tasks to queue
[2024-03-16T05:35:50.436+0000] {logging_mixin.py:154} INFO - [2024-03-16T05:35:50.436+0000] {dagbag.py:536} INFO - Filling up the DagBag from /home/airflow/.local/lib/python3.10/site-packages/airflow/example_dags/example_complex.py
[2024-03-16T05:35:50.443+0000] {processor.py:839} INFO - DAG(s) dict_keys(['example_complex']) retrieved from /home/airflow/.local/lib/python3.10/site-packages/airflow/example_dags/example_complex.py
[2024-03-16T05:35:50.460+0000] {logging_mixin.py:154} INFO - [2024-03-16T05:35:50.460+0000] {dag.py:2941} INFO - Sync 1 DAGs
[2024-03-16T05:35:50.467+0000] {logging_mixin.py:154} INFO - [2024-03-16T05:35:50.467+0000] {dag.py:3722} INFO - Setting next_dagrun for example_complex to None, run_after=None
[2024-03-16T05:35:50.477+0000] {processor.py:179} INFO - Processing /home/airflow/.local/lib/python3.10/site-packages/airflow/example_dags/example_complex.py took 0.044 seconds
[2024-03-16T05:36:21.202+0000] {processor.py:157} INFO - Started process (PID=2543) to work on /home/airflow/.local/lib/python3.10/site-packages/airflow/example_dags/example_complex.py
[2024-03-16T05:36:21.203+0000] {processor.py:829} INFO - Processing file /home/airflow/.local/lib/python3.10/site-packages/airflow/example_dags/example_complex.py for tasks to queue
[2024-03-16T05:36:21.204+0000] {logging_mixin.py:154} INFO - [2024-03-16T05:36:21.204+0000] {dagbag.py:536} INFO - Filling up the DagBag from /home/airflow/.local/lib/python3.10/site-packages/airflow/example_dags/example_complex.py
[2024-03-16T05:36:21.210+0000] {processor.py:839} INFO - DAG(s) dict_keys(['example_complex']) retrieved from /home/airflow/.local/lib/python3.10/site-packages/airflow/example_dags/example_complex.py
[2024-03-16T05:36:21.227+0000] {logging_mixin.py:154} INFO - [2024-03-16T05:36:21.227+0000] {dag.py:2941} INFO - Sync 1 DAGs
[2024-03-16T05:36:21.234+0000] {logging_mixin.py:154} INFO - [2024-03-16T05:36:21.234+0000] {dag.py:3722} INFO - Setting next_dagrun for example_complex to None, run_after=None
[2024-03-16T05:36:21.243+0000] {processor.py:179} INFO - Processing /home/airflow/.local/lib/python3.10/site-packages/airflow/example_dags/example_complex.py took 0.043 seconds
[2024-03-16T05:36:51.829+0000] {processor.py:157} INFO - Started process (PID=2597) to work on /home/airflow/.local/lib/python3.10/site-packages/airflow/example_dags/example_complex.py
[2024-03-16T05:36:51.830+0000] {processor.py:829} INFO - Processing file /home/airflow/.local/lib/python3.10/site-packages/airflow/example_dags/example_complex.py for tasks to queue
[2024-03-16T05:36:51.831+0000] {logging_mixin.py:154} INFO - [2024-03-16T05:36:51.831+0000] {dagbag.py:536} INFO - Filling up the DagBag from /home/airflow/.local/lib/python3.10/site-packages/airflow/example_dags/example_complex.py
[2024-03-16T05:36:51.837+0000] {processor.py:839} INFO - DAG(s) dict_keys(['example_complex']) retrieved from /home/airflow/.local/lib/python3.10/site-packages/airflow/example_dags/example_complex.py
[2024-03-16T05:36:51.854+0000] {logging_mixin.py:154} INFO - [2024-03-16T05:36:51.854+0000] {dag.py:2941} INFO - Sync 1 DAGs
[2024-03-16T05:36:51.861+0000] {logging_mixin.py:154} INFO - [2024-03-16T05:36:51.861+0000] {dag.py:3722} INFO - Setting next_dagrun for example_complex to None, run_after=None
[2024-03-16T05:36:51.870+0000] {processor.py:179} INFO - Processing /home/airflow/.local/lib/python3.10/site-packages/airflow/example_dags/example_complex.py took 0.043 seconds
[2024-03-16T05:37:22.533+0000] {processor.py:157} INFO - Started process (PID=2651) to work on /home/airflow/.local/lib/python3.10/site-packages/airflow/example_dags/example_complex.py
[2024-03-16T05:37:22.533+0000] {processor.py:829} INFO - Processing file /home/airflow/.local/lib/python3.10/site-packages/airflow/example_dags/example_complex.py for tasks to queue
[2024-03-16T05:37:22.535+0000] {logging_mixin.py:154} INFO - [2024-03-16T05:37:22.534+0000] {dagbag.py:536} INFO - Filling up the DagBag from /home/airflow/.local/lib/python3.10/site-packages/airflow/example_dags/example_complex.py
[2024-03-16T05:37:22.541+0000] {processor.py:839} INFO - DAG(s) dict_keys(['example_complex']) retrieved from /home/airflow/.local/lib/python3.10/site-packages/airflow/example_dags/example_complex.py
[2024-03-16T05:37:22.558+0000] {logging_mixin.py:154} INFO - [2024-03-16T05:37:22.558+0000] {dag.py:2941} INFO - Sync 1 DAGs
[2024-03-16T05:37:22.566+0000] {logging_mixin.py:154} INFO - [2024-03-16T05:37:22.566+0000] {dag.py:3722} INFO - Setting next_dagrun for example_complex to None, run_after=None
[2024-03-16T05:37:22.575+0000] {processor.py:179} INFO - Processing /home/airflow/.local/lib/python3.10/site-packages/airflow/example_dags/example_complex.py took 0.044 seconds
[2024-03-16T05:37:53.359+0000] {processor.py:157} INFO - Started process (PID=2705) to work on /home/airflow/.local/lib/python3.10/site-packages/airflow/example_dags/example_complex.py
[2024-03-16T05:37:53.360+0000] {processor.py:829} INFO - Processing file /home/airflow/.local/lib/python3.10/site-packages/airflow/example_dags/example_complex.py for tasks to queue
[2024-03-16T05:37:53.361+0000] {logging_mixin.py:154} INFO - [2024-03-16T05:37:53.361+0000] {dagbag.py:536} INFO - Filling up the DagBag from /home/airflow/.local/lib/python3.10/site-packages/airflow/example_dags/example_complex.py
[2024-03-16T05:37:53.367+0000] {processor.py:839} INFO - DAG(s) dict_keys(['example_complex']) retrieved from /home/airflow/.local/lib/python3.10/site-packages/airflow/example_dags/example_complex.py
[2024-03-16T05:37:53.384+0000] {logging_mixin.py:154} INFO - [2024-03-16T05:37:53.384+0000] {dag.py:2941} INFO - Sync 1 DAGs
[2024-03-16T05:37:53.391+0000] {logging_mixin.py:154} INFO - [2024-03-16T05:37:53.391+0000] {dag.py:3722} INFO - Setting next_dagrun for example_complex to None, run_after=None
[2024-03-16T05:37:53.400+0000] {processor.py:179} INFO - Processing /home/airflow/.local/lib/python3.10/site-packages/airflow/example_dags/example_complex.py took 0.043 seconds
[2024-03-16T05:38:23.965+0000] {processor.py:157} INFO - Started process (PID=2759) to work on /home/airflow/.local/lib/python3.10/site-packages/airflow/example_dags/example_complex.py
[2024-03-16T05:38:23.966+0000] {processor.py:829} INFO - Processing file /home/airflow/.local/lib/python3.10/site-packages/airflow/example_dags/example_complex.py for tasks to queue
[2024-03-16T05:38:23.967+0000] {logging_mixin.py:154} INFO - [2024-03-16T05:38:23.966+0000] {dagbag.py:536} INFO - Filling up the DagBag from /home/airflow/.local/lib/python3.10/site-packages/airflow/example_dags/example_complex.py
[2024-03-16T05:38:23.973+0000] {processor.py:839} INFO - DAG(s) dict_keys(['example_complex']) retrieved from /home/airflow/.local/lib/python3.10/site-packages/airflow/example_dags/example_complex.py
[2024-03-16T05:38:23.990+0000] {logging_mixin.py:154} INFO - [2024-03-16T05:38:23.990+0000] {dag.py:2941} INFO - Sync 1 DAGs
[2024-03-16T05:38:23.997+0000] {logging_mixin.py:154} INFO - [2024-03-16T05:38:23.997+0000] {dag.py:3722} INFO - Setting next_dagrun for example_complex to None, run_after=None
[2024-03-16T05:38:24.006+0000] {processor.py:179} INFO - Processing /home/airflow/.local/lib/python3.10/site-packages/airflow/example_dags/example_complex.py took 0.043 seconds
[2024-03-16T05:38:54.714+0000] {processor.py:157} INFO - Started process (PID=2813) to work on /home/airflow/.local/lib/python3.10/site-packages/airflow/example_dags/example_complex.py
[2024-03-16T05:38:54.714+0000] {processor.py:829} INFO - Processing file /home/airflow/.local/lib/python3.10/site-packages/airflow/example_dags/example_complex.py for tasks to queue
[2024-03-16T05:38:54.715+0000] {logging_mixin.py:154} INFO - [2024-03-16T05:38:54.715+0000] {dagbag.py:536} INFO - Filling up the DagBag from /home/airflow/.local/lib/python3.10/site-packages/airflow/example_dags/example_complex.py
[2024-03-16T05:38:54.722+0000] {processor.py:839} INFO - DAG(s) dict_keys(['example_complex']) retrieved from /home/airflow/.local/lib/python3.10/site-packages/airflow/example_dags/example_complex.py
[2024-03-16T05:38:54.739+0000] {logging_mixin.py:154} INFO - [2024-03-16T05:38:54.738+0000] {dag.py:2941} INFO - Sync 1 DAGs
[2024-03-16T05:38:54.745+0000] {logging_mixin.py:154} INFO - [2024-03-16T05:38:54.745+0000] {dag.py:3722} INFO - Setting next_dagrun for example_complex to None, run_after=None
[2024-03-16T05:38:54.754+0000] {processor.py:179} INFO - Processing /home/airflow/.local/lib/python3.10/site-packages/airflow/example_dags/example_complex.py took 0.042 seconds
[2024-03-16T05:39:25.516+0000] {processor.py:157} INFO - Started process (PID=2867) to work on /home/airflow/.local/lib/python3.10/site-packages/airflow/example_dags/example_complex.py
[2024-03-16T05:39:25.517+0000] {processor.py:829} INFO - Processing file /home/airflow/.local/lib/python3.10/site-packages/airflow/example_dags/example_complex.py for tasks to queue
[2024-03-16T05:39:25.518+0000] {logging_mixin.py:154} INFO - [2024-03-16T05:39:25.518+0000] {dagbag.py:536} INFO - Filling up the DagBag from /home/airflow/.local/lib/python3.10/site-packages/airflow/example_dags/example_complex.py
[2024-03-16T05:39:25.524+0000] {processor.py:839} INFO - DAG(s) dict_keys(['example_complex']) retrieved from /home/airflow/.local/lib/python3.10/site-packages/airflow/example_dags/example_complex.py
[2024-03-16T05:39:25.542+0000] {logging_mixin.py:154} INFO - [2024-03-16T05:39:25.542+0000] {dag.py:2941} INFO - Sync 1 DAGs
[2024-03-16T05:39:25.550+0000] {logging_mixin.py:154} INFO - [2024-03-16T05:39:25.550+0000] {dag.py:3722} INFO - Setting next_dagrun for example_complex to None, run_after=None
[2024-03-16T05:39:25.560+0000] {processor.py:179} INFO - Processing /home/airflow/.local/lib/python3.10/site-packages/airflow/example_dags/example_complex.py took 0.046 seconds
[2024-03-16T05:39:56.308+0000] {processor.py:157} INFO - Started process (PID=2921) to work on /home/airflow/.local/lib/python3.10/site-packages/airflow/example_dags/example_complex.py
[2024-03-16T05:39:56.309+0000] {processor.py:829} INFO - Processing file /home/airflow/.local/lib/python3.10/site-packages/airflow/example_dags/example_complex.py for tasks to queue
[2024-03-16T05:39:56.310+0000] {logging_mixin.py:154} INFO - [2024-03-16T05:39:56.310+0000] {dagbag.py:536} INFO - Filling up the DagBag from /home/airflow/.local/lib/python3.10/site-packages/airflow/example_dags/example_complex.py
[2024-03-16T05:39:56.317+0000] {processor.py:839} INFO - DAG(s) dict_keys(['example_complex']) retrieved from /home/airflow/.local/lib/python3.10/site-packages/airflow/example_dags/example_complex.py
[2024-03-16T05:39:56.335+0000] {logging_mixin.py:154} INFO - [2024-03-16T05:39:56.335+0000] {dag.py:2941} INFO - Sync 1 DAGs
[2024-03-16T05:39:56.342+0000] {logging_mixin.py:154} INFO - [2024-03-16T05:39:56.342+0000] {dag.py:3722} INFO - Setting next_dagrun for example_complex to None, run_after=None
[2024-03-16T05:39:56.352+0000] {processor.py:179} INFO - Processing /home/airflow/.local/lib/python3.10/site-packages/airflow/example_dags/example_complex.py took 0.046 seconds
[2024-03-16T05:40:26.963+0000] {processor.py:157} INFO - Started process (PID=2975) to work on /home/airflow/.local/lib/python3.10/site-packages/airflow/example_dags/example_complex.py
[2024-03-16T05:40:26.964+0000] {processor.py:829} INFO - Processing file /home/airflow/.local/lib/python3.10/site-packages/airflow/example_dags/example_complex.py for tasks to queue
[2024-03-16T05:40:26.965+0000] {logging_mixin.py:154} INFO - [2024-03-16T05:40:26.965+0000] {dagbag.py:536} INFO - Filling up the DagBag from /home/airflow/.local/lib/python3.10/site-packages/airflow/example_dags/example_complex.py
[2024-03-16T05:40:26.971+0000] {processor.py:839} INFO - DAG(s) dict_keys(['example_complex']) retrieved from /home/airflow/.local/lib/python3.10/site-packages/airflow/example_dags/example_complex.py
[2024-03-16T05:40:26.989+0000] {logging_mixin.py:154} INFO - [2024-03-16T05:40:26.989+0000] {dag.py:2941} INFO - Sync 1 DAGs
[2024-03-16T05:40:26.997+0000] {logging_mixin.py:154} INFO - [2024-03-16T05:40:26.996+0000] {dag.py:3722} INFO - Setting next_dagrun for example_complex to None, run_after=None
[2024-03-16T05:40:27.006+0000] {processor.py:179} INFO - Processing /home/airflow/.local/lib/python3.10/site-packages/airflow/example_dags/example_complex.py took 0.045 seconds
[2024-03-16T05:40:57.751+0000] {processor.py:157} INFO - Started process (PID=3029) to work on /home/airflow/.local/lib/python3.10/site-packages/airflow/example_dags/example_complex.py
[2024-03-16T05:40:57.752+0000] {processor.py:829} INFO - Processing file /home/airflow/.local/lib/python3.10/site-packages/airflow/example_dags/example_complex.py for tasks to queue
[2024-03-16T05:40:57.753+0000] {logging_mixin.py:154} INFO - [2024-03-16T05:40:57.753+0000] {dagbag.py:536} INFO - Filling up the DagBag from /home/airflow/.local/lib/python3.10/site-packages/airflow/example_dags/example_complex.py
[2024-03-16T05:40:57.759+0000] {processor.py:839} INFO - DAG(s) dict_keys(['example_complex']) retrieved from /home/airflow/.local/lib/python3.10/site-packages/airflow/example_dags/example_complex.py
[2024-03-16T05:40:57.777+0000] {logging_mixin.py:154} INFO - [2024-03-16T05:40:57.777+0000] {dag.py:2941} INFO - Sync 1 DAGs
[2024-03-16T05:40:57.784+0000] {logging_mixin.py:154} INFO - [2024-03-16T05:40:57.784+0000] {dag.py:3722} INFO - Setting next_dagrun for example_complex to None, run_after=None
[2024-03-16T05:40:57.793+0000] {processor.py:179} INFO - Processing /home/airflow/.local/lib/python3.10/site-packages/airflow/example_dags/example_complex.py took 0.044 seconds
[2024-03-16T05:41:28.368+0000] {processor.py:157} INFO - Started process (PID=3083) to work on /home/airflow/.local/lib/python3.10/site-packages/airflow/example_dags/example_complex.py
[2024-03-16T05:41:28.369+0000] {processor.py:829} INFO - Processing file /home/airflow/.local/lib/python3.10/site-packages/airflow/example_dags/example_complex.py for tasks to queue
[2024-03-16T05:41:28.370+0000] {logging_mixin.py:154} INFO - [2024-03-16T05:41:28.369+0000] {dagbag.py:536} INFO - Filling up the DagBag from /home/airflow/.local/lib/python3.10/site-packages/airflow/example_dags/example_complex.py
[2024-03-16T05:41:28.376+0000] {processor.py:839} INFO - DAG(s) dict_keys(['example_complex']) retrieved from /home/airflow/.local/lib/python3.10/site-packages/airflow/example_dags/example_complex.py
[2024-03-16T05:41:28.393+0000] {logging_mixin.py:154} INFO - [2024-03-16T05:41:28.392+0000] {dag.py:2941} INFO - Sync 1 DAGs
[2024-03-16T05:41:28.400+0000] {logging_mixin.py:154} INFO - [2024-03-16T05:41:28.400+0000] {dag.py:3722} INFO - Setting next_dagrun for example_complex to None, run_after=None
[2024-03-16T05:41:28.409+0000] {processor.py:179} INFO - Processing /home/airflow/.local/lib/python3.10/site-packages/airflow/example_dags/example_complex.py took 0.044 seconds
[2024-03-16T05:41:59.025+0000] {processor.py:157} INFO - Started process (PID=3137) to work on /home/airflow/.local/lib/python3.10/site-packages/airflow/example_dags/example_complex.py
[2024-03-16T05:41:59.026+0000] {processor.py:829} INFO - Processing file /home/airflow/.local/lib/python3.10/site-packages/airflow/example_dags/example_complex.py for tasks to queue
[2024-03-16T05:41:59.027+0000] {logging_mixin.py:154} INFO - [2024-03-16T05:41:59.027+0000] {dagbag.py:536} INFO - Filling up the DagBag from /home/airflow/.local/lib/python3.10/site-packages/airflow/example_dags/example_complex.py
[2024-03-16T05:41:59.034+0000] {processor.py:839} INFO - DAG(s) dict_keys(['example_complex']) retrieved from /home/airflow/.local/lib/python3.10/site-packages/airflow/example_dags/example_complex.py
[2024-03-16T05:41:59.053+0000] {logging_mixin.py:154} INFO - [2024-03-16T05:41:59.052+0000] {dag.py:2941} INFO - Sync 1 DAGs
[2024-03-16T05:41:59.061+0000] {logging_mixin.py:154} INFO - [2024-03-16T05:41:59.061+0000] {dag.py:3722} INFO - Setting next_dagrun for example_complex to None, run_after=None
[2024-03-16T05:41:59.071+0000] {processor.py:179} INFO - Processing /home/airflow/.local/lib/python3.10/site-packages/airflow/example_dags/example_complex.py took 0.048 seconds
[2024-03-16T05:42:29.749+0000] {processor.py:157} INFO - Started process (PID=3191) to work on /home/airflow/.local/lib/python3.10/site-packages/airflow/example_dags/example_complex.py
[2024-03-16T05:42:29.749+0000] {processor.py:829} INFO - Processing file /home/airflow/.local/lib/python3.10/site-packages/airflow/example_dags/example_complex.py for tasks to queue
[2024-03-16T05:42:29.751+0000] {logging_mixin.py:154} INFO - [2024-03-16T05:42:29.751+0000] {dagbag.py:536} INFO - Filling up the DagBag from /home/airflow/.local/lib/python3.10/site-packages/airflow/example_dags/example_complex.py
[2024-03-16T05:42:29.757+0000] {processor.py:839} INFO - DAG(s) dict_keys(['example_complex']) retrieved from /home/airflow/.local/lib/python3.10/site-packages/airflow/example_dags/example_complex.py
[2024-03-16T05:42:29.775+0000] {logging_mixin.py:154} INFO - [2024-03-16T05:42:29.775+0000] {dag.py:2941} INFO - Sync 1 DAGs
[2024-03-16T05:42:29.782+0000] {logging_mixin.py:154} INFO - [2024-03-16T05:42:29.782+0000] {dag.py:3722} INFO - Setting next_dagrun for example_complex to None, run_after=None
[2024-03-16T05:42:29.791+0000] {processor.py:179} INFO - Processing /home/airflow/.local/lib/python3.10/site-packages/airflow/example_dags/example_complex.py took 0.045 seconds
[2024-03-16T05:43:00.593+0000] {processor.py:157} INFO - Started process (PID=3245) to work on /home/airflow/.local/lib/python3.10/site-packages/airflow/example_dags/example_complex.py
[2024-03-16T05:43:00.594+0000] {processor.py:829} INFO - Processing file /home/airflow/.local/lib/python3.10/site-packages/airflow/example_dags/example_complex.py for tasks to queue
[2024-03-16T05:43:00.595+0000] {logging_mixin.py:154} INFO - [2024-03-16T05:43:00.595+0000] {dagbag.py:536} INFO - Filling up the DagBag from /home/airflow/.local/lib/python3.10/site-packages/airflow/example_dags/example_complex.py
[2024-03-16T05:43:00.602+0000] {processor.py:839} INFO - DAG(s) dict_keys(['example_complex']) retrieved from /home/airflow/.local/lib/python3.10/site-packages/airflow/example_dags/example_complex.py
[2024-03-16T05:43:00.621+0000] {logging_mixin.py:154} INFO - [2024-03-16T05:43:00.621+0000] {dag.py:2941} INFO - Sync 1 DAGs
[2024-03-16T05:43:00.629+0000] {logging_mixin.py:154} INFO - [2024-03-16T05:43:00.628+0000] {dag.py:3722} INFO - Setting next_dagrun for example_complex to None, run_after=None
[2024-03-16T05:43:00.638+0000] {processor.py:179} INFO - Processing /home/airflow/.local/lib/python3.10/site-packages/airflow/example_dags/example_complex.py took 0.047 seconds
[2024-03-16T05:43:31.471+0000] {processor.py:157} INFO - Started process (PID=3299) to work on /home/airflow/.local/lib/python3.10/site-packages/airflow/example_dags/example_complex.py
[2024-03-16T05:43:31.471+0000] {processor.py:829} INFO - Processing file /home/airflow/.local/lib/python3.10/site-packages/airflow/example_dags/example_complex.py for tasks to queue
[2024-03-16T05:43:31.472+0000] {logging_mixin.py:154} INFO - [2024-03-16T05:43:31.472+0000] {dagbag.py:536} INFO - Filling up the DagBag from /home/airflow/.local/lib/python3.10/site-packages/airflow/example_dags/example_complex.py
[2024-03-16T05:43:31.478+0000] {processor.py:839} INFO - DAG(s) dict_keys(['example_complex']) retrieved from /home/airflow/.local/lib/python3.10/site-packages/airflow/example_dags/example_complex.py
[2024-03-16T05:43:31.496+0000] {logging_mixin.py:154} INFO - [2024-03-16T05:43:31.496+0000] {dag.py:2941} INFO - Sync 1 DAGs
[2024-03-16T05:43:31.503+0000] {logging_mixin.py:154} INFO - [2024-03-16T05:43:31.503+0000] {dag.py:3722} INFO - Setting next_dagrun for example_complex to None, run_after=None
[2024-03-16T05:43:31.512+0000] {processor.py:179} INFO - Processing /home/airflow/.local/lib/python3.10/site-packages/airflow/example_dags/example_complex.py took 0.043 seconds
[2024-03-16T05:44:02.220+0000] {processor.py:157} INFO - Started process (PID=3353) to work on /home/airflow/.local/lib/python3.10/site-packages/airflow/example_dags/example_complex.py
[2024-03-16T05:44:02.221+0000] {processor.py:829} INFO - Processing file /home/airflow/.local/lib/python3.10/site-packages/airflow/example_dags/example_complex.py for tasks to queue
[2024-03-16T05:44:02.222+0000] {logging_mixin.py:154} INFO - [2024-03-16T05:44:02.222+0000] {dagbag.py:536} INFO - Filling up the DagBag from /home/airflow/.local/lib/python3.10/site-packages/airflow/example_dags/example_complex.py
[2024-03-16T05:44:02.228+0000] {processor.py:839} INFO - DAG(s) dict_keys(['example_complex']) retrieved from /home/airflow/.local/lib/python3.10/site-packages/airflow/example_dags/example_complex.py
[2024-03-16T05:44:02.246+0000] {logging_mixin.py:154} INFO - [2024-03-16T05:44:02.246+0000] {dag.py:2941} INFO - Sync 1 DAGs
[2024-03-16T05:44:02.254+0000] {logging_mixin.py:154} INFO - [2024-03-16T05:44:02.254+0000] {dag.py:3722} INFO - Setting next_dagrun for example_complex to None, run_after=None
[2024-03-16T05:44:02.263+0000] {processor.py:179} INFO - Processing /home/airflow/.local/lib/python3.10/site-packages/airflow/example_dags/example_complex.py took 0.045 seconds
[2024-03-16T05:44:32.952+0000] {processor.py:157} INFO - Started process (PID=3407) to work on /home/airflow/.local/lib/python3.10/site-packages/airflow/example_dags/example_complex.py
[2024-03-16T05:44:32.953+0000] {processor.py:829} INFO - Processing file /home/airflow/.local/lib/python3.10/site-packages/airflow/example_dags/example_complex.py for tasks to queue
[2024-03-16T05:44:32.954+0000] {logging_mixin.py:154} INFO - [2024-03-16T05:44:32.954+0000] {dagbag.py:536} INFO - Filling up the DagBag from /home/airflow/.local/lib/python3.10/site-packages/airflow/example_dags/example_complex.py
[2024-03-16T05:44:32.960+0000] {processor.py:839} INFO - DAG(s) dict_keys(['example_complex']) retrieved from /home/airflow/.local/lib/python3.10/site-packages/airflow/example_dags/example_complex.py
[2024-03-16T05:44:32.977+0000] {logging_mixin.py:154} INFO - [2024-03-16T05:44:32.977+0000] {dag.py:2941} INFO - Sync 1 DAGs
[2024-03-16T05:44:32.984+0000] {logging_mixin.py:154} INFO - [2024-03-16T05:44:32.984+0000] {dag.py:3722} INFO - Setting next_dagrun for example_complex to None, run_after=None
[2024-03-16T05:44:32.993+0000] {processor.py:179} INFO - Processing /home/airflow/.local/lib/python3.10/site-packages/airflow/example_dags/example_complex.py took 0.043 seconds
[2024-03-16T05:45:03.724+0000] {processor.py:157} INFO - Started process (PID=3461) to work on /home/airflow/.local/lib/python3.10/site-packages/airflow/example_dags/example_complex.py
[2024-03-16T05:45:03.724+0000] {processor.py:829} INFO - Processing file /home/airflow/.local/lib/python3.10/site-packages/airflow/example_dags/example_complex.py for tasks to queue
[2024-03-16T05:45:03.725+0000] {logging_mixin.py:154} INFO - [2024-03-16T05:45:03.725+0000] {dagbag.py:536} INFO - Filling up the DagBag from /home/airflow/.local/lib/python3.10/site-packages/airflow/example_dags/example_complex.py
[2024-03-16T05:45:03.734+0000] {processor.py:839} INFO - DAG(s) dict_keys(['example_complex']) retrieved from /home/airflow/.local/lib/python3.10/site-packages/airflow/example_dags/example_complex.py
[2024-03-16T05:45:03.753+0000] {logging_mixin.py:154} INFO - [2024-03-16T05:45:03.753+0000] {dag.py:2941} INFO - Sync 1 DAGs
[2024-03-16T05:45:03.761+0000] {logging_mixin.py:154} INFO - [2024-03-16T05:45:03.761+0000] {dag.py:3722} INFO - Setting next_dagrun for example_complex to None, run_after=None
[2024-03-16T05:45:03.770+0000] {processor.py:179} INFO - Processing /home/airflow/.local/lib/python3.10/site-packages/airflow/example_dags/example_complex.py took 0.049 seconds
[2024-03-16T05:45:34.424+0000] {processor.py:157} INFO - Started process (PID=3515) to work on /home/airflow/.local/lib/python3.10/site-packages/airflow/example_dags/example_complex.py
[2024-03-16T05:45:34.425+0000] {processor.py:829} INFO - Processing file /home/airflow/.local/lib/python3.10/site-packages/airflow/example_dags/example_complex.py for tasks to queue
[2024-03-16T05:45:34.426+0000] {logging_mixin.py:154} INFO - [2024-03-16T05:45:34.426+0000] {dagbag.py:536} INFO - Filling up the DagBag from /home/airflow/.local/lib/python3.10/site-packages/airflow/example_dags/example_complex.py
[2024-03-16T05:45:34.432+0000] {processor.py:839} INFO - DAG(s) dict_keys(['example_complex']) retrieved from /home/airflow/.local/lib/python3.10/site-packages/airflow/example_dags/example_complex.py
[2024-03-16T05:45:34.451+0000] {logging_mixin.py:154} INFO - [2024-03-16T05:45:34.451+0000] {dag.py:2941} INFO - Sync 1 DAGs
[2024-03-16T05:45:34.459+0000] {logging_mixin.py:154} INFO - [2024-03-16T05:45:34.459+0000] {dag.py:3722} INFO - Setting next_dagrun for example_complex to None, run_after=None
[2024-03-16T05:45:34.469+0000] {processor.py:179} INFO - Processing /home/airflow/.local/lib/python3.10/site-packages/airflow/example_dags/example_complex.py took 0.047 seconds
[2024-03-16T05:46:05.181+0000] {processor.py:157} INFO - Started process (PID=3569) to work on /home/airflow/.local/lib/python3.10/site-packages/airflow/example_dags/example_complex.py
[2024-03-16T05:46:05.181+0000] {processor.py:829} INFO - Processing file /home/airflow/.local/lib/python3.10/site-packages/airflow/example_dags/example_complex.py for tasks to queue
[2024-03-16T05:46:05.182+0000] {logging_mixin.py:154} INFO - [2024-03-16T05:46:05.182+0000] {dagbag.py:536} INFO - Filling up the DagBag from /home/airflow/.local/lib/python3.10/site-packages/airflow/example_dags/example_complex.py
[2024-03-16T05:46:05.189+0000] {processor.py:839} INFO - DAG(s) dict_keys(['example_complex']) retrieved from /home/airflow/.local/lib/python3.10/site-packages/airflow/example_dags/example_complex.py
[2024-03-16T05:46:05.209+0000] {logging_mixin.py:154} INFO - [2024-03-16T05:46:05.209+0000] {dag.py:2941} INFO - Sync 1 DAGs
[2024-03-16T05:46:05.219+0000] {logging_mixin.py:154} INFO - [2024-03-16T05:46:05.218+0000] {dag.py:3722} INFO - Setting next_dagrun for example_complex to None, run_after=None
[2024-03-16T05:46:05.229+0000] {processor.py:179} INFO - Processing /home/airflow/.local/lib/python3.10/site-packages/airflow/example_dags/example_complex.py took 0.051 seconds
[2024-03-16T05:46:35.978+0000] {processor.py:157} INFO - Started process (PID=3623) to work on /home/airflow/.local/lib/python3.10/site-packages/airflow/example_dags/example_complex.py
[2024-03-16T05:46:35.979+0000] {processor.py:829} INFO - Processing file /home/airflow/.local/lib/python3.10/site-packages/airflow/example_dags/example_complex.py for tasks to queue
[2024-03-16T05:46:35.980+0000] {logging_mixin.py:154} INFO - [2024-03-16T05:46:35.980+0000] {dagbag.py:536} INFO - Filling up the DagBag from /home/airflow/.local/lib/python3.10/site-packages/airflow/example_dags/example_complex.py
[2024-03-16T05:46:35.986+0000] {processor.py:839} INFO - DAG(s) dict_keys(['example_complex']) retrieved from /home/airflow/.local/lib/python3.10/site-packages/airflow/example_dags/example_complex.py
[2024-03-16T05:46:36.006+0000] {logging_mixin.py:154} INFO - [2024-03-16T05:46:36.006+0000] {dag.py:2941} INFO - Sync 1 DAGs
[2024-03-16T05:46:36.015+0000] {logging_mixin.py:154} INFO - [2024-03-16T05:46:36.014+0000] {dag.py:3722} INFO - Setting next_dagrun for example_complex to None, run_after=None
[2024-03-16T05:46:36.025+0000] {processor.py:179} INFO - Processing /home/airflow/.local/lib/python3.10/site-packages/airflow/example_dags/example_complex.py took 0.049 seconds
[2024-03-16T05:47:06.684+0000] {processor.py:157} INFO - Started process (PID=3677) to work on /home/airflow/.local/lib/python3.10/site-packages/airflow/example_dags/example_complex.py
[2024-03-16T05:47:06.684+0000] {processor.py:829} INFO - Processing file /home/airflow/.local/lib/python3.10/site-packages/airflow/example_dags/example_complex.py for tasks to queue
[2024-03-16T05:47:06.685+0000] {logging_mixin.py:154} INFO - [2024-03-16T05:47:06.685+0000] {dagbag.py:536} INFO - Filling up the DagBag from /home/airflow/.local/lib/python3.10/site-packages/airflow/example_dags/example_complex.py
[2024-03-16T05:47:06.692+0000] {processor.py:839} INFO - DAG(s) dict_keys(['example_complex']) retrieved from /home/airflow/.local/lib/python3.10/site-packages/airflow/example_dags/example_complex.py
[2024-03-16T05:47:06.710+0000] {logging_mixin.py:154} INFO - [2024-03-16T05:47:06.710+0000] {dag.py:2941} INFO - Sync 1 DAGs
[2024-03-16T05:47:06.717+0000] {logging_mixin.py:154} INFO - [2024-03-16T05:47:06.717+0000] {dag.py:3722} INFO - Setting next_dagrun for example_complex to None, run_after=None
[2024-03-16T05:47:06.726+0000] {processor.py:179} INFO - Processing /home/airflow/.local/lib/python3.10/site-packages/airflow/example_dags/example_complex.py took 0.045 seconds
[2024-03-16T05:47:37.410+0000] {processor.py:157} INFO - Started process (PID=3731) to work on /home/airflow/.local/lib/python3.10/site-packages/airflow/example_dags/example_complex.py
[2024-03-16T05:47:37.410+0000] {processor.py:829} INFO - Processing file /home/airflow/.local/lib/python3.10/site-packages/airflow/example_dags/example_complex.py for tasks to queue
[2024-03-16T05:47:37.412+0000] {logging_mixin.py:154} INFO - [2024-03-16T05:47:37.412+0000] {dagbag.py:536} INFO - Filling up the DagBag from /home/airflow/.local/lib/python3.10/site-packages/airflow/example_dags/example_complex.py
[2024-03-16T05:47:37.423+0000] {processor.py:839} INFO - DAG(s) dict_keys(['example_complex']) retrieved from /home/airflow/.local/lib/python3.10/site-packages/airflow/example_dags/example_complex.py
[2024-03-16T05:47:37.455+0000] {logging_mixin.py:154} INFO - [2024-03-16T05:47:37.454+0000] {dag.py:2941} INFO - Sync 1 DAGs
[2024-03-16T05:47:37.469+0000] {logging_mixin.py:154} INFO - [2024-03-16T05:47:37.468+0000] {dag.py:3722} INFO - Setting next_dagrun for example_complex to None, run_after=None
[2024-03-16T05:47:37.486+0000] {processor.py:179} INFO - Processing /home/airflow/.local/lib/python3.10/site-packages/airflow/example_dags/example_complex.py took 0.079 seconds
[2024-03-16T05:48:08.129+0000] {processor.py:157} INFO - Started process (PID=3785) to work on /home/airflow/.local/lib/python3.10/site-packages/airflow/example_dags/example_complex.py
[2024-03-16T05:48:08.129+0000] {processor.py:829} INFO - Processing file /home/airflow/.local/lib/python3.10/site-packages/airflow/example_dags/example_complex.py for tasks to queue
[2024-03-16T05:48:08.130+0000] {logging_mixin.py:154} INFO - [2024-03-16T05:48:08.130+0000] {dagbag.py:536} INFO - Filling up the DagBag from /home/airflow/.local/lib/python3.10/site-packages/airflow/example_dags/example_complex.py
[2024-03-16T05:48:08.136+0000] {processor.py:839} INFO - DAG(s) dict_keys(['example_complex']) retrieved from /home/airflow/.local/lib/python3.10/site-packages/airflow/example_dags/example_complex.py
[2024-03-16T05:48:08.154+0000] {logging_mixin.py:154} INFO - [2024-03-16T05:48:08.154+0000] {dag.py:2941} INFO - Sync 1 DAGs
[2024-03-16T05:48:08.161+0000] {logging_mixin.py:154} INFO - [2024-03-16T05:48:08.161+0000] {dag.py:3722} INFO - Setting next_dagrun for example_complex to None, run_after=None
[2024-03-16T05:48:08.170+0000] {processor.py:179} INFO - Processing /home/airflow/.local/lib/python3.10/site-packages/airflow/example_dags/example_complex.py took 0.043 seconds
[2024-03-16T05:48:39.034+0000] {processor.py:157} INFO - Started process (PID=3839) to work on /home/airflow/.local/lib/python3.10/site-packages/airflow/example_dags/example_complex.py
[2024-03-16T05:48:39.035+0000] {processor.py:829} INFO - Processing file /home/airflow/.local/lib/python3.10/site-packages/airflow/example_dags/example_complex.py for tasks to queue
[2024-03-16T05:48:39.036+0000] {logging_mixin.py:154} INFO - [2024-03-16T05:48:39.036+0000] {dagbag.py:536} INFO - Filling up the DagBag from /home/airflow/.local/lib/python3.10/site-packages/airflow/example_dags/example_complex.py
[2024-03-16T05:48:39.042+0000] {processor.py:839} INFO - DAG(s) dict_keys(['example_complex']) retrieved from /home/airflow/.local/lib/python3.10/site-packages/airflow/example_dags/example_complex.py
[2024-03-16T05:48:39.062+0000] {logging_mixin.py:154} INFO - [2024-03-16T05:48:39.062+0000] {dag.py:2941} INFO - Sync 1 DAGs
[2024-03-16T05:48:39.070+0000] {logging_mixin.py:154} INFO - [2024-03-16T05:48:39.070+0000] {dag.py:3722} INFO - Setting next_dagrun for example_complex to None, run_after=None
[2024-03-16T05:48:39.079+0000] {processor.py:179} INFO - Processing /home/airflow/.local/lib/python3.10/site-packages/airflow/example_dags/example_complex.py took 0.048 seconds
[2024-03-16T05:49:09.841+0000] {processor.py:157} INFO - Started process (PID=3893) to work on /home/airflow/.local/lib/python3.10/site-packages/airflow/example_dags/example_complex.py
[2024-03-16T05:49:09.842+0000] {processor.py:829} INFO - Processing file /home/airflow/.local/lib/python3.10/site-packages/airflow/example_dags/example_complex.py for tasks to queue
[2024-03-16T05:49:09.843+0000] {logging_mixin.py:154} INFO - [2024-03-16T05:49:09.843+0000] {dagbag.py:536} INFO - Filling up the DagBag from /home/airflow/.local/lib/python3.10/site-packages/airflow/example_dags/example_complex.py
[2024-03-16T05:49:09.849+0000] {processor.py:839} INFO - DAG(s) dict_keys(['example_complex']) retrieved from /home/airflow/.local/lib/python3.10/site-packages/airflow/example_dags/example_complex.py
[2024-03-16T05:49:09.866+0000] {logging_mixin.py:154} INFO - [2024-03-16T05:49:09.866+0000] {dag.py:2941} INFO - Sync 1 DAGs
[2024-03-16T05:49:09.874+0000] {logging_mixin.py:154} INFO - [2024-03-16T05:49:09.874+0000] {dag.py:3722} INFO - Setting next_dagrun for example_complex to None, run_after=None
[2024-03-16T05:49:09.882+0000] {processor.py:179} INFO - Processing /home/airflow/.local/lib/python3.10/site-packages/airflow/example_dags/example_complex.py took 0.043 seconds
[2024-03-16T05:49:40.439+0000] {processor.py:157} INFO - Started process (PID=3947) to work on /home/airflow/.local/lib/python3.10/site-packages/airflow/example_dags/example_complex.py
[2024-03-16T05:49:40.440+0000] {processor.py:829} INFO - Processing file /home/airflow/.local/lib/python3.10/site-packages/airflow/example_dags/example_complex.py for tasks to queue
[2024-03-16T05:49:40.441+0000] {logging_mixin.py:154} INFO - [2024-03-16T05:49:40.441+0000] {dagbag.py:536} INFO - Filling up the DagBag from /home/airflow/.local/lib/python3.10/site-packages/airflow/example_dags/example_complex.py
[2024-03-16T05:49:40.447+0000] {processor.py:839} INFO - DAG(s) dict_keys(['example_complex']) retrieved from /home/airflow/.local/lib/python3.10/site-packages/airflow/example_dags/example_complex.py
[2024-03-16T05:49:40.465+0000] {logging_mixin.py:154} INFO - [2024-03-16T05:49:40.465+0000] {dag.py:2941} INFO - Sync 1 DAGs
[2024-03-16T05:49:40.472+0000] {logging_mixin.py:154} INFO - [2024-03-16T05:49:40.472+0000] {dag.py:3722} INFO - Setting next_dagrun for example_complex to None, run_after=None
[2024-03-16T05:49:40.481+0000] {processor.py:179} INFO - Processing /home/airflow/.local/lib/python3.10/site-packages/airflow/example_dags/example_complex.py took 0.044 seconds
[2024-03-16T05:50:11.171+0000] {processor.py:157} INFO - Started process (PID=4001) to work on /home/airflow/.local/lib/python3.10/site-packages/airflow/example_dags/example_complex.py
[2024-03-16T05:50:11.172+0000] {processor.py:829} INFO - Processing file /home/airflow/.local/lib/python3.10/site-packages/airflow/example_dags/example_complex.py for tasks to queue
[2024-03-16T05:50:11.173+0000] {logging_mixin.py:154} INFO - [2024-03-16T05:50:11.173+0000] {dagbag.py:536} INFO - Filling up the DagBag from /home/airflow/.local/lib/python3.10/site-packages/airflow/example_dags/example_complex.py
[2024-03-16T05:50:11.179+0000] {processor.py:839} INFO - DAG(s) dict_keys(['example_complex']) retrieved from /home/airflow/.local/lib/python3.10/site-packages/airflow/example_dags/example_complex.py
[2024-03-16T05:50:11.197+0000] {logging_mixin.py:154} INFO - [2024-03-16T05:50:11.196+0000] {dag.py:2941} INFO - Sync 1 DAGs
[2024-03-16T05:50:11.204+0000] {logging_mixin.py:154} INFO - [2024-03-16T05:50:11.203+0000] {dag.py:3722} INFO - Setting next_dagrun for example_complex to None, run_after=None
[2024-03-16T05:50:11.212+0000] {processor.py:179} INFO - Processing /home/airflow/.local/lib/python3.10/site-packages/airflow/example_dags/example_complex.py took 0.043 seconds
[2024-03-16T05:50:41.966+0000] {processor.py:157} INFO - Started process (PID=4055) to work on /home/airflow/.local/lib/python3.10/site-packages/airflow/example_dags/example_complex.py
[2024-03-16T05:50:41.967+0000] {processor.py:829} INFO - Processing file /home/airflow/.local/lib/python3.10/site-packages/airflow/example_dags/example_complex.py for tasks to queue
[2024-03-16T05:50:41.968+0000] {logging_mixin.py:154} INFO - [2024-03-16T05:50:41.968+0000] {dagbag.py:536} INFO - Filling up the DagBag from /home/airflow/.local/lib/python3.10/site-packages/airflow/example_dags/example_complex.py
[2024-03-16T05:50:41.974+0000] {processor.py:839} INFO - DAG(s) dict_keys(['example_complex']) retrieved from /home/airflow/.local/lib/python3.10/site-packages/airflow/example_dags/example_complex.py
[2024-03-16T05:50:41.992+0000] {logging_mixin.py:154} INFO - [2024-03-16T05:50:41.992+0000] {dag.py:2941} INFO - Sync 1 DAGs
[2024-03-16T05:50:42.000+0000] {logging_mixin.py:154} INFO - [2024-03-16T05:50:42.000+0000] {dag.py:3722} INFO - Setting next_dagrun for example_complex to None, run_after=None
[2024-03-16T05:50:42.009+0000] {processor.py:179} INFO - Processing /home/airflow/.local/lib/python3.10/site-packages/airflow/example_dags/example_complex.py took 0.045 seconds
[2024-03-16T05:51:12.763+0000] {processor.py:157} INFO - Started process (PID=4109) to work on /home/airflow/.local/lib/python3.10/site-packages/airflow/example_dags/example_complex.py
[2024-03-16T05:51:12.763+0000] {processor.py:829} INFO - Processing file /home/airflow/.local/lib/python3.10/site-packages/airflow/example_dags/example_complex.py for tasks to queue
[2024-03-16T05:51:12.764+0000] {logging_mixin.py:154} INFO - [2024-03-16T05:51:12.764+0000] {dagbag.py:536} INFO - Filling up the DagBag from /home/airflow/.local/lib/python3.10/site-packages/airflow/example_dags/example_complex.py
[2024-03-16T05:51:12.771+0000] {processor.py:839} INFO - DAG(s) dict_keys(['example_complex']) retrieved from /home/airflow/.local/lib/python3.10/site-packages/airflow/example_dags/example_complex.py
[2024-03-16T05:51:12.791+0000] {logging_mixin.py:154} INFO - [2024-03-16T05:51:12.791+0000] {dag.py:2941} INFO - Sync 1 DAGs
[2024-03-16T05:51:12.798+0000] {logging_mixin.py:154} INFO - [2024-03-16T05:51:12.798+0000] {dag.py:3722} INFO - Setting next_dagrun for example_complex to None, run_after=None
[2024-03-16T05:51:12.809+0000] {processor.py:179} INFO - Processing /home/airflow/.local/lib/python3.10/site-packages/airflow/example_dags/example_complex.py took 0.048 seconds
[2024-03-16T05:51:43.571+0000] {processor.py:157} INFO - Started process (PID=4163) to work on /home/airflow/.local/lib/python3.10/site-packages/airflow/example_dags/example_complex.py
[2024-03-16T05:51:43.572+0000] {processor.py:829} INFO - Processing file /home/airflow/.local/lib/python3.10/site-packages/airflow/example_dags/example_complex.py for tasks to queue
[2024-03-16T05:51:43.573+0000] {logging_mixin.py:154} INFO - [2024-03-16T05:51:43.573+0000] {dagbag.py:536} INFO - Filling up the DagBag from /home/airflow/.local/lib/python3.10/site-packages/airflow/example_dags/example_complex.py
[2024-03-16T05:51:43.579+0000] {processor.py:839} INFO - DAG(s) dict_keys(['example_complex']) retrieved from /home/airflow/.local/lib/python3.10/site-packages/airflow/example_dags/example_complex.py
[2024-03-16T05:51:43.596+0000] {logging_mixin.py:154} INFO - [2024-03-16T05:51:43.596+0000] {dag.py:2941} INFO - Sync 1 DAGs
[2024-03-16T05:51:43.604+0000] {logging_mixin.py:154} INFO - [2024-03-16T05:51:43.604+0000] {dag.py:3722} INFO - Setting next_dagrun for example_complex to None, run_after=None
[2024-03-16T05:51:43.613+0000] {processor.py:179} INFO - Processing /home/airflow/.local/lib/python3.10/site-packages/airflow/example_dags/example_complex.py took 0.044 seconds
