[2024-03-16T05:12:49.537+0000] {processor.py:157} INFO - Started process (PID=57) to work on /home/airflow/.local/lib/python3.10/site-packages/airflow/example_dags/tutorial_dag.py
[2024-03-16T05:12:49.538+0000] {processor.py:829} INFO - Processing file /home/airflow/.local/lib/python3.10/site-packages/airflow/example_dags/tutorial_dag.py for tasks to queue
[2024-03-16T05:12:49.539+0000] {logging_mixin.py:154} INFO - [2024-03-16T05:12:49.539+0000] {dagbag.py:536} INFO - Filling up the DagBag from /home/airflow/.local/lib/python3.10/site-packages/airflow/example_dags/tutorial_dag.py
[2024-03-16T05:12:49.544+0000] {processor.py:839} INFO - DAG(s) dict_keys(['tutorial_dag']) retrieved from /home/airflow/.local/lib/python3.10/site-packages/airflow/example_dags/tutorial_dag.py
[2024-03-16T05:12:49.560+0000] {logging_mixin.py:154} INFO - [2024-03-16T05:12:49.560+0000] {dag.py:2941} INFO - Sync 1 DAGs
[2024-03-16T05:12:49.567+0000] {logging_mixin.py:154} INFO - [2024-03-16T05:12:49.567+0000] {dag.py:3722} INFO - Setting next_dagrun for tutorial_dag to None, run_after=None
[2024-03-16T05:12:49.575+0000] {processor.py:179} INFO - Processing /home/airflow/.local/lib/python3.10/site-packages/airflow/example_dags/tutorial_dag.py took 0.040 seconds
[2024-03-16T05:13:20.344+0000] {processor.py:157} INFO - Started process (PID=111) to work on /home/airflow/.local/lib/python3.10/site-packages/airflow/example_dags/tutorial_dag.py
[2024-03-16T05:13:20.345+0000] {processor.py:829} INFO - Processing file /home/airflow/.local/lib/python3.10/site-packages/airflow/example_dags/tutorial_dag.py for tasks to queue
[2024-03-16T05:13:20.346+0000] {logging_mixin.py:154} INFO - [2024-03-16T05:13:20.346+0000] {dagbag.py:536} INFO - Filling up the DagBag from /home/airflow/.local/lib/python3.10/site-packages/airflow/example_dags/tutorial_dag.py
[2024-03-16T05:13:20.349+0000] {processor.py:839} INFO - DAG(s) dict_keys(['tutorial_dag']) retrieved from /home/airflow/.local/lib/python3.10/site-packages/airflow/example_dags/tutorial_dag.py
[2024-03-16T05:13:20.362+0000] {logging_mixin.py:154} INFO - [2024-03-16T05:13:20.362+0000] {dag.py:2941} INFO - Sync 1 DAGs
[2024-03-16T05:13:20.369+0000] {logging_mixin.py:154} INFO - [2024-03-16T05:13:20.369+0000] {dag.py:3722} INFO - Setting next_dagrun for tutorial_dag to None, run_after=None
[2024-03-16T05:13:20.379+0000] {processor.py:179} INFO - Processing /home/airflow/.local/lib/python3.10/site-packages/airflow/example_dags/tutorial_dag.py took 0.037 seconds
[2024-03-16T05:13:51.160+0000] {processor.py:157} INFO - Started process (PID=165) to work on /home/airflow/.local/lib/python3.10/site-packages/airflow/example_dags/tutorial_dag.py
[2024-03-16T05:13:51.161+0000] {processor.py:829} INFO - Processing file /home/airflow/.local/lib/python3.10/site-packages/airflow/example_dags/tutorial_dag.py for tasks to queue
[2024-03-16T05:13:51.162+0000] {logging_mixin.py:154} INFO - [2024-03-16T05:13:51.162+0000] {dagbag.py:536} INFO - Filling up the DagBag from /home/airflow/.local/lib/python3.10/site-packages/airflow/example_dags/tutorial_dag.py
[2024-03-16T05:13:51.165+0000] {processor.py:839} INFO - DAG(s) dict_keys(['tutorial_dag']) retrieved from /home/airflow/.local/lib/python3.10/site-packages/airflow/example_dags/tutorial_dag.py
[2024-03-16T05:13:51.177+0000] {logging_mixin.py:154} INFO - [2024-03-16T05:13:51.177+0000] {dag.py:2941} INFO - Sync 1 DAGs
[2024-03-16T05:13:51.185+0000] {logging_mixin.py:154} INFO - [2024-03-16T05:13:51.185+0000] {dag.py:3722} INFO - Setting next_dagrun for tutorial_dag to None, run_after=None
[2024-03-16T05:13:51.194+0000] {processor.py:179} INFO - Processing /home/airflow/.local/lib/python3.10/site-packages/airflow/example_dags/tutorial_dag.py took 0.036 seconds
[2024-03-16T05:14:21.842+0000] {processor.py:157} INFO - Started process (PID=219) to work on /home/airflow/.local/lib/python3.10/site-packages/airflow/example_dags/tutorial_dag.py
[2024-03-16T05:14:21.843+0000] {processor.py:829} INFO - Processing file /home/airflow/.local/lib/python3.10/site-packages/airflow/example_dags/tutorial_dag.py for tasks to queue
[2024-03-16T05:14:21.844+0000] {logging_mixin.py:154} INFO - [2024-03-16T05:14:21.844+0000] {dagbag.py:536} INFO - Filling up the DagBag from /home/airflow/.local/lib/python3.10/site-packages/airflow/example_dags/tutorial_dag.py
[2024-03-16T05:14:21.847+0000] {processor.py:839} INFO - DAG(s) dict_keys(['tutorial_dag']) retrieved from /home/airflow/.local/lib/python3.10/site-packages/airflow/example_dags/tutorial_dag.py
[2024-03-16T05:14:21.859+0000] {logging_mixin.py:154} INFO - [2024-03-16T05:14:21.859+0000] {dag.py:2941} INFO - Sync 1 DAGs
[2024-03-16T05:14:21.866+0000] {logging_mixin.py:154} INFO - [2024-03-16T05:14:21.866+0000] {dag.py:3722} INFO - Setting next_dagrun for tutorial_dag to None, run_after=None
[2024-03-16T05:14:21.874+0000] {processor.py:179} INFO - Processing /home/airflow/.local/lib/python3.10/site-packages/airflow/example_dags/tutorial_dag.py took 0.034 seconds
[2024-03-16T05:14:52.537+0000] {processor.py:157} INFO - Started process (PID=273) to work on /home/airflow/.local/lib/python3.10/site-packages/airflow/example_dags/tutorial_dag.py
[2024-03-16T05:14:52.538+0000] {processor.py:829} INFO - Processing file /home/airflow/.local/lib/python3.10/site-packages/airflow/example_dags/tutorial_dag.py for tasks to queue
[2024-03-16T05:14:52.539+0000] {logging_mixin.py:154} INFO - [2024-03-16T05:14:52.539+0000] {dagbag.py:536} INFO - Filling up the DagBag from /home/airflow/.local/lib/python3.10/site-packages/airflow/example_dags/tutorial_dag.py
[2024-03-16T05:14:52.542+0000] {processor.py:839} INFO - DAG(s) dict_keys(['tutorial_dag']) retrieved from /home/airflow/.local/lib/python3.10/site-packages/airflow/example_dags/tutorial_dag.py
[2024-03-16T05:14:52.554+0000] {logging_mixin.py:154} INFO - [2024-03-16T05:14:52.554+0000] {dag.py:2941} INFO - Sync 1 DAGs
[2024-03-16T05:14:52.562+0000] {logging_mixin.py:154} INFO - [2024-03-16T05:14:52.562+0000] {dag.py:3722} INFO - Setting next_dagrun for tutorial_dag to None, run_after=None
[2024-03-16T05:14:52.572+0000] {processor.py:179} INFO - Processing /home/airflow/.local/lib/python3.10/site-packages/airflow/example_dags/tutorial_dag.py took 0.037 seconds
[2024-03-16T05:15:23.179+0000] {processor.py:157} INFO - Started process (PID=327) to work on /home/airflow/.local/lib/python3.10/site-packages/airflow/example_dags/tutorial_dag.py
[2024-03-16T05:15:23.180+0000] {processor.py:829} INFO - Processing file /home/airflow/.local/lib/python3.10/site-packages/airflow/example_dags/tutorial_dag.py for tasks to queue
[2024-03-16T05:15:23.181+0000] {logging_mixin.py:154} INFO - [2024-03-16T05:15:23.180+0000] {dagbag.py:536} INFO - Filling up the DagBag from /home/airflow/.local/lib/python3.10/site-packages/airflow/example_dags/tutorial_dag.py
[2024-03-16T05:15:23.184+0000] {processor.py:839} INFO - DAG(s) dict_keys(['tutorial_dag']) retrieved from /home/airflow/.local/lib/python3.10/site-packages/airflow/example_dags/tutorial_dag.py
[2024-03-16T05:15:23.196+0000] {logging_mixin.py:154} INFO - [2024-03-16T05:15:23.196+0000] {dag.py:2941} INFO - Sync 1 DAGs
[2024-03-16T05:15:23.203+0000] {logging_mixin.py:154} INFO - [2024-03-16T05:15:23.203+0000] {dag.py:3722} INFO - Setting next_dagrun for tutorial_dag to None, run_after=None
[2024-03-16T05:15:23.212+0000] {processor.py:179} INFO - Processing /home/airflow/.local/lib/python3.10/site-packages/airflow/example_dags/tutorial_dag.py took 0.035 seconds
[2024-03-16T05:15:53.753+0000] {processor.py:157} INFO - Started process (PID=381) to work on /home/airflow/.local/lib/python3.10/site-packages/airflow/example_dags/tutorial_dag.py
[2024-03-16T05:15:53.754+0000] {processor.py:829} INFO - Processing file /home/airflow/.local/lib/python3.10/site-packages/airflow/example_dags/tutorial_dag.py for tasks to queue
[2024-03-16T05:15:53.755+0000] {logging_mixin.py:154} INFO - [2024-03-16T05:15:53.755+0000] {dagbag.py:536} INFO - Filling up the DagBag from /home/airflow/.local/lib/python3.10/site-packages/airflow/example_dags/tutorial_dag.py
[2024-03-16T05:15:53.758+0000] {processor.py:839} INFO - DAG(s) dict_keys(['tutorial_dag']) retrieved from /home/airflow/.local/lib/python3.10/site-packages/airflow/example_dags/tutorial_dag.py
[2024-03-16T05:15:53.769+0000] {logging_mixin.py:154} INFO - [2024-03-16T05:15:53.769+0000] {dag.py:2941} INFO - Sync 1 DAGs
[2024-03-16T05:15:53.776+0000] {logging_mixin.py:154} INFO - [2024-03-16T05:15:53.776+0000] {dag.py:3722} INFO - Setting next_dagrun for tutorial_dag to None, run_after=None
[2024-03-16T05:15:53.784+0000] {processor.py:179} INFO - Processing /home/airflow/.local/lib/python3.10/site-packages/airflow/example_dags/tutorial_dag.py took 0.033 seconds
[2024-03-16T05:16:24.352+0000] {processor.py:157} INFO - Started process (PID=435) to work on /home/airflow/.local/lib/python3.10/site-packages/airflow/example_dags/tutorial_dag.py
[2024-03-16T05:16:24.353+0000] {processor.py:829} INFO - Processing file /home/airflow/.local/lib/python3.10/site-packages/airflow/example_dags/tutorial_dag.py for tasks to queue
[2024-03-16T05:16:24.354+0000] {logging_mixin.py:154} INFO - [2024-03-16T05:16:24.354+0000] {dagbag.py:536} INFO - Filling up the DagBag from /home/airflow/.local/lib/python3.10/site-packages/airflow/example_dags/tutorial_dag.py
[2024-03-16T05:16:24.357+0000] {processor.py:839} INFO - DAG(s) dict_keys(['tutorial_dag']) retrieved from /home/airflow/.local/lib/python3.10/site-packages/airflow/example_dags/tutorial_dag.py
[2024-03-16T05:16:24.368+0000] {logging_mixin.py:154} INFO - [2024-03-16T05:16:24.368+0000] {dag.py:2941} INFO - Sync 1 DAGs
[2024-03-16T05:16:24.375+0000] {logging_mixin.py:154} INFO - [2024-03-16T05:16:24.375+0000] {dag.py:3722} INFO - Setting next_dagrun for tutorial_dag to None, run_after=None
[2024-03-16T05:16:24.384+0000] {processor.py:179} INFO - Processing /home/airflow/.local/lib/python3.10/site-packages/airflow/example_dags/tutorial_dag.py took 0.034 seconds
[2024-03-16T05:16:54.931+0000] {processor.py:157} INFO - Started process (PID=489) to work on /home/airflow/.local/lib/python3.10/site-packages/airflow/example_dags/tutorial_dag.py
[2024-03-16T05:16:54.931+0000] {processor.py:829} INFO - Processing file /home/airflow/.local/lib/python3.10/site-packages/airflow/example_dags/tutorial_dag.py for tasks to queue
[2024-03-16T05:16:54.932+0000] {logging_mixin.py:154} INFO - [2024-03-16T05:16:54.932+0000] {dagbag.py:536} INFO - Filling up the DagBag from /home/airflow/.local/lib/python3.10/site-packages/airflow/example_dags/tutorial_dag.py
[2024-03-16T05:16:54.936+0000] {processor.py:839} INFO - DAG(s) dict_keys(['tutorial_dag']) retrieved from /home/airflow/.local/lib/python3.10/site-packages/airflow/example_dags/tutorial_dag.py
[2024-03-16T05:16:54.947+0000] {logging_mixin.py:154} INFO - [2024-03-16T05:16:54.947+0000] {dag.py:2941} INFO - Sync 1 DAGs
[2024-03-16T05:16:54.954+0000] {logging_mixin.py:154} INFO - [2024-03-16T05:16:54.954+0000] {dag.py:3722} INFO - Setting next_dagrun for tutorial_dag to None, run_after=None
[2024-03-16T05:16:54.962+0000] {processor.py:179} INFO - Processing /home/airflow/.local/lib/python3.10/site-packages/airflow/example_dags/tutorial_dag.py took 0.034 seconds
[2024-03-16T05:17:25.609+0000] {processor.py:157} INFO - Started process (PID=543) to work on /home/airflow/.local/lib/python3.10/site-packages/airflow/example_dags/tutorial_dag.py
[2024-03-16T05:17:25.610+0000] {processor.py:829} INFO - Processing file /home/airflow/.local/lib/python3.10/site-packages/airflow/example_dags/tutorial_dag.py for tasks to queue
[2024-03-16T05:17:25.611+0000] {logging_mixin.py:154} INFO - [2024-03-16T05:17:25.611+0000] {dagbag.py:536} INFO - Filling up the DagBag from /home/airflow/.local/lib/python3.10/site-packages/airflow/example_dags/tutorial_dag.py
[2024-03-16T05:17:25.614+0000] {processor.py:839} INFO - DAG(s) dict_keys(['tutorial_dag']) retrieved from /home/airflow/.local/lib/python3.10/site-packages/airflow/example_dags/tutorial_dag.py
[2024-03-16T05:17:25.626+0000] {logging_mixin.py:154} INFO - [2024-03-16T05:17:25.626+0000] {dag.py:2941} INFO - Sync 1 DAGs
[2024-03-16T05:17:25.632+0000] {logging_mixin.py:154} INFO - [2024-03-16T05:17:25.632+0000] {dag.py:3722} INFO - Setting next_dagrun for tutorial_dag to None, run_after=None
[2024-03-16T05:17:25.641+0000] {processor.py:179} INFO - Processing /home/airflow/.local/lib/python3.10/site-packages/airflow/example_dags/tutorial_dag.py took 0.034 seconds
[2024-03-16T05:17:56.435+0000] {processor.py:157} INFO - Started process (PID=597) to work on /home/airflow/.local/lib/python3.10/site-packages/airflow/example_dags/tutorial_dag.py
[2024-03-16T05:17:56.436+0000] {processor.py:829} INFO - Processing file /home/airflow/.local/lib/python3.10/site-packages/airflow/example_dags/tutorial_dag.py for tasks to queue
[2024-03-16T05:17:56.437+0000] {logging_mixin.py:154} INFO - [2024-03-16T05:17:56.437+0000] {dagbag.py:536} INFO - Filling up the DagBag from /home/airflow/.local/lib/python3.10/site-packages/airflow/example_dags/tutorial_dag.py
[2024-03-16T05:17:56.440+0000] {processor.py:839} INFO - DAG(s) dict_keys(['tutorial_dag']) retrieved from /home/airflow/.local/lib/python3.10/site-packages/airflow/example_dags/tutorial_dag.py
[2024-03-16T05:17:56.452+0000] {logging_mixin.py:154} INFO - [2024-03-16T05:17:56.452+0000] {dag.py:2941} INFO - Sync 1 DAGs
[2024-03-16T05:17:56.459+0000] {logging_mixin.py:154} INFO - [2024-03-16T05:17:56.459+0000] {dag.py:3722} INFO - Setting next_dagrun for tutorial_dag to None, run_after=None
[2024-03-16T05:17:56.468+0000] {processor.py:179} INFO - Processing /home/airflow/.local/lib/python3.10/site-packages/airflow/example_dags/tutorial_dag.py took 0.034 seconds
[2024-03-16T05:18:27.095+0000] {processor.py:157} INFO - Started process (PID=651) to work on /home/airflow/.local/lib/python3.10/site-packages/airflow/example_dags/tutorial_dag.py
[2024-03-16T05:18:27.096+0000] {processor.py:829} INFO - Processing file /home/airflow/.local/lib/python3.10/site-packages/airflow/example_dags/tutorial_dag.py for tasks to queue
[2024-03-16T05:18:27.097+0000] {logging_mixin.py:154} INFO - [2024-03-16T05:18:27.097+0000] {dagbag.py:536} INFO - Filling up the DagBag from /home/airflow/.local/lib/python3.10/site-packages/airflow/example_dags/tutorial_dag.py
[2024-03-16T05:18:27.100+0000] {processor.py:839} INFO - DAG(s) dict_keys(['tutorial_dag']) retrieved from /home/airflow/.local/lib/python3.10/site-packages/airflow/example_dags/tutorial_dag.py
[2024-03-16T05:18:27.113+0000] {logging_mixin.py:154} INFO - [2024-03-16T05:18:27.113+0000] {dag.py:2941} INFO - Sync 1 DAGs
[2024-03-16T05:18:27.121+0000] {logging_mixin.py:154} INFO - [2024-03-16T05:18:27.120+0000] {dag.py:3722} INFO - Setting next_dagrun for tutorial_dag to None, run_after=None
[2024-03-16T05:18:27.129+0000] {processor.py:179} INFO - Processing /home/airflow/.local/lib/python3.10/site-packages/airflow/example_dags/tutorial_dag.py took 0.036 seconds
[2024-03-16T05:18:57.749+0000] {processor.py:157} INFO - Started process (PID=705) to work on /home/airflow/.local/lib/python3.10/site-packages/airflow/example_dags/tutorial_dag.py
[2024-03-16T05:18:57.749+0000] {processor.py:829} INFO - Processing file /home/airflow/.local/lib/python3.10/site-packages/airflow/example_dags/tutorial_dag.py for tasks to queue
[2024-03-16T05:18:57.750+0000] {logging_mixin.py:154} INFO - [2024-03-16T05:18:57.750+0000] {dagbag.py:536} INFO - Filling up the DagBag from /home/airflow/.local/lib/python3.10/site-packages/airflow/example_dags/tutorial_dag.py
[2024-03-16T05:18:57.753+0000] {processor.py:839} INFO - DAG(s) dict_keys(['tutorial_dag']) retrieved from /home/airflow/.local/lib/python3.10/site-packages/airflow/example_dags/tutorial_dag.py
[2024-03-16T05:18:57.764+0000] {logging_mixin.py:154} INFO - [2024-03-16T05:18:57.764+0000] {dag.py:2941} INFO - Sync 1 DAGs
[2024-03-16T05:18:57.772+0000] {logging_mixin.py:154} INFO - [2024-03-16T05:18:57.771+0000] {dag.py:3722} INFO - Setting next_dagrun for tutorial_dag to None, run_after=None
[2024-03-16T05:18:57.780+0000] {processor.py:179} INFO - Processing /home/airflow/.local/lib/python3.10/site-packages/airflow/example_dags/tutorial_dag.py took 0.033 seconds
[2024-03-16T05:19:28.430+0000] {processor.py:157} INFO - Started process (PID=759) to work on /home/airflow/.local/lib/python3.10/site-packages/airflow/example_dags/tutorial_dag.py
[2024-03-16T05:19:28.431+0000] {processor.py:829} INFO - Processing file /home/airflow/.local/lib/python3.10/site-packages/airflow/example_dags/tutorial_dag.py for tasks to queue
[2024-03-16T05:19:28.432+0000] {logging_mixin.py:154} INFO - [2024-03-16T05:19:28.432+0000] {dagbag.py:536} INFO - Filling up the DagBag from /home/airflow/.local/lib/python3.10/site-packages/airflow/example_dags/tutorial_dag.py
[2024-03-16T05:19:28.435+0000] {processor.py:839} INFO - DAG(s) dict_keys(['tutorial_dag']) retrieved from /home/airflow/.local/lib/python3.10/site-packages/airflow/example_dags/tutorial_dag.py
[2024-03-16T05:19:28.447+0000] {logging_mixin.py:154} INFO - [2024-03-16T05:19:28.447+0000] {dag.py:2941} INFO - Sync 1 DAGs
[2024-03-16T05:19:28.454+0000] {logging_mixin.py:154} INFO - [2024-03-16T05:19:28.454+0000] {dag.py:3722} INFO - Setting next_dagrun for tutorial_dag to None, run_after=None
[2024-03-16T05:19:28.463+0000] {processor.py:179} INFO - Processing /home/airflow/.local/lib/python3.10/site-packages/airflow/example_dags/tutorial_dag.py took 0.035 seconds
[2024-03-16T05:19:59.157+0000] {processor.py:157} INFO - Started process (PID=813) to work on /home/airflow/.local/lib/python3.10/site-packages/airflow/example_dags/tutorial_dag.py
[2024-03-16T05:19:59.157+0000] {processor.py:829} INFO - Processing file /home/airflow/.local/lib/python3.10/site-packages/airflow/example_dags/tutorial_dag.py for tasks to queue
[2024-03-16T05:19:59.158+0000] {logging_mixin.py:154} INFO - [2024-03-16T05:19:59.158+0000] {dagbag.py:536} INFO - Filling up the DagBag from /home/airflow/.local/lib/python3.10/site-packages/airflow/example_dags/tutorial_dag.py
[2024-03-16T05:19:59.161+0000] {processor.py:839} INFO - DAG(s) dict_keys(['tutorial_dag']) retrieved from /home/airflow/.local/lib/python3.10/site-packages/airflow/example_dags/tutorial_dag.py
[2024-03-16T05:19:59.174+0000] {logging_mixin.py:154} INFO - [2024-03-16T05:19:59.174+0000] {dag.py:2941} INFO - Sync 1 DAGs
[2024-03-16T05:19:59.180+0000] {logging_mixin.py:154} INFO - [2024-03-16T05:19:59.180+0000] {dag.py:3722} INFO - Setting next_dagrun for tutorial_dag to None, run_after=None
[2024-03-16T05:19:59.189+0000] {processor.py:179} INFO - Processing /home/airflow/.local/lib/python3.10/site-packages/airflow/example_dags/tutorial_dag.py took 0.034 seconds
[2024-03-16T05:20:29.869+0000] {processor.py:157} INFO - Started process (PID=867) to work on /home/airflow/.local/lib/python3.10/site-packages/airflow/example_dags/tutorial_dag.py
[2024-03-16T05:20:29.870+0000] {processor.py:829} INFO - Processing file /home/airflow/.local/lib/python3.10/site-packages/airflow/example_dags/tutorial_dag.py for tasks to queue
[2024-03-16T05:20:29.871+0000] {logging_mixin.py:154} INFO - [2024-03-16T05:20:29.871+0000] {dagbag.py:536} INFO - Filling up the DagBag from /home/airflow/.local/lib/python3.10/site-packages/airflow/example_dags/tutorial_dag.py
[2024-03-16T05:20:29.874+0000] {processor.py:839} INFO - DAG(s) dict_keys(['tutorial_dag']) retrieved from /home/airflow/.local/lib/python3.10/site-packages/airflow/example_dags/tutorial_dag.py
[2024-03-16T05:20:29.887+0000] {logging_mixin.py:154} INFO - [2024-03-16T05:20:29.887+0000] {dag.py:2941} INFO - Sync 1 DAGs
[2024-03-16T05:20:29.895+0000] {logging_mixin.py:154} INFO - [2024-03-16T05:20:29.895+0000] {dag.py:3722} INFO - Setting next_dagrun for tutorial_dag to None, run_after=None
[2024-03-16T05:20:29.904+0000] {processor.py:179} INFO - Processing /home/airflow/.local/lib/python3.10/site-packages/airflow/example_dags/tutorial_dag.py took 0.037 seconds
[2024-03-16T05:21:00.556+0000] {processor.py:157} INFO - Started process (PID=921) to work on /home/airflow/.local/lib/python3.10/site-packages/airflow/example_dags/tutorial_dag.py
[2024-03-16T05:21:00.557+0000] {processor.py:829} INFO - Processing file /home/airflow/.local/lib/python3.10/site-packages/airflow/example_dags/tutorial_dag.py for tasks to queue
[2024-03-16T05:21:00.558+0000] {logging_mixin.py:154} INFO - [2024-03-16T05:21:00.558+0000] {dagbag.py:536} INFO - Filling up the DagBag from /home/airflow/.local/lib/python3.10/site-packages/airflow/example_dags/tutorial_dag.py
[2024-03-16T05:21:00.561+0000] {processor.py:839} INFO - DAG(s) dict_keys(['tutorial_dag']) retrieved from /home/airflow/.local/lib/python3.10/site-packages/airflow/example_dags/tutorial_dag.py
[2024-03-16T05:21:00.572+0000] {logging_mixin.py:154} INFO - [2024-03-16T05:21:00.572+0000] {dag.py:2941} INFO - Sync 1 DAGs
[2024-03-16T05:21:00.579+0000] {logging_mixin.py:154} INFO - [2024-03-16T05:21:00.579+0000] {dag.py:3722} INFO - Setting next_dagrun for tutorial_dag to None, run_after=None
[2024-03-16T05:21:00.588+0000] {processor.py:179} INFO - Processing /home/airflow/.local/lib/python3.10/site-packages/airflow/example_dags/tutorial_dag.py took 0.034 seconds
[2024-03-16T05:21:31.164+0000] {processor.py:157} INFO - Started process (PID=975) to work on /home/airflow/.local/lib/python3.10/site-packages/airflow/example_dags/tutorial_dag.py
[2024-03-16T05:21:31.165+0000] {processor.py:829} INFO - Processing file /home/airflow/.local/lib/python3.10/site-packages/airflow/example_dags/tutorial_dag.py for tasks to queue
[2024-03-16T05:21:31.166+0000] {logging_mixin.py:154} INFO - [2024-03-16T05:21:31.165+0000] {dagbag.py:536} INFO - Filling up the DagBag from /home/airflow/.local/lib/python3.10/site-packages/airflow/example_dags/tutorial_dag.py
[2024-03-16T05:21:31.169+0000] {processor.py:839} INFO - DAG(s) dict_keys(['tutorial_dag']) retrieved from /home/airflow/.local/lib/python3.10/site-packages/airflow/example_dags/tutorial_dag.py
[2024-03-16T05:21:31.180+0000] {logging_mixin.py:154} INFO - [2024-03-16T05:21:31.180+0000] {dag.py:2941} INFO - Sync 1 DAGs
[2024-03-16T05:21:31.187+0000] {logging_mixin.py:154} INFO - [2024-03-16T05:21:31.187+0000] {dag.py:3722} INFO - Setting next_dagrun for tutorial_dag to None, run_after=None
[2024-03-16T05:21:31.196+0000] {processor.py:179} INFO - Processing /home/airflow/.local/lib/python3.10/site-packages/airflow/example_dags/tutorial_dag.py took 0.034 seconds
[2024-03-16T05:22:01.901+0000] {processor.py:157} INFO - Started process (PID=1029) to work on /home/airflow/.local/lib/python3.10/site-packages/airflow/example_dags/tutorial_dag.py
[2024-03-16T05:22:01.902+0000] {processor.py:829} INFO - Processing file /home/airflow/.local/lib/python3.10/site-packages/airflow/example_dags/tutorial_dag.py for tasks to queue
[2024-03-16T05:22:01.903+0000] {logging_mixin.py:154} INFO - [2024-03-16T05:22:01.903+0000] {dagbag.py:536} INFO - Filling up the DagBag from /home/airflow/.local/lib/python3.10/site-packages/airflow/example_dags/tutorial_dag.py
[2024-03-16T05:22:01.907+0000] {processor.py:839} INFO - DAG(s) dict_keys(['tutorial_dag']) retrieved from /home/airflow/.local/lib/python3.10/site-packages/airflow/example_dags/tutorial_dag.py
[2024-03-16T05:22:01.920+0000] {logging_mixin.py:154} INFO - [2024-03-16T05:22:01.920+0000] {dag.py:2941} INFO - Sync 1 DAGs
[2024-03-16T05:22:01.927+0000] {logging_mixin.py:154} INFO - [2024-03-16T05:22:01.927+0000] {dag.py:3722} INFO - Setting next_dagrun for tutorial_dag to None, run_after=None
[2024-03-16T05:22:01.936+0000] {processor.py:179} INFO - Processing /home/airflow/.local/lib/python3.10/site-packages/airflow/example_dags/tutorial_dag.py took 0.037 seconds
[2024-03-16T05:22:32.556+0000] {processor.py:157} INFO - Started process (PID=1083) to work on /home/airflow/.local/lib/python3.10/site-packages/airflow/example_dags/tutorial_dag.py
[2024-03-16T05:22:32.557+0000] {processor.py:829} INFO - Processing file /home/airflow/.local/lib/python3.10/site-packages/airflow/example_dags/tutorial_dag.py for tasks to queue
[2024-03-16T05:22:32.558+0000] {logging_mixin.py:154} INFO - [2024-03-16T05:22:32.558+0000] {dagbag.py:536} INFO - Filling up the DagBag from /home/airflow/.local/lib/python3.10/site-packages/airflow/example_dags/tutorial_dag.py
[2024-03-16T05:22:32.561+0000] {processor.py:839} INFO - DAG(s) dict_keys(['tutorial_dag']) retrieved from /home/airflow/.local/lib/python3.10/site-packages/airflow/example_dags/tutorial_dag.py
[2024-03-16T05:22:32.573+0000] {logging_mixin.py:154} INFO - [2024-03-16T05:22:32.573+0000] {dag.py:2941} INFO - Sync 1 DAGs
[2024-03-16T05:22:32.579+0000] {logging_mixin.py:154} INFO - [2024-03-16T05:22:32.579+0000] {dag.py:3722} INFO - Setting next_dagrun for tutorial_dag to None, run_after=None
[2024-03-16T05:22:32.588+0000] {processor.py:179} INFO - Processing /home/airflow/.local/lib/python3.10/site-packages/airflow/example_dags/tutorial_dag.py took 0.034 seconds
[2024-03-16T05:23:03.304+0000] {processor.py:157} INFO - Started process (PID=1137) to work on /home/airflow/.local/lib/python3.10/site-packages/airflow/example_dags/tutorial_dag.py
[2024-03-16T05:23:03.304+0000] {processor.py:829} INFO - Processing file /home/airflow/.local/lib/python3.10/site-packages/airflow/example_dags/tutorial_dag.py for tasks to queue
[2024-03-16T05:23:03.306+0000] {logging_mixin.py:154} INFO - [2024-03-16T05:23:03.306+0000] {dagbag.py:536} INFO - Filling up the DagBag from /home/airflow/.local/lib/python3.10/site-packages/airflow/example_dags/tutorial_dag.py
[2024-03-16T05:23:03.309+0000] {processor.py:839} INFO - DAG(s) dict_keys(['tutorial_dag']) retrieved from /home/airflow/.local/lib/python3.10/site-packages/airflow/example_dags/tutorial_dag.py
[2024-03-16T05:23:03.321+0000] {logging_mixin.py:154} INFO - [2024-03-16T05:23:03.321+0000] {dag.py:2941} INFO - Sync 1 DAGs
[2024-03-16T05:23:03.328+0000] {logging_mixin.py:154} INFO - [2024-03-16T05:23:03.328+0000] {dag.py:3722} INFO - Setting next_dagrun for tutorial_dag to None, run_after=None
[2024-03-16T05:23:03.336+0000] {processor.py:179} INFO - Processing /home/airflow/.local/lib/python3.10/site-packages/airflow/example_dags/tutorial_dag.py took 0.034 seconds
[2024-03-16T05:23:34.035+0000] {processor.py:157} INFO - Started process (PID=1191) to work on /home/airflow/.local/lib/python3.10/site-packages/airflow/example_dags/tutorial_dag.py
[2024-03-16T05:23:34.036+0000] {processor.py:829} INFO - Processing file /home/airflow/.local/lib/python3.10/site-packages/airflow/example_dags/tutorial_dag.py for tasks to queue
[2024-03-16T05:23:34.037+0000] {logging_mixin.py:154} INFO - [2024-03-16T05:23:34.037+0000] {dagbag.py:536} INFO - Filling up the DagBag from /home/airflow/.local/lib/python3.10/site-packages/airflow/example_dags/tutorial_dag.py
[2024-03-16T05:23:34.040+0000] {processor.py:839} INFO - DAG(s) dict_keys(['tutorial_dag']) retrieved from /home/airflow/.local/lib/python3.10/site-packages/airflow/example_dags/tutorial_dag.py
[2024-03-16T05:23:34.053+0000] {logging_mixin.py:154} INFO - [2024-03-16T05:23:34.052+0000] {dag.py:2941} INFO - Sync 1 DAGs
[2024-03-16T05:23:34.060+0000] {logging_mixin.py:154} INFO - [2024-03-16T05:23:34.060+0000] {dag.py:3722} INFO - Setting next_dagrun for tutorial_dag to None, run_after=None
[2024-03-16T05:23:34.070+0000] {processor.py:179} INFO - Processing /home/airflow/.local/lib/python3.10/site-packages/airflow/example_dags/tutorial_dag.py took 0.037 seconds
[2024-03-16T05:24:04.736+0000] {processor.py:157} INFO - Started process (PID=1245) to work on /home/airflow/.local/lib/python3.10/site-packages/airflow/example_dags/tutorial_dag.py
[2024-03-16T05:24:04.736+0000] {processor.py:829} INFO - Processing file /home/airflow/.local/lib/python3.10/site-packages/airflow/example_dags/tutorial_dag.py for tasks to queue
[2024-03-16T05:24:04.737+0000] {logging_mixin.py:154} INFO - [2024-03-16T05:24:04.737+0000] {dagbag.py:536} INFO - Filling up the DagBag from /home/airflow/.local/lib/python3.10/site-packages/airflow/example_dags/tutorial_dag.py
[2024-03-16T05:24:04.741+0000] {processor.py:839} INFO - DAG(s) dict_keys(['tutorial_dag']) retrieved from /home/airflow/.local/lib/python3.10/site-packages/airflow/example_dags/tutorial_dag.py
[2024-03-16T05:24:04.752+0000] {logging_mixin.py:154} INFO - [2024-03-16T05:24:04.752+0000] {dag.py:2941} INFO - Sync 1 DAGs
[2024-03-16T05:24:04.759+0000] {logging_mixin.py:154} INFO - [2024-03-16T05:24:04.759+0000] {dag.py:3722} INFO - Setting next_dagrun for tutorial_dag to None, run_after=None
[2024-03-16T05:24:04.767+0000] {processor.py:179} INFO - Processing /home/airflow/.local/lib/python3.10/site-packages/airflow/example_dags/tutorial_dag.py took 0.034 seconds
[2024-03-16T05:24:35.444+0000] {processor.py:157} INFO - Started process (PID=1299) to work on /home/airflow/.local/lib/python3.10/site-packages/airflow/example_dags/tutorial_dag.py
[2024-03-16T05:24:35.444+0000] {processor.py:829} INFO - Processing file /home/airflow/.local/lib/python3.10/site-packages/airflow/example_dags/tutorial_dag.py for tasks to queue
[2024-03-16T05:24:35.445+0000] {logging_mixin.py:154} INFO - [2024-03-16T05:24:35.445+0000] {dagbag.py:536} INFO - Filling up the DagBag from /home/airflow/.local/lib/python3.10/site-packages/airflow/example_dags/tutorial_dag.py
[2024-03-16T05:24:35.448+0000] {processor.py:839} INFO - DAG(s) dict_keys(['tutorial_dag']) retrieved from /home/airflow/.local/lib/python3.10/site-packages/airflow/example_dags/tutorial_dag.py
[2024-03-16T05:24:35.460+0000] {logging_mixin.py:154} INFO - [2024-03-16T05:24:35.460+0000] {dag.py:2941} INFO - Sync 1 DAGs
[2024-03-16T05:24:35.467+0000] {logging_mixin.py:154} INFO - [2024-03-16T05:24:35.467+0000] {dag.py:3722} INFO - Setting next_dagrun for tutorial_dag to None, run_after=None
[2024-03-16T05:24:35.476+0000] {processor.py:179} INFO - Processing /home/airflow/.local/lib/python3.10/site-packages/airflow/example_dags/tutorial_dag.py took 0.034 seconds
[2024-03-16T05:25:06.014+0000] {processor.py:157} INFO - Started process (PID=1353) to work on /home/airflow/.local/lib/python3.10/site-packages/airflow/example_dags/tutorial_dag.py
[2024-03-16T05:25:06.014+0000] {processor.py:829} INFO - Processing file /home/airflow/.local/lib/python3.10/site-packages/airflow/example_dags/tutorial_dag.py for tasks to queue
[2024-03-16T05:25:06.015+0000] {logging_mixin.py:154} INFO - [2024-03-16T05:25:06.015+0000] {dagbag.py:536} INFO - Filling up the DagBag from /home/airflow/.local/lib/python3.10/site-packages/airflow/example_dags/tutorial_dag.py
[2024-03-16T05:25:06.018+0000] {processor.py:839} INFO - DAG(s) dict_keys(['tutorial_dag']) retrieved from /home/airflow/.local/lib/python3.10/site-packages/airflow/example_dags/tutorial_dag.py
[2024-03-16T05:25:06.030+0000] {logging_mixin.py:154} INFO - [2024-03-16T05:25:06.029+0000] {dag.py:2941} INFO - Sync 1 DAGs
[2024-03-16T05:25:06.036+0000] {logging_mixin.py:154} INFO - [2024-03-16T05:25:06.036+0000] {dag.py:3722} INFO - Setting next_dagrun for tutorial_dag to None, run_after=None
[2024-03-16T05:25:06.045+0000] {processor.py:179} INFO - Processing /home/airflow/.local/lib/python3.10/site-packages/airflow/example_dags/tutorial_dag.py took 0.034 seconds
[2024-03-16T05:25:36.692+0000] {processor.py:157} INFO - Started process (PID=1407) to work on /home/airflow/.local/lib/python3.10/site-packages/airflow/example_dags/tutorial_dag.py
[2024-03-16T05:25:36.692+0000] {processor.py:829} INFO - Processing file /home/airflow/.local/lib/python3.10/site-packages/airflow/example_dags/tutorial_dag.py for tasks to queue
[2024-03-16T05:25:36.693+0000] {logging_mixin.py:154} INFO - [2024-03-16T05:25:36.693+0000] {dagbag.py:536} INFO - Filling up the DagBag from /home/airflow/.local/lib/python3.10/site-packages/airflow/example_dags/tutorial_dag.py
[2024-03-16T05:25:36.697+0000] {processor.py:839} INFO - DAG(s) dict_keys(['tutorial_dag']) retrieved from /home/airflow/.local/lib/python3.10/site-packages/airflow/example_dags/tutorial_dag.py
[2024-03-16T05:25:36.708+0000] {logging_mixin.py:154} INFO - [2024-03-16T05:25:36.708+0000] {dag.py:2941} INFO - Sync 1 DAGs
[2024-03-16T05:25:36.715+0000] {logging_mixin.py:154} INFO - [2024-03-16T05:25:36.715+0000] {dag.py:3722} INFO - Setting next_dagrun for tutorial_dag to None, run_after=None
[2024-03-16T05:25:36.724+0000] {processor.py:179} INFO - Processing /home/airflow/.local/lib/python3.10/site-packages/airflow/example_dags/tutorial_dag.py took 0.034 seconds
[2024-03-16T05:26:07.298+0000] {processor.py:157} INFO - Started process (PID=1461) to work on /home/airflow/.local/lib/python3.10/site-packages/airflow/example_dags/tutorial_dag.py
[2024-03-16T05:26:07.298+0000] {processor.py:829} INFO - Processing file /home/airflow/.local/lib/python3.10/site-packages/airflow/example_dags/tutorial_dag.py for tasks to queue
[2024-03-16T05:26:07.299+0000] {logging_mixin.py:154} INFO - [2024-03-16T05:26:07.299+0000] {dagbag.py:536} INFO - Filling up the DagBag from /home/airflow/.local/lib/python3.10/site-packages/airflow/example_dags/tutorial_dag.py
[2024-03-16T05:26:07.303+0000] {processor.py:839} INFO - DAG(s) dict_keys(['tutorial_dag']) retrieved from /home/airflow/.local/lib/python3.10/site-packages/airflow/example_dags/tutorial_dag.py
[2024-03-16T05:26:07.315+0000] {logging_mixin.py:154} INFO - [2024-03-16T05:26:07.315+0000] {dag.py:2941} INFO - Sync 1 DAGs
[2024-03-16T05:26:07.322+0000] {logging_mixin.py:154} INFO - [2024-03-16T05:26:07.322+0000] {dag.py:3722} INFO - Setting next_dagrun for tutorial_dag to None, run_after=None
[2024-03-16T05:26:07.330+0000] {processor.py:179} INFO - Processing /home/airflow/.local/lib/python3.10/site-packages/airflow/example_dags/tutorial_dag.py took 0.035 seconds
[2024-03-16T05:26:38.042+0000] {processor.py:157} INFO - Started process (PID=1515) to work on /home/airflow/.local/lib/python3.10/site-packages/airflow/example_dags/tutorial_dag.py
[2024-03-16T05:26:38.043+0000] {processor.py:829} INFO - Processing file /home/airflow/.local/lib/python3.10/site-packages/airflow/example_dags/tutorial_dag.py for tasks to queue
[2024-03-16T05:26:38.044+0000] {logging_mixin.py:154} INFO - [2024-03-16T05:26:38.044+0000] {dagbag.py:536} INFO - Filling up the DagBag from /home/airflow/.local/lib/python3.10/site-packages/airflow/example_dags/tutorial_dag.py
[2024-03-16T05:26:38.047+0000] {processor.py:839} INFO - DAG(s) dict_keys(['tutorial_dag']) retrieved from /home/airflow/.local/lib/python3.10/site-packages/airflow/example_dags/tutorial_dag.py
[2024-03-16T05:26:38.058+0000] {logging_mixin.py:154} INFO - [2024-03-16T05:26:38.058+0000] {dag.py:2941} INFO - Sync 1 DAGs
[2024-03-16T05:26:38.065+0000] {logging_mixin.py:154} INFO - [2024-03-16T05:26:38.065+0000] {dag.py:3722} INFO - Setting next_dagrun for tutorial_dag to None, run_after=None
[2024-03-16T05:26:38.073+0000] {processor.py:179} INFO - Processing /home/airflow/.local/lib/python3.10/site-packages/airflow/example_dags/tutorial_dag.py took 0.033 seconds
[2024-03-16T05:27:08.686+0000] {processor.py:157} INFO - Started process (PID=1569) to work on /home/airflow/.local/lib/python3.10/site-packages/airflow/example_dags/tutorial_dag.py
[2024-03-16T05:27:08.687+0000] {processor.py:829} INFO - Processing file /home/airflow/.local/lib/python3.10/site-packages/airflow/example_dags/tutorial_dag.py for tasks to queue
[2024-03-16T05:27:08.688+0000] {logging_mixin.py:154} INFO - [2024-03-16T05:27:08.687+0000] {dagbag.py:536} INFO - Filling up the DagBag from /home/airflow/.local/lib/python3.10/site-packages/airflow/example_dags/tutorial_dag.py
[2024-03-16T05:27:08.691+0000] {processor.py:839} INFO - DAG(s) dict_keys(['tutorial_dag']) retrieved from /home/airflow/.local/lib/python3.10/site-packages/airflow/example_dags/tutorial_dag.py
[2024-03-16T05:27:08.702+0000] {logging_mixin.py:154} INFO - [2024-03-16T05:27:08.702+0000] {dag.py:2941} INFO - Sync 1 DAGs
[2024-03-16T05:27:08.709+0000] {logging_mixin.py:154} INFO - [2024-03-16T05:27:08.709+0000] {dag.py:3722} INFO - Setting next_dagrun for tutorial_dag to None, run_after=None
[2024-03-16T05:27:08.718+0000] {processor.py:179} INFO - Processing /home/airflow/.local/lib/python3.10/site-packages/airflow/example_dags/tutorial_dag.py took 0.034 seconds
[2024-03-16T05:27:39.284+0000] {processor.py:157} INFO - Started process (PID=1623) to work on /home/airflow/.local/lib/python3.10/site-packages/airflow/example_dags/tutorial_dag.py
[2024-03-16T05:27:39.285+0000] {processor.py:829} INFO - Processing file /home/airflow/.local/lib/python3.10/site-packages/airflow/example_dags/tutorial_dag.py for tasks to queue
[2024-03-16T05:27:39.286+0000] {logging_mixin.py:154} INFO - [2024-03-16T05:27:39.286+0000] {dagbag.py:536} INFO - Filling up the DagBag from /home/airflow/.local/lib/python3.10/site-packages/airflow/example_dags/tutorial_dag.py
[2024-03-16T05:27:39.289+0000] {processor.py:839} INFO - DAG(s) dict_keys(['tutorial_dag']) retrieved from /home/airflow/.local/lib/python3.10/site-packages/airflow/example_dags/tutorial_dag.py
[2024-03-16T05:27:39.301+0000] {logging_mixin.py:154} INFO - [2024-03-16T05:27:39.301+0000] {dag.py:2941} INFO - Sync 1 DAGs
[2024-03-16T05:27:39.308+0000] {logging_mixin.py:154} INFO - [2024-03-16T05:27:39.308+0000] {dag.py:3722} INFO - Setting next_dagrun for tutorial_dag to None, run_after=None
[2024-03-16T05:27:39.316+0000] {processor.py:179} INFO - Processing /home/airflow/.local/lib/python3.10/site-packages/airflow/example_dags/tutorial_dag.py took 0.034 seconds
[2024-03-16T05:28:09.917+0000] {processor.py:157} INFO - Started process (PID=1677) to work on /home/airflow/.local/lib/python3.10/site-packages/airflow/example_dags/tutorial_dag.py
[2024-03-16T05:28:09.917+0000] {processor.py:829} INFO - Processing file /home/airflow/.local/lib/python3.10/site-packages/airflow/example_dags/tutorial_dag.py for tasks to queue
[2024-03-16T05:28:09.918+0000] {logging_mixin.py:154} INFO - [2024-03-16T05:28:09.918+0000] {dagbag.py:536} INFO - Filling up the DagBag from /home/airflow/.local/lib/python3.10/site-packages/airflow/example_dags/tutorial_dag.py
[2024-03-16T05:28:09.922+0000] {processor.py:839} INFO - DAG(s) dict_keys(['tutorial_dag']) retrieved from /home/airflow/.local/lib/python3.10/site-packages/airflow/example_dags/tutorial_dag.py
[2024-03-16T05:28:09.933+0000] {logging_mixin.py:154} INFO - [2024-03-16T05:28:09.933+0000] {dag.py:2941} INFO - Sync 1 DAGs
[2024-03-16T05:28:09.940+0000] {logging_mixin.py:154} INFO - [2024-03-16T05:28:09.940+0000] {dag.py:3722} INFO - Setting next_dagrun for tutorial_dag to None, run_after=None
[2024-03-16T05:28:09.949+0000] {processor.py:179} INFO - Processing /home/airflow/.local/lib/python3.10/site-packages/airflow/example_dags/tutorial_dag.py took 0.034 seconds
[2024-03-16T05:28:40.564+0000] {processor.py:157} INFO - Started process (PID=1731) to work on /home/airflow/.local/lib/python3.10/site-packages/airflow/example_dags/tutorial_dag.py
[2024-03-16T05:28:40.565+0000] {processor.py:829} INFO - Processing file /home/airflow/.local/lib/python3.10/site-packages/airflow/example_dags/tutorial_dag.py for tasks to queue
[2024-03-16T05:28:40.566+0000] {logging_mixin.py:154} INFO - [2024-03-16T05:28:40.566+0000] {dagbag.py:536} INFO - Filling up the DagBag from /home/airflow/.local/lib/python3.10/site-packages/airflow/example_dags/tutorial_dag.py
[2024-03-16T05:28:40.569+0000] {processor.py:839} INFO - DAG(s) dict_keys(['tutorial_dag']) retrieved from /home/airflow/.local/lib/python3.10/site-packages/airflow/example_dags/tutorial_dag.py
[2024-03-16T05:28:40.581+0000] {logging_mixin.py:154} INFO - [2024-03-16T05:28:40.581+0000] {dag.py:2941} INFO - Sync 1 DAGs
[2024-03-16T05:28:40.588+0000] {logging_mixin.py:154} INFO - [2024-03-16T05:28:40.588+0000] {dag.py:3722} INFO - Setting next_dagrun for tutorial_dag to None, run_after=None
[2024-03-16T05:28:40.596+0000] {processor.py:179} INFO - Processing /home/airflow/.local/lib/python3.10/site-packages/airflow/example_dags/tutorial_dag.py took 0.034 seconds
[2024-03-16T05:29:11.332+0000] {processor.py:157} INFO - Started process (PID=1785) to work on /home/airflow/.local/lib/python3.10/site-packages/airflow/example_dags/tutorial_dag.py
[2024-03-16T05:29:11.332+0000] {processor.py:829} INFO - Processing file /home/airflow/.local/lib/python3.10/site-packages/airflow/example_dags/tutorial_dag.py for tasks to queue
[2024-03-16T05:29:11.333+0000] {logging_mixin.py:154} INFO - [2024-03-16T05:29:11.333+0000] {dagbag.py:536} INFO - Filling up the DagBag from /home/airflow/.local/lib/python3.10/site-packages/airflow/example_dags/tutorial_dag.py
[2024-03-16T05:29:11.336+0000] {processor.py:839} INFO - DAG(s) dict_keys(['tutorial_dag']) retrieved from /home/airflow/.local/lib/python3.10/site-packages/airflow/example_dags/tutorial_dag.py
[2024-03-16T05:29:11.349+0000] {logging_mixin.py:154} INFO - [2024-03-16T05:29:11.349+0000] {dag.py:2941} INFO - Sync 1 DAGs
[2024-03-16T05:29:11.356+0000] {logging_mixin.py:154} INFO - [2024-03-16T05:29:11.356+0000] {dag.py:3722} INFO - Setting next_dagrun for tutorial_dag to None, run_after=None
[2024-03-16T05:29:11.364+0000] {processor.py:179} INFO - Processing /home/airflow/.local/lib/python3.10/site-packages/airflow/example_dags/tutorial_dag.py took 0.035 seconds
[2024-03-16T05:29:41.946+0000] {processor.py:157} INFO - Started process (PID=1839) to work on /home/airflow/.local/lib/python3.10/site-packages/airflow/example_dags/tutorial_dag.py
[2024-03-16T05:29:41.946+0000] {processor.py:829} INFO - Processing file /home/airflow/.local/lib/python3.10/site-packages/airflow/example_dags/tutorial_dag.py for tasks to queue
[2024-03-16T05:29:41.948+0000] {logging_mixin.py:154} INFO - [2024-03-16T05:29:41.947+0000] {dagbag.py:536} INFO - Filling up the DagBag from /home/airflow/.local/lib/python3.10/site-packages/airflow/example_dags/tutorial_dag.py
[2024-03-16T05:29:41.951+0000] {processor.py:839} INFO - DAG(s) dict_keys(['tutorial_dag']) retrieved from /home/airflow/.local/lib/python3.10/site-packages/airflow/example_dags/tutorial_dag.py
[2024-03-16T05:29:41.963+0000] {logging_mixin.py:154} INFO - [2024-03-16T05:29:41.963+0000] {dag.py:2941} INFO - Sync 1 DAGs
[2024-03-16T05:29:41.970+0000] {logging_mixin.py:154} INFO - [2024-03-16T05:29:41.970+0000] {dag.py:3722} INFO - Setting next_dagrun for tutorial_dag to None, run_after=None
[2024-03-16T05:29:41.979+0000] {processor.py:179} INFO - Processing /home/airflow/.local/lib/python3.10/site-packages/airflow/example_dags/tutorial_dag.py took 0.035 seconds
[2024-03-16T05:30:12.691+0000] {processor.py:157} INFO - Started process (PID=1893) to work on /home/airflow/.local/lib/python3.10/site-packages/airflow/example_dags/tutorial_dag.py
[2024-03-16T05:30:12.691+0000] {processor.py:829} INFO - Processing file /home/airflow/.local/lib/python3.10/site-packages/airflow/example_dags/tutorial_dag.py for tasks to queue
[2024-03-16T05:30:12.692+0000] {logging_mixin.py:154} INFO - [2024-03-16T05:30:12.692+0000] {dagbag.py:536} INFO - Filling up the DagBag from /home/airflow/.local/lib/python3.10/site-packages/airflow/example_dags/tutorial_dag.py
[2024-03-16T05:30:12.696+0000] {processor.py:839} INFO - DAG(s) dict_keys(['tutorial_dag']) retrieved from /home/airflow/.local/lib/python3.10/site-packages/airflow/example_dags/tutorial_dag.py
[2024-03-16T05:30:12.708+0000] {logging_mixin.py:154} INFO - [2024-03-16T05:30:12.707+0000] {dag.py:2941} INFO - Sync 1 DAGs
[2024-03-16T05:30:12.715+0000] {logging_mixin.py:154} INFO - [2024-03-16T05:30:12.715+0000] {dag.py:3722} INFO - Setting next_dagrun for tutorial_dag to None, run_after=None
[2024-03-16T05:30:12.724+0000] {processor.py:179} INFO - Processing /home/airflow/.local/lib/python3.10/site-packages/airflow/example_dags/tutorial_dag.py took 0.036 seconds
[2024-03-16T05:30:43.489+0000] {processor.py:157} INFO - Started process (PID=1947) to work on /home/airflow/.local/lib/python3.10/site-packages/airflow/example_dags/tutorial_dag.py
[2024-03-16T05:30:43.490+0000] {processor.py:829} INFO - Processing file /home/airflow/.local/lib/python3.10/site-packages/airflow/example_dags/tutorial_dag.py for tasks to queue
[2024-03-16T05:30:43.491+0000] {logging_mixin.py:154} INFO - [2024-03-16T05:30:43.491+0000] {dagbag.py:536} INFO - Filling up the DagBag from /home/airflow/.local/lib/python3.10/site-packages/airflow/example_dags/tutorial_dag.py
[2024-03-16T05:30:43.495+0000] {processor.py:839} INFO - DAG(s) dict_keys(['tutorial_dag']) retrieved from /home/airflow/.local/lib/python3.10/site-packages/airflow/example_dags/tutorial_dag.py
[2024-03-16T05:30:43.507+0000] {logging_mixin.py:154} INFO - [2024-03-16T05:30:43.507+0000] {dag.py:2941} INFO - Sync 1 DAGs
[2024-03-16T05:30:43.514+0000] {logging_mixin.py:154} INFO - [2024-03-16T05:30:43.514+0000] {dag.py:3722} INFO - Setting next_dagrun for tutorial_dag to None, run_after=None
[2024-03-16T05:30:43.523+0000] {processor.py:179} INFO - Processing /home/airflow/.local/lib/python3.10/site-packages/airflow/example_dags/tutorial_dag.py took 0.036 seconds
[2024-03-16T05:31:14.282+0000] {processor.py:157} INFO - Started process (PID=2001) to work on /home/airflow/.local/lib/python3.10/site-packages/airflow/example_dags/tutorial_dag.py
[2024-03-16T05:31:14.282+0000] {processor.py:829} INFO - Processing file /home/airflow/.local/lib/python3.10/site-packages/airflow/example_dags/tutorial_dag.py for tasks to queue
[2024-03-16T05:31:14.284+0000] {logging_mixin.py:154} INFO - [2024-03-16T05:31:14.283+0000] {dagbag.py:536} INFO - Filling up the DagBag from /home/airflow/.local/lib/python3.10/site-packages/airflow/example_dags/tutorial_dag.py
[2024-03-16T05:31:14.287+0000] {processor.py:839} INFO - DAG(s) dict_keys(['tutorial_dag']) retrieved from /home/airflow/.local/lib/python3.10/site-packages/airflow/example_dags/tutorial_dag.py
[2024-03-16T05:31:14.299+0000] {logging_mixin.py:154} INFO - [2024-03-16T05:31:14.299+0000] {dag.py:2941} INFO - Sync 1 DAGs
[2024-03-16T05:31:14.306+0000] {logging_mixin.py:154} INFO - [2024-03-16T05:31:14.306+0000] {dag.py:3722} INFO - Setting next_dagrun for tutorial_dag to None, run_after=None
[2024-03-16T05:31:14.314+0000] {processor.py:179} INFO - Processing /home/airflow/.local/lib/python3.10/site-packages/airflow/example_dags/tutorial_dag.py took 0.035 seconds
[2024-03-16T05:31:44.956+0000] {processor.py:157} INFO - Started process (PID=2062) to work on /home/airflow/.local/lib/python3.10/site-packages/airflow/example_dags/tutorial_dag.py
[2024-03-16T05:31:44.957+0000] {processor.py:829} INFO - Processing file /home/airflow/.local/lib/python3.10/site-packages/airflow/example_dags/tutorial_dag.py for tasks to queue
[2024-03-16T05:31:44.958+0000] {logging_mixin.py:154} INFO - [2024-03-16T05:31:44.958+0000] {dagbag.py:536} INFO - Filling up the DagBag from /home/airflow/.local/lib/python3.10/site-packages/airflow/example_dags/tutorial_dag.py
[2024-03-16T05:31:44.961+0000] {processor.py:839} INFO - DAG(s) dict_keys(['tutorial_dag']) retrieved from /home/airflow/.local/lib/python3.10/site-packages/airflow/example_dags/tutorial_dag.py
[2024-03-16T05:31:44.973+0000] {logging_mixin.py:154} INFO - [2024-03-16T05:31:44.972+0000] {dag.py:2941} INFO - Sync 1 DAGs
[2024-03-16T05:31:44.979+0000] {logging_mixin.py:154} INFO - [2024-03-16T05:31:44.979+0000] {dag.py:3722} INFO - Setting next_dagrun for tutorial_dag to None, run_after=None
[2024-03-16T05:31:44.988+0000] {processor.py:179} INFO - Processing /home/airflow/.local/lib/python3.10/site-packages/airflow/example_dags/tutorial_dag.py took 0.034 seconds
[2024-03-16T05:32:15.731+0000] {processor.py:157} INFO - Started process (PID=2116) to work on /home/airflow/.local/lib/python3.10/site-packages/airflow/example_dags/tutorial_dag.py
[2024-03-16T05:32:15.732+0000] {processor.py:829} INFO - Processing file /home/airflow/.local/lib/python3.10/site-packages/airflow/example_dags/tutorial_dag.py for tasks to queue
[2024-03-16T05:32:15.733+0000] {logging_mixin.py:154} INFO - [2024-03-16T05:32:15.733+0000] {dagbag.py:536} INFO - Filling up the DagBag from /home/airflow/.local/lib/python3.10/site-packages/airflow/example_dags/tutorial_dag.py
[2024-03-16T05:32:15.736+0000] {processor.py:839} INFO - DAG(s) dict_keys(['tutorial_dag']) retrieved from /home/airflow/.local/lib/python3.10/site-packages/airflow/example_dags/tutorial_dag.py
[2024-03-16T05:32:15.748+0000] {logging_mixin.py:154} INFO - [2024-03-16T05:32:15.748+0000] {dag.py:2941} INFO - Sync 1 DAGs
[2024-03-16T05:32:15.755+0000] {logging_mixin.py:154} INFO - [2024-03-16T05:32:15.755+0000] {dag.py:3722} INFO - Setting next_dagrun for tutorial_dag to None, run_after=None
[2024-03-16T05:32:15.763+0000] {processor.py:179} INFO - Processing /home/airflow/.local/lib/python3.10/site-packages/airflow/example_dags/tutorial_dag.py took 0.034 seconds
[2024-03-16T05:32:46.513+0000] {processor.py:157} INFO - Started process (PID=2170) to work on /home/airflow/.local/lib/python3.10/site-packages/airflow/example_dags/tutorial_dag.py
[2024-03-16T05:32:46.514+0000] {processor.py:829} INFO - Processing file /home/airflow/.local/lib/python3.10/site-packages/airflow/example_dags/tutorial_dag.py for tasks to queue
[2024-03-16T05:32:46.515+0000] {logging_mixin.py:154} INFO - [2024-03-16T05:32:46.515+0000] {dagbag.py:536} INFO - Filling up the DagBag from /home/airflow/.local/lib/python3.10/site-packages/airflow/example_dags/tutorial_dag.py
[2024-03-16T05:32:46.518+0000] {processor.py:839} INFO - DAG(s) dict_keys(['tutorial_dag']) retrieved from /home/airflow/.local/lib/python3.10/site-packages/airflow/example_dags/tutorial_dag.py
[2024-03-16T05:32:46.530+0000] {logging_mixin.py:154} INFO - [2024-03-16T05:32:46.530+0000] {dag.py:2941} INFO - Sync 1 DAGs
[2024-03-16T05:32:46.538+0000] {logging_mixin.py:154} INFO - [2024-03-16T05:32:46.538+0000] {dag.py:3722} INFO - Setting next_dagrun for tutorial_dag to None, run_after=None
[2024-03-16T05:32:46.547+0000] {processor.py:179} INFO - Processing /home/airflow/.local/lib/python3.10/site-packages/airflow/example_dags/tutorial_dag.py took 0.036 seconds
[2024-03-16T05:33:17.170+0000] {processor.py:157} INFO - Started process (PID=2224) to work on /home/airflow/.local/lib/python3.10/site-packages/airflow/example_dags/tutorial_dag.py
[2024-03-16T05:33:17.170+0000] {processor.py:829} INFO - Processing file /home/airflow/.local/lib/python3.10/site-packages/airflow/example_dags/tutorial_dag.py for tasks to queue
[2024-03-16T05:33:17.171+0000] {logging_mixin.py:154} INFO - [2024-03-16T05:33:17.171+0000] {dagbag.py:536} INFO - Filling up the DagBag from /home/airflow/.local/lib/python3.10/site-packages/airflow/example_dags/tutorial_dag.py
[2024-03-16T05:33:17.175+0000] {processor.py:839} INFO - DAG(s) dict_keys(['tutorial_dag']) retrieved from /home/airflow/.local/lib/python3.10/site-packages/airflow/example_dags/tutorial_dag.py
[2024-03-16T05:33:17.187+0000] {logging_mixin.py:154} INFO - [2024-03-16T05:33:17.187+0000] {dag.py:2941} INFO - Sync 1 DAGs
[2024-03-16T05:33:17.194+0000] {logging_mixin.py:154} INFO - [2024-03-16T05:33:17.194+0000] {dag.py:3722} INFO - Setting next_dagrun for tutorial_dag to None, run_after=None
[2024-03-16T05:33:17.203+0000] {processor.py:179} INFO - Processing /home/airflow/.local/lib/python3.10/site-packages/airflow/example_dags/tutorial_dag.py took 0.035 seconds
[2024-03-16T05:33:47.860+0000] {processor.py:157} INFO - Started process (PID=2278) to work on /home/airflow/.local/lib/python3.10/site-packages/airflow/example_dags/tutorial_dag.py
[2024-03-16T05:33:47.861+0000] {processor.py:829} INFO - Processing file /home/airflow/.local/lib/python3.10/site-packages/airflow/example_dags/tutorial_dag.py for tasks to queue
[2024-03-16T05:33:47.862+0000] {logging_mixin.py:154} INFO - [2024-03-16T05:33:47.862+0000] {dagbag.py:536} INFO - Filling up the DagBag from /home/airflow/.local/lib/python3.10/site-packages/airflow/example_dags/tutorial_dag.py
[2024-03-16T05:33:47.865+0000] {processor.py:839} INFO - DAG(s) dict_keys(['tutorial_dag']) retrieved from /home/airflow/.local/lib/python3.10/site-packages/airflow/example_dags/tutorial_dag.py
[2024-03-16T05:33:47.877+0000] {logging_mixin.py:154} INFO - [2024-03-16T05:33:47.877+0000] {dag.py:2941} INFO - Sync 1 DAGs
[2024-03-16T05:33:47.885+0000] {logging_mixin.py:154} INFO - [2024-03-16T05:33:47.885+0000] {dag.py:3722} INFO - Setting next_dagrun for tutorial_dag to None, run_after=None
[2024-03-16T05:33:47.894+0000] {processor.py:179} INFO - Processing /home/airflow/.local/lib/python3.10/site-packages/airflow/example_dags/tutorial_dag.py took 0.036 seconds
[2024-03-16T05:34:18.668+0000] {processor.py:157} INFO - Started process (PID=2332) to work on /home/airflow/.local/lib/python3.10/site-packages/airflow/example_dags/tutorial_dag.py
[2024-03-16T05:34:18.669+0000] {processor.py:829} INFO - Processing file /home/airflow/.local/lib/python3.10/site-packages/airflow/example_dags/tutorial_dag.py for tasks to queue
[2024-03-16T05:34:18.670+0000] {logging_mixin.py:154} INFO - [2024-03-16T05:34:18.670+0000] {dagbag.py:536} INFO - Filling up the DagBag from /home/airflow/.local/lib/python3.10/site-packages/airflow/example_dags/tutorial_dag.py
[2024-03-16T05:34:18.673+0000] {processor.py:839} INFO - DAG(s) dict_keys(['tutorial_dag']) retrieved from /home/airflow/.local/lib/python3.10/site-packages/airflow/example_dags/tutorial_dag.py
[2024-03-16T05:34:18.685+0000] {logging_mixin.py:154} INFO - [2024-03-16T05:34:18.685+0000] {dag.py:2941} INFO - Sync 1 DAGs
[2024-03-16T05:34:18.692+0000] {logging_mixin.py:154} INFO - [2024-03-16T05:34:18.692+0000] {dag.py:3722} INFO - Setting next_dagrun for tutorial_dag to None, run_after=None
[2024-03-16T05:34:18.701+0000] {processor.py:179} INFO - Processing /home/airflow/.local/lib/python3.10/site-packages/airflow/example_dags/tutorial_dag.py took 0.035 seconds
[2024-03-16T05:34:49.342+0000] {processor.py:157} INFO - Started process (PID=2386) to work on /home/airflow/.local/lib/python3.10/site-packages/airflow/example_dags/tutorial_dag.py
[2024-03-16T05:34:49.343+0000] {processor.py:829} INFO - Processing file /home/airflow/.local/lib/python3.10/site-packages/airflow/example_dags/tutorial_dag.py for tasks to queue
[2024-03-16T05:34:49.344+0000] {logging_mixin.py:154} INFO - [2024-03-16T05:34:49.343+0000] {dagbag.py:536} INFO - Filling up the DagBag from /home/airflow/.local/lib/python3.10/site-packages/airflow/example_dags/tutorial_dag.py
[2024-03-16T05:34:49.347+0000] {processor.py:839} INFO - DAG(s) dict_keys(['tutorial_dag']) retrieved from /home/airflow/.local/lib/python3.10/site-packages/airflow/example_dags/tutorial_dag.py
[2024-03-16T05:34:49.358+0000] {logging_mixin.py:154} INFO - [2024-03-16T05:34:49.358+0000] {dag.py:2941} INFO - Sync 1 DAGs
[2024-03-16T05:34:49.365+0000] {logging_mixin.py:154} INFO - [2024-03-16T05:34:49.365+0000] {dag.py:3722} INFO - Setting next_dagrun for tutorial_dag to None, run_after=None
[2024-03-16T05:34:49.374+0000] {processor.py:179} INFO - Processing /home/airflow/.local/lib/python3.10/site-packages/airflow/example_dags/tutorial_dag.py took 0.034 seconds
[2024-03-16T05:35:20.121+0000] {processor.py:157} INFO - Started process (PID=2440) to work on /home/airflow/.local/lib/python3.10/site-packages/airflow/example_dags/tutorial_dag.py
[2024-03-16T05:35:20.121+0000] {processor.py:829} INFO - Processing file /home/airflow/.local/lib/python3.10/site-packages/airflow/example_dags/tutorial_dag.py for tasks to queue
[2024-03-16T05:35:20.122+0000] {logging_mixin.py:154} INFO - [2024-03-16T05:35:20.122+0000] {dagbag.py:536} INFO - Filling up the DagBag from /home/airflow/.local/lib/python3.10/site-packages/airflow/example_dags/tutorial_dag.py
[2024-03-16T05:35:20.126+0000] {processor.py:839} INFO - DAG(s) dict_keys(['tutorial_dag']) retrieved from /home/airflow/.local/lib/python3.10/site-packages/airflow/example_dags/tutorial_dag.py
[2024-03-16T05:35:20.138+0000] {logging_mixin.py:154} INFO - [2024-03-16T05:35:20.138+0000] {dag.py:2941} INFO - Sync 1 DAGs
[2024-03-16T05:35:20.145+0000] {logging_mixin.py:154} INFO - [2024-03-16T05:35:20.145+0000] {dag.py:3722} INFO - Setting next_dagrun for tutorial_dag to None, run_after=None
[2024-03-16T05:35:20.154+0000] {processor.py:179} INFO - Processing /home/airflow/.local/lib/python3.10/site-packages/airflow/example_dags/tutorial_dag.py took 0.036 seconds
[2024-03-16T05:35:50.601+0000] {processor.py:157} INFO - Started process (PID=2494) to work on /home/airflow/.local/lib/python3.10/site-packages/airflow/example_dags/tutorial_dag.py
[2024-03-16T05:35:50.602+0000] {processor.py:829} INFO - Processing file /home/airflow/.local/lib/python3.10/site-packages/airflow/example_dags/tutorial_dag.py for tasks to queue
[2024-03-16T05:35:50.603+0000] {logging_mixin.py:154} INFO - [2024-03-16T05:35:50.603+0000] {dagbag.py:536} INFO - Filling up the DagBag from /home/airflow/.local/lib/python3.10/site-packages/airflow/example_dags/tutorial_dag.py
[2024-03-16T05:35:50.606+0000] {processor.py:839} INFO - DAG(s) dict_keys(['tutorial_dag']) retrieved from /home/airflow/.local/lib/python3.10/site-packages/airflow/example_dags/tutorial_dag.py
[2024-03-16T05:35:50.620+0000] {logging_mixin.py:154} INFO - [2024-03-16T05:35:50.620+0000] {dag.py:2941} INFO - Sync 1 DAGs
[2024-03-16T05:35:50.628+0000] {logging_mixin.py:154} INFO - [2024-03-16T05:35:50.627+0000] {dag.py:3722} INFO - Setting next_dagrun for tutorial_dag to None, run_after=None
[2024-03-16T05:35:50.637+0000] {processor.py:179} INFO - Processing /home/airflow/.local/lib/python3.10/site-packages/airflow/example_dags/tutorial_dag.py took 0.038 seconds
[2024-03-16T05:36:21.399+0000] {processor.py:157} INFO - Started process (PID=2548) to work on /home/airflow/.local/lib/python3.10/site-packages/airflow/example_dags/tutorial_dag.py
[2024-03-16T05:36:21.399+0000] {processor.py:829} INFO - Processing file /home/airflow/.local/lib/python3.10/site-packages/airflow/example_dags/tutorial_dag.py for tasks to queue
[2024-03-16T05:36:21.400+0000] {logging_mixin.py:154} INFO - [2024-03-16T05:36:21.400+0000] {dagbag.py:536} INFO - Filling up the DagBag from /home/airflow/.local/lib/python3.10/site-packages/airflow/example_dags/tutorial_dag.py
[2024-03-16T05:36:21.403+0000] {processor.py:839} INFO - DAG(s) dict_keys(['tutorial_dag']) retrieved from /home/airflow/.local/lib/python3.10/site-packages/airflow/example_dags/tutorial_dag.py
[2024-03-16T05:36:21.415+0000] {logging_mixin.py:154} INFO - [2024-03-16T05:36:21.415+0000] {dag.py:2941} INFO - Sync 1 DAGs
[2024-03-16T05:36:21.423+0000] {logging_mixin.py:154} INFO - [2024-03-16T05:36:21.422+0000] {dag.py:3722} INFO - Setting next_dagrun for tutorial_dag to None, run_after=None
[2024-03-16T05:36:21.432+0000] {processor.py:179} INFO - Processing /home/airflow/.local/lib/python3.10/site-packages/airflow/example_dags/tutorial_dag.py took 0.036 seconds
[2024-03-16T05:36:52.028+0000] {processor.py:157} INFO - Started process (PID=2602) to work on /home/airflow/.local/lib/python3.10/site-packages/airflow/example_dags/tutorial_dag.py
[2024-03-16T05:36:52.028+0000] {processor.py:829} INFO - Processing file /home/airflow/.local/lib/python3.10/site-packages/airflow/example_dags/tutorial_dag.py for tasks to queue
[2024-03-16T05:36:52.029+0000] {logging_mixin.py:154} INFO - [2024-03-16T05:36:52.029+0000] {dagbag.py:536} INFO - Filling up the DagBag from /home/airflow/.local/lib/python3.10/site-packages/airflow/example_dags/tutorial_dag.py
[2024-03-16T05:36:52.033+0000] {processor.py:839} INFO - DAG(s) dict_keys(['tutorial_dag']) retrieved from /home/airflow/.local/lib/python3.10/site-packages/airflow/example_dags/tutorial_dag.py
[2024-03-16T05:36:52.045+0000] {logging_mixin.py:154} INFO - [2024-03-16T05:36:52.044+0000] {dag.py:2941} INFO - Sync 1 DAGs
[2024-03-16T05:36:52.052+0000] {logging_mixin.py:154} INFO - [2024-03-16T05:36:52.051+0000] {dag.py:3722} INFO - Setting next_dagrun for tutorial_dag to None, run_after=None
[2024-03-16T05:36:52.061+0000] {processor.py:179} INFO - Processing /home/airflow/.local/lib/python3.10/site-packages/airflow/example_dags/tutorial_dag.py took 0.035 seconds
[2024-03-16T05:37:22.728+0000] {processor.py:157} INFO - Started process (PID=2656) to work on /home/airflow/.local/lib/python3.10/site-packages/airflow/example_dags/tutorial_dag.py
[2024-03-16T05:37:22.729+0000] {processor.py:829} INFO - Processing file /home/airflow/.local/lib/python3.10/site-packages/airflow/example_dags/tutorial_dag.py for tasks to queue
[2024-03-16T05:37:22.730+0000] {logging_mixin.py:154} INFO - [2024-03-16T05:37:22.730+0000] {dagbag.py:536} INFO - Filling up the DagBag from /home/airflow/.local/lib/python3.10/site-packages/airflow/example_dags/tutorial_dag.py
[2024-03-16T05:37:22.733+0000] {processor.py:839} INFO - DAG(s) dict_keys(['tutorial_dag']) retrieved from /home/airflow/.local/lib/python3.10/site-packages/airflow/example_dags/tutorial_dag.py
[2024-03-16T05:37:22.745+0000] {logging_mixin.py:154} INFO - [2024-03-16T05:37:22.745+0000] {dag.py:2941} INFO - Sync 1 DAGs
[2024-03-16T05:37:22.752+0000] {logging_mixin.py:154} INFO - [2024-03-16T05:37:22.751+0000] {dag.py:3722} INFO - Setting next_dagrun for tutorial_dag to None, run_after=None
[2024-03-16T05:37:22.760+0000] {processor.py:179} INFO - Processing /home/airflow/.local/lib/python3.10/site-packages/airflow/example_dags/tutorial_dag.py took 0.034 seconds
[2024-03-16T05:37:53.524+0000] {processor.py:157} INFO - Started process (PID=2710) to work on /home/airflow/.local/lib/python3.10/site-packages/airflow/example_dags/tutorial_dag.py
[2024-03-16T05:37:53.525+0000] {processor.py:829} INFO - Processing file /home/airflow/.local/lib/python3.10/site-packages/airflow/example_dags/tutorial_dag.py for tasks to queue
[2024-03-16T05:37:53.526+0000] {logging_mixin.py:154} INFO - [2024-03-16T05:37:53.526+0000] {dagbag.py:536} INFO - Filling up the DagBag from /home/airflow/.local/lib/python3.10/site-packages/airflow/example_dags/tutorial_dag.py
[2024-03-16T05:37:53.529+0000] {processor.py:839} INFO - DAG(s) dict_keys(['tutorial_dag']) retrieved from /home/airflow/.local/lib/python3.10/site-packages/airflow/example_dags/tutorial_dag.py
[2024-03-16T05:37:53.541+0000] {logging_mixin.py:154} INFO - [2024-03-16T05:37:53.541+0000] {dag.py:2941} INFO - Sync 1 DAGs
[2024-03-16T05:37:53.549+0000] {logging_mixin.py:154} INFO - [2024-03-16T05:37:53.548+0000] {dag.py:3722} INFO - Setting next_dagrun for tutorial_dag to None, run_after=None
[2024-03-16T05:37:53.557+0000] {processor.py:179} INFO - Processing /home/airflow/.local/lib/python3.10/site-packages/airflow/example_dags/tutorial_dag.py took 0.035 seconds
[2024-03-16T05:38:24.165+0000] {processor.py:157} INFO - Started process (PID=2764) to work on /home/airflow/.local/lib/python3.10/site-packages/airflow/example_dags/tutorial_dag.py
[2024-03-16T05:38:24.166+0000] {processor.py:829} INFO - Processing file /home/airflow/.local/lib/python3.10/site-packages/airflow/example_dags/tutorial_dag.py for tasks to queue
[2024-03-16T05:38:24.167+0000] {logging_mixin.py:154} INFO - [2024-03-16T05:38:24.167+0000] {dagbag.py:536} INFO - Filling up the DagBag from /home/airflow/.local/lib/python3.10/site-packages/airflow/example_dags/tutorial_dag.py
[2024-03-16T05:38:24.170+0000] {processor.py:839} INFO - DAG(s) dict_keys(['tutorial_dag']) retrieved from /home/airflow/.local/lib/python3.10/site-packages/airflow/example_dags/tutorial_dag.py
[2024-03-16T05:38:24.182+0000] {logging_mixin.py:154} INFO - [2024-03-16T05:38:24.181+0000] {dag.py:2941} INFO - Sync 1 DAGs
[2024-03-16T05:38:24.188+0000] {logging_mixin.py:154} INFO - [2024-03-16T05:38:24.188+0000] {dag.py:3722} INFO - Setting next_dagrun for tutorial_dag to None, run_after=None
[2024-03-16T05:38:24.196+0000] {processor.py:179} INFO - Processing /home/airflow/.local/lib/python3.10/site-packages/airflow/example_dags/tutorial_dag.py took 0.033 seconds
[2024-03-16T05:38:54.920+0000] {processor.py:157} INFO - Started process (PID=2818) to work on /home/airflow/.local/lib/python3.10/site-packages/airflow/example_dags/tutorial_dag.py
[2024-03-16T05:38:54.920+0000] {processor.py:829} INFO - Processing file /home/airflow/.local/lib/python3.10/site-packages/airflow/example_dags/tutorial_dag.py for tasks to queue
[2024-03-16T05:38:54.921+0000] {logging_mixin.py:154} INFO - [2024-03-16T05:38:54.921+0000] {dagbag.py:536} INFO - Filling up the DagBag from /home/airflow/.local/lib/python3.10/site-packages/airflow/example_dags/tutorial_dag.py
[2024-03-16T05:38:54.925+0000] {processor.py:839} INFO - DAG(s) dict_keys(['tutorial_dag']) retrieved from /home/airflow/.local/lib/python3.10/site-packages/airflow/example_dags/tutorial_dag.py
[2024-03-16T05:38:54.936+0000] {logging_mixin.py:154} INFO - [2024-03-16T05:38:54.936+0000] {dag.py:2941} INFO - Sync 1 DAGs
[2024-03-16T05:38:54.943+0000] {logging_mixin.py:154} INFO - [2024-03-16T05:38:54.943+0000] {dag.py:3722} INFO - Setting next_dagrun for tutorial_dag to None, run_after=None
[2024-03-16T05:38:54.952+0000] {processor.py:179} INFO - Processing /home/airflow/.local/lib/python3.10/site-packages/airflow/example_dags/tutorial_dag.py took 0.035 seconds
[2024-03-16T05:39:25.709+0000] {processor.py:157} INFO - Started process (PID=2872) to work on /home/airflow/.local/lib/python3.10/site-packages/airflow/example_dags/tutorial_dag.py
[2024-03-16T05:39:25.709+0000] {processor.py:829} INFO - Processing file /home/airflow/.local/lib/python3.10/site-packages/airflow/example_dags/tutorial_dag.py for tasks to queue
[2024-03-16T05:39:25.711+0000] {logging_mixin.py:154} INFO - [2024-03-16T05:39:25.710+0000] {dagbag.py:536} INFO - Filling up the DagBag from /home/airflow/.local/lib/python3.10/site-packages/airflow/example_dags/tutorial_dag.py
[2024-03-16T05:39:25.714+0000] {processor.py:839} INFO - DAG(s) dict_keys(['tutorial_dag']) retrieved from /home/airflow/.local/lib/python3.10/site-packages/airflow/example_dags/tutorial_dag.py
[2024-03-16T05:39:25.728+0000] {logging_mixin.py:154} INFO - [2024-03-16T05:39:25.727+0000] {dag.py:2941} INFO - Sync 1 DAGs
[2024-03-16T05:39:25.735+0000] {logging_mixin.py:154} INFO - [2024-03-16T05:39:25.735+0000] {dag.py:3722} INFO - Setting next_dagrun for tutorial_dag to None, run_after=None
[2024-03-16T05:39:25.745+0000] {processor.py:179} INFO - Processing /home/airflow/.local/lib/python3.10/site-packages/airflow/example_dags/tutorial_dag.py took 0.038 seconds
[2024-03-16T05:39:56.484+0000] {processor.py:157} INFO - Started process (PID=2926) to work on /home/airflow/.local/lib/python3.10/site-packages/airflow/example_dags/tutorial_dag.py
[2024-03-16T05:39:56.484+0000] {processor.py:829} INFO - Processing file /home/airflow/.local/lib/python3.10/site-packages/airflow/example_dags/tutorial_dag.py for tasks to queue
[2024-03-16T05:39:56.486+0000] {logging_mixin.py:154} INFO - [2024-03-16T05:39:56.485+0000] {dagbag.py:536} INFO - Filling up the DagBag from /home/airflow/.local/lib/python3.10/site-packages/airflow/example_dags/tutorial_dag.py
[2024-03-16T05:39:56.489+0000] {processor.py:839} INFO - DAG(s) dict_keys(['tutorial_dag']) retrieved from /home/airflow/.local/lib/python3.10/site-packages/airflow/example_dags/tutorial_dag.py
[2024-03-16T05:39:56.501+0000] {logging_mixin.py:154} INFO - [2024-03-16T05:39:56.501+0000] {dag.py:2941} INFO - Sync 1 DAGs
[2024-03-16T05:39:56.508+0000] {logging_mixin.py:154} INFO - [2024-03-16T05:39:56.508+0000] {dag.py:3722} INFO - Setting next_dagrun for tutorial_dag to None, run_after=None
[2024-03-16T05:39:56.517+0000] {processor.py:179} INFO - Processing /home/airflow/.local/lib/python3.10/site-packages/airflow/example_dags/tutorial_dag.py took 0.036 seconds
[2024-03-16T05:40:27.161+0000] {processor.py:157} INFO - Started process (PID=2980) to work on /home/airflow/.local/lib/python3.10/site-packages/airflow/example_dags/tutorial_dag.py
[2024-03-16T05:40:27.162+0000] {processor.py:829} INFO - Processing file /home/airflow/.local/lib/python3.10/site-packages/airflow/example_dags/tutorial_dag.py for tasks to queue
[2024-03-16T05:40:27.163+0000] {logging_mixin.py:154} INFO - [2024-03-16T05:40:27.163+0000] {dagbag.py:536} INFO - Filling up the DagBag from /home/airflow/.local/lib/python3.10/site-packages/airflow/example_dags/tutorial_dag.py
[2024-03-16T05:40:27.166+0000] {processor.py:839} INFO - DAG(s) dict_keys(['tutorial_dag']) retrieved from /home/airflow/.local/lib/python3.10/site-packages/airflow/example_dags/tutorial_dag.py
[2024-03-16T05:40:27.178+0000] {logging_mixin.py:154} INFO - [2024-03-16T05:40:27.178+0000] {dag.py:2941} INFO - Sync 1 DAGs
[2024-03-16T05:40:27.186+0000] {logging_mixin.py:154} INFO - [2024-03-16T05:40:27.186+0000] {dag.py:3722} INFO - Setting next_dagrun for tutorial_dag to None, run_after=None
[2024-03-16T05:40:27.194+0000] {processor.py:179} INFO - Processing /home/airflow/.local/lib/python3.10/site-packages/airflow/example_dags/tutorial_dag.py took 0.035 seconds
[2024-03-16T05:40:57.918+0000] {processor.py:157} INFO - Started process (PID=3034) to work on /home/airflow/.local/lib/python3.10/site-packages/airflow/example_dags/tutorial_dag.py
[2024-03-16T05:40:57.919+0000] {processor.py:829} INFO - Processing file /home/airflow/.local/lib/python3.10/site-packages/airflow/example_dags/tutorial_dag.py for tasks to queue
[2024-03-16T05:40:57.920+0000] {logging_mixin.py:154} INFO - [2024-03-16T05:40:57.920+0000] {dagbag.py:536} INFO - Filling up the DagBag from /home/airflow/.local/lib/python3.10/site-packages/airflow/example_dags/tutorial_dag.py
[2024-03-16T05:40:57.923+0000] {processor.py:839} INFO - DAG(s) dict_keys(['tutorial_dag']) retrieved from /home/airflow/.local/lib/python3.10/site-packages/airflow/example_dags/tutorial_dag.py
[2024-03-16T05:40:57.935+0000] {logging_mixin.py:154} INFO - [2024-03-16T05:40:57.935+0000] {dag.py:2941} INFO - Sync 1 DAGs
[2024-03-16T05:40:57.942+0000] {logging_mixin.py:154} INFO - [2024-03-16T05:40:57.942+0000] {dag.py:3722} INFO - Setting next_dagrun for tutorial_dag to None, run_after=None
[2024-03-16T05:40:57.951+0000] {processor.py:179} INFO - Processing /home/airflow/.local/lib/python3.10/site-packages/airflow/example_dags/tutorial_dag.py took 0.035 seconds
[2024-03-16T05:41:28.540+0000] {processor.py:157} INFO - Started process (PID=3088) to work on /home/airflow/.local/lib/python3.10/site-packages/airflow/example_dags/tutorial_dag.py
[2024-03-16T05:41:28.541+0000] {processor.py:829} INFO - Processing file /home/airflow/.local/lib/python3.10/site-packages/airflow/example_dags/tutorial_dag.py for tasks to queue
[2024-03-16T05:41:28.542+0000] {logging_mixin.py:154} INFO - [2024-03-16T05:41:28.541+0000] {dagbag.py:536} INFO - Filling up the DagBag from /home/airflow/.local/lib/python3.10/site-packages/airflow/example_dags/tutorial_dag.py
[2024-03-16T05:41:28.545+0000] {processor.py:839} INFO - DAG(s) dict_keys(['tutorial_dag']) retrieved from /home/airflow/.local/lib/python3.10/site-packages/airflow/example_dags/tutorial_dag.py
[2024-03-16T05:41:28.556+0000] {logging_mixin.py:154} INFO - [2024-03-16T05:41:28.556+0000] {dag.py:2941} INFO - Sync 1 DAGs
[2024-03-16T05:41:28.564+0000] {logging_mixin.py:154} INFO - [2024-03-16T05:41:28.564+0000] {dag.py:3722} INFO - Setting next_dagrun for tutorial_dag to None, run_after=None
[2024-03-16T05:41:28.572+0000] {processor.py:179} INFO - Processing /home/airflow/.local/lib/python3.10/site-packages/airflow/example_dags/tutorial_dag.py took 0.034 seconds
[2024-03-16T05:41:59.204+0000] {processor.py:157} INFO - Started process (PID=3142) to work on /home/airflow/.local/lib/python3.10/site-packages/airflow/example_dags/tutorial_dag.py
[2024-03-16T05:41:59.205+0000] {processor.py:829} INFO - Processing file /home/airflow/.local/lib/python3.10/site-packages/airflow/example_dags/tutorial_dag.py for tasks to queue
[2024-03-16T05:41:59.206+0000] {logging_mixin.py:154} INFO - [2024-03-16T05:41:59.206+0000] {dagbag.py:536} INFO - Filling up the DagBag from /home/airflow/.local/lib/python3.10/site-packages/airflow/example_dags/tutorial_dag.py
[2024-03-16T05:41:59.209+0000] {processor.py:839} INFO - DAG(s) dict_keys(['tutorial_dag']) retrieved from /home/airflow/.local/lib/python3.10/site-packages/airflow/example_dags/tutorial_dag.py
[2024-03-16T05:41:59.221+0000] {logging_mixin.py:154} INFO - [2024-03-16T05:41:59.221+0000] {dag.py:2941} INFO - Sync 1 DAGs
[2024-03-16T05:41:59.228+0000] {logging_mixin.py:154} INFO - [2024-03-16T05:41:59.228+0000] {dag.py:3722} INFO - Setting next_dagrun for tutorial_dag to None, run_after=None
[2024-03-16T05:41:59.237+0000] {processor.py:179} INFO - Processing /home/airflow/.local/lib/python3.10/site-packages/airflow/example_dags/tutorial_dag.py took 0.036 seconds
[2024-03-16T05:42:30.000+0000] {processor.py:157} INFO - Started process (PID=3196) to work on /home/airflow/.local/lib/python3.10/site-packages/airflow/example_dags/tutorial_dag.py
[2024-03-16T05:42:30.000+0000] {processor.py:829} INFO - Processing file /home/airflow/.local/lib/python3.10/site-packages/airflow/example_dags/tutorial_dag.py for tasks to queue
[2024-03-16T05:42:30.001+0000] {logging_mixin.py:154} INFO - [2024-03-16T05:42:30.001+0000] {dagbag.py:536} INFO - Filling up the DagBag from /home/airflow/.local/lib/python3.10/site-packages/airflow/example_dags/tutorial_dag.py
[2024-03-16T05:42:30.005+0000] {processor.py:839} INFO - DAG(s) dict_keys(['tutorial_dag']) retrieved from /home/airflow/.local/lib/python3.10/site-packages/airflow/example_dags/tutorial_dag.py
[2024-03-16T05:42:30.018+0000] {logging_mixin.py:154} INFO - [2024-03-16T05:42:30.018+0000] {dag.py:2941} INFO - Sync 1 DAGs
[2024-03-16T05:42:30.026+0000] {logging_mixin.py:154} INFO - [2024-03-16T05:42:30.026+0000] {dag.py:3722} INFO - Setting next_dagrun for tutorial_dag to None, run_after=None
[2024-03-16T05:42:30.035+0000] {processor.py:179} INFO - Processing /home/airflow/.local/lib/python3.10/site-packages/airflow/example_dags/tutorial_dag.py took 0.038 seconds
[2024-03-16T05:43:00.803+0000] {processor.py:157} INFO - Started process (PID=3250) to work on /home/airflow/.local/lib/python3.10/site-packages/airflow/example_dags/tutorial_dag.py
[2024-03-16T05:43:00.804+0000] {processor.py:829} INFO - Processing file /home/airflow/.local/lib/python3.10/site-packages/airflow/example_dags/tutorial_dag.py for tasks to queue
[2024-03-16T05:43:00.805+0000] {logging_mixin.py:154} INFO - [2024-03-16T05:43:00.804+0000] {dagbag.py:536} INFO - Filling up the DagBag from /home/airflow/.local/lib/python3.10/site-packages/airflow/example_dags/tutorial_dag.py
[2024-03-16T05:43:00.808+0000] {processor.py:839} INFO - DAG(s) dict_keys(['tutorial_dag']) retrieved from /home/airflow/.local/lib/python3.10/site-packages/airflow/example_dags/tutorial_dag.py
[2024-03-16T05:43:00.824+0000] {logging_mixin.py:154} INFO - [2024-03-16T05:43:00.824+0000] {dag.py:2941} INFO - Sync 1 DAGs
[2024-03-16T05:43:00.832+0000] {logging_mixin.py:154} INFO - [2024-03-16T05:43:00.832+0000] {dag.py:3722} INFO - Setting next_dagrun for tutorial_dag to None, run_after=None
[2024-03-16T05:43:00.841+0000] {processor.py:179} INFO - Processing /home/airflow/.local/lib/python3.10/site-packages/airflow/example_dags/tutorial_dag.py took 0.040 seconds
[2024-03-16T05:43:31.670+0000] {processor.py:157} INFO - Started process (PID=3304) to work on /home/airflow/.local/lib/python3.10/site-packages/airflow/example_dags/tutorial_dag.py
[2024-03-16T05:43:31.671+0000] {processor.py:829} INFO - Processing file /home/airflow/.local/lib/python3.10/site-packages/airflow/example_dags/tutorial_dag.py for tasks to queue
[2024-03-16T05:43:31.672+0000] {logging_mixin.py:154} INFO - [2024-03-16T05:43:31.672+0000] {dagbag.py:536} INFO - Filling up the DagBag from /home/airflow/.local/lib/python3.10/site-packages/airflow/example_dags/tutorial_dag.py
[2024-03-16T05:43:31.675+0000] {processor.py:839} INFO - DAG(s) dict_keys(['tutorial_dag']) retrieved from /home/airflow/.local/lib/python3.10/site-packages/airflow/example_dags/tutorial_dag.py
[2024-03-16T05:43:31.687+0000] {logging_mixin.py:154} INFO - [2024-03-16T05:43:31.687+0000] {dag.py:2941} INFO - Sync 1 DAGs
[2024-03-16T05:43:31.695+0000] {logging_mixin.py:154} INFO - [2024-03-16T05:43:31.695+0000] {dag.py:3722} INFO - Setting next_dagrun for tutorial_dag to None, run_after=None
[2024-03-16T05:43:31.704+0000] {processor.py:179} INFO - Processing /home/airflow/.local/lib/python3.10/site-packages/airflow/example_dags/tutorial_dag.py took 0.036 seconds
[2024-03-16T05:44:02.392+0000] {processor.py:157} INFO - Started process (PID=3358) to work on /home/airflow/.local/lib/python3.10/site-packages/airflow/example_dags/tutorial_dag.py
[2024-03-16T05:44:02.392+0000] {processor.py:829} INFO - Processing file /home/airflow/.local/lib/python3.10/site-packages/airflow/example_dags/tutorial_dag.py for tasks to queue
[2024-03-16T05:44:02.393+0000] {logging_mixin.py:154} INFO - [2024-03-16T05:44:02.393+0000] {dagbag.py:536} INFO - Filling up the DagBag from /home/airflow/.local/lib/python3.10/site-packages/airflow/example_dags/tutorial_dag.py
[2024-03-16T05:44:02.397+0000] {processor.py:839} INFO - DAG(s) dict_keys(['tutorial_dag']) retrieved from /home/airflow/.local/lib/python3.10/site-packages/airflow/example_dags/tutorial_dag.py
[2024-03-16T05:44:02.408+0000] {logging_mixin.py:154} INFO - [2024-03-16T05:44:02.408+0000] {dag.py:2941} INFO - Sync 1 DAGs
[2024-03-16T05:44:02.415+0000] {logging_mixin.py:154} INFO - [2024-03-16T05:44:02.415+0000] {dag.py:3722} INFO - Setting next_dagrun for tutorial_dag to None, run_after=None
[2024-03-16T05:44:02.423+0000] {processor.py:179} INFO - Processing /home/airflow/.local/lib/python3.10/site-packages/airflow/example_dags/tutorial_dag.py took 0.033 seconds
[2024-03-16T05:44:33.153+0000] {processor.py:157} INFO - Started process (PID=3412) to work on /home/airflow/.local/lib/python3.10/site-packages/airflow/example_dags/tutorial_dag.py
[2024-03-16T05:44:33.154+0000] {processor.py:829} INFO - Processing file /home/airflow/.local/lib/python3.10/site-packages/airflow/example_dags/tutorial_dag.py for tasks to queue
[2024-03-16T05:44:33.155+0000] {logging_mixin.py:154} INFO - [2024-03-16T05:44:33.155+0000] {dagbag.py:536} INFO - Filling up the DagBag from /home/airflow/.local/lib/python3.10/site-packages/airflow/example_dags/tutorial_dag.py
[2024-03-16T05:44:33.158+0000] {processor.py:839} INFO - DAG(s) dict_keys(['tutorial_dag']) retrieved from /home/airflow/.local/lib/python3.10/site-packages/airflow/example_dags/tutorial_dag.py
[2024-03-16T05:44:33.171+0000] {logging_mixin.py:154} INFO - [2024-03-16T05:44:33.171+0000] {dag.py:2941} INFO - Sync 1 DAGs
[2024-03-16T05:44:33.179+0000] {logging_mixin.py:154} INFO - [2024-03-16T05:44:33.178+0000] {dag.py:3722} INFO - Setting next_dagrun for tutorial_dag to None, run_after=None
[2024-03-16T05:44:33.189+0000] {processor.py:179} INFO - Processing /home/airflow/.local/lib/python3.10/site-packages/airflow/example_dags/tutorial_dag.py took 0.038 seconds
[2024-03-16T05:45:03.928+0000] {processor.py:157} INFO - Started process (PID=3466) to work on /home/airflow/.local/lib/python3.10/site-packages/airflow/example_dags/tutorial_dag.py
[2024-03-16T05:45:03.929+0000] {processor.py:829} INFO - Processing file /home/airflow/.local/lib/python3.10/site-packages/airflow/example_dags/tutorial_dag.py for tasks to queue
[2024-03-16T05:45:03.930+0000] {logging_mixin.py:154} INFO - [2024-03-16T05:45:03.929+0000] {dagbag.py:536} INFO - Filling up the DagBag from /home/airflow/.local/lib/python3.10/site-packages/airflow/example_dags/tutorial_dag.py
[2024-03-16T05:45:03.933+0000] {processor.py:839} INFO - DAG(s) dict_keys(['tutorial_dag']) retrieved from /home/airflow/.local/lib/python3.10/site-packages/airflow/example_dags/tutorial_dag.py
[2024-03-16T05:45:03.944+0000] {logging_mixin.py:154} INFO - [2024-03-16T05:45:03.944+0000] {dag.py:2941} INFO - Sync 1 DAGs
[2024-03-16T05:45:03.951+0000] {logging_mixin.py:154} INFO - [2024-03-16T05:45:03.951+0000] {dag.py:3722} INFO - Setting next_dagrun for tutorial_dag to None, run_after=None
[2024-03-16T05:45:03.960+0000] {processor.py:179} INFO - Processing /home/airflow/.local/lib/python3.10/site-packages/airflow/example_dags/tutorial_dag.py took 0.034 seconds
[2024-03-16T05:45:34.625+0000] {processor.py:157} INFO - Started process (PID=3520) to work on /home/airflow/.local/lib/python3.10/site-packages/airflow/example_dags/tutorial_dag.py
[2024-03-16T05:45:34.626+0000] {processor.py:829} INFO - Processing file /home/airflow/.local/lib/python3.10/site-packages/airflow/example_dags/tutorial_dag.py for tasks to queue
[2024-03-16T05:45:34.627+0000] {logging_mixin.py:154} INFO - [2024-03-16T05:45:34.627+0000] {dagbag.py:536} INFO - Filling up the DagBag from /home/airflow/.local/lib/python3.10/site-packages/airflow/example_dags/tutorial_dag.py
[2024-03-16T05:45:34.630+0000] {processor.py:839} INFO - DAG(s) dict_keys(['tutorial_dag']) retrieved from /home/airflow/.local/lib/python3.10/site-packages/airflow/example_dags/tutorial_dag.py
[2024-03-16T05:45:34.642+0000] {logging_mixin.py:154} INFO - [2024-03-16T05:45:34.642+0000] {dag.py:2941} INFO - Sync 1 DAGs
[2024-03-16T05:45:34.648+0000] {logging_mixin.py:154} INFO - [2024-03-16T05:45:34.648+0000] {dag.py:3722} INFO - Setting next_dagrun for tutorial_dag to None, run_after=None
[2024-03-16T05:45:34.657+0000] {processor.py:179} INFO - Processing /home/airflow/.local/lib/python3.10/site-packages/airflow/example_dags/tutorial_dag.py took 0.034 seconds
[2024-03-16T05:46:05.385+0000] {processor.py:157} INFO - Started process (PID=3573) to work on /home/airflow/.local/lib/python3.10/site-packages/airflow/example_dags/tutorial_dag.py
[2024-03-16T05:46:05.386+0000] {processor.py:829} INFO - Processing file /home/airflow/.local/lib/python3.10/site-packages/airflow/example_dags/tutorial_dag.py for tasks to queue
[2024-03-16T05:46:05.387+0000] {logging_mixin.py:154} INFO - [2024-03-16T05:46:05.387+0000] {dagbag.py:536} INFO - Filling up the DagBag from /home/airflow/.local/lib/python3.10/site-packages/airflow/example_dags/tutorial_dag.py
[2024-03-16T05:46:05.390+0000] {processor.py:839} INFO - DAG(s) dict_keys(['tutorial_dag']) retrieved from /home/airflow/.local/lib/python3.10/site-packages/airflow/example_dags/tutorial_dag.py
[2024-03-16T05:46:05.403+0000] {logging_mixin.py:154} INFO - [2024-03-16T05:46:05.403+0000] {dag.py:2941} INFO - Sync 1 DAGs
[2024-03-16T05:46:05.410+0000] {logging_mixin.py:154} INFO - [2024-03-16T05:46:05.410+0000] {dag.py:3722} INFO - Setting next_dagrun for tutorial_dag to None, run_after=None
[2024-03-16T05:46:05.419+0000] {processor.py:179} INFO - Processing /home/airflow/.local/lib/python3.10/site-packages/airflow/example_dags/tutorial_dag.py took 0.035 seconds
[2024-03-16T05:46:36.153+0000] {processor.py:157} INFO - Started process (PID=3628) to work on /home/airflow/.local/lib/python3.10/site-packages/airflow/example_dags/tutorial_dag.py
[2024-03-16T05:46:36.154+0000] {processor.py:829} INFO - Processing file /home/airflow/.local/lib/python3.10/site-packages/airflow/example_dags/tutorial_dag.py for tasks to queue
[2024-03-16T05:46:36.155+0000] {logging_mixin.py:154} INFO - [2024-03-16T05:46:36.155+0000] {dagbag.py:536} INFO - Filling up the DagBag from /home/airflow/.local/lib/python3.10/site-packages/airflow/example_dags/tutorial_dag.py
[2024-03-16T05:46:36.158+0000] {processor.py:839} INFO - DAG(s) dict_keys(['tutorial_dag']) retrieved from /home/airflow/.local/lib/python3.10/site-packages/airflow/example_dags/tutorial_dag.py
[2024-03-16T05:46:36.171+0000] {logging_mixin.py:154} INFO - [2024-03-16T05:46:36.171+0000] {dag.py:2941} INFO - Sync 1 DAGs
[2024-03-16T05:46:36.178+0000] {logging_mixin.py:154} INFO - [2024-03-16T05:46:36.177+0000] {dag.py:3722} INFO - Setting next_dagrun for tutorial_dag to None, run_after=None
[2024-03-16T05:46:36.186+0000] {processor.py:179} INFO - Processing /home/airflow/.local/lib/python3.10/site-packages/airflow/example_dags/tutorial_dag.py took 0.035 seconds
[2024-03-16T05:47:06.923+0000] {processor.py:157} INFO - Started process (PID=3682) to work on /home/airflow/.local/lib/python3.10/site-packages/airflow/example_dags/tutorial_dag.py
[2024-03-16T05:47:06.924+0000] {processor.py:829} INFO - Processing file /home/airflow/.local/lib/python3.10/site-packages/airflow/example_dags/tutorial_dag.py for tasks to queue
[2024-03-16T05:47:06.925+0000] {logging_mixin.py:154} INFO - [2024-03-16T05:47:06.925+0000] {dagbag.py:536} INFO - Filling up the DagBag from /home/airflow/.local/lib/python3.10/site-packages/airflow/example_dags/tutorial_dag.py
[2024-03-16T05:47:06.928+0000] {processor.py:839} INFO - DAG(s) dict_keys(['tutorial_dag']) retrieved from /home/airflow/.local/lib/python3.10/site-packages/airflow/example_dags/tutorial_dag.py
[2024-03-16T05:47:06.941+0000] {logging_mixin.py:154} INFO - [2024-03-16T05:47:06.941+0000] {dag.py:2941} INFO - Sync 1 DAGs
[2024-03-16T05:47:06.949+0000] {logging_mixin.py:154} INFO - [2024-03-16T05:47:06.948+0000] {dag.py:3722} INFO - Setting next_dagrun for tutorial_dag to None, run_after=None
[2024-03-16T05:47:06.957+0000] {processor.py:179} INFO - Processing /home/airflow/.local/lib/python3.10/site-packages/airflow/example_dags/tutorial_dag.py took 0.036 seconds
[2024-03-16T05:47:37.620+0000] {processor.py:157} INFO - Started process (PID=3736) to work on /home/airflow/.local/lib/python3.10/site-packages/airflow/example_dags/tutorial_dag.py
[2024-03-16T05:47:37.620+0000] {processor.py:829} INFO - Processing file /home/airflow/.local/lib/python3.10/site-packages/airflow/example_dags/tutorial_dag.py for tasks to queue
[2024-03-16T05:47:37.621+0000] {logging_mixin.py:154} INFO - [2024-03-16T05:47:37.621+0000] {dagbag.py:536} INFO - Filling up the DagBag from /home/airflow/.local/lib/python3.10/site-packages/airflow/example_dags/tutorial_dag.py
[2024-03-16T05:47:37.625+0000] {processor.py:839} INFO - DAG(s) dict_keys(['tutorial_dag']) retrieved from /home/airflow/.local/lib/python3.10/site-packages/airflow/example_dags/tutorial_dag.py
[2024-03-16T05:47:37.637+0000] {logging_mixin.py:154} INFO - [2024-03-16T05:47:37.637+0000] {dag.py:2941} INFO - Sync 1 DAGs
[2024-03-16T05:47:37.644+0000] {logging_mixin.py:154} INFO - [2024-03-16T05:47:37.644+0000] {dag.py:3722} INFO - Setting next_dagrun for tutorial_dag to None, run_after=None
[2024-03-16T05:47:37.653+0000] {processor.py:179} INFO - Processing /home/airflow/.local/lib/python3.10/site-packages/airflow/example_dags/tutorial_dag.py took 0.035 seconds
[2024-03-16T05:48:08.380+0000] {processor.py:157} INFO - Started process (PID=3790) to work on /home/airflow/.local/lib/python3.10/site-packages/airflow/example_dags/tutorial_dag.py
[2024-03-16T05:48:08.380+0000] {processor.py:829} INFO - Processing file /home/airflow/.local/lib/python3.10/site-packages/airflow/example_dags/tutorial_dag.py for tasks to queue
[2024-03-16T05:48:08.381+0000] {logging_mixin.py:154} INFO - [2024-03-16T05:48:08.381+0000] {dagbag.py:536} INFO - Filling up the DagBag from /home/airflow/.local/lib/python3.10/site-packages/airflow/example_dags/tutorial_dag.py
[2024-03-16T05:48:08.385+0000] {processor.py:839} INFO - DAG(s) dict_keys(['tutorial_dag']) retrieved from /home/airflow/.local/lib/python3.10/site-packages/airflow/example_dags/tutorial_dag.py
[2024-03-16T05:48:08.398+0000] {logging_mixin.py:154} INFO - [2024-03-16T05:48:08.398+0000] {dag.py:2941} INFO - Sync 1 DAGs
[2024-03-16T05:48:08.405+0000] {logging_mixin.py:154} INFO - [2024-03-16T05:48:08.405+0000] {dag.py:3722} INFO - Setting next_dagrun for tutorial_dag to None, run_after=None
[2024-03-16T05:48:08.413+0000] {processor.py:179} INFO - Processing /home/airflow/.local/lib/python3.10/site-packages/airflow/example_dags/tutorial_dag.py took 0.036 seconds
[2024-03-16T05:48:39.227+0000] {processor.py:157} INFO - Started process (PID=3844) to work on /home/airflow/.local/lib/python3.10/site-packages/airflow/example_dags/tutorial_dag.py
[2024-03-16T05:48:39.227+0000] {processor.py:829} INFO - Processing file /home/airflow/.local/lib/python3.10/site-packages/airflow/example_dags/tutorial_dag.py for tasks to queue
[2024-03-16T05:48:39.229+0000] {logging_mixin.py:154} INFO - [2024-03-16T05:48:39.229+0000] {dagbag.py:536} INFO - Filling up the DagBag from /home/airflow/.local/lib/python3.10/site-packages/airflow/example_dags/tutorial_dag.py
[2024-03-16T05:48:39.232+0000] {processor.py:839} INFO - DAG(s) dict_keys(['tutorial_dag']) retrieved from /home/airflow/.local/lib/python3.10/site-packages/airflow/example_dags/tutorial_dag.py
[2024-03-16T05:48:39.247+0000] {logging_mixin.py:154} INFO - [2024-03-16T05:48:39.246+0000] {dag.py:2941} INFO - Sync 1 DAGs
[2024-03-16T05:48:39.255+0000] {logging_mixin.py:154} INFO - [2024-03-16T05:48:39.254+0000] {dag.py:3722} INFO - Setting next_dagrun for tutorial_dag to None, run_after=None
[2024-03-16T05:48:39.264+0000] {processor.py:179} INFO - Processing /home/airflow/.local/lib/python3.10/site-packages/airflow/example_dags/tutorial_dag.py took 0.040 seconds
[2024-03-16T05:49:10.010+0000] {processor.py:157} INFO - Started process (PID=3898) to work on /home/airflow/.local/lib/python3.10/site-packages/airflow/example_dags/tutorial_dag.py
[2024-03-16T05:49:10.011+0000] {processor.py:829} INFO - Processing file /home/airflow/.local/lib/python3.10/site-packages/airflow/example_dags/tutorial_dag.py for tasks to queue
[2024-03-16T05:49:10.012+0000] {logging_mixin.py:154} INFO - [2024-03-16T05:49:10.012+0000] {dagbag.py:536} INFO - Filling up the DagBag from /home/airflow/.local/lib/python3.10/site-packages/airflow/example_dags/tutorial_dag.py
[2024-03-16T05:49:10.015+0000] {processor.py:839} INFO - DAG(s) dict_keys(['tutorial_dag']) retrieved from /home/airflow/.local/lib/python3.10/site-packages/airflow/example_dags/tutorial_dag.py
[2024-03-16T05:49:10.028+0000] {logging_mixin.py:154} INFO - [2024-03-16T05:49:10.028+0000] {dag.py:2941} INFO - Sync 1 DAGs
[2024-03-16T05:49:10.035+0000] {logging_mixin.py:154} INFO - [2024-03-16T05:49:10.035+0000] {dag.py:3722} INFO - Setting next_dagrun for tutorial_dag to None, run_after=None
[2024-03-16T05:49:10.043+0000] {processor.py:179} INFO - Processing /home/airflow/.local/lib/python3.10/site-packages/airflow/example_dags/tutorial_dag.py took 0.036 seconds
[2024-03-16T05:49:40.614+0000] {processor.py:157} INFO - Started process (PID=3952) to work on /home/airflow/.local/lib/python3.10/site-packages/airflow/example_dags/tutorial_dag.py
[2024-03-16T05:49:40.614+0000] {processor.py:829} INFO - Processing file /home/airflow/.local/lib/python3.10/site-packages/airflow/example_dags/tutorial_dag.py for tasks to queue
[2024-03-16T05:49:40.615+0000] {logging_mixin.py:154} INFO - [2024-03-16T05:49:40.615+0000] {dagbag.py:536} INFO - Filling up the DagBag from /home/airflow/.local/lib/python3.10/site-packages/airflow/example_dags/tutorial_dag.py
[2024-03-16T05:49:40.619+0000] {processor.py:839} INFO - DAG(s) dict_keys(['tutorial_dag']) retrieved from /home/airflow/.local/lib/python3.10/site-packages/airflow/example_dags/tutorial_dag.py
[2024-03-16T05:49:40.631+0000] {logging_mixin.py:154} INFO - [2024-03-16T05:49:40.631+0000] {dag.py:2941} INFO - Sync 1 DAGs
[2024-03-16T05:49:40.638+0000] {logging_mixin.py:154} INFO - [2024-03-16T05:49:40.638+0000] {dag.py:3722} INFO - Setting next_dagrun for tutorial_dag to None, run_after=None
[2024-03-16T05:49:40.647+0000] {processor.py:179} INFO - Processing /home/airflow/.local/lib/python3.10/site-packages/airflow/example_dags/tutorial_dag.py took 0.036 seconds
[2024-03-16T05:50:11.416+0000] {processor.py:157} INFO - Started process (PID=4006) to work on /home/airflow/.local/lib/python3.10/site-packages/airflow/example_dags/tutorial_dag.py
[2024-03-16T05:50:11.417+0000] {processor.py:829} INFO - Processing file /home/airflow/.local/lib/python3.10/site-packages/airflow/example_dags/tutorial_dag.py for tasks to queue
[2024-03-16T05:50:11.418+0000] {logging_mixin.py:154} INFO - [2024-03-16T05:50:11.418+0000] {dagbag.py:536} INFO - Filling up the DagBag from /home/airflow/.local/lib/python3.10/site-packages/airflow/example_dags/tutorial_dag.py
[2024-03-16T05:50:11.421+0000] {processor.py:839} INFO - DAG(s) dict_keys(['tutorial_dag']) retrieved from /home/airflow/.local/lib/python3.10/site-packages/airflow/example_dags/tutorial_dag.py
[2024-03-16T05:50:11.434+0000] {logging_mixin.py:154} INFO - [2024-03-16T05:50:11.434+0000] {dag.py:2941} INFO - Sync 1 DAGs
[2024-03-16T05:50:11.441+0000] {logging_mixin.py:154} INFO - [2024-03-16T05:50:11.441+0000] {dag.py:3722} INFO - Setting next_dagrun for tutorial_dag to None, run_after=None
[2024-03-16T05:50:11.450+0000] {processor.py:179} INFO - Processing /home/airflow/.local/lib/python3.10/site-packages/airflow/example_dags/tutorial_dag.py took 0.036 seconds
[2024-03-16T05:50:42.139+0000] {processor.py:157} INFO - Started process (PID=4060) to work on /home/airflow/.local/lib/python3.10/site-packages/airflow/example_dags/tutorial_dag.py
[2024-03-16T05:50:42.140+0000] {processor.py:829} INFO - Processing file /home/airflow/.local/lib/python3.10/site-packages/airflow/example_dags/tutorial_dag.py for tasks to queue
[2024-03-16T05:50:42.141+0000] {logging_mixin.py:154} INFO - [2024-03-16T05:50:42.141+0000] {dagbag.py:536} INFO - Filling up the DagBag from /home/airflow/.local/lib/python3.10/site-packages/airflow/example_dags/tutorial_dag.py
[2024-03-16T05:50:42.145+0000] {processor.py:839} INFO - DAG(s) dict_keys(['tutorial_dag']) retrieved from /home/airflow/.local/lib/python3.10/site-packages/airflow/example_dags/tutorial_dag.py
[2024-03-16T05:50:42.158+0000] {logging_mixin.py:154} INFO - [2024-03-16T05:50:42.158+0000] {dag.py:2941} INFO - Sync 1 DAGs
[2024-03-16T05:50:42.167+0000] {logging_mixin.py:154} INFO - [2024-03-16T05:50:42.167+0000] {dag.py:3722} INFO - Setting next_dagrun for tutorial_dag to None, run_after=None
[2024-03-16T05:50:42.176+0000] {processor.py:179} INFO - Processing /home/airflow/.local/lib/python3.10/site-packages/airflow/example_dags/tutorial_dag.py took 0.039 seconds
[2024-03-16T05:51:12.944+0000] {processor.py:157} INFO - Started process (PID=4114) to work on /home/airflow/.local/lib/python3.10/site-packages/airflow/example_dags/tutorial_dag.py
[2024-03-16T05:51:12.944+0000] {processor.py:829} INFO - Processing file /home/airflow/.local/lib/python3.10/site-packages/airflow/example_dags/tutorial_dag.py for tasks to queue
[2024-03-16T05:51:12.945+0000] {logging_mixin.py:154} INFO - [2024-03-16T05:51:12.945+0000] {dagbag.py:536} INFO - Filling up the DagBag from /home/airflow/.local/lib/python3.10/site-packages/airflow/example_dags/tutorial_dag.py
[2024-03-16T05:51:12.949+0000] {processor.py:839} INFO - DAG(s) dict_keys(['tutorial_dag']) retrieved from /home/airflow/.local/lib/python3.10/site-packages/airflow/example_dags/tutorial_dag.py
[2024-03-16T05:51:12.962+0000] {logging_mixin.py:154} INFO - [2024-03-16T05:51:12.962+0000] {dag.py:2941} INFO - Sync 1 DAGs
[2024-03-16T05:51:12.969+0000] {logging_mixin.py:154} INFO - [2024-03-16T05:51:12.969+0000] {dag.py:3722} INFO - Setting next_dagrun for tutorial_dag to None, run_after=None
[2024-03-16T05:51:12.979+0000] {processor.py:179} INFO - Processing /home/airflow/.local/lib/python3.10/site-packages/airflow/example_dags/tutorial_dag.py took 0.038 seconds
[2024-03-16T05:51:43.744+0000] {processor.py:157} INFO - Started process (PID=4168) to work on /home/airflow/.local/lib/python3.10/site-packages/airflow/example_dags/tutorial_dag.py
[2024-03-16T05:51:43.745+0000] {processor.py:829} INFO - Processing file /home/airflow/.local/lib/python3.10/site-packages/airflow/example_dags/tutorial_dag.py for tasks to queue
[2024-03-16T05:51:43.746+0000] {logging_mixin.py:154} INFO - [2024-03-16T05:51:43.745+0000] {dagbag.py:536} INFO - Filling up the DagBag from /home/airflow/.local/lib/python3.10/site-packages/airflow/example_dags/tutorial_dag.py
[2024-03-16T05:51:43.749+0000] {processor.py:839} INFO - DAG(s) dict_keys(['tutorial_dag']) retrieved from /home/airflow/.local/lib/python3.10/site-packages/airflow/example_dags/tutorial_dag.py
[2024-03-16T05:51:43.761+0000] {logging_mixin.py:154} INFO - [2024-03-16T05:51:43.761+0000] {dag.py:2941} INFO - Sync 1 DAGs
[2024-03-16T05:51:43.768+0000] {logging_mixin.py:154} INFO - [2024-03-16T05:51:43.768+0000] {dag.py:3722} INFO - Setting next_dagrun for tutorial_dag to None, run_after=None
[2024-03-16T05:51:43.776+0000] {processor.py:179} INFO - Processing /home/airflow/.local/lib/python3.10/site-packages/airflow/example_dags/tutorial_dag.py took 0.035 seconds
[2024-03-16T05:52:14.395+0000] {processor.py:157} INFO - Started process (PID=4222) to work on /home/airflow/.local/lib/python3.10/site-packages/airflow/example_dags/tutorial_dag.py
[2024-03-16T05:52:14.395+0000] {processor.py:829} INFO - Processing file /home/airflow/.local/lib/python3.10/site-packages/airflow/example_dags/tutorial_dag.py for tasks to queue
[2024-03-16T05:52:14.397+0000] {logging_mixin.py:154} INFO - [2024-03-16T05:52:14.396+0000] {dagbag.py:536} INFO - Filling up the DagBag from /home/airflow/.local/lib/python3.10/site-packages/airflow/example_dags/tutorial_dag.py
[2024-03-16T05:52:14.400+0000] {processor.py:839} INFO - DAG(s) dict_keys(['tutorial_dag']) retrieved from /home/airflow/.local/lib/python3.10/site-packages/airflow/example_dags/tutorial_dag.py
[2024-03-16T05:52:14.412+0000] {logging_mixin.py:154} INFO - [2024-03-16T05:52:14.412+0000] {dag.py:2941} INFO - Sync 1 DAGs
[2024-03-16T05:52:14.419+0000] {logging_mixin.py:154} INFO - [2024-03-16T05:52:14.419+0000] {dag.py:3722} INFO - Setting next_dagrun for tutorial_dag to None, run_after=None
[2024-03-16T05:52:14.428+0000] {processor.py:179} INFO - Processing /home/airflow/.local/lib/python3.10/site-packages/airflow/example_dags/tutorial_dag.py took 0.035 seconds
