[2024-03-16T05:12:50.077+0000] {processor.py:157} INFO - Started process (PID=72) to work on /home/airflow/.local/lib/python3.10/site-packages/airflow/example_dags/tutorial.py
[2024-03-16T05:12:50.078+0000] {processor.py:829} INFO - Processing file /home/airflow/.local/lib/python3.10/site-packages/airflow/example_dags/tutorial.py for tasks to queue
[2024-03-16T05:12:50.079+0000] {logging_mixin.py:154} INFO - [2024-03-16T05:12:50.079+0000] {dagbag.py:536} INFO - Filling up the DagBag from /home/airflow/.local/lib/python3.10/site-packages/airflow/example_dags/tutorial.py
[2024-03-16T05:12:50.082+0000] {processor.py:839} INFO - DAG(s) dict_keys(['tutorial']) retrieved from /home/airflow/.local/lib/python3.10/site-packages/airflow/example_dags/tutorial.py
[2024-03-16T05:12:50.093+0000] {logging_mixin.py:154} INFO - [2024-03-16T05:12:50.093+0000] {dag.py:2941} INFO - Sync 1 DAGs
[2024-03-16T05:12:50.105+0000] {logging_mixin.py:154} INFO - [2024-03-16T05:12:50.105+0000] {dag.py:3722} INFO - Setting next_dagrun for tutorial to 2024-03-15T05:12:50.104884+00:00, run_after=2024-03-16T05:12:50.104884+00:00
[2024-03-16T05:12:50.114+0000] {processor.py:179} INFO - Processing /home/airflow/.local/lib/python3.10/site-packages/airflow/example_dags/tutorial.py took 0.038 seconds
[2024-03-16T05:13:20.912+0000] {processor.py:157} INFO - Started process (PID=126) to work on /home/airflow/.local/lib/python3.10/site-packages/airflow/example_dags/tutorial.py
[2024-03-16T05:13:20.912+0000] {processor.py:829} INFO - Processing file /home/airflow/.local/lib/python3.10/site-packages/airflow/example_dags/tutorial.py for tasks to queue
[2024-03-16T05:13:20.913+0000] {logging_mixin.py:154} INFO - [2024-03-16T05:13:20.913+0000] {dagbag.py:536} INFO - Filling up the DagBag from /home/airflow/.local/lib/python3.10/site-packages/airflow/example_dags/tutorial.py
[2024-03-16T05:13:20.917+0000] {processor.py:839} INFO - DAG(s) dict_keys(['tutorial']) retrieved from /home/airflow/.local/lib/python3.10/site-packages/airflow/example_dags/tutorial.py
[2024-03-16T05:13:20.929+0000] {logging_mixin.py:154} INFO - [2024-03-16T05:13:20.929+0000] {dag.py:2941} INFO - Sync 1 DAGs
[2024-03-16T05:13:20.941+0000] {logging_mixin.py:154} INFO - [2024-03-16T05:13:20.941+0000] {dag.py:3722} INFO - Setting next_dagrun for tutorial to 2024-03-15T05:13:20.941347+00:00, run_after=2024-03-16T05:13:20.941347+00:00
[2024-03-16T05:13:20.952+0000] {processor.py:179} INFO - Processing /home/airflow/.local/lib/python3.10/site-packages/airflow/example_dags/tutorial.py took 0.042 seconds
[2024-03-16T05:13:51.647+0000] {processor.py:157} INFO - Started process (PID=180) to work on /home/airflow/.local/lib/python3.10/site-packages/airflow/example_dags/tutorial.py
[2024-03-16T05:13:51.648+0000] {processor.py:829} INFO - Processing file /home/airflow/.local/lib/python3.10/site-packages/airflow/example_dags/tutorial.py for tasks to queue
[2024-03-16T05:13:51.649+0000] {logging_mixin.py:154} INFO - [2024-03-16T05:13:51.649+0000] {dagbag.py:536} INFO - Filling up the DagBag from /home/airflow/.local/lib/python3.10/site-packages/airflow/example_dags/tutorial.py
[2024-03-16T05:13:51.652+0000] {processor.py:839} INFO - DAG(s) dict_keys(['tutorial']) retrieved from /home/airflow/.local/lib/python3.10/site-packages/airflow/example_dags/tutorial.py
[2024-03-16T05:13:51.665+0000] {logging_mixin.py:154} INFO - [2024-03-16T05:13:51.665+0000] {dag.py:2941} INFO - Sync 1 DAGs
[2024-03-16T05:13:51.679+0000] {logging_mixin.py:154} INFO - [2024-03-16T05:13:51.679+0000] {dag.py:3722} INFO - Setting next_dagrun for tutorial to 2024-03-15T05:13:51.678851+00:00, run_after=2024-03-16T05:13:51.678851+00:00
[2024-03-16T05:13:51.688+0000] {processor.py:179} INFO - Processing /home/airflow/.local/lib/python3.10/site-packages/airflow/example_dags/tutorial.py took 0.042 seconds
[2024-03-16T05:14:22.317+0000] {processor.py:157} INFO - Started process (PID=234) to work on /home/airflow/.local/lib/python3.10/site-packages/airflow/example_dags/tutorial.py
[2024-03-16T05:14:22.318+0000] {processor.py:829} INFO - Processing file /home/airflow/.local/lib/python3.10/site-packages/airflow/example_dags/tutorial.py for tasks to queue
[2024-03-16T05:14:22.319+0000] {logging_mixin.py:154} INFO - [2024-03-16T05:14:22.319+0000] {dagbag.py:536} INFO - Filling up the DagBag from /home/airflow/.local/lib/python3.10/site-packages/airflow/example_dags/tutorial.py
[2024-03-16T05:14:22.323+0000] {processor.py:839} INFO - DAG(s) dict_keys(['tutorial']) retrieved from /home/airflow/.local/lib/python3.10/site-packages/airflow/example_dags/tutorial.py
[2024-03-16T05:14:22.335+0000] {logging_mixin.py:154} INFO - [2024-03-16T05:14:22.335+0000] {dag.py:2941} INFO - Sync 1 DAGs
[2024-03-16T05:14:22.348+0000] {logging_mixin.py:154} INFO - [2024-03-16T05:14:22.348+0000] {dag.py:3722} INFO - Setting next_dagrun for tutorial to 2024-03-15T05:14:22.348264+00:00, run_after=2024-03-16T05:14:22.348264+00:00
[2024-03-16T05:14:22.358+0000] {processor.py:179} INFO - Processing /home/airflow/.local/lib/python3.10/site-packages/airflow/example_dags/tutorial.py took 0.043 seconds
[2024-03-16T05:14:53.011+0000] {processor.py:157} INFO - Started process (PID=288) to work on /home/airflow/.local/lib/python3.10/site-packages/airflow/example_dags/tutorial.py
[2024-03-16T05:14:53.012+0000] {processor.py:829} INFO - Processing file /home/airflow/.local/lib/python3.10/site-packages/airflow/example_dags/tutorial.py for tasks to queue
[2024-03-16T05:14:53.013+0000] {logging_mixin.py:154} INFO - [2024-03-16T05:14:53.013+0000] {dagbag.py:536} INFO - Filling up the DagBag from /home/airflow/.local/lib/python3.10/site-packages/airflow/example_dags/tutorial.py
[2024-03-16T05:14:53.016+0000] {processor.py:839} INFO - DAG(s) dict_keys(['tutorial']) retrieved from /home/airflow/.local/lib/python3.10/site-packages/airflow/example_dags/tutorial.py
[2024-03-16T05:14:53.028+0000] {logging_mixin.py:154} INFO - [2024-03-16T05:14:53.028+0000] {dag.py:2941} INFO - Sync 1 DAGs
[2024-03-16T05:14:53.040+0000] {logging_mixin.py:154} INFO - [2024-03-16T05:14:53.040+0000] {dag.py:3722} INFO - Setting next_dagrun for tutorial to 2024-03-15T05:14:53.040330+00:00, run_after=2024-03-16T05:14:53.040330+00:00
[2024-03-16T05:14:53.049+0000] {processor.py:179} INFO - Processing /home/airflow/.local/lib/python3.10/site-packages/airflow/example_dags/tutorial.py took 0.040 seconds
[2024-03-16T05:15:23.630+0000] {processor.py:157} INFO - Started process (PID=342) to work on /home/airflow/.local/lib/python3.10/site-packages/airflow/example_dags/tutorial.py
[2024-03-16T05:15:23.631+0000] {processor.py:829} INFO - Processing file /home/airflow/.local/lib/python3.10/site-packages/airflow/example_dags/tutorial.py for tasks to queue
[2024-03-16T05:15:23.632+0000] {logging_mixin.py:154} INFO - [2024-03-16T05:15:23.631+0000] {dagbag.py:536} INFO - Filling up the DagBag from /home/airflow/.local/lib/python3.10/site-packages/airflow/example_dags/tutorial.py
[2024-03-16T05:15:23.635+0000] {processor.py:839} INFO - DAG(s) dict_keys(['tutorial']) retrieved from /home/airflow/.local/lib/python3.10/site-packages/airflow/example_dags/tutorial.py
[2024-03-16T05:15:23.647+0000] {logging_mixin.py:154} INFO - [2024-03-16T05:15:23.647+0000] {dag.py:2941} INFO - Sync 1 DAGs
[2024-03-16T05:15:23.659+0000] {logging_mixin.py:154} INFO - [2024-03-16T05:15:23.659+0000] {dag.py:3722} INFO - Setting next_dagrun for tutorial to 2024-03-15T05:15:23.659555+00:00, run_after=2024-03-16T05:15:23.659555+00:00
[2024-03-16T05:15:23.668+0000] {processor.py:179} INFO - Processing /home/airflow/.local/lib/python3.10/site-packages/airflow/example_dags/tutorial.py took 0.040 seconds
[2024-03-16T05:15:54.245+0000] {processor.py:157} INFO - Started process (PID=396) to work on /home/airflow/.local/lib/python3.10/site-packages/airflow/example_dags/tutorial.py
[2024-03-16T05:15:54.246+0000] {processor.py:829} INFO - Processing file /home/airflow/.local/lib/python3.10/site-packages/airflow/example_dags/tutorial.py for tasks to queue
[2024-03-16T05:15:54.247+0000] {logging_mixin.py:154} INFO - [2024-03-16T05:15:54.247+0000] {dagbag.py:536} INFO - Filling up the DagBag from /home/airflow/.local/lib/python3.10/site-packages/airflow/example_dags/tutorial.py
[2024-03-16T05:15:54.250+0000] {processor.py:839} INFO - DAG(s) dict_keys(['tutorial']) retrieved from /home/airflow/.local/lib/python3.10/site-packages/airflow/example_dags/tutorial.py
[2024-03-16T05:15:54.262+0000] {logging_mixin.py:154} INFO - [2024-03-16T05:15:54.261+0000] {dag.py:2941} INFO - Sync 1 DAGs
[2024-03-16T05:15:54.273+0000] {logging_mixin.py:154} INFO - [2024-03-16T05:15:54.273+0000] {dag.py:3722} INFO - Setting next_dagrun for tutorial to 2024-03-15T05:15:54.273419+00:00, run_after=2024-03-16T05:15:54.273419+00:00
[2024-03-16T05:15:54.281+0000] {processor.py:179} INFO - Processing /home/airflow/.local/lib/python3.10/site-packages/airflow/example_dags/tutorial.py took 0.038 seconds
[2024-03-16T05:16:24.801+0000] {processor.py:157} INFO - Started process (PID=450) to work on /home/airflow/.local/lib/python3.10/site-packages/airflow/example_dags/tutorial.py
[2024-03-16T05:16:24.801+0000] {processor.py:829} INFO - Processing file /home/airflow/.local/lib/python3.10/site-packages/airflow/example_dags/tutorial.py for tasks to queue
[2024-03-16T05:16:24.802+0000] {logging_mixin.py:154} INFO - [2024-03-16T05:16:24.802+0000] {dagbag.py:536} INFO - Filling up the DagBag from /home/airflow/.local/lib/python3.10/site-packages/airflow/example_dags/tutorial.py
[2024-03-16T05:16:24.805+0000] {processor.py:839} INFO - DAG(s) dict_keys(['tutorial']) retrieved from /home/airflow/.local/lib/python3.10/site-packages/airflow/example_dags/tutorial.py
[2024-03-16T05:16:24.817+0000] {logging_mixin.py:154} INFO - [2024-03-16T05:16:24.817+0000] {dag.py:2941} INFO - Sync 1 DAGs
[2024-03-16T05:16:24.829+0000] {logging_mixin.py:154} INFO - [2024-03-16T05:16:24.829+0000] {dag.py:3722} INFO - Setting next_dagrun for tutorial to 2024-03-15T05:16:24.828871+00:00, run_after=2024-03-16T05:16:24.828871+00:00
[2024-03-16T05:16:24.838+0000] {processor.py:179} INFO - Processing /home/airflow/.local/lib/python3.10/site-packages/airflow/example_dags/tutorial.py took 0.039 seconds
[2024-03-16T05:16:55.417+0000] {processor.py:157} INFO - Started process (PID=504) to work on /home/airflow/.local/lib/python3.10/site-packages/airflow/example_dags/tutorial.py
[2024-03-16T05:16:55.417+0000] {processor.py:829} INFO - Processing file /home/airflow/.local/lib/python3.10/site-packages/airflow/example_dags/tutorial.py for tasks to queue
[2024-03-16T05:16:55.418+0000] {logging_mixin.py:154} INFO - [2024-03-16T05:16:55.418+0000] {dagbag.py:536} INFO - Filling up the DagBag from /home/airflow/.local/lib/python3.10/site-packages/airflow/example_dags/tutorial.py
[2024-03-16T05:16:55.421+0000] {processor.py:839} INFO - DAG(s) dict_keys(['tutorial']) retrieved from /home/airflow/.local/lib/python3.10/site-packages/airflow/example_dags/tutorial.py
[2024-03-16T05:16:55.433+0000] {logging_mixin.py:154} INFO - [2024-03-16T05:16:55.433+0000] {dag.py:2941} INFO - Sync 1 DAGs
[2024-03-16T05:16:55.444+0000] {logging_mixin.py:154} INFO - [2024-03-16T05:16:55.444+0000] {dag.py:3722} INFO - Setting next_dagrun for tutorial to 2024-03-15T05:16:55.444347+00:00, run_after=2024-03-16T05:16:55.444347+00:00
[2024-03-16T05:16:55.452+0000] {processor.py:179} INFO - Processing /home/airflow/.local/lib/python3.10/site-packages/airflow/example_dags/tutorial.py took 0.038 seconds
[2024-03-16T05:17:26.273+0000] {processor.py:157} INFO - Started process (PID=558) to work on /home/airflow/.local/lib/python3.10/site-packages/airflow/example_dags/tutorial.py
[2024-03-16T05:17:26.273+0000] {processor.py:829} INFO - Processing file /home/airflow/.local/lib/python3.10/site-packages/airflow/example_dags/tutorial.py for tasks to queue
[2024-03-16T05:17:26.274+0000] {logging_mixin.py:154} INFO - [2024-03-16T05:17:26.274+0000] {dagbag.py:536} INFO - Filling up the DagBag from /home/airflow/.local/lib/python3.10/site-packages/airflow/example_dags/tutorial.py
[2024-03-16T05:17:26.278+0000] {processor.py:839} INFO - DAG(s) dict_keys(['tutorial']) retrieved from /home/airflow/.local/lib/python3.10/site-packages/airflow/example_dags/tutorial.py
[2024-03-16T05:17:26.290+0000] {logging_mixin.py:154} INFO - [2024-03-16T05:17:26.290+0000] {dag.py:2941} INFO - Sync 1 DAGs
[2024-03-16T05:17:26.302+0000] {logging_mixin.py:154} INFO - [2024-03-16T05:17:26.302+0000] {dag.py:3722} INFO - Setting next_dagrun for tutorial to 2024-03-15T05:17:26.302650+00:00, run_after=2024-03-16T05:17:26.302650+00:00
[2024-03-16T05:17:26.311+0000] {processor.py:179} INFO - Processing /home/airflow/.local/lib/python3.10/site-packages/airflow/example_dags/tutorial.py took 0.040 seconds
[2024-03-16T05:17:56.937+0000] {processor.py:157} INFO - Started process (PID=612) to work on /home/airflow/.local/lib/python3.10/site-packages/airflow/example_dags/tutorial.py
[2024-03-16T05:17:56.938+0000] {processor.py:829} INFO - Processing file /home/airflow/.local/lib/python3.10/site-packages/airflow/example_dags/tutorial.py for tasks to queue
[2024-03-16T05:17:56.939+0000] {logging_mixin.py:154} INFO - [2024-03-16T05:17:56.938+0000] {dagbag.py:536} INFO - Filling up the DagBag from /home/airflow/.local/lib/python3.10/site-packages/airflow/example_dags/tutorial.py
[2024-03-16T05:17:56.942+0000] {processor.py:839} INFO - DAG(s) dict_keys(['tutorial']) retrieved from /home/airflow/.local/lib/python3.10/site-packages/airflow/example_dags/tutorial.py
[2024-03-16T05:17:56.954+0000] {logging_mixin.py:154} INFO - [2024-03-16T05:17:56.954+0000] {dag.py:2941} INFO - Sync 1 DAGs
[2024-03-16T05:17:56.966+0000] {logging_mixin.py:154} INFO - [2024-03-16T05:17:56.966+0000] {dag.py:3722} INFO - Setting next_dagrun for tutorial to 2024-03-15T05:17:56.966084+00:00, run_after=2024-03-16T05:17:56.966084+00:00
[2024-03-16T05:17:56.974+0000] {processor.py:179} INFO - Processing /home/airflow/.local/lib/python3.10/site-packages/airflow/example_dags/tutorial.py took 0.039 seconds
[2024-03-16T05:18:27.559+0000] {processor.py:157} INFO - Started process (PID=666) to work on /home/airflow/.local/lib/python3.10/site-packages/airflow/example_dags/tutorial.py
[2024-03-16T05:18:27.559+0000] {processor.py:829} INFO - Processing file /home/airflow/.local/lib/python3.10/site-packages/airflow/example_dags/tutorial.py for tasks to queue
[2024-03-16T05:18:27.561+0000] {logging_mixin.py:154} INFO - [2024-03-16T05:18:27.560+0000] {dagbag.py:536} INFO - Filling up the DagBag from /home/airflow/.local/lib/python3.10/site-packages/airflow/example_dags/tutorial.py
[2024-03-16T05:18:27.564+0000] {processor.py:839} INFO - DAG(s) dict_keys(['tutorial']) retrieved from /home/airflow/.local/lib/python3.10/site-packages/airflow/example_dags/tutorial.py
[2024-03-16T05:18:27.576+0000] {logging_mixin.py:154} INFO - [2024-03-16T05:18:27.576+0000] {dag.py:2941} INFO - Sync 1 DAGs
[2024-03-16T05:18:27.589+0000] {logging_mixin.py:154} INFO - [2024-03-16T05:18:27.589+0000] {dag.py:3722} INFO - Setting next_dagrun for tutorial to 2024-03-15T05:18:27.588973+00:00, run_after=2024-03-16T05:18:27.588973+00:00
[2024-03-16T05:18:27.598+0000] {processor.py:179} INFO - Processing /home/airflow/.local/lib/python3.10/site-packages/airflow/example_dags/tutorial.py took 0.042 seconds
[2024-03-16T05:18:58.259+0000] {processor.py:157} INFO - Started process (PID=720) to work on /home/airflow/.local/lib/python3.10/site-packages/airflow/example_dags/tutorial.py
[2024-03-16T05:18:58.260+0000] {processor.py:829} INFO - Processing file /home/airflow/.local/lib/python3.10/site-packages/airflow/example_dags/tutorial.py for tasks to queue
[2024-03-16T05:18:58.261+0000] {logging_mixin.py:154} INFO - [2024-03-16T05:18:58.261+0000] {dagbag.py:536} INFO - Filling up the DagBag from /home/airflow/.local/lib/python3.10/site-packages/airflow/example_dags/tutorial.py
[2024-03-16T05:18:58.264+0000] {processor.py:839} INFO - DAG(s) dict_keys(['tutorial']) retrieved from /home/airflow/.local/lib/python3.10/site-packages/airflow/example_dags/tutorial.py
[2024-03-16T05:18:58.277+0000] {logging_mixin.py:154} INFO - [2024-03-16T05:18:58.277+0000] {dag.py:2941} INFO - Sync 1 DAGs
[2024-03-16T05:18:58.289+0000] {logging_mixin.py:154} INFO - [2024-03-16T05:18:58.289+0000] {dag.py:3722} INFO - Setting next_dagrun for tutorial to 2024-03-15T05:18:58.289655+00:00, run_after=2024-03-16T05:18:58.289655+00:00
[2024-03-16T05:18:58.298+0000] {processor.py:179} INFO - Processing /home/airflow/.local/lib/python3.10/site-packages/airflow/example_dags/tutorial.py took 0.041 seconds
[2024-03-16T05:19:28.891+0000] {processor.py:157} INFO - Started process (PID=774) to work on /home/airflow/.local/lib/python3.10/site-packages/airflow/example_dags/tutorial.py
[2024-03-16T05:19:28.891+0000] {processor.py:829} INFO - Processing file /home/airflow/.local/lib/python3.10/site-packages/airflow/example_dags/tutorial.py for tasks to queue
[2024-03-16T05:19:28.892+0000] {logging_mixin.py:154} INFO - [2024-03-16T05:19:28.892+0000] {dagbag.py:536} INFO - Filling up the DagBag from /home/airflow/.local/lib/python3.10/site-packages/airflow/example_dags/tutorial.py
[2024-03-16T05:19:28.896+0000] {processor.py:839} INFO - DAG(s) dict_keys(['tutorial']) retrieved from /home/airflow/.local/lib/python3.10/site-packages/airflow/example_dags/tutorial.py
[2024-03-16T05:19:28.908+0000] {logging_mixin.py:154} INFO - [2024-03-16T05:19:28.908+0000] {dag.py:2941} INFO - Sync 1 DAGs
[2024-03-16T05:19:28.920+0000] {logging_mixin.py:154} INFO - [2024-03-16T05:19:28.920+0000] {dag.py:3722} INFO - Setting next_dagrun for tutorial to 2024-03-15T05:19:28.919903+00:00, run_after=2024-03-16T05:19:28.919903+00:00
[2024-03-16T05:19:28.928+0000] {processor.py:179} INFO - Processing /home/airflow/.local/lib/python3.10/site-packages/airflow/example_dags/tutorial.py took 0.040 seconds
[2024-03-16T05:19:59.599+0000] {processor.py:157} INFO - Started process (PID=828) to work on /home/airflow/.local/lib/python3.10/site-packages/airflow/example_dags/tutorial.py
[2024-03-16T05:19:59.600+0000] {processor.py:829} INFO - Processing file /home/airflow/.local/lib/python3.10/site-packages/airflow/example_dags/tutorial.py for tasks to queue
[2024-03-16T05:19:59.601+0000] {logging_mixin.py:154} INFO - [2024-03-16T05:19:59.600+0000] {dagbag.py:536} INFO - Filling up the DagBag from /home/airflow/.local/lib/python3.10/site-packages/airflow/example_dags/tutorial.py
[2024-03-16T05:19:59.604+0000] {processor.py:839} INFO - DAG(s) dict_keys(['tutorial']) retrieved from /home/airflow/.local/lib/python3.10/site-packages/airflow/example_dags/tutorial.py
[2024-03-16T05:19:59.616+0000] {logging_mixin.py:154} INFO - [2024-03-16T05:19:59.616+0000] {dag.py:2941} INFO - Sync 1 DAGs
[2024-03-16T05:19:59.628+0000] {logging_mixin.py:154} INFO - [2024-03-16T05:19:59.628+0000] {dag.py:3722} INFO - Setting next_dagrun for tutorial to 2024-03-15T05:19:59.627932+00:00, run_after=2024-03-16T05:19:59.627932+00:00
[2024-03-16T05:19:59.637+0000] {processor.py:179} INFO - Processing /home/airflow/.local/lib/python3.10/site-packages/airflow/example_dags/tutorial.py took 0.040 seconds
[2024-03-16T05:20:30.451+0000] {processor.py:157} INFO - Started process (PID=882) to work on /home/airflow/.local/lib/python3.10/site-packages/airflow/example_dags/tutorial.py
[2024-03-16T05:20:30.452+0000] {processor.py:829} INFO - Processing file /home/airflow/.local/lib/python3.10/site-packages/airflow/example_dags/tutorial.py for tasks to queue
[2024-03-16T05:20:30.453+0000] {logging_mixin.py:154} INFO - [2024-03-16T05:20:30.453+0000] {dagbag.py:536} INFO - Filling up the DagBag from /home/airflow/.local/lib/python3.10/site-packages/airflow/example_dags/tutorial.py
[2024-03-16T05:20:30.456+0000] {processor.py:839} INFO - DAG(s) dict_keys(['tutorial']) retrieved from /home/airflow/.local/lib/python3.10/site-packages/airflow/example_dags/tutorial.py
[2024-03-16T05:20:30.468+0000] {logging_mixin.py:154} INFO - [2024-03-16T05:20:30.468+0000] {dag.py:2941} INFO - Sync 1 DAGs
[2024-03-16T05:20:30.480+0000] {logging_mixin.py:154} INFO - [2024-03-16T05:20:30.479+0000] {dag.py:3722} INFO - Setting next_dagrun for tutorial to 2024-03-15T05:20:30.479732+00:00, run_after=2024-03-16T05:20:30.479732+00:00
[2024-03-16T05:20:30.488+0000] {processor.py:179} INFO - Processing /home/airflow/.local/lib/python3.10/site-packages/airflow/example_dags/tutorial.py took 0.039 seconds
[2024-03-16T05:21:01.003+0000] {processor.py:157} INFO - Started process (PID=936) to work on /home/airflow/.local/lib/python3.10/site-packages/airflow/example_dags/tutorial.py
[2024-03-16T05:21:01.004+0000] {processor.py:829} INFO - Processing file /home/airflow/.local/lib/python3.10/site-packages/airflow/example_dags/tutorial.py for tasks to queue
[2024-03-16T05:21:01.005+0000] {logging_mixin.py:154} INFO - [2024-03-16T05:21:01.005+0000] {dagbag.py:536} INFO - Filling up the DagBag from /home/airflow/.local/lib/python3.10/site-packages/airflow/example_dags/tutorial.py
[2024-03-16T05:21:01.009+0000] {processor.py:839} INFO - DAG(s) dict_keys(['tutorial']) retrieved from /home/airflow/.local/lib/python3.10/site-packages/airflow/example_dags/tutorial.py
[2024-03-16T05:21:01.020+0000] {logging_mixin.py:154} INFO - [2024-03-16T05:21:01.020+0000] {dag.py:2941} INFO - Sync 1 DAGs
[2024-03-16T05:21:01.032+0000] {logging_mixin.py:154} INFO - [2024-03-16T05:21:01.032+0000] {dag.py:3722} INFO - Setting next_dagrun for tutorial to 2024-03-15T05:21:01.032440+00:00, run_after=2024-03-16T05:21:01.032440+00:00
[2024-03-16T05:21:01.041+0000] {processor.py:179} INFO - Processing /home/airflow/.local/lib/python3.10/site-packages/airflow/example_dags/tutorial.py took 0.040 seconds
[2024-03-16T05:21:31.655+0000] {processor.py:157} INFO - Started process (PID=990) to work on /home/airflow/.local/lib/python3.10/site-packages/airflow/example_dags/tutorial.py
[2024-03-16T05:21:31.655+0000] {processor.py:829} INFO - Processing file /home/airflow/.local/lib/python3.10/site-packages/airflow/example_dags/tutorial.py for tasks to queue
[2024-03-16T05:21:31.656+0000] {logging_mixin.py:154} INFO - [2024-03-16T05:21:31.656+0000] {dagbag.py:536} INFO - Filling up the DagBag from /home/airflow/.local/lib/python3.10/site-packages/airflow/example_dags/tutorial.py
[2024-03-16T05:21:31.660+0000] {processor.py:839} INFO - DAG(s) dict_keys(['tutorial']) retrieved from /home/airflow/.local/lib/python3.10/site-packages/airflow/example_dags/tutorial.py
[2024-03-16T05:21:31.672+0000] {logging_mixin.py:154} INFO - [2024-03-16T05:21:31.672+0000] {dag.py:2941} INFO - Sync 1 DAGs
[2024-03-16T05:21:31.684+0000] {logging_mixin.py:154} INFO - [2024-03-16T05:21:31.684+0000] {dag.py:3722} INFO - Setting next_dagrun for tutorial to 2024-03-15T05:21:31.684104+00:00, run_after=2024-03-16T05:21:31.684104+00:00
[2024-03-16T05:21:31.693+0000] {processor.py:179} INFO - Processing /home/airflow/.local/lib/python3.10/site-packages/airflow/example_dags/tutorial.py took 0.040 seconds
[2024-03-16T05:22:02.378+0000] {processor.py:157} INFO - Started process (PID=1044) to work on /home/airflow/.local/lib/python3.10/site-packages/airflow/example_dags/tutorial.py
[2024-03-16T05:22:02.379+0000] {processor.py:829} INFO - Processing file /home/airflow/.local/lib/python3.10/site-packages/airflow/example_dags/tutorial.py for tasks to queue
[2024-03-16T05:22:02.380+0000] {logging_mixin.py:154} INFO - [2024-03-16T05:22:02.379+0000] {dagbag.py:536} INFO - Filling up the DagBag from /home/airflow/.local/lib/python3.10/site-packages/airflow/example_dags/tutorial.py
[2024-03-16T05:22:02.383+0000] {processor.py:839} INFO - DAG(s) dict_keys(['tutorial']) retrieved from /home/airflow/.local/lib/python3.10/site-packages/airflow/example_dags/tutorial.py
[2024-03-16T05:22:02.396+0000] {logging_mixin.py:154} INFO - [2024-03-16T05:22:02.396+0000] {dag.py:2941} INFO - Sync 1 DAGs
[2024-03-16T05:22:02.408+0000] {logging_mixin.py:154} INFO - [2024-03-16T05:22:02.408+0000] {dag.py:3722} INFO - Setting next_dagrun for tutorial to 2024-03-15T05:22:02.408614+00:00, run_after=2024-03-16T05:22:02.408614+00:00
[2024-03-16T05:22:02.418+0000] {processor.py:179} INFO - Processing /home/airflow/.local/lib/python3.10/site-packages/airflow/example_dags/tutorial.py took 0.042 seconds
[2024-03-16T05:22:33.131+0000] {processor.py:157} INFO - Started process (PID=1098) to work on /home/airflow/.local/lib/python3.10/site-packages/airflow/example_dags/tutorial.py
[2024-03-16T05:22:33.131+0000] {processor.py:829} INFO - Processing file /home/airflow/.local/lib/python3.10/site-packages/airflow/example_dags/tutorial.py for tasks to queue
[2024-03-16T05:22:33.132+0000] {logging_mixin.py:154} INFO - [2024-03-16T05:22:33.132+0000] {dagbag.py:536} INFO - Filling up the DagBag from /home/airflow/.local/lib/python3.10/site-packages/airflow/example_dags/tutorial.py
[2024-03-16T05:22:33.136+0000] {processor.py:839} INFO - DAG(s) dict_keys(['tutorial']) retrieved from /home/airflow/.local/lib/python3.10/site-packages/airflow/example_dags/tutorial.py
[2024-03-16T05:22:33.148+0000] {logging_mixin.py:154} INFO - [2024-03-16T05:22:33.148+0000] {dag.py:2941} INFO - Sync 1 DAGs
[2024-03-16T05:22:33.160+0000] {logging_mixin.py:154} INFO - [2024-03-16T05:22:33.160+0000] {dag.py:3722} INFO - Setting next_dagrun for tutorial to 2024-03-15T05:22:33.160410+00:00, run_after=2024-03-16T05:22:33.160410+00:00
[2024-03-16T05:22:33.169+0000] {processor.py:179} INFO - Processing /home/airflow/.local/lib/python3.10/site-packages/airflow/example_dags/tutorial.py took 0.041 seconds
[2024-03-16T05:23:03.798+0000] {processor.py:157} INFO - Started process (PID=1152) to work on /home/airflow/.local/lib/python3.10/site-packages/airflow/example_dags/tutorial.py
[2024-03-16T05:23:03.798+0000] {processor.py:829} INFO - Processing file /home/airflow/.local/lib/python3.10/site-packages/airflow/example_dags/tutorial.py for tasks to queue
[2024-03-16T05:23:03.799+0000] {logging_mixin.py:154} INFO - [2024-03-16T05:23:03.799+0000] {dagbag.py:536} INFO - Filling up the DagBag from /home/airflow/.local/lib/python3.10/site-packages/airflow/example_dags/tutorial.py
[2024-03-16T05:23:03.803+0000] {processor.py:839} INFO - DAG(s) dict_keys(['tutorial']) retrieved from /home/airflow/.local/lib/python3.10/site-packages/airflow/example_dags/tutorial.py
[2024-03-16T05:23:03.815+0000] {logging_mixin.py:154} INFO - [2024-03-16T05:23:03.815+0000] {dag.py:2941} INFO - Sync 1 DAGs
[2024-03-16T05:23:03.827+0000] {logging_mixin.py:154} INFO - [2024-03-16T05:23:03.827+0000] {dag.py:3722} INFO - Setting next_dagrun for tutorial to 2024-03-15T05:23:03.826850+00:00, run_after=2024-03-16T05:23:03.826850+00:00
[2024-03-16T05:23:03.835+0000] {processor.py:179} INFO - Processing /home/airflow/.local/lib/python3.10/site-packages/airflow/example_dags/tutorial.py took 0.039 seconds
[2024-03-16T05:23:34.591+0000] {processor.py:157} INFO - Started process (PID=1206) to work on /home/airflow/.local/lib/python3.10/site-packages/airflow/example_dags/tutorial.py
[2024-03-16T05:23:34.592+0000] {processor.py:829} INFO - Processing file /home/airflow/.local/lib/python3.10/site-packages/airflow/example_dags/tutorial.py for tasks to queue
[2024-03-16T05:23:34.593+0000] {logging_mixin.py:154} INFO - [2024-03-16T05:23:34.593+0000] {dagbag.py:536} INFO - Filling up the DagBag from /home/airflow/.local/lib/python3.10/site-packages/airflow/example_dags/tutorial.py
[2024-03-16T05:23:34.596+0000] {processor.py:839} INFO - DAG(s) dict_keys(['tutorial']) retrieved from /home/airflow/.local/lib/python3.10/site-packages/airflow/example_dags/tutorial.py
[2024-03-16T05:23:34.608+0000] {logging_mixin.py:154} INFO - [2024-03-16T05:23:34.607+0000] {dag.py:2941} INFO - Sync 1 DAGs
[2024-03-16T05:23:34.619+0000] {logging_mixin.py:154} INFO - [2024-03-16T05:23:34.619+0000] {dag.py:3722} INFO - Setting next_dagrun for tutorial to 2024-03-15T05:23:34.619310+00:00, run_after=2024-03-16T05:23:34.619310+00:00
[2024-03-16T05:23:34.628+0000] {processor.py:179} INFO - Processing /home/airflow/.local/lib/python3.10/site-packages/airflow/example_dags/tutorial.py took 0.040 seconds
[2024-03-16T05:24:05.183+0000] {processor.py:157} INFO - Started process (PID=1260) to work on /home/airflow/.local/lib/python3.10/site-packages/airflow/example_dags/tutorial.py
[2024-03-16T05:24:05.184+0000] {processor.py:829} INFO - Processing file /home/airflow/.local/lib/python3.10/site-packages/airflow/example_dags/tutorial.py for tasks to queue
[2024-03-16T05:24:05.185+0000] {logging_mixin.py:154} INFO - [2024-03-16T05:24:05.185+0000] {dagbag.py:536} INFO - Filling up the DagBag from /home/airflow/.local/lib/python3.10/site-packages/airflow/example_dags/tutorial.py
[2024-03-16T05:24:05.189+0000] {processor.py:839} INFO - DAG(s) dict_keys(['tutorial']) retrieved from /home/airflow/.local/lib/python3.10/site-packages/airflow/example_dags/tutorial.py
[2024-03-16T05:24:05.200+0000] {logging_mixin.py:154} INFO - [2024-03-16T05:24:05.200+0000] {dag.py:2941} INFO - Sync 1 DAGs
[2024-03-16T05:24:05.212+0000] {logging_mixin.py:154} INFO - [2024-03-16T05:24:05.212+0000] {dag.py:3722} INFO - Setting next_dagrun for tutorial to 2024-03-15T05:24:05.212256+00:00, run_after=2024-03-16T05:24:05.212256+00:00
[2024-03-16T05:24:05.220+0000] {processor.py:179} INFO - Processing /home/airflow/.local/lib/python3.10/site-packages/airflow/example_dags/tutorial.py took 0.039 seconds
[2024-03-16T05:24:35.885+0000] {processor.py:157} INFO - Started process (PID=1314) to work on /home/airflow/.local/lib/python3.10/site-packages/airflow/example_dags/tutorial.py
[2024-03-16T05:24:35.886+0000] {processor.py:829} INFO - Processing file /home/airflow/.local/lib/python3.10/site-packages/airflow/example_dags/tutorial.py for tasks to queue
[2024-03-16T05:24:35.887+0000] {logging_mixin.py:154} INFO - [2024-03-16T05:24:35.886+0000] {dagbag.py:536} INFO - Filling up the DagBag from /home/airflow/.local/lib/python3.10/site-packages/airflow/example_dags/tutorial.py
[2024-03-16T05:24:35.890+0000] {processor.py:839} INFO - DAG(s) dict_keys(['tutorial']) retrieved from /home/airflow/.local/lib/python3.10/site-packages/airflow/example_dags/tutorial.py
[2024-03-16T05:24:35.902+0000] {logging_mixin.py:154} INFO - [2024-03-16T05:24:35.902+0000] {dag.py:2941} INFO - Sync 1 DAGs
[2024-03-16T05:24:35.913+0000] {logging_mixin.py:154} INFO - [2024-03-16T05:24:35.913+0000] {dag.py:3722} INFO - Setting next_dagrun for tutorial to 2024-03-15T05:24:35.913564+00:00, run_after=2024-03-16T05:24:35.913564+00:00
[2024-03-16T05:24:35.922+0000] {processor.py:179} INFO - Processing /home/airflow/.local/lib/python3.10/site-packages/airflow/example_dags/tutorial.py took 0.039 seconds
[2024-03-16T05:25:06.519+0000] {processor.py:157} INFO - Started process (PID=1368) to work on /home/airflow/.local/lib/python3.10/site-packages/airflow/example_dags/tutorial.py
[2024-03-16T05:25:06.519+0000] {processor.py:829} INFO - Processing file /home/airflow/.local/lib/python3.10/site-packages/airflow/example_dags/tutorial.py for tasks to queue
[2024-03-16T05:25:06.520+0000] {logging_mixin.py:154} INFO - [2024-03-16T05:25:06.520+0000] {dagbag.py:536} INFO - Filling up the DagBag from /home/airflow/.local/lib/python3.10/site-packages/airflow/example_dags/tutorial.py
[2024-03-16T05:25:06.524+0000] {processor.py:839} INFO - DAG(s) dict_keys(['tutorial']) retrieved from /home/airflow/.local/lib/python3.10/site-packages/airflow/example_dags/tutorial.py
[2024-03-16T05:25:06.536+0000] {logging_mixin.py:154} INFO - [2024-03-16T05:25:06.536+0000] {dag.py:2941} INFO - Sync 1 DAGs
[2024-03-16T05:25:06.548+0000] {logging_mixin.py:154} INFO - [2024-03-16T05:25:06.548+0000] {dag.py:3722} INFO - Setting next_dagrun for tutorial to 2024-03-15T05:25:06.548309+00:00, run_after=2024-03-16T05:25:06.548309+00:00
[2024-03-16T05:25:06.557+0000] {processor.py:179} INFO - Processing /home/airflow/.local/lib/python3.10/site-packages/airflow/example_dags/tutorial.py took 0.040 seconds
[2024-03-16T05:25:37.143+0000] {processor.py:157} INFO - Started process (PID=1422) to work on /home/airflow/.local/lib/python3.10/site-packages/airflow/example_dags/tutorial.py
[2024-03-16T05:25:37.144+0000] {processor.py:829} INFO - Processing file /home/airflow/.local/lib/python3.10/site-packages/airflow/example_dags/tutorial.py for tasks to queue
[2024-03-16T05:25:37.145+0000] {logging_mixin.py:154} INFO - [2024-03-16T05:25:37.145+0000] {dagbag.py:536} INFO - Filling up the DagBag from /home/airflow/.local/lib/python3.10/site-packages/airflow/example_dags/tutorial.py
[2024-03-16T05:25:37.149+0000] {processor.py:839} INFO - DAG(s) dict_keys(['tutorial']) retrieved from /home/airflow/.local/lib/python3.10/site-packages/airflow/example_dags/tutorial.py
[2024-03-16T05:25:37.162+0000] {logging_mixin.py:154} INFO - [2024-03-16T05:25:37.162+0000] {dag.py:2941} INFO - Sync 1 DAGs
[2024-03-16T05:25:37.173+0000] {logging_mixin.py:154} INFO - [2024-03-16T05:25:37.173+0000] {dag.py:3722} INFO - Setting next_dagrun for tutorial to 2024-03-15T05:25:37.173324+00:00, run_after=2024-03-16T05:25:37.173324+00:00
[2024-03-16T05:25:37.181+0000] {processor.py:179} INFO - Processing /home/airflow/.local/lib/python3.10/site-packages/airflow/example_dags/tutorial.py took 0.040 seconds
[2024-03-16T05:26:07.915+0000] {processor.py:157} INFO - Started process (PID=1476) to work on /home/airflow/.local/lib/python3.10/site-packages/airflow/example_dags/tutorial.py
[2024-03-16T05:26:07.916+0000] {processor.py:829} INFO - Processing file /home/airflow/.local/lib/python3.10/site-packages/airflow/example_dags/tutorial.py for tasks to queue
[2024-03-16T05:26:07.917+0000] {logging_mixin.py:154} INFO - [2024-03-16T05:26:07.916+0000] {dagbag.py:536} INFO - Filling up the DagBag from /home/airflow/.local/lib/python3.10/site-packages/airflow/example_dags/tutorial.py
[2024-03-16T05:26:07.920+0000] {processor.py:839} INFO - DAG(s) dict_keys(['tutorial']) retrieved from /home/airflow/.local/lib/python3.10/site-packages/airflow/example_dags/tutorial.py
[2024-03-16T05:26:07.932+0000] {logging_mixin.py:154} INFO - [2024-03-16T05:26:07.932+0000] {dag.py:2941} INFO - Sync 1 DAGs
[2024-03-16T05:26:07.945+0000] {logging_mixin.py:154} INFO - [2024-03-16T05:26:07.945+0000] {dag.py:3722} INFO - Setting next_dagrun for tutorial to 2024-03-15T05:26:07.945084+00:00, run_after=2024-03-16T05:26:07.945084+00:00
[2024-03-16T05:26:07.954+0000] {processor.py:179} INFO - Processing /home/airflow/.local/lib/python3.10/site-packages/airflow/example_dags/tutorial.py took 0.041 seconds
[2024-03-16T05:26:38.536+0000] {processor.py:157} INFO - Started process (PID=1530) to work on /home/airflow/.local/lib/python3.10/site-packages/airflow/example_dags/tutorial.py
[2024-03-16T05:26:38.537+0000] {processor.py:829} INFO - Processing file /home/airflow/.local/lib/python3.10/site-packages/airflow/example_dags/tutorial.py for tasks to queue
[2024-03-16T05:26:38.538+0000] {logging_mixin.py:154} INFO - [2024-03-16T05:26:38.538+0000] {dagbag.py:536} INFO - Filling up the DagBag from /home/airflow/.local/lib/python3.10/site-packages/airflow/example_dags/tutorial.py
[2024-03-16T05:26:38.541+0000] {processor.py:839} INFO - DAG(s) dict_keys(['tutorial']) retrieved from /home/airflow/.local/lib/python3.10/site-packages/airflow/example_dags/tutorial.py
[2024-03-16T05:26:38.553+0000] {logging_mixin.py:154} INFO - [2024-03-16T05:26:38.553+0000] {dag.py:2941} INFO - Sync 1 DAGs
[2024-03-16T05:26:38.564+0000] {logging_mixin.py:154} INFO - [2024-03-16T05:26:38.564+0000] {dag.py:3722} INFO - Setting next_dagrun for tutorial to 2024-03-15T05:26:38.564660+00:00, run_after=2024-03-16T05:26:38.564660+00:00
[2024-03-16T05:26:38.573+0000] {processor.py:179} INFO - Processing /home/airflow/.local/lib/python3.10/site-packages/airflow/example_dags/tutorial.py took 0.038 seconds
[2024-03-16T05:27:09.137+0000] {processor.py:157} INFO - Started process (PID=1584) to work on /home/airflow/.local/lib/python3.10/site-packages/airflow/example_dags/tutorial.py
[2024-03-16T05:27:09.137+0000] {processor.py:829} INFO - Processing file /home/airflow/.local/lib/python3.10/site-packages/airflow/example_dags/tutorial.py for tasks to queue
[2024-03-16T05:27:09.138+0000] {logging_mixin.py:154} INFO - [2024-03-16T05:27:09.138+0000] {dagbag.py:536} INFO - Filling up the DagBag from /home/airflow/.local/lib/python3.10/site-packages/airflow/example_dags/tutorial.py
[2024-03-16T05:27:09.142+0000] {processor.py:839} INFO - DAG(s) dict_keys(['tutorial']) retrieved from /home/airflow/.local/lib/python3.10/site-packages/airflow/example_dags/tutorial.py
[2024-03-16T05:27:09.155+0000] {logging_mixin.py:154} INFO - [2024-03-16T05:27:09.154+0000] {dag.py:2941} INFO - Sync 1 DAGs
[2024-03-16T05:27:09.166+0000] {logging_mixin.py:154} INFO - [2024-03-16T05:27:09.166+0000] {dag.py:3722} INFO - Setting next_dagrun for tutorial to 2024-03-15T05:27:09.166454+00:00, run_after=2024-03-16T05:27:09.166454+00:00
[2024-03-16T05:27:09.175+0000] {processor.py:179} INFO - Processing /home/airflow/.local/lib/python3.10/site-packages/airflow/example_dags/tutorial.py took 0.040 seconds
[2024-03-16T05:27:39.775+0000] {processor.py:157} INFO - Started process (PID=1638) to work on /home/airflow/.local/lib/python3.10/site-packages/airflow/example_dags/tutorial.py
[2024-03-16T05:27:39.775+0000] {processor.py:829} INFO - Processing file /home/airflow/.local/lib/python3.10/site-packages/airflow/example_dags/tutorial.py for tasks to queue
[2024-03-16T05:27:39.776+0000] {logging_mixin.py:154} INFO - [2024-03-16T05:27:39.776+0000] {dagbag.py:536} INFO - Filling up the DagBag from /home/airflow/.local/lib/python3.10/site-packages/airflow/example_dags/tutorial.py
[2024-03-16T05:27:39.780+0000] {processor.py:839} INFO - DAG(s) dict_keys(['tutorial']) retrieved from /home/airflow/.local/lib/python3.10/site-packages/airflow/example_dags/tutorial.py
[2024-03-16T05:27:39.791+0000] {logging_mixin.py:154} INFO - [2024-03-16T05:27:39.791+0000] {dag.py:2941} INFO - Sync 1 DAGs
[2024-03-16T05:27:39.803+0000] {logging_mixin.py:154} INFO - [2024-03-16T05:27:39.803+0000] {dag.py:3722} INFO - Setting next_dagrun for tutorial to 2024-03-15T05:27:39.803412+00:00, run_after=2024-03-16T05:27:39.803412+00:00
[2024-03-16T05:27:39.812+0000] {processor.py:179} INFO - Processing /home/airflow/.local/lib/python3.10/site-packages/airflow/example_dags/tutorial.py took 0.039 seconds
[2024-03-16T05:28:10.367+0000] {processor.py:157} INFO - Started process (PID=1692) to work on /home/airflow/.local/lib/python3.10/site-packages/airflow/example_dags/tutorial.py
[2024-03-16T05:28:10.368+0000] {processor.py:829} INFO - Processing file /home/airflow/.local/lib/python3.10/site-packages/airflow/example_dags/tutorial.py for tasks to queue
[2024-03-16T05:28:10.369+0000] {logging_mixin.py:154} INFO - [2024-03-16T05:28:10.369+0000] {dagbag.py:536} INFO - Filling up the DagBag from /home/airflow/.local/lib/python3.10/site-packages/airflow/example_dags/tutorial.py
[2024-03-16T05:28:10.373+0000] {processor.py:839} INFO - DAG(s) dict_keys(['tutorial']) retrieved from /home/airflow/.local/lib/python3.10/site-packages/airflow/example_dags/tutorial.py
[2024-03-16T05:28:10.386+0000] {logging_mixin.py:154} INFO - [2024-03-16T05:28:10.386+0000] {dag.py:2941} INFO - Sync 1 DAGs
[2024-03-16T05:28:10.401+0000] {logging_mixin.py:154} INFO - [2024-03-16T05:28:10.400+0000] {dag.py:3722} INFO - Setting next_dagrun for tutorial to 2024-03-15T05:28:10.400742+00:00, run_after=2024-03-16T05:28:10.400742+00:00
[2024-03-16T05:28:10.411+0000] {processor.py:179} INFO - Processing /home/airflow/.local/lib/python3.10/site-packages/airflow/example_dags/tutorial.py took 0.046 seconds
[2024-03-16T05:28:41.064+0000] {processor.py:157} INFO - Started process (PID=1746) to work on /home/airflow/.local/lib/python3.10/site-packages/airflow/example_dags/tutorial.py
[2024-03-16T05:28:41.065+0000] {processor.py:829} INFO - Processing file /home/airflow/.local/lib/python3.10/site-packages/airflow/example_dags/tutorial.py for tasks to queue
[2024-03-16T05:28:41.066+0000] {logging_mixin.py:154} INFO - [2024-03-16T05:28:41.066+0000] {dagbag.py:536} INFO - Filling up the DagBag from /home/airflow/.local/lib/python3.10/site-packages/airflow/example_dags/tutorial.py
[2024-03-16T05:28:41.070+0000] {processor.py:839} INFO - DAG(s) dict_keys(['tutorial']) retrieved from /home/airflow/.local/lib/python3.10/site-packages/airflow/example_dags/tutorial.py
[2024-03-16T05:28:41.083+0000] {logging_mixin.py:154} INFO - [2024-03-16T05:28:41.082+0000] {dag.py:2941} INFO - Sync 1 DAGs
[2024-03-16T05:28:41.095+0000] {logging_mixin.py:154} INFO - [2024-03-16T05:28:41.095+0000] {dag.py:3722} INFO - Setting next_dagrun for tutorial to 2024-03-15T05:28:41.094945+00:00, run_after=2024-03-16T05:28:41.094945+00:00
[2024-03-16T05:28:41.104+0000] {processor.py:179} INFO - Processing /home/airflow/.local/lib/python3.10/site-packages/airflow/example_dags/tutorial.py took 0.042 seconds
[2024-03-16T05:29:11.780+0000] {processor.py:157} INFO - Started process (PID=1800) to work on /home/airflow/.local/lib/python3.10/site-packages/airflow/example_dags/tutorial.py
[2024-03-16T05:29:11.781+0000] {processor.py:829} INFO - Processing file /home/airflow/.local/lib/python3.10/site-packages/airflow/example_dags/tutorial.py for tasks to queue
[2024-03-16T05:29:11.782+0000] {logging_mixin.py:154} INFO - [2024-03-16T05:29:11.782+0000] {dagbag.py:536} INFO - Filling up the DagBag from /home/airflow/.local/lib/python3.10/site-packages/airflow/example_dags/tutorial.py
[2024-03-16T05:29:11.786+0000] {processor.py:839} INFO - DAG(s) dict_keys(['tutorial']) retrieved from /home/airflow/.local/lib/python3.10/site-packages/airflow/example_dags/tutorial.py
[2024-03-16T05:29:11.798+0000] {logging_mixin.py:154} INFO - [2024-03-16T05:29:11.798+0000] {dag.py:2941} INFO - Sync 1 DAGs
[2024-03-16T05:29:11.809+0000] {logging_mixin.py:154} INFO - [2024-03-16T05:29:11.809+0000] {dag.py:3722} INFO - Setting next_dagrun for tutorial to 2024-03-15T05:29:11.809717+00:00, run_after=2024-03-16T05:29:11.809717+00:00
[2024-03-16T05:29:11.818+0000] {processor.py:179} INFO - Processing /home/airflow/.local/lib/python3.10/site-packages/airflow/example_dags/tutorial.py took 0.040 seconds
[2024-03-16T05:29:42.514+0000] {processor.py:157} INFO - Started process (PID=1854) to work on /home/airflow/.local/lib/python3.10/site-packages/airflow/example_dags/tutorial.py
[2024-03-16T05:29:42.514+0000] {processor.py:829} INFO - Processing file /home/airflow/.local/lib/python3.10/site-packages/airflow/example_dags/tutorial.py for tasks to queue
[2024-03-16T05:29:42.515+0000] {logging_mixin.py:154} INFO - [2024-03-16T05:29:42.515+0000] {dagbag.py:536} INFO - Filling up the DagBag from /home/airflow/.local/lib/python3.10/site-packages/airflow/example_dags/tutorial.py
[2024-03-16T05:29:42.518+0000] {processor.py:839} INFO - DAG(s) dict_keys(['tutorial']) retrieved from /home/airflow/.local/lib/python3.10/site-packages/airflow/example_dags/tutorial.py
[2024-03-16T05:29:42.531+0000] {logging_mixin.py:154} INFO - [2024-03-16T05:29:42.531+0000] {dag.py:2941} INFO - Sync 1 DAGs
[2024-03-16T05:29:42.543+0000] {logging_mixin.py:154} INFO - [2024-03-16T05:29:42.542+0000] {dag.py:3722} INFO - Setting next_dagrun for tutorial to 2024-03-15T05:29:42.542775+00:00, run_after=2024-03-16T05:29:42.542775+00:00
[2024-03-16T05:29:42.551+0000] {processor.py:179} INFO - Processing /home/airflow/.local/lib/python3.10/site-packages/airflow/example_dags/tutorial.py took 0.039 seconds
[2024-03-16T05:30:13.330+0000] {processor.py:157} INFO - Started process (PID=1908) to work on /home/airflow/.local/lib/python3.10/site-packages/airflow/example_dags/tutorial.py
[2024-03-16T05:30:13.331+0000] {processor.py:829} INFO - Processing file /home/airflow/.local/lib/python3.10/site-packages/airflow/example_dags/tutorial.py for tasks to queue
[2024-03-16T05:30:13.332+0000] {logging_mixin.py:154} INFO - [2024-03-16T05:30:13.332+0000] {dagbag.py:536} INFO - Filling up the DagBag from /home/airflow/.local/lib/python3.10/site-packages/airflow/example_dags/tutorial.py
[2024-03-16T05:30:13.336+0000] {processor.py:839} INFO - DAG(s) dict_keys(['tutorial']) retrieved from /home/airflow/.local/lib/python3.10/site-packages/airflow/example_dags/tutorial.py
[2024-03-16T05:30:13.348+0000] {logging_mixin.py:154} INFO - [2024-03-16T05:30:13.348+0000] {dag.py:2941} INFO - Sync 1 DAGs
[2024-03-16T05:30:13.360+0000] {logging_mixin.py:154} INFO - [2024-03-16T05:30:13.360+0000] {dag.py:3722} INFO - Setting next_dagrun for tutorial to 2024-03-15T05:30:13.360232+00:00, run_after=2024-03-16T05:30:13.360232+00:00
[2024-03-16T05:30:13.368+0000] {processor.py:179} INFO - Processing /home/airflow/.local/lib/python3.10/site-packages/airflow/example_dags/tutorial.py took 0.040 seconds
[2024-03-16T05:30:44.131+0000] {processor.py:157} INFO - Started process (PID=1962) to work on /home/airflow/.local/lib/python3.10/site-packages/airflow/example_dags/tutorial.py
[2024-03-16T05:30:44.131+0000] {processor.py:829} INFO - Processing file /home/airflow/.local/lib/python3.10/site-packages/airflow/example_dags/tutorial.py for tasks to queue
[2024-03-16T05:30:44.132+0000] {logging_mixin.py:154} INFO - [2024-03-16T05:30:44.132+0000] {dagbag.py:536} INFO - Filling up the DagBag from /home/airflow/.local/lib/python3.10/site-packages/airflow/example_dags/tutorial.py
[2024-03-16T05:30:44.135+0000] {processor.py:839} INFO - DAG(s) dict_keys(['tutorial']) retrieved from /home/airflow/.local/lib/python3.10/site-packages/airflow/example_dags/tutorial.py
[2024-03-16T05:30:44.148+0000] {logging_mixin.py:154} INFO - [2024-03-16T05:30:44.148+0000] {dag.py:2941} INFO - Sync 1 DAGs
[2024-03-16T05:30:44.159+0000] {logging_mixin.py:154} INFO - [2024-03-16T05:30:44.159+0000] {dag.py:3722} INFO - Setting next_dagrun for tutorial to 2024-03-15T05:30:44.159407+00:00, run_after=2024-03-16T05:30:44.159407+00:00
[2024-03-16T05:30:44.168+0000] {processor.py:179} INFO - Processing /home/airflow/.local/lib/python3.10/site-packages/airflow/example_dags/tutorial.py took 0.039 seconds
[2024-03-16T05:31:14.743+0000] {processor.py:157} INFO - Started process (PID=2023) to work on /home/airflow/.local/lib/python3.10/site-packages/airflow/example_dags/tutorial.py
[2024-03-16T05:31:14.743+0000] {processor.py:829} INFO - Processing file /home/airflow/.local/lib/python3.10/site-packages/airflow/example_dags/tutorial.py for tasks to queue
[2024-03-16T05:31:14.744+0000] {logging_mixin.py:154} INFO - [2024-03-16T05:31:14.744+0000] {dagbag.py:536} INFO - Filling up the DagBag from /home/airflow/.local/lib/python3.10/site-packages/airflow/example_dags/tutorial.py
[2024-03-16T05:31:14.748+0000] {processor.py:839} INFO - DAG(s) dict_keys(['tutorial']) retrieved from /home/airflow/.local/lib/python3.10/site-packages/airflow/example_dags/tutorial.py
[2024-03-16T05:31:14.760+0000] {logging_mixin.py:154} INFO - [2024-03-16T05:31:14.760+0000] {dag.py:2941} INFO - Sync 1 DAGs
[2024-03-16T05:31:14.773+0000] {logging_mixin.py:154} INFO - [2024-03-16T05:31:14.773+0000] {dag.py:3722} INFO - Setting next_dagrun for tutorial to 2024-03-15T05:31:14.772907+00:00, run_after=2024-03-16T05:31:14.772907+00:00
[2024-03-16T05:31:14.782+0000] {processor.py:179} INFO - Processing /home/airflow/.local/lib/python3.10/site-packages/airflow/example_dags/tutorial.py took 0.041 seconds
[2024-03-16T05:31:45.516+0000] {processor.py:157} INFO - Started process (PID=2077) to work on /home/airflow/.local/lib/python3.10/site-packages/airflow/example_dags/tutorial.py
[2024-03-16T05:31:45.516+0000] {processor.py:829} INFO - Processing file /home/airflow/.local/lib/python3.10/site-packages/airflow/example_dags/tutorial.py for tasks to queue
[2024-03-16T05:31:45.518+0000] {logging_mixin.py:154} INFO - [2024-03-16T05:31:45.517+0000] {dagbag.py:536} INFO - Filling up the DagBag from /home/airflow/.local/lib/python3.10/site-packages/airflow/example_dags/tutorial.py
[2024-03-16T05:31:45.522+0000] {processor.py:839} INFO - DAG(s) dict_keys(['tutorial']) retrieved from /home/airflow/.local/lib/python3.10/site-packages/airflow/example_dags/tutorial.py
[2024-03-16T05:31:45.535+0000] {logging_mixin.py:154} INFO - [2024-03-16T05:31:45.534+0000] {dag.py:2941} INFO - Sync 1 DAGs
[2024-03-16T05:31:45.547+0000] {logging_mixin.py:154} INFO - [2024-03-16T05:31:45.547+0000] {dag.py:3722} INFO - Setting next_dagrun for tutorial to 2024-03-15T05:31:45.547599+00:00, run_after=2024-03-16T05:31:45.547599+00:00
[2024-03-16T05:31:45.557+0000] {processor.py:179} INFO - Processing /home/airflow/.local/lib/python3.10/site-packages/airflow/example_dags/tutorial.py took 0.043 seconds
[2024-03-16T05:32:16.376+0000] {processor.py:157} INFO - Started process (PID=2131) to work on /home/airflow/.local/lib/python3.10/site-packages/airflow/example_dags/tutorial.py
[2024-03-16T05:32:16.377+0000] {processor.py:829} INFO - Processing file /home/airflow/.local/lib/python3.10/site-packages/airflow/example_dags/tutorial.py for tasks to queue
[2024-03-16T05:32:16.378+0000] {logging_mixin.py:154} INFO - [2024-03-16T05:32:16.378+0000] {dagbag.py:536} INFO - Filling up the DagBag from /home/airflow/.local/lib/python3.10/site-packages/airflow/example_dags/tutorial.py
[2024-03-16T05:32:16.381+0000] {processor.py:839} INFO - DAG(s) dict_keys(['tutorial']) retrieved from /home/airflow/.local/lib/python3.10/site-packages/airflow/example_dags/tutorial.py
[2024-03-16T05:32:16.394+0000] {logging_mixin.py:154} INFO - [2024-03-16T05:32:16.394+0000] {dag.py:2941} INFO - Sync 1 DAGs
[2024-03-16T05:32:16.406+0000] {logging_mixin.py:154} INFO - [2024-03-16T05:32:16.406+0000] {dag.py:3722} INFO - Setting next_dagrun for tutorial to 2024-03-15T05:32:16.406027+00:00, run_after=2024-03-16T05:32:16.406027+00:00
[2024-03-16T05:32:16.414+0000] {processor.py:179} INFO - Processing /home/airflow/.local/lib/python3.10/site-packages/airflow/example_dags/tutorial.py took 0.040 seconds
[2024-03-16T05:32:46.969+0000] {processor.py:157} INFO - Started process (PID=2185) to work on /home/airflow/.local/lib/python3.10/site-packages/airflow/example_dags/tutorial.py
[2024-03-16T05:32:46.969+0000] {processor.py:829} INFO - Processing file /home/airflow/.local/lib/python3.10/site-packages/airflow/example_dags/tutorial.py for tasks to queue
[2024-03-16T05:32:46.970+0000] {logging_mixin.py:154} INFO - [2024-03-16T05:32:46.970+0000] {dagbag.py:536} INFO - Filling up the DagBag from /home/airflow/.local/lib/python3.10/site-packages/airflow/example_dags/tutorial.py
[2024-03-16T05:32:46.974+0000] {processor.py:839} INFO - DAG(s) dict_keys(['tutorial']) retrieved from /home/airflow/.local/lib/python3.10/site-packages/airflow/example_dags/tutorial.py
[2024-03-16T05:32:46.987+0000] {logging_mixin.py:154} INFO - [2024-03-16T05:32:46.986+0000] {dag.py:2941} INFO - Sync 1 DAGs
[2024-03-16T05:32:46.999+0000] {logging_mixin.py:154} INFO - [2024-03-16T05:32:46.998+0000] {dag.py:3722} INFO - Setting next_dagrun for tutorial to 2024-03-15T05:32:46.998736+00:00, run_after=2024-03-16T05:32:46.998736+00:00
[2024-03-16T05:32:47.007+0000] {processor.py:179} INFO - Processing /home/airflow/.local/lib/python3.10/site-packages/airflow/example_dags/tutorial.py took 0.041 seconds
[2024-03-16T05:33:17.666+0000] {processor.py:157} INFO - Started process (PID=2239) to work on /home/airflow/.local/lib/python3.10/site-packages/airflow/example_dags/tutorial.py
[2024-03-16T05:33:17.667+0000] {processor.py:829} INFO - Processing file /home/airflow/.local/lib/python3.10/site-packages/airflow/example_dags/tutorial.py for tasks to queue
[2024-03-16T05:33:17.668+0000] {logging_mixin.py:154} INFO - [2024-03-16T05:33:17.668+0000] {dagbag.py:536} INFO - Filling up the DagBag from /home/airflow/.local/lib/python3.10/site-packages/airflow/example_dags/tutorial.py
[2024-03-16T05:33:17.671+0000] {processor.py:839} INFO - DAG(s) dict_keys(['tutorial']) retrieved from /home/airflow/.local/lib/python3.10/site-packages/airflow/example_dags/tutorial.py
[2024-03-16T05:33:17.683+0000] {logging_mixin.py:154} INFO - [2024-03-16T05:33:17.683+0000] {dag.py:2941} INFO - Sync 1 DAGs
[2024-03-16T05:33:17.695+0000] {logging_mixin.py:154} INFO - [2024-03-16T05:33:17.695+0000] {dag.py:3722} INFO - Setting next_dagrun for tutorial to 2024-03-15T05:33:17.694966+00:00, run_after=2024-03-16T05:33:17.694966+00:00
[2024-03-16T05:33:17.703+0000] {processor.py:179} INFO - Processing /home/airflow/.local/lib/python3.10/site-packages/airflow/example_dags/tutorial.py took 0.039 seconds
[2024-03-16T05:33:48.495+0000] {processor.py:157} INFO - Started process (PID=2293) to work on /home/airflow/.local/lib/python3.10/site-packages/airflow/example_dags/tutorial.py
[2024-03-16T05:33:48.496+0000] {processor.py:829} INFO - Processing file /home/airflow/.local/lib/python3.10/site-packages/airflow/example_dags/tutorial.py for tasks to queue
[2024-03-16T05:33:48.497+0000] {logging_mixin.py:154} INFO - [2024-03-16T05:33:48.496+0000] {dagbag.py:536} INFO - Filling up the DagBag from /home/airflow/.local/lib/python3.10/site-packages/airflow/example_dags/tutorial.py
[2024-03-16T05:33:48.500+0000] {processor.py:839} INFO - DAG(s) dict_keys(['tutorial']) retrieved from /home/airflow/.local/lib/python3.10/site-packages/airflow/example_dags/tutorial.py
[2024-03-16T05:33:48.513+0000] {logging_mixin.py:154} INFO - [2024-03-16T05:33:48.513+0000] {dag.py:2941} INFO - Sync 1 DAGs
[2024-03-16T05:33:48.525+0000] {logging_mixin.py:154} INFO - [2024-03-16T05:33:48.524+0000] {dag.py:3722} INFO - Setting next_dagrun for tutorial to 2024-03-15T05:33:48.524764+00:00, run_after=2024-03-16T05:33:48.524764+00:00
[2024-03-16T05:33:48.533+0000] {processor.py:179} INFO - Processing /home/airflow/.local/lib/python3.10/site-packages/airflow/example_dags/tutorial.py took 0.040 seconds
[2024-03-16T05:34:19.168+0000] {processor.py:157} INFO - Started process (PID=2347) to work on /home/airflow/.local/lib/python3.10/site-packages/airflow/example_dags/tutorial.py
[2024-03-16T05:34:19.169+0000] {processor.py:829} INFO - Processing file /home/airflow/.local/lib/python3.10/site-packages/airflow/example_dags/tutorial.py for tasks to queue
[2024-03-16T05:34:19.170+0000] {logging_mixin.py:154} INFO - [2024-03-16T05:34:19.170+0000] {dagbag.py:536} INFO - Filling up the DagBag from /home/airflow/.local/lib/python3.10/site-packages/airflow/example_dags/tutorial.py
[2024-03-16T05:34:19.173+0000] {processor.py:839} INFO - DAG(s) dict_keys(['tutorial']) retrieved from /home/airflow/.local/lib/python3.10/site-packages/airflow/example_dags/tutorial.py
[2024-03-16T05:34:19.187+0000] {logging_mixin.py:154} INFO - [2024-03-16T05:34:19.186+0000] {dag.py:2941} INFO - Sync 1 DAGs
[2024-03-16T05:34:19.198+0000] {logging_mixin.py:154} INFO - [2024-03-16T05:34:19.198+0000] {dag.py:3722} INFO - Setting next_dagrun for tutorial to 2024-03-15T05:34:19.198596+00:00, run_after=2024-03-16T05:34:19.198596+00:00
[2024-03-16T05:34:19.207+0000] {processor.py:179} INFO - Processing /home/airflow/.local/lib/python3.10/site-packages/airflow/example_dags/tutorial.py took 0.041 seconds
[2024-03-16T05:34:49.980+0000] {processor.py:157} INFO - Started process (PID=2401) to work on /home/airflow/.local/lib/python3.10/site-packages/airflow/example_dags/tutorial.py
[2024-03-16T05:34:49.981+0000] {processor.py:829} INFO - Processing file /home/airflow/.local/lib/python3.10/site-packages/airflow/example_dags/tutorial.py for tasks to queue
[2024-03-16T05:34:49.982+0000] {logging_mixin.py:154} INFO - [2024-03-16T05:34:49.981+0000] {dagbag.py:536} INFO - Filling up the DagBag from /home/airflow/.local/lib/python3.10/site-packages/airflow/example_dags/tutorial.py
[2024-03-16T05:34:49.985+0000] {processor.py:839} INFO - DAG(s) dict_keys(['tutorial']) retrieved from /home/airflow/.local/lib/python3.10/site-packages/airflow/example_dags/tutorial.py
[2024-03-16T05:34:49.998+0000] {logging_mixin.py:154} INFO - [2024-03-16T05:34:49.998+0000] {dag.py:2941} INFO - Sync 1 DAGs
[2024-03-16T05:34:50.010+0000] {logging_mixin.py:154} INFO - [2024-03-16T05:34:50.010+0000] {dag.py:3722} INFO - Setting next_dagrun for tutorial to 2024-03-15T05:34:50.010422+00:00, run_after=2024-03-16T05:34:50.010422+00:00
[2024-03-16T05:34:50.019+0000] {processor.py:179} INFO - Processing /home/airflow/.local/lib/python3.10/site-packages/airflow/example_dags/tutorial.py took 0.041 seconds
[2024-03-16T05:35:20.578+0000] {processor.py:157} INFO - Started process (PID=2455) to work on /home/airflow/.local/lib/python3.10/site-packages/airflow/example_dags/tutorial.py
[2024-03-16T05:35:20.578+0000] {processor.py:829} INFO - Processing file /home/airflow/.local/lib/python3.10/site-packages/airflow/example_dags/tutorial.py for tasks to queue
[2024-03-16T05:35:20.579+0000] {logging_mixin.py:154} INFO - [2024-03-16T05:35:20.579+0000] {dagbag.py:536} INFO - Filling up the DagBag from /home/airflow/.local/lib/python3.10/site-packages/airflow/example_dags/tutorial.py
[2024-03-16T05:35:20.583+0000] {processor.py:839} INFO - DAG(s) dict_keys(['tutorial']) retrieved from /home/airflow/.local/lib/python3.10/site-packages/airflow/example_dags/tutorial.py
[2024-03-16T05:35:20.596+0000] {logging_mixin.py:154} INFO - [2024-03-16T05:35:20.596+0000] {dag.py:2941} INFO - Sync 1 DAGs
[2024-03-16T05:35:20.608+0000] {logging_mixin.py:154} INFO - [2024-03-16T05:35:20.608+0000] {dag.py:3722} INFO - Setting next_dagrun for tutorial to 2024-03-15T05:35:20.608128+00:00, run_after=2024-03-16T05:35:20.608128+00:00
[2024-03-16T05:35:20.617+0000] {processor.py:179} INFO - Processing /home/airflow/.local/lib/python3.10/site-packages/airflow/example_dags/tutorial.py took 0.042 seconds
[2024-03-16T05:35:51.179+0000] {processor.py:157} INFO - Started process (PID=2509) to work on /home/airflow/.local/lib/python3.10/site-packages/airflow/example_dags/tutorial.py
[2024-03-16T05:35:51.179+0000] {processor.py:829} INFO - Processing file /home/airflow/.local/lib/python3.10/site-packages/airflow/example_dags/tutorial.py for tasks to queue
[2024-03-16T05:35:51.180+0000] {logging_mixin.py:154} INFO - [2024-03-16T05:35:51.180+0000] {dagbag.py:536} INFO - Filling up the DagBag from /home/airflow/.local/lib/python3.10/site-packages/airflow/example_dags/tutorial.py
[2024-03-16T05:35:51.184+0000] {processor.py:839} INFO - DAG(s) dict_keys(['tutorial']) retrieved from /home/airflow/.local/lib/python3.10/site-packages/airflow/example_dags/tutorial.py
[2024-03-16T05:35:51.196+0000] {logging_mixin.py:154} INFO - [2024-03-16T05:35:51.196+0000] {dag.py:2941} INFO - Sync 1 DAGs
[2024-03-16T05:35:51.209+0000] {logging_mixin.py:154} INFO - [2024-03-16T05:35:51.209+0000] {dag.py:3722} INFO - Setting next_dagrun for tutorial to 2024-03-15T05:35:51.209103+00:00, run_after=2024-03-16T05:35:51.209103+00:00
[2024-03-16T05:35:51.217+0000] {processor.py:179} INFO - Processing /home/airflow/.local/lib/python3.10/site-packages/airflow/example_dags/tutorial.py took 0.041 seconds
[2024-03-16T05:36:21.864+0000] {processor.py:157} INFO - Started process (PID=2563) to work on /home/airflow/.local/lib/python3.10/site-packages/airflow/example_dags/tutorial.py
[2024-03-16T05:36:21.865+0000] {processor.py:829} INFO - Processing file /home/airflow/.local/lib/python3.10/site-packages/airflow/example_dags/tutorial.py for tasks to queue
[2024-03-16T05:36:21.866+0000] {logging_mixin.py:154} INFO - [2024-03-16T05:36:21.866+0000] {dagbag.py:536} INFO - Filling up the DagBag from /home/airflow/.local/lib/python3.10/site-packages/airflow/example_dags/tutorial.py
[2024-03-16T05:36:21.869+0000] {processor.py:839} INFO - DAG(s) dict_keys(['tutorial']) retrieved from /home/airflow/.local/lib/python3.10/site-packages/airflow/example_dags/tutorial.py
[2024-03-16T05:36:21.881+0000] {logging_mixin.py:154} INFO - [2024-03-16T05:36:21.881+0000] {dag.py:2941} INFO - Sync 1 DAGs
[2024-03-16T05:36:21.893+0000] {logging_mixin.py:154} INFO - [2024-03-16T05:36:21.893+0000] {dag.py:3722} INFO - Setting next_dagrun for tutorial to 2024-03-15T05:36:21.893453+00:00, run_after=2024-03-16T05:36:21.893453+00:00
[2024-03-16T05:36:21.902+0000] {processor.py:179} INFO - Processing /home/airflow/.local/lib/python3.10/site-packages/airflow/example_dags/tutorial.py took 0.040 seconds
[2024-03-16T05:36:52.544+0000] {processor.py:157} INFO - Started process (PID=2617) to work on /home/airflow/.local/lib/python3.10/site-packages/airflow/example_dags/tutorial.py
[2024-03-16T05:36:52.545+0000] {processor.py:829} INFO - Processing file /home/airflow/.local/lib/python3.10/site-packages/airflow/example_dags/tutorial.py for tasks to queue
[2024-03-16T05:36:52.546+0000] {logging_mixin.py:154} INFO - [2024-03-16T05:36:52.546+0000] {dagbag.py:536} INFO - Filling up the DagBag from /home/airflow/.local/lib/python3.10/site-packages/airflow/example_dags/tutorial.py
[2024-03-16T05:36:52.549+0000] {processor.py:839} INFO - DAG(s) dict_keys(['tutorial']) retrieved from /home/airflow/.local/lib/python3.10/site-packages/airflow/example_dags/tutorial.py
[2024-03-16T05:36:52.562+0000] {logging_mixin.py:154} INFO - [2024-03-16T05:36:52.562+0000] {dag.py:2941} INFO - Sync 1 DAGs
[2024-03-16T05:36:52.576+0000] {logging_mixin.py:154} INFO - [2024-03-16T05:36:52.575+0000] {dag.py:3722} INFO - Setting next_dagrun for tutorial to 2024-03-15T05:36:52.575825+00:00, run_after=2024-03-16T05:36:52.575825+00:00
[2024-03-16T05:36:52.585+0000] {processor.py:179} INFO - Processing /home/airflow/.local/lib/python3.10/site-packages/airflow/example_dags/tutorial.py took 0.043 seconds
[2024-03-16T05:37:23.306+0000] {processor.py:157} INFO - Started process (PID=2671) to work on /home/airflow/.local/lib/python3.10/site-packages/airflow/example_dags/tutorial.py
[2024-03-16T05:37:23.307+0000] {processor.py:829} INFO - Processing file /home/airflow/.local/lib/python3.10/site-packages/airflow/example_dags/tutorial.py for tasks to queue
[2024-03-16T05:37:23.308+0000] {logging_mixin.py:154} INFO - [2024-03-16T05:37:23.308+0000] {dagbag.py:536} INFO - Filling up the DagBag from /home/airflow/.local/lib/python3.10/site-packages/airflow/example_dags/tutorial.py
[2024-03-16T05:37:23.311+0000] {processor.py:839} INFO - DAG(s) dict_keys(['tutorial']) retrieved from /home/airflow/.local/lib/python3.10/site-packages/airflow/example_dags/tutorial.py
[2024-03-16T05:37:23.324+0000] {logging_mixin.py:154} INFO - [2024-03-16T05:37:23.324+0000] {dag.py:2941} INFO - Sync 1 DAGs
[2024-03-16T05:37:23.336+0000] {logging_mixin.py:154} INFO - [2024-03-16T05:37:23.336+0000] {dag.py:3722} INFO - Setting next_dagrun for tutorial to 2024-03-15T05:37:23.336523+00:00, run_after=2024-03-16T05:37:23.336523+00:00
[2024-03-16T05:37:23.347+0000] {processor.py:179} INFO - Processing /home/airflow/.local/lib/python3.10/site-packages/airflow/example_dags/tutorial.py took 0.043 seconds
[2024-03-16T05:37:53.986+0000] {processor.py:157} INFO - Started process (PID=2725) to work on /home/airflow/.local/lib/python3.10/site-packages/airflow/example_dags/tutorial.py
[2024-03-16T05:37:53.987+0000] {processor.py:829} INFO - Processing file /home/airflow/.local/lib/python3.10/site-packages/airflow/example_dags/tutorial.py for tasks to queue
[2024-03-16T05:37:53.988+0000] {logging_mixin.py:154} INFO - [2024-03-16T05:37:53.988+0000] {dagbag.py:536} INFO - Filling up the DagBag from /home/airflow/.local/lib/python3.10/site-packages/airflow/example_dags/tutorial.py
[2024-03-16T05:37:53.991+0000] {processor.py:839} INFO - DAG(s) dict_keys(['tutorial']) retrieved from /home/airflow/.local/lib/python3.10/site-packages/airflow/example_dags/tutorial.py
[2024-03-16T05:37:54.003+0000] {logging_mixin.py:154} INFO - [2024-03-16T05:37:54.003+0000] {dag.py:2941} INFO - Sync 1 DAGs
[2024-03-16T05:37:54.015+0000] {logging_mixin.py:154} INFO - [2024-03-16T05:37:54.015+0000] {dag.py:3722} INFO - Setting next_dagrun for tutorial to 2024-03-15T05:37:54.015674+00:00, run_after=2024-03-16T05:37:54.015674+00:00
[2024-03-16T05:37:54.024+0000] {processor.py:179} INFO - Processing /home/airflow/.local/lib/python3.10/site-packages/airflow/example_dags/tutorial.py took 0.040 seconds
[2024-03-16T05:38:24.726+0000] {processor.py:157} INFO - Started process (PID=2779) to work on /home/airflow/.local/lib/python3.10/site-packages/airflow/example_dags/tutorial.py
[2024-03-16T05:38:24.727+0000] {processor.py:829} INFO - Processing file /home/airflow/.local/lib/python3.10/site-packages/airflow/example_dags/tutorial.py for tasks to queue
[2024-03-16T05:38:24.728+0000] {logging_mixin.py:154} INFO - [2024-03-16T05:38:24.728+0000] {dagbag.py:536} INFO - Filling up the DagBag from /home/airflow/.local/lib/python3.10/site-packages/airflow/example_dags/tutorial.py
[2024-03-16T05:38:24.732+0000] {processor.py:839} INFO - DAG(s) dict_keys(['tutorial']) retrieved from /home/airflow/.local/lib/python3.10/site-packages/airflow/example_dags/tutorial.py
[2024-03-16T05:38:24.744+0000] {logging_mixin.py:154} INFO - [2024-03-16T05:38:24.744+0000] {dag.py:2941} INFO - Sync 1 DAGs
[2024-03-16T05:38:24.755+0000] {logging_mixin.py:154} INFO - [2024-03-16T05:38:24.755+0000] {dag.py:3722} INFO - Setting next_dagrun for tutorial to 2024-03-15T05:38:24.755715+00:00, run_after=2024-03-16T05:38:24.755715+00:00
[2024-03-16T05:38:24.764+0000] {processor.py:179} INFO - Processing /home/airflow/.local/lib/python3.10/site-packages/airflow/example_dags/tutorial.py took 0.040 seconds
[2024-03-16T05:38:55.491+0000] {processor.py:157} INFO - Started process (PID=2833) to work on /home/airflow/.local/lib/python3.10/site-packages/airflow/example_dags/tutorial.py
[2024-03-16T05:38:55.491+0000] {processor.py:829} INFO - Processing file /home/airflow/.local/lib/python3.10/site-packages/airflow/example_dags/tutorial.py for tasks to queue
[2024-03-16T05:38:55.492+0000] {logging_mixin.py:154} INFO - [2024-03-16T05:38:55.492+0000] {dagbag.py:536} INFO - Filling up the DagBag from /home/airflow/.local/lib/python3.10/site-packages/airflow/example_dags/tutorial.py
[2024-03-16T05:38:55.496+0000] {processor.py:839} INFO - DAG(s) dict_keys(['tutorial']) retrieved from /home/airflow/.local/lib/python3.10/site-packages/airflow/example_dags/tutorial.py
[2024-03-16T05:38:55.507+0000] {logging_mixin.py:154} INFO - [2024-03-16T05:38:55.507+0000] {dag.py:2941} INFO - Sync 1 DAGs
[2024-03-16T05:38:55.519+0000] {logging_mixin.py:154} INFO - [2024-03-16T05:38:55.519+0000] {dag.py:3722} INFO - Setting next_dagrun for tutorial to 2024-03-15T05:38:55.518883+00:00, run_after=2024-03-16T05:38:55.518883+00:00
[2024-03-16T05:38:55.527+0000] {processor.py:179} INFO - Processing /home/airflow/.local/lib/python3.10/site-packages/airflow/example_dags/tutorial.py took 0.039 seconds
[2024-03-16T05:39:26.273+0000] {processor.py:157} INFO - Started process (PID=2887) to work on /home/airflow/.local/lib/python3.10/site-packages/airflow/example_dags/tutorial.py
[2024-03-16T05:39:26.273+0000] {processor.py:829} INFO - Processing file /home/airflow/.local/lib/python3.10/site-packages/airflow/example_dags/tutorial.py for tasks to queue
[2024-03-16T05:39:26.274+0000] {logging_mixin.py:154} INFO - [2024-03-16T05:39:26.274+0000] {dagbag.py:536} INFO - Filling up the DagBag from /home/airflow/.local/lib/python3.10/site-packages/airflow/example_dags/tutorial.py
[2024-03-16T05:39:26.277+0000] {processor.py:839} INFO - DAG(s) dict_keys(['tutorial']) retrieved from /home/airflow/.local/lib/python3.10/site-packages/airflow/example_dags/tutorial.py
[2024-03-16T05:39:26.290+0000] {logging_mixin.py:154} INFO - [2024-03-16T05:39:26.290+0000] {dag.py:2941} INFO - Sync 1 DAGs
[2024-03-16T05:39:26.302+0000] {logging_mixin.py:154} INFO - [2024-03-16T05:39:26.302+0000] {dag.py:3722} INFO - Setting next_dagrun for tutorial to 2024-03-15T05:39:26.302575+00:00, run_after=2024-03-16T05:39:26.302575+00:00
[2024-03-16T05:39:26.311+0000] {processor.py:179} INFO - Processing /home/airflow/.local/lib/python3.10/site-packages/airflow/example_dags/tutorial.py took 0.041 seconds
[2024-03-16T05:39:56.964+0000] {processor.py:157} INFO - Started process (PID=2941) to work on /home/airflow/.local/lib/python3.10/site-packages/airflow/example_dags/tutorial.py
[2024-03-16T05:39:56.964+0000] {processor.py:829} INFO - Processing file /home/airflow/.local/lib/python3.10/site-packages/airflow/example_dags/tutorial.py for tasks to queue
[2024-03-16T05:39:56.966+0000] {logging_mixin.py:154} INFO - [2024-03-16T05:39:56.965+0000] {dagbag.py:536} INFO - Filling up the DagBag from /home/airflow/.local/lib/python3.10/site-packages/airflow/example_dags/tutorial.py
[2024-03-16T05:39:56.969+0000] {processor.py:839} INFO - DAG(s) dict_keys(['tutorial']) retrieved from /home/airflow/.local/lib/python3.10/site-packages/airflow/example_dags/tutorial.py
[2024-03-16T05:39:56.983+0000] {logging_mixin.py:154} INFO - [2024-03-16T05:39:56.983+0000] {dag.py:2941} INFO - Sync 1 DAGs
[2024-03-16T05:39:56.996+0000] {logging_mixin.py:154} INFO - [2024-03-16T05:39:56.996+0000] {dag.py:3722} INFO - Setting next_dagrun for tutorial to 2024-03-15T05:39:56.996201+00:00, run_after=2024-03-16T05:39:56.996201+00:00
[2024-03-16T05:39:57.005+0000] {processor.py:179} INFO - Processing /home/airflow/.local/lib/python3.10/site-packages/airflow/example_dags/tutorial.py took 0.044 seconds
[2024-03-16T05:40:27.757+0000] {processor.py:157} INFO - Started process (PID=2995) to work on /home/airflow/.local/lib/python3.10/site-packages/airflow/example_dags/tutorial.py
[2024-03-16T05:40:27.758+0000] {processor.py:829} INFO - Processing file /home/airflow/.local/lib/python3.10/site-packages/airflow/example_dags/tutorial.py for tasks to queue
[2024-03-16T05:40:27.759+0000] {logging_mixin.py:154} INFO - [2024-03-16T05:40:27.759+0000] {dagbag.py:536} INFO - Filling up the DagBag from /home/airflow/.local/lib/python3.10/site-packages/airflow/example_dags/tutorial.py
[2024-03-16T05:40:27.762+0000] {processor.py:839} INFO - DAG(s) dict_keys(['tutorial']) retrieved from /home/airflow/.local/lib/python3.10/site-packages/airflow/example_dags/tutorial.py
[2024-03-16T05:40:27.775+0000] {logging_mixin.py:154} INFO - [2024-03-16T05:40:27.775+0000] {dag.py:2941} INFO - Sync 1 DAGs
[2024-03-16T05:40:27.787+0000] {logging_mixin.py:154} INFO - [2024-03-16T05:40:27.787+0000] {dag.py:3722} INFO - Setting next_dagrun for tutorial to 2024-03-15T05:40:27.787176+00:00, run_after=2024-03-16T05:40:27.787176+00:00
[2024-03-16T05:40:27.796+0000] {processor.py:179} INFO - Processing /home/airflow/.local/lib/python3.10/site-packages/airflow/example_dags/tutorial.py took 0.040 seconds
[2024-03-16T05:40:58.368+0000] {processor.py:157} INFO - Started process (PID=3049) to work on /home/airflow/.local/lib/python3.10/site-packages/airflow/example_dags/tutorial.py
[2024-03-16T05:40:58.369+0000] {processor.py:829} INFO - Processing file /home/airflow/.local/lib/python3.10/site-packages/airflow/example_dags/tutorial.py for tasks to queue
[2024-03-16T05:40:58.370+0000] {logging_mixin.py:154} INFO - [2024-03-16T05:40:58.370+0000] {dagbag.py:536} INFO - Filling up the DagBag from /home/airflow/.local/lib/python3.10/site-packages/airflow/example_dags/tutorial.py
[2024-03-16T05:40:58.373+0000] {processor.py:839} INFO - DAG(s) dict_keys(['tutorial']) retrieved from /home/airflow/.local/lib/python3.10/site-packages/airflow/example_dags/tutorial.py
[2024-03-16T05:40:58.385+0000] {logging_mixin.py:154} INFO - [2024-03-16T05:40:58.385+0000] {dag.py:2941} INFO - Sync 1 DAGs
[2024-03-16T05:40:58.397+0000] {logging_mixin.py:154} INFO - [2024-03-16T05:40:58.397+0000] {dag.py:3722} INFO - Setting next_dagrun for tutorial to 2024-03-15T05:40:58.397596+00:00, run_after=2024-03-16T05:40:58.397596+00:00
[2024-03-16T05:40:58.406+0000] {processor.py:179} INFO - Processing /home/airflow/.local/lib/python3.10/site-packages/airflow/example_dags/tutorial.py took 0.040 seconds
[2024-03-16T05:41:29.001+0000] {processor.py:157} INFO - Started process (PID=3103) to work on /home/airflow/.local/lib/python3.10/site-packages/airflow/example_dags/tutorial.py
[2024-03-16T05:41:29.001+0000] {processor.py:829} INFO - Processing file /home/airflow/.local/lib/python3.10/site-packages/airflow/example_dags/tutorial.py for tasks to queue
[2024-03-16T05:41:29.002+0000] {logging_mixin.py:154} INFO - [2024-03-16T05:41:29.002+0000] {dagbag.py:536} INFO - Filling up the DagBag from /home/airflow/.local/lib/python3.10/site-packages/airflow/example_dags/tutorial.py
[2024-03-16T05:41:29.006+0000] {processor.py:839} INFO - DAG(s) dict_keys(['tutorial']) retrieved from /home/airflow/.local/lib/python3.10/site-packages/airflow/example_dags/tutorial.py
[2024-03-16T05:41:29.018+0000] {logging_mixin.py:154} INFO - [2024-03-16T05:41:29.018+0000] {dag.py:2941} INFO - Sync 1 DAGs
[2024-03-16T05:41:29.030+0000] {logging_mixin.py:154} INFO - [2024-03-16T05:41:29.030+0000] {dag.py:3722} INFO - Setting next_dagrun for tutorial to 2024-03-15T05:41:29.030400+00:00, run_after=2024-03-16T05:41:29.030400+00:00
[2024-03-16T05:41:29.039+0000] {processor.py:179} INFO - Processing /home/airflow/.local/lib/python3.10/site-packages/airflow/example_dags/tutorial.py took 0.041 seconds
[2024-03-16T05:41:59.677+0000] {processor.py:157} INFO - Started process (PID=3157) to work on /home/airflow/.local/lib/python3.10/site-packages/airflow/example_dags/tutorial.py
[2024-03-16T05:41:59.678+0000] {processor.py:829} INFO - Processing file /home/airflow/.local/lib/python3.10/site-packages/airflow/example_dags/tutorial.py for tasks to queue
[2024-03-16T05:41:59.679+0000] {logging_mixin.py:154} INFO - [2024-03-16T05:41:59.679+0000] {dagbag.py:536} INFO - Filling up the DagBag from /home/airflow/.local/lib/python3.10/site-packages/airflow/example_dags/tutorial.py
[2024-03-16T05:41:59.683+0000] {processor.py:839} INFO - DAG(s) dict_keys(['tutorial']) retrieved from /home/airflow/.local/lib/python3.10/site-packages/airflow/example_dags/tutorial.py
[2024-03-16T05:41:59.696+0000] {logging_mixin.py:154} INFO - [2024-03-16T05:41:59.696+0000] {dag.py:2941} INFO - Sync 1 DAGs
[2024-03-16T05:41:59.709+0000] {logging_mixin.py:154} INFO - [2024-03-16T05:41:59.709+0000] {dag.py:3722} INFO - Setting next_dagrun for tutorial to 2024-03-15T05:41:59.709553+00:00, run_after=2024-03-16T05:41:59.709553+00:00
[2024-03-16T05:41:59.720+0000] {processor.py:179} INFO - Processing /home/airflow/.local/lib/python3.10/site-packages/airflow/example_dags/tutorial.py took 0.045 seconds
[2024-03-16T05:42:30.473+0000] {processor.py:157} INFO - Started process (PID=3211) to work on /home/airflow/.local/lib/python3.10/site-packages/airflow/example_dags/tutorial.py
[2024-03-16T05:42:30.474+0000] {processor.py:829} INFO - Processing file /home/airflow/.local/lib/python3.10/site-packages/airflow/example_dags/tutorial.py for tasks to queue
[2024-03-16T05:42:30.475+0000] {logging_mixin.py:154} INFO - [2024-03-16T05:42:30.475+0000] {dagbag.py:536} INFO - Filling up the DagBag from /home/airflow/.local/lib/python3.10/site-packages/airflow/example_dags/tutorial.py
[2024-03-16T05:42:30.479+0000] {processor.py:839} INFO - DAG(s) dict_keys(['tutorial']) retrieved from /home/airflow/.local/lib/python3.10/site-packages/airflow/example_dags/tutorial.py
[2024-03-16T05:42:30.492+0000] {logging_mixin.py:154} INFO - [2024-03-16T05:42:30.492+0000] {dag.py:2941} INFO - Sync 1 DAGs
[2024-03-16T05:42:30.505+0000] {logging_mixin.py:154} INFO - [2024-03-16T05:42:30.505+0000] {dag.py:3722} INFO - Setting next_dagrun for tutorial to 2024-03-15T05:42:30.504879+00:00, run_after=2024-03-16T05:42:30.504879+00:00
[2024-03-16T05:42:30.514+0000] {processor.py:179} INFO - Processing /home/airflow/.local/lib/python3.10/site-packages/airflow/example_dags/tutorial.py took 0.043 seconds
[2024-03-16T05:43:01.454+0000] {processor.py:157} INFO - Started process (PID=3265) to work on /home/airflow/.local/lib/python3.10/site-packages/airflow/example_dags/tutorial.py
[2024-03-16T05:43:01.455+0000] {processor.py:829} INFO - Processing file /home/airflow/.local/lib/python3.10/site-packages/airflow/example_dags/tutorial.py for tasks to queue
[2024-03-16T05:43:01.456+0000] {logging_mixin.py:154} INFO - [2024-03-16T05:43:01.456+0000] {dagbag.py:536} INFO - Filling up the DagBag from /home/airflow/.local/lib/python3.10/site-packages/airflow/example_dags/tutorial.py
[2024-03-16T05:43:01.460+0000] {processor.py:839} INFO - DAG(s) dict_keys(['tutorial']) retrieved from /home/airflow/.local/lib/python3.10/site-packages/airflow/example_dags/tutorial.py
[2024-03-16T05:43:01.473+0000] {logging_mixin.py:154} INFO - [2024-03-16T05:43:01.473+0000] {dag.py:2941} INFO - Sync 1 DAGs
[2024-03-16T05:43:01.486+0000] {logging_mixin.py:154} INFO - [2024-03-16T05:43:01.486+0000] {dag.py:3722} INFO - Setting next_dagrun for tutorial to 2024-03-15T05:43:01.486495+00:00, run_after=2024-03-16T05:43:01.486495+00:00
[2024-03-16T05:43:01.495+0000] {processor.py:179} INFO - Processing /home/airflow/.local/lib/python3.10/site-packages/airflow/example_dags/tutorial.py took 0.043 seconds
[2024-03-16T05:43:32.199+0000] {processor.py:157} INFO - Started process (PID=3319) to work on /home/airflow/.local/lib/python3.10/site-packages/airflow/example_dags/tutorial.py
[2024-03-16T05:43:32.200+0000] {processor.py:829} INFO - Processing file /home/airflow/.local/lib/python3.10/site-packages/airflow/example_dags/tutorial.py for tasks to queue
[2024-03-16T05:43:32.201+0000] {logging_mixin.py:154} INFO - [2024-03-16T05:43:32.200+0000] {dagbag.py:536} INFO - Filling up the DagBag from /home/airflow/.local/lib/python3.10/site-packages/airflow/example_dags/tutorial.py
[2024-03-16T05:43:32.205+0000] {processor.py:839} INFO - DAG(s) dict_keys(['tutorial']) retrieved from /home/airflow/.local/lib/python3.10/site-packages/airflow/example_dags/tutorial.py
[2024-03-16T05:43:32.217+0000] {logging_mixin.py:154} INFO - [2024-03-16T05:43:32.217+0000] {dag.py:2941} INFO - Sync 1 DAGs
[2024-03-16T05:43:32.230+0000] {logging_mixin.py:154} INFO - [2024-03-16T05:43:32.230+0000] {dag.py:3722} INFO - Setting next_dagrun for tutorial to 2024-03-15T05:43:32.230443+00:00, run_after=2024-03-16T05:43:32.230443+00:00
[2024-03-16T05:43:32.239+0000] {processor.py:179} INFO - Processing /home/airflow/.local/lib/python3.10/site-packages/airflow/example_dags/tutorial.py took 0.043 seconds
[2024-03-16T05:44:02.942+0000] {processor.py:157} INFO - Started process (PID=3373) to work on /home/airflow/.local/lib/python3.10/site-packages/airflow/example_dags/tutorial.py
[2024-03-16T05:44:02.943+0000] {processor.py:829} INFO - Processing file /home/airflow/.local/lib/python3.10/site-packages/airflow/example_dags/tutorial.py for tasks to queue
[2024-03-16T05:44:02.944+0000] {logging_mixin.py:154} INFO - [2024-03-16T05:44:02.944+0000] {dagbag.py:536} INFO - Filling up the DagBag from /home/airflow/.local/lib/python3.10/site-packages/airflow/example_dags/tutorial.py
[2024-03-16T05:44:02.947+0000] {processor.py:839} INFO - DAG(s) dict_keys(['tutorial']) retrieved from /home/airflow/.local/lib/python3.10/site-packages/airflow/example_dags/tutorial.py
[2024-03-16T05:44:02.960+0000] {logging_mixin.py:154} INFO - [2024-03-16T05:44:02.960+0000] {dag.py:2941} INFO - Sync 1 DAGs
[2024-03-16T05:44:02.972+0000] {logging_mixin.py:154} INFO - [2024-03-16T05:44:02.972+0000] {dag.py:3722} INFO - Setting next_dagrun for tutorial to 2024-03-15T05:44:02.971868+00:00, run_after=2024-03-16T05:44:02.971868+00:00
[2024-03-16T05:44:02.980+0000] {processor.py:179} INFO - Processing /home/airflow/.local/lib/python3.10/site-packages/airflow/example_dags/tutorial.py took 0.040 seconds
[2024-03-16T05:44:33.688+0000] {processor.py:157} INFO - Started process (PID=3427) to work on /home/airflow/.local/lib/python3.10/site-packages/airflow/example_dags/tutorial.py
[2024-03-16T05:44:33.689+0000] {processor.py:829} INFO - Processing file /home/airflow/.local/lib/python3.10/site-packages/airflow/example_dags/tutorial.py for tasks to queue
[2024-03-16T05:44:33.690+0000] {logging_mixin.py:154} INFO - [2024-03-16T05:44:33.690+0000] {dagbag.py:536} INFO - Filling up the DagBag from /home/airflow/.local/lib/python3.10/site-packages/airflow/example_dags/tutorial.py
[2024-03-16T05:44:33.694+0000] {processor.py:839} INFO - DAG(s) dict_keys(['tutorial']) retrieved from /home/airflow/.local/lib/python3.10/site-packages/airflow/example_dags/tutorial.py
[2024-03-16T05:44:33.707+0000] {logging_mixin.py:154} INFO - [2024-03-16T05:44:33.707+0000] {dag.py:2941} INFO - Sync 1 DAGs
[2024-03-16T05:44:33.720+0000] {logging_mixin.py:154} INFO - [2024-03-16T05:44:33.720+0000] {dag.py:3722} INFO - Setting next_dagrun for tutorial to 2024-03-15T05:44:33.720373+00:00, run_after=2024-03-16T05:44:33.720373+00:00
[2024-03-16T05:44:33.729+0000] {processor.py:179} INFO - Processing /home/airflow/.local/lib/python3.10/site-packages/airflow/example_dags/tutorial.py took 0.043 seconds
[2024-03-16T05:45:04.424+0000] {processor.py:157} INFO - Started process (PID=3481) to work on /home/airflow/.local/lib/python3.10/site-packages/airflow/example_dags/tutorial.py
[2024-03-16T05:45:04.425+0000] {processor.py:829} INFO - Processing file /home/airflow/.local/lib/python3.10/site-packages/airflow/example_dags/tutorial.py for tasks to queue
[2024-03-16T05:45:04.426+0000] {logging_mixin.py:154} INFO - [2024-03-16T05:45:04.426+0000] {dagbag.py:536} INFO - Filling up the DagBag from /home/airflow/.local/lib/python3.10/site-packages/airflow/example_dags/tutorial.py
[2024-03-16T05:45:04.429+0000] {processor.py:839} INFO - DAG(s) dict_keys(['tutorial']) retrieved from /home/airflow/.local/lib/python3.10/site-packages/airflow/example_dags/tutorial.py
[2024-03-16T05:45:04.441+0000] {logging_mixin.py:154} INFO - [2024-03-16T05:45:04.440+0000] {dag.py:2941} INFO - Sync 1 DAGs
[2024-03-16T05:45:04.452+0000] {logging_mixin.py:154} INFO - [2024-03-16T05:45:04.452+0000] {dag.py:3722} INFO - Setting next_dagrun for tutorial to 2024-03-15T05:45:04.452116+00:00, run_after=2024-03-16T05:45:04.452116+00:00
[2024-03-16T05:45:04.461+0000] {processor.py:179} INFO - Processing /home/airflow/.local/lib/python3.10/site-packages/airflow/example_dags/tutorial.py took 0.039 seconds
[2024-03-16T05:45:35.139+0000] {processor.py:157} INFO - Started process (PID=3535) to work on /home/airflow/.local/lib/python3.10/site-packages/airflow/example_dags/tutorial.py
[2024-03-16T05:45:35.139+0000] {processor.py:829} INFO - Processing file /home/airflow/.local/lib/python3.10/site-packages/airflow/example_dags/tutorial.py for tasks to queue
[2024-03-16T05:45:35.140+0000] {logging_mixin.py:154} INFO - [2024-03-16T05:45:35.140+0000] {dagbag.py:536} INFO - Filling up the DagBag from /home/airflow/.local/lib/python3.10/site-packages/airflow/example_dags/tutorial.py
[2024-03-16T05:45:35.144+0000] {processor.py:839} INFO - DAG(s) dict_keys(['tutorial']) retrieved from /home/airflow/.local/lib/python3.10/site-packages/airflow/example_dags/tutorial.py
[2024-03-16T05:45:35.157+0000] {logging_mixin.py:154} INFO - [2024-03-16T05:45:35.156+0000] {dag.py:2941} INFO - Sync 1 DAGs
[2024-03-16T05:45:35.170+0000] {logging_mixin.py:154} INFO - [2024-03-16T05:45:35.170+0000] {dag.py:3722} INFO - Setting next_dagrun for tutorial to 2024-03-15T05:45:35.169936+00:00, run_after=2024-03-16T05:45:35.169936+00:00
[2024-03-16T05:45:35.179+0000] {processor.py:179} INFO - Processing /home/airflow/.local/lib/python3.10/site-packages/airflow/example_dags/tutorial.py took 0.042 seconds
[2024-03-16T05:46:05.990+0000] {processor.py:157} INFO - Started process (PID=3589) to work on /home/airflow/.local/lib/python3.10/site-packages/airflow/example_dags/tutorial.py
[2024-03-16T05:46:05.991+0000] {processor.py:829} INFO - Processing file /home/airflow/.local/lib/python3.10/site-packages/airflow/example_dags/tutorial.py for tasks to queue
[2024-03-16T05:46:05.992+0000] {logging_mixin.py:154} INFO - [2024-03-16T05:46:05.992+0000] {dagbag.py:536} INFO - Filling up the DagBag from /home/airflow/.local/lib/python3.10/site-packages/airflow/example_dags/tutorial.py
[2024-03-16T05:46:05.996+0000] {processor.py:839} INFO - DAG(s) dict_keys(['tutorial']) retrieved from /home/airflow/.local/lib/python3.10/site-packages/airflow/example_dags/tutorial.py
[2024-03-16T05:46:06.008+0000] {logging_mixin.py:154} INFO - [2024-03-16T05:46:06.008+0000] {dag.py:2941} INFO - Sync 1 DAGs
[2024-03-16T05:46:06.021+0000] {logging_mixin.py:154} INFO - [2024-03-16T05:46:06.021+0000] {dag.py:3722} INFO - Setting next_dagrun for tutorial to 2024-03-15T05:46:06.020865+00:00, run_after=2024-03-16T05:46:06.020865+00:00
[2024-03-16T05:46:06.030+0000] {processor.py:179} INFO - Processing /home/airflow/.local/lib/python3.10/site-packages/airflow/example_dags/tutorial.py took 0.042 seconds
[2024-03-16T05:46:36.618+0000] {processor.py:157} INFO - Started process (PID=3643) to work on /home/airflow/.local/lib/python3.10/site-packages/airflow/example_dags/tutorial.py
[2024-03-16T05:46:36.618+0000] {processor.py:829} INFO - Processing file /home/airflow/.local/lib/python3.10/site-packages/airflow/example_dags/tutorial.py for tasks to queue
[2024-03-16T05:46:36.619+0000] {logging_mixin.py:154} INFO - [2024-03-16T05:46:36.619+0000] {dagbag.py:536} INFO - Filling up the DagBag from /home/airflow/.local/lib/python3.10/site-packages/airflow/example_dags/tutorial.py
[2024-03-16T05:46:36.623+0000] {processor.py:839} INFO - DAG(s) dict_keys(['tutorial']) retrieved from /home/airflow/.local/lib/python3.10/site-packages/airflow/example_dags/tutorial.py
[2024-03-16T05:46:36.635+0000] {logging_mixin.py:154} INFO - [2024-03-16T05:46:36.635+0000] {dag.py:2941} INFO - Sync 1 DAGs
[2024-03-16T05:46:36.647+0000] {logging_mixin.py:154} INFO - [2024-03-16T05:46:36.647+0000] {dag.py:3722} INFO - Setting next_dagrun for tutorial to 2024-03-15T05:46:36.647018+00:00, run_after=2024-03-16T05:46:36.647018+00:00
[2024-03-16T05:46:36.656+0000] {processor.py:179} INFO - Processing /home/airflow/.local/lib/python3.10/site-packages/airflow/example_dags/tutorial.py took 0.041 seconds
[2024-03-16T05:47:07.377+0000] {processor.py:157} INFO - Started process (PID=3697) to work on /home/airflow/.local/lib/python3.10/site-packages/airflow/example_dags/tutorial.py
[2024-03-16T05:47:07.378+0000] {processor.py:829} INFO - Processing file /home/airflow/.local/lib/python3.10/site-packages/airflow/example_dags/tutorial.py for tasks to queue
[2024-03-16T05:47:07.379+0000] {logging_mixin.py:154} INFO - [2024-03-16T05:47:07.379+0000] {dagbag.py:536} INFO - Filling up the DagBag from /home/airflow/.local/lib/python3.10/site-packages/airflow/example_dags/tutorial.py
[2024-03-16T05:47:07.383+0000] {processor.py:839} INFO - DAG(s) dict_keys(['tutorial']) retrieved from /home/airflow/.local/lib/python3.10/site-packages/airflow/example_dags/tutorial.py
[2024-03-16T05:47:07.394+0000] {logging_mixin.py:154} INFO - [2024-03-16T05:47:07.394+0000] {dag.py:2941} INFO - Sync 1 DAGs
[2024-03-16T05:47:07.406+0000] {logging_mixin.py:154} INFO - [2024-03-16T05:47:07.406+0000] {dag.py:3722} INFO - Setting next_dagrun for tutorial to 2024-03-15T05:47:07.406578+00:00, run_after=2024-03-16T05:47:07.406578+00:00
[2024-03-16T05:47:07.415+0000] {processor.py:179} INFO - Processing /home/airflow/.local/lib/python3.10/site-packages/airflow/example_dags/tutorial.py took 0.040 seconds
[2024-03-16T05:47:38.097+0000] {processor.py:157} INFO - Started process (PID=3751) to work on /home/airflow/.local/lib/python3.10/site-packages/airflow/example_dags/tutorial.py
[2024-03-16T05:47:38.098+0000] {processor.py:829} INFO - Processing file /home/airflow/.local/lib/python3.10/site-packages/airflow/example_dags/tutorial.py for tasks to queue
[2024-03-16T05:47:38.099+0000] {logging_mixin.py:154} INFO - [2024-03-16T05:47:38.099+0000] {dagbag.py:536} INFO - Filling up the DagBag from /home/airflow/.local/lib/python3.10/site-packages/airflow/example_dags/tutorial.py
[2024-03-16T05:47:38.103+0000] {processor.py:839} INFO - DAG(s) dict_keys(['tutorial']) retrieved from /home/airflow/.local/lib/python3.10/site-packages/airflow/example_dags/tutorial.py
[2024-03-16T05:47:38.115+0000] {logging_mixin.py:154} INFO - [2024-03-16T05:47:38.115+0000] {dag.py:2941} INFO - Sync 1 DAGs
[2024-03-16T05:47:38.128+0000] {logging_mixin.py:154} INFO - [2024-03-16T05:47:38.128+0000] {dag.py:3722} INFO - Setting next_dagrun for tutorial to 2024-03-15T05:47:38.128006+00:00, run_after=2024-03-16T05:47:38.128006+00:00
[2024-03-16T05:47:38.137+0000] {processor.py:179} INFO - Processing /home/airflow/.local/lib/python3.10/site-packages/airflow/example_dags/tutorial.py took 0.042 seconds
[2024-03-16T05:48:08.849+0000] {processor.py:157} INFO - Started process (PID=3805) to work on /home/airflow/.local/lib/python3.10/site-packages/airflow/example_dags/tutorial.py
[2024-03-16T05:48:08.850+0000] {processor.py:829} INFO - Processing file /home/airflow/.local/lib/python3.10/site-packages/airflow/example_dags/tutorial.py for tasks to queue
[2024-03-16T05:48:08.851+0000] {logging_mixin.py:154} INFO - [2024-03-16T05:48:08.851+0000] {dagbag.py:536} INFO - Filling up the DagBag from /home/airflow/.local/lib/python3.10/site-packages/airflow/example_dags/tutorial.py
[2024-03-16T05:48:08.854+0000] {processor.py:839} INFO - DAG(s) dict_keys(['tutorial']) retrieved from /home/airflow/.local/lib/python3.10/site-packages/airflow/example_dags/tutorial.py
[2024-03-16T05:48:08.867+0000] {logging_mixin.py:154} INFO - [2024-03-16T05:48:08.867+0000] {dag.py:2941} INFO - Sync 1 DAGs
[2024-03-16T05:48:08.881+0000] {logging_mixin.py:154} INFO - [2024-03-16T05:48:08.881+0000] {dag.py:3722} INFO - Setting next_dagrun for tutorial to 2024-03-15T05:48:08.881064+00:00, run_after=2024-03-16T05:48:08.881064+00:00
[2024-03-16T05:48:08.891+0000] {processor.py:179} INFO - Processing /home/airflow/.local/lib/python3.10/site-packages/airflow/example_dags/tutorial.py took 0.045 seconds
[2024-03-16T05:48:39.865+0000] {processor.py:157} INFO - Started process (PID=3859) to work on /home/airflow/.local/lib/python3.10/site-packages/airflow/example_dags/tutorial.py
[2024-03-16T05:48:39.866+0000] {processor.py:829} INFO - Processing file /home/airflow/.local/lib/python3.10/site-packages/airflow/example_dags/tutorial.py for tasks to queue
[2024-03-16T05:48:39.867+0000] {logging_mixin.py:154} INFO - [2024-03-16T05:48:39.867+0000] {dagbag.py:536} INFO - Filling up the DagBag from /home/airflow/.local/lib/python3.10/site-packages/airflow/example_dags/tutorial.py
[2024-03-16T05:48:39.871+0000] {processor.py:839} INFO - DAG(s) dict_keys(['tutorial']) retrieved from /home/airflow/.local/lib/python3.10/site-packages/airflow/example_dags/tutorial.py
[2024-03-16T05:48:39.884+0000] {logging_mixin.py:154} INFO - [2024-03-16T05:48:39.884+0000] {dag.py:2941} INFO - Sync 1 DAGs
[2024-03-16T05:48:39.897+0000] {logging_mixin.py:154} INFO - [2024-03-16T05:48:39.897+0000] {dag.py:3722} INFO - Setting next_dagrun for tutorial to 2024-03-15T05:48:39.896906+00:00, run_after=2024-03-16T05:48:39.896906+00:00
[2024-03-16T05:48:39.906+0000] {processor.py:179} INFO - Processing /home/airflow/.local/lib/python3.10/site-packages/airflow/example_dags/tutorial.py took 0.043 seconds
[2024-03-16T05:49:10.460+0000] {processor.py:157} INFO - Started process (PID=3913) to work on /home/airflow/.local/lib/python3.10/site-packages/airflow/example_dags/tutorial.py
[2024-03-16T05:49:10.460+0000] {processor.py:829} INFO - Processing file /home/airflow/.local/lib/python3.10/site-packages/airflow/example_dags/tutorial.py for tasks to queue
[2024-03-16T05:49:10.461+0000] {logging_mixin.py:154} INFO - [2024-03-16T05:49:10.461+0000] {dagbag.py:536} INFO - Filling up the DagBag from /home/airflow/.local/lib/python3.10/site-packages/airflow/example_dags/tutorial.py
[2024-03-16T05:49:10.465+0000] {processor.py:839} INFO - DAG(s) dict_keys(['tutorial']) retrieved from /home/airflow/.local/lib/python3.10/site-packages/airflow/example_dags/tutorial.py
[2024-03-16T05:49:10.476+0000] {logging_mixin.py:154} INFO - [2024-03-16T05:49:10.476+0000] {dag.py:2941} INFO - Sync 1 DAGs
[2024-03-16T05:49:10.488+0000] {logging_mixin.py:154} INFO - [2024-03-16T05:49:10.488+0000] {dag.py:3722} INFO - Setting next_dagrun for tutorial to 2024-03-15T05:49:10.488248+00:00, run_after=2024-03-16T05:49:10.488248+00:00
[2024-03-16T05:49:10.496+0000] {processor.py:179} INFO - Processing /home/airflow/.local/lib/python3.10/site-packages/airflow/example_dags/tutorial.py took 0.039 seconds
[2024-03-16T05:49:41.092+0000] {processor.py:157} INFO - Started process (PID=3967) to work on /home/airflow/.local/lib/python3.10/site-packages/airflow/example_dags/tutorial.py
[2024-03-16T05:49:41.092+0000] {processor.py:829} INFO - Processing file /home/airflow/.local/lib/python3.10/site-packages/airflow/example_dags/tutorial.py for tasks to queue
[2024-03-16T05:49:41.094+0000] {logging_mixin.py:154} INFO - [2024-03-16T05:49:41.093+0000] {dagbag.py:536} INFO - Filling up the DagBag from /home/airflow/.local/lib/python3.10/site-packages/airflow/example_dags/tutorial.py
[2024-03-16T05:49:41.097+0000] {processor.py:839} INFO - DAG(s) dict_keys(['tutorial']) retrieved from /home/airflow/.local/lib/python3.10/site-packages/airflow/example_dags/tutorial.py
[2024-03-16T05:49:41.109+0000] {logging_mixin.py:154} INFO - [2024-03-16T05:49:41.109+0000] {dag.py:2941} INFO - Sync 1 DAGs
[2024-03-16T05:49:41.121+0000] {logging_mixin.py:154} INFO - [2024-03-16T05:49:41.121+0000] {dag.py:3722} INFO - Setting next_dagrun for tutorial to 2024-03-15T05:49:41.121338+00:00, run_after=2024-03-16T05:49:41.121338+00:00
[2024-03-16T05:49:41.130+0000] {processor.py:179} INFO - Processing /home/airflow/.local/lib/python3.10/site-packages/airflow/example_dags/tutorial.py took 0.040 seconds
[2024-03-16T05:50:11.939+0000] {processor.py:157} INFO - Started process (PID=4021) to work on /home/airflow/.local/lib/python3.10/site-packages/airflow/example_dags/tutorial.py
[2024-03-16T05:50:11.939+0000] {processor.py:829} INFO - Processing file /home/airflow/.local/lib/python3.10/site-packages/airflow/example_dags/tutorial.py for tasks to queue
[2024-03-16T05:50:11.940+0000] {logging_mixin.py:154} INFO - [2024-03-16T05:50:11.940+0000] {dagbag.py:536} INFO - Filling up the DagBag from /home/airflow/.local/lib/python3.10/site-packages/airflow/example_dags/tutorial.py
[2024-03-16T05:50:11.944+0000] {processor.py:839} INFO - DAG(s) dict_keys(['tutorial']) retrieved from /home/airflow/.local/lib/python3.10/site-packages/airflow/example_dags/tutorial.py
[2024-03-16T05:50:11.957+0000] {logging_mixin.py:154} INFO - [2024-03-16T05:50:11.957+0000] {dag.py:2941} INFO - Sync 1 DAGs
[2024-03-16T05:50:11.969+0000] {logging_mixin.py:154} INFO - [2024-03-16T05:50:11.969+0000] {dag.py:3722} INFO - Setting next_dagrun for tutorial to 2024-03-15T05:50:11.969457+00:00, run_after=2024-03-16T05:50:11.969457+00:00
[2024-03-16T05:50:11.978+0000] {processor.py:179} INFO - Processing /home/airflow/.local/lib/python3.10/site-packages/airflow/example_dags/tutorial.py took 0.041 seconds
[2024-03-16T05:50:42.827+0000] {processor.py:157} INFO - Started process (PID=4075) to work on /home/airflow/.local/lib/python3.10/site-packages/airflow/example_dags/tutorial.py
[2024-03-16T05:50:42.827+0000] {processor.py:829} INFO - Processing file /home/airflow/.local/lib/python3.10/site-packages/airflow/example_dags/tutorial.py for tasks to queue
[2024-03-16T05:50:42.829+0000] {logging_mixin.py:154} INFO - [2024-03-16T05:50:42.829+0000] {dagbag.py:536} INFO - Filling up the DagBag from /home/airflow/.local/lib/python3.10/site-packages/airflow/example_dags/tutorial.py
[2024-03-16T05:50:42.833+0000] {processor.py:839} INFO - DAG(s) dict_keys(['tutorial']) retrieved from /home/airflow/.local/lib/python3.10/site-packages/airflow/example_dags/tutorial.py
[2024-03-16T05:50:42.847+0000] {logging_mixin.py:154} INFO - [2024-03-16T05:50:42.847+0000] {dag.py:2941} INFO - Sync 1 DAGs
[2024-03-16T05:50:42.859+0000] {logging_mixin.py:154} INFO - [2024-03-16T05:50:42.859+0000] {dag.py:3722} INFO - Setting next_dagrun for tutorial to 2024-03-15T05:50:42.859595+00:00, run_after=2024-03-16T05:50:42.859595+00:00
[2024-03-16T05:50:42.869+0000] {processor.py:179} INFO - Processing /home/airflow/.local/lib/python3.10/site-packages/airflow/example_dags/tutorial.py took 0.045 seconds
[2024-03-16T05:51:13.493+0000] {processor.py:157} INFO - Started process (PID=4129) to work on /home/airflow/.local/lib/python3.10/site-packages/airflow/example_dags/tutorial.py
[2024-03-16T05:51:13.493+0000] {processor.py:829} INFO - Processing file /home/airflow/.local/lib/python3.10/site-packages/airflow/example_dags/tutorial.py for tasks to queue
[2024-03-16T05:51:13.494+0000] {logging_mixin.py:154} INFO - [2024-03-16T05:51:13.494+0000] {dagbag.py:536} INFO - Filling up the DagBag from /home/airflow/.local/lib/python3.10/site-packages/airflow/example_dags/tutorial.py
[2024-03-16T05:51:13.498+0000] {processor.py:839} INFO - DAG(s) dict_keys(['tutorial']) retrieved from /home/airflow/.local/lib/python3.10/site-packages/airflow/example_dags/tutorial.py
[2024-03-16T05:51:13.511+0000] {logging_mixin.py:154} INFO - [2024-03-16T05:51:13.511+0000] {dag.py:2941} INFO - Sync 1 DAGs
[2024-03-16T05:51:13.524+0000] {logging_mixin.py:154} INFO - [2024-03-16T05:51:13.524+0000] {dag.py:3722} INFO - Setting next_dagrun for tutorial to 2024-03-15T05:51:13.524389+00:00, run_after=2024-03-16T05:51:13.524389+00:00
[2024-03-16T05:51:13.533+0000] {processor.py:179} INFO - Processing /home/airflow/.local/lib/python3.10/site-packages/airflow/example_dags/tutorial.py took 0.043 seconds
[2024-03-16T05:51:44.206+0000] {processor.py:157} INFO - Started process (PID=4183) to work on /home/airflow/.local/lib/python3.10/site-packages/airflow/example_dags/tutorial.py
[2024-03-16T05:51:44.207+0000] {processor.py:829} INFO - Processing file /home/airflow/.local/lib/python3.10/site-packages/airflow/example_dags/tutorial.py for tasks to queue
[2024-03-16T05:51:44.208+0000] {logging_mixin.py:154} INFO - [2024-03-16T05:51:44.207+0000] {dagbag.py:536} INFO - Filling up the DagBag from /home/airflow/.local/lib/python3.10/site-packages/airflow/example_dags/tutorial.py
[2024-03-16T05:51:44.211+0000] {processor.py:839} INFO - DAG(s) dict_keys(['tutorial']) retrieved from /home/airflow/.local/lib/python3.10/site-packages/airflow/example_dags/tutorial.py
[2024-03-16T05:51:44.224+0000] {logging_mixin.py:154} INFO - [2024-03-16T05:51:44.224+0000] {dag.py:2941} INFO - Sync 1 DAGs
[2024-03-16T05:51:44.237+0000] {logging_mixin.py:154} INFO - [2024-03-16T05:51:44.237+0000] {dag.py:3722} INFO - Setting next_dagrun for tutorial to 2024-03-15T05:51:44.237191+00:00, run_after=2024-03-16T05:51:44.237191+00:00
[2024-03-16T05:51:44.247+0000] {processor.py:179} INFO - Processing /home/airflow/.local/lib/python3.10/site-packages/airflow/example_dags/tutorial.py took 0.043 seconds
