[2024-04-20T18:41:52.540+0000] {processor.py:161} INFO - Started process (PID=61) to work on /home/airflow/.local/lib/python3.12/site-packages/airflow/example_dags/example_subdag_operator.py
[2024-04-20T18:41:52.540+0000] {processor.py:830} INFO - Processing file /home/airflow/.local/lib/python3.12/site-packages/airflow/example_dags/example_subdag_operator.py for tasks to queue
[2024-04-20T18:41:52.541+0000] {logging_mixin.py:188} INFO - [2024-04-20T18:41:52.541+0000] {dagbag.py:540} INFO - Filling up the DagBag from /home/airflow/.local/lib/python3.12/site-packages/airflow/example_dags/example_subdag_operator.py
[2024-04-20T18:41:52.555+0000] {processor.py:840} INFO - DAG(s) 'example_subdag_operator.section-1', 'example_subdag_operator.section-2', 'example_subdag_operator' retrieved from /home/airflow/.local/lib/python3.12/site-packages/airflow/example_dags/example_subdag_operator.py
[2024-04-20T18:41:52.557+0000] {logging_mixin.py:188} INFO - [2024-04-20T18:41:52.557+0000] {dag.py:3096} INFO - Sync 3 DAGs
[2024-04-20T18:41:52.570+0000] {logging_mixin.py:188} INFO - [2024-04-20T18:41:52.570+0000] {dag.py:3954} INFO - Setting next_dagrun for example_subdag_operator to 2022-01-01 00:00:00+00:00, run_after=2022-01-01 00:00:00+00:00
[2024-04-20T18:41:52.573+0000] {logging_mixin.py:188} INFO - [2024-04-20T18:41:52.572+0000] {dag.py:3954} INFO - Setting next_dagrun for example_subdag_operator.section-1 to None, run_after=None
[2024-04-20T18:41:52.573+0000] {logging_mixin.py:188} INFO - [2024-04-20T18:41:52.573+0000] {dag.py:3954} INFO - Setting next_dagrun for example_subdag_operator.section-2 to None, run_after=None
[2024-04-20T18:41:52.577+0000] {logging_mixin.py:188} INFO - [2024-04-20T18:41:52.577+0000] {dag.py:3096} INFO - Sync 2 DAGs
[2024-04-20T18:41:52.580+0000] {logging_mixin.py:188} INFO - [2024-04-20T18:41:52.579+0000] {dag.py:3954} INFO - Setting next_dagrun for example_subdag_operator.section-1 to None, run_after=None
[2024-04-20T18:41:52.580+0000] {logging_mixin.py:188} INFO - [2024-04-20T18:41:52.580+0000] {dag.py:3954} INFO - Setting next_dagrun for example_subdag_operator.section-2 to None, run_after=None
[2024-04-20T18:41:52.585+0000] {processor.py:183} INFO - Processing /home/airflow/.local/lib/python3.12/site-packages/airflow/example_dags/example_subdag_operator.py took 0.049 seconds
[2024-04-20T18:42:24.016+0000] {processor.py:161} INFO - Started process (PID=120) to work on /home/airflow/.local/lib/python3.12/site-packages/airflow/example_dags/example_subdag_operator.py
[2024-04-20T18:42:24.017+0000] {processor.py:830} INFO - Processing file /home/airflow/.local/lib/python3.12/site-packages/airflow/example_dags/example_subdag_operator.py for tasks to queue
[2024-04-20T18:42:24.018+0000] {logging_mixin.py:188} INFO - [2024-04-20T18:42:24.017+0000] {dagbag.py:540} INFO - Filling up the DagBag from /home/airflow/.local/lib/python3.12/site-packages/airflow/example_dags/example_subdag_operator.py
[2024-04-20T18:42:24.031+0000] {processor.py:840} INFO - DAG(s) 'example_subdag_operator.section-1', 'example_subdag_operator.section-2', 'example_subdag_operator' retrieved from /home/airflow/.local/lib/python3.12/site-packages/airflow/example_dags/example_subdag_operator.py
[2024-04-20T18:42:24.087+0000] {logging_mixin.py:188} INFO - [2024-04-20T18:42:24.087+0000] {dag.py:3096} INFO - Sync 3 DAGs
[2024-04-20T18:42:24.098+0000] {logging_mixin.py:188} INFO - [2024-04-20T18:42:24.098+0000] {dag.py:3954} INFO - Setting next_dagrun for example_subdag_operator to 2022-01-01 00:00:00+00:00, run_after=2022-01-01 00:00:00+00:00
[2024-04-20T18:42:24.100+0000] {logging_mixin.py:188} INFO - [2024-04-20T18:42:24.100+0000] {dag.py:3954} INFO - Setting next_dagrun for example_subdag_operator.section-1 to None, run_after=None
[2024-04-20T18:42:24.100+0000] {logging_mixin.py:188} INFO - [2024-04-20T18:42:24.100+0000] {dag.py:3954} INFO - Setting next_dagrun for example_subdag_operator.section-2 to None, run_after=None
[2024-04-20T18:42:24.105+0000] {logging_mixin.py:188} INFO - [2024-04-20T18:42:24.105+0000] {dag.py:3096} INFO - Sync 2 DAGs
[2024-04-20T18:42:24.107+0000] {logging_mixin.py:188} INFO - [2024-04-20T18:42:24.107+0000] {dag.py:3954} INFO - Setting next_dagrun for example_subdag_operator.section-1 to None, run_after=None
[2024-04-20T18:42:24.107+0000] {logging_mixin.py:188} INFO - [2024-04-20T18:42:24.107+0000] {dag.py:3954} INFO - Setting next_dagrun for example_subdag_operator.section-2 to None, run_after=None
[2024-04-20T18:42:24.112+0000] {processor.py:183} INFO - Processing /home/airflow/.local/lib/python3.12/site-packages/airflow/example_dags/example_subdag_operator.py took 0.099 seconds
[2024-04-20T18:42:54.635+0000] {processor.py:161} INFO - Started process (PID=179) to work on /home/airflow/.local/lib/python3.12/site-packages/airflow/example_dags/example_subdag_operator.py
[2024-04-20T18:42:54.635+0000] {processor.py:830} INFO - Processing file /home/airflow/.local/lib/python3.12/site-packages/airflow/example_dags/example_subdag_operator.py for tasks to queue
[2024-04-20T18:42:54.636+0000] {logging_mixin.py:188} INFO - [2024-04-20T18:42:54.636+0000] {dagbag.py:540} INFO - Filling up the DagBag from /home/airflow/.local/lib/python3.12/site-packages/airflow/example_dags/example_subdag_operator.py
[2024-04-20T18:42:54.651+0000] {processor.py:840} INFO - DAG(s) 'example_subdag_operator.section-1', 'example_subdag_operator.section-2', 'example_subdag_operator' retrieved from /home/airflow/.local/lib/python3.12/site-packages/airflow/example_dags/example_subdag_operator.py
[2024-04-20T18:42:54.660+0000] {logging_mixin.py:188} INFO - [2024-04-20T18:42:54.660+0000] {dag.py:3096} INFO - Sync 3 DAGs
[2024-04-20T18:42:54.673+0000] {logging_mixin.py:188} INFO - [2024-04-20T18:42:54.673+0000] {dag.py:3954} INFO - Setting next_dagrun for example_subdag_operator to 2022-01-01 00:00:00+00:00, run_after=2022-01-01 00:00:00+00:00
[2024-04-20T18:42:54.675+0000] {logging_mixin.py:188} INFO - [2024-04-20T18:42:54.675+0000] {dag.py:3954} INFO - Setting next_dagrun for example_subdag_operator.section-1 to None, run_after=None
[2024-04-20T18:42:54.676+0000] {logging_mixin.py:188} INFO - [2024-04-20T18:42:54.675+0000] {dag.py:3954} INFO - Setting next_dagrun for example_subdag_operator.section-2 to None, run_after=None
[2024-04-20T18:42:54.679+0000] {logging_mixin.py:188} INFO - [2024-04-20T18:42:54.679+0000] {dag.py:3096} INFO - Sync 2 DAGs
[2024-04-20T18:42:54.682+0000] {logging_mixin.py:188} INFO - [2024-04-20T18:42:54.682+0000] {dag.py:3954} INFO - Setting next_dagrun for example_subdag_operator.section-1 to None, run_after=None
[2024-04-20T18:42:54.683+0000] {logging_mixin.py:188} INFO - [2024-04-20T18:42:54.683+0000] {dag.py:3954} INFO - Setting next_dagrun for example_subdag_operator.section-2 to None, run_after=None
[2024-04-20T18:42:54.688+0000] {processor.py:183} INFO - Processing /home/airflow/.local/lib/python3.12/site-packages/airflow/example_dags/example_subdag_operator.py took 0.057 seconds
[2024-04-20T18:43:24.795+0000] {processor.py:161} INFO - Started process (PID=238) to work on /home/airflow/.local/lib/python3.12/site-packages/airflow/example_dags/example_subdag_operator.py
[2024-04-20T18:43:24.795+0000] {processor.py:830} INFO - Processing file /home/airflow/.local/lib/python3.12/site-packages/airflow/example_dags/example_subdag_operator.py for tasks to queue
[2024-04-20T18:43:24.796+0000] {logging_mixin.py:188} INFO - [2024-04-20T18:43:24.796+0000] {dagbag.py:540} INFO - Filling up the DagBag from /home/airflow/.local/lib/python3.12/site-packages/airflow/example_dags/example_subdag_operator.py
[2024-04-20T18:43:24.810+0000] {processor.py:840} INFO - DAG(s) 'example_subdag_operator.section-1', 'example_subdag_operator.section-2', 'example_subdag_operator' retrieved from /home/airflow/.local/lib/python3.12/site-packages/airflow/example_dags/example_subdag_operator.py
[2024-04-20T18:43:24.818+0000] {logging_mixin.py:188} INFO - [2024-04-20T18:43:24.818+0000] {dag.py:3096} INFO - Sync 3 DAGs
[2024-04-20T18:43:24.830+0000] {logging_mixin.py:188} INFO - [2024-04-20T18:43:24.830+0000] {dag.py:3954} INFO - Setting next_dagrun for example_subdag_operator to 2022-01-01 00:00:00+00:00, run_after=2022-01-01 00:00:00+00:00
[2024-04-20T18:43:24.832+0000] {logging_mixin.py:188} INFO - [2024-04-20T18:43:24.832+0000] {dag.py:3954} INFO - Setting next_dagrun for example_subdag_operator.section-1 to None, run_after=None
[2024-04-20T18:43:24.833+0000] {logging_mixin.py:188} INFO - [2024-04-20T18:43:24.833+0000] {dag.py:3954} INFO - Setting next_dagrun for example_subdag_operator.section-2 to None, run_after=None
[2024-04-20T18:43:24.836+0000] {logging_mixin.py:188} INFO - [2024-04-20T18:43:24.836+0000] {dag.py:3096} INFO - Sync 2 DAGs
[2024-04-20T18:43:24.838+0000] {logging_mixin.py:188} INFO - [2024-04-20T18:43:24.838+0000] {dag.py:3954} INFO - Setting next_dagrun for example_subdag_operator.section-1 to None, run_after=None
[2024-04-20T18:43:24.839+0000] {logging_mixin.py:188} INFO - [2024-04-20T18:43:24.838+0000] {dag.py:3954} INFO - Setting next_dagrun for example_subdag_operator.section-2 to None, run_after=None
[2024-04-20T18:43:24.843+0000] {processor.py:183} INFO - Processing /home/airflow/.local/lib/python3.12/site-packages/airflow/example_dags/example_subdag_operator.py took 0.052 seconds
[2024-04-20T18:43:54.879+0000] {processor.py:161} INFO - Started process (PID=297) to work on /home/airflow/.local/lib/python3.12/site-packages/airflow/example_dags/example_subdag_operator.py
[2024-04-20T18:43:54.879+0000] {processor.py:830} INFO - Processing file /home/airflow/.local/lib/python3.12/site-packages/airflow/example_dags/example_subdag_operator.py for tasks to queue
[2024-04-20T18:43:54.881+0000] {logging_mixin.py:188} INFO - [2024-04-20T18:43:54.880+0000] {dagbag.py:540} INFO - Filling up the DagBag from /home/airflow/.local/lib/python3.12/site-packages/airflow/example_dags/example_subdag_operator.py
[2024-04-20T18:43:54.895+0000] {processor.py:840} INFO - DAG(s) 'example_subdag_operator.section-1', 'example_subdag_operator.section-2', 'example_subdag_operator' retrieved from /home/airflow/.local/lib/python3.12/site-packages/airflow/example_dags/example_subdag_operator.py
[2024-04-20T18:43:54.903+0000] {logging_mixin.py:188} INFO - [2024-04-20T18:43:54.903+0000] {dag.py:3096} INFO - Sync 3 DAGs
[2024-04-20T18:43:54.915+0000] {logging_mixin.py:188} INFO - [2024-04-20T18:43:54.915+0000] {dag.py:3954} INFO - Setting next_dagrun for example_subdag_operator to 2022-01-01 00:00:00+00:00, run_after=2022-01-01 00:00:00+00:00
[2024-04-20T18:43:54.917+0000] {logging_mixin.py:188} INFO - [2024-04-20T18:43:54.917+0000] {dag.py:3954} INFO - Setting next_dagrun for example_subdag_operator.section-1 to None, run_after=None
[2024-04-20T18:43:54.917+0000] {logging_mixin.py:188} INFO - [2024-04-20T18:43:54.917+0000] {dag.py:3954} INFO - Setting next_dagrun for example_subdag_operator.section-2 to None, run_after=None
[2024-04-20T18:43:54.921+0000] {logging_mixin.py:188} INFO - [2024-04-20T18:43:54.921+0000] {dag.py:3096} INFO - Sync 2 DAGs
[2024-04-20T18:43:54.923+0000] {logging_mixin.py:188} INFO - [2024-04-20T18:43:54.923+0000] {dag.py:3954} INFO - Setting next_dagrun for example_subdag_operator.section-1 to None, run_after=None
[2024-04-20T18:43:54.923+0000] {logging_mixin.py:188} INFO - [2024-04-20T18:43:54.923+0000] {dag.py:3954} INFO - Setting next_dagrun for example_subdag_operator.section-2 to None, run_after=None
[2024-04-20T18:43:54.928+0000] {processor.py:183} INFO - Processing /home/airflow/.local/lib/python3.12/site-packages/airflow/example_dags/example_subdag_operator.py took 0.052 seconds
[2024-04-20T18:44:25.772+0000] {processor.py:161} INFO - Started process (PID=356) to work on /home/airflow/.local/lib/python3.12/site-packages/airflow/example_dags/example_subdag_operator.py
[2024-04-20T18:44:25.772+0000] {processor.py:830} INFO - Processing file /home/airflow/.local/lib/python3.12/site-packages/airflow/example_dags/example_subdag_operator.py for tasks to queue
[2024-04-20T18:44:25.773+0000] {logging_mixin.py:188} INFO - [2024-04-20T18:44:25.773+0000] {dagbag.py:540} INFO - Filling up the DagBag from /home/airflow/.local/lib/python3.12/site-packages/airflow/example_dags/example_subdag_operator.py
[2024-04-20T18:44:25.786+0000] {processor.py:840} INFO - DAG(s) 'example_subdag_operator.section-1', 'example_subdag_operator.section-2', 'example_subdag_operator' retrieved from /home/airflow/.local/lib/python3.12/site-packages/airflow/example_dags/example_subdag_operator.py
[2024-04-20T18:44:25.795+0000] {logging_mixin.py:188} INFO - [2024-04-20T18:44:25.795+0000] {dag.py:3096} INFO - Sync 3 DAGs
[2024-04-20T18:44:25.807+0000] {logging_mixin.py:188} INFO - [2024-04-20T18:44:25.807+0000] {dag.py:3954} INFO - Setting next_dagrun for example_subdag_operator to 2022-01-01 00:00:00+00:00, run_after=2022-01-01 00:00:00+00:00
[2024-04-20T18:44:25.809+0000] {logging_mixin.py:188} INFO - [2024-04-20T18:44:25.809+0000] {dag.py:3954} INFO - Setting next_dagrun for example_subdag_operator.section-1 to None, run_after=None
[2024-04-20T18:44:25.809+0000] {logging_mixin.py:188} INFO - [2024-04-20T18:44:25.809+0000] {dag.py:3954} INFO - Setting next_dagrun for example_subdag_operator.section-2 to None, run_after=None
[2024-04-20T18:44:25.813+0000] {logging_mixin.py:188} INFO - [2024-04-20T18:44:25.813+0000] {dag.py:3096} INFO - Sync 2 DAGs
[2024-04-20T18:44:25.815+0000] {logging_mixin.py:188} INFO - [2024-04-20T18:44:25.815+0000] {dag.py:3954} INFO - Setting next_dagrun for example_subdag_operator.section-1 to None, run_after=None
[2024-04-20T18:44:25.815+0000] {logging_mixin.py:188} INFO - [2024-04-20T18:44:25.815+0000] {dag.py:3954} INFO - Setting next_dagrun for example_subdag_operator.section-2 to None, run_after=None
[2024-04-20T18:44:25.820+0000] {processor.py:183} INFO - Processing /home/airflow/.local/lib/python3.12/site-packages/airflow/example_dags/example_subdag_operator.py took 0.052 seconds
[2024-04-20T18:44:56.666+0000] {processor.py:161} INFO - Started process (PID=415) to work on /home/airflow/.local/lib/python3.12/site-packages/airflow/example_dags/example_subdag_operator.py
[2024-04-20T18:44:56.667+0000] {processor.py:830} INFO - Processing file /home/airflow/.local/lib/python3.12/site-packages/airflow/example_dags/example_subdag_operator.py for tasks to queue
[2024-04-20T18:44:56.668+0000] {logging_mixin.py:188} INFO - [2024-04-20T18:44:56.668+0000] {dagbag.py:540} INFO - Filling up the DagBag from /home/airflow/.local/lib/python3.12/site-packages/airflow/example_dags/example_subdag_operator.py
[2024-04-20T18:44:56.681+0000] {processor.py:840} INFO - DAG(s) 'example_subdag_operator.section-1', 'example_subdag_operator.section-2', 'example_subdag_operator' retrieved from /home/airflow/.local/lib/python3.12/site-packages/airflow/example_dags/example_subdag_operator.py
[2024-04-20T18:44:56.690+0000] {logging_mixin.py:188} INFO - [2024-04-20T18:44:56.690+0000] {dag.py:3096} INFO - Sync 3 DAGs
[2024-04-20T18:44:56.702+0000] {logging_mixin.py:188} INFO - [2024-04-20T18:44:56.702+0000] {dag.py:3954} INFO - Setting next_dagrun for example_subdag_operator to 2022-01-01 00:00:00+00:00, run_after=2022-01-01 00:00:00+00:00
[2024-04-20T18:44:56.704+0000] {logging_mixin.py:188} INFO - [2024-04-20T18:44:56.704+0000] {dag.py:3954} INFO - Setting next_dagrun for example_subdag_operator.section-1 to None, run_after=None
[2024-04-20T18:44:56.704+0000] {logging_mixin.py:188} INFO - [2024-04-20T18:44:56.704+0000] {dag.py:3954} INFO - Setting next_dagrun for example_subdag_operator.section-2 to None, run_after=None
[2024-04-20T18:44:56.708+0000] {logging_mixin.py:188} INFO - [2024-04-20T18:44:56.708+0000] {dag.py:3096} INFO - Sync 2 DAGs
[2024-04-20T18:44:56.710+0000] {logging_mixin.py:188} INFO - [2024-04-20T18:44:56.710+0000] {dag.py:3954} INFO - Setting next_dagrun for example_subdag_operator.section-1 to None, run_after=None
[2024-04-20T18:44:56.711+0000] {logging_mixin.py:188} INFO - [2024-04-20T18:44:56.711+0000] {dag.py:3954} INFO - Setting next_dagrun for example_subdag_operator.section-2 to None, run_after=None
[2024-04-20T18:44:56.716+0000] {processor.py:183} INFO - Processing /home/airflow/.local/lib/python3.12/site-packages/airflow/example_dags/example_subdag_operator.py took 0.053 seconds
[2024-04-20T18:45:27.564+0000] {processor.py:161} INFO - Started process (PID=474) to work on /home/airflow/.local/lib/python3.12/site-packages/airflow/example_dags/example_subdag_operator.py
[2024-04-20T18:45:27.564+0000] {processor.py:830} INFO - Processing file /home/airflow/.local/lib/python3.12/site-packages/airflow/example_dags/example_subdag_operator.py for tasks to queue
[2024-04-20T18:45:27.565+0000] {logging_mixin.py:188} INFO - [2024-04-20T18:45:27.565+0000] {dagbag.py:540} INFO - Filling up the DagBag from /home/airflow/.local/lib/python3.12/site-packages/airflow/example_dags/example_subdag_operator.py
[2024-04-20T18:45:27.579+0000] {processor.py:840} INFO - DAG(s) 'example_subdag_operator.section-1', 'example_subdag_operator.section-2', 'example_subdag_operator' retrieved from /home/airflow/.local/lib/python3.12/site-packages/airflow/example_dags/example_subdag_operator.py
[2024-04-20T18:45:27.587+0000] {logging_mixin.py:188} INFO - [2024-04-20T18:45:27.587+0000] {dag.py:3096} INFO - Sync 3 DAGs
[2024-04-20T18:45:27.599+0000] {logging_mixin.py:188} INFO - [2024-04-20T18:45:27.599+0000] {dag.py:3954} INFO - Setting next_dagrun for example_subdag_operator to 2022-01-01 00:00:00+00:00, run_after=2022-01-01 00:00:00+00:00
[2024-04-20T18:45:27.602+0000] {logging_mixin.py:188} INFO - [2024-04-20T18:45:27.601+0000] {dag.py:3954} INFO - Setting next_dagrun for example_subdag_operator.section-1 to None, run_after=None
[2024-04-20T18:45:27.602+0000] {logging_mixin.py:188} INFO - [2024-04-20T18:45:27.602+0000] {dag.py:3954} INFO - Setting next_dagrun for example_subdag_operator.section-2 to None, run_after=None
[2024-04-20T18:45:27.606+0000] {logging_mixin.py:188} INFO - [2024-04-20T18:45:27.606+0000] {dag.py:3096} INFO - Sync 2 DAGs
[2024-04-20T18:45:27.608+0000] {logging_mixin.py:188} INFO - [2024-04-20T18:45:27.608+0000] {dag.py:3954} INFO - Setting next_dagrun for example_subdag_operator.section-1 to None, run_after=None
[2024-04-20T18:45:27.609+0000] {logging_mixin.py:188} INFO - [2024-04-20T18:45:27.608+0000] {dag.py:3954} INFO - Setting next_dagrun for example_subdag_operator.section-2 to None, run_after=None
[2024-04-20T18:45:27.613+0000] {processor.py:183} INFO - Processing /home/airflow/.local/lib/python3.12/site-packages/airflow/example_dags/example_subdag_operator.py took 0.053 seconds
