[2024-04-20T18:41:52.241+0000] {processor.py:161} INFO - Started process (PID=51) to work on /home/airflow/.local/lib/python3.12/site-packages/airflow/example_dags/example_display_name.py
[2024-04-20T18:41:52.242+0000] {processor.py:830} INFO - Processing file /home/airflow/.local/lib/python3.12/site-packages/airflow/example_dags/example_display_name.py for tasks to queue
[2024-04-20T18:41:52.243+0000] {logging_mixin.py:188} INFO - [2024-04-20T18:41:52.242+0000] {dagbag.py:540} INFO - Filling up the DagBag from /home/airflow/.local/lib/python3.12/site-packages/airflow/example_dags/example_display_name.py
[2024-04-20T18:41:52.248+0000] {processor.py:840} INFO - DAG(s) 'example_display_name' retrieved from /home/airflow/.local/lib/python3.12/site-packages/airflow/example_dags/example_display_name.py
[2024-04-20T18:41:52.256+0000] {logging_mixin.py:188} INFO - [2024-04-20T18:41:52.255+0000] {dag.py:3096} INFO - Sync 1 DAGs
[2024-04-20T18:41:52.266+0000] {logging_mixin.py:188} INFO - [2024-04-20T18:41:52.266+0000] {dag.py:3954} INFO - Setting next_dagrun for example_display_name to None, run_after=None
[2024-04-20T18:41:52.275+0000] {processor.py:183} INFO - Processing /home/airflow/.local/lib/python3.12/site-packages/airflow/example_dags/example_display_name.py took 0.038 seconds
[2024-04-20T18:42:23.471+0000] {processor.py:161} INFO - Started process (PID=110) to work on /home/airflow/.local/lib/python3.12/site-packages/airflow/example_dags/example_display_name.py
[2024-04-20T18:42:23.472+0000] {processor.py:830} INFO - Processing file /home/airflow/.local/lib/python3.12/site-packages/airflow/example_dags/example_display_name.py for tasks to queue
[2024-04-20T18:42:23.473+0000] {logging_mixin.py:188} INFO - [2024-04-20T18:42:23.473+0000] {dagbag.py:540} INFO - Filling up the DagBag from /home/airflow/.local/lib/python3.12/site-packages/airflow/example_dags/example_display_name.py
[2024-04-20T18:42:23.476+0000] {processor.py:840} INFO - DAG(s) 'example_display_name' retrieved from /home/airflow/.local/lib/python3.12/site-packages/airflow/example_dags/example_display_name.py
[2024-04-20T18:42:23.536+0000] {logging_mixin.py:188} INFO - [2024-04-20T18:42:23.536+0000] {dag.py:3096} INFO - Sync 1 DAGs
[2024-04-20T18:42:23.542+0000] {logging_mixin.py:188} INFO - [2024-04-20T18:42:23.542+0000] {dag.py:3954} INFO - Setting next_dagrun for example_display_name to None, run_after=None
[2024-04-20T18:42:23.551+0000] {processor.py:183} INFO - Processing /home/airflow/.local/lib/python3.12/site-packages/airflow/example_dags/example_display_name.py took 0.083 seconds
[2024-04-20T18:42:54.181+0000] {processor.py:161} INFO - Started process (PID=169) to work on /home/airflow/.local/lib/python3.12/site-packages/airflow/example_dags/example_display_name.py
[2024-04-20T18:42:54.181+0000] {processor.py:830} INFO - Processing file /home/airflow/.local/lib/python3.12/site-packages/airflow/example_dags/example_display_name.py for tasks to queue
[2024-04-20T18:42:54.182+0000] {logging_mixin.py:188} INFO - [2024-04-20T18:42:54.182+0000] {dagbag.py:540} INFO - Filling up the DagBag from /home/airflow/.local/lib/python3.12/site-packages/airflow/example_dags/example_display_name.py
[2024-04-20T18:42:54.186+0000] {processor.py:840} INFO - DAG(s) 'example_display_name' retrieved from /home/airflow/.local/lib/python3.12/site-packages/airflow/example_dags/example_display_name.py
[2024-04-20T18:42:54.199+0000] {logging_mixin.py:188} INFO - [2024-04-20T18:42:54.199+0000] {dag.py:3096} INFO - Sync 1 DAGs
[2024-04-20T18:42:54.206+0000] {logging_mixin.py:188} INFO - [2024-04-20T18:42:54.206+0000] {dag.py:3954} INFO - Setting next_dagrun for example_display_name to None, run_after=None
[2024-04-20T18:42:54.215+0000] {processor.py:183} INFO - Processing /home/airflow/.local/lib/python3.12/site-packages/airflow/example_dags/example_display_name.py took 0.038 seconds
[2024-04-20T18:43:24.386+0000] {processor.py:161} INFO - Started process (PID=228) to work on /home/airflow/.local/lib/python3.12/site-packages/airflow/example_dags/example_display_name.py
[2024-04-20T18:43:24.387+0000] {processor.py:830} INFO - Processing file /home/airflow/.local/lib/python3.12/site-packages/airflow/example_dags/example_display_name.py for tasks to queue
[2024-04-20T18:43:24.388+0000] {logging_mixin.py:188} INFO - [2024-04-20T18:43:24.387+0000] {dagbag.py:540} INFO - Filling up the DagBag from /home/airflow/.local/lib/python3.12/site-packages/airflow/example_dags/example_display_name.py
[2024-04-20T18:43:24.391+0000] {processor.py:840} INFO - DAG(s) 'example_display_name' retrieved from /home/airflow/.local/lib/python3.12/site-packages/airflow/example_dags/example_display_name.py
[2024-04-20T18:43:24.402+0000] {logging_mixin.py:188} INFO - [2024-04-20T18:43:24.402+0000] {dag.py:3096} INFO - Sync 1 DAGs
[2024-04-20T18:43:24.409+0000] {logging_mixin.py:188} INFO - [2024-04-20T18:43:24.409+0000] {dag.py:3954} INFO - Setting next_dagrun for example_display_name to None, run_after=None
[2024-04-20T18:43:24.418+0000] {processor.py:183} INFO - Processing /home/airflow/.local/lib/python3.12/site-packages/airflow/example_dags/example_display_name.py took 0.035 seconds
[2024-04-20T18:43:54.465+0000] {processor.py:161} INFO - Started process (PID=287) to work on /home/airflow/.local/lib/python3.12/site-packages/airflow/example_dags/example_display_name.py
[2024-04-20T18:43:54.466+0000] {processor.py:830} INFO - Processing file /home/airflow/.local/lib/python3.12/site-packages/airflow/example_dags/example_display_name.py for tasks to queue
[2024-04-20T18:43:54.467+0000] {logging_mixin.py:188} INFO - [2024-04-20T18:43:54.467+0000] {dagbag.py:540} INFO - Filling up the DagBag from /home/airflow/.local/lib/python3.12/site-packages/airflow/example_dags/example_display_name.py
[2024-04-20T18:43:54.471+0000] {processor.py:840} INFO - DAG(s) 'example_display_name' retrieved from /home/airflow/.local/lib/python3.12/site-packages/airflow/example_dags/example_display_name.py
[2024-04-20T18:43:54.482+0000] {logging_mixin.py:188} INFO - [2024-04-20T18:43:54.482+0000] {dag.py:3096} INFO - Sync 1 DAGs
[2024-04-20T18:43:54.489+0000] {logging_mixin.py:188} INFO - [2024-04-20T18:43:54.489+0000] {dag.py:3954} INFO - Setting next_dagrun for example_display_name to None, run_after=None
[2024-04-20T18:43:54.498+0000] {processor.py:183} INFO - Processing /home/airflow/.local/lib/python3.12/site-packages/airflow/example_dags/example_display_name.py took 0.037 seconds
[2024-04-20T18:44:25.486+0000] {processor.py:161} INFO - Started process (PID=346) to work on /home/airflow/.local/lib/python3.12/site-packages/airflow/example_dags/example_display_name.py
[2024-04-20T18:44:25.486+0000] {processor.py:830} INFO - Processing file /home/airflow/.local/lib/python3.12/site-packages/airflow/example_dags/example_display_name.py for tasks to queue
[2024-04-20T18:44:25.487+0000] {logging_mixin.py:188} INFO - [2024-04-20T18:44:25.487+0000] {dagbag.py:540} INFO - Filling up the DagBag from /home/airflow/.local/lib/python3.12/site-packages/airflow/example_dags/example_display_name.py
[2024-04-20T18:44:25.491+0000] {processor.py:840} INFO - DAG(s) 'example_display_name' retrieved from /home/airflow/.local/lib/python3.12/site-packages/airflow/example_dags/example_display_name.py
[2024-04-20T18:44:25.502+0000] {logging_mixin.py:188} INFO - [2024-04-20T18:44:25.502+0000] {dag.py:3096} INFO - Sync 1 DAGs
[2024-04-20T18:44:25.509+0000] {logging_mixin.py:188} INFO - [2024-04-20T18:44:25.509+0000] {dag.py:3954} INFO - Setting next_dagrun for example_display_name to None, run_after=None
[2024-04-20T18:44:25.517+0000] {processor.py:183} INFO - Processing /home/airflow/.local/lib/python3.12/site-packages/airflow/example_dags/example_display_name.py took 0.034 seconds
[2024-04-20T18:44:56.365+0000] {processor.py:161} INFO - Started process (PID=405) to work on /home/airflow/.local/lib/python3.12/site-packages/airflow/example_dags/example_display_name.py
[2024-04-20T18:44:56.366+0000] {processor.py:830} INFO - Processing file /home/airflow/.local/lib/python3.12/site-packages/airflow/example_dags/example_display_name.py for tasks to queue
[2024-04-20T18:44:56.367+0000] {logging_mixin.py:188} INFO - [2024-04-20T18:44:56.366+0000] {dagbag.py:540} INFO - Filling up the DagBag from /home/airflow/.local/lib/python3.12/site-packages/airflow/example_dags/example_display_name.py
[2024-04-20T18:44:56.370+0000] {processor.py:840} INFO - DAG(s) 'example_display_name' retrieved from /home/airflow/.local/lib/python3.12/site-packages/airflow/example_dags/example_display_name.py
[2024-04-20T18:44:56.382+0000] {logging_mixin.py:188} INFO - [2024-04-20T18:44:56.382+0000] {dag.py:3096} INFO - Sync 1 DAGs
[2024-04-20T18:44:56.390+0000] {logging_mixin.py:188} INFO - [2024-04-20T18:44:56.390+0000] {dag.py:3954} INFO - Setting next_dagrun for example_display_name to None, run_after=None
[2024-04-20T18:44:56.399+0000] {processor.py:183} INFO - Processing /home/airflow/.local/lib/python3.12/site-packages/airflow/example_dags/example_display_name.py took 0.038 seconds
[2024-04-20T18:45:27.223+0000] {processor.py:161} INFO - Started process (PID=464) to work on /home/airflow/.local/lib/python3.12/site-packages/airflow/example_dags/example_display_name.py
[2024-04-20T18:45:27.223+0000] {processor.py:830} INFO - Processing file /home/airflow/.local/lib/python3.12/site-packages/airflow/example_dags/example_display_name.py for tasks to queue
[2024-04-20T18:45:27.225+0000] {logging_mixin.py:188} INFO - [2024-04-20T18:45:27.224+0000] {dagbag.py:540} INFO - Filling up the DagBag from /home/airflow/.local/lib/python3.12/site-packages/airflow/example_dags/example_display_name.py
[2024-04-20T18:45:27.229+0000] {processor.py:840} INFO - DAG(s) 'example_display_name' retrieved from /home/airflow/.local/lib/python3.12/site-packages/airflow/example_dags/example_display_name.py
[2024-04-20T18:45:27.248+0000] {logging_mixin.py:188} INFO - [2024-04-20T18:45:27.248+0000] {dag.py:3096} INFO - Sync 1 DAGs
[2024-04-20T18:45:27.262+0000] {logging_mixin.py:188} INFO - [2024-04-20T18:45:27.262+0000] {dag.py:3954} INFO - Setting next_dagrun for example_display_name to None, run_after=None
[2024-04-20T18:45:27.278+0000] {processor.py:183} INFO - Processing /home/airflow/.local/lib/python3.12/site-packages/airflow/example_dags/example_display_name.py took 0.060 seconds
[2024-04-20T18:45:58.032+0000] {processor.py:161} INFO - Started process (PID=523) to work on /home/airflow/.local/lib/python3.12/site-packages/airflow/example_dags/example_display_name.py
[2024-04-20T18:45:58.033+0000] {processor.py:830} INFO - Processing file /home/airflow/.local/lib/python3.12/site-packages/airflow/example_dags/example_display_name.py for tasks to queue
[2024-04-20T18:45:58.034+0000] {logging_mixin.py:188} INFO - [2024-04-20T18:45:58.034+0000] {dagbag.py:540} INFO - Filling up the DagBag from /home/airflow/.local/lib/python3.12/site-packages/airflow/example_dags/example_display_name.py
[2024-04-20T18:45:58.038+0000] {processor.py:840} INFO - DAG(s) 'example_display_name' retrieved from /home/airflow/.local/lib/python3.12/site-packages/airflow/example_dags/example_display_name.py
[2024-04-20T18:45:58.054+0000] {logging_mixin.py:188} INFO - [2024-04-20T18:45:58.053+0000] {dag.py:3096} INFO - Sync 1 DAGs
[2024-04-20T18:45:58.064+0000] {logging_mixin.py:188} INFO - [2024-04-20T18:45:58.064+0000] {dag.py:3954} INFO - Setting next_dagrun for example_display_name to None, run_after=None
[2024-04-20T18:45:58.077+0000] {processor.py:183} INFO - Processing /home/airflow/.local/lib/python3.12/site-packages/airflow/example_dags/example_display_name.py took 0.049 seconds
