[2024-04-20T18:41:52.325+0000] {processor.py:161} INFO - Started process (PID=54) to work on /home/airflow/.local/lib/python3.12/site-packages/airflow/example_dags/example_complex.py
[2024-04-20T18:41:52.326+0000] {processor.py:830} INFO - Processing file /home/airflow/.local/lib/python3.12/site-packages/airflow/example_dags/example_complex.py for tasks to queue
[2024-04-20T18:41:52.327+0000] {logging_mixin.py:188} INFO - [2024-04-20T18:41:52.327+0000] {dagbag.py:540} INFO - Filling up the DagBag from /home/airflow/.local/lib/python3.12/site-packages/airflow/example_dags/example_complex.py
[2024-04-20T18:41:52.338+0000] {processor.py:840} INFO - DAG(s) 'example_complex' retrieved from /home/airflow/.local/lib/python3.12/site-packages/airflow/example_dags/example_complex.py
[2024-04-20T18:41:52.346+0000] {logging_mixin.py:188} INFO - [2024-04-20T18:41:52.345+0000] {dag.py:3096} INFO - Sync 1 DAGs
[2024-04-20T18:41:52.354+0000] {logging_mixin.py:188} INFO - [2024-04-20T18:41:52.354+0000] {dag.py:3954} INFO - Setting next_dagrun for example_complex to None, run_after=None
[2024-04-20T18:41:52.364+0000] {processor.py:183} INFO - Processing /home/airflow/.local/lib/python3.12/site-packages/airflow/example_dags/example_complex.py took 0.042 seconds
[2024-04-20T18:42:23.596+0000] {processor.py:161} INFO - Started process (PID=113) to work on /home/airflow/.local/lib/python3.12/site-packages/airflow/example_dags/example_complex.py
[2024-04-20T18:42:23.597+0000] {processor.py:830} INFO - Processing file /home/airflow/.local/lib/python3.12/site-packages/airflow/example_dags/example_complex.py for tasks to queue
[2024-04-20T18:42:23.598+0000] {logging_mixin.py:188} INFO - [2024-04-20T18:42:23.598+0000] {dagbag.py:540} INFO - Filling up the DagBag from /home/airflow/.local/lib/python3.12/site-packages/airflow/example_dags/example_complex.py
[2024-04-20T18:42:23.604+0000] {processor.py:840} INFO - DAG(s) 'example_complex' retrieved from /home/airflow/.local/lib/python3.12/site-packages/airflow/example_dags/example_complex.py
[2024-04-20T18:42:23.672+0000] {logging_mixin.py:188} INFO - [2024-04-20T18:42:23.672+0000] {dag.py:3096} INFO - Sync 1 DAGs
[2024-04-20T18:42:23.680+0000] {logging_mixin.py:188} INFO - [2024-04-20T18:42:23.680+0000] {dag.py:3954} INFO - Setting next_dagrun for example_complex to None, run_after=None
[2024-04-20T18:42:23.689+0000] {processor.py:183} INFO - Processing /home/airflow/.local/lib/python3.12/site-packages/airflow/example_dags/example_complex.py took 0.096 seconds
[2024-04-20T18:42:54.317+0000] {processor.py:161} INFO - Started process (PID=172) to work on /home/airflow/.local/lib/python3.12/site-packages/airflow/example_dags/example_complex.py
[2024-04-20T18:42:54.318+0000] {processor.py:830} INFO - Processing file /home/airflow/.local/lib/python3.12/site-packages/airflow/example_dags/example_complex.py for tasks to queue
[2024-04-20T18:42:54.319+0000] {logging_mixin.py:188} INFO - [2024-04-20T18:42:54.319+0000] {dagbag.py:540} INFO - Filling up the DagBag from /home/airflow/.local/lib/python3.12/site-packages/airflow/example_dags/example_complex.py
[2024-04-20T18:42:54.325+0000] {processor.py:840} INFO - DAG(s) 'example_complex' retrieved from /home/airflow/.local/lib/python3.12/site-packages/airflow/example_dags/example_complex.py
[2024-04-20T18:42:54.345+0000] {logging_mixin.py:188} INFO - [2024-04-20T18:42:54.344+0000] {dag.py:3096} INFO - Sync 1 DAGs
[2024-04-20T18:42:54.353+0000] {logging_mixin.py:188} INFO - [2024-04-20T18:42:54.353+0000] {dag.py:3954} INFO - Setting next_dagrun for example_complex to None, run_after=None
[2024-04-20T18:42:54.363+0000] {processor.py:183} INFO - Processing /home/airflow/.local/lib/python3.12/site-packages/airflow/example_dags/example_complex.py took 0.049 seconds
[2024-04-20T18:43:24.510+0000] {processor.py:161} INFO - Started process (PID=231) to work on /home/airflow/.local/lib/python3.12/site-packages/airflow/example_dags/example_complex.py
[2024-04-20T18:43:24.510+0000] {processor.py:830} INFO - Processing file /home/airflow/.local/lib/python3.12/site-packages/airflow/example_dags/example_complex.py for tasks to queue
[2024-04-20T18:43:24.511+0000] {logging_mixin.py:188} INFO - [2024-04-20T18:43:24.511+0000] {dagbag.py:540} INFO - Filling up the DagBag from /home/airflow/.local/lib/python3.12/site-packages/airflow/example_dags/example_complex.py
[2024-04-20T18:43:24.517+0000] {processor.py:840} INFO - DAG(s) 'example_complex' retrieved from /home/airflow/.local/lib/python3.12/site-packages/airflow/example_dags/example_complex.py
[2024-04-20T18:43:24.534+0000] {logging_mixin.py:188} INFO - [2024-04-20T18:43:24.534+0000] {dag.py:3096} INFO - Sync 1 DAGs
[2024-04-20T18:43:24.541+0000] {logging_mixin.py:188} INFO - [2024-04-20T18:43:24.541+0000] {dag.py:3954} INFO - Setting next_dagrun for example_complex to None, run_after=None
[2024-04-20T18:43:24.550+0000] {processor.py:183} INFO - Processing /home/airflow/.local/lib/python3.12/site-packages/airflow/example_dags/example_complex.py took 0.044 seconds
[2024-04-20T18:43:54.593+0000] {processor.py:161} INFO - Started process (PID=290) to work on /home/airflow/.local/lib/python3.12/site-packages/airflow/example_dags/example_complex.py
[2024-04-20T18:43:54.594+0000] {processor.py:830} INFO - Processing file /home/airflow/.local/lib/python3.12/site-packages/airflow/example_dags/example_complex.py for tasks to queue
[2024-04-20T18:43:54.595+0000] {logging_mixin.py:188} INFO - [2024-04-20T18:43:54.595+0000] {dagbag.py:540} INFO - Filling up the DagBag from /home/airflow/.local/lib/python3.12/site-packages/airflow/example_dags/example_complex.py
[2024-04-20T18:43:54.601+0000] {processor.py:840} INFO - DAG(s) 'example_complex' retrieved from /home/airflow/.local/lib/python3.12/site-packages/airflow/example_dags/example_complex.py
[2024-04-20T18:43:54.618+0000] {logging_mixin.py:188} INFO - [2024-04-20T18:43:54.618+0000] {dag.py:3096} INFO - Sync 1 DAGs
[2024-04-20T18:43:54.625+0000] {logging_mixin.py:188} INFO - [2024-04-20T18:43:54.625+0000] {dag.py:3954} INFO - Setting next_dagrun for example_complex to None, run_after=None
[2024-04-20T18:43:54.633+0000] {processor.py:183} INFO - Processing /home/airflow/.local/lib/python3.12/site-packages/airflow/example_dags/example_complex.py took 0.043 seconds
[2024-04-20T18:44:25.562+0000] {processor.py:161} INFO - Started process (PID=349) to work on /home/airflow/.local/lib/python3.12/site-packages/airflow/example_dags/example_complex.py
[2024-04-20T18:44:25.563+0000] {processor.py:830} INFO - Processing file /home/airflow/.local/lib/python3.12/site-packages/airflow/example_dags/example_complex.py for tasks to queue
[2024-04-20T18:44:25.564+0000] {logging_mixin.py:188} INFO - [2024-04-20T18:44:25.564+0000] {dagbag.py:540} INFO - Filling up the DagBag from /home/airflow/.local/lib/python3.12/site-packages/airflow/example_dags/example_complex.py
[2024-04-20T18:44:25.570+0000] {processor.py:840} INFO - DAG(s) 'example_complex' retrieved from /home/airflow/.local/lib/python3.12/site-packages/airflow/example_dags/example_complex.py
[2024-04-20T18:44:25.587+0000] {logging_mixin.py:188} INFO - [2024-04-20T18:44:25.587+0000] {dag.py:3096} INFO - Sync 1 DAGs
[2024-04-20T18:44:25.595+0000] {logging_mixin.py:188} INFO - [2024-04-20T18:44:25.594+0000] {dag.py:3954} INFO - Setting next_dagrun for example_complex to None, run_after=None
[2024-04-20T18:44:25.604+0000] {processor.py:183} INFO - Processing /home/airflow/.local/lib/python3.12/site-packages/airflow/example_dags/example_complex.py took 0.045 seconds
[2024-04-20T18:44:56.447+0000] {processor.py:161} INFO - Started process (PID=408) to work on /home/airflow/.local/lib/python3.12/site-packages/airflow/example_dags/example_complex.py
[2024-04-20T18:44:56.447+0000] {processor.py:830} INFO - Processing file /home/airflow/.local/lib/python3.12/site-packages/airflow/example_dags/example_complex.py for tasks to queue
[2024-04-20T18:44:56.448+0000] {logging_mixin.py:188} INFO - [2024-04-20T18:44:56.448+0000] {dagbag.py:540} INFO - Filling up the DagBag from /home/airflow/.local/lib/python3.12/site-packages/airflow/example_dags/example_complex.py
[2024-04-20T18:44:56.454+0000] {processor.py:840} INFO - DAG(s) 'example_complex' retrieved from /home/airflow/.local/lib/python3.12/site-packages/airflow/example_dags/example_complex.py
[2024-04-20T18:44:56.474+0000] {logging_mixin.py:188} INFO - [2024-04-20T18:44:56.474+0000] {dag.py:3096} INFO - Sync 1 DAGs
[2024-04-20T18:44:56.481+0000] {logging_mixin.py:188} INFO - [2024-04-20T18:44:56.481+0000] {dag.py:3954} INFO - Setting next_dagrun for example_complex to None, run_after=None
[2024-04-20T18:44:56.491+0000] {processor.py:183} INFO - Processing /home/airflow/.local/lib/python3.12/site-packages/airflow/example_dags/example_complex.py took 0.048 seconds
[2024-04-20T18:45:27.327+0000] {processor.py:161} INFO - Started process (PID=467) to work on /home/airflow/.local/lib/python3.12/site-packages/airflow/example_dags/example_complex.py
[2024-04-20T18:45:27.327+0000] {processor.py:830} INFO - Processing file /home/airflow/.local/lib/python3.12/site-packages/airflow/example_dags/example_complex.py for tasks to queue
[2024-04-20T18:45:27.329+0000] {logging_mixin.py:188} INFO - [2024-04-20T18:45:27.328+0000] {dagbag.py:540} INFO - Filling up the DagBag from /home/airflow/.local/lib/python3.12/site-packages/airflow/example_dags/example_complex.py
[2024-04-20T18:45:27.335+0000] {processor.py:840} INFO - DAG(s) 'example_complex' retrieved from /home/airflow/.local/lib/python3.12/site-packages/airflow/example_dags/example_complex.py
[2024-04-20T18:45:27.354+0000] {logging_mixin.py:188} INFO - [2024-04-20T18:45:27.353+0000] {dag.py:3096} INFO - Sync 1 DAGs
[2024-04-20T18:45:27.361+0000] {logging_mixin.py:188} INFO - [2024-04-20T18:45:27.361+0000] {dag.py:3954} INFO - Setting next_dagrun for example_complex to None, run_after=None
[2024-04-20T18:45:27.371+0000] {processor.py:183} INFO - Processing /home/airflow/.local/lib/python3.12/site-packages/airflow/example_dags/example_complex.py took 0.048 seconds
