[2024-04-20T18:41:53.047+0000] {processor.py:161} INFO - Started process (PID=73) to work on /home/airflow/.local/lib/python3.12/site-packages/airflow/example_dags/example_branch_python_dop_operator_3.py
[2024-04-20T18:41:53.048+0000] {processor.py:830} INFO - Processing file /home/airflow/.local/lib/python3.12/site-packages/airflow/example_dags/example_branch_python_dop_operator_3.py for tasks to queue
[2024-04-20T18:41:53.049+0000] {logging_mixin.py:188} INFO - [2024-04-20T18:41:53.048+0000] {dagbag.py:540} INFO - Filling up the DagBag from /home/airflow/.local/lib/python3.12/site-packages/airflow/example_dags/example_branch_python_dop_operator_3.py
[2024-04-20T18:41:53.055+0000] {processor.py:840} INFO - DAG(s) 'example_branch_dop_operator_v3' retrieved from /home/airflow/.local/lib/python3.12/site-packages/airflow/example_dags/example_branch_python_dop_operator_3.py
[2024-04-20T18:41:53.063+0000] {logging_mixin.py:188} INFO - [2024-04-20T18:41:53.062+0000] {dag.py:3096} INFO - Sync 1 DAGs
[2024-04-20T18:41:53.079+0000] {logging_mixin.py:188} INFO - [2024-04-20T18:41:53.078+0000] {dag.py:3954} INFO - Setting next_dagrun for example_branch_dop_operator_v3 to 2024-04-20 18:40:00+00:00, run_after=2024-04-20 18:41:00+00:00
[2024-04-20T18:41:53.088+0000] {processor.py:183} INFO - Processing /home/airflow/.local/lib/python3.12/site-packages/airflow/example_dags/example_branch_python_dop_operator_3.py took 0.044 seconds
[2024-04-20T18:42:24.731+0000] {processor.py:161} INFO - Started process (PID=132) to work on /home/airflow/.local/lib/python3.12/site-packages/airflow/example_dags/example_branch_python_dop_operator_3.py
[2024-04-20T18:42:24.731+0000] {processor.py:830} INFO - Processing file /home/airflow/.local/lib/python3.12/site-packages/airflow/example_dags/example_branch_python_dop_operator_3.py for tasks to queue
[2024-04-20T18:42:24.732+0000] {logging_mixin.py:188} INFO - [2024-04-20T18:42:24.732+0000] {dagbag.py:540} INFO - Filling up the DagBag from /home/airflow/.local/lib/python3.12/site-packages/airflow/example_dags/example_branch_python_dop_operator_3.py
[2024-04-20T18:42:24.737+0000] {processor.py:840} INFO - DAG(s) 'example_branch_dop_operator_v3' retrieved from /home/airflow/.local/lib/python3.12/site-packages/airflow/example_dags/example_branch_python_dop_operator_3.py
[2024-04-20T18:42:24.800+0000] {logging_mixin.py:188} INFO - [2024-04-20T18:42:24.800+0000] {dag.py:3096} INFO - Sync 1 DAGs
[2024-04-20T18:42:24.812+0000] {logging_mixin.py:188} INFO - [2024-04-20T18:42:24.812+0000] {dag.py:3954} INFO - Setting next_dagrun for example_branch_dop_operator_v3 to 2024-04-20 18:41:00+00:00, run_after=2024-04-20 18:42:00+00:00
[2024-04-20T18:42:24.821+0000] {processor.py:183} INFO - Processing /home/airflow/.local/lib/python3.12/site-packages/airflow/example_dags/example_branch_python_dop_operator_3.py took 0.094 seconds
[2024-04-20T18:42:55.163+0000] {processor.py:161} INFO - Started process (PID=191) to work on /home/airflow/.local/lib/python3.12/site-packages/airflow/example_dags/example_branch_python_dop_operator_3.py
[2024-04-20T18:42:55.164+0000] {processor.py:830} INFO - Processing file /home/airflow/.local/lib/python3.12/site-packages/airflow/example_dags/example_branch_python_dop_operator_3.py for tasks to queue
[2024-04-20T18:42:55.165+0000] {logging_mixin.py:188} INFO - [2024-04-20T18:42:55.164+0000] {dagbag.py:540} INFO - Filling up the DagBag from /home/airflow/.local/lib/python3.12/site-packages/airflow/example_dags/example_branch_python_dop_operator_3.py
[2024-04-20T18:42:55.169+0000] {processor.py:840} INFO - DAG(s) 'example_branch_dop_operator_v3' retrieved from /home/airflow/.local/lib/python3.12/site-packages/airflow/example_dags/example_branch_python_dop_operator_3.py
[2024-04-20T18:42:55.181+0000] {logging_mixin.py:188} INFO - [2024-04-20T18:42:55.180+0000] {dag.py:3096} INFO - Sync 1 DAGs
[2024-04-20T18:42:55.195+0000] {logging_mixin.py:188} INFO - [2024-04-20T18:42:55.194+0000] {dag.py:3954} INFO - Setting next_dagrun for example_branch_dop_operator_v3 to 2024-04-20 18:41:00+00:00, run_after=2024-04-20 18:42:00+00:00
[2024-04-20T18:42:55.203+0000] {processor.py:183} INFO - Processing /home/airflow/.local/lib/python3.12/site-packages/airflow/example_dags/example_branch_python_dop_operator_3.py took 0.044 seconds
[2024-04-20T18:43:25.354+0000] {processor.py:161} INFO - Started process (PID=250) to work on /home/airflow/.local/lib/python3.12/site-packages/airflow/example_dags/example_branch_python_dop_operator_3.py
[2024-04-20T18:43:25.354+0000] {processor.py:830} INFO - Processing file /home/airflow/.local/lib/python3.12/site-packages/airflow/example_dags/example_branch_python_dop_operator_3.py for tasks to queue
[2024-04-20T18:43:25.355+0000] {logging_mixin.py:188} INFO - [2024-04-20T18:43:25.355+0000] {dagbag.py:540} INFO - Filling up the DagBag from /home/airflow/.local/lib/python3.12/site-packages/airflow/example_dags/example_branch_python_dop_operator_3.py
[2024-04-20T18:43:25.360+0000] {processor.py:840} INFO - DAG(s) 'example_branch_dop_operator_v3' retrieved from /home/airflow/.local/lib/python3.12/site-packages/airflow/example_dags/example_branch_python_dop_operator_3.py
[2024-04-20T18:43:25.372+0000] {logging_mixin.py:188} INFO - [2024-04-20T18:43:25.372+0000] {dag.py:3096} INFO - Sync 1 DAGs
[2024-04-20T18:43:25.386+0000] {logging_mixin.py:188} INFO - [2024-04-20T18:43:25.386+0000] {dag.py:3954} INFO - Setting next_dagrun for example_branch_dop_operator_v3 to 2024-04-20 18:42:00+00:00, run_after=2024-04-20 18:43:00+00:00
[2024-04-20T18:43:25.394+0000] {processor.py:183} INFO - Processing /home/airflow/.local/lib/python3.12/site-packages/airflow/example_dags/example_branch_python_dop_operator_3.py took 0.044 seconds
[2024-04-20T18:43:56.307+0000] {processor.py:161} INFO - Started process (PID=309) to work on /home/airflow/.local/lib/python3.12/site-packages/airflow/example_dags/example_branch_python_dop_operator_3.py
[2024-04-20T18:43:56.308+0000] {processor.py:830} INFO - Processing file /home/airflow/.local/lib/python3.12/site-packages/airflow/example_dags/example_branch_python_dop_operator_3.py for tasks to queue
[2024-04-20T18:43:56.309+0000] {logging_mixin.py:188} INFO - [2024-04-20T18:43:56.308+0000] {dagbag.py:540} INFO - Filling up the DagBag from /home/airflow/.local/lib/python3.12/site-packages/airflow/example_dags/example_branch_python_dop_operator_3.py
[2024-04-20T18:43:56.314+0000] {processor.py:840} INFO - DAG(s) 'example_branch_dop_operator_v3' retrieved from /home/airflow/.local/lib/python3.12/site-packages/airflow/example_dags/example_branch_python_dop_operator_3.py
[2024-04-20T18:43:56.326+0000] {logging_mixin.py:188} INFO - [2024-04-20T18:43:56.326+0000] {dag.py:3096} INFO - Sync 1 DAGs
[2024-04-20T18:43:56.340+0000] {logging_mixin.py:188} INFO - [2024-04-20T18:43:56.340+0000] {dag.py:3954} INFO - Setting next_dagrun for example_branch_dop_operator_v3 to 2024-04-20 18:42:00+00:00, run_after=2024-04-20 18:43:00+00:00
[2024-04-20T18:43:56.350+0000] {processor.py:183} INFO - Processing /home/airflow/.local/lib/python3.12/site-packages/airflow/example_dags/example_branch_python_dop_operator_3.py took 0.046 seconds
[2024-04-20T18:44:27.196+0000] {processor.py:161} INFO - Started process (PID=368) to work on /home/airflow/.local/lib/python3.12/site-packages/airflow/example_dags/example_branch_python_dop_operator_3.py
[2024-04-20T18:44:27.196+0000] {processor.py:830} INFO - Processing file /home/airflow/.local/lib/python3.12/site-packages/airflow/example_dags/example_branch_python_dop_operator_3.py for tasks to queue
[2024-04-20T18:44:27.197+0000] {logging_mixin.py:188} INFO - [2024-04-20T18:44:27.197+0000] {dagbag.py:540} INFO - Filling up the DagBag from /home/airflow/.local/lib/python3.12/site-packages/airflow/example_dags/example_branch_python_dop_operator_3.py
[2024-04-20T18:44:27.202+0000] {processor.py:840} INFO - DAG(s) 'example_branch_dop_operator_v3' retrieved from /home/airflow/.local/lib/python3.12/site-packages/airflow/example_dags/example_branch_python_dop_operator_3.py
[2024-04-20T18:44:27.213+0000] {logging_mixin.py:188} INFO - [2024-04-20T18:44:27.213+0000] {dag.py:3096} INFO - Sync 1 DAGs
[2024-04-20T18:44:27.226+0000] {logging_mixin.py:188} INFO - [2024-04-20T18:44:27.226+0000] {dag.py:3954} INFO - Setting next_dagrun for example_branch_dop_operator_v3 to 2024-04-20 18:43:00+00:00, run_after=2024-04-20 18:44:00+00:00
[2024-04-20T18:44:27.235+0000] {processor.py:183} INFO - Processing /home/airflow/.local/lib/python3.12/site-packages/airflow/example_dags/example_branch_python_dop_operator_3.py took 0.043 seconds
[2024-04-20T18:44:58.068+0000] {processor.py:161} INFO - Started process (PID=427) to work on /home/airflow/.local/lib/python3.12/site-packages/airflow/example_dags/example_branch_python_dop_operator_3.py
[2024-04-20T18:44:58.069+0000] {processor.py:830} INFO - Processing file /home/airflow/.local/lib/python3.12/site-packages/airflow/example_dags/example_branch_python_dop_operator_3.py for tasks to queue
[2024-04-20T18:44:58.070+0000] {logging_mixin.py:188} INFO - [2024-04-20T18:44:58.070+0000] {dagbag.py:540} INFO - Filling up the DagBag from /home/airflow/.local/lib/python3.12/site-packages/airflow/example_dags/example_branch_python_dop_operator_3.py
[2024-04-20T18:44:58.075+0000] {processor.py:840} INFO - DAG(s) 'example_branch_dop_operator_v3' retrieved from /home/airflow/.local/lib/python3.12/site-packages/airflow/example_dags/example_branch_python_dop_operator_3.py
[2024-04-20T18:44:58.086+0000] {logging_mixin.py:188} INFO - [2024-04-20T18:44:58.085+0000] {dag.py:3096} INFO - Sync 1 DAGs
[2024-04-20T18:44:58.099+0000] {logging_mixin.py:188} INFO - [2024-04-20T18:44:58.099+0000] {dag.py:3954} INFO - Setting next_dagrun for example_branch_dop_operator_v3 to 2024-04-20 18:43:00+00:00, run_after=2024-04-20 18:44:00+00:00
[2024-04-20T18:44:58.108+0000] {processor.py:183} INFO - Processing /home/airflow/.local/lib/python3.12/site-packages/airflow/example_dags/example_branch_python_dop_operator_3.py took 0.043 seconds
[2024-04-20T18:45:28.935+0000] {processor.py:161} INFO - Started process (PID=486) to work on /home/airflow/.local/lib/python3.12/site-packages/airflow/example_dags/example_branch_python_dop_operator_3.py
[2024-04-20T18:45:28.935+0000] {processor.py:830} INFO - Processing file /home/airflow/.local/lib/python3.12/site-packages/airflow/example_dags/example_branch_python_dop_operator_3.py for tasks to queue
[2024-04-20T18:45:28.936+0000] {logging_mixin.py:188} INFO - [2024-04-20T18:45:28.936+0000] {dagbag.py:540} INFO - Filling up the DagBag from /home/airflow/.local/lib/python3.12/site-packages/airflow/example_dags/example_branch_python_dop_operator_3.py
[2024-04-20T18:45:28.942+0000] {processor.py:840} INFO - DAG(s) 'example_branch_dop_operator_v3' retrieved from /home/airflow/.local/lib/python3.12/site-packages/airflow/example_dags/example_branch_python_dop_operator_3.py
[2024-04-20T18:45:28.953+0000] {logging_mixin.py:188} INFO - [2024-04-20T18:45:28.953+0000] {dag.py:3096} INFO - Sync 1 DAGs
[2024-04-20T18:45:28.967+0000] {logging_mixin.py:188} INFO - [2024-04-20T18:45:28.967+0000] {dag.py:3954} INFO - Setting next_dagrun for example_branch_dop_operator_v3 to 2024-04-20 18:44:00+00:00, run_after=2024-04-20 18:45:00+00:00
[2024-04-20T18:45:28.976+0000] {processor.py:183} INFO - Processing /home/airflow/.local/lib/python3.12/site-packages/airflow/example_dags/example_branch_python_dop_operator_3.py took 0.044 seconds
