[2024-04-20T18:41:53.419+0000] {processor.py:161} INFO - Started process (PID=85) to work on /home/airflow/.local/lib/python3.12/site-packages/airflow/example_dags/example_bash_operator.py
[2024-04-20T18:41:53.419+0000] {processor.py:830} INFO - Processing file /home/airflow/.local/lib/python3.12/site-packages/airflow/example_dags/example_bash_operator.py for tasks to queue
[2024-04-20T18:41:53.420+0000] {logging_mixin.py:188} INFO - [2024-04-20T18:41:53.420+0000] {dagbag.py:540} INFO - Filling up the DagBag from /home/airflow/.local/lib/python3.12/site-packages/airflow/example_dags/example_bash_operator.py
[2024-04-20T18:41:53.427+0000] {processor.py:840} INFO - DAG(s) 'example_bash_operator' retrieved from /home/airflow/.local/lib/python3.12/site-packages/airflow/example_dags/example_bash_operator.py
[2024-04-20T18:41:53.434+0000] {logging_mixin.py:188} INFO - [2024-04-20T18:41:53.434+0000] {dag.py:3096} INFO - Sync 1 DAGs
[2024-04-20T18:41:53.448+0000] {logging_mixin.py:188} INFO - [2024-04-20T18:41:53.448+0000] {dag.py:3954} INFO - Setting next_dagrun for example_bash_operator to 2024-04-19 00:00:00+00:00, run_after=2024-04-20 00:00:00+00:00
[2024-04-20T18:41:53.457+0000] {processor.py:183} INFO - Processing /home/airflow/.local/lib/python3.12/site-packages/airflow/example_dags/example_bash_operator.py took 0.041 seconds
[2024-04-20T18:42:25.384+0000] {processor.py:161} INFO - Started process (PID=144) to work on /home/airflow/.local/lib/python3.12/site-packages/airflow/example_dags/example_bash_operator.py
[2024-04-20T18:42:25.385+0000] {processor.py:830} INFO - Processing file /home/airflow/.local/lib/python3.12/site-packages/airflow/example_dags/example_bash_operator.py for tasks to queue
[2024-04-20T18:42:25.386+0000] {logging_mixin.py:188} INFO - [2024-04-20T18:42:25.385+0000] {dagbag.py:540} INFO - Filling up the DagBag from /home/airflow/.local/lib/python3.12/site-packages/airflow/example_dags/example_bash_operator.py
[2024-04-20T18:42:25.392+0000] {processor.py:840} INFO - DAG(s) 'example_bash_operator' retrieved from /home/airflow/.local/lib/python3.12/site-packages/airflow/example_dags/example_bash_operator.py
[2024-04-20T18:42:25.458+0000] {logging_mixin.py:188} INFO - [2024-04-20T18:42:25.458+0000] {dag.py:3096} INFO - Sync 1 DAGs
[2024-04-20T18:42:25.470+0000] {logging_mixin.py:188} INFO - [2024-04-20T18:42:25.470+0000] {dag.py:3954} INFO - Setting next_dagrun for example_bash_operator to 2024-04-19 00:00:00+00:00, run_after=2024-04-20 00:00:00+00:00
[2024-04-20T18:42:25.479+0000] {processor.py:183} INFO - Processing /home/airflow/.local/lib/python3.12/site-packages/airflow/example_dags/example_bash_operator.py took 0.098 seconds
[2024-04-20T18:42:55.661+0000] {processor.py:161} INFO - Started process (PID=203) to work on /home/airflow/.local/lib/python3.12/site-packages/airflow/example_dags/example_bash_operator.py
[2024-04-20T18:42:55.662+0000] {processor.py:830} INFO - Processing file /home/airflow/.local/lib/python3.12/site-packages/airflow/example_dags/example_bash_operator.py for tasks to queue
[2024-04-20T18:42:55.663+0000] {logging_mixin.py:188} INFO - [2024-04-20T18:42:55.662+0000] {dagbag.py:540} INFO - Filling up the DagBag from /home/airflow/.local/lib/python3.12/site-packages/airflow/example_dags/example_bash_operator.py
[2024-04-20T18:42:55.669+0000] {processor.py:840} INFO - DAG(s) 'example_bash_operator' retrieved from /home/airflow/.local/lib/python3.12/site-packages/airflow/example_dags/example_bash_operator.py
[2024-04-20T18:42:55.686+0000] {logging_mixin.py:188} INFO - [2024-04-20T18:42:55.686+0000] {dag.py:3096} INFO - Sync 1 DAGs
[2024-04-20T18:42:55.699+0000] {logging_mixin.py:188} INFO - [2024-04-20T18:42:55.699+0000] {dag.py:3954} INFO - Setting next_dagrun for example_bash_operator to 2024-04-19 00:00:00+00:00, run_after=2024-04-20 00:00:00+00:00
[2024-04-20T18:42:55.708+0000] {processor.py:183} INFO - Processing /home/airflow/.local/lib/python3.12/site-packages/airflow/example_dags/example_bash_operator.py took 0.051 seconds
[2024-04-20T18:43:25.806+0000] {processor.py:161} INFO - Started process (PID=262) to work on /home/airflow/.local/lib/python3.12/site-packages/airflow/example_dags/example_bash_operator.py
[2024-04-20T18:43:25.806+0000] {processor.py:830} INFO - Processing file /home/airflow/.local/lib/python3.12/site-packages/airflow/example_dags/example_bash_operator.py for tasks to queue
[2024-04-20T18:43:25.807+0000] {logging_mixin.py:188} INFO - [2024-04-20T18:43:25.807+0000] {dagbag.py:540} INFO - Filling up the DagBag from /home/airflow/.local/lib/python3.12/site-packages/airflow/example_dags/example_bash_operator.py
[2024-04-20T18:43:25.814+0000] {processor.py:840} INFO - DAG(s) 'example_bash_operator' retrieved from /home/airflow/.local/lib/python3.12/site-packages/airflow/example_dags/example_bash_operator.py
[2024-04-20T18:43:25.830+0000] {logging_mixin.py:188} INFO - [2024-04-20T18:43:25.830+0000] {dag.py:3096} INFO - Sync 1 DAGs
[2024-04-20T18:43:25.843+0000] {logging_mixin.py:188} INFO - [2024-04-20T18:43:25.843+0000] {dag.py:3954} INFO - Setting next_dagrun for example_bash_operator to 2024-04-19 00:00:00+00:00, run_after=2024-04-20 00:00:00+00:00
[2024-04-20T18:43:25.852+0000] {processor.py:183} INFO - Processing /home/airflow/.local/lib/python3.12/site-packages/airflow/example_dags/example_bash_operator.py took 0.049 seconds
[2024-04-20T18:43:56.761+0000] {processor.py:161} INFO - Started process (PID=321) to work on /home/airflow/.local/lib/python3.12/site-packages/airflow/example_dags/example_bash_operator.py
[2024-04-20T18:43:56.762+0000] {processor.py:830} INFO - Processing file /home/airflow/.local/lib/python3.12/site-packages/airflow/example_dags/example_bash_operator.py for tasks to queue
[2024-04-20T18:43:56.763+0000] {logging_mixin.py:188} INFO - [2024-04-20T18:43:56.763+0000] {dagbag.py:540} INFO - Filling up the DagBag from /home/airflow/.local/lib/python3.12/site-packages/airflow/example_dags/example_bash_operator.py
[2024-04-20T18:43:56.770+0000] {processor.py:840} INFO - DAG(s) 'example_bash_operator' retrieved from /home/airflow/.local/lib/python3.12/site-packages/airflow/example_dags/example_bash_operator.py
[2024-04-20T18:43:56.785+0000] {logging_mixin.py:188} INFO - [2024-04-20T18:43:56.785+0000] {dag.py:3096} INFO - Sync 1 DAGs
[2024-04-20T18:43:56.799+0000] {logging_mixin.py:188} INFO - [2024-04-20T18:43:56.798+0000] {dag.py:3954} INFO - Setting next_dagrun for example_bash_operator to 2024-04-19 00:00:00+00:00, run_after=2024-04-20 00:00:00+00:00
[2024-04-20T18:43:56.807+0000] {processor.py:183} INFO - Processing /home/airflow/.local/lib/python3.12/site-packages/airflow/example_dags/example_bash_operator.py took 0.050 seconds
[2024-04-20T18:44:27.654+0000] {processor.py:161} INFO - Started process (PID=380) to work on /home/airflow/.local/lib/python3.12/site-packages/airflow/example_dags/example_bash_operator.py
[2024-04-20T18:44:27.654+0000] {processor.py:830} INFO - Processing file /home/airflow/.local/lib/python3.12/site-packages/airflow/example_dags/example_bash_operator.py for tasks to queue
[2024-04-20T18:44:27.655+0000] {logging_mixin.py:188} INFO - [2024-04-20T18:44:27.655+0000] {dagbag.py:540} INFO - Filling up the DagBag from /home/airflow/.local/lib/python3.12/site-packages/airflow/example_dags/example_bash_operator.py
[2024-04-20T18:44:27.662+0000] {processor.py:840} INFO - DAG(s) 'example_bash_operator' retrieved from /home/airflow/.local/lib/python3.12/site-packages/airflow/example_dags/example_bash_operator.py
[2024-04-20T18:44:27.677+0000] {logging_mixin.py:188} INFO - [2024-04-20T18:44:27.676+0000] {dag.py:3096} INFO - Sync 1 DAGs
[2024-04-20T18:44:27.689+0000] {logging_mixin.py:188} INFO - [2024-04-20T18:44:27.689+0000] {dag.py:3954} INFO - Setting next_dagrun for example_bash_operator to 2024-04-19 00:00:00+00:00, run_after=2024-04-20 00:00:00+00:00
[2024-04-20T18:44:27.698+0000] {processor.py:183} INFO - Processing /home/airflow/.local/lib/python3.12/site-packages/airflow/example_dags/example_bash_operator.py took 0.047 seconds
[2024-04-20T18:44:58.471+0000] {processor.py:161} INFO - Started process (PID=439) to work on /home/airflow/.local/lib/python3.12/site-packages/airflow/example_dags/example_bash_operator.py
[2024-04-20T18:44:58.472+0000] {processor.py:830} INFO - Processing file /home/airflow/.local/lib/python3.12/site-packages/airflow/example_dags/example_bash_operator.py for tasks to queue
[2024-04-20T18:44:58.473+0000] {logging_mixin.py:188} INFO - [2024-04-20T18:44:58.473+0000] {dagbag.py:540} INFO - Filling up the DagBag from /home/airflow/.local/lib/python3.12/site-packages/airflow/example_dags/example_bash_operator.py
[2024-04-20T18:44:58.479+0000] {processor.py:840} INFO - DAG(s) 'example_bash_operator' retrieved from /home/airflow/.local/lib/python3.12/site-packages/airflow/example_dags/example_bash_operator.py
[2024-04-20T18:44:58.495+0000] {logging_mixin.py:188} INFO - [2024-04-20T18:44:58.495+0000] {dag.py:3096} INFO - Sync 1 DAGs
[2024-04-20T18:44:58.507+0000] {logging_mixin.py:188} INFO - [2024-04-20T18:44:58.507+0000] {dag.py:3954} INFO - Setting next_dagrun for example_bash_operator to 2024-04-19 00:00:00+00:00, run_after=2024-04-20 00:00:00+00:00
[2024-04-20T18:44:58.515+0000] {processor.py:183} INFO - Processing /home/airflow/.local/lib/python3.12/site-packages/airflow/example_dags/example_bash_operator.py took 0.047 seconds
[2024-04-20T18:45:29.295+0000] {processor.py:161} INFO - Started process (PID=498) to work on /home/airflow/.local/lib/python3.12/site-packages/airflow/example_dags/example_bash_operator.py
[2024-04-20T18:45:29.295+0000] {processor.py:830} INFO - Processing file /home/airflow/.local/lib/python3.12/site-packages/airflow/example_dags/example_bash_operator.py for tasks to queue
[2024-04-20T18:45:29.297+0000] {logging_mixin.py:188} INFO - [2024-04-20T18:45:29.296+0000] {dagbag.py:540} INFO - Filling up the DagBag from /home/airflow/.local/lib/python3.12/site-packages/airflow/example_dags/example_bash_operator.py
[2024-04-20T18:45:29.303+0000] {processor.py:840} INFO - DAG(s) 'example_bash_operator' retrieved from /home/airflow/.local/lib/python3.12/site-packages/airflow/example_dags/example_bash_operator.py
[2024-04-20T18:45:29.318+0000] {logging_mixin.py:188} INFO - [2024-04-20T18:45:29.318+0000] {dag.py:3096} INFO - Sync 1 DAGs
[2024-04-20T18:45:29.331+0000] {logging_mixin.py:188} INFO - [2024-04-20T18:45:29.331+0000] {dag.py:3954} INFO - Setting next_dagrun for example_bash_operator to 2024-04-19 00:00:00+00:00, run_after=2024-04-20 00:00:00+00:00
[2024-04-20T18:45:29.340+0000] {processor.py:183} INFO - Processing /home/airflow/.local/lib/python3.12/site-packages/airflow/example_dags/example_bash_operator.py took 0.048 seconds
