[2024-04-20T18:41:53.346+0000] {processor.py:161} INFO - Started process (PID=82) to work on /home/airflow/.local/lib/python3.12/site-packages/airflow/example_dags/example_setup_teardown.py
[2024-04-20T18:41:53.347+0000] {processor.py:830} INFO - Processing file /home/airflow/.local/lib/python3.12/site-packages/airflow/example_dags/example_setup_teardown.py for tasks to queue
[2024-04-20T18:41:53.348+0000] {logging_mixin.py:188} INFO - [2024-04-20T18:41:53.347+0000] {dagbag.py:540} INFO - Filling up the DagBag from /home/airflow/.local/lib/python3.12/site-packages/airflow/example_dags/example_setup_teardown.py
[2024-04-20T18:41:53.352+0000] {processor.py:840} INFO - DAG(s) 'example_setup_teardown' retrieved from /home/airflow/.local/lib/python3.12/site-packages/airflow/example_dags/example_setup_teardown.py
[2024-04-20T18:41:53.359+0000] {logging_mixin.py:188} INFO - [2024-04-20T18:41:53.359+0000] {dag.py:3096} INFO - Sync 1 DAGs
[2024-04-20T18:41:53.371+0000] {logging_mixin.py:188} INFO - [2024-04-20T18:41:53.371+0000] {dag.py:3954} INFO - Setting next_dagrun for example_setup_teardown to 2024-04-19 00:00:00+00:00, run_after=2024-04-20 00:00:00+00:00
[2024-04-20T18:41:53.380+0000] {processor.py:183} INFO - Processing /home/airflow/.local/lib/python3.12/site-packages/airflow/example_dags/example_setup_teardown.py took 0.037 seconds
[2024-04-20T18:42:25.264+0000] {processor.py:161} INFO - Started process (PID=141) to work on /home/airflow/.local/lib/python3.12/site-packages/airflow/example_dags/example_setup_teardown.py
[2024-04-20T18:42:25.264+0000] {processor.py:830} INFO - Processing file /home/airflow/.local/lib/python3.12/site-packages/airflow/example_dags/example_setup_teardown.py for tasks to queue
[2024-04-20T18:42:25.265+0000] {logging_mixin.py:188} INFO - [2024-04-20T18:42:25.265+0000] {dagbag.py:540} INFO - Filling up the DagBag from /home/airflow/.local/lib/python3.12/site-packages/airflow/example_dags/example_setup_teardown.py
[2024-04-20T18:42:25.269+0000] {processor.py:840} INFO - DAG(s) 'example_setup_teardown' retrieved from /home/airflow/.local/lib/python3.12/site-packages/airflow/example_dags/example_setup_teardown.py
[2024-04-20T18:42:25.333+0000] {logging_mixin.py:188} INFO - [2024-04-20T18:42:25.333+0000] {dag.py:3096} INFO - Sync 1 DAGs
[2024-04-20T18:42:25.344+0000] {logging_mixin.py:188} INFO - [2024-04-20T18:42:25.344+0000] {dag.py:3954} INFO - Setting next_dagrun for example_setup_teardown to 2024-04-19 00:00:00+00:00, run_after=2024-04-20 00:00:00+00:00
[2024-04-20T18:42:25.353+0000] {processor.py:183} INFO - Processing /home/airflow/.local/lib/python3.12/site-packages/airflow/example_dags/example_setup_teardown.py took 0.092 seconds
[2024-04-20T18:42:55.538+0000] {processor.py:161} INFO - Started process (PID=200) to work on /home/airflow/.local/lib/python3.12/site-packages/airflow/example_dags/example_setup_teardown.py
[2024-04-20T18:42:55.539+0000] {processor.py:830} INFO - Processing file /home/airflow/.local/lib/python3.12/site-packages/airflow/example_dags/example_setup_teardown.py for tasks to queue
[2024-04-20T18:42:55.540+0000] {logging_mixin.py:188} INFO - [2024-04-20T18:42:55.540+0000] {dagbag.py:540} INFO - Filling up the DagBag from /home/airflow/.local/lib/python3.12/site-packages/airflow/example_dags/example_setup_teardown.py
[2024-04-20T18:42:55.544+0000] {processor.py:840} INFO - DAG(s) 'example_setup_teardown' retrieved from /home/airflow/.local/lib/python3.12/site-packages/airflow/example_dags/example_setup_teardown.py
[2024-04-20T18:42:55.555+0000] {logging_mixin.py:188} INFO - [2024-04-20T18:42:55.555+0000] {dag.py:3096} INFO - Sync 1 DAGs
[2024-04-20T18:42:55.567+0000] {logging_mixin.py:188} INFO - [2024-04-20T18:42:55.567+0000] {dag.py:3954} INFO - Setting next_dagrun for example_setup_teardown to 2024-04-19 00:00:00+00:00, run_after=2024-04-20 00:00:00+00:00
[2024-04-20T18:42:55.576+0000] {processor.py:183} INFO - Processing /home/airflow/.local/lib/python3.12/site-packages/airflow/example_dags/example_setup_teardown.py took 0.041 seconds
[2024-04-20T18:43:25.707+0000] {processor.py:161} INFO - Started process (PID=259) to work on /home/airflow/.local/lib/python3.12/site-packages/airflow/example_dags/example_setup_teardown.py
[2024-04-20T18:43:25.708+0000] {processor.py:830} INFO - Processing file /home/airflow/.local/lib/python3.12/site-packages/airflow/example_dags/example_setup_teardown.py for tasks to queue
[2024-04-20T18:43:25.709+0000] {logging_mixin.py:188} INFO - [2024-04-20T18:43:25.708+0000] {dagbag.py:540} INFO - Filling up the DagBag from /home/airflow/.local/lib/python3.12/site-packages/airflow/example_dags/example_setup_teardown.py
[2024-04-20T18:43:25.713+0000] {processor.py:840} INFO - DAG(s) 'example_setup_teardown' retrieved from /home/airflow/.local/lib/python3.12/site-packages/airflow/example_dags/example_setup_teardown.py
[2024-04-20T18:43:25.724+0000] {logging_mixin.py:188} INFO - [2024-04-20T18:43:25.724+0000] {dag.py:3096} INFO - Sync 1 DAGs
[2024-04-20T18:43:25.736+0000] {logging_mixin.py:188} INFO - [2024-04-20T18:43:25.736+0000] {dag.py:3954} INFO - Setting next_dagrun for example_setup_teardown to 2024-04-19 00:00:00+00:00, run_after=2024-04-20 00:00:00+00:00
[2024-04-20T18:43:25.745+0000] {processor.py:183} INFO - Processing /home/airflow/.local/lib/python3.12/site-packages/airflow/example_dags/example_setup_teardown.py took 0.041 seconds
[2024-04-20T18:43:56.645+0000] {processor.py:161} INFO - Started process (PID=318) to work on /home/airflow/.local/lib/python3.12/site-packages/airflow/example_dags/example_setup_teardown.py
[2024-04-20T18:43:56.646+0000] {processor.py:830} INFO - Processing file /home/airflow/.local/lib/python3.12/site-packages/airflow/example_dags/example_setup_teardown.py for tasks to queue
[2024-04-20T18:43:56.647+0000] {logging_mixin.py:188} INFO - [2024-04-20T18:43:56.647+0000] {dagbag.py:540} INFO - Filling up the DagBag from /home/airflow/.local/lib/python3.12/site-packages/airflow/example_dags/example_setup_teardown.py
[2024-04-20T18:43:56.653+0000] {processor.py:840} INFO - DAG(s) 'example_setup_teardown' retrieved from /home/airflow/.local/lib/python3.12/site-packages/airflow/example_dags/example_setup_teardown.py
[2024-04-20T18:43:56.667+0000] {logging_mixin.py:188} INFO - [2024-04-20T18:43:56.667+0000] {dag.py:3096} INFO - Sync 1 DAGs
[2024-04-20T18:43:56.684+0000] {logging_mixin.py:188} INFO - [2024-04-20T18:43:56.684+0000] {dag.py:3954} INFO - Setting next_dagrun for example_setup_teardown to 2024-04-19 00:00:00+00:00, run_after=2024-04-20 00:00:00+00:00
[2024-04-20T18:43:56.695+0000] {processor.py:183} INFO - Processing /home/airflow/.local/lib/python3.12/site-packages/airflow/example_dags/example_setup_teardown.py took 0.055 seconds
[2024-04-20T18:44:27.536+0000] {processor.py:161} INFO - Started process (PID=377) to work on /home/airflow/.local/lib/python3.12/site-packages/airflow/example_dags/example_setup_teardown.py
[2024-04-20T18:44:27.536+0000] {processor.py:830} INFO - Processing file /home/airflow/.local/lib/python3.12/site-packages/airflow/example_dags/example_setup_teardown.py for tasks to queue
[2024-04-20T18:44:27.537+0000] {logging_mixin.py:188} INFO - [2024-04-20T18:44:27.537+0000] {dagbag.py:540} INFO - Filling up the DagBag from /home/airflow/.local/lib/python3.12/site-packages/airflow/example_dags/example_setup_teardown.py
[2024-04-20T18:44:27.541+0000] {processor.py:840} INFO - DAG(s) 'example_setup_teardown' retrieved from /home/airflow/.local/lib/python3.12/site-packages/airflow/example_dags/example_setup_teardown.py
[2024-04-20T18:44:27.552+0000] {logging_mixin.py:188} INFO - [2024-04-20T18:44:27.552+0000] {dag.py:3096} INFO - Sync 1 DAGs
[2024-04-20T18:44:27.564+0000] {logging_mixin.py:188} INFO - [2024-04-20T18:44:27.564+0000] {dag.py:3954} INFO - Setting next_dagrun for example_setup_teardown to 2024-04-19 00:00:00+00:00, run_after=2024-04-20 00:00:00+00:00
[2024-04-20T18:44:27.572+0000] {processor.py:183} INFO - Processing /home/airflow/.local/lib/python3.12/site-packages/airflow/example_dags/example_setup_teardown.py took 0.040 seconds
[2024-04-20T18:44:58.402+0000] {processor.py:161} INFO - Started process (PID=436) to work on /home/airflow/.local/lib/python3.12/site-packages/airflow/example_dags/example_setup_teardown.py
[2024-04-20T18:44:58.402+0000] {processor.py:830} INFO - Processing file /home/airflow/.local/lib/python3.12/site-packages/airflow/example_dags/example_setup_teardown.py for tasks to queue
[2024-04-20T18:44:58.403+0000] {logging_mixin.py:188} INFO - [2024-04-20T18:44:58.403+0000] {dagbag.py:540} INFO - Filling up the DagBag from /home/airflow/.local/lib/python3.12/site-packages/airflow/example_dags/example_setup_teardown.py
[2024-04-20T18:44:58.407+0000] {processor.py:840} INFO - DAG(s) 'example_setup_teardown' retrieved from /home/airflow/.local/lib/python3.12/site-packages/airflow/example_dags/example_setup_teardown.py
[2024-04-20T18:44:58.419+0000] {logging_mixin.py:188} INFO - [2024-04-20T18:44:58.419+0000] {dag.py:3096} INFO - Sync 1 DAGs
[2024-04-20T18:44:58.431+0000] {logging_mixin.py:188} INFO - [2024-04-20T18:44:58.431+0000] {dag.py:3954} INFO - Setting next_dagrun for example_setup_teardown to 2024-04-19 00:00:00+00:00, run_after=2024-04-20 00:00:00+00:00
[2024-04-20T18:44:58.440+0000] {processor.py:183} INFO - Processing /home/airflow/.local/lib/python3.12/site-packages/airflow/example_dags/example_setup_teardown.py took 0.042 seconds
[2024-04-20T18:45:29.215+0000] {processor.py:161} INFO - Started process (PID=495) to work on /home/airflow/.local/lib/python3.12/site-packages/airflow/example_dags/example_setup_teardown.py
[2024-04-20T18:45:29.215+0000] {processor.py:830} INFO - Processing file /home/airflow/.local/lib/python3.12/site-packages/airflow/example_dags/example_setup_teardown.py for tasks to queue
[2024-04-20T18:45:29.216+0000] {logging_mixin.py:188} INFO - [2024-04-20T18:45:29.216+0000] {dagbag.py:540} INFO - Filling up the DagBag from /home/airflow/.local/lib/python3.12/site-packages/airflow/example_dags/example_setup_teardown.py
[2024-04-20T18:45:29.220+0000] {processor.py:840} INFO - DAG(s) 'example_setup_teardown' retrieved from /home/airflow/.local/lib/python3.12/site-packages/airflow/example_dags/example_setup_teardown.py
[2024-04-20T18:45:29.232+0000] {logging_mixin.py:188} INFO - [2024-04-20T18:45:29.232+0000] {dag.py:3096} INFO - Sync 1 DAGs
[2024-04-20T18:45:29.244+0000] {logging_mixin.py:188} INFO - [2024-04-20T18:45:29.244+0000] {dag.py:3954} INFO - Setting next_dagrun for example_setup_teardown to 2024-04-19 00:00:00+00:00, run_after=2024-04-20 00:00:00+00:00
[2024-04-20T18:45:29.253+0000] {processor.py:183} INFO - Processing /home/airflow/.local/lib/python3.12/site-packages/airflow/example_dags/example_setup_teardown.py took 0.042 seconds
