[2024-04-20T18:41:52.860+0000] {processor.py:161} INFO - Started process (PID=70) to work on /home/airflow/.local/lib/python3.12/site-packages/airflow/example_dags/example_external_task_marker_dag.py
[2024-04-20T18:41:52.861+0000] {processor.py:830} INFO - Processing file /home/airflow/.local/lib/python3.12/site-packages/airflow/example_dags/example_external_task_marker_dag.py for tasks to queue
[2024-04-20T18:41:52.862+0000] {logging_mixin.py:188} INFO - [2024-04-20T18:41:52.862+0000] {dagbag.py:540} INFO - Filling up the DagBag from /home/airflow/.local/lib/python3.12/site-packages/airflow/example_dags/example_external_task_marker_dag.py
[2024-04-20T18:41:52.866+0000] {processor.py:840} INFO - DAG(s) 'example_external_task_marker_child', 'example_external_task_marker_parent' retrieved from /home/airflow/.local/lib/python3.12/site-packages/airflow/example_dags/example_external_task_marker_dag.py
[2024-04-20T18:41:52.874+0000] {logging_mixin.py:188} INFO - [2024-04-20T18:41:52.874+0000] {dag.py:3096} INFO - Sync 2 DAGs
[2024-04-20T18:41:52.882+0000] {logging_mixin.py:188} INFO - [2024-04-20T18:41:52.882+0000] {dag.py:3954} INFO - Setting next_dagrun for example_external_task_marker_child to None, run_after=None
[2024-04-20T18:41:52.884+0000] {logging_mixin.py:188} INFO - [2024-04-20T18:41:52.884+0000] {dag.py:3954} INFO - Setting next_dagrun for example_external_task_marker_parent to None, run_after=None
[2024-04-20T18:41:52.892+0000] {processor.py:183} INFO - Processing /home/airflow/.local/lib/python3.12/site-packages/airflow/example_dags/example_external_task_marker_dag.py took 0.035 seconds
[2024-04-20T18:42:24.556+0000] {processor.py:161} INFO - Started process (PID=129) to work on /home/airflow/.local/lib/python3.12/site-packages/airflow/example_dags/example_external_task_marker_dag.py
[2024-04-20T18:42:24.557+0000] {processor.py:830} INFO - Processing file /home/airflow/.local/lib/python3.12/site-packages/airflow/example_dags/example_external_task_marker_dag.py for tasks to queue
[2024-04-20T18:42:24.558+0000] {logging_mixin.py:188} INFO - [2024-04-20T18:42:24.557+0000] {dagbag.py:540} INFO - Filling up the DagBag from /home/airflow/.local/lib/python3.12/site-packages/airflow/example_dags/example_external_task_marker_dag.py
[2024-04-20T18:42:24.561+0000] {processor.py:840} INFO - DAG(s) 'example_external_task_marker_child', 'example_external_task_marker_parent' retrieved from /home/airflow/.local/lib/python3.12/site-packages/airflow/example_dags/example_external_task_marker_dag.py
[2024-04-20T18:42:24.630+0000] {logging_mixin.py:188} INFO - [2024-04-20T18:42:24.630+0000] {dag.py:3096} INFO - Sync 2 DAGs
[2024-04-20T18:42:24.636+0000] {logging_mixin.py:188} INFO - [2024-04-20T18:42:24.636+0000] {dag.py:3954} INFO - Setting next_dagrun for example_external_task_marker_child to None, run_after=None
[2024-04-20T18:42:24.638+0000] {logging_mixin.py:188} INFO - [2024-04-20T18:42:24.638+0000] {dag.py:3954} INFO - Setting next_dagrun for example_external_task_marker_parent to None, run_after=None
[2024-04-20T18:42:24.646+0000] {processor.py:183} INFO - Processing /home/airflow/.local/lib/python3.12/site-packages/airflow/example_dags/example_external_task_marker_dag.py took 0.093 seconds
[2024-04-20T18:42:55.095+0000] {processor.py:161} INFO - Started process (PID=188) to work on /home/airflow/.local/lib/python3.12/site-packages/airflow/example_dags/example_external_task_marker_dag.py
[2024-04-20T18:42:55.096+0000] {processor.py:830} INFO - Processing file /home/airflow/.local/lib/python3.12/site-packages/airflow/example_dags/example_external_task_marker_dag.py for tasks to queue
[2024-04-20T18:42:55.097+0000] {logging_mixin.py:188} INFO - [2024-04-20T18:42:55.096+0000] {dagbag.py:540} INFO - Filling up the DagBag from /home/airflow/.local/lib/python3.12/site-packages/airflow/example_dags/example_external_task_marker_dag.py
[2024-04-20T18:42:55.100+0000] {processor.py:840} INFO - DAG(s) 'example_external_task_marker_parent', 'example_external_task_marker_child' retrieved from /home/airflow/.local/lib/python3.12/site-packages/airflow/example_dags/example_external_task_marker_dag.py
[2024-04-20T18:42:55.113+0000] {logging_mixin.py:188} INFO - [2024-04-20T18:42:55.113+0000] {dag.py:3096} INFO - Sync 2 DAGs
[2024-04-20T18:42:55.121+0000] {logging_mixin.py:188} INFO - [2024-04-20T18:42:55.121+0000] {dag.py:3954} INFO - Setting next_dagrun for example_external_task_marker_child to None, run_after=None
[2024-04-20T18:42:55.123+0000] {logging_mixin.py:188} INFO - [2024-04-20T18:42:55.122+0000] {dag.py:3954} INFO - Setting next_dagrun for example_external_task_marker_parent to None, run_after=None
[2024-04-20T18:42:55.130+0000] {processor.py:183} INFO - Processing /home/airflow/.local/lib/python3.12/site-packages/airflow/example_dags/example_external_task_marker_dag.py took 0.038 seconds
[2024-04-20T18:43:25.248+0000] {processor.py:161} INFO - Started process (PID=247) to work on /home/airflow/.local/lib/python3.12/site-packages/airflow/example_dags/example_external_task_marker_dag.py
[2024-04-20T18:43:25.249+0000] {processor.py:830} INFO - Processing file /home/airflow/.local/lib/python3.12/site-packages/airflow/example_dags/example_external_task_marker_dag.py for tasks to queue
[2024-04-20T18:43:25.250+0000] {logging_mixin.py:188} INFO - [2024-04-20T18:43:25.250+0000] {dagbag.py:540} INFO - Filling up the DagBag from /home/airflow/.local/lib/python3.12/site-packages/airflow/example_dags/example_external_task_marker_dag.py
[2024-04-20T18:43:25.254+0000] {processor.py:840} INFO - DAG(s) 'example_external_task_marker_parent', 'example_external_task_marker_child' retrieved from /home/airflow/.local/lib/python3.12/site-packages/airflow/example_dags/example_external_task_marker_dag.py
[2024-04-20T18:43:25.267+0000] {logging_mixin.py:188} INFO - [2024-04-20T18:43:25.267+0000] {dag.py:3096} INFO - Sync 2 DAGs
[2024-04-20T18:43:25.275+0000] {logging_mixin.py:188} INFO - [2024-04-20T18:43:25.275+0000] {dag.py:3954} INFO - Setting next_dagrun for example_external_task_marker_child to None, run_after=None
[2024-04-20T18:43:25.277+0000] {logging_mixin.py:188} INFO - [2024-04-20T18:43:25.277+0000] {dag.py:3954} INFO - Setting next_dagrun for example_external_task_marker_parent to None, run_after=None
[2024-04-20T18:43:25.285+0000] {processor.py:183} INFO - Processing /home/airflow/.local/lib/python3.12/site-packages/airflow/example_dags/example_external_task_marker_dag.py took 0.040 seconds
[2024-04-20T18:43:56.195+0000] {processor.py:161} INFO - Started process (PID=306) to work on /home/airflow/.local/lib/python3.12/site-packages/airflow/example_dags/example_external_task_marker_dag.py
[2024-04-20T18:43:56.195+0000] {processor.py:830} INFO - Processing file /home/airflow/.local/lib/python3.12/site-packages/airflow/example_dags/example_external_task_marker_dag.py for tasks to queue
[2024-04-20T18:43:56.196+0000] {logging_mixin.py:188} INFO - [2024-04-20T18:43:56.196+0000] {dagbag.py:540} INFO - Filling up the DagBag from /home/airflow/.local/lib/python3.12/site-packages/airflow/example_dags/example_external_task_marker_dag.py
[2024-04-20T18:43:56.200+0000] {processor.py:840} INFO - DAG(s) 'example_external_task_marker_parent', 'example_external_task_marker_child' retrieved from /home/airflow/.local/lib/python3.12/site-packages/airflow/example_dags/example_external_task_marker_dag.py
[2024-04-20T18:43:56.213+0000] {logging_mixin.py:188} INFO - [2024-04-20T18:43:56.213+0000] {dag.py:3096} INFO - Sync 2 DAGs
[2024-04-20T18:43:56.221+0000] {logging_mixin.py:188} INFO - [2024-04-20T18:43:56.221+0000] {dag.py:3954} INFO - Setting next_dagrun for example_external_task_marker_child to None, run_after=None
[2024-04-20T18:43:56.223+0000] {logging_mixin.py:188} INFO - [2024-04-20T18:43:56.223+0000] {dag.py:3954} INFO - Setting next_dagrun for example_external_task_marker_parent to None, run_after=None
[2024-04-20T18:43:56.231+0000] {processor.py:183} INFO - Processing /home/airflow/.local/lib/python3.12/site-packages/airflow/example_dags/example_external_task_marker_dag.py took 0.040 seconds
[2024-04-20T18:44:27.087+0000] {processor.py:161} INFO - Started process (PID=365) to work on /home/airflow/.local/lib/python3.12/site-packages/airflow/example_dags/example_external_task_marker_dag.py
[2024-04-20T18:44:27.087+0000] {processor.py:830} INFO - Processing file /home/airflow/.local/lib/python3.12/site-packages/airflow/example_dags/example_external_task_marker_dag.py for tasks to queue
[2024-04-20T18:44:27.088+0000] {logging_mixin.py:188} INFO - [2024-04-20T18:44:27.088+0000] {dagbag.py:540} INFO - Filling up the DagBag from /home/airflow/.local/lib/python3.12/site-packages/airflow/example_dags/example_external_task_marker_dag.py
[2024-04-20T18:44:27.092+0000] {processor.py:840} INFO - DAG(s) 'example_external_task_marker_parent', 'example_external_task_marker_child' retrieved from /home/airflow/.local/lib/python3.12/site-packages/airflow/example_dags/example_external_task_marker_dag.py
[2024-04-20T18:44:27.105+0000] {logging_mixin.py:188} INFO - [2024-04-20T18:44:27.105+0000] {dag.py:3096} INFO - Sync 2 DAGs
[2024-04-20T18:44:27.112+0000] {logging_mixin.py:188} INFO - [2024-04-20T18:44:27.112+0000] {dag.py:3954} INFO - Setting next_dagrun for example_external_task_marker_child to None, run_after=None
[2024-04-20T18:44:27.114+0000] {logging_mixin.py:188} INFO - [2024-04-20T18:44:27.114+0000] {dag.py:3954} INFO - Setting next_dagrun for example_external_task_marker_parent to None, run_after=None
[2024-04-20T18:44:27.122+0000] {processor.py:183} INFO - Processing /home/airflow/.local/lib/python3.12/site-packages/airflow/example_dags/example_external_task_marker_dag.py took 0.039 seconds
[2024-04-20T18:44:57.963+0000] {processor.py:161} INFO - Started process (PID=424) to work on /home/airflow/.local/lib/python3.12/site-packages/airflow/example_dags/example_external_task_marker_dag.py
[2024-04-20T18:44:57.964+0000] {processor.py:830} INFO - Processing file /home/airflow/.local/lib/python3.12/site-packages/airflow/example_dags/example_external_task_marker_dag.py for tasks to queue
[2024-04-20T18:44:57.965+0000] {logging_mixin.py:188} INFO - [2024-04-20T18:44:57.965+0000] {dagbag.py:540} INFO - Filling up the DagBag from /home/airflow/.local/lib/python3.12/site-packages/airflow/example_dags/example_external_task_marker_dag.py
[2024-04-20T18:44:57.969+0000] {processor.py:840} INFO - DAG(s) 'example_external_task_marker_child', 'example_external_task_marker_parent' retrieved from /home/airflow/.local/lib/python3.12/site-packages/airflow/example_dags/example_external_task_marker_dag.py
[2024-04-20T18:44:57.982+0000] {logging_mixin.py:188} INFO - [2024-04-20T18:44:57.982+0000] {dag.py:3096} INFO - Sync 2 DAGs
[2024-04-20T18:44:57.989+0000] {logging_mixin.py:188} INFO - [2024-04-20T18:44:57.989+0000] {dag.py:3954} INFO - Setting next_dagrun for example_external_task_marker_child to None, run_after=None
[2024-04-20T18:44:57.991+0000] {logging_mixin.py:188} INFO - [2024-04-20T18:44:57.991+0000] {dag.py:3954} INFO - Setting next_dagrun for example_external_task_marker_parent to None, run_after=None
[2024-04-20T18:44:57.998+0000] {processor.py:183} INFO - Processing /home/airflow/.local/lib/python3.12/site-packages/airflow/example_dags/example_external_task_marker_dag.py took 0.038 seconds
[2024-04-20T18:45:28.856+0000] {processor.py:161} INFO - Started process (PID=483) to work on /home/airflow/.local/lib/python3.12/site-packages/airflow/example_dags/example_external_task_marker_dag.py
[2024-04-20T18:45:28.857+0000] {processor.py:830} INFO - Processing file /home/airflow/.local/lib/python3.12/site-packages/airflow/example_dags/example_external_task_marker_dag.py for tasks to queue
[2024-04-20T18:45:28.858+0000] {logging_mixin.py:188} INFO - [2024-04-20T18:45:28.858+0000] {dagbag.py:540} INFO - Filling up the DagBag from /home/airflow/.local/lib/python3.12/site-packages/airflow/example_dags/example_external_task_marker_dag.py
[2024-04-20T18:45:28.862+0000] {processor.py:840} INFO - DAG(s) 'example_external_task_marker_parent', 'example_external_task_marker_child' retrieved from /home/airflow/.local/lib/python3.12/site-packages/airflow/example_dags/example_external_task_marker_dag.py
[2024-04-20T18:45:28.875+0000] {logging_mixin.py:188} INFO - [2024-04-20T18:45:28.875+0000] {dag.py:3096} INFO - Sync 2 DAGs
[2024-04-20T18:45:28.883+0000] {logging_mixin.py:188} INFO - [2024-04-20T18:45:28.883+0000] {dag.py:3954} INFO - Setting next_dagrun for example_external_task_marker_child to None, run_after=None
[2024-04-20T18:45:28.885+0000] {logging_mixin.py:188} INFO - [2024-04-20T18:45:28.885+0000] {dag.py:3954} INFO - Setting next_dagrun for example_external_task_marker_parent to None, run_after=None
[2024-04-20T18:45:28.893+0000] {processor.py:183} INFO - Processing /home/airflow/.local/lib/python3.12/site-packages/airflow/example_dags/example_external_task_marker_dag.py took 0.040 seconds
