[2024-04-20T18:41:52.351+0000] {processor.py:161} INFO - Started process (PID=55) to work on /home/airflow/.local/lib/python3.12/site-packages/airflow/example_dags/example_task_group_decorator.py
[2024-04-20T18:41:52.352+0000] {processor.py:830} INFO - Processing file /home/airflow/.local/lib/python3.12/site-packages/airflow/example_dags/example_task_group_decorator.py for tasks to queue
[2024-04-20T18:41:52.353+0000] {logging_mixin.py:188} INFO - [2024-04-20T18:41:52.353+0000] {dagbag.py:540} INFO - Filling up the DagBag from /home/airflow/.local/lib/python3.12/site-packages/airflow/example_dags/example_task_group_decorator.py
[2024-04-20T18:41:52.367+0000] {processor.py:840} INFO - DAG(s) 'example_task_group_decorator' retrieved from /home/airflow/.local/lib/python3.12/site-packages/airflow/example_dags/example_task_group_decorator.py
[2024-04-20T18:41:52.375+0000] {logging_mixin.py:188} INFO - [2024-04-20T18:41:52.375+0000] {dag.py:3096} INFO - Sync 1 DAGs
[2024-04-20T18:41:52.391+0000] {logging_mixin.py:188} INFO - [2024-04-20T18:41:52.391+0000] {dag.py:3954} INFO - Setting next_dagrun for example_task_group_decorator to 2024-04-19 00:00:00+00:00, run_after=2024-04-20 00:00:00+00:00
[2024-04-20T18:41:52.401+0000] {processor.py:183} INFO - Processing /home/airflow/.local/lib/python3.12/site-packages/airflow/example_dags/example_task_group_decorator.py took 0.053 seconds
[2024-04-20T18:42:23.672+0000] {processor.py:161} INFO - Started process (PID=114) to work on /home/airflow/.local/lib/python3.12/site-packages/airflow/example_dags/example_task_group_decorator.py
[2024-04-20T18:42:23.672+0000] {processor.py:830} INFO - Processing file /home/airflow/.local/lib/python3.12/site-packages/airflow/example_dags/example_task_group_decorator.py for tasks to queue
[2024-04-20T18:42:23.673+0000] {logging_mixin.py:188} INFO - [2024-04-20T18:42:23.673+0000] {dagbag.py:540} INFO - Filling up the DagBag from /home/airflow/.local/lib/python3.12/site-packages/airflow/example_dags/example_task_group_decorator.py
[2024-04-20T18:42:23.682+0000] {processor.py:840} INFO - DAG(s) 'example_task_group_decorator' retrieved from /home/airflow/.local/lib/python3.12/site-packages/airflow/example_dags/example_task_group_decorator.py
[2024-04-20T18:42:23.746+0000] {logging_mixin.py:188} INFO - [2024-04-20T18:42:23.746+0000] {dag.py:3096} INFO - Sync 1 DAGs
[2024-04-20T18:42:23.757+0000] {logging_mixin.py:188} INFO - [2024-04-20T18:42:23.757+0000] {dag.py:3954} INFO - Setting next_dagrun for example_task_group_decorator to 2024-04-19 00:00:00+00:00, run_after=2024-04-20 00:00:00+00:00
[2024-04-20T18:42:23.766+0000] {processor.py:183} INFO - Processing /home/airflow/.local/lib/python3.12/site-packages/airflow/example_dags/example_task_group_decorator.py took 0.098 seconds
[2024-04-20T18:42:54.367+0000] {processor.py:161} INFO - Started process (PID=173) to work on /home/airflow/.local/lib/python3.12/site-packages/airflow/example_dags/example_task_group_decorator.py
[2024-04-20T18:42:54.368+0000] {processor.py:830} INFO - Processing file /home/airflow/.local/lib/python3.12/site-packages/airflow/example_dags/example_task_group_decorator.py for tasks to queue
[2024-04-20T18:42:54.369+0000] {logging_mixin.py:188} INFO - [2024-04-20T18:42:54.369+0000] {dagbag.py:540} INFO - Filling up the DagBag from /home/airflow/.local/lib/python3.12/site-packages/airflow/example_dags/example_task_group_decorator.py
[2024-04-20T18:42:54.378+0000] {processor.py:840} INFO - DAG(s) 'example_task_group_decorator' retrieved from /home/airflow/.local/lib/python3.12/site-packages/airflow/example_dags/example_task_group_decorator.py
[2024-04-20T18:42:54.395+0000] {logging_mixin.py:188} INFO - [2024-04-20T18:42:54.395+0000] {dag.py:3096} INFO - Sync 1 DAGs
[2024-04-20T18:42:54.409+0000] {logging_mixin.py:188} INFO - [2024-04-20T18:42:54.408+0000] {dag.py:3954} INFO - Setting next_dagrun for example_task_group_decorator to 2024-04-19 00:00:00+00:00, run_after=2024-04-20 00:00:00+00:00
[2024-04-20T18:42:54.418+0000] {processor.py:183} INFO - Processing /home/airflow/.local/lib/python3.12/site-packages/airflow/example_dags/example_task_group_decorator.py took 0.055 seconds
[2024-04-20T18:43:24.556+0000] {processor.py:161} INFO - Started process (PID=232) to work on /home/airflow/.local/lib/python3.12/site-packages/airflow/example_dags/example_task_group_decorator.py
[2024-04-20T18:43:24.557+0000] {processor.py:830} INFO - Processing file /home/airflow/.local/lib/python3.12/site-packages/airflow/example_dags/example_task_group_decorator.py for tasks to queue
[2024-04-20T18:43:24.558+0000] {logging_mixin.py:188} INFO - [2024-04-20T18:43:24.558+0000] {dagbag.py:540} INFO - Filling up the DagBag from /home/airflow/.local/lib/python3.12/site-packages/airflow/example_dags/example_task_group_decorator.py
[2024-04-20T18:43:24.566+0000] {processor.py:840} INFO - DAG(s) 'example_task_group_decorator' retrieved from /home/airflow/.local/lib/python3.12/site-packages/airflow/example_dags/example_task_group_decorator.py
[2024-04-20T18:43:24.580+0000] {logging_mixin.py:188} INFO - [2024-04-20T18:43:24.580+0000] {dag.py:3096} INFO - Sync 1 DAGs
[2024-04-20T18:43:24.592+0000] {logging_mixin.py:188} INFO - [2024-04-20T18:43:24.592+0000] {dag.py:3954} INFO - Setting next_dagrun for example_task_group_decorator to 2024-04-19 00:00:00+00:00, run_after=2024-04-20 00:00:00+00:00
[2024-04-20T18:43:24.601+0000] {processor.py:183} INFO - Processing /home/airflow/.local/lib/python3.12/site-packages/airflow/example_dags/example_task_group_decorator.py took 0.048 seconds
[2024-04-20T18:43:54.640+0000] {processor.py:161} INFO - Started process (PID=291) to work on /home/airflow/.local/lib/python3.12/site-packages/airflow/example_dags/example_task_group_decorator.py
[2024-04-20T18:43:54.641+0000] {processor.py:830} INFO - Processing file /home/airflow/.local/lib/python3.12/site-packages/airflow/example_dags/example_task_group_decorator.py for tasks to queue
[2024-04-20T18:43:54.642+0000] {logging_mixin.py:188} INFO - [2024-04-20T18:43:54.641+0000] {dagbag.py:540} INFO - Filling up the DagBag from /home/airflow/.local/lib/python3.12/site-packages/airflow/example_dags/example_task_group_decorator.py
[2024-04-20T18:43:54.650+0000] {processor.py:840} INFO - DAG(s) 'example_task_group_decorator' retrieved from /home/airflow/.local/lib/python3.12/site-packages/airflow/example_dags/example_task_group_decorator.py
[2024-04-20T18:43:54.664+0000] {logging_mixin.py:188} INFO - [2024-04-20T18:43:54.664+0000] {dag.py:3096} INFO - Sync 1 DAGs
[2024-04-20T18:43:54.676+0000] {logging_mixin.py:188} INFO - [2024-04-20T18:43:54.676+0000] {dag.py:3954} INFO - Setting next_dagrun for example_task_group_decorator to 2024-04-19 00:00:00+00:00, run_after=2024-04-20 00:00:00+00:00
[2024-04-20T18:43:54.685+0000] {processor.py:183} INFO - Processing /home/airflow/.local/lib/python3.12/site-packages/airflow/example_dags/example_task_group_decorator.py took 0.048 seconds
[2024-04-20T18:44:25.584+0000] {processor.py:161} INFO - Started process (PID=350) to work on /home/airflow/.local/lib/python3.12/site-packages/airflow/example_dags/example_task_group_decorator.py
[2024-04-20T18:44:25.585+0000] {processor.py:830} INFO - Processing file /home/airflow/.local/lib/python3.12/site-packages/airflow/example_dags/example_task_group_decorator.py for tasks to queue
[2024-04-20T18:44:25.586+0000] {logging_mixin.py:188} INFO - [2024-04-20T18:44:25.586+0000] {dagbag.py:540} INFO - Filling up the DagBag from /home/airflow/.local/lib/python3.12/site-packages/airflow/example_dags/example_task_group_decorator.py
[2024-04-20T18:44:25.594+0000] {processor.py:840} INFO - DAG(s) 'example_task_group_decorator' retrieved from /home/airflow/.local/lib/python3.12/site-packages/airflow/example_dags/example_task_group_decorator.py
[2024-04-20T18:44:25.608+0000] {logging_mixin.py:188} INFO - [2024-04-20T18:44:25.608+0000] {dag.py:3096} INFO - Sync 1 DAGs
[2024-04-20T18:44:25.620+0000] {logging_mixin.py:188} INFO - [2024-04-20T18:44:25.620+0000] {dag.py:3954} INFO - Setting next_dagrun for example_task_group_decorator to 2024-04-19 00:00:00+00:00, run_after=2024-04-20 00:00:00+00:00
[2024-04-20T18:44:25.629+0000] {processor.py:183} INFO - Processing /home/airflow/.local/lib/python3.12/site-packages/airflow/example_dags/example_task_group_decorator.py took 0.048 seconds
[2024-04-20T18:44:56.473+0000] {processor.py:161} INFO - Started process (PID=409) to work on /home/airflow/.local/lib/python3.12/site-packages/airflow/example_dags/example_task_group_decorator.py
[2024-04-20T18:44:56.474+0000] {processor.py:830} INFO - Processing file /home/airflow/.local/lib/python3.12/site-packages/airflow/example_dags/example_task_group_decorator.py for tasks to queue
[2024-04-20T18:44:56.475+0000] {logging_mixin.py:188} INFO - [2024-04-20T18:44:56.474+0000] {dagbag.py:540} INFO - Filling up the DagBag from /home/airflow/.local/lib/python3.12/site-packages/airflow/example_dags/example_task_group_decorator.py
[2024-04-20T18:44:56.483+0000] {processor.py:840} INFO - DAG(s) 'example_task_group_decorator' retrieved from /home/airflow/.local/lib/python3.12/site-packages/airflow/example_dags/example_task_group_decorator.py
[2024-04-20T18:44:56.498+0000] {logging_mixin.py:188} INFO - [2024-04-20T18:44:56.498+0000] {dag.py:3096} INFO - Sync 1 DAGs
[2024-04-20T18:44:56.511+0000] {logging_mixin.py:188} INFO - [2024-04-20T18:44:56.510+0000] {dag.py:3954} INFO - Setting next_dagrun for example_task_group_decorator to 2024-04-19 00:00:00+00:00, run_after=2024-04-20 00:00:00+00:00
[2024-04-20T18:44:56.519+0000] {processor.py:183} INFO - Processing /home/airflow/.local/lib/python3.12/site-packages/airflow/example_dags/example_task_group_decorator.py took 0.050 seconds
[2024-04-20T18:45:27.358+0000] {processor.py:161} INFO - Started process (PID=468) to work on /home/airflow/.local/lib/python3.12/site-packages/airflow/example_dags/example_task_group_decorator.py
[2024-04-20T18:45:27.358+0000] {processor.py:830} INFO - Processing file /home/airflow/.local/lib/python3.12/site-packages/airflow/example_dags/example_task_group_decorator.py for tasks to queue
[2024-04-20T18:45:27.359+0000] {logging_mixin.py:188} INFO - [2024-04-20T18:45:27.359+0000] {dagbag.py:540} INFO - Filling up the DagBag from /home/airflow/.local/lib/python3.12/site-packages/airflow/example_dags/example_task_group_decorator.py
[2024-04-20T18:45:27.368+0000] {processor.py:840} INFO - DAG(s) 'example_task_group_decorator' retrieved from /home/airflow/.local/lib/python3.12/site-packages/airflow/example_dags/example_task_group_decorator.py
[2024-04-20T18:45:27.384+0000] {logging_mixin.py:188} INFO - [2024-04-20T18:45:27.383+0000] {dag.py:3096} INFO - Sync 1 DAGs
[2024-04-20T18:45:27.397+0000] {logging_mixin.py:188} INFO - [2024-04-20T18:45:27.397+0000] {dag.py:3954} INFO - Setting next_dagrun for example_task_group_decorator to 2024-04-19 00:00:00+00:00, run_after=2024-04-20 00:00:00+00:00
[2024-04-20T18:45:27.407+0000] {processor.py:183} INFO - Processing /home/airflow/.local/lib/python3.12/site-packages/airflow/example_dags/example_task_group_decorator.py took 0.053 seconds
