[2024-04-20T18:41:52.071+0000] {processor.py:161} INFO - Started process (PID=46) to work on /home/airflow/.local/lib/python3.12/site-packages/airflow/example_dags/example_nested_branch_dag.py
[2024-04-20T18:41:52.071+0000] {processor.py:830} INFO - Processing file /home/airflow/.local/lib/python3.12/site-packages/airflow/example_dags/example_nested_branch_dag.py for tasks to queue
[2024-04-20T18:41:52.072+0000] {logging_mixin.py:188} INFO - [2024-04-20T18:41:52.072+0000] {dagbag.py:540} INFO - Filling up the DagBag from /home/airflow/.local/lib/python3.12/site-packages/airflow/example_dags/example_nested_branch_dag.py
[2024-04-20T18:41:52.080+0000] {processor.py:840} INFO - DAG(s) 'example_nested_branch_dag' retrieved from /home/airflow/.local/lib/python3.12/site-packages/airflow/example_dags/example_nested_branch_dag.py
[2024-04-20T18:41:52.087+0000] {logging_mixin.py:188} INFO - [2024-04-20T18:41:52.087+0000] {dag.py:3096} INFO - Sync 1 DAGs
[2024-04-20T18:41:52.102+0000] {logging_mixin.py:188} INFO - [2024-04-20T18:41:52.102+0000] {dag.py:3954} INFO - Setting next_dagrun for example_nested_branch_dag to 2024-04-19 00:00:00+00:00, run_after=2024-04-20 00:00:00+00:00
[2024-04-20T18:41:52.112+0000] {processor.py:183} INFO - Processing /home/airflow/.local/lib/python3.12/site-packages/airflow/example_dags/example_nested_branch_dag.py took 0.044 seconds
[2024-04-20T18:42:23.044+0000] {processor.py:161} INFO - Started process (PID=105) to work on /home/airflow/.local/lib/python3.12/site-packages/airflow/example_dags/example_nested_branch_dag.py
[2024-04-20T18:42:23.045+0000] {processor.py:830} INFO - Processing file /home/airflow/.local/lib/python3.12/site-packages/airflow/example_dags/example_nested_branch_dag.py for tasks to queue
[2024-04-20T18:42:23.046+0000] {logging_mixin.py:188} INFO - [2024-04-20T18:42:23.046+0000] {dagbag.py:540} INFO - Filling up the DagBag from /home/airflow/.local/lib/python3.12/site-packages/airflow/example_dags/example_nested_branch_dag.py
[2024-04-20T18:42:23.051+0000] {processor.py:840} INFO - DAG(s) 'example_nested_branch_dag' retrieved from /home/airflow/.local/lib/python3.12/site-packages/airflow/example_dags/example_nested_branch_dag.py
[2024-04-20T18:42:23.112+0000] {logging_mixin.py:188} INFO - [2024-04-20T18:42:23.112+0000] {dag.py:3096} INFO - Sync 1 DAGs
[2024-04-20T18:42:23.123+0000] {logging_mixin.py:188} INFO - [2024-04-20T18:42:23.123+0000] {dag.py:3954} INFO - Setting next_dagrun for example_nested_branch_dag to 2024-04-19 00:00:00+00:00, run_after=2024-04-20 00:00:00+00:00
[2024-04-20T18:42:23.132+0000] {processor.py:183} INFO - Processing /home/airflow/.local/lib/python3.12/site-packages/airflow/example_dags/example_nested_branch_dag.py took 0.091 seconds
[2024-04-20T18:42:53.981+0000] {processor.py:161} INFO - Started process (PID=164) to work on /home/airflow/.local/lib/python3.12/site-packages/airflow/example_dags/example_nested_branch_dag.py
[2024-04-20T18:42:53.981+0000] {processor.py:830} INFO - Processing file /home/airflow/.local/lib/python3.12/site-packages/airflow/example_dags/example_nested_branch_dag.py for tasks to queue
[2024-04-20T18:42:53.983+0000] {logging_mixin.py:188} INFO - [2024-04-20T18:42:53.982+0000] {dagbag.py:540} INFO - Filling up the DagBag from /home/airflow/.local/lib/python3.12/site-packages/airflow/example_dags/example_nested_branch_dag.py
[2024-04-20T18:42:53.989+0000] {processor.py:840} INFO - DAG(s) 'example_nested_branch_dag' retrieved from /home/airflow/.local/lib/python3.12/site-packages/airflow/example_dags/example_nested_branch_dag.py
[2024-04-20T18:42:54.003+0000] {logging_mixin.py:188} INFO - [2024-04-20T18:42:54.003+0000] {dag.py:3096} INFO - Sync 1 DAGs
[2024-04-20T18:42:54.017+0000] {logging_mixin.py:188} INFO - [2024-04-20T18:42:54.017+0000] {dag.py:3954} INFO - Setting next_dagrun for example_nested_branch_dag to 2024-04-19 00:00:00+00:00, run_after=2024-04-20 00:00:00+00:00
[2024-04-20T18:42:54.028+0000] {processor.py:183} INFO - Processing /home/airflow/.local/lib/python3.12/site-packages/airflow/example_dags/example_nested_branch_dag.py took 0.051 seconds
[2024-04-20T18:43:24.204+0000] {processor.py:161} INFO - Started process (PID=223) to work on /home/airflow/.local/lib/python3.12/site-packages/airflow/example_dags/example_nested_branch_dag.py
[2024-04-20T18:43:24.204+0000] {processor.py:830} INFO - Processing file /home/airflow/.local/lib/python3.12/site-packages/airflow/example_dags/example_nested_branch_dag.py for tasks to queue
[2024-04-20T18:43:24.205+0000] {logging_mixin.py:188} INFO - [2024-04-20T18:43:24.205+0000] {dagbag.py:540} INFO - Filling up the DagBag from /home/airflow/.local/lib/python3.12/site-packages/airflow/example_dags/example_nested_branch_dag.py
[2024-04-20T18:43:24.211+0000] {processor.py:840} INFO - DAG(s) 'example_nested_branch_dag' retrieved from /home/airflow/.local/lib/python3.12/site-packages/airflow/example_dags/example_nested_branch_dag.py
[2024-04-20T18:43:24.224+0000] {logging_mixin.py:188} INFO - [2024-04-20T18:43:24.224+0000] {dag.py:3096} INFO - Sync 1 DAGs
[2024-04-20T18:43:24.236+0000] {logging_mixin.py:188} INFO - [2024-04-20T18:43:24.236+0000] {dag.py:3954} INFO - Setting next_dagrun for example_nested_branch_dag to 2024-04-19 00:00:00+00:00, run_after=2024-04-20 00:00:00+00:00
[2024-04-20T18:43:24.245+0000] {processor.py:183} INFO - Processing /home/airflow/.local/lib/python3.12/site-packages/airflow/example_dags/example_nested_branch_dag.py took 0.045 seconds
[2024-04-20T18:43:54.280+0000] {processor.py:161} INFO - Started process (PID=282) to work on /home/airflow/.local/lib/python3.12/site-packages/airflow/example_dags/example_nested_branch_dag.py
[2024-04-20T18:43:54.281+0000] {processor.py:830} INFO - Processing file /home/airflow/.local/lib/python3.12/site-packages/airflow/example_dags/example_nested_branch_dag.py for tasks to queue
[2024-04-20T18:43:54.282+0000] {logging_mixin.py:188} INFO - [2024-04-20T18:43:54.282+0000] {dagbag.py:540} INFO - Filling up the DagBag from /home/airflow/.local/lib/python3.12/site-packages/airflow/example_dags/example_nested_branch_dag.py
[2024-04-20T18:43:54.288+0000] {processor.py:840} INFO - DAG(s) 'example_nested_branch_dag' retrieved from /home/airflow/.local/lib/python3.12/site-packages/airflow/example_dags/example_nested_branch_dag.py
[2024-04-20T18:43:54.301+0000] {logging_mixin.py:188} INFO - [2024-04-20T18:43:54.301+0000] {dag.py:3096} INFO - Sync 1 DAGs
[2024-04-20T18:43:54.314+0000] {logging_mixin.py:188} INFO - [2024-04-20T18:43:54.314+0000] {dag.py:3954} INFO - Setting next_dagrun for example_nested_branch_dag to 2024-04-19 00:00:00+00:00, run_after=2024-04-20 00:00:00+00:00
[2024-04-20T18:43:54.322+0000] {processor.py:183} INFO - Processing /home/airflow/.local/lib/python3.12/site-packages/airflow/example_dags/example_nested_branch_dag.py took 0.045 seconds
[2024-04-20T18:44:25.256+0000] {processor.py:161} INFO - Started process (PID=341) to work on /home/airflow/.local/lib/python3.12/site-packages/airflow/example_dags/example_nested_branch_dag.py
[2024-04-20T18:44:25.256+0000] {processor.py:830} INFO - Processing file /home/airflow/.local/lib/python3.12/site-packages/airflow/example_dags/example_nested_branch_dag.py for tasks to queue
[2024-04-20T18:44:25.258+0000] {logging_mixin.py:188} INFO - [2024-04-20T18:44:25.257+0000] {dagbag.py:540} INFO - Filling up the DagBag from /home/airflow/.local/lib/python3.12/site-packages/airflow/example_dags/example_nested_branch_dag.py
[2024-04-20T18:44:25.263+0000] {processor.py:840} INFO - DAG(s) 'example_nested_branch_dag' retrieved from /home/airflow/.local/lib/python3.12/site-packages/airflow/example_dags/example_nested_branch_dag.py
[2024-04-20T18:44:25.276+0000] {logging_mixin.py:188} INFO - [2024-04-20T18:44:25.276+0000] {dag.py:3096} INFO - Sync 1 DAGs
[2024-04-20T18:44:25.288+0000] {logging_mixin.py:188} INFO - [2024-04-20T18:44:25.288+0000] {dag.py:3954} INFO - Setting next_dagrun for example_nested_branch_dag to 2024-04-19 00:00:00+00:00, run_after=2024-04-20 00:00:00+00:00
[2024-04-20T18:44:25.297+0000] {processor.py:183} INFO - Processing /home/airflow/.local/lib/python3.12/site-packages/airflow/example_dags/example_nested_branch_dag.py took 0.045 seconds
[2024-04-20T18:44:56.124+0000] {processor.py:161} INFO - Started process (PID=400) to work on /home/airflow/.local/lib/python3.12/site-packages/airflow/example_dags/example_nested_branch_dag.py
[2024-04-20T18:44:56.124+0000] {processor.py:830} INFO - Processing file /home/airflow/.local/lib/python3.12/site-packages/airflow/example_dags/example_nested_branch_dag.py for tasks to queue
[2024-04-20T18:44:56.125+0000] {logging_mixin.py:188} INFO - [2024-04-20T18:44:56.125+0000] {dagbag.py:540} INFO - Filling up the DagBag from /home/airflow/.local/lib/python3.12/site-packages/airflow/example_dags/example_nested_branch_dag.py
[2024-04-20T18:44:56.131+0000] {processor.py:840} INFO - DAG(s) 'example_nested_branch_dag' retrieved from /home/airflow/.local/lib/python3.12/site-packages/airflow/example_dags/example_nested_branch_dag.py
[2024-04-20T18:44:56.145+0000] {logging_mixin.py:188} INFO - [2024-04-20T18:44:56.145+0000] {dag.py:3096} INFO - Sync 1 DAGs
[2024-04-20T18:44:56.158+0000] {logging_mixin.py:188} INFO - [2024-04-20T18:44:56.158+0000] {dag.py:3954} INFO - Setting next_dagrun for example_nested_branch_dag to 2024-04-19 00:00:00+00:00, run_after=2024-04-20 00:00:00+00:00
[2024-04-20T18:44:56.167+0000] {processor.py:183} INFO - Processing /home/airflow/.local/lib/python3.12/site-packages/airflow/example_dags/example_nested_branch_dag.py took 0.047 seconds
[2024-04-20T18:45:26.983+0000] {processor.py:161} INFO - Started process (PID=459) to work on /home/airflow/.local/lib/python3.12/site-packages/airflow/example_dags/example_nested_branch_dag.py
[2024-04-20T18:45:26.983+0000] {processor.py:830} INFO - Processing file /home/airflow/.local/lib/python3.12/site-packages/airflow/example_dags/example_nested_branch_dag.py for tasks to queue
[2024-04-20T18:45:26.984+0000] {logging_mixin.py:188} INFO - [2024-04-20T18:45:26.984+0000] {dagbag.py:540} INFO - Filling up the DagBag from /home/airflow/.local/lib/python3.12/site-packages/airflow/example_dags/example_nested_branch_dag.py
[2024-04-20T18:45:26.990+0000] {processor.py:840} INFO - DAG(s) 'example_nested_branch_dag' retrieved from /home/airflow/.local/lib/python3.12/site-packages/airflow/example_dags/example_nested_branch_dag.py
[2024-04-20T18:45:27.001+0000] {logging_mixin.py:188} INFO - [2024-04-20T18:45:27.001+0000] {dag.py:3096} INFO - Sync 1 DAGs
[2024-04-20T18:45:27.013+0000] {logging_mixin.py:188} INFO - [2024-04-20T18:45:27.013+0000] {dag.py:3954} INFO - Setting next_dagrun for example_nested_branch_dag to 2024-04-19 00:00:00+00:00, run_after=2024-04-20 00:00:00+00:00
[2024-04-20T18:45:27.022+0000] {processor.py:183} INFO - Processing /home/airflow/.local/lib/python3.12/site-packages/airflow/example_dags/example_nested_branch_dag.py took 0.043 seconds
[2024-04-20T18:45:57.830+0000] {processor.py:161} INFO - Started process (PID=518) to work on /home/airflow/.local/lib/python3.12/site-packages/airflow/example_dags/example_nested_branch_dag.py
[2024-04-20T18:45:57.831+0000] {processor.py:830} INFO - Processing file /home/airflow/.local/lib/python3.12/site-packages/airflow/example_dags/example_nested_branch_dag.py for tasks to queue
[2024-04-20T18:45:57.832+0000] {logging_mixin.py:188} INFO - [2024-04-20T18:45:57.832+0000] {dagbag.py:540} INFO - Filling up the DagBag from /home/airflow/.local/lib/python3.12/site-packages/airflow/example_dags/example_nested_branch_dag.py
[2024-04-20T18:45:57.839+0000] {processor.py:840} INFO - DAG(s) 'example_nested_branch_dag' retrieved from /home/airflow/.local/lib/python3.12/site-packages/airflow/example_dags/example_nested_branch_dag.py
[2024-04-20T18:45:57.853+0000] {logging_mixin.py:188} INFO - [2024-04-20T18:45:57.853+0000] {dag.py:3096} INFO - Sync 1 DAGs
[2024-04-20T18:45:57.869+0000] {logging_mixin.py:188} INFO - [2024-04-20T18:45:57.869+0000] {dag.py:3954} INFO - Setting next_dagrun for example_nested_branch_dag to 2024-04-19 00:00:00+00:00, run_after=2024-04-20 00:00:00+00:00
[2024-04-20T18:45:57.881+0000] {processor.py:183} INFO - Processing /home/airflow/.local/lib/python3.12/site-packages/airflow/example_dags/example_nested_branch_dag.py took 0.055 seconds
