[2024-04-20T18:41:52.606+0000] {processor.py:161} INFO - Started process (PID=63) to work on /home/airflow/.local/lib/python3.12/site-packages/airflow/example_dags/example_dag_decorator.py
[2024-04-20T18:41:52.607+0000] {processor.py:830} INFO - Processing file /home/airflow/.local/lib/python3.12/site-packages/airflow/example_dags/example_dag_decorator.py for tasks to queue
[2024-04-20T18:41:52.608+0000] {logging_mixin.py:188} INFO - [2024-04-20T18:41:52.608+0000] {dagbag.py:540} INFO - Filling up the DagBag from /home/airflow/.local/lib/python3.12/site-packages/airflow/example_dags/example_dag_decorator.py
[2024-04-20T18:41:52.759+0000] {processor.py:840} INFO - DAG(s) 'example_dag_decorator' retrieved from /home/airflow/.local/lib/python3.12/site-packages/airflow/example_dags/example_dag_decorator.py
[2024-04-20T18:41:52.766+0000] {logging_mixin.py:188} INFO - [2024-04-20T18:41:52.766+0000] {dag.py:3096} INFO - Sync 1 DAGs
[2024-04-20T18:41:52.774+0000] {logging_mixin.py:188} INFO - [2024-04-20T18:41:52.774+0000] {dag.py:3954} INFO - Setting next_dagrun for example_dag_decorator to None, run_after=None
[2024-04-20T18:41:52.783+0000] {processor.py:183} INFO - Processing /home/airflow/.local/lib/python3.12/site-packages/airflow/example_dags/example_dag_decorator.py took 0.180 seconds
[2024-04-20T18:42:24.131+0000] {processor.py:161} INFO - Started process (PID=122) to work on /home/airflow/.local/lib/python3.12/site-packages/airflow/example_dags/example_dag_decorator.py
[2024-04-20T18:42:24.132+0000] {processor.py:830} INFO - Processing file /home/airflow/.local/lib/python3.12/site-packages/airflow/example_dags/example_dag_decorator.py for tasks to queue
[2024-04-20T18:42:24.133+0000] {logging_mixin.py:188} INFO - [2024-04-20T18:42:24.133+0000] {dagbag.py:540} INFO - Filling up the DagBag from /home/airflow/.local/lib/python3.12/site-packages/airflow/example_dags/example_dag_decorator.py
[2024-04-20T18:42:24.184+0000] {processor.py:840} INFO - DAG(s) 'example_dag_decorator' retrieved from /home/airflow/.local/lib/python3.12/site-packages/airflow/example_dags/example_dag_decorator.py
[2024-04-20T18:42:24.247+0000] {logging_mixin.py:188} INFO - [2024-04-20T18:42:24.247+0000] {dag.py:3096} INFO - Sync 1 DAGs
[2024-04-20T18:42:24.254+0000] {logging_mixin.py:188} INFO - [2024-04-20T18:42:24.253+0000] {dag.py:3954} INFO - Setting next_dagrun for example_dag_decorator to None, run_after=None
[2024-04-20T18:42:24.262+0000] {processor.py:183} INFO - Processing /home/airflow/.local/lib/python3.12/site-packages/airflow/example_dags/example_dag_decorator.py took 0.135 seconds
[2024-04-20T18:42:54.704+0000] {processor.py:161} INFO - Started process (PID=181) to work on /home/airflow/.local/lib/python3.12/site-packages/airflow/example_dags/example_dag_decorator.py
[2024-04-20T18:42:54.704+0000] {processor.py:830} INFO - Processing file /home/airflow/.local/lib/python3.12/site-packages/airflow/example_dags/example_dag_decorator.py for tasks to queue
[2024-04-20T18:42:54.705+0000] {logging_mixin.py:188} INFO - [2024-04-20T18:42:54.705+0000] {dagbag.py:540} INFO - Filling up the DagBag from /home/airflow/.local/lib/python3.12/site-packages/airflow/example_dags/example_dag_decorator.py
[2024-04-20T18:42:54.759+0000] {processor.py:840} INFO - DAG(s) 'example_dag_decorator' retrieved from /home/airflow/.local/lib/python3.12/site-packages/airflow/example_dags/example_dag_decorator.py
[2024-04-20T18:42:54.823+0000] {logging_mixin.py:188} INFO - [2024-04-20T18:42:54.823+0000] {dag.py:3096} INFO - Sync 1 DAGs
[2024-04-20T18:42:54.830+0000] {logging_mixin.py:188} INFO - [2024-04-20T18:42:54.830+0000] {dag.py:3954} INFO - Setting next_dagrun for example_dag_decorator to None, run_after=None
[2024-04-20T18:42:54.839+0000] {processor.py:183} INFO - Processing /home/airflow/.local/lib/python3.12/site-packages/airflow/example_dags/example_dag_decorator.py took 0.139 seconds
[2024-04-20T18:43:24.857+0000] {processor.py:161} INFO - Started process (PID=240) to work on /home/airflow/.local/lib/python3.12/site-packages/airflow/example_dags/example_dag_decorator.py
[2024-04-20T18:43:24.858+0000] {processor.py:830} INFO - Processing file /home/airflow/.local/lib/python3.12/site-packages/airflow/example_dags/example_dag_decorator.py for tasks to queue
[2024-04-20T18:43:24.859+0000] {logging_mixin.py:188} INFO - [2024-04-20T18:43:24.858+0000] {dagbag.py:540} INFO - Filling up the DagBag from /home/airflow/.local/lib/python3.12/site-packages/airflow/example_dags/example_dag_decorator.py
[2024-04-20T18:43:24.910+0000] {processor.py:840} INFO - DAG(s) 'example_dag_decorator' retrieved from /home/airflow/.local/lib/python3.12/site-packages/airflow/example_dags/example_dag_decorator.py
[2024-04-20T18:43:24.971+0000] {logging_mixin.py:188} INFO - [2024-04-20T18:43:24.971+0000] {dag.py:3096} INFO - Sync 1 DAGs
[2024-04-20T18:43:24.977+0000] {logging_mixin.py:188} INFO - [2024-04-20T18:43:24.977+0000] {dag.py:3954} INFO - Setting next_dagrun for example_dag_decorator to None, run_after=None
[2024-04-20T18:43:24.993+0000] {processor.py:183} INFO - Processing /home/airflow/.local/lib/python3.12/site-packages/airflow/example_dags/example_dag_decorator.py took 0.139 seconds
[2024-04-20T18:43:55.948+0000] {processor.py:161} INFO - Started process (PID=299) to work on /home/airflow/.local/lib/python3.12/site-packages/airflow/example_dags/example_dag_decorator.py
[2024-04-20T18:43:55.948+0000] {processor.py:830} INFO - Processing file /home/airflow/.local/lib/python3.12/site-packages/airflow/example_dags/example_dag_decorator.py for tasks to queue
[2024-04-20T18:43:55.949+0000] {logging_mixin.py:188} INFO - [2024-04-20T18:43:55.949+0000] {dagbag.py:540} INFO - Filling up the DagBag from /home/airflow/.local/lib/python3.12/site-packages/airflow/example_dags/example_dag_decorator.py
[2024-04-20T18:43:56.004+0000] {processor.py:840} INFO - DAG(s) 'example_dag_decorator' retrieved from /home/airflow/.local/lib/python3.12/site-packages/airflow/example_dags/example_dag_decorator.py
[2024-04-20T18:43:56.071+0000] {logging_mixin.py:188} INFO - [2024-04-20T18:43:56.071+0000] {dag.py:3096} INFO - Sync 1 DAGs
[2024-04-20T18:43:56.077+0000] {logging_mixin.py:188} INFO - [2024-04-20T18:43:56.077+0000] {dag.py:3954} INFO - Setting next_dagrun for example_dag_decorator to None, run_after=None
[2024-04-20T18:43:56.087+0000] {processor.py:183} INFO - Processing /home/airflow/.local/lib/python3.12/site-packages/airflow/example_dags/example_dag_decorator.py took 0.142 seconds
[2024-04-20T18:44:26.846+0000] {processor.py:161} INFO - Started process (PID=358) to work on /home/airflow/.local/lib/python3.12/site-packages/airflow/example_dags/example_dag_decorator.py
[2024-04-20T18:44:26.852+0000] {processor.py:830} INFO - Processing file /home/airflow/.local/lib/python3.12/site-packages/airflow/example_dags/example_dag_decorator.py for tasks to queue
[2024-04-20T18:44:26.854+0000] {logging_mixin.py:188} INFO - [2024-04-20T18:44:26.853+0000] {dagbag.py:540} INFO - Filling up the DagBag from /home/airflow/.local/lib/python3.12/site-packages/airflow/example_dags/example_dag_decorator.py
[2024-04-20T18:44:26.912+0000] {processor.py:840} INFO - DAG(s) 'example_dag_decorator' retrieved from /home/airflow/.local/lib/python3.12/site-packages/airflow/example_dags/example_dag_decorator.py
[2024-04-20T18:44:26.975+0000] {logging_mixin.py:188} INFO - [2024-04-20T18:44:26.975+0000] {dag.py:3096} INFO - Sync 1 DAGs
[2024-04-20T18:44:26.980+0000] {logging_mixin.py:188} INFO - [2024-04-20T18:44:26.980+0000] {dag.py:3954} INFO - Setting next_dagrun for example_dag_decorator to None, run_after=None
[2024-04-20T18:44:26.989+0000] {processor.py:183} INFO - Processing /home/airflow/.local/lib/python3.12/site-packages/airflow/example_dags/example_dag_decorator.py took 0.146 seconds
[2024-04-20T18:44:57.737+0000] {processor.py:161} INFO - Started process (PID=417) to work on /home/airflow/.local/lib/python3.12/site-packages/airflow/example_dags/example_dag_decorator.py
[2024-04-20T18:44:57.737+0000] {processor.py:830} INFO - Processing file /home/airflow/.local/lib/python3.12/site-packages/airflow/example_dags/example_dag_decorator.py for tasks to queue
[2024-04-20T18:44:57.738+0000] {logging_mixin.py:188} INFO - [2024-04-20T18:44:57.738+0000] {dagbag.py:540} INFO - Filling up the DagBag from /home/airflow/.local/lib/python3.12/site-packages/airflow/example_dags/example_dag_decorator.py
[2024-04-20T18:44:57.790+0000] {processor.py:840} INFO - DAG(s) 'example_dag_decorator' retrieved from /home/airflow/.local/lib/python3.12/site-packages/airflow/example_dags/example_dag_decorator.py
[2024-04-20T18:44:57.853+0000] {logging_mixin.py:188} INFO - [2024-04-20T18:44:57.853+0000] {dag.py:3096} INFO - Sync 1 DAGs
[2024-04-20T18:44:57.859+0000] {logging_mixin.py:188} INFO - [2024-04-20T18:44:57.859+0000] {dag.py:3954} INFO - Setting next_dagrun for example_dag_decorator to None, run_after=None
[2024-04-20T18:44:57.868+0000] {processor.py:183} INFO - Processing /home/airflow/.local/lib/python3.12/site-packages/airflow/example_dags/example_dag_decorator.py took 0.134 seconds
[2024-04-20T18:45:28.637+0000] {processor.py:161} INFO - Started process (PID=476) to work on /home/airflow/.local/lib/python3.12/site-packages/airflow/example_dags/example_dag_decorator.py
[2024-04-20T18:45:28.643+0000] {processor.py:830} INFO - Processing file /home/airflow/.local/lib/python3.12/site-packages/airflow/example_dags/example_dag_decorator.py for tasks to queue
[2024-04-20T18:45:28.644+0000] {logging_mixin.py:188} INFO - [2024-04-20T18:45:28.644+0000] {dagbag.py:540} INFO - Filling up the DagBag from /home/airflow/.local/lib/python3.12/site-packages/airflow/example_dags/example_dag_decorator.py
[2024-04-20T18:45:28.698+0000] {processor.py:840} INFO - DAG(s) 'example_dag_decorator' retrieved from /home/airflow/.local/lib/python3.12/site-packages/airflow/example_dags/example_dag_decorator.py
[2024-04-20T18:45:28.711+0000] {logging_mixin.py:188} INFO - [2024-04-20T18:45:28.711+0000] {dag.py:3096} INFO - Sync 1 DAGs
[2024-04-20T18:45:28.718+0000] {logging_mixin.py:188} INFO - [2024-04-20T18:45:28.718+0000] {dag.py:3954} INFO - Setting next_dagrun for example_dag_decorator to None, run_after=None
[2024-04-20T18:45:28.727+0000] {processor.py:183} INFO - Processing /home/airflow/.local/lib/python3.12/site-packages/airflow/example_dags/example_dag_decorator.py took 0.093 seconds
