[2024-04-20T18:41:51.957+0000] {processor.py:161} INFO - Started process (PID=42) to work on /home/airflow/.local/lib/python3.12/site-packages/airflow/example_dags/example_sensors.py
[2024-04-20T18:41:51.958+0000] {processor.py:830} INFO - Processing file /home/airflow/.local/lib/python3.12/site-packages/airflow/example_dags/example_sensors.py for tasks to queue
[2024-04-20T18:41:51.959+0000] {logging_mixin.py:188} INFO - [2024-04-20T18:41:51.958+0000] {dagbag.py:540} INFO - Filling up the DagBag from /home/airflow/.local/lib/python3.12/site-packages/airflow/example_dags/example_sensors.py
[2024-04-20T18:41:51.966+0000] {processor.py:840} INFO - DAG(s) 'example_sensors' retrieved from /home/airflow/.local/lib/python3.12/site-packages/airflow/example_dags/example_sensors.py
[2024-04-20T18:41:51.973+0000] {logging_mixin.py:188} INFO - [2024-04-20T18:41:51.973+0000] {dag.py:3096} INFO - Sync 1 DAGs
[2024-04-20T18:41:51.982+0000] {logging_mixin.py:188} INFO - [2024-04-20T18:41:51.982+0000] {dag.py:3954} INFO - Setting next_dagrun for example_sensors to None, run_after=None
[2024-04-20T18:41:51.992+0000] {processor.py:183} INFO - Processing /home/airflow/.local/lib/python3.12/site-packages/airflow/example_dags/example_sensors.py took 0.038 seconds
[2024-04-20T18:42:22.828+0000] {processor.py:161} INFO - Started process (PID=101) to work on /home/airflow/.local/lib/python3.12/site-packages/airflow/example_dags/example_sensors.py
[2024-04-20T18:42:22.829+0000] {processor.py:830} INFO - Processing file /home/airflow/.local/lib/python3.12/site-packages/airflow/example_dags/example_sensors.py for tasks to queue
[2024-04-20T18:42:22.830+0000] {logging_mixin.py:188} INFO - [2024-04-20T18:42:22.830+0000] {dagbag.py:540} INFO - Filling up the DagBag from /home/airflow/.local/lib/python3.12/site-packages/airflow/example_dags/example_sensors.py
[2024-04-20T18:42:22.835+0000] {processor.py:840} INFO - DAG(s) 'example_sensors' retrieved from /home/airflow/.local/lib/python3.12/site-packages/airflow/example_dags/example_sensors.py
[2024-04-20T18:42:22.898+0000] {logging_mixin.py:188} INFO - [2024-04-20T18:42:22.898+0000] {dag.py:3096} INFO - Sync 1 DAGs
[2024-04-20T18:42:22.904+0000] {logging_mixin.py:188} INFO - [2024-04-20T18:42:22.904+0000] {dag.py:3954} INFO - Setting next_dagrun for example_sensors to None, run_after=None
[2024-04-20T18:42:22.913+0000] {processor.py:183} INFO - Processing /home/airflow/.local/lib/python3.12/site-packages/airflow/example_dags/example_sensors.py took 0.088 seconds
[2024-04-20T18:42:53.849+0000] {processor.py:161} INFO - Started process (PID=160) to work on /home/airflow/.local/lib/python3.12/site-packages/airflow/example_dags/example_sensors.py
[2024-04-20T18:42:53.850+0000] {processor.py:830} INFO - Processing file /home/airflow/.local/lib/python3.12/site-packages/airflow/example_dags/example_sensors.py for tasks to queue
[2024-04-20T18:42:53.851+0000] {logging_mixin.py:188} INFO - [2024-04-20T18:42:53.851+0000] {dagbag.py:540} INFO - Filling up the DagBag from /home/airflow/.local/lib/python3.12/site-packages/airflow/example_dags/example_sensors.py
[2024-04-20T18:42:53.857+0000] {processor.py:840} INFO - DAG(s) 'example_sensors' retrieved from /home/airflow/.local/lib/python3.12/site-packages/airflow/example_dags/example_sensors.py
[2024-04-20T18:42:53.874+0000] {logging_mixin.py:188} INFO - [2024-04-20T18:42:53.874+0000] {dag.py:3096} INFO - Sync 1 DAGs
[2024-04-20T18:42:53.884+0000] {logging_mixin.py:188} INFO - [2024-04-20T18:42:53.883+0000] {dag.py:3954} INFO - Setting next_dagrun for example_sensors to None, run_after=None
[2024-04-20T18:42:53.895+0000] {processor.py:183} INFO - Processing /home/airflow/.local/lib/python3.12/site-packages/airflow/example_dags/example_sensors.py took 0.049 seconds
[2024-04-20T18:43:24.029+0000] {processor.py:161} INFO - Started process (PID=219) to work on /home/airflow/.local/lib/python3.12/site-packages/airflow/example_dags/example_sensors.py
[2024-04-20T18:43:24.030+0000] {processor.py:830} INFO - Processing file /home/airflow/.local/lib/python3.12/site-packages/airflow/example_dags/example_sensors.py for tasks to queue
[2024-04-20T18:43:24.031+0000] {logging_mixin.py:188} INFO - [2024-04-20T18:43:24.030+0000] {dagbag.py:540} INFO - Filling up the DagBag from /home/airflow/.local/lib/python3.12/site-packages/airflow/example_dags/example_sensors.py
[2024-04-20T18:43:24.036+0000] {processor.py:840} INFO - DAG(s) 'example_sensors' retrieved from /home/airflow/.local/lib/python3.12/site-packages/airflow/example_dags/example_sensors.py
[2024-04-20T18:43:24.050+0000] {logging_mixin.py:188} INFO - [2024-04-20T18:43:24.050+0000] {dag.py:3096} INFO - Sync 1 DAGs
[2024-04-20T18:43:24.057+0000] {logging_mixin.py:188} INFO - [2024-04-20T18:43:24.057+0000] {dag.py:3954} INFO - Setting next_dagrun for example_sensors to None, run_after=None
[2024-04-20T18:43:24.066+0000] {processor.py:183} INFO - Processing /home/airflow/.local/lib/python3.12/site-packages/airflow/example_dags/example_sensors.py took 0.040 seconds
[2024-04-20T18:43:54.163+0000] {processor.py:161} INFO - Started process (PID=278) to work on /home/airflow/.local/lib/python3.12/site-packages/airflow/example_dags/example_sensors.py
[2024-04-20T18:43:54.164+0000] {processor.py:830} INFO - Processing file /home/airflow/.local/lib/python3.12/site-packages/airflow/example_dags/example_sensors.py for tasks to queue
[2024-04-20T18:43:54.165+0000] {logging_mixin.py:188} INFO - [2024-04-20T18:43:54.165+0000] {dagbag.py:540} INFO - Filling up the DagBag from /home/airflow/.local/lib/python3.12/site-packages/airflow/example_dags/example_sensors.py
[2024-04-20T18:43:54.170+0000] {processor.py:840} INFO - DAG(s) 'example_sensors' retrieved from /home/airflow/.local/lib/python3.12/site-packages/airflow/example_dags/example_sensors.py
[2024-04-20T18:43:54.185+0000] {logging_mixin.py:188} INFO - [2024-04-20T18:43:54.185+0000] {dag.py:3096} INFO - Sync 1 DAGs
[2024-04-20T18:43:54.193+0000] {logging_mixin.py:188} INFO - [2024-04-20T18:43:54.193+0000] {dag.py:3954} INFO - Setting next_dagrun for example_sensors to None, run_after=None
[2024-04-20T18:43:54.202+0000] {processor.py:183} INFO - Processing /home/airflow/.local/lib/python3.12/site-packages/airflow/example_dags/example_sensors.py took 0.042 seconds
[2024-04-20T18:44:25.141+0000] {processor.py:161} INFO - Started process (PID=337) to work on /home/airflow/.local/lib/python3.12/site-packages/airflow/example_dags/example_sensors.py
[2024-04-20T18:44:25.141+0000] {processor.py:830} INFO - Processing file /home/airflow/.local/lib/python3.12/site-packages/airflow/example_dags/example_sensors.py for tasks to queue
[2024-04-20T18:44:25.142+0000] {logging_mixin.py:188} INFO - [2024-04-20T18:44:25.142+0000] {dagbag.py:540} INFO - Filling up the DagBag from /home/airflow/.local/lib/python3.12/site-packages/airflow/example_dags/example_sensors.py
[2024-04-20T18:44:25.148+0000] {processor.py:840} INFO - DAG(s) 'example_sensors' retrieved from /home/airflow/.local/lib/python3.12/site-packages/airflow/example_dags/example_sensors.py
[2024-04-20T18:44:25.163+0000] {logging_mixin.py:188} INFO - [2024-04-20T18:44:25.162+0000] {dag.py:3096} INFO - Sync 1 DAGs
[2024-04-20T18:44:25.169+0000] {logging_mixin.py:188} INFO - [2024-04-20T18:44:25.169+0000] {dag.py:3954} INFO - Setting next_dagrun for example_sensors to None, run_after=None
[2024-04-20T18:44:25.178+0000] {processor.py:183} INFO - Processing /home/airflow/.local/lib/python3.12/site-packages/airflow/example_dags/example_sensors.py took 0.040 seconds
[2024-04-20T18:44:56.006+0000] {processor.py:161} INFO - Started process (PID=396) to work on /home/airflow/.local/lib/python3.12/site-packages/airflow/example_dags/example_sensors.py
[2024-04-20T18:44:56.006+0000] {processor.py:830} INFO - Processing file /home/airflow/.local/lib/python3.12/site-packages/airflow/example_dags/example_sensors.py for tasks to queue
[2024-04-20T18:44:56.007+0000] {logging_mixin.py:188} INFO - [2024-04-20T18:44:56.007+0000] {dagbag.py:540} INFO - Filling up the DagBag from /home/airflow/.local/lib/python3.12/site-packages/airflow/example_dags/example_sensors.py
[2024-04-20T18:44:56.013+0000] {processor.py:840} INFO - DAG(s) 'example_sensors' retrieved from /home/airflow/.local/lib/python3.12/site-packages/airflow/example_dags/example_sensors.py
[2024-04-20T18:44:56.028+0000] {logging_mixin.py:188} INFO - [2024-04-20T18:44:56.028+0000] {dag.py:3096} INFO - Sync 1 DAGs
[2024-04-20T18:44:56.035+0000] {logging_mixin.py:188} INFO - [2024-04-20T18:44:56.035+0000] {dag.py:3954} INFO - Setting next_dagrun for example_sensors to None, run_after=None
[2024-04-20T18:44:56.044+0000] {processor.py:183} INFO - Processing /home/airflow/.local/lib/python3.12/site-packages/airflow/example_dags/example_sensors.py took 0.042 seconds
[2024-04-20T18:45:26.865+0000] {processor.py:161} INFO - Started process (PID=455) to work on /home/airflow/.local/lib/python3.12/site-packages/airflow/example_dags/example_sensors.py
[2024-04-20T18:45:26.866+0000] {processor.py:830} INFO - Processing file /home/airflow/.local/lib/python3.12/site-packages/airflow/example_dags/example_sensors.py for tasks to queue
[2024-04-20T18:45:26.867+0000] {logging_mixin.py:188} INFO - [2024-04-20T18:45:26.866+0000] {dagbag.py:540} INFO - Filling up the DagBag from /home/airflow/.local/lib/python3.12/site-packages/airflow/example_dags/example_sensors.py
[2024-04-20T18:45:26.872+0000] {processor.py:840} INFO - DAG(s) 'example_sensors' retrieved from /home/airflow/.local/lib/python3.12/site-packages/airflow/example_dags/example_sensors.py
[2024-04-20T18:45:26.887+0000] {logging_mixin.py:188} INFO - [2024-04-20T18:45:26.887+0000] {dag.py:3096} INFO - Sync 1 DAGs
[2024-04-20T18:45:26.894+0000] {logging_mixin.py:188} INFO - [2024-04-20T18:45:26.894+0000] {dag.py:3954} INFO - Setting next_dagrun for example_sensors to None, run_after=None
[2024-04-20T18:45:26.903+0000] {processor.py:183} INFO - Processing /home/airflow/.local/lib/python3.12/site-packages/airflow/example_dags/example_sensors.py took 0.042 seconds
[2024-04-20T18:45:57.687+0000] {processor.py:161} INFO - Started process (PID=514) to work on /home/airflow/.local/lib/python3.12/site-packages/airflow/example_dags/example_sensors.py
[2024-04-20T18:45:57.688+0000] {processor.py:830} INFO - Processing file /home/airflow/.local/lib/python3.12/site-packages/airflow/example_dags/example_sensors.py for tasks to queue
[2024-04-20T18:45:57.689+0000] {logging_mixin.py:188} INFO - [2024-04-20T18:45:57.689+0000] {dagbag.py:540} INFO - Filling up the DagBag from /home/airflow/.local/lib/python3.12/site-packages/airflow/example_dags/example_sensors.py
[2024-04-20T18:45:57.696+0000] {processor.py:840} INFO - DAG(s) 'example_sensors' retrieved from /home/airflow/.local/lib/python3.12/site-packages/airflow/example_dags/example_sensors.py
[2024-04-20T18:45:57.717+0000] {logging_mixin.py:188} INFO - [2024-04-20T18:45:57.716+0000] {dag.py:3096} INFO - Sync 1 DAGs
[2024-04-20T18:45:57.727+0000] {logging_mixin.py:188} INFO - [2024-04-20T18:45:57.727+0000] {dag.py:3954} INFO - Setting next_dagrun for example_sensors to None, run_after=None
[2024-04-20T18:45:57.737+0000] {processor.py:183} INFO - Processing /home/airflow/.local/lib/python3.12/site-packages/airflow/example_dags/example_sensors.py took 0.054 seconds
