[2024-04-20T18:41:52.132+0000] {processor.py:161} INFO - Started process (PID=48) to work on /home/airflow/.local/lib/python3.12/site-packages/airflow/example_dags/example_short_circuit_operator.py
[2024-04-20T18:41:52.133+0000] {processor.py:830} INFO - Processing file /home/airflow/.local/lib/python3.12/site-packages/airflow/example_dags/example_short_circuit_operator.py for tasks to queue
[2024-04-20T18:41:52.134+0000] {logging_mixin.py:188} INFO - [2024-04-20T18:41:52.133+0000] {dagbag.py:540} INFO - Filling up the DagBag from /home/airflow/.local/lib/python3.12/site-packages/airflow/example_dags/example_short_circuit_operator.py
[2024-04-20T18:41:52.140+0000] {processor.py:840} INFO - DAG(s) 'example_short_circuit_operator' retrieved from /home/airflow/.local/lib/python3.12/site-packages/airflow/example_dags/example_short_circuit_operator.py
[2024-04-20T18:41:52.147+0000] {logging_mixin.py:188} INFO - [2024-04-20T18:41:52.147+0000] {dag.py:3096} INFO - Sync 1 DAGs
[2024-04-20T18:41:52.163+0000] {logging_mixin.py:188} INFO - [2024-04-20T18:41:52.162+0000] {dag.py:3954} INFO - Setting next_dagrun for example_short_circuit_operator to 2024-04-19 00:00:00+00:00, run_after=2024-04-20 00:00:00+00:00
[2024-04-20T18:41:52.172+0000] {processor.py:183} INFO - Processing /home/airflow/.local/lib/python3.12/site-packages/airflow/example_dags/example_short_circuit_operator.py took 0.043 seconds
[2024-04-20T18:42:23.258+0000] {processor.py:161} INFO - Started process (PID=107) to work on /home/airflow/.local/lib/python3.12/site-packages/airflow/example_dags/example_short_circuit_operator.py
[2024-04-20T18:42:23.259+0000] {processor.py:830} INFO - Processing file /home/airflow/.local/lib/python3.12/site-packages/airflow/example_dags/example_short_circuit_operator.py for tasks to queue
[2024-04-20T18:42:23.260+0000] {logging_mixin.py:188} INFO - [2024-04-20T18:42:23.260+0000] {dagbag.py:540} INFO - Filling up the DagBag from /home/airflow/.local/lib/python3.12/site-packages/airflow/example_dags/example_short_circuit_operator.py
[2024-04-20T18:42:23.264+0000] {processor.py:840} INFO - DAG(s) 'example_short_circuit_operator' retrieved from /home/airflow/.local/lib/python3.12/site-packages/airflow/example_dags/example_short_circuit_operator.py
[2024-04-20T18:42:23.326+0000] {logging_mixin.py:188} INFO - [2024-04-20T18:42:23.326+0000] {dag.py:3096} INFO - Sync 1 DAGs
[2024-04-20T18:42:23.337+0000] {logging_mixin.py:188} INFO - [2024-04-20T18:42:23.336+0000] {dag.py:3954} INFO - Setting next_dagrun for example_short_circuit_operator to 2024-04-19 00:00:00+00:00, run_after=2024-04-20 00:00:00+00:00
[2024-04-20T18:42:23.346+0000] {processor.py:183} INFO - Processing /home/airflow/.local/lib/python3.12/site-packages/airflow/example_dags/example_short_circuit_operator.py took 0.091 seconds
[2024-04-20T18:42:54.110+0000] {processor.py:161} INFO - Started process (PID=166) to work on /home/airflow/.local/lib/python3.12/site-packages/airflow/example_dags/example_short_circuit_operator.py
[2024-04-20T18:42:54.111+0000] {processor.py:830} INFO - Processing file /home/airflow/.local/lib/python3.12/site-packages/airflow/example_dags/example_short_circuit_operator.py for tasks to queue
[2024-04-20T18:42:54.112+0000] {logging_mixin.py:188} INFO - [2024-04-20T18:42:54.112+0000] {dagbag.py:540} INFO - Filling up the DagBag from /home/airflow/.local/lib/python3.12/site-packages/airflow/example_dags/example_short_circuit_operator.py
[2024-04-20T18:42:54.116+0000] {processor.py:840} INFO - DAG(s) 'example_short_circuit_operator' retrieved from /home/airflow/.local/lib/python3.12/site-packages/airflow/example_dags/example_short_circuit_operator.py
[2024-04-20T18:42:54.130+0000] {logging_mixin.py:188} INFO - [2024-04-20T18:42:54.130+0000] {dag.py:3096} INFO - Sync 1 DAGs
[2024-04-20T18:42:54.143+0000] {logging_mixin.py:188} INFO - [2024-04-20T18:42:54.143+0000] {dag.py:3954} INFO - Setting next_dagrun for example_short_circuit_operator to 2024-04-19 00:00:00+00:00, run_after=2024-04-20 00:00:00+00:00
[2024-04-20T18:42:54.153+0000] {processor.py:183} INFO - Processing /home/airflow/.local/lib/python3.12/site-packages/airflow/example_dags/example_short_circuit_operator.py took 0.046 seconds
[2024-04-20T18:43:24.269+0000] {processor.py:161} INFO - Started process (PID=225) to work on /home/airflow/.local/lib/python3.12/site-packages/airflow/example_dags/example_short_circuit_operator.py
[2024-04-20T18:43:24.269+0000] {processor.py:830} INFO - Processing file /home/airflow/.local/lib/python3.12/site-packages/airflow/example_dags/example_short_circuit_operator.py for tasks to queue
[2024-04-20T18:43:24.270+0000] {logging_mixin.py:188} INFO - [2024-04-20T18:43:24.270+0000] {dagbag.py:540} INFO - Filling up the DagBag from /home/airflow/.local/lib/python3.12/site-packages/airflow/example_dags/example_short_circuit_operator.py
[2024-04-20T18:43:24.274+0000] {processor.py:840} INFO - DAG(s) 'example_short_circuit_operator' retrieved from /home/airflow/.local/lib/python3.12/site-packages/airflow/example_dags/example_short_circuit_operator.py
[2024-04-20T18:43:24.287+0000] {logging_mixin.py:188} INFO - [2024-04-20T18:43:24.287+0000] {dag.py:3096} INFO - Sync 1 DAGs
[2024-04-20T18:43:24.298+0000] {logging_mixin.py:188} INFO - [2024-04-20T18:43:24.298+0000] {dag.py:3954} INFO - Setting next_dagrun for example_short_circuit_operator to 2024-04-19 00:00:00+00:00, run_after=2024-04-20 00:00:00+00:00
[2024-04-20T18:43:24.307+0000] {processor.py:183} INFO - Processing /home/airflow/.local/lib/python3.12/site-packages/airflow/example_dags/example_short_circuit_operator.py took 0.041 seconds
[2024-04-20T18:43:54.345+0000] {processor.py:161} INFO - Started process (PID=284) to work on /home/airflow/.local/lib/python3.12/site-packages/airflow/example_dags/example_short_circuit_operator.py
[2024-04-20T18:43:54.345+0000] {processor.py:830} INFO - Processing file /home/airflow/.local/lib/python3.12/site-packages/airflow/example_dags/example_short_circuit_operator.py for tasks to queue
[2024-04-20T18:43:54.346+0000] {logging_mixin.py:188} INFO - [2024-04-20T18:43:54.346+0000] {dagbag.py:540} INFO - Filling up the DagBag from /home/airflow/.local/lib/python3.12/site-packages/airflow/example_dags/example_short_circuit_operator.py
[2024-04-20T18:43:54.350+0000] {processor.py:840} INFO - DAG(s) 'example_short_circuit_operator' retrieved from /home/airflow/.local/lib/python3.12/site-packages/airflow/example_dags/example_short_circuit_operator.py
[2024-04-20T18:43:54.363+0000] {logging_mixin.py:188} INFO - [2024-04-20T18:43:54.363+0000] {dag.py:3096} INFO - Sync 1 DAGs
[2024-04-20T18:43:54.375+0000] {logging_mixin.py:188} INFO - [2024-04-20T18:43:54.375+0000] {dag.py:3954} INFO - Setting next_dagrun for example_short_circuit_operator to 2024-04-19 00:00:00+00:00, run_after=2024-04-20 00:00:00+00:00
[2024-04-20T18:43:54.384+0000] {processor.py:183} INFO - Processing /home/airflow/.local/lib/python3.12/site-packages/airflow/example_dags/example_short_circuit_operator.py took 0.043 seconds
[2024-04-20T18:44:25.372+0000] {processor.py:161} INFO - Started process (PID=343) to work on /home/airflow/.local/lib/python3.12/site-packages/airflow/example_dags/example_short_circuit_operator.py
[2024-04-20T18:44:25.373+0000] {processor.py:830} INFO - Processing file /home/airflow/.local/lib/python3.12/site-packages/airflow/example_dags/example_short_circuit_operator.py for tasks to queue
[2024-04-20T18:44:25.374+0000] {logging_mixin.py:188} INFO - [2024-04-20T18:44:25.374+0000] {dagbag.py:540} INFO - Filling up the DagBag from /home/airflow/.local/lib/python3.12/site-packages/airflow/example_dags/example_short_circuit_operator.py
[2024-04-20T18:44:25.378+0000] {processor.py:840} INFO - DAG(s) 'example_short_circuit_operator' retrieved from /home/airflow/.local/lib/python3.12/site-packages/airflow/example_dags/example_short_circuit_operator.py
[2024-04-20T18:44:25.391+0000] {logging_mixin.py:188} INFO - [2024-04-20T18:44:25.391+0000] {dag.py:3096} INFO - Sync 1 DAGs
[2024-04-20T18:44:25.403+0000] {logging_mixin.py:188} INFO - [2024-04-20T18:44:25.403+0000] {dag.py:3954} INFO - Setting next_dagrun for example_short_circuit_operator to 2024-04-19 00:00:00+00:00, run_after=2024-04-20 00:00:00+00:00
[2024-04-20T18:44:25.412+0000] {processor.py:183} INFO - Processing /home/airflow/.local/lib/python3.12/site-packages/airflow/example_dags/example_short_circuit_operator.py took 0.043 seconds
[2024-04-20T18:44:56.242+0000] {processor.py:161} INFO - Started process (PID=402) to work on /home/airflow/.local/lib/python3.12/site-packages/airflow/example_dags/example_short_circuit_operator.py
[2024-04-20T18:44:56.242+0000] {processor.py:830} INFO - Processing file /home/airflow/.local/lib/python3.12/site-packages/airflow/example_dags/example_short_circuit_operator.py for tasks to queue
[2024-04-20T18:44:56.243+0000] {logging_mixin.py:188} INFO - [2024-04-20T18:44:56.243+0000] {dagbag.py:540} INFO - Filling up the DagBag from /home/airflow/.local/lib/python3.12/site-packages/airflow/example_dags/example_short_circuit_operator.py
[2024-04-20T18:44:56.248+0000] {processor.py:840} INFO - DAG(s) 'example_short_circuit_operator' retrieved from /home/airflow/.local/lib/python3.12/site-packages/airflow/example_dags/example_short_circuit_operator.py
[2024-04-20T18:44:56.263+0000] {logging_mixin.py:188} INFO - [2024-04-20T18:44:56.263+0000] {dag.py:3096} INFO - Sync 1 DAGs
[2024-04-20T18:44:56.276+0000] {logging_mixin.py:188} INFO - [2024-04-20T18:44:56.276+0000] {dag.py:3954} INFO - Setting next_dagrun for example_short_circuit_operator to 2024-04-19 00:00:00+00:00, run_after=2024-04-20 00:00:00+00:00
[2024-04-20T18:44:56.285+0000] {processor.py:183} INFO - Processing /home/airflow/.local/lib/python3.12/site-packages/airflow/example_dags/example_short_circuit_operator.py took 0.048 seconds
[2024-04-20T18:45:27.101+0000] {processor.py:161} INFO - Started process (PID=461) to work on /home/airflow/.local/lib/python3.12/site-packages/airflow/example_dags/example_short_circuit_operator.py
[2024-04-20T18:45:27.101+0000] {processor.py:830} INFO - Processing file /home/airflow/.local/lib/python3.12/site-packages/airflow/example_dags/example_short_circuit_operator.py for tasks to queue
[2024-04-20T18:45:27.102+0000] {logging_mixin.py:188} INFO - [2024-04-20T18:45:27.102+0000] {dagbag.py:540} INFO - Filling up the DagBag from /home/airflow/.local/lib/python3.12/site-packages/airflow/example_dags/example_short_circuit_operator.py
[2024-04-20T18:45:27.106+0000] {processor.py:840} INFO - DAG(s) 'example_short_circuit_operator' retrieved from /home/airflow/.local/lib/python3.12/site-packages/airflow/example_dags/example_short_circuit_operator.py
[2024-04-20T18:45:27.120+0000] {logging_mixin.py:188} INFO - [2024-04-20T18:45:27.120+0000] {dag.py:3096} INFO - Sync 1 DAGs
[2024-04-20T18:45:27.133+0000] {logging_mixin.py:188} INFO - [2024-04-20T18:45:27.133+0000] {dag.py:3954} INFO - Setting next_dagrun for example_short_circuit_operator to 2024-04-19 00:00:00+00:00, run_after=2024-04-20 00:00:00+00:00
[2024-04-20T18:45:27.142+0000] {processor.py:183} INFO - Processing /home/airflow/.local/lib/python3.12/site-packages/airflow/example_dags/example_short_circuit_operator.py took 0.045 seconds
[2024-04-20T18:45:57.911+0000] {processor.py:161} INFO - Started process (PID=520) to work on /home/airflow/.local/lib/python3.12/site-packages/airflow/example_dags/example_short_circuit_operator.py
[2024-04-20T18:45:57.914+0000] {processor.py:830} INFO - Processing file /home/airflow/.local/lib/python3.12/site-packages/airflow/example_dags/example_short_circuit_operator.py for tasks to queue
[2024-04-20T18:45:57.916+0000] {logging_mixin.py:188} INFO - [2024-04-20T18:45:57.915+0000] {dagbag.py:540} INFO - Filling up the DagBag from /home/airflow/.local/lib/python3.12/site-packages/airflow/example_dags/example_short_circuit_operator.py
[2024-04-20T18:45:57.923+0000] {processor.py:840} INFO - DAG(s) 'example_short_circuit_operator' retrieved from /home/airflow/.local/lib/python3.12/site-packages/airflow/example_dags/example_short_circuit_operator.py
[2024-04-20T18:45:57.956+0000] {logging_mixin.py:188} INFO - [2024-04-20T18:45:57.956+0000] {dag.py:3096} INFO - Sync 1 DAGs
[2024-04-20T18:45:57.973+0000] {logging_mixin.py:188} INFO - [2024-04-20T18:45:57.973+0000] {dag.py:3954} INFO - Setting next_dagrun for example_short_circuit_operator to 2024-04-19 00:00:00+00:00, run_after=2024-04-20 00:00:00+00:00
[2024-04-20T18:45:57.986+0000] {processor.py:183} INFO - Processing /home/airflow/.local/lib/python3.12/site-packages/airflow/example_dags/example_short_circuit_operator.py took 0.081 seconds
