[2024-04-20T18:41:53.399+0000] {processor.py:161} INFO - Started process (PID=84) to work on /home/airflow/.local/lib/python3.12/site-packages/airflow/example_dags/example_latest_only_with_trigger.py
[2024-04-20T18:41:53.399+0000] {processor.py:830} INFO - Processing file /home/airflow/.local/lib/python3.12/site-packages/airflow/example_dags/example_latest_only_with_trigger.py for tasks to queue
[2024-04-20T18:41:53.400+0000] {logging_mixin.py:188} INFO - [2024-04-20T18:41:53.400+0000] {dagbag.py:540} INFO - Filling up the DagBag from /home/airflow/.local/lib/python3.12/site-packages/airflow/example_dags/example_latest_only_with_trigger.py
[2024-04-20T18:41:53.404+0000] {processor.py:840} INFO - DAG(s) 'latest_only_with_trigger' retrieved from /home/airflow/.local/lib/python3.12/site-packages/airflow/example_dags/example_latest_only_with_trigger.py
[2024-04-20T18:41:53.411+0000] {logging_mixin.py:188} INFO - [2024-04-20T18:41:53.411+0000] {dag.py:3096} INFO - Sync 1 DAGs
[2024-04-20T18:41:53.424+0000] {logging_mixin.py:188} INFO - [2024-04-20T18:41:53.424+0000] {dag.py:3954} INFO - Setting next_dagrun for latest_only_with_trigger to 2024-04-20 12:00:00+00:00, run_after=2024-04-20 16:00:00+00:00
[2024-04-20T18:41:53.433+0000] {processor.py:183} INFO - Processing /home/airflow/.local/lib/python3.12/site-packages/airflow/example_dags/example_latest_only_with_trigger.py took 0.038 seconds
[2024-04-20T18:42:25.373+0000] {processor.py:161} INFO - Started process (PID=143) to work on /home/airflow/.local/lib/python3.12/site-packages/airflow/example_dags/example_latest_only_with_trigger.py
[2024-04-20T18:42:25.373+0000] {processor.py:830} INFO - Processing file /home/airflow/.local/lib/python3.12/site-packages/airflow/example_dags/example_latest_only_with_trigger.py for tasks to queue
[2024-04-20T18:42:25.374+0000] {logging_mixin.py:188} INFO - [2024-04-20T18:42:25.374+0000] {dagbag.py:540} INFO - Filling up the DagBag from /home/airflow/.local/lib/python3.12/site-packages/airflow/example_dags/example_latest_only_with_trigger.py
[2024-04-20T18:42:25.377+0000] {processor.py:840} INFO - DAG(s) 'latest_only_with_trigger' retrieved from /home/airflow/.local/lib/python3.12/site-packages/airflow/example_dags/example_latest_only_with_trigger.py
[2024-04-20T18:42:25.439+0000] {logging_mixin.py:188} INFO - [2024-04-20T18:42:25.439+0000] {dag.py:3096} INFO - Sync 1 DAGs
[2024-04-20T18:42:25.450+0000] {logging_mixin.py:188} INFO - [2024-04-20T18:42:25.449+0000] {dag.py:3954} INFO - Setting next_dagrun for latest_only_with_trigger to 2024-04-20 12:00:00+00:00, run_after=2024-04-20 16:00:00+00:00
[2024-04-20T18:42:25.459+0000] {processor.py:183} INFO - Processing /home/airflow/.local/lib/python3.12/site-packages/airflow/example_dags/example_latest_only_with_trigger.py took 0.089 seconds
[2024-04-20T18:42:55.654+0000] {processor.py:161} INFO - Started process (PID=202) to work on /home/airflow/.local/lib/python3.12/site-packages/airflow/example_dags/example_latest_only_with_trigger.py
[2024-04-20T18:42:55.655+0000] {processor.py:830} INFO - Processing file /home/airflow/.local/lib/python3.12/site-packages/airflow/example_dags/example_latest_only_with_trigger.py for tasks to queue
[2024-04-20T18:42:55.656+0000] {logging_mixin.py:188} INFO - [2024-04-20T18:42:55.656+0000] {dagbag.py:540} INFO - Filling up the DagBag from /home/airflow/.local/lib/python3.12/site-packages/airflow/example_dags/example_latest_only_with_trigger.py
[2024-04-20T18:42:55.660+0000] {processor.py:840} INFO - DAG(s) 'latest_only_with_trigger' retrieved from /home/airflow/.local/lib/python3.12/site-packages/airflow/example_dags/example_latest_only_with_trigger.py
[2024-04-20T18:42:55.674+0000] {logging_mixin.py:188} INFO - [2024-04-20T18:42:55.673+0000] {dag.py:3096} INFO - Sync 1 DAGs
[2024-04-20T18:42:55.687+0000] {logging_mixin.py:188} INFO - [2024-04-20T18:42:55.687+0000] {dag.py:3954} INFO - Setting next_dagrun for latest_only_with_trigger to 2024-04-20 12:00:00+00:00, run_after=2024-04-20 16:00:00+00:00
[2024-04-20T18:42:55.696+0000] {processor.py:183} INFO - Processing /home/airflow/.local/lib/python3.12/site-packages/airflow/example_dags/example_latest_only_with_trigger.py took 0.045 seconds
[2024-04-20T18:43:25.765+0000] {processor.py:161} INFO - Started process (PID=261) to work on /home/airflow/.local/lib/python3.12/site-packages/airflow/example_dags/example_latest_only_with_trigger.py
[2024-04-20T18:43:25.765+0000] {processor.py:830} INFO - Processing file /home/airflow/.local/lib/python3.12/site-packages/airflow/example_dags/example_latest_only_with_trigger.py for tasks to queue
[2024-04-20T18:43:25.766+0000] {logging_mixin.py:188} INFO - [2024-04-20T18:43:25.766+0000] {dagbag.py:540} INFO - Filling up the DagBag from /home/airflow/.local/lib/python3.12/site-packages/airflow/example_dags/example_latest_only_with_trigger.py
[2024-04-20T18:43:25.770+0000] {processor.py:840} INFO - DAG(s) 'latest_only_with_trigger' retrieved from /home/airflow/.local/lib/python3.12/site-packages/airflow/example_dags/example_latest_only_with_trigger.py
[2024-04-20T18:43:25.782+0000] {logging_mixin.py:188} INFO - [2024-04-20T18:43:25.782+0000] {dag.py:3096} INFO - Sync 1 DAGs
[2024-04-20T18:43:25.795+0000] {logging_mixin.py:188} INFO - [2024-04-20T18:43:25.794+0000] {dag.py:3954} INFO - Setting next_dagrun for latest_only_with_trigger to 2024-04-20 12:00:00+00:00, run_after=2024-04-20 16:00:00+00:00
[2024-04-20T18:43:25.803+0000] {processor.py:183} INFO - Processing /home/airflow/.local/lib/python3.12/site-packages/airflow/example_dags/example_latest_only_with_trigger.py took 0.042 seconds
[2024-04-20T18:43:56.719+0000] {processor.py:161} INFO - Started process (PID=320) to work on /home/airflow/.local/lib/python3.12/site-packages/airflow/example_dags/example_latest_only_with_trigger.py
[2024-04-20T18:43:56.719+0000] {processor.py:830} INFO - Processing file /home/airflow/.local/lib/python3.12/site-packages/airflow/example_dags/example_latest_only_with_trigger.py for tasks to queue
[2024-04-20T18:43:56.720+0000] {logging_mixin.py:188} INFO - [2024-04-20T18:43:56.720+0000] {dagbag.py:540} INFO - Filling up the DagBag from /home/airflow/.local/lib/python3.12/site-packages/airflow/example_dags/example_latest_only_with_trigger.py
[2024-04-20T18:43:56.724+0000] {processor.py:840} INFO - DAG(s) 'latest_only_with_trigger' retrieved from /home/airflow/.local/lib/python3.12/site-packages/airflow/example_dags/example_latest_only_with_trigger.py
[2024-04-20T18:43:56.738+0000] {logging_mixin.py:188} INFO - [2024-04-20T18:43:56.737+0000] {dag.py:3096} INFO - Sync 1 DAGs
[2024-04-20T18:43:56.750+0000] {logging_mixin.py:188} INFO - [2024-04-20T18:43:56.750+0000] {dag.py:3954} INFO - Setting next_dagrun for latest_only_with_trigger to 2024-04-20 12:00:00+00:00, run_after=2024-04-20 16:00:00+00:00
[2024-04-20T18:43:56.759+0000] {processor.py:183} INFO - Processing /home/airflow/.local/lib/python3.12/site-packages/airflow/example_dags/example_latest_only_with_trigger.py took 0.044 seconds
[2024-04-20T18:44:27.648+0000] {processor.py:161} INFO - Started process (PID=379) to work on /home/airflow/.local/lib/python3.12/site-packages/airflow/example_dags/example_latest_only_with_trigger.py
[2024-04-20T18:44:27.648+0000] {processor.py:830} INFO - Processing file /home/airflow/.local/lib/python3.12/site-packages/airflow/example_dags/example_latest_only_with_trigger.py for tasks to queue
[2024-04-20T18:44:27.650+0000] {logging_mixin.py:188} INFO - [2024-04-20T18:44:27.649+0000] {dagbag.py:540} INFO - Filling up the DagBag from /home/airflow/.local/lib/python3.12/site-packages/airflow/example_dags/example_latest_only_with_trigger.py
[2024-04-20T18:44:27.653+0000] {processor.py:840} INFO - DAG(s) 'latest_only_with_trigger' retrieved from /home/airflow/.local/lib/python3.12/site-packages/airflow/example_dags/example_latest_only_with_trigger.py
[2024-04-20T18:44:27.665+0000] {logging_mixin.py:188} INFO - [2024-04-20T18:44:27.665+0000] {dag.py:3096} INFO - Sync 1 DAGs
[2024-04-20T18:44:27.677+0000] {logging_mixin.py:188} INFO - [2024-04-20T18:44:27.677+0000] {dag.py:3954} INFO - Setting next_dagrun for latest_only_with_trigger to 2024-04-20 12:00:00+00:00, run_after=2024-04-20 16:00:00+00:00
[2024-04-20T18:44:27.686+0000] {processor.py:183} INFO - Processing /home/airflow/.local/lib/python3.12/site-packages/airflow/example_dags/example_latest_only_with_trigger.py took 0.041 seconds
[2024-04-20T18:44:58.460+0000] {processor.py:161} INFO - Started process (PID=438) to work on /home/airflow/.local/lib/python3.12/site-packages/airflow/example_dags/example_latest_only_with_trigger.py
[2024-04-20T18:44:58.461+0000] {processor.py:830} INFO - Processing file /home/airflow/.local/lib/python3.12/site-packages/airflow/example_dags/example_latest_only_with_trigger.py for tasks to queue
[2024-04-20T18:44:58.462+0000] {logging_mixin.py:188} INFO - [2024-04-20T18:44:58.462+0000] {dagbag.py:540} INFO - Filling up the DagBag from /home/airflow/.local/lib/python3.12/site-packages/airflow/example_dags/example_latest_only_with_trigger.py
[2024-04-20T18:44:58.465+0000] {processor.py:840} INFO - DAG(s) 'latest_only_with_trigger' retrieved from /home/airflow/.local/lib/python3.12/site-packages/airflow/example_dags/example_latest_only_with_trigger.py
[2024-04-20T18:44:58.477+0000] {logging_mixin.py:188} INFO - [2024-04-20T18:44:58.477+0000] {dag.py:3096} INFO - Sync 1 DAGs
[2024-04-20T18:44:58.490+0000] {logging_mixin.py:188} INFO - [2024-04-20T18:44:58.490+0000] {dag.py:3954} INFO - Setting next_dagrun for latest_only_with_trigger to 2024-04-20 12:00:00+00:00, run_after=2024-04-20 16:00:00+00:00
[2024-04-20T18:44:58.499+0000] {processor.py:183} INFO - Processing /home/airflow/.local/lib/python3.12/site-packages/airflow/example_dags/example_latest_only_with_trigger.py took 0.042 seconds
[2024-04-20T18:45:29.272+0000] {processor.py:161} INFO - Started process (PID=497) to work on /home/airflow/.local/lib/python3.12/site-packages/airflow/example_dags/example_latest_only_with_trigger.py
[2024-04-20T18:45:29.273+0000] {processor.py:830} INFO - Processing file /home/airflow/.local/lib/python3.12/site-packages/airflow/example_dags/example_latest_only_with_trigger.py for tasks to queue
[2024-04-20T18:45:29.274+0000] {logging_mixin.py:188} INFO - [2024-04-20T18:45:29.274+0000] {dagbag.py:540} INFO - Filling up the DagBag from /home/airflow/.local/lib/python3.12/site-packages/airflow/example_dags/example_latest_only_with_trigger.py
[2024-04-20T18:45:29.277+0000] {processor.py:840} INFO - DAG(s) 'latest_only_with_trigger' retrieved from /home/airflow/.local/lib/python3.12/site-packages/airflow/example_dags/example_latest_only_with_trigger.py
[2024-04-20T18:45:29.289+0000] {logging_mixin.py:188} INFO - [2024-04-20T18:45:29.289+0000] {dag.py:3096} INFO - Sync 1 DAGs
[2024-04-20T18:45:29.301+0000] {logging_mixin.py:188} INFO - [2024-04-20T18:45:29.301+0000] {dag.py:3954} INFO - Setting next_dagrun for latest_only_with_trigger to 2024-04-20 12:00:00+00:00, run_after=2024-04-20 16:00:00+00:00
[2024-04-20T18:45:29.310+0000] {processor.py:183} INFO - Processing /home/airflow/.local/lib/python3.12/site-packages/airflow/example_dags/example_latest_only_with_trigger.py took 0.041 seconds
