[2024-04-20T18:41:52.118+0000] {processor.py:161} INFO - Started process (PID=47) to work on /home/airflow/.local/lib/python3.12/site-packages/airflow/example_dags/example_branch_labels.py
[2024-04-20T18:41:52.119+0000] {processor.py:830} INFO - Processing file /home/airflow/.local/lib/python3.12/site-packages/airflow/example_dags/example_branch_labels.py for tasks to queue
[2024-04-20T18:41:52.120+0000] {logging_mixin.py:188} INFO - [2024-04-20T18:41:52.120+0000] {dagbag.py:540} INFO - Filling up the DagBag from /home/airflow/.local/lib/python3.12/site-packages/airflow/example_dags/example_branch_labels.py
[2024-04-20T18:41:52.127+0000] {processor.py:840} INFO - DAG(s) 'example_branch_labels' retrieved from /home/airflow/.local/lib/python3.12/site-packages/airflow/example_dags/example_branch_labels.py
[2024-04-20T18:41:52.134+0000] {logging_mixin.py:188} INFO - [2024-04-20T18:41:52.134+0000] {dag.py:3096} INFO - Sync 1 DAGs
[2024-04-20T18:41:52.151+0000] {logging_mixin.py:188} INFO - [2024-04-20T18:41:52.150+0000] {dag.py:3954} INFO - Setting next_dagrun for example_branch_labels to 2024-04-19 00:00:00+00:00, run_after=2024-04-20 00:00:00+00:00
[2024-04-20T18:41:52.160+0000] {processor.py:183} INFO - Processing /home/airflow/.local/lib/python3.12/site-packages/airflow/example_dags/example_branch_labels.py took 0.045 seconds
[2024-04-20T18:42:23.151+0000] {processor.py:161} INFO - Started process (PID=106) to work on /home/airflow/.local/lib/python3.12/site-packages/airflow/example_dags/example_branch_labels.py
[2024-04-20T18:42:23.152+0000] {processor.py:830} INFO - Processing file /home/airflow/.local/lib/python3.12/site-packages/airflow/example_dags/example_branch_labels.py for tasks to queue
[2024-04-20T18:42:23.153+0000] {logging_mixin.py:188} INFO - [2024-04-20T18:42:23.153+0000] {dagbag.py:540} INFO - Filling up the DagBag from /home/airflow/.local/lib/python3.12/site-packages/airflow/example_dags/example_branch_labels.py
[2024-04-20T18:42:23.157+0000] {processor.py:840} INFO - DAG(s) 'example_branch_labels' retrieved from /home/airflow/.local/lib/python3.12/site-packages/airflow/example_dags/example_branch_labels.py
[2024-04-20T18:42:23.218+0000] {logging_mixin.py:188} INFO - [2024-04-20T18:42:23.218+0000] {dag.py:3096} INFO - Sync 1 DAGs
[2024-04-20T18:42:23.229+0000] {logging_mixin.py:188} INFO - [2024-04-20T18:42:23.229+0000] {dag.py:3954} INFO - Setting next_dagrun for example_branch_labels to 2024-04-19 00:00:00+00:00, run_after=2024-04-20 00:00:00+00:00
[2024-04-20T18:42:23.238+0000] {processor.py:183} INFO - Processing /home/airflow/.local/lib/python3.12/site-packages/airflow/example_dags/example_branch_labels.py took 0.090 seconds
[2024-04-20T18:42:54.047+0000] {processor.py:161} INFO - Started process (PID=165) to work on /home/airflow/.local/lib/python3.12/site-packages/airflow/example_dags/example_branch_labels.py
[2024-04-20T18:42:54.048+0000] {processor.py:830} INFO - Processing file /home/airflow/.local/lib/python3.12/site-packages/airflow/example_dags/example_branch_labels.py for tasks to queue
[2024-04-20T18:42:54.049+0000] {logging_mixin.py:188} INFO - [2024-04-20T18:42:54.049+0000] {dagbag.py:540} INFO - Filling up the DagBag from /home/airflow/.local/lib/python3.12/site-packages/airflow/example_dags/example_branch_labels.py
[2024-04-20T18:42:54.054+0000] {processor.py:840} INFO - DAG(s) 'example_branch_labels' retrieved from /home/airflow/.local/lib/python3.12/site-packages/airflow/example_dags/example_branch_labels.py
[2024-04-20T18:42:54.067+0000] {logging_mixin.py:188} INFO - [2024-04-20T18:42:54.067+0000] {dag.py:3096} INFO - Sync 1 DAGs
[2024-04-20T18:42:54.081+0000] {logging_mixin.py:188} INFO - [2024-04-20T18:42:54.081+0000] {dag.py:3954} INFO - Setting next_dagrun for example_branch_labels to 2024-04-19 00:00:00+00:00, run_after=2024-04-20 00:00:00+00:00
[2024-04-20T18:42:54.091+0000] {processor.py:183} INFO - Processing /home/airflow/.local/lib/python3.12/site-packages/airflow/example_dags/example_branch_labels.py took 0.047 seconds
[2024-04-20T18:43:24.264+0000] {processor.py:161} INFO - Started process (PID=224) to work on /home/airflow/.local/lib/python3.12/site-packages/airflow/example_dags/example_branch_labels.py
[2024-04-20T18:43:24.264+0000] {processor.py:830} INFO - Processing file /home/airflow/.local/lib/python3.12/site-packages/airflow/example_dags/example_branch_labels.py for tasks to queue
[2024-04-20T18:43:24.265+0000] {logging_mixin.py:188} INFO - [2024-04-20T18:43:24.265+0000] {dagbag.py:540} INFO - Filling up the DagBag from /home/airflow/.local/lib/python3.12/site-packages/airflow/example_dags/example_branch_labels.py
[2024-04-20T18:43:24.270+0000] {processor.py:840} INFO - DAG(s) 'example_branch_labels' retrieved from /home/airflow/.local/lib/python3.12/site-packages/airflow/example_dags/example_branch_labels.py
[2024-04-20T18:43:24.283+0000] {logging_mixin.py:188} INFO - [2024-04-20T18:43:24.283+0000] {dag.py:3096} INFO - Sync 1 DAGs
[2024-04-20T18:43:24.296+0000] {logging_mixin.py:188} INFO - [2024-04-20T18:43:24.296+0000] {dag.py:3954} INFO - Setting next_dagrun for example_branch_labels to 2024-04-19 00:00:00+00:00, run_after=2024-04-20 00:00:00+00:00
[2024-04-20T18:43:24.304+0000] {processor.py:183} INFO - Processing /home/airflow/.local/lib/python3.12/site-packages/airflow/example_dags/example_branch_labels.py took 0.044 seconds
[2024-04-20T18:43:54.340+0000] {processor.py:161} INFO - Started process (PID=283) to work on /home/airflow/.local/lib/python3.12/site-packages/airflow/example_dags/example_branch_labels.py
[2024-04-20T18:43:54.340+0000] {processor.py:830} INFO - Processing file /home/airflow/.local/lib/python3.12/site-packages/airflow/example_dags/example_branch_labels.py for tasks to queue
[2024-04-20T18:43:54.341+0000] {logging_mixin.py:188} INFO - [2024-04-20T18:43:54.341+0000] {dagbag.py:540} INFO - Filling up the DagBag from /home/airflow/.local/lib/python3.12/site-packages/airflow/example_dags/example_branch_labels.py
[2024-04-20T18:43:54.346+0000] {processor.py:840} INFO - DAG(s) 'example_branch_labels' retrieved from /home/airflow/.local/lib/python3.12/site-packages/airflow/example_dags/example_branch_labels.py
[2024-04-20T18:43:54.359+0000] {logging_mixin.py:188} INFO - [2024-04-20T18:43:54.359+0000] {dag.py:3096} INFO - Sync 1 DAGs
[2024-04-20T18:43:54.372+0000] {logging_mixin.py:188} INFO - [2024-04-20T18:43:54.372+0000] {dag.py:3954} INFO - Setting next_dagrun for example_branch_labels to 2024-04-19 00:00:00+00:00, run_after=2024-04-20 00:00:00+00:00
[2024-04-20T18:43:54.381+0000] {processor.py:183} INFO - Processing /home/airflow/.local/lib/python3.12/site-packages/airflow/example_dags/example_branch_labels.py took 0.044 seconds
[2024-04-20T18:44:25.315+0000] {processor.py:161} INFO - Started process (PID=342) to work on /home/airflow/.local/lib/python3.12/site-packages/airflow/example_dags/example_branch_labels.py
[2024-04-20T18:44:25.316+0000] {processor.py:830} INFO - Processing file /home/airflow/.local/lib/python3.12/site-packages/airflow/example_dags/example_branch_labels.py for tasks to queue
[2024-04-20T18:44:25.317+0000] {logging_mixin.py:188} INFO - [2024-04-20T18:44:25.317+0000] {dagbag.py:540} INFO - Filling up the DagBag from /home/airflow/.local/lib/python3.12/site-packages/airflow/example_dags/example_branch_labels.py
[2024-04-20T18:44:25.321+0000] {processor.py:840} INFO - DAG(s) 'example_branch_labels' retrieved from /home/airflow/.local/lib/python3.12/site-packages/airflow/example_dags/example_branch_labels.py
[2024-04-20T18:44:25.334+0000] {logging_mixin.py:188} INFO - [2024-04-20T18:44:25.333+0000] {dag.py:3096} INFO - Sync 1 DAGs
[2024-04-20T18:44:25.346+0000] {logging_mixin.py:188} INFO - [2024-04-20T18:44:25.346+0000] {dag.py:3954} INFO - Setting next_dagrun for example_branch_labels to 2024-04-19 00:00:00+00:00, run_after=2024-04-20 00:00:00+00:00
[2024-04-20T18:44:25.355+0000] {processor.py:183} INFO - Processing /home/airflow/.local/lib/python3.12/site-packages/airflow/example_dags/example_branch_labels.py took 0.043 seconds
[2024-04-20T18:44:56.181+0000] {processor.py:161} INFO - Started process (PID=401) to work on /home/airflow/.local/lib/python3.12/site-packages/airflow/example_dags/example_branch_labels.py
[2024-04-20T18:44:56.182+0000] {processor.py:830} INFO - Processing file /home/airflow/.local/lib/python3.12/site-packages/airflow/example_dags/example_branch_labels.py for tasks to queue
[2024-04-20T18:44:56.183+0000] {logging_mixin.py:188} INFO - [2024-04-20T18:44:56.183+0000] {dagbag.py:540} INFO - Filling up the DagBag from /home/airflow/.local/lib/python3.12/site-packages/airflow/example_dags/example_branch_labels.py
[2024-04-20T18:44:56.187+0000] {processor.py:840} INFO - DAG(s) 'example_branch_labels' retrieved from /home/airflow/.local/lib/python3.12/site-packages/airflow/example_dags/example_branch_labels.py
[2024-04-20T18:44:56.201+0000] {logging_mixin.py:188} INFO - [2024-04-20T18:44:56.200+0000] {dag.py:3096} INFO - Sync 1 DAGs
[2024-04-20T18:44:56.214+0000] {logging_mixin.py:188} INFO - [2024-04-20T18:44:56.213+0000] {dag.py:3954} INFO - Setting next_dagrun for example_branch_labels to 2024-04-19 00:00:00+00:00, run_after=2024-04-20 00:00:00+00:00
[2024-04-20T18:44:56.222+0000] {processor.py:183} INFO - Processing /home/airflow/.local/lib/python3.12/site-packages/airflow/example_dags/example_branch_labels.py took 0.045 seconds
[2024-04-20T18:45:27.042+0000] {processor.py:161} INFO - Started process (PID=460) to work on /home/airflow/.local/lib/python3.12/site-packages/airflow/example_dags/example_branch_labels.py
[2024-04-20T18:45:27.043+0000] {processor.py:830} INFO - Processing file /home/airflow/.local/lib/python3.12/site-packages/airflow/example_dags/example_branch_labels.py for tasks to queue
[2024-04-20T18:45:27.044+0000] {logging_mixin.py:188} INFO - [2024-04-20T18:45:27.044+0000] {dagbag.py:540} INFO - Filling up the DagBag from /home/airflow/.local/lib/python3.12/site-packages/airflow/example_dags/example_branch_labels.py
[2024-04-20T18:45:27.049+0000] {processor.py:840} INFO - DAG(s) 'example_branch_labels' retrieved from /home/airflow/.local/lib/python3.12/site-packages/airflow/example_dags/example_branch_labels.py
[2024-04-20T18:45:27.061+0000] {logging_mixin.py:188} INFO - [2024-04-20T18:45:27.061+0000] {dag.py:3096} INFO - Sync 1 DAGs
[2024-04-20T18:45:27.073+0000] {logging_mixin.py:188} INFO - [2024-04-20T18:45:27.073+0000] {dag.py:3954} INFO - Setting next_dagrun for example_branch_labels to 2024-04-19 00:00:00+00:00, run_after=2024-04-20 00:00:00+00:00
[2024-04-20T18:45:27.082+0000] {processor.py:183} INFO - Processing /home/airflow/.local/lib/python3.12/site-packages/airflow/example_dags/example_branch_labels.py took 0.043 seconds
[2024-04-20T18:45:57.854+0000] {processor.py:161} INFO - Started process (PID=519) to work on /home/airflow/.local/lib/python3.12/site-packages/airflow/example_dags/example_branch_labels.py
[2024-04-20T18:45:57.854+0000] {processor.py:830} INFO - Processing file /home/airflow/.local/lib/python3.12/site-packages/airflow/example_dags/example_branch_labels.py for tasks to queue
[2024-04-20T18:45:57.855+0000] {logging_mixin.py:188} INFO - [2024-04-20T18:45:57.855+0000] {dagbag.py:540} INFO - Filling up the DagBag from /home/airflow/.local/lib/python3.12/site-packages/airflow/example_dags/example_branch_labels.py
[2024-04-20T18:45:57.861+0000] {processor.py:840} INFO - DAG(s) 'example_branch_labels' retrieved from /home/airflow/.local/lib/python3.12/site-packages/airflow/example_dags/example_branch_labels.py
[2024-04-20T18:45:57.878+0000] {logging_mixin.py:188} INFO - [2024-04-20T18:45:57.877+0000] {dag.py:3096} INFO - Sync 1 DAGs
[2024-04-20T18:45:57.897+0000] {logging_mixin.py:188} INFO - [2024-04-20T18:45:57.896+0000] {dag.py:3954} INFO - Setting next_dagrun for example_branch_labels to 2024-04-19 00:00:00+00:00, run_after=2024-04-20 00:00:00+00:00
[2024-04-20T18:45:57.917+0000] {processor.py:183} INFO - Processing /home/airflow/.local/lib/python3.12/site-packages/airflow/example_dags/example_branch_labels.py took 0.067 seconds
