[2024-04-20T18:41:53.217+0000] {processor.py:161} INFO - Started process (PID=78) to work on /home/airflow/.local/lib/python3.12/site-packages/airflow/example_dags/example_datasets.py
[2024-04-20T18:41:53.218+0000] {processor.py:830} INFO - Processing file /home/airflow/.local/lib/python3.12/site-packages/airflow/example_dags/example_datasets.py for tasks to queue
[2024-04-20T18:41:53.219+0000] {logging_mixin.py:188} INFO - [2024-04-20T18:41:53.219+0000] {dagbag.py:540} INFO - Filling up the DagBag from /home/airflow/.local/lib/python3.12/site-packages/airflow/example_dags/example_datasets.py
[2024-04-20T18:41:53.229+0000] {processor.py:840} INFO - DAG(s) 'consume_1_or_2_with_dataset_expressions', 'dataset_produces_1', 'dataset_produces_2', 'dataset_consumes_1_and_2', 'dataset_consumes_1', 'dataset_consumes_1_never_scheduled', 'dataset_consumes_unknown_never_scheduled', 'conditional_dataset_and_time_based_timetable', 'consume_1_or_both_2_and_3_with_dataset_expressions', 'consume_1_and_2_with_dataset_expressions' retrieved from /home/airflow/.local/lib/python3.12/site-packages/airflow/example_dags/example_datasets.py
[2024-04-20T18:41:53.238+0000] {logging_mixin.py:188} INFO - [2024-04-20T18:41:53.238+0000] {dag.py:3096} INFO - Sync 10 DAGs
[2024-04-20T18:41:53.254+0000] {logging_mixin.py:188} INFO - [2024-04-20T18:41:53.253+0000] {dag.py:3954} INFO - Setting next_dagrun for conditional_dataset_and_time_based_timetable to 2024-04-17 01:00:00+00:00, run_after=2024-04-17 01:00:00+00:00
[2024-04-20T18:41:53.256+0000] {logging_mixin.py:188} INFO - [2024-04-20T18:41:53.256+0000] {dag.py:3954} INFO - Setting next_dagrun for consume_1_and_2_with_dataset_expressions to None, run_after=None
[2024-04-20T18:41:53.256+0000] {logging_mixin.py:188} INFO - [2024-04-20T18:41:53.256+0000] {dag.py:3954} INFO - Setting next_dagrun for consume_1_or_2_with_dataset_expressions to None, run_after=None
[2024-04-20T18:41:53.257+0000] {logging_mixin.py:188} INFO - [2024-04-20T18:41:53.257+0000] {dag.py:3954} INFO - Setting next_dagrun for consume_1_or_both_2_and_3_with_dataset_expressions to None, run_after=None
[2024-04-20T18:41:53.258+0000] {logging_mixin.py:188} INFO - [2024-04-20T18:41:53.258+0000] {dag.py:3954} INFO - Setting next_dagrun for dataset_consumes_1 to None, run_after=None
[2024-04-20T18:41:53.258+0000] {logging_mixin.py:188} INFO - [2024-04-20T18:41:53.258+0000] {dag.py:3954} INFO - Setting next_dagrun for dataset_consumes_1_and_2 to None, run_after=None
[2024-04-20T18:41:53.259+0000] {logging_mixin.py:188} INFO - [2024-04-20T18:41:53.259+0000] {dag.py:3954} INFO - Setting next_dagrun for dataset_consumes_1_never_scheduled to None, run_after=None
[2024-04-20T18:41:53.259+0000] {logging_mixin.py:188} INFO - [2024-04-20T18:41:53.259+0000] {dag.py:3954} INFO - Setting next_dagrun for dataset_consumes_unknown_never_scheduled to None, run_after=None
[2024-04-20T18:41:53.260+0000] {logging_mixin.py:188} INFO - [2024-04-20T18:41:53.260+0000] {dag.py:3954} INFO - Setting next_dagrun for dataset_produces_1 to 2024-04-19 00:00:00+00:00, run_after=2024-04-20 00:00:00+00:00
[2024-04-20T18:41:53.261+0000] {logging_mixin.py:188} INFO - [2024-04-20T18:41:53.261+0000] {dag.py:3954} INFO - Setting next_dagrun for dataset_produces_2 to None, run_after=None
[2024-04-20T18:41:53.277+0000] {processor.py:183} INFO - Processing /home/airflow/.local/lib/python3.12/site-packages/airflow/example_dags/example_datasets.py took 0.063 seconds
[2024-04-20T18:42:24.995+0000] {processor.py:161} INFO - Started process (PID=137) to work on /home/airflow/.local/lib/python3.12/site-packages/airflow/example_dags/example_datasets.py
[2024-04-20T18:42:24.995+0000] {processor.py:830} INFO - Processing file /home/airflow/.local/lib/python3.12/site-packages/airflow/example_dags/example_datasets.py for tasks to queue
[2024-04-20T18:42:24.996+0000] {logging_mixin.py:188} INFO - [2024-04-20T18:42:24.996+0000] {dagbag.py:540} INFO - Filling up the DagBag from /home/airflow/.local/lib/python3.12/site-packages/airflow/example_dags/example_datasets.py
[2024-04-20T18:42:25.005+0000] {processor.py:840} INFO - DAG(s) 'dataset_consumes_1_and_2', 'consume_1_or_both_2_and_3_with_dataset_expressions', 'dataset_produces_2', 'dataset_consumes_unknown_never_scheduled', 'consume_1_and_2_with_dataset_expressions', 'conditional_dataset_and_time_based_timetable', 'dataset_consumes_1_never_scheduled', 'dataset_produces_1', 'consume_1_or_2_with_dataset_expressions', 'dataset_consumes_1' retrieved from /home/airflow/.local/lib/python3.12/site-packages/airflow/example_dags/example_datasets.py
[2024-04-20T18:42:25.112+0000] {logging_mixin.py:188} INFO - [2024-04-20T18:42:25.112+0000] {dag.py:3096} INFO - Sync 10 DAGs
[2024-04-20T18:42:25.125+0000] {logging_mixin.py:188} INFO - [2024-04-20T18:42:25.125+0000] {dag.py:3954} INFO - Setting next_dagrun for conditional_dataset_and_time_based_timetable to 2024-04-17 01:00:00+00:00, run_after=2024-04-17 01:00:00+00:00
[2024-04-20T18:42:25.126+0000] {logging_mixin.py:188} INFO - [2024-04-20T18:42:25.126+0000] {dag.py:3954} INFO - Setting next_dagrun for consume_1_and_2_with_dataset_expressions to None, run_after=None
[2024-04-20T18:42:25.127+0000] {logging_mixin.py:188} INFO - [2024-04-20T18:42:25.127+0000] {dag.py:3954} INFO - Setting next_dagrun for consume_1_or_2_with_dataset_expressions to None, run_after=None
[2024-04-20T18:42:25.127+0000] {logging_mixin.py:188} INFO - [2024-04-20T18:42:25.127+0000] {dag.py:3954} INFO - Setting next_dagrun for consume_1_or_both_2_and_3_with_dataset_expressions to None, run_after=None
[2024-04-20T18:42:25.128+0000] {logging_mixin.py:188} INFO - [2024-04-20T18:42:25.128+0000] {dag.py:3954} INFO - Setting next_dagrun for dataset_consumes_1 to None, run_after=None
[2024-04-20T18:42:25.128+0000] {logging_mixin.py:188} INFO - [2024-04-20T18:42:25.128+0000] {dag.py:3954} INFO - Setting next_dagrun for dataset_consumes_1_and_2 to None, run_after=None
[2024-04-20T18:42:25.129+0000] {logging_mixin.py:188} INFO - [2024-04-20T18:42:25.129+0000] {dag.py:3954} INFO - Setting next_dagrun for dataset_consumes_1_never_scheduled to None, run_after=None
[2024-04-20T18:42:25.129+0000] {logging_mixin.py:188} INFO - [2024-04-20T18:42:25.129+0000] {dag.py:3954} INFO - Setting next_dagrun for dataset_consumes_unknown_never_scheduled to None, run_after=None
[2024-04-20T18:42:25.131+0000] {logging_mixin.py:188} INFO - [2024-04-20T18:42:25.131+0000] {dag.py:3954} INFO - Setting next_dagrun for dataset_produces_1 to 2024-04-19 00:00:00+00:00, run_after=2024-04-20 00:00:00+00:00
[2024-04-20T18:42:25.131+0000] {logging_mixin.py:188} INFO - [2024-04-20T18:42:25.131+0000] {dag.py:3954} INFO - Setting next_dagrun for dataset_produces_2 to None, run_after=None
[2024-04-20T18:42:25.150+0000] {processor.py:183} INFO - Processing /home/airflow/.local/lib/python3.12/site-packages/airflow/example_dags/example_datasets.py took 0.159 seconds
[2024-04-20T18:42:55.328+0000] {processor.py:161} INFO - Started process (PID=196) to work on /home/airflow/.local/lib/python3.12/site-packages/airflow/example_dags/example_datasets.py
[2024-04-20T18:42:55.329+0000] {processor.py:830} INFO - Processing file /home/airflow/.local/lib/python3.12/site-packages/airflow/example_dags/example_datasets.py for tasks to queue
[2024-04-20T18:42:55.330+0000] {logging_mixin.py:188} INFO - [2024-04-20T18:42:55.330+0000] {dagbag.py:540} INFO - Filling up the DagBag from /home/airflow/.local/lib/python3.12/site-packages/airflow/example_dags/example_datasets.py
[2024-04-20T18:42:55.339+0000] {processor.py:840} INFO - DAG(s) 'dataset_produces_2', 'consume_1_or_2_with_dataset_expressions', 'dataset_consumes_1', 'conditional_dataset_and_time_based_timetable', 'dataset_consumes_1_never_scheduled', 'dataset_consumes_1_and_2', 'dataset_consumes_unknown_never_scheduled', 'consume_1_or_both_2_and_3_with_dataset_expressions', 'dataset_produces_1', 'consume_1_and_2_with_dataset_expressions' retrieved from /home/airflow/.local/lib/python3.12/site-packages/airflow/example_dags/example_datasets.py
[2024-04-20T18:42:55.366+0000] {logging_mixin.py:188} INFO - [2024-04-20T18:42:55.366+0000] {dag.py:3096} INFO - Sync 10 DAGs
[2024-04-20T18:42:55.381+0000] {logging_mixin.py:188} INFO - [2024-04-20T18:42:55.381+0000] {dag.py:3954} INFO - Setting next_dagrun for conditional_dataset_and_time_based_timetable to 2024-04-17 01:00:00+00:00, run_after=2024-04-17 01:00:00+00:00
[2024-04-20T18:42:55.383+0000] {logging_mixin.py:188} INFO - [2024-04-20T18:42:55.383+0000] {dag.py:3954} INFO - Setting next_dagrun for consume_1_and_2_with_dataset_expressions to None, run_after=None
[2024-04-20T18:42:55.384+0000] {logging_mixin.py:188} INFO - [2024-04-20T18:42:55.384+0000] {dag.py:3954} INFO - Setting next_dagrun for consume_1_or_2_with_dataset_expressions to None, run_after=None
[2024-04-20T18:42:55.385+0000] {logging_mixin.py:188} INFO - [2024-04-20T18:42:55.384+0000] {dag.py:3954} INFO - Setting next_dagrun for consume_1_or_both_2_and_3_with_dataset_expressions to None, run_after=None
[2024-04-20T18:42:55.385+0000] {logging_mixin.py:188} INFO - [2024-04-20T18:42:55.385+0000] {dag.py:3954} INFO - Setting next_dagrun for dataset_consumes_1 to None, run_after=None
[2024-04-20T18:42:55.386+0000] {logging_mixin.py:188} INFO - [2024-04-20T18:42:55.386+0000] {dag.py:3954} INFO - Setting next_dagrun for dataset_consumes_1_and_2 to None, run_after=None
[2024-04-20T18:42:55.386+0000] {logging_mixin.py:188} INFO - [2024-04-20T18:42:55.386+0000] {dag.py:3954} INFO - Setting next_dagrun for dataset_consumes_1_never_scheduled to None, run_after=None
[2024-04-20T18:42:55.387+0000] {logging_mixin.py:188} INFO - [2024-04-20T18:42:55.387+0000] {dag.py:3954} INFO - Setting next_dagrun for dataset_consumes_unknown_never_scheduled to None, run_after=None
[2024-04-20T18:42:55.388+0000] {logging_mixin.py:188} INFO - [2024-04-20T18:42:55.388+0000] {dag.py:3954} INFO - Setting next_dagrun for dataset_produces_1 to 2024-04-19 00:00:00+00:00, run_after=2024-04-20 00:00:00+00:00
[2024-04-20T18:42:55.389+0000] {logging_mixin.py:188} INFO - [2024-04-20T18:42:55.389+0000] {dag.py:3954} INFO - Setting next_dagrun for dataset_produces_2 to None, run_after=None
[2024-04-20T18:42:55.405+0000] {processor.py:183} INFO - Processing /home/airflow/.local/lib/python3.12/site-packages/airflow/example_dags/example_datasets.py took 0.081 seconds
[2024-04-20T18:43:25.590+0000] {processor.py:161} INFO - Started process (PID=255) to work on /home/airflow/.local/lib/python3.12/site-packages/airflow/example_dags/example_datasets.py
[2024-04-20T18:43:25.591+0000] {processor.py:830} INFO - Processing file /home/airflow/.local/lib/python3.12/site-packages/airflow/example_dags/example_datasets.py for tasks to queue
[2024-04-20T18:43:25.592+0000] {logging_mixin.py:188} INFO - [2024-04-20T18:43:25.592+0000] {dagbag.py:540} INFO - Filling up the DagBag from /home/airflow/.local/lib/python3.12/site-packages/airflow/example_dags/example_datasets.py
[2024-04-20T18:43:25.600+0000] {processor.py:840} INFO - DAG(s) 'dataset_consumes_1', 'conditional_dataset_and_time_based_timetable', 'dataset_produces_1', 'dataset_consumes_1_and_2', 'consume_1_or_2_with_dataset_expressions', 'consume_1_and_2_with_dataset_expressions', 'dataset_produces_2', 'consume_1_or_both_2_and_3_with_dataset_expressions', 'dataset_consumes_unknown_never_scheduled', 'dataset_consumes_1_never_scheduled' retrieved from /home/airflow/.local/lib/python3.12/site-packages/airflow/example_dags/example_datasets.py
[2024-04-20T18:43:25.625+0000] {logging_mixin.py:188} INFO - [2024-04-20T18:43:25.625+0000] {dag.py:3096} INFO - Sync 10 DAGs
[2024-04-20T18:43:25.639+0000] {logging_mixin.py:188} INFO - [2024-04-20T18:43:25.639+0000] {dag.py:3954} INFO - Setting next_dagrun for conditional_dataset_and_time_based_timetable to 2024-04-17 01:00:00+00:00, run_after=2024-04-17 01:00:00+00:00
[2024-04-20T18:43:25.641+0000] {logging_mixin.py:188} INFO - [2024-04-20T18:43:25.641+0000] {dag.py:3954} INFO - Setting next_dagrun for consume_1_and_2_with_dataset_expressions to None, run_after=None
[2024-04-20T18:43:25.642+0000] {logging_mixin.py:188} INFO - [2024-04-20T18:43:25.642+0000] {dag.py:3954} INFO - Setting next_dagrun for consume_1_or_2_with_dataset_expressions to None, run_after=None
[2024-04-20T18:43:25.642+0000] {logging_mixin.py:188} INFO - [2024-04-20T18:43:25.642+0000] {dag.py:3954} INFO - Setting next_dagrun for consume_1_or_both_2_and_3_with_dataset_expressions to None, run_after=None
[2024-04-20T18:43:25.643+0000] {logging_mixin.py:188} INFO - [2024-04-20T18:43:25.643+0000] {dag.py:3954} INFO - Setting next_dagrun for dataset_consumes_1 to None, run_after=None
[2024-04-20T18:43:25.643+0000] {logging_mixin.py:188} INFO - [2024-04-20T18:43:25.643+0000] {dag.py:3954} INFO - Setting next_dagrun for dataset_consumes_1_and_2 to None, run_after=None
[2024-04-20T18:43:25.644+0000] {logging_mixin.py:188} INFO - [2024-04-20T18:43:25.644+0000] {dag.py:3954} INFO - Setting next_dagrun for dataset_consumes_1_never_scheduled to None, run_after=None
[2024-04-20T18:43:25.644+0000] {logging_mixin.py:188} INFO - [2024-04-20T18:43:25.644+0000] {dag.py:3954} INFO - Setting next_dagrun for dataset_consumes_unknown_never_scheduled to None, run_after=None
[2024-04-20T18:43:25.646+0000] {logging_mixin.py:188} INFO - [2024-04-20T18:43:25.646+0000] {dag.py:3954} INFO - Setting next_dagrun for dataset_produces_1 to 2024-04-19 00:00:00+00:00, run_after=2024-04-20 00:00:00+00:00
[2024-04-20T18:43:25.646+0000] {logging_mixin.py:188} INFO - [2024-04-20T18:43:25.646+0000] {dag.py:3954} INFO - Setting next_dagrun for dataset_produces_2 to None, run_after=None
[2024-04-20T18:43:25.662+0000] {processor.py:183} INFO - Processing /home/airflow/.local/lib/python3.12/site-packages/airflow/example_dags/example_datasets.py took 0.076 seconds
[2024-04-20T18:43:56.484+0000] {processor.py:161} INFO - Started process (PID=314) to work on /home/airflow/.local/lib/python3.12/site-packages/airflow/example_dags/example_datasets.py
[2024-04-20T18:43:56.485+0000] {processor.py:830} INFO - Processing file /home/airflow/.local/lib/python3.12/site-packages/airflow/example_dags/example_datasets.py for tasks to queue
[2024-04-20T18:43:56.486+0000] {logging_mixin.py:188} INFO - [2024-04-20T18:43:56.485+0000] {dagbag.py:540} INFO - Filling up the DagBag from /home/airflow/.local/lib/python3.12/site-packages/airflow/example_dags/example_datasets.py
[2024-04-20T18:43:56.494+0000] {processor.py:840} INFO - DAG(s) 'dataset_consumes_1_and_2', 'consume_1_or_2_with_dataset_expressions', 'dataset_produces_1', 'dataset_consumes_1', 'dataset_produces_2', 'consume_1_and_2_with_dataset_expressions', 'conditional_dataset_and_time_based_timetable', 'dataset_consumes_unknown_never_scheduled', 'dataset_consumes_1_never_scheduled', 'consume_1_or_both_2_and_3_with_dataset_expressions' retrieved from /home/airflow/.local/lib/python3.12/site-packages/airflow/example_dags/example_datasets.py
[2024-04-20T18:43:56.519+0000] {logging_mixin.py:188} INFO - [2024-04-20T18:43:56.518+0000] {dag.py:3096} INFO - Sync 10 DAGs
[2024-04-20T18:43:56.532+0000] {logging_mixin.py:188} INFO - [2024-04-20T18:43:56.532+0000] {dag.py:3954} INFO - Setting next_dagrun for conditional_dataset_and_time_based_timetable to 2024-04-17 01:00:00+00:00, run_after=2024-04-17 01:00:00+00:00
[2024-04-20T18:43:56.534+0000] {logging_mixin.py:188} INFO - [2024-04-20T18:43:56.534+0000] {dag.py:3954} INFO - Setting next_dagrun for consume_1_and_2_with_dataset_expressions to None, run_after=None
[2024-04-20T18:43:56.535+0000] {logging_mixin.py:188} INFO - [2024-04-20T18:43:56.535+0000] {dag.py:3954} INFO - Setting next_dagrun for consume_1_or_2_with_dataset_expressions to None, run_after=None
[2024-04-20T18:43:56.535+0000] {logging_mixin.py:188} INFO - [2024-04-20T18:43:56.535+0000] {dag.py:3954} INFO - Setting next_dagrun for consume_1_or_both_2_and_3_with_dataset_expressions to None, run_after=None
[2024-04-20T18:43:56.536+0000] {logging_mixin.py:188} INFO - [2024-04-20T18:43:56.536+0000] {dag.py:3954} INFO - Setting next_dagrun for dataset_consumes_1 to None, run_after=None
[2024-04-20T18:43:56.536+0000] {logging_mixin.py:188} INFO - [2024-04-20T18:43:56.536+0000] {dag.py:3954} INFO - Setting next_dagrun for dataset_consumes_1_and_2 to None, run_after=None
[2024-04-20T18:43:56.537+0000] {logging_mixin.py:188} INFO - [2024-04-20T18:43:56.537+0000] {dag.py:3954} INFO - Setting next_dagrun for dataset_consumes_1_never_scheduled to None, run_after=None
[2024-04-20T18:43:56.537+0000] {logging_mixin.py:188} INFO - [2024-04-20T18:43:56.537+0000] {dag.py:3954} INFO - Setting next_dagrun for dataset_consumes_unknown_never_scheduled to None, run_after=None
[2024-04-20T18:43:56.539+0000] {logging_mixin.py:188} INFO - [2024-04-20T18:43:56.538+0000] {dag.py:3954} INFO - Setting next_dagrun for dataset_produces_1 to 2024-04-19 00:00:00+00:00, run_after=2024-04-20 00:00:00+00:00
[2024-04-20T18:43:56.539+0000] {logging_mixin.py:188} INFO - [2024-04-20T18:43:56.539+0000] {dag.py:3954} INFO - Setting next_dagrun for dataset_produces_2 to None, run_after=None
[2024-04-20T18:43:56.554+0000] {processor.py:183} INFO - Processing /home/airflow/.local/lib/python3.12/site-packages/airflow/example_dags/example_datasets.py took 0.074 seconds
[2024-04-20T18:44:27.372+0000] {processor.py:161} INFO - Started process (PID=373) to work on /home/airflow/.local/lib/python3.12/site-packages/airflow/example_dags/example_datasets.py
[2024-04-20T18:44:27.373+0000] {processor.py:830} INFO - Processing file /home/airflow/.local/lib/python3.12/site-packages/airflow/example_dags/example_datasets.py for tasks to queue
[2024-04-20T18:44:27.375+0000] {logging_mixin.py:188} INFO - [2024-04-20T18:44:27.374+0000] {dagbag.py:540} INFO - Filling up the DagBag from /home/airflow/.local/lib/python3.12/site-packages/airflow/example_dags/example_datasets.py
[2024-04-20T18:44:27.387+0000] {processor.py:840} INFO - DAG(s) 'dataset_consumes_1', 'consume_1_and_2_with_dataset_expressions', 'dataset_consumes_1_and_2', 'consume_1_or_2_with_dataset_expressions', 'dataset_consumes_unknown_never_scheduled', 'consume_1_or_both_2_and_3_with_dataset_expressions', 'dataset_consumes_1_never_scheduled', 'conditional_dataset_and_time_based_timetable', 'dataset_produces_2', 'dataset_produces_1' retrieved from /home/airflow/.local/lib/python3.12/site-packages/airflow/example_dags/example_datasets.py
[2024-04-20T18:44:27.413+0000] {logging_mixin.py:188} INFO - [2024-04-20T18:44:27.412+0000] {dag.py:3096} INFO - Sync 10 DAGs
[2024-04-20T18:44:27.426+0000] {logging_mixin.py:188} INFO - [2024-04-20T18:44:27.426+0000] {dag.py:3954} INFO - Setting next_dagrun for conditional_dataset_and_time_based_timetable to 2024-04-17 01:00:00+00:00, run_after=2024-04-17 01:00:00+00:00
[2024-04-20T18:44:27.428+0000] {logging_mixin.py:188} INFO - [2024-04-20T18:44:27.428+0000] {dag.py:3954} INFO - Setting next_dagrun for consume_1_and_2_with_dataset_expressions to None, run_after=None
[2024-04-20T18:44:27.429+0000] {logging_mixin.py:188} INFO - [2024-04-20T18:44:27.429+0000] {dag.py:3954} INFO - Setting next_dagrun for consume_1_or_2_with_dataset_expressions to None, run_after=None
[2024-04-20T18:44:27.430+0000] {logging_mixin.py:188} INFO - [2024-04-20T18:44:27.430+0000] {dag.py:3954} INFO - Setting next_dagrun for consume_1_or_both_2_and_3_with_dataset_expressions to None, run_after=None
[2024-04-20T18:44:27.430+0000] {logging_mixin.py:188} INFO - [2024-04-20T18:44:27.430+0000] {dag.py:3954} INFO - Setting next_dagrun for dataset_consumes_1 to None, run_after=None
[2024-04-20T18:44:27.431+0000] {logging_mixin.py:188} INFO - [2024-04-20T18:44:27.431+0000] {dag.py:3954} INFO - Setting next_dagrun for dataset_consumes_1_and_2 to None, run_after=None
[2024-04-20T18:44:27.431+0000] {logging_mixin.py:188} INFO - [2024-04-20T18:44:27.431+0000] {dag.py:3954} INFO - Setting next_dagrun for dataset_consumes_1_never_scheduled to None, run_after=None
[2024-04-20T18:44:27.432+0000] {logging_mixin.py:188} INFO - [2024-04-20T18:44:27.432+0000] {dag.py:3954} INFO - Setting next_dagrun for dataset_consumes_unknown_never_scheduled to None, run_after=None
[2024-04-20T18:44:27.433+0000] {logging_mixin.py:188} INFO - [2024-04-20T18:44:27.433+0000] {dag.py:3954} INFO - Setting next_dagrun for dataset_produces_1 to 2024-04-19 00:00:00+00:00, run_after=2024-04-20 00:00:00+00:00
[2024-04-20T18:44:27.434+0000] {logging_mixin.py:188} INFO - [2024-04-20T18:44:27.433+0000] {dag.py:3954} INFO - Setting next_dagrun for dataset_produces_2 to None, run_after=None
[2024-04-20T18:44:27.449+0000] {processor.py:183} INFO - Processing /home/airflow/.local/lib/python3.12/site-packages/airflow/example_dags/example_datasets.py took 0.082 seconds
[2024-04-20T18:44:58.250+0000] {processor.py:161} INFO - Started process (PID=432) to work on /home/airflow/.local/lib/python3.12/site-packages/airflow/example_dags/example_datasets.py
[2024-04-20T18:44:58.250+0000] {processor.py:830} INFO - Processing file /home/airflow/.local/lib/python3.12/site-packages/airflow/example_dags/example_datasets.py for tasks to queue
[2024-04-20T18:44:58.251+0000] {logging_mixin.py:188} INFO - [2024-04-20T18:44:58.251+0000] {dagbag.py:540} INFO - Filling up the DagBag from /home/airflow/.local/lib/python3.12/site-packages/airflow/example_dags/example_datasets.py
[2024-04-20T18:44:58.259+0000] {processor.py:840} INFO - DAG(s) 'dataset_consumes_unknown_never_scheduled', 'consume_1_and_2_with_dataset_expressions', 'consume_1_or_2_with_dataset_expressions', 'dataset_consumes_1_and_2', 'dataset_produces_1', 'dataset_produces_2', 'conditional_dataset_and_time_based_timetable', 'dataset_consumes_1_never_scheduled', 'dataset_consumes_1', 'consume_1_or_both_2_and_3_with_dataset_expressions' retrieved from /home/airflow/.local/lib/python3.12/site-packages/airflow/example_dags/example_datasets.py
[2024-04-20T18:44:58.285+0000] {logging_mixin.py:188} INFO - [2024-04-20T18:44:58.284+0000] {dag.py:3096} INFO - Sync 10 DAGs
[2024-04-20T18:44:58.299+0000] {logging_mixin.py:188} INFO - [2024-04-20T18:44:58.299+0000] {dag.py:3954} INFO - Setting next_dagrun for conditional_dataset_and_time_based_timetable to 2024-04-17 01:00:00+00:00, run_after=2024-04-17 01:00:00+00:00
[2024-04-20T18:44:58.301+0000] {logging_mixin.py:188} INFO - [2024-04-20T18:44:58.301+0000] {dag.py:3954} INFO - Setting next_dagrun for consume_1_and_2_with_dataset_expressions to None, run_after=None
[2024-04-20T18:44:58.301+0000] {logging_mixin.py:188} INFO - [2024-04-20T18:44:58.301+0000] {dag.py:3954} INFO - Setting next_dagrun for consume_1_or_2_with_dataset_expressions to None, run_after=None
[2024-04-20T18:44:58.302+0000] {logging_mixin.py:188} INFO - [2024-04-20T18:44:58.302+0000] {dag.py:3954} INFO - Setting next_dagrun for consume_1_or_both_2_and_3_with_dataset_expressions to None, run_after=None
[2024-04-20T18:44:58.303+0000] {logging_mixin.py:188} INFO - [2024-04-20T18:44:58.302+0000] {dag.py:3954} INFO - Setting next_dagrun for dataset_consumes_1 to None, run_after=None
[2024-04-20T18:44:58.303+0000] {logging_mixin.py:188} INFO - [2024-04-20T18:44:58.303+0000] {dag.py:3954} INFO - Setting next_dagrun for dataset_consumes_1_and_2 to None, run_after=None
[2024-04-20T18:44:58.304+0000] {logging_mixin.py:188} INFO - [2024-04-20T18:44:58.304+0000] {dag.py:3954} INFO - Setting next_dagrun for dataset_consumes_1_never_scheduled to None, run_after=None
[2024-04-20T18:44:58.304+0000] {logging_mixin.py:188} INFO - [2024-04-20T18:44:58.304+0000] {dag.py:3954} INFO - Setting next_dagrun for dataset_consumes_unknown_never_scheduled to None, run_after=None
[2024-04-20T18:44:58.305+0000] {logging_mixin.py:188} INFO - [2024-04-20T18:44:58.305+0000] {dag.py:3954} INFO - Setting next_dagrun for dataset_produces_1 to 2024-04-19 00:00:00+00:00, run_after=2024-04-20 00:00:00+00:00
[2024-04-20T18:44:58.306+0000] {logging_mixin.py:188} INFO - [2024-04-20T18:44:58.306+0000] {dag.py:3954} INFO - Setting next_dagrun for dataset_produces_2 to None, run_after=None
[2024-04-20T18:44:58.321+0000] {processor.py:183} INFO - Processing /home/airflow/.local/lib/python3.12/site-packages/airflow/example_dags/example_datasets.py took 0.075 seconds
[2024-04-20T18:45:29.090+0000] {processor.py:161} INFO - Started process (PID=491) to work on /home/airflow/.local/lib/python3.12/site-packages/airflow/example_dags/example_datasets.py
[2024-04-20T18:45:29.091+0000] {processor.py:830} INFO - Processing file /home/airflow/.local/lib/python3.12/site-packages/airflow/example_dags/example_datasets.py for tasks to queue
[2024-04-20T18:45:29.092+0000] {logging_mixin.py:188} INFO - [2024-04-20T18:45:29.092+0000] {dagbag.py:540} INFO - Filling up the DagBag from /home/airflow/.local/lib/python3.12/site-packages/airflow/example_dags/example_datasets.py
[2024-04-20T18:45:29.100+0000] {processor.py:840} INFO - DAG(s) 'consume_1_or_both_2_and_3_with_dataset_expressions', 'consume_1_or_2_with_dataset_expressions', 'dataset_produces_2', 'dataset_consumes_unknown_never_scheduled', 'dataset_consumes_1', 'consume_1_and_2_with_dataset_expressions', 'dataset_consumes_1_and_2', 'dataset_consumes_1_never_scheduled', 'dataset_produces_1', 'conditional_dataset_and_time_based_timetable' retrieved from /home/airflow/.local/lib/python3.12/site-packages/airflow/example_dags/example_datasets.py
[2024-04-20T18:45:29.124+0000] {logging_mixin.py:188} INFO - [2024-04-20T18:45:29.124+0000] {dag.py:3096} INFO - Sync 10 DAGs
[2024-04-20T18:45:29.138+0000] {logging_mixin.py:188} INFO - [2024-04-20T18:45:29.138+0000] {dag.py:3954} INFO - Setting next_dagrun for conditional_dataset_and_time_based_timetable to 2024-04-17 01:00:00+00:00, run_after=2024-04-17 01:00:00+00:00
[2024-04-20T18:45:29.140+0000] {logging_mixin.py:188} INFO - [2024-04-20T18:45:29.140+0000] {dag.py:3954} INFO - Setting next_dagrun for consume_1_and_2_with_dataset_expressions to None, run_after=None
[2024-04-20T18:45:29.141+0000] {logging_mixin.py:188} INFO - [2024-04-20T18:45:29.141+0000] {dag.py:3954} INFO - Setting next_dagrun for consume_1_or_2_with_dataset_expressions to None, run_after=None
[2024-04-20T18:45:29.141+0000] {logging_mixin.py:188} INFO - [2024-04-20T18:45:29.141+0000] {dag.py:3954} INFO - Setting next_dagrun for consume_1_or_both_2_and_3_with_dataset_expressions to None, run_after=None
[2024-04-20T18:45:29.142+0000] {logging_mixin.py:188} INFO - [2024-04-20T18:45:29.142+0000] {dag.py:3954} INFO - Setting next_dagrun for dataset_consumes_1 to None, run_after=None
[2024-04-20T18:45:29.142+0000] {logging_mixin.py:188} INFO - [2024-04-20T18:45:29.142+0000] {dag.py:3954} INFO - Setting next_dagrun for dataset_consumes_1_and_2 to None, run_after=None
[2024-04-20T18:45:29.143+0000] {logging_mixin.py:188} INFO - [2024-04-20T18:45:29.143+0000] {dag.py:3954} INFO - Setting next_dagrun for dataset_consumes_1_never_scheduled to None, run_after=None
[2024-04-20T18:45:29.143+0000] {logging_mixin.py:188} INFO - [2024-04-20T18:45:29.143+0000] {dag.py:3954} INFO - Setting next_dagrun for dataset_consumes_unknown_never_scheduled to None, run_after=None
[2024-04-20T18:45:29.145+0000] {logging_mixin.py:188} INFO - [2024-04-20T18:45:29.144+0000] {dag.py:3954} INFO - Setting next_dagrun for dataset_produces_1 to 2024-04-19 00:00:00+00:00, run_after=2024-04-20 00:00:00+00:00
[2024-04-20T18:45:29.145+0000] {logging_mixin.py:188} INFO - [2024-04-20T18:45:29.145+0000] {dag.py:3954} INFO - Setting next_dagrun for dataset_produces_2 to None, run_after=None
[2024-04-20T18:45:29.160+0000] {processor.py:183} INFO - Processing /home/airflow/.local/lib/python3.12/site-packages/airflow/example_dags/example_datasets.py took 0.074 seconds
