[2024-04-20T18:41:52.484+0000] {processor.py:161} INFO - Started process (PID=59) to work on /home/airflow/.local/lib/python3.12/site-packages/airflow/example_dags/tutorial_dag.py
[2024-04-20T18:41:52.485+0000] {processor.py:830} INFO - Processing file /home/airflow/.local/lib/python3.12/site-packages/airflow/example_dags/tutorial_dag.py for tasks to queue
[2024-04-20T18:41:52.486+0000] {logging_mixin.py:188} INFO - [2024-04-20T18:41:52.486+0000] {dagbag.py:540} INFO - Filling up the DagBag from /home/airflow/.local/lib/python3.12/site-packages/airflow/example_dags/tutorial_dag.py
[2024-04-20T18:41:52.491+0000] {processor.py:840} INFO - DAG(s) 'tutorial_dag' retrieved from /home/airflow/.local/lib/python3.12/site-packages/airflow/example_dags/tutorial_dag.py
[2024-04-20T18:41:52.499+0000] {logging_mixin.py:188} INFO - [2024-04-20T18:41:52.499+0000] {dag.py:3096} INFO - Sync 1 DAGs
[2024-04-20T18:41:52.507+0000] {logging_mixin.py:188} INFO - [2024-04-20T18:41:52.507+0000] {dag.py:3954} INFO - Setting next_dagrun for tutorial_dag to None, run_after=None
[2024-04-20T18:41:52.517+0000] {processor.py:183} INFO - Processing /home/airflow/.local/lib/python3.12/site-packages/airflow/example_dags/tutorial_dag.py took 0.037 seconds
[2024-04-20T18:42:23.909+0000] {processor.py:161} INFO - Started process (PID=118) to work on /home/airflow/.local/lib/python3.12/site-packages/airflow/example_dags/tutorial_dag.py
[2024-04-20T18:42:23.909+0000] {processor.py:830} INFO - Processing file /home/airflow/.local/lib/python3.12/site-packages/airflow/example_dags/tutorial_dag.py for tasks to queue
[2024-04-20T18:42:23.910+0000] {logging_mixin.py:188} INFO - [2024-04-20T18:42:23.910+0000] {dagbag.py:540} INFO - Filling up the DagBag from /home/airflow/.local/lib/python3.12/site-packages/airflow/example_dags/tutorial_dag.py
[2024-04-20T18:42:23.913+0000] {processor.py:840} INFO - DAG(s) 'tutorial_dag' retrieved from /home/airflow/.local/lib/python3.12/site-packages/airflow/example_dags/tutorial_dag.py
[2024-04-20T18:42:23.974+0000] {logging_mixin.py:188} INFO - [2024-04-20T18:42:23.974+0000] {dag.py:3096} INFO - Sync 1 DAGs
[2024-04-20T18:42:23.981+0000] {logging_mixin.py:188} INFO - [2024-04-20T18:42:23.980+0000] {dag.py:3954} INFO - Setting next_dagrun for tutorial_dag to None, run_after=None
[2024-04-20T18:42:23.990+0000] {processor.py:183} INFO - Processing /home/airflow/.local/lib/python3.12/site-packages/airflow/example_dags/tutorial_dag.py took 0.084 seconds
[2024-04-20T18:42:54.524+0000] {processor.py:161} INFO - Started process (PID=177) to work on /home/airflow/.local/lib/python3.12/site-packages/airflow/example_dags/tutorial_dag.py
[2024-04-20T18:42:54.525+0000] {processor.py:830} INFO - Processing file /home/airflow/.local/lib/python3.12/site-packages/airflow/example_dags/tutorial_dag.py for tasks to queue
[2024-04-20T18:42:54.526+0000] {logging_mixin.py:188} INFO - [2024-04-20T18:42:54.526+0000] {dagbag.py:540} INFO - Filling up the DagBag from /home/airflow/.local/lib/python3.12/site-packages/airflow/example_dags/tutorial_dag.py
[2024-04-20T18:42:54.529+0000] {processor.py:840} INFO - DAG(s) 'tutorial_dag' retrieved from /home/airflow/.local/lib/python3.12/site-packages/airflow/example_dags/tutorial_dag.py
[2024-04-20T18:42:54.542+0000] {logging_mixin.py:188} INFO - [2024-04-20T18:42:54.541+0000] {dag.py:3096} INFO - Sync 1 DAGs
[2024-04-20T18:42:54.549+0000] {logging_mixin.py:188} INFO - [2024-04-20T18:42:54.549+0000] {dag.py:3954} INFO - Setting next_dagrun for tutorial_dag to None, run_after=None
[2024-04-20T18:42:54.559+0000] {processor.py:183} INFO - Processing /home/airflow/.local/lib/python3.12/site-packages/airflow/example_dags/tutorial_dag.py took 0.038 seconds
[2024-04-20T18:43:24.693+0000] {processor.py:161} INFO - Started process (PID=236) to work on /home/airflow/.local/lib/python3.12/site-packages/airflow/example_dags/tutorial_dag.py
[2024-04-20T18:43:24.694+0000] {processor.py:830} INFO - Processing file /home/airflow/.local/lib/python3.12/site-packages/airflow/example_dags/tutorial_dag.py for tasks to queue
[2024-04-20T18:43:24.695+0000] {logging_mixin.py:188} INFO - [2024-04-20T18:43:24.695+0000] {dagbag.py:540} INFO - Filling up the DagBag from /home/airflow/.local/lib/python3.12/site-packages/airflow/example_dags/tutorial_dag.py
[2024-04-20T18:43:24.698+0000] {processor.py:840} INFO - DAG(s) 'tutorial_dag' retrieved from /home/airflow/.local/lib/python3.12/site-packages/airflow/example_dags/tutorial_dag.py
[2024-04-20T18:43:24.709+0000] {logging_mixin.py:188} INFO - [2024-04-20T18:43:24.709+0000] {dag.py:3096} INFO - Sync 1 DAGs
[2024-04-20T18:43:24.716+0000] {logging_mixin.py:188} INFO - [2024-04-20T18:43:24.716+0000] {dag.py:3954} INFO - Setting next_dagrun for tutorial_dag to None, run_after=None
[2024-04-20T18:43:24.725+0000] {processor.py:183} INFO - Processing /home/airflow/.local/lib/python3.12/site-packages/airflow/example_dags/tutorial_dag.py took 0.035 seconds
[2024-04-20T18:43:54.778+0000] {processor.py:161} INFO - Started process (PID=295) to work on /home/airflow/.local/lib/python3.12/site-packages/airflow/example_dags/tutorial_dag.py
[2024-04-20T18:43:54.778+0000] {processor.py:830} INFO - Processing file /home/airflow/.local/lib/python3.12/site-packages/airflow/example_dags/tutorial_dag.py for tasks to queue
[2024-04-20T18:43:54.779+0000] {logging_mixin.py:188} INFO - [2024-04-20T18:43:54.779+0000] {dagbag.py:540} INFO - Filling up the DagBag from /home/airflow/.local/lib/python3.12/site-packages/airflow/example_dags/tutorial_dag.py
[2024-04-20T18:43:54.782+0000] {processor.py:840} INFO - DAG(s) 'tutorial_dag' retrieved from /home/airflow/.local/lib/python3.12/site-packages/airflow/example_dags/tutorial_dag.py
[2024-04-20T18:43:54.794+0000] {logging_mixin.py:188} INFO - [2024-04-20T18:43:54.794+0000] {dag.py:3096} INFO - Sync 1 DAGs
[2024-04-20T18:43:54.801+0000] {logging_mixin.py:188} INFO - [2024-04-20T18:43:54.801+0000] {dag.py:3954} INFO - Setting next_dagrun for tutorial_dag to None, run_after=None
[2024-04-20T18:43:54.810+0000] {processor.py:183} INFO - Processing /home/airflow/.local/lib/python3.12/site-packages/airflow/example_dags/tutorial_dag.py took 0.035 seconds
[2024-04-20T18:44:25.719+0000] {processor.py:161} INFO - Started process (PID=354) to work on /home/airflow/.local/lib/python3.12/site-packages/airflow/example_dags/tutorial_dag.py
[2024-04-20T18:44:25.720+0000] {processor.py:830} INFO - Processing file /home/airflow/.local/lib/python3.12/site-packages/airflow/example_dags/tutorial_dag.py for tasks to queue
[2024-04-20T18:44:25.721+0000] {logging_mixin.py:188} INFO - [2024-04-20T18:44:25.720+0000] {dagbag.py:540} INFO - Filling up the DagBag from /home/airflow/.local/lib/python3.12/site-packages/airflow/example_dags/tutorial_dag.py
[2024-04-20T18:44:25.724+0000] {processor.py:840} INFO - DAG(s) 'tutorial_dag' retrieved from /home/airflow/.local/lib/python3.12/site-packages/airflow/example_dags/tutorial_dag.py
[2024-04-20T18:44:25.735+0000] {logging_mixin.py:188} INFO - [2024-04-20T18:44:25.735+0000] {dag.py:3096} INFO - Sync 1 DAGs
[2024-04-20T18:44:25.743+0000] {logging_mixin.py:188} INFO - [2024-04-20T18:44:25.743+0000] {dag.py:3954} INFO - Setting next_dagrun for tutorial_dag to None, run_after=None
[2024-04-20T18:44:25.751+0000] {processor.py:183} INFO - Processing /home/airflow/.local/lib/python3.12/site-packages/airflow/example_dags/tutorial_dag.py took 0.036 seconds
[2024-04-20T18:44:56.611+0000] {processor.py:161} INFO - Started process (PID=413) to work on /home/airflow/.local/lib/python3.12/site-packages/airflow/example_dags/tutorial_dag.py
[2024-04-20T18:44:56.612+0000] {processor.py:830} INFO - Processing file /home/airflow/.local/lib/python3.12/site-packages/airflow/example_dags/tutorial_dag.py for tasks to queue
[2024-04-20T18:44:56.613+0000] {logging_mixin.py:188} INFO - [2024-04-20T18:44:56.613+0000] {dagbag.py:540} INFO - Filling up the DagBag from /home/airflow/.local/lib/python3.12/site-packages/airflow/example_dags/tutorial_dag.py
[2024-04-20T18:44:56.616+0000] {processor.py:840} INFO - DAG(s) 'tutorial_dag' retrieved from /home/airflow/.local/lib/python3.12/site-packages/airflow/example_dags/tutorial_dag.py
[2024-04-20T18:44:56.628+0000] {logging_mixin.py:188} INFO - [2024-04-20T18:44:56.628+0000] {dag.py:3096} INFO - Sync 1 DAGs
[2024-04-20T18:44:56.635+0000] {logging_mixin.py:188} INFO - [2024-04-20T18:44:56.635+0000] {dag.py:3954} INFO - Setting next_dagrun for tutorial_dag to None, run_after=None
[2024-04-20T18:44:56.644+0000] {processor.py:183} INFO - Processing /home/airflow/.local/lib/python3.12/site-packages/airflow/example_dags/tutorial_dag.py took 0.036 seconds
[2024-04-20T18:45:27.506+0000] {processor.py:161} INFO - Started process (PID=472) to work on /home/airflow/.local/lib/python3.12/site-packages/airflow/example_dags/tutorial_dag.py
[2024-04-20T18:45:27.506+0000] {processor.py:830} INFO - Processing file /home/airflow/.local/lib/python3.12/site-packages/airflow/example_dags/tutorial_dag.py for tasks to queue
[2024-04-20T18:45:27.507+0000] {logging_mixin.py:188} INFO - [2024-04-20T18:45:27.507+0000] {dagbag.py:540} INFO - Filling up the DagBag from /home/airflow/.local/lib/python3.12/site-packages/airflow/example_dags/tutorial_dag.py
[2024-04-20T18:45:27.510+0000] {processor.py:840} INFO - DAG(s) 'tutorial_dag' retrieved from /home/airflow/.local/lib/python3.12/site-packages/airflow/example_dags/tutorial_dag.py
[2024-04-20T18:45:27.522+0000] {logging_mixin.py:188} INFO - [2024-04-20T18:45:27.522+0000] {dag.py:3096} INFO - Sync 1 DAGs
[2024-04-20T18:45:27.530+0000] {logging_mixin.py:188} INFO - [2024-04-20T18:45:27.530+0000] {dag.py:3954} INFO - Setting next_dagrun for tutorial_dag to None, run_after=None
[2024-04-20T18:45:27.539+0000] {processor.py:183} INFO - Processing /home/airflow/.local/lib/python3.12/site-packages/airflow/example_dags/tutorial_dag.py took 0.037 seconds
