[2024-04-20T18:41:53.261+0000] {processor.py:161} INFO - Started process (PID=79) to work on /home/airflow/.local/lib/python3.12/site-packages/airflow/example_dags/tutorial_taskflow_api.py
[2024-04-20T18:41:53.261+0000] {processor.py:830} INFO - Processing file /home/airflow/.local/lib/python3.12/site-packages/airflow/example_dags/tutorial_taskflow_api.py for tasks to queue
[2024-04-20T18:41:53.262+0000] {logging_mixin.py:188} INFO - [2024-04-20T18:41:53.262+0000] {dagbag.py:540} INFO - Filling up the DagBag from /home/airflow/.local/lib/python3.12/site-packages/airflow/example_dags/tutorial_taskflow_api.py
[2024-04-20T18:41:53.267+0000] {processor.py:840} INFO - DAG(s) 'tutorial_taskflow_api' retrieved from /home/airflow/.local/lib/python3.12/site-packages/airflow/example_dags/tutorial_taskflow_api.py
[2024-04-20T18:41:53.274+0000] {logging_mixin.py:188} INFO - [2024-04-20T18:41:53.274+0000] {dag.py:3096} INFO - Sync 1 DAGs
[2024-04-20T18:41:53.282+0000] {logging_mixin.py:188} INFO - [2024-04-20T18:41:53.282+0000] {dag.py:3954} INFO - Setting next_dagrun for tutorial_taskflow_api to None, run_after=None
[2024-04-20T18:41:53.291+0000] {processor.py:183} INFO - Processing /home/airflow/.local/lib/python3.12/site-packages/airflow/example_dags/tutorial_taskflow_api.py took 0.034 seconds
[2024-04-20T18:42:25.051+0000] {processor.py:161} INFO - Started process (PID=138) to work on /home/airflow/.local/lib/python3.12/site-packages/airflow/example_dags/tutorial_taskflow_api.py
[2024-04-20T18:42:25.052+0000] {processor.py:830} INFO - Processing file /home/airflow/.local/lib/python3.12/site-packages/airflow/example_dags/tutorial_taskflow_api.py for tasks to queue
[2024-04-20T18:42:25.053+0000] {logging_mixin.py:188} INFO - [2024-04-20T18:42:25.052+0000] {dagbag.py:540} INFO - Filling up the DagBag from /home/airflow/.local/lib/python3.12/site-packages/airflow/example_dags/tutorial_taskflow_api.py
[2024-04-20T18:42:25.056+0000] {processor.py:840} INFO - DAG(s) 'tutorial_taskflow_api' retrieved from /home/airflow/.local/lib/python3.12/site-packages/airflow/example_dags/tutorial_taskflow_api.py
[2024-04-20T18:42:25.118+0000] {logging_mixin.py:188} INFO - [2024-04-20T18:42:25.117+0000] {dag.py:3096} INFO - Sync 1 DAGs
[2024-04-20T18:42:25.123+0000] {logging_mixin.py:188} INFO - [2024-04-20T18:42:25.123+0000] {dag.py:3954} INFO - Setting next_dagrun for tutorial_taskflow_api to None, run_after=None
[2024-04-20T18:42:25.132+0000] {processor.py:183} INFO - Processing /home/airflow/.local/lib/python3.12/site-packages/airflow/example_dags/tutorial_taskflow_api.py took 0.084 seconds
[2024-04-20T18:42:55.425+0000] {processor.py:161} INFO - Started process (PID=197) to work on /home/airflow/.local/lib/python3.12/site-packages/airflow/example_dags/tutorial_taskflow_api.py
[2024-04-20T18:42:55.425+0000] {processor.py:830} INFO - Processing file /home/airflow/.local/lib/python3.12/site-packages/airflow/example_dags/tutorial_taskflow_api.py for tasks to queue
[2024-04-20T18:42:55.426+0000] {logging_mixin.py:188} INFO - [2024-04-20T18:42:55.426+0000] {dagbag.py:540} INFO - Filling up the DagBag from /home/airflow/.local/lib/python3.12/site-packages/airflow/example_dags/tutorial_taskflow_api.py
[2024-04-20T18:42:55.430+0000] {processor.py:840} INFO - DAG(s) 'tutorial_taskflow_api' retrieved from /home/airflow/.local/lib/python3.12/site-packages/airflow/example_dags/tutorial_taskflow_api.py
[2024-04-20T18:42:55.442+0000] {logging_mixin.py:188} INFO - [2024-04-20T18:42:55.442+0000] {dag.py:3096} INFO - Sync 1 DAGs
[2024-04-20T18:42:55.449+0000] {logging_mixin.py:188} INFO - [2024-04-20T18:42:55.449+0000] {dag.py:3954} INFO - Setting next_dagrun for tutorial_taskflow_api to None, run_after=None
[2024-04-20T18:42:55.458+0000] {processor.py:183} INFO - Processing /home/airflow/.local/lib/python3.12/site-packages/airflow/example_dags/tutorial_taskflow_api.py took 0.037 seconds
[2024-04-20T18:43:25.596+0000] {processor.py:161} INFO - Started process (PID=256) to work on /home/airflow/.local/lib/python3.12/site-packages/airflow/example_dags/tutorial_taskflow_api.py
[2024-04-20T18:43:25.597+0000] {processor.py:830} INFO - Processing file /home/airflow/.local/lib/python3.12/site-packages/airflow/example_dags/tutorial_taskflow_api.py for tasks to queue
[2024-04-20T18:43:25.598+0000] {logging_mixin.py:188} INFO - [2024-04-20T18:43:25.597+0000] {dagbag.py:540} INFO - Filling up the DagBag from /home/airflow/.local/lib/python3.12/site-packages/airflow/example_dags/tutorial_taskflow_api.py
[2024-04-20T18:43:25.601+0000] {processor.py:840} INFO - DAG(s) 'tutorial_taskflow_api' retrieved from /home/airflow/.local/lib/python3.12/site-packages/airflow/example_dags/tutorial_taskflow_api.py
[2024-04-20T18:43:25.612+0000] {logging_mixin.py:188} INFO - [2024-04-20T18:43:25.612+0000] {dag.py:3096} INFO - Sync 1 DAGs
[2024-04-20T18:43:25.619+0000] {logging_mixin.py:188} INFO - [2024-04-20T18:43:25.619+0000] {dag.py:3954} INFO - Setting next_dagrun for tutorial_taskflow_api to None, run_after=None
[2024-04-20T18:43:25.628+0000] {processor.py:183} INFO - Processing /home/airflow/.local/lib/python3.12/site-packages/airflow/example_dags/tutorial_taskflow_api.py took 0.036 seconds
[2024-04-20T18:43:56.574+0000] {processor.py:161} INFO - Started process (PID=315) to work on /home/airflow/.local/lib/python3.12/site-packages/airflow/example_dags/tutorial_taskflow_api.py
[2024-04-20T18:43:56.575+0000] {processor.py:830} INFO - Processing file /home/airflow/.local/lib/python3.12/site-packages/airflow/example_dags/tutorial_taskflow_api.py for tasks to queue
[2024-04-20T18:43:56.576+0000] {logging_mixin.py:188} INFO - [2024-04-20T18:43:56.576+0000] {dagbag.py:540} INFO - Filling up the DagBag from /home/airflow/.local/lib/python3.12/site-packages/airflow/example_dags/tutorial_taskflow_api.py
[2024-04-20T18:43:56.580+0000] {processor.py:840} INFO - DAG(s) 'tutorial_taskflow_api' retrieved from /home/airflow/.local/lib/python3.12/site-packages/airflow/example_dags/tutorial_taskflow_api.py
[2024-04-20T18:43:56.592+0000] {logging_mixin.py:188} INFO - [2024-04-20T18:43:56.592+0000] {dag.py:3096} INFO - Sync 1 DAGs
[2024-04-20T18:43:56.600+0000] {logging_mixin.py:188} INFO - [2024-04-20T18:43:56.600+0000] {dag.py:3954} INFO - Setting next_dagrun for tutorial_taskflow_api to None, run_after=None
[2024-04-20T18:43:56.609+0000] {processor.py:183} INFO - Processing /home/airflow/.local/lib/python3.12/site-packages/airflow/example_dags/tutorial_taskflow_api.py took 0.038 seconds
[2024-04-20T18:44:27.422+0000] {processor.py:161} INFO - Started process (PID=374) to work on /home/airflow/.local/lib/python3.12/site-packages/airflow/example_dags/tutorial_taskflow_api.py
[2024-04-20T18:44:27.422+0000] {processor.py:830} INFO - Processing file /home/airflow/.local/lib/python3.12/site-packages/airflow/example_dags/tutorial_taskflow_api.py for tasks to queue
[2024-04-20T18:44:27.423+0000] {logging_mixin.py:188} INFO - [2024-04-20T18:44:27.423+0000] {dagbag.py:540} INFO - Filling up the DagBag from /home/airflow/.local/lib/python3.12/site-packages/airflow/example_dags/tutorial_taskflow_api.py
[2024-04-20T18:44:27.427+0000] {processor.py:840} INFO - DAG(s) 'tutorial_taskflow_api' retrieved from /home/airflow/.local/lib/python3.12/site-packages/airflow/example_dags/tutorial_taskflow_api.py
[2024-04-20T18:44:27.439+0000] {logging_mixin.py:188} INFO - [2024-04-20T18:44:27.438+0000] {dag.py:3096} INFO - Sync 1 DAGs
[2024-04-20T18:44:27.446+0000] {logging_mixin.py:188} INFO - [2024-04-20T18:44:27.446+0000] {dag.py:3954} INFO - Setting next_dagrun for tutorial_taskflow_api to None, run_after=None
[2024-04-20T18:44:27.455+0000] {processor.py:183} INFO - Processing /home/airflow/.local/lib/python3.12/site-packages/airflow/example_dags/tutorial_taskflow_api.py took 0.036 seconds
[2024-04-20T18:44:58.300+0000] {processor.py:161} INFO - Started process (PID=433) to work on /home/airflow/.local/lib/python3.12/site-packages/airflow/example_dags/tutorial_taskflow_api.py
[2024-04-20T18:44:58.301+0000] {processor.py:830} INFO - Processing file /home/airflow/.local/lib/python3.12/site-packages/airflow/example_dags/tutorial_taskflow_api.py for tasks to queue
[2024-04-20T18:44:58.302+0000] {logging_mixin.py:188} INFO - [2024-04-20T18:44:58.302+0000] {dagbag.py:540} INFO - Filling up the DagBag from /home/airflow/.local/lib/python3.12/site-packages/airflow/example_dags/tutorial_taskflow_api.py
[2024-04-20T18:44:58.306+0000] {processor.py:840} INFO - DAG(s) 'tutorial_taskflow_api' retrieved from /home/airflow/.local/lib/python3.12/site-packages/airflow/example_dags/tutorial_taskflow_api.py
[2024-04-20T18:44:58.317+0000] {logging_mixin.py:188} INFO - [2024-04-20T18:44:58.317+0000] {dag.py:3096} INFO - Sync 1 DAGs
[2024-04-20T18:44:58.324+0000] {logging_mixin.py:188} INFO - [2024-04-20T18:44:58.324+0000] {dag.py:3954} INFO - Setting next_dagrun for tutorial_taskflow_api to None, run_after=None
[2024-04-20T18:44:58.333+0000] {processor.py:183} INFO - Processing /home/airflow/.local/lib/python3.12/site-packages/airflow/example_dags/tutorial_taskflow_api.py took 0.036 seconds
[2024-04-20T18:45:29.101+0000] {processor.py:161} INFO - Started process (PID=492) to work on /home/airflow/.local/lib/python3.12/site-packages/airflow/example_dags/tutorial_taskflow_api.py
[2024-04-20T18:45:29.102+0000] {processor.py:830} INFO - Processing file /home/airflow/.local/lib/python3.12/site-packages/airflow/example_dags/tutorial_taskflow_api.py for tasks to queue
[2024-04-20T18:45:29.103+0000] {logging_mixin.py:188} INFO - [2024-04-20T18:45:29.102+0000] {dagbag.py:540} INFO - Filling up the DagBag from /home/airflow/.local/lib/python3.12/site-packages/airflow/example_dags/tutorial_taskflow_api.py
[2024-04-20T18:45:29.106+0000] {processor.py:840} INFO - DAG(s) 'tutorial_taskflow_api' retrieved from /home/airflow/.local/lib/python3.12/site-packages/airflow/example_dags/tutorial_taskflow_api.py
[2024-04-20T18:45:29.118+0000] {logging_mixin.py:188} INFO - [2024-04-20T18:45:29.117+0000] {dag.py:3096} INFO - Sync 1 DAGs
[2024-04-20T18:45:29.125+0000] {logging_mixin.py:188} INFO - [2024-04-20T18:45:29.125+0000] {dag.py:3954} INFO - Setting next_dagrun for tutorial_taskflow_api to None, run_after=None
[2024-04-20T18:45:29.134+0000] {processor.py:183} INFO - Processing /home/airflow/.local/lib/python3.12/site-packages/airflow/example_dags/tutorial_taskflow_api.py took 0.036 seconds
